
===========================================================================
report_checks -unconstrained
===========================================================================
======================= nom_ss_100C_1v60 Corner ===================================

Startpoint: input_data[64] (input port clocked by clk)
Endpoint: _22395_ (rising edge-triggered flip-flop clocked by clk)
Path Group: clk
Path Type: max

Fanout         Cap        Slew       Delay        Time   Description
---------------------------------------------------------------------------------------------
                                  0.000000    0.000000   clock clk (rise edge)
                                  0.000000    0.000000   clock network delay (propagated)
                                  5.000000    5.000000 ^ input external delay
     2    0.004102    0.041029    0.022660    5.022660 ^ input_data[64] (in)
                                                         input_data[64] (net)
                      0.041029    0.000000    5.022660 ^ input179/A (sky130_fd_sc_hd__buf_1)
     1    0.008155    0.167705    0.207332    5.229992 ^ input179/X (sky130_fd_sc_hd__buf_1)
                                                         net179 (net)
                      0.167706    0.000340    5.230332 ^ fanout476/A (sky130_fd_sc_hd__buf_6)
    20    0.164453    0.513559    0.510258    5.740591 ^ fanout476/X (sky130_fd_sc_hd__buf_6)
                                                         net476 (net)
                      0.513579    0.002852    5.743443 ^ fanout475/A (sky130_fd_sc_hd__buf_4)
    18    0.080219    0.355904    0.602555    6.345998 ^ fanout475/X (sky130_fd_sc_hd__buf_4)
                                                         net475 (net)
                      0.355906    0.000776    6.346774 ^ fanout474/A (sky130_fd_sc_hd__clkbuf_4)
    12    0.061111    0.297029    0.541058    6.887832 ^ fanout474/X (sky130_fd_sc_hd__clkbuf_4)
                                                         net474 (net)
                      0.297035    0.001120    6.888951 ^ fanout473/A (sky130_fd_sc_hd__clkbuf_4)
    12    0.068276    0.328002    0.538363    7.427315 ^ fanout473/X (sky130_fd_sc_hd__clkbuf_4)
                                                         net473 (net)
                      0.328004    0.000767    7.428082 ^ fanout472/A (sky130_fd_sc_hd__clkbuf_8)
    20    0.093979    0.262587    0.488679    7.916761 ^ fanout472/X (sky130_fd_sc_hd__clkbuf_8)
                                                         net472 (net)
                      0.263021    0.008760    7.925521 ^ _11710_/A (sky130_fd_sc_hd__nand2_2)
     5    0.027188    0.245826    0.302265    8.227786 v _11710_/Y (sky130_fd_sc_hd__nand2_2)
                                                         _08480_ (net)
                      0.245827    0.000457    8.228242 v fanout292/A (sky130_fd_sc_hd__clkbuf_8)
    20    0.110151    0.213814    0.464863    8.693105 v fanout292/X (sky130_fd_sc_hd__clkbuf_8)
                                                         net292 (net)
                      0.214321    0.008618    8.701723 v _11712_/A (sky130_fd_sc_hd__and2_2)
     6    0.044842    0.234187    0.593388    9.295112 v _11712_/X (sky130_fd_sc_hd__and2_2)
                                                         _08502_ (net)
                      0.234190    0.000689    9.295801 v fanout274/A (sky130_fd_sc_hd__buf_8)
    20    0.145929    0.189501    0.400005    9.695807 v fanout274/X (sky130_fd_sc_hd__buf_8)
                                                         net274 (net)
                      0.191621    0.016432    9.712238 v _14680_/A1 (sky130_fd_sc_hd__a21oi_4)
     8    0.057249    0.654327    0.645308   10.357546 ^ _14680_/Y (sky130_fd_sc_hd__a21oi_4)
                                                         _04295_ (net)
                      0.654353    0.003428   10.360974 ^ _14687_/A (sky130_fd_sc_hd__xor2_4)
     2    0.019679    0.180671    0.364683   10.725658 v _14687_/X (sky130_fd_sc_hd__xor2_4)
                                                         _04303_ (net)
                      0.180671    0.000377   10.726034 v _14764_/A2 (sky130_fd_sc_hd__o21a_2)
     2    0.022508    0.142570    0.502271   11.228306 v _14764_/X (sky130_fd_sc_hd__o21a_2)
                                                         _04387_ (net)
                      0.142576    0.000766   11.229072 v _14765_/B (sky130_fd_sc_hd__nor2_1)
     2    0.017017    0.520436    0.463724   11.692796 ^ _14765_/Y (sky130_fd_sc_hd__nor2_1)
                                                         _04388_ (net)
                      0.520437    0.000657   11.693453 ^ _14852_/A (sky130_fd_sc_hd__xnor2_2)
     4    0.018622    0.229260    0.387401   12.080854 v _14852_/Y (sky130_fd_sc_hd__xnor2_2)
                                                         _04484_ (net)
                      0.229262    0.000588   12.081442 v _14922_/B (sky130_fd_sc_hd__and3_1)
     2    0.006041    0.097232    0.440497   12.521939 v _14922_/X (sky130_fd_sc_hd__and3_1)
                                                         _04561_ (net)
                      0.097233    0.000159   12.522099 v _14925_/A_N (sky130_fd_sc_hd__nand3b_2)
     1    0.016150    0.264065    0.561188   13.083287 v _14925_/Y (sky130_fd_sc_hd__nand3b_2)
                                                         _04564_ (net)
                      0.264067    0.000578   13.083865 v _14926_/B (sky130_fd_sc_hd__xor2_4)
     4    0.046134    0.547277    0.587866   13.671731 ^ _14926_/X (sky130_fd_sc_hd__xor2_4)
                                                         _04565_ (net)
                      0.547416    0.007064   13.678795 ^ _14965_/A (sky130_fd_sc_hd__xor2_1)
     2    0.011799    0.240842    0.399431   14.078225 v _14965_/X (sky130_fd_sc_hd__xor2_1)
                                                         _04608_ (net)
                      0.240845    0.000662   14.078887 v _14966_/B (sky130_fd_sc_hd__and2_1)
     4    0.015236    0.165590    0.497346   14.576233 v _14966_/X (sky130_fd_sc_hd__and2_1)
                                                         _04609_ (net)
                      0.165592    0.000474   14.576708 v _15103_/A (sky130_fd_sc_hd__or3_4)
     3    0.013882    0.144403    0.835514   15.412221 v _15103_/X (sky130_fd_sc_hd__or3_4)
                                                         _04760_ (net)
                      0.144406    0.000524   15.412745 v _15124_/A1 (sky130_fd_sc_hd__a21o_1)
     2    0.009430    0.111959    0.370290   15.783036 v _15124_/X (sky130_fd_sc_hd__a21o_1)
                                                         _04783_ (net)
                      0.111961    0.000336   15.783372 v _15125_/C (sky130_fd_sc_hd__and3_2)
     3    0.019884    0.143839    0.549813   16.333183 v _15125_/X (sky130_fd_sc_hd__and3_2)
                                                         _04784_ (net)
                      0.143848    0.000874   16.334059 v _15148_/B1 (sky130_fd_sc_hd__a211oi_4)
     4    0.029898    0.625652    0.666088   17.000145 ^ _15148_/Y (sky130_fd_sc_hd__a211oi_4)
                                                         _04810_ (net)
                      0.625663    0.002050   17.002195 ^ _15152_/A (sky130_fd_sc_hd__nor3b_4)
     4    0.015112    0.151277    0.277735   17.279930 v _15152_/Y (sky130_fd_sc_hd__nor3b_4)
                                                         _04814_ (net)
                      0.151278    0.000352   17.280283 v _15179_/A (sky130_fd_sc_hd__or3_2)
     4    0.018883    0.257343    1.295128   18.575411 v _15179_/X (sky130_fd_sc_hd__or3_2)
                                                         _04844_ (net)
                      0.257344    0.000759   18.576168 v _15183_/A (sky130_fd_sc_hd__and3_1)
     4    0.015805    0.173387    0.486516   19.062685 v _15183_/X (sky130_fd_sc_hd__and3_1)
                                                         _04848_ (net)
                      0.173389    0.000485   19.063169 v _15255_/A (sky130_fd_sc_hd__or3_1)
     2    0.006286    0.171896    0.934845   19.998014 v _15255_/X (sky130_fd_sc_hd__or3_1)
                                                         _04927_ (net)
                      0.171896    0.000158   19.998173 v _15258_/A (sky130_fd_sc_hd__and3_1)
     3    0.009137    0.122441    0.395010   20.393183 v _15258_/X (sky130_fd_sc_hd__and3_1)
                                                         _04931_ (net)
                      0.122441    0.000224   20.393406 v _15331_/A (sky130_fd_sc_hd__or3_2)
     4    0.017273    0.251631    1.271127   21.664534 v _15331_/X (sky130_fd_sc_hd__or3_2)
                                                         _05011_ (net)
                      0.251632    0.000446   21.664980 v _15406_/A1 (sky130_fd_sc_hd__a211o_1)
     2    0.005621    0.111216    0.589814   22.254795 v _15406_/X (sky130_fd_sc_hd__a211o_1)
                                                         _05093_ (net)
                      0.111216    0.000140   22.254934 v _15408_/A2 (sky130_fd_sc_hd__a211o_1)
     2    0.007586    0.127499    0.605285   22.860220 v _15408_/X (sky130_fd_sc_hd__a211o_1)
                                                         _05096_ (net)
                      0.127499    0.000234   22.860455 v _15564_/A1 (sky130_fd_sc_hd__a21o_1)
     3    0.011205    0.126574    0.376353   23.236807 v _15564_/X (sky130_fd_sc_hd__a21o_1)
                                                         _05267_ (net)
                      0.126576    0.000407   23.237213 v _17294_/A2 (sky130_fd_sc_hd__a21o_1)
     2    0.011085    0.125391    0.405677   23.642891 v _17294_/X (sky130_fd_sc_hd__a21o_1)
                                                         _07169_ (net)
                      0.125393    0.000471   23.643362 v _18463_/A2 (sky130_fd_sc_hd__a21bo_1)
     3    0.009686    0.116732    0.417602   24.060965 v _18463_/X (sky130_fd_sc_hd__a21bo_1)
                                                         _08454_ (net)
                      0.116733    0.000295   24.061258 v _19719_/A2 (sky130_fd_sc_hd__a21o_1)
     3    0.008810    0.107023    0.384169   24.445427 v _19719_/X (sky130_fd_sc_hd__a21o_1)
                                                         _09835_ (net)
                      0.107024    0.000261   24.445688 v _20203_/A2 (sky130_fd_sc_hd__a21o_1)
     3    0.011901    0.132287    0.403828   24.849518 v _20203_/X (sky130_fd_sc_hd__a21o_1)
                                                         _10366_ (net)
                      0.132289    0.000384   24.849901 v _21561_/A1 (sky130_fd_sc_hd__a221o_1)
     1    0.002685    0.090549    0.596195   25.446096 v _21561_/X (sky130_fd_sc_hd__a221o_1)
                                                         _00680_ (net)
                      0.090549    0.000055   25.446152 v _21562_/B1 (sky130_fd_sc_hd__o311a_1)
     1    0.009673    0.154811    0.288372   25.734522 v _21562_/X (sky130_fd_sc_hd__o311a_1)
                                                         _00681_ (net)
                      0.154813    0.000501   25.735023 v _22033_/A1 (sky130_fd_sc_hd__o21a_1)
     2    0.032853    0.326716    0.596287   26.331310 v _22033_/X (sky130_fd_sc_hd__o21a_1)
                                                         _01199_ (net)
                      0.326774    0.003679   26.334990 v _22196_/A1 (sky130_fd_sc_hd__o22a_1)
     1    0.004829    0.106002    0.505862   26.840853 v _22196_/X (sky130_fd_sc_hd__o22a_1)
                                                         _01378_ (net)
                      0.106002    0.000172   26.841024 v _22243_/A2 (sky130_fd_sc_hd__o21ba_1)
     1    0.002748    0.063395    0.319874   27.160898 v _22243_/X (sky130_fd_sc_hd__o21ba_1)
                                                         _01430_ (net)
                      0.063395    0.000080   27.160978 v _22245_/B1 (sky130_fd_sc_hd__o32a_1)
     1    0.002222    0.103424    0.313277   27.474255 v _22245_/X (sky130_fd_sc_hd__o32a_1)
                                                         _00005_ (net)
                      0.103424    0.000068   27.474321 v _22395_/D (sky130_fd_sc_hd__dfxtp_4)
                                             27.474321   data arrival time

                                 25.000000   25.000000   clock clk (rise edge)
                                  0.000000   25.000000   clock source latency
     2    0.097743    0.704379    0.503500   25.503498 ^ clk (in)
                                                         clk (net)
                      0.706334    0.000000   25.503498 ^ clkbuf_0_clk/A (sky130_fd_sc_hd__clkbuf_16)
     2    0.029142    0.088545    0.490658   25.994158 ^ clkbuf_0_clk/X (sky130_fd_sc_hd__clkbuf_16)
                                                         clknet_0_clk (net)
                      0.088574    0.001195   25.995352 ^ clkbuf_1_1__f_clk/A (sky130_fd_sc_hd__clkbuf_16)
    18    0.049957    0.107214    0.268843   26.264194 ^ clkbuf_1_1__f_clk/X (sky130_fd_sc_hd__clkbuf_16)
                                                         clknet_1_1__leaf_clk (net)
                      0.107287    0.002103   26.266298 ^ _22395_/CLK (sky130_fd_sc_hd__dfxtp_4)
                                 -0.250000   26.016298   clock uncertainty
                                  0.000000   26.016298   clock reconvergence pessimism
                                 -0.276643   25.739656   library setup time
                                             25.739656   data required time
---------------------------------------------------------------------------------------------
                                             25.739656   data required time
                                            -27.474321   data arrival time
---------------------------------------------------------------------------------------------
                                             -1.734666   slack (VIOLATED)




===========================================================================
report_checks --slack_max -0.01
============================================================================
======================= nom_ss_100C_1v60 Corner ===================================

Startpoint: input_data[64] (input port clocked by clk)
Endpoint: _22395_ (rising edge-triggered flip-flop clocked by clk)
Path Group: clk
Path Type: max

Fanout         Cap        Slew       Delay        Time   Description
---------------------------------------------------------------------------------------------
                                  0.000000    0.000000   clock clk (rise edge)
                                  0.000000    0.000000   clock network delay (propagated)
                                  5.000000    5.000000 ^ input external delay
     2    0.004102    0.041029    0.022660    5.022660 ^ input_data[64] (in)
                                                         input_data[64] (net)
                      0.041029    0.000000    5.022660 ^ input179/A (sky130_fd_sc_hd__buf_1)
     1    0.008155    0.167705    0.207332    5.229992 ^ input179/X (sky130_fd_sc_hd__buf_1)
                                                         net179 (net)
                      0.167706    0.000340    5.230332 ^ fanout476/A (sky130_fd_sc_hd__buf_6)
    20    0.164453    0.513559    0.510258    5.740591 ^ fanout476/X (sky130_fd_sc_hd__buf_6)
                                                         net476 (net)
                      0.513579    0.002852    5.743443 ^ fanout475/A (sky130_fd_sc_hd__buf_4)
    18    0.080219    0.355904    0.602555    6.345998 ^ fanout475/X (sky130_fd_sc_hd__buf_4)
                                                         net475 (net)
                      0.355906    0.000776    6.346774 ^ fanout474/A (sky130_fd_sc_hd__clkbuf_4)
    12    0.061111    0.297029    0.541058    6.887832 ^ fanout474/X (sky130_fd_sc_hd__clkbuf_4)
                                                         net474 (net)
                      0.297035    0.001120    6.888951 ^ fanout473/A (sky130_fd_sc_hd__clkbuf_4)
    12    0.068276    0.328002    0.538363    7.427315 ^ fanout473/X (sky130_fd_sc_hd__clkbuf_4)
                                                         net473 (net)
                      0.328004    0.000767    7.428082 ^ fanout472/A (sky130_fd_sc_hd__clkbuf_8)
    20    0.093979    0.262587    0.488679    7.916761 ^ fanout472/X (sky130_fd_sc_hd__clkbuf_8)
                                                         net472 (net)
                      0.263021    0.008760    7.925521 ^ _11710_/A (sky130_fd_sc_hd__nand2_2)
     5    0.027188    0.245826    0.302265    8.227786 v _11710_/Y (sky130_fd_sc_hd__nand2_2)
                                                         _08480_ (net)
                      0.245827    0.000457    8.228242 v fanout292/A (sky130_fd_sc_hd__clkbuf_8)
    20    0.110151    0.213814    0.464863    8.693105 v fanout292/X (sky130_fd_sc_hd__clkbuf_8)
                                                         net292 (net)
                      0.214321    0.008618    8.701723 v _11712_/A (sky130_fd_sc_hd__and2_2)
     6    0.044842    0.234187    0.593388    9.295112 v _11712_/X (sky130_fd_sc_hd__and2_2)
                                                         _08502_ (net)
                      0.234190    0.000689    9.295801 v fanout274/A (sky130_fd_sc_hd__buf_8)
    20    0.145929    0.189501    0.400005    9.695807 v fanout274/X (sky130_fd_sc_hd__buf_8)
                                                         net274 (net)
                      0.191621    0.016432    9.712238 v _14680_/A1 (sky130_fd_sc_hd__a21oi_4)
     8    0.057249    0.654327    0.645308   10.357546 ^ _14680_/Y (sky130_fd_sc_hd__a21oi_4)
                                                         _04295_ (net)
                      0.654353    0.003428   10.360974 ^ _14687_/A (sky130_fd_sc_hd__xor2_4)
     2    0.019679    0.180671    0.364683   10.725658 v _14687_/X (sky130_fd_sc_hd__xor2_4)
                                                         _04303_ (net)
                      0.180671    0.000377   10.726034 v _14764_/A2 (sky130_fd_sc_hd__o21a_2)
     2    0.022508    0.142570    0.502271   11.228306 v _14764_/X (sky130_fd_sc_hd__o21a_2)
                                                         _04387_ (net)
                      0.142576    0.000766   11.229072 v _14765_/B (sky130_fd_sc_hd__nor2_1)
     2    0.017017    0.520436    0.463724   11.692796 ^ _14765_/Y (sky130_fd_sc_hd__nor2_1)
                                                         _04388_ (net)
                      0.520437    0.000657   11.693453 ^ _14852_/A (sky130_fd_sc_hd__xnor2_2)
     4    0.018622    0.229260    0.387401   12.080854 v _14852_/Y (sky130_fd_sc_hd__xnor2_2)
                                                         _04484_ (net)
                      0.229262    0.000588   12.081442 v _14922_/B (sky130_fd_sc_hd__and3_1)
     2    0.006041    0.097232    0.440497   12.521939 v _14922_/X (sky130_fd_sc_hd__and3_1)
                                                         _04561_ (net)
                      0.097233    0.000159   12.522099 v _14925_/A_N (sky130_fd_sc_hd__nand3b_2)
     1    0.016150    0.264065    0.561188   13.083287 v _14925_/Y (sky130_fd_sc_hd__nand3b_2)
                                                         _04564_ (net)
                      0.264067    0.000578   13.083865 v _14926_/B (sky130_fd_sc_hd__xor2_4)
     4    0.046134    0.547277    0.587866   13.671731 ^ _14926_/X (sky130_fd_sc_hd__xor2_4)
                                                         _04565_ (net)
                      0.547416    0.007064   13.678795 ^ _14965_/A (sky130_fd_sc_hd__xor2_1)
     2    0.011799    0.240842    0.399431   14.078225 v _14965_/X (sky130_fd_sc_hd__xor2_1)
                                                         _04608_ (net)
                      0.240845    0.000662   14.078887 v _14966_/B (sky130_fd_sc_hd__and2_1)
     4    0.015236    0.165590    0.497346   14.576233 v _14966_/X (sky130_fd_sc_hd__and2_1)
                                                         _04609_ (net)
                      0.165592    0.000474   14.576708 v _15103_/A (sky130_fd_sc_hd__or3_4)
     3    0.013882    0.144403    0.835514   15.412221 v _15103_/X (sky130_fd_sc_hd__or3_4)
                                                         _04760_ (net)
                      0.144406    0.000524   15.412745 v _15124_/A1 (sky130_fd_sc_hd__a21o_1)
     2    0.009430    0.111959    0.370290   15.783036 v _15124_/X (sky130_fd_sc_hd__a21o_1)
                                                         _04783_ (net)
                      0.111961    0.000336   15.783372 v _15125_/C (sky130_fd_sc_hd__and3_2)
     3    0.019884    0.143839    0.549813   16.333183 v _15125_/X (sky130_fd_sc_hd__and3_2)
                                                         _04784_ (net)
                      0.143848    0.000874   16.334059 v _15148_/B1 (sky130_fd_sc_hd__a211oi_4)
     4    0.029898    0.625652    0.666088   17.000145 ^ _15148_/Y (sky130_fd_sc_hd__a211oi_4)
                                                         _04810_ (net)
                      0.625663    0.002050   17.002195 ^ _15152_/A (sky130_fd_sc_hd__nor3b_4)
     4    0.015112    0.151277    0.277735   17.279930 v _15152_/Y (sky130_fd_sc_hd__nor3b_4)
                                                         _04814_ (net)
                      0.151278    0.000352   17.280283 v _15179_/A (sky130_fd_sc_hd__or3_2)
     4    0.018883    0.257343    1.295128   18.575411 v _15179_/X (sky130_fd_sc_hd__or3_2)
                                                         _04844_ (net)
                      0.257344    0.000759   18.576168 v _15183_/A (sky130_fd_sc_hd__and3_1)
     4    0.015805    0.173387    0.486516   19.062685 v _15183_/X (sky130_fd_sc_hd__and3_1)
                                                         _04848_ (net)
                      0.173389    0.000485   19.063169 v _15255_/A (sky130_fd_sc_hd__or3_1)
     2    0.006286    0.171896    0.934845   19.998014 v _15255_/X (sky130_fd_sc_hd__or3_1)
                                                         _04927_ (net)
                      0.171896    0.000158   19.998173 v _15258_/A (sky130_fd_sc_hd__and3_1)
     3    0.009137    0.122441    0.395010   20.393183 v _15258_/X (sky130_fd_sc_hd__and3_1)
                                                         _04931_ (net)
                      0.122441    0.000224   20.393406 v _15331_/A (sky130_fd_sc_hd__or3_2)
     4    0.017273    0.251631    1.271127   21.664534 v _15331_/X (sky130_fd_sc_hd__or3_2)
                                                         _05011_ (net)
                      0.251632    0.000446   21.664980 v _15406_/A1 (sky130_fd_sc_hd__a211o_1)
     2    0.005621    0.111216    0.589814   22.254795 v _15406_/X (sky130_fd_sc_hd__a211o_1)
                                                         _05093_ (net)
                      0.111216    0.000140   22.254934 v _15408_/A2 (sky130_fd_sc_hd__a211o_1)
     2    0.007586    0.127499    0.605285   22.860220 v _15408_/X (sky130_fd_sc_hd__a211o_1)
                                                         _05096_ (net)
                      0.127499    0.000234   22.860455 v _15564_/A1 (sky130_fd_sc_hd__a21o_1)
     3    0.011205    0.126574    0.376353   23.236807 v _15564_/X (sky130_fd_sc_hd__a21o_1)
                                                         _05267_ (net)
                      0.126576    0.000407   23.237213 v _17294_/A2 (sky130_fd_sc_hd__a21o_1)
     2    0.011085    0.125391    0.405677   23.642891 v _17294_/X (sky130_fd_sc_hd__a21o_1)
                                                         _07169_ (net)
                      0.125393    0.000471   23.643362 v _18463_/A2 (sky130_fd_sc_hd__a21bo_1)
     3    0.009686    0.116732    0.417602   24.060965 v _18463_/X (sky130_fd_sc_hd__a21bo_1)
                                                         _08454_ (net)
                      0.116733    0.000295   24.061258 v _19719_/A2 (sky130_fd_sc_hd__a21o_1)
     3    0.008810    0.107023    0.384169   24.445427 v _19719_/X (sky130_fd_sc_hd__a21o_1)
                                                         _09835_ (net)
                      0.107024    0.000261   24.445688 v _20203_/A2 (sky130_fd_sc_hd__a21o_1)
     3    0.011901    0.132287    0.403828   24.849518 v _20203_/X (sky130_fd_sc_hd__a21o_1)
                                                         _10366_ (net)
                      0.132289    0.000384   24.849901 v _21561_/A1 (sky130_fd_sc_hd__a221o_1)
     1    0.002685    0.090549    0.596195   25.446096 v _21561_/X (sky130_fd_sc_hd__a221o_1)
                                                         _00680_ (net)
                      0.090549    0.000055   25.446152 v _21562_/B1 (sky130_fd_sc_hd__o311a_1)
     1    0.009673    0.154811    0.288372   25.734522 v _21562_/X (sky130_fd_sc_hd__o311a_1)
                                                         _00681_ (net)
                      0.154813    0.000501   25.735023 v _22033_/A1 (sky130_fd_sc_hd__o21a_1)
     2    0.032853    0.326716    0.596287   26.331310 v _22033_/X (sky130_fd_sc_hd__o21a_1)
                                                         _01199_ (net)
                      0.326774    0.003679   26.334990 v _22196_/A1 (sky130_fd_sc_hd__o22a_1)
     1    0.004829    0.106002    0.505862   26.840853 v _22196_/X (sky130_fd_sc_hd__o22a_1)
                                                         _01378_ (net)
                      0.106002    0.000172   26.841024 v _22243_/A2 (sky130_fd_sc_hd__o21ba_1)
     1    0.002748    0.063395    0.319874   27.160898 v _22243_/X (sky130_fd_sc_hd__o21ba_1)
                                                         _01430_ (net)
                      0.063395    0.000080   27.160978 v _22245_/B1 (sky130_fd_sc_hd__o32a_1)
     1    0.002222    0.103424    0.313277   27.474255 v _22245_/X (sky130_fd_sc_hd__o32a_1)
                                                         _00005_ (net)
                      0.103424    0.000068   27.474321 v _22395_/D (sky130_fd_sc_hd__dfxtp_4)
                                             27.474321   data arrival time

                                 25.000000   25.000000   clock clk (rise edge)
                                  0.000000   25.000000   clock source latency
     2    0.097743    0.704379    0.503500   25.503498 ^ clk (in)
                                                         clk (net)
                      0.706334    0.000000   25.503498 ^ clkbuf_0_clk/A (sky130_fd_sc_hd__clkbuf_16)
     2    0.029142    0.088545    0.490658   25.994158 ^ clkbuf_0_clk/X (sky130_fd_sc_hd__clkbuf_16)
                                                         clknet_0_clk (net)
                      0.088574    0.001195   25.995352 ^ clkbuf_1_1__f_clk/A (sky130_fd_sc_hd__clkbuf_16)
    18    0.049957    0.107214    0.268843   26.264194 ^ clkbuf_1_1__f_clk/X (sky130_fd_sc_hd__clkbuf_16)
                                                         clknet_1_1__leaf_clk (net)
                      0.107287    0.002103   26.266298 ^ _22395_/CLK (sky130_fd_sc_hd__dfxtp_4)
                                 -0.250000   26.016298   clock uncertainty
                                  0.000000   26.016298   clock reconvergence pessimism
                                 -0.276643   25.739656   library setup time
                                             25.739656   data required time
---------------------------------------------------------------------------------------------
                                             25.739656   data required time
                                            -27.474321   data arrival time
---------------------------------------------------------------------------------------------
                                             -1.734666   slack (VIOLATED)




===========================================================================
 report_check_types -max_slew -max_cap -max_fanout -violators
============================================================================
======================= nom_ss_100C_1v60 Corner ===================================

max slew

Pin                                        Limit        Slew       Slack
------------------------------------------------------------------------
_20909_/A                               0.750000    1.175073   -0.425073 (VIOLATED)
_20910_/A                               0.750000    1.175073   -0.425073 (VIOLATED)
ANTENNA__20909__A/DIODE                 0.750000    1.175072   -0.425072 (VIOLATED)
_20908_/A                               0.750000    1.175070   -0.425070 (VIOLATED)
ANTENNA__20908__A/DIODE                 0.750000    1.175069   -0.425069 (VIOLATED)
ANTENNA__20910__A/DIODE                 0.750000    1.175061   -0.425061 (VIOLATED)
_20906_/Y                               0.750000    1.173923   -0.423923 (VIOLATED)
_19584_/A2                              0.750000    1.149847   -0.399847 (VIOLATED)
_18334_/B                               0.750000    1.149846   -0.399846 (VIOLATED)
ANTENNA__19584__A2/DIODE                0.750000    1.149846   -0.399846 (VIOLATED)
ANTENNA__18334__B/DIODE                 0.750000    1.149844   -0.399844 (VIOLATED)
_18333_/Y                               0.750000    1.149614   -0.399614 (VIOLATED)
ANTENNA_wire241_A/DIODE                 0.750000    1.115764   -0.365765 (VIOLATED)
wire241/A                               0.750000    1.115765   -0.365765 (VIOLATED)
_17097_/Y                               0.750000    1.115740   -0.365740 (VIOLATED)
_19489_/A                               0.750000    1.070380   -0.320380 (VIOLATED)
ANTENNA__19489__A/DIODE                 0.750000    1.070373   -0.320373 (VIOLATED)
_19488_/B                               0.750000    1.070371   -0.320371 (VIOLATED)
ANTENNA__19488__B/DIODE                 0.750000    1.070369   -0.320369 (VIOLATED)
_19486_/X                               0.750000    1.069293   -0.319293 (VIOLATED)
_21983_/B                               0.750000    1.051634   -0.301634 (VIOLATED)
ANTENNA__21983__B/DIODE                 0.750000    1.051631   -0.301631 (VIOLATED)
_21982_/Y                               0.750000    1.050666   -0.300666 (VIOLATED)
_21904_/B                               0.750000    0.982830   -0.232830 (VIOLATED)
ANTENNA__21904__B/DIODE                 0.750000    0.982829   -0.232829 (VIOLATED)
_21903_/Y                               0.750000    0.982785   -0.232785 (VIOLATED)
_20582_/B                               0.750000    0.967559   -0.217559 (VIOLATED)
_20583_/B                               0.750000    0.967558   -0.217558 (VIOLATED)
ANTENNA__20583__B/DIODE                 0.750000    0.967556   -0.217556 (VIOLATED)
ANTENNA__20582__B/DIODE                 0.750000    0.967552   -0.217552 (VIOLATED)
_20581_/Y                               0.750000    0.967015   -0.217015 (VIOLATED)
_19491_/A1                              0.750000    0.962386   -0.212386 (VIOLATED)
ANTENNA__19491__A1/DIODE                0.750000    0.962384   -0.212384 (VIOLATED)
_18239_/A                               0.750000    0.962382   -0.212382 (VIOLATED)
ANTENNA__18239__A/DIODE                 0.750000    0.962374   -0.212374 (VIOLATED)
_18237_/X                               0.750000    0.961616   -0.211616 (VIOLATED)
_15917_/C                               0.750000    0.953964   -0.203964 (VIOLATED)
ANTENNA__15917__C/DIODE                 0.750000    0.953964   -0.203964 (VIOLATED)
_15918_/A2                              0.750000    0.953963   -0.203963 (VIOLATED)
ANTENNA__15918__A2/DIODE                0.750000    0.953963   -0.203963 (VIOLATED)
_15923_/B1                              0.750000    0.953961   -0.203961 (VIOLATED)
ANTENNA__15923__B1/DIODE                0.750000    0.953961   -0.203961 (VIOLATED)
_15916_/Y                               0.750000    0.953786   -0.203787 (VIOLATED)
_21817_/A                               0.750000    0.934046   -0.184046 (VIOLATED)
ANTENNA__21817__A/DIODE                 0.750000    0.934044   -0.184044 (VIOLATED)
_21769_/Y                               0.750000    0.933833   -0.183833 (VIOLATED)
_13766_/A                               0.750000    0.921372   -0.171372 (VIOLATED)
_13767_/B1                              0.750000    0.921372   -0.171372 (VIOLATED)
ANTENNA__13767__B1/DIODE                0.750000    0.921372   -0.171372 (VIOLATED)
ANTENNA__13766__A/DIODE                 0.750000    0.921371   -0.171371 (VIOLATED)
_13764_/Y                               0.750000    0.921260   -0.171260 (VIOLATED)
ANTENNA__16482__B/DIODE                 0.750000    0.903219   -0.153219 (VIOLATED)
_16482_/B                               0.750000    0.903219   -0.153219 (VIOLATED)
_16485_/B                               0.750000    0.903219   -0.153219 (VIOLATED)
ANTENNA__16485__B/DIODE                 0.750000    0.903218   -0.153218 (VIOLATED)
_16481_/Y                               0.750000    0.903203   -0.153203 (VIOLATED)
_19635_/A                               0.750000    0.899741   -0.149741 (VIOLATED)
ANTENNA__19634__A/DIODE                 0.750000    0.899741   -0.149741 (VIOLATED)
_19634_/A                               0.750000    0.899741   -0.149741 (VIOLATED)
ANTENNA__19635__A/DIODE                 0.750000    0.899740   -0.149740 (VIOLATED)
_21356_/B1                              0.750000    0.899738   -0.149738 (VIOLATED)
_21357_/A                               0.750000    0.899737   -0.149738 (VIOLATED)
ANTENNA__21357__A/DIODE                 0.750000    0.899735   -0.149735 (VIOLATED)
ANTENNA__21356__B1/DIODE                0.750000    0.899735   -0.149735 (VIOLATED)
_22042_/A                               0.750000    0.899690   -0.149690 (VIOLATED)
ANTENNA__22042__A/DIODE                 0.750000    0.899676   -0.149676 (VIOLATED)
_15197_/A2                              0.750000    0.899633   -0.149633 (VIOLATED)
ANTENNA__15197__A2/DIODE                0.750000    0.899633   -0.149633 (VIOLATED)
_20794_/B                               0.750000    0.899607   -0.149607 (VIOLATED)
ANTENNA__20794__B/DIODE                 0.750000    0.899599   -0.149599 (VIOLATED)
_21614_/A3                              0.750000    0.899584   -0.149584 (VIOLATED)
ANTENNA__21614__A3/DIODE                0.750000    0.899583   -0.149583 (VIOLATED)
_15196_/Y                               0.750000    0.899571   -0.149571 (VIOLATED)
_13442_/A                               0.750000    0.895487   -0.145487 (VIOLATED)
_13441_/B                               0.750000    0.895485   -0.145485 (VIOLATED)
ANTENNA__13441__B/DIODE                 0.750000    0.895484   -0.145484 (VIOLATED)
ANTENNA__13442__A/DIODE                 0.750000    0.895480   -0.145480 (VIOLATED)
_13342_/X                               0.750000    0.894923   -0.144923 (VIOLATED)
_21621_/B                               0.750000    0.892626   -0.142626 (VIOLATED)
ANTENNA__21621__B/DIODE                 0.750000    0.892626   -0.142626 (VIOLATED)
_21620_/Y                               0.750000    0.892569   -0.142570 (VIOLATED)
_20590_/A1                              0.750000    0.884546   -0.134546 (VIOLATED)
ANTENNA__20590__A1/DIODE                0.750000    0.884545   -0.134545 (VIOLATED)
_19832_/A                               0.750000    0.884541   -0.134541 (VIOLATED)
ANTENNA__19832__A/DIODE                 0.750000    0.884540   -0.134540 (VIOLATED)
_20580_/B1                              0.750000    0.884198   -0.134198 (VIOLATED)
ANTENNA__20580__B1/DIODE                0.750000    0.884198   -0.134198 (VIOLATED)
_19830_/Y                               0.750000    0.884197   -0.134197 (VIOLATED)
_19491_/A2                              0.750000    0.879189   -0.129189 (VIOLATED)
ANTENNA__19491__A2/DIODE                0.750000    0.879185   -0.129185 (VIOLATED)
_18239_/B                               0.750000    0.879178   -0.129178 (VIOLATED)
ANTENNA__18239__B/DIODE                 0.750000    0.879175   -0.129175 (VIOLATED)
_18238_/Y                               0.750000    0.878573   -0.128573 (VIOLATED)
_15116_/A1                              0.750000    0.874138   -0.124138 (VIOLATED)
ANTENNA__15116__A1/DIODE                0.750000    0.874137   -0.124137 (VIOLATED)
_15115_/A                               0.750000    0.874136   -0.124136 (VIOLATED)
ANTENNA__15115__A/DIODE                 0.750000    0.874135   -0.124135 (VIOLATED)
_13129_/Y                               0.750000    0.874047   -0.124047 (VIOLATED)
_22385_/B1                              0.750000    0.869008   -0.119008 (VIOLATED)
ANTENNA__22385__B1/DIODE                0.750000    0.869007   -0.119007 (VIOLATED)
ANTENNA__22032__B1/DIODE                0.750000    0.869006   -0.119006 (VIOLATED)
_22032_/B1                              0.750000    0.869006   -0.119006 (VIOLATED)
_22321_/A                               0.750000    0.868989   -0.118989 (VIOLATED)
ANTENNA__22321__A/DIODE                 0.750000    0.868989   -0.118989 (VIOLATED)
_22303_/B1                              0.750000    0.868980   -0.118980 (VIOLATED)
ANTENNA__22303__B1/DIODE                0.750000    0.868973   -0.118973 (VIOLATED)
ANTENNA__22308__A2/DIODE                0.750000    0.868946   -0.118946 (VIOLATED)
_22308_/A2                              0.750000    0.868943   -0.118943 (VIOLATED)
_22291_/A2                              0.750000    0.868915   -0.118915 (VIOLATED)
ANTENNA__22291__A2/DIODE                0.750000    0.868911   -0.118911 (VIOLATED)
ANTENNA__22276__A2/DIODE                0.750000    0.868898   -0.118898 (VIOLATED)
_21271_/A1                              0.750000    0.868896   -0.118896 (VIOLATED)
ANTENNA__21271__A1/DIODE                0.750000    0.868896   -0.118896 (VIOLATED)
_17696_/A1                              0.750000    0.868895   -0.118895 (VIOLATED)
ANTENNA__17696__A1/DIODE                0.750000    0.868894   -0.118894 (VIOLATED)
_22355_/A1                              0.750000    0.868893   -0.118893 (VIOLATED)
ANTENNA__22355__A1/DIODE                0.750000    0.868893   -0.118893 (VIOLATED)
_22276_/A2                              0.750000    0.868893   -0.118893 (VIOLATED)
_16517_/Y                               0.750000    0.868889   -0.118889 (VIOLATED)
_17267_/B1                              0.750000    0.863920   -0.113920 (VIOLATED)
ANTENNA__17267__B1/DIODE                0.750000    0.863920   -0.113920 (VIOLATED)
_17266_/A                               0.750000    0.863919   -0.113919 (VIOLATED)
ANTENNA__17266__A/DIODE                 0.750000    0.863919   -0.113919 (VIOLATED)
_17235_/Y                               0.750000    0.863859   -0.113859 (VIOLATED)
_13442_/B                               0.750000    0.862818   -0.112818 (VIOLATED)
_13441_/A_N                             0.750000    0.862815   -0.112815 (VIOLATED)
ANTENNA__13441__A_N/DIODE               0.750000    0.862815   -0.112815 (VIOLATED)
ANTENNA__13442__B/DIODE                 0.750000    0.862812   -0.112812 (VIOLATED)
ANTENNA__20240__B1_N/DIODE              0.750000    0.862313   -0.112313 (VIOLATED)
_20240_/B1_N                            0.750000    0.862313   -0.112313 (VIOLATED)
_20241_/C_N                             0.750000    0.862313   -0.112313 (VIOLATED)
ANTENNA__20241__C_N/DIODE               0.750000    0.862313   -0.112313 (VIOLATED)
_20239_/Y                               0.750000    0.862289   -0.112289 (VIOLATED)
_13440_/Y                               0.750000    0.862266   -0.112266 (VIOLATED)
_11988_/A                               0.750000    0.847033   -0.097033 (VIOLATED)
ANTENNA__11988__A/DIODE                 0.750000    0.847032   -0.097032 (VIOLATED)
_11960_/A1                              0.750000    0.847030   -0.097030 (VIOLATED)
ANTENNA__11960__A1/DIODE                0.750000    0.847029   -0.097029 (VIOLATED)
_16442_/A                               0.750000    0.846995   -0.096995 (VIOLATED)
ANTENNA__16450__A/DIODE                 0.750000    0.846995   -0.096995 (VIOLATED)
_16450_/A                               0.750000    0.846995   -0.096995 (VIOLATED)
ANTENNA__16442__A/DIODE                 0.750000    0.846994   -0.096994 (VIOLATED)
_11957_/Y                               0.750000    0.846857   -0.096857 (VIOLATED)
_11907_/A1                              0.750000    0.845258   -0.095258 (VIOLATED)
ANTENNA__11907__A1/DIODE                0.750000    0.845258   -0.095258 (VIOLATED)
_11906_/A                               0.750000    0.845258   -0.095258 (VIOLATED)
ANTENNA__11906__A/DIODE                 0.750000    0.845258   -0.095258 (VIOLATED)
ANTENNA__11756__B/DIODE                 0.750000    0.845220   -0.095220 (VIOLATED)
_11756_/B                               0.750000    0.845220   -0.095220 (VIOLATED)
ANTENNA__11888__B/DIODE                 0.750000    0.845220   -0.095220 (VIOLATED)
_11888_/B                               0.750000    0.845220   -0.095220 (VIOLATED)
_11755_/Y                               0.750000    0.845217   -0.095217 (VIOLATED)
_13457_/A                               0.750000    0.844729   -0.094729 (VIOLATED)
ANTENNA__13457__A/DIODE                 0.750000    0.844722   -0.094722 (VIOLATED)
_13454_/B                               0.750000    0.844722   -0.094722 (VIOLATED)
ANTENNA__13454__B/DIODE                 0.750000    0.844719   -0.094719 (VIOLATED)
_13445_/X                               0.750000    0.844300   -0.094300 (VIOLATED)
_21597_/B                               0.750000    0.831623   -0.081624 (VIOLATED)
ANTENNA__21597__B/DIODE                 0.750000    0.831622   -0.081622 (VIOLATED)
ANTENNA__20733__A/DIODE                 0.750000    0.831500   -0.081500 (VIOLATED)
_20733_/A                               0.750000    0.831499   -0.081499 (VIOLATED)
_20731_/Y                               0.750000    0.831497   -0.081497 (VIOLATED)
_13038_/A                               0.750000    0.824796   -0.074796 (VIOLATED)
_16856_/A1                              0.750000    0.824796   -0.074796 (VIOLATED)
ANTENNA__16856__A1/DIODE                0.750000    0.824796   -0.074796 (VIOLATED)
ANTENNA__13038__A/DIODE                 0.750000    0.824796   -0.074796 (VIOLATED)
_13015_/Y                               0.750000    0.824784   -0.074784 (VIOLATED)
_11998_/A                               0.750000    0.824601   -0.074601 (VIOLATED)
_11291_/B1                              0.750000    0.824601   -0.074601 (VIOLATED)
ANTENNA__11291__B1/DIODE                0.750000    0.824601   -0.074601 (VIOLATED)
ANTENNA__11998__A/DIODE                 0.750000    0.824599   -0.074599 (VIOLATED)
ANTENNA__13608__A2/DIODE                0.750000    0.824535   -0.074535 (VIOLATED)
_13608_/A2                              0.750000    0.824535   -0.074535 (VIOLATED)
_11289_/Y                               0.750000    0.824525   -0.074525 (VIOLATED)
_18723_/A                               0.750000    0.823619   -0.073619 (VIOLATED)
ANTENNA__18723__A/DIODE                 0.750000    0.823619   -0.073619 (VIOLATED)
_18722_/A                               0.750000    0.823619   -0.073619 (VIOLATED)
ANTENNA__18722__A/DIODE                 0.750000    0.823618   -0.073618 (VIOLATED)
_15832_/A_N                             0.750000    0.823617   -0.073617 (VIOLATED)
ANTENNA__15832__A_N/DIODE               0.750000    0.823616   -0.073616 (VIOLATED)
_17207_/B                               0.750000    0.823614   -0.073614 (VIOLATED)
_17208_/B                               0.750000    0.823614   -0.073614 (VIOLATED)
ANTENNA__17208__B/DIODE                 0.750000    0.823614   -0.073614 (VIOLATED)
ANTENNA__17207__B/DIODE                 0.750000    0.823614   -0.073614 (VIOLATED)
_15844_/A                               0.750000    0.823608   -0.073608 (VIOLATED)
ANTENNA__15844__A/DIODE                 0.750000    0.823608   -0.073608 (VIOLATED)
_20093_/A2                              0.750000    0.823601   -0.073601 (VIOLATED)
ANTENNA__20093__A2/DIODE                0.750000    0.823601   -0.073601 (VIOLATED)
_14663_/B                               0.750000    0.823596   -0.073596 (VIOLATED)
ANTENNA__19134__C/DIODE                 0.750000    0.823595   -0.073595 (VIOLATED)
_19134_/C                               0.750000    0.823595   -0.073596 (VIOLATED)
_14662_/B                               0.750000    0.823595   -0.073595 (VIOLATED)
ANTENNA__14662__B/DIODE                 0.750000    0.823595   -0.073595 (VIOLATED)
ANTENNA__14663__B/DIODE                 0.750000    0.823595   -0.073595 (VIOLATED)
_14661_/Y                               0.750000    0.823593   -0.073593 (VIOLATED)
_22261_/B1                              0.750000    0.823248   -0.073248 (VIOLATED)
ANTENNA__22261__B1/DIODE                0.750000    0.823248   -0.073248 (VIOLATED)
_22260_/Y                               0.750000    0.823155   -0.073155 (VIOLATED)
_19997_/A                               0.750000    0.819044   -0.069044 (VIOLATED)
_19996_/A                               0.750000    0.819043   -0.069043 (VIOLATED)
ANTENNA__19996__A/DIODE                 0.750000    0.819042   -0.069042 (VIOLATED)
ANTENNA__19997__A/DIODE                 0.750000    0.819042   -0.069042 (VIOLATED)
_21210_/A                               0.750000    0.818997   -0.068997 (VIOLATED)
ANTENNA__21210__A/DIODE                 0.750000    0.818989   -0.068989 (VIOLATED)
_21209_/A_N                             0.750000    0.818982   -0.068982 (VIOLATED)
ANTENNA__21209__A_N/DIODE               0.750000    0.818981   -0.068981 (VIOLATED)
fanout257/A                             0.750000    0.818900   -0.068900 (VIOLATED)
ANTENNA_fanout257_A/DIODE               0.750000    0.818899   -0.068899 (VIOLATED)
_11763_/Y                               0.750000    0.818882   -0.068882 (VIOLATED)
_17480_/A                               0.750000    0.816986   -0.066986 (VIOLATED)
ANTENNA__17480__A/DIODE                 0.750000    0.816985   -0.066985 (VIOLATED)
_15616_/A                               0.750000    0.816984   -0.066984 (VIOLATED)
ANTENNA__15616__A/DIODE                 0.750000    0.816982   -0.066982 (VIOLATED)
_16025_/B                               0.750000    0.816956   -0.066956 (VIOLATED)
ANTENNA__16025__B/DIODE                 0.750000    0.816955   -0.066955 (VIOLATED)
_22327_/A1                              0.750000    0.816954   -0.066954 (VIOLATED)
ANTENNA__22327__A1/DIODE                0.750000    0.816952   -0.066952 (VIOLATED)
_20053_/A1                              0.750000    0.816949   -0.066949 (VIOLATED)
_20052_/A                               0.750000    0.816949   -0.066949 (VIOLATED)
ANTENNA__20052__A/DIODE                 0.750000    0.816949   -0.066949 (VIOLATED)
ANTENNA__20053__A1/DIODE                0.750000    0.816949   -0.066949 (VIOLATED)
_16139_/A                               0.750000    0.816939   -0.066939 (VIOLATED)
ANTENNA__16139__A/DIODE                 0.750000    0.816939   -0.066939 (VIOLATED)
_16125_/A1                              0.750000    0.816938   -0.066938 (VIOLATED)
ANTENNA__16125__A1/DIODE                0.750000    0.816938   -0.066938 (VIOLATED)
_15609_/Y                               0.750000    0.816933   -0.066933 (VIOLATED)
_11367_/A                               0.750000    0.815591   -0.065591 (VIOLATED)
ANTENNA__11367__A/DIODE                 0.750000    0.815590   -0.065590 (VIOLATED)
_11453_/A1                              0.750000    0.815588   -0.065588 (VIOLATED)
ANTENNA__11453__A1/DIODE                0.750000    0.815588   -0.065588 (VIOLATED)
_11650_/B                               0.750000    0.815586   -0.065586 (VIOLATED)
ANTENNA__11650__B/DIODE                 0.750000    0.815586   -0.065586 (VIOLATED)
_11651_/B                               0.750000    0.815583   -0.065583 (VIOLATED)
ANTENNA__11651__B/DIODE                 0.750000    0.815582   -0.065582 (VIOLATED)
_16345_/A                               0.750000    0.815578   -0.065578 (VIOLATED)
ANTENNA__16345__A/DIODE                 0.750000    0.815577   -0.065577 (VIOLATED)
_16335_/A1                              0.750000    0.815577   -0.065577 (VIOLATED)
ANTENNA__16335__A1/DIODE                0.750000    0.815577   -0.065577 (VIOLATED)
ANTENNA__11819__A3/DIODE                0.750000    0.815576   -0.065576 (VIOLATED)
_11819_/A3                              0.750000    0.815576   -0.065576 (VIOLATED)
_11821_/A2                              0.750000    0.815576   -0.065576 (VIOLATED)
ANTENNA__11817__B/DIODE                 0.750000    0.815575   -0.065575 (VIOLATED)
ANTENNA__11821__A2/DIODE                0.750000    0.815575   -0.065575 (VIOLATED)
_11361_/X                               0.750000    0.815575   -0.065575 (VIOLATED)
_11817_/B                               0.750000    0.815575   -0.065575 (VIOLATED)
ANTENNA__13874__B/DIODE                 0.750000    0.810742   -0.060742 (VIOLATED)
_13874_/B                               0.750000    0.810742   -0.060742 (VIOLATED)
_13881_/B                               0.750000    0.810739   -0.060739 (VIOLATED)
ANTENNA__13881__B/DIODE                 0.750000    0.810739   -0.060739 (VIOLATED)
_13873_/B                               0.750000    0.810738   -0.060738 (VIOLATED)
ANTENNA__13873__B/DIODE                 0.750000    0.810737   -0.060737 (VIOLATED)
_16684_/A                               0.750000    0.810673   -0.060673 (VIOLATED)
_17809_/A1                              0.750000    0.810673   -0.060673 (VIOLATED)
ANTENNA__17809__A1/DIODE                0.750000    0.810672   -0.060672 (VIOLATED)
ANTENNA__16684__A/DIODE                 0.750000    0.810670   -0.060670 (VIOLATED)
ANTENNA__20135__A1/DIODE                0.750000    0.810618   -0.060618 (VIOLATED)
_20135_/A1                              0.750000    0.810616   -0.060616 (VIOLATED)
_18864_/A                               0.750000    0.810614   -0.060615 (VIOLATED)
ANTENNA__18864__A/DIODE                 0.750000    0.810608   -0.060608 (VIOLATED)
_13872_/Y                               0.750000    0.810591   -0.060591 (VIOLATED)
ANTENNA__20649__A_N/DIODE               0.750000    0.810027   -0.060027 (VIOLATED)
_20649_/A_N                             0.750000    0.810027   -0.060027 (VIOLATED)
_19115_/B                               0.750000    0.810025   -0.060025 (VIOLATED)
_19116_/A1                              0.750000    0.810025   -0.060025 (VIOLATED)
ANTENNA__19115__B/DIODE                 0.750000    0.810024   -0.060024 (VIOLATED)
ANTENNA__19116__A1/DIODE                0.750000    0.810023   -0.060023 (VIOLATED)
_19113_/Y                               0.750000    0.810012   -0.060012 (VIOLATED)
_16285_/B1                              0.750000    0.792395   -0.042395 (VIOLATED)
_17653_/A2                              0.750000    0.792395   -0.042395 (VIOLATED)
ANTENNA__16285__B1/DIODE                0.750000    0.792394   -0.042394 (VIOLATED)
_16284_/C                               0.750000    0.792394   -0.042394 (VIOLATED)
ANTENNA__17653__A2/DIODE                0.750000    0.792394   -0.042394 (VIOLATED)
ANTENNA__16284__C/DIODE                 0.750000    0.792393   -0.042393 (VIOLATED)
_16283_/Y                               0.750000    0.792276   -0.042276 (VIOLATED)
_21998_/A                               0.750000    0.790969   -0.040969 (VIOLATED)
_15745_/B                               0.750000    0.790969   -0.040969 (VIOLATED)
_15779_/A2                              0.750000    0.790968   -0.040968 (VIOLATED)
ANTENNA__21998__A/DIODE                 0.750000    0.790968   -0.040968 (VIOLATED)
ANTENNA__15779__A2/DIODE                0.750000    0.790968   -0.040968 (VIOLATED)
ANTENNA__15745__B/DIODE                 0.750000    0.790967   -0.040967 (VIOLATED)
_13989_/A                               0.750000    0.790967   -0.040967 (VIOLATED)
_13990_/A                               0.750000    0.790967   -0.040967 (VIOLATED)
ANTENNA__13989__A/DIODE                 0.750000    0.790967   -0.040967 (VIOLATED)
ANTENNA__13990__A/DIODE                 0.750000    0.790967   -0.040967 (VIOLATED)
_22125_/A                               0.750000    0.790967   -0.040967 (VIOLATED)
ANTENNA__22125__A/DIODE                 0.750000    0.790966   -0.040966 (VIOLATED)
_13066_/B                               0.750000    0.790957   -0.040957 (VIOLATED)
ANTENNA__13066__B/DIODE                 0.750000    0.790957   -0.040957 (VIOLATED)
_13063_/A2                              0.750000    0.790956   -0.040956 (VIOLATED)
ANTENNA__13063__A2/DIODE                0.750000    0.790955   -0.040956 (VIOLATED)
_13062_/Y                               0.750000    0.790953   -0.040953 (VIOLATED)
_13499_/A                               0.750000    0.790221   -0.040221 (VIOLATED)
_13498_/B                               0.750000    0.790221   -0.040221 (VIOLATED)
ANTENNA__13498__B/DIODE                 0.750000    0.790221   -0.040221 (VIOLATED)
ANTENNA__13499__A/DIODE                 0.750000    0.790220   -0.040220 (VIOLATED)
_13488_/X                               0.750000    0.790204   -0.040204 (VIOLATED)
_20899_/A                               0.750000    0.787182   -0.037182 (VIOLATED)
ANTENNA__20899__A/DIODE                 0.750000    0.787166   -0.037166 (VIOLATED)
_20898_/A                               0.750000    0.787160   -0.037160 (VIOLATED)
ANTENNA__20898__A/DIODE                 0.750000    0.787158   -0.037158 (VIOLATED)
_22118_/A1                              0.750000    0.786932   -0.036932 (VIOLATED)
ANTENNA__22118__A1/DIODE                0.750000    0.786930   -0.036930 (VIOLATED)
_21376_/A                               0.750000    0.786927   -0.036928 (VIOLATED)
ANTENNA__21376__A/DIODE                 0.750000    0.786927   -0.036927 (VIOLATED)
_20890_/Y                               0.750000    0.786924   -0.036924 (VIOLATED)
_22349_/B1                              0.750000    0.784088   -0.034088 (VIOLATED)
ANTENNA__22349__B1/DIODE                0.750000    0.784086   -0.034086 (VIOLATED)
ANTENNA__17119__B1/DIODE                0.750000    0.783861   -0.033861 (VIOLATED)
_17119_/B1                              0.750000    0.783861   -0.033861 (VIOLATED)
_21562_/C1                              0.750000    0.783174   -0.033174 (VIOLATED)
ANTENNA__21562__C1/DIODE                0.750000    0.783167   -0.033167 (VIOLATED)
_18742_/A                               0.750000    0.783125   -0.033125 (VIOLATED)
ANTENNA__18742__A/DIODE                 0.750000    0.783124   -0.033124 (VIOLATED)
_20005_/A1                              0.750000    0.783124   -0.033124 (VIOLATED)
ANTENNA__20005__A1/DIODE                0.750000    0.783123   -0.033123 (VIOLATED)
_17556_/B1                              0.750000    0.783114   -0.033114 (VIOLATED)
ANTENNA__17556__B1/DIODE                0.750000    0.783112   -0.033112 (VIOLATED)
_17231_/A                               0.750000    0.783099   -0.033099 (VIOLATED)
_18340_/A1                              0.750000    0.783099   -0.033099 (VIOLATED)
ANTENNA__17231__A/DIODE                 0.750000    0.783098   -0.033098 (VIOLATED)
ANTENNA__18340__A1/DIODE                0.750000    0.783098   -0.033098 (VIOLATED)
_15028_/B1                              0.750000    0.783096   -0.033096 (VIOLATED)
ANTENNA__15028__B1/DIODE                0.750000    0.783096   -0.033096 (VIOLATED)
_15027_/Y                               0.750000    0.783094   -0.033094 (VIOLATED)
_22365_/A1                              0.750000    0.783088   -0.033088 (VIOLATED)
_22383_/C1                              0.750000    0.783079   -0.033079 (VIOLATED)
ANTENNA__22365__A1/DIODE                0.750000    0.783079   -0.033079 (VIOLATED)
_14796_/A                               0.750000    0.783078   -0.033078 (VIOLATED)
ANTENNA__22383__C1/DIODE                0.750000    0.783078   -0.033078 (VIOLATED)
ANTENNA__14796__A/DIODE                 0.750000    0.783068   -0.033068 (VIOLATED)
_14773_/A                               0.750000    0.783061   -0.033061 (VIOLATED)
ANTENNA__14773__A/DIODE                 0.750000    0.783059   -0.033059 (VIOLATED)
_18467_/A1                              0.750000    0.783058   -0.033058 (VIOLATED)
ANTENNA__18467__A1/DIODE                0.750000    0.783056   -0.033056 (VIOLATED)
_19485_/A                               0.750000    0.782984   -0.032984 (VIOLATED)
ANTENNA__19485__A/DIODE                 0.750000    0.782977   -0.032977 (VIOLATED)
ANTENNA__19484__A/DIODE                 0.750000    0.782972   -0.032972 (VIOLATED)
_19484_/A                               0.750000    0.782972   -0.032972 (VIOLATED)
_17458_/A1                              0.750000    0.782969   -0.032969 (VIOLATED)
ANTENNA__17458__A1/DIODE                0.750000    0.782956   -0.032956 (VIOLATED)
ANTENNA__22338__A1/DIODE                0.750000    0.782896   -0.032896 (VIOLATED)
_22319_/B1                              0.750000    0.782878   -0.032878 (VIOLATED)
ANTENNA__22319__B1/DIODE                0.750000    0.782878   -0.032878 (VIOLATED)
ANTENNA__22271__A1/DIODE                0.750000    0.782878   -0.032878 (VIOLATED)
_22271_/A1                              0.750000    0.782877   -0.032877 (VIOLATED)
_22338_/A1                              0.750000    0.782877   -0.032877 (VIOLATED)
_15566_/Y                               0.750000    0.782870   -0.032870 (VIOLATED)
_14772_/Y                               0.750000    0.782783   -0.032783 (VIOLATED)
_21377_/A1                              0.750000    0.782730   -0.032730 (VIOLATED)
ANTENNA__21377__A1/DIODE                0.750000    0.782730   -0.032730 (VIOLATED)
_20018_/A                               0.750000    0.782724   -0.032724 (VIOLATED)
ANTENNA__20018__A/DIODE                 0.750000    0.782724   -0.032724 (VIOLATED)
_19473_/Y                               0.750000    0.782709   -0.032709 (VIOLATED)
ANTENNA__16487__B1/DIODE                0.750000    0.781023   -0.031023 (VIOLATED)
_16487_/B1                              0.750000    0.781023   -0.031023 (VIOLATED)
_16475_/C                               0.750000    0.781023   -0.031023 (VIOLATED)
ANTENNA__16475__C/DIODE                 0.750000    0.781022   -0.031022 (VIOLATED)
_16474_/Y                               0.750000    0.780915   -0.030915 (VIOLATED)
_22034_/A2                              0.750000    0.780583   -0.030583 (VIOLATED)
_21265_/B                               0.750000    0.780582   -0.030582 (VIOLATED)
ANTENNA__22034__A2/DIODE                0.750000    0.780582   -0.030582 (VIOLATED)
ANTENNA__21265__B/DIODE                 0.750000    0.780576   -0.030576 (VIOLATED)
_21264_/X                               0.750000    0.780146   -0.030146 (VIOLATED)
_20384_/B1                              0.750000    0.777197   -0.027197 (VIOLATED)
ANTENNA__20384__B1/DIODE                0.750000    0.777197   -0.027197 (VIOLATED)
_20382_/C                               0.750000    0.777196   -0.027196 (VIOLATED)
ANTENNA__20382__C/DIODE                 0.750000    0.777196   -0.027196 (VIOLATED)
_20381_/Y                               0.750000    0.777145   -0.027145 (VIOLATED)
_22289_/A3                              0.750000    0.776754   -0.026754 (VIOLATED)
ANTENNA__22289__A3/DIODE                0.750000    0.776753   -0.026753 (VIOLATED)
_22283_/Y                               0.750000    0.776354   -0.026354 (VIOLATED)
_21171_/B                               0.750000    0.773746   -0.023746 (VIOLATED)
_22106_/A2                              0.750000    0.773745   -0.023745 (VIOLATED)
ANTENNA__21171__B/DIODE                 0.750000    0.773744   -0.023744 (VIOLATED)
ANTENNA__22106__A2/DIODE                0.750000    0.773742   -0.023742 (VIOLATED)
_21170_/Y                               0.750000    0.773650   -0.023650 (VIOLATED)
_22156_/B                               0.750000    0.773044   -0.023044 (VIOLATED)
ANTENNA__22156__B/DIODE                 0.750000    0.773041   -0.023041 (VIOLATED)
_21469_/A                               0.750000    0.772921   -0.022921 (VIOLATED)
ANTENNA__21469__A/DIODE                 0.750000    0.772915   -0.022915 (VIOLATED)
_21467_/Y                               0.750000    0.772506   -0.022506 (VIOLATED)
_22155_/Y                               0.750000    0.772427   -0.022427 (VIOLATED)
_17630_/A2                              0.750000    0.766445   -0.016445 (VIOLATED)
_17629_/C                               0.750000    0.766445   -0.016445 (VIOLATED)
_17628_/Y                               0.750000    0.766444   -0.016444 (VIOLATED)
_19898_/A                               0.750000    0.765110   -0.015110 (VIOLATED)
ANTENNA__19898__A/DIODE                 0.750000    0.765109   -0.015109 (VIOLATED)
_21914_/B1                              0.750000    0.765105   -0.015105 (VIOLATED)
ANTENNA__21914__B1/DIODE                0.750000    0.765103   -0.015103 (VIOLATED)
ANTENNA_fanout266_A/DIODE               0.750000    0.765060   -0.015060 (VIOLATED)
fanout266/A                             0.750000    0.765059   -0.015059 (VIOLATED)
_14619_/Y                               0.750000    0.765057   -0.015057 (VIOLATED)
_13786_/A                               0.750000    0.762847   -0.012847 (VIOLATED)
_13785_/A                               0.750000    0.762846   -0.012846 (VIOLATED)
ANTENNA__13785__A/DIODE                 0.750000    0.762846   -0.012846 (VIOLATED)
ANTENNA__13786__A/DIODE                 0.750000    0.762846   -0.012846 (VIOLATED)
_13782_/Y                               0.750000    0.762842   -0.012842 (VIOLATED)
_14422_/A2                              0.750000    0.761928   -0.011928 (VIOLATED)
ANTENNA__14422__A2/DIODE                0.750000    0.761927   -0.011927 (VIOLATED)
_14418_/B                               0.750000    0.761921   -0.011921 (VIOLATED)
ANTENNA__14418__B/DIODE                 0.750000    0.761916   -0.011916 (VIOLATED)
_16006_/A                               0.750000    0.761888   -0.011888 (VIOLATED)
ANTENNA__16006__A/DIODE                 0.750000    0.761887   -0.011887 (VIOLATED)
_15993_/B2                              0.750000    0.761886   -0.011886 (VIOLATED)
ANTENNA__15993__B2/DIODE                0.750000    0.761884   -0.011884 (VIOLATED)
_14417_/Y                               0.750000    0.761774   -0.011774 (VIOLATED)
_11936_/A                               0.750000    0.760836   -0.010836 (VIOLATED)
_11498_/A1                              0.750000    0.760835   -0.010835 (VIOLATED)
ANTENNA__11936__A/DIODE                 0.750000    0.760834   -0.010834 (VIOLATED)
ANTENNA__11498__A1/DIODE                0.750000    0.760834   -0.010834 (VIOLATED)
_11496_/Y                               0.750000    0.760790   -0.010790 (VIOLATED)
_18467_/A3                              0.750000    0.758449   -0.008449 (VIOLATED)
ANTENNA__18467__A3/DIODE                0.750000    0.758448   -0.008448 (VIOLATED)
_18259_/Y                               0.750000    0.758023   -0.008023 (VIOLATED)
_11879_/A2_N                            0.750000    0.757007   -0.007007 (VIOLATED)
_11878_/B                               0.750000    0.757007   -0.007007 (VIOLATED)
ANTENNA__11878__B/DIODE                 0.750000    0.757007   -0.007007 (VIOLATED)
ANTENNA__11879__A2_N/DIODE              0.750000    0.757006   -0.007006 (VIOLATED)
_11846_/Y                               0.750000    0.757000   -0.007000 (VIOLATED)
_21690_/A                               0.750000    0.756947   -0.006947 (VIOLATED)
ANTENNA__21690__A/DIODE                 0.750000    0.756947   -0.006947 (VIOLATED)
_21618_/Y                               0.750000    0.756921   -0.006921 (VIOLATED)
_21463_/A2                              0.750000    0.755551   -0.005551 (VIOLATED)
ANTENNA__21463__A2/DIODE                0.750000    0.755550   -0.005550 (VIOLATED)
_20276_/B                               0.750000    0.755547   -0.005547 (VIOLATED)
ANTENNA__20276__B/DIODE                 0.750000    0.755543   -0.005544 (VIOLATED)
_20275_/Y                               0.750000    0.755209   -0.005209 (VIOLATED)
_16688_/A1                              0.750000    0.752956   -0.002956 (VIOLATED)
ANTENNA__16688__A1/DIODE                0.750000    0.752956   -0.002956 (VIOLATED)
_20739_/A                               0.750000    0.752954   -0.002954 (VIOLATED)
ANTENNA__20739__A/DIODE                 0.750000    0.752951   -0.002951 (VIOLATED)
_17374_/B                               0.750000    0.752950   -0.002950 (VIOLATED)
ANTENNA__17374__B/DIODE                 0.750000    0.752950   -0.002950 (VIOLATED)
_17373_/B                               0.750000    0.752949   -0.002949 (VIOLATED)
ANTENNA__17373__B/DIODE                 0.750000    0.752947   -0.002947 (VIOLATED)
_21647_/A1_N                            0.750000    0.752945   -0.002945 (VIOLATED)
ANTENNA__21647__A1_N/DIODE              0.750000    0.752945   -0.002945 (VIOLATED)
_18290_/A                               0.750000    0.752936   -0.002936 (VIOLATED)
_18289_/A                               0.750000    0.752936   -0.002936 (VIOLATED)
ANTENNA__18289__A/DIODE                 0.750000    0.752936   -0.002936 (VIOLATED)
ANTENNA__18290__A/DIODE                 0.750000    0.752936   -0.002936 (VIOLATED)
_16687_/X                               0.750000    0.752928   -0.002928 (VIOLATED)
_13856_/B2                              0.750000    0.752803   -0.002803 (VIOLATED)
ANTENNA__13856__B2/DIODE                0.750000    0.752785   -0.002785 (VIOLATED)
_13855_/Y                               0.750000    0.752505   -0.002505 (VIOLATED)
_14842_/B                               0.750000    0.752207   -0.002207 (VIOLATED)
ANTENNA__14842__B/DIODE                 0.750000    0.752207   -0.002207 (VIOLATED)
_14908_/A2                              0.750000    0.752205   -0.002205 (VIOLATED)
ANTENNA__14908__A2/DIODE                0.750000    0.752204   -0.002204 (VIOLATED)
_15844_/B                               0.750000    0.752197   -0.002197 (VIOLATED)
ANTENNA__15844__B/DIODE                 0.750000    0.752196   -0.002196 (VIOLATED)
_15832_/B                               0.750000    0.752181   -0.002181 (VIOLATED)
_21606_/A                               0.750000    0.752181   -0.002181 (VIOLATED)
ANTENNA__21606__A/DIODE                 0.750000    0.752180   -0.002180 (VIOLATED)
ANTENNA__15832__B/DIODE                 0.750000    0.752179   -0.002179 (VIOLATED)
_22159_/A                               0.750000    0.752177   -0.002177 (VIOLATED)
ANTENNA__22159__A/DIODE                 0.750000    0.752177   -0.002177 (VIOLATED)
_14841_/X                               0.750000    0.752175   -0.002175 (VIOLATED)
_17469_/B                               0.750000    0.751168   -0.001168 (VIOLATED)
ANTENNA__17469__B/DIODE                 0.750000    0.751168   -0.001168 (VIOLATED)
_21387_/B                               0.750000    0.751165   -0.001165 (VIOLATED)
_22228_/A2                              0.750000    0.751165   -0.001165 (VIOLATED)
ANTENNA__22228__A2/DIODE                0.750000    0.751164   -0.001165 (VIOLATED)
ANTENNA__21387__B/DIODE                 0.750000    0.751164   -0.001164 (VIOLATED)
_17468_/B                               0.750000    0.751155   -0.001155 (VIOLATED)
ANTENNA__17468__B/DIODE                 0.750000    0.751155   -0.001155 (VIOLATED)
_17467_/Y                               0.750000    0.751139   -0.001139 (VIOLATED)

max fanout

Pin                                   Limit Fanout  Slack
---------------------------------------------------------
_11446_/Y                                10     20    -10 (VIOLATED)
_11543_/Y                                10     20    -10 (VIOLATED)
_11758_/Y                                10     20    -10 (VIOLATED)
_12250_/X                                10     20    -10 (VIOLATED)
_13115_/X                                10     20    -10 (VIOLATED)
_13155_/Y                                10     20    -10 (VIOLATED)
_14661_/Y                                10     20    -10 (VIOLATED)
_14753_/Y                                10     20    -10 (VIOLATED)
_15566_/Y                                10     20    -10 (VIOLATED)
_16075_/Y                                10     20    -10 (VIOLATED)
_16517_/Y                                10     20    -10 (VIOLATED)
fanout253/X                              10     20    -10 (VIOLATED)
fanout256/X                              10     20    -10 (VIOLATED)
fanout257/X                              10     20    -10 (VIOLATED)
fanout258/X                              10     20    -10 (VIOLATED)
fanout259/X                              10     20    -10 (VIOLATED)
fanout260/X                              10     20    -10 (VIOLATED)
fanout262/X                              10     20    -10 (VIOLATED)
fanout264/X                              10     20    -10 (VIOLATED)
fanout266/X                              10     20    -10 (VIOLATED)
fanout267/X                              10     20    -10 (VIOLATED)
fanout269/X                              10     20    -10 (VIOLATED)
fanout271/X                              10     20    -10 (VIOLATED)
fanout273/X                              10     20    -10 (VIOLATED)
fanout274/X                              10     20    -10 (VIOLATED)
fanout275/X                              10     20    -10 (VIOLATED)
fanout277/X                              10     20    -10 (VIOLATED)
fanout279/X                              10     20    -10 (VIOLATED)
fanout282/X                              10     20    -10 (VIOLATED)
fanout283/X                              10     20    -10 (VIOLATED)
fanout290/X                              10     20    -10 (VIOLATED)
fanout292/X                              10     20    -10 (VIOLATED)
fanout298/X                              10     20    -10 (VIOLATED)
fanout304/X                              10     20    -10 (VIOLATED)
fanout305/X                              10     20    -10 (VIOLATED)
fanout306/X                              10     20    -10 (VIOLATED)
fanout307/X                              10     20    -10 (VIOLATED)
fanout308/X                              10     20    -10 (VIOLATED)
fanout310/X                              10     20    -10 (VIOLATED)
fanout313/X                              10     20    -10 (VIOLATED)
fanout316/X                              10     20    -10 (VIOLATED)
fanout319/X                              10     20    -10 (VIOLATED)
fanout323/X                              10     20    -10 (VIOLATED)
fanout324/X                              10     20    -10 (VIOLATED)
fanout325/X                              10     20    -10 (VIOLATED)
fanout326/X                              10     20    -10 (VIOLATED)
fanout327/X                              10     20    -10 (VIOLATED)
fanout328/X                              10     20    -10 (VIOLATED)
fanout329/X                              10     20    -10 (VIOLATED)
fanout330/X                              10     20    -10 (VIOLATED)
fanout333/X                              10     20    -10 (VIOLATED)
fanout337/X                              10     20    -10 (VIOLATED)
fanout338/X                              10     20    -10 (VIOLATED)
fanout340/X                              10     20    -10 (VIOLATED)
fanout341/X                              10     20    -10 (VIOLATED)
fanout343/X                              10     20    -10 (VIOLATED)
fanout346/X                              10     20    -10 (VIOLATED)
fanout348/X                              10     20    -10 (VIOLATED)
fanout349/X                              10     20    -10 (VIOLATED)
fanout350/X                              10     20    -10 (VIOLATED)
fanout353/X                              10     20    -10 (VIOLATED)
fanout357/X                              10     20    -10 (VIOLATED)
fanout358/X                              10     20    -10 (VIOLATED)
fanout359/X                              10     20    -10 (VIOLATED)
fanout360/X                              10     20    -10 (VIOLATED)
fanout363/X                              10     20    -10 (VIOLATED)
fanout365/X                              10     20    -10 (VIOLATED)
fanout368/X                              10     20    -10 (VIOLATED)
fanout371/X                              10     20    -10 (VIOLATED)
fanout373/X                              10     20    -10 (VIOLATED)
fanout374/X                              10     20    -10 (VIOLATED)
fanout375/X                              10     20    -10 (VIOLATED)
fanout376/X                              10     20    -10 (VIOLATED)
fanout377/X                              10     20    -10 (VIOLATED)
fanout378/X                              10     20    -10 (VIOLATED)
fanout380/X                              10     20    -10 (VIOLATED)
fanout382/X                              10     20    -10 (VIOLATED)
fanout383/X                              10     20    -10 (VIOLATED)
fanout385/X                              10     20    -10 (VIOLATED)
fanout386/X                              10     20    -10 (VIOLATED)
fanout388/X                              10     20    -10 (VIOLATED)
fanout390/X                              10     20    -10 (VIOLATED)
fanout392/X                              10     20    -10 (VIOLATED)
fanout393/X                              10     20    -10 (VIOLATED)
fanout394/X                              10     20    -10 (VIOLATED)
fanout395/X                              10     20    -10 (VIOLATED)
fanout396/X                              10     20    -10 (VIOLATED)
fanout398/X                              10     20    -10 (VIOLATED)
fanout399/X                              10     20    -10 (VIOLATED)
fanout400/X                              10     20    -10 (VIOLATED)
fanout402/X                              10     20    -10 (VIOLATED)
fanout405/X                              10     20    -10 (VIOLATED)
fanout407/X                              10     20    -10 (VIOLATED)
fanout408/X                              10     20    -10 (VIOLATED)
fanout413/X                              10     20    -10 (VIOLATED)
fanout417/X                              10     20    -10 (VIOLATED)
fanout419/X                              10     20    -10 (VIOLATED)
fanout421/X                              10     20    -10 (VIOLATED)
fanout423/X                              10     20    -10 (VIOLATED)
fanout424/X                              10     20    -10 (VIOLATED)
fanout425/X                              10     20    -10 (VIOLATED)
fanout427/X                              10     20    -10 (VIOLATED)
fanout431/X                              10     20    -10 (VIOLATED)
fanout435/X                              10     20    -10 (VIOLATED)
fanout437/X                              10     20    -10 (VIOLATED)
fanout439/X                              10     20    -10 (VIOLATED)
fanout445/X                              10     20    -10 (VIOLATED)
fanout448/X                              10     20    -10 (VIOLATED)
fanout450/X                              10     20    -10 (VIOLATED)
fanout453/X                              10     20    -10 (VIOLATED)
fanout454/X                              10     20    -10 (VIOLATED)
fanout455/X                              10     20    -10 (VIOLATED)
fanout458/X                              10     20    -10 (VIOLATED)
fanout460/X                              10     20    -10 (VIOLATED)
fanout461/X                              10     20    -10 (VIOLATED)
fanout462/X                              10     20    -10 (VIOLATED)
fanout464/X                              10     20    -10 (VIOLATED)
fanout465/X                              10     20    -10 (VIOLATED)
fanout466/X                              10     20    -10 (VIOLATED)
fanout468/X                              10     20    -10 (VIOLATED)
fanout469/X                              10     20    -10 (VIOLATED)
fanout472/X                              10     20    -10 (VIOLATED)
fanout476/X                              10     20    -10 (VIOLATED)
fanout477/X                              10     20    -10 (VIOLATED)
fanout478/X                              10     20    -10 (VIOLATED)
fanout481/X                              10     20    -10 (VIOLATED)
fanout482/X                              10     20    -10 (VIOLATED)
fanout484/X                              10     20    -10 (VIOLATED)
fanout485/X                              10     20    -10 (VIOLATED)
fanout489/X                              10     20    -10 (VIOLATED)
fanout492/X                              10     20    -10 (VIOLATED)
fanout493/X                              10     20    -10 (VIOLATED)
fanout494/X                              10     20    -10 (VIOLATED)
fanout496/X                              10     20    -10 (VIOLATED)
fanout498/X                              10     20    -10 (VIOLATED)
fanout499/X                              10     20    -10 (VIOLATED)
fanout501/X                              10     20    -10 (VIOLATED)
fanout503/X                              10     20    -10 (VIOLATED)
fanout506/X                              10     20    -10 (VIOLATED)
fanout508/X                              10     20    -10 (VIOLATED)
fanout512/X                              10     20    -10 (VIOLATED)
fanout514/X                              10     20    -10 (VIOLATED)
fanout515/X                              10     20    -10 (VIOLATED)
fanout517/X                              10     20    -10 (VIOLATED)
fanout520/X                              10     20    -10 (VIOLATED)
fanout521/X                              10     20    -10 (VIOLATED)
fanout522/X                              10     20    -10 (VIOLATED)
fanout526/X                              10     20    -10 (VIOLATED)
fanout527/X                              10     20    -10 (VIOLATED)
fanout531/X                              10     20    -10 (VIOLATED)
fanout532/X                              10     20    -10 (VIOLATED)
fanout533/X                              10     20    -10 (VIOLATED)
fanout534/X                              10     20    -10 (VIOLATED)
fanout537/X                              10     20    -10 (VIOLATED)
fanout539/X                              10     20    -10 (VIOLATED)
fanout540/X                              10     20    -10 (VIOLATED)
fanout543/X                              10     20    -10 (VIOLATED)
fanout544/X                              10     20    -10 (VIOLATED)
fanout548/X                              10     20    -10 (VIOLATED)
fanout551/X                              10     20    -10 (VIOLATED)
fanout553/X                              10     20    -10 (VIOLATED)
fanout557/X                              10     20    -10 (VIOLATED)
fanout563/X                              10     20    -10 (VIOLATED)
fanout566/X                              10     20    -10 (VIOLATED)
fanout569/X                              10     20    -10 (VIOLATED)
fanout573/X                              10     20    -10 (VIOLATED)
fanout574/X                              10     20    -10 (VIOLATED)
fanout577/X                              10     20    -10 (VIOLATED)
fanout580/X                              10     20    -10 (VIOLATED)
fanout581/X                              10     20    -10 (VIOLATED)
fanout583/X                              10     20    -10 (VIOLATED)
fanout584/X                              10     20    -10 (VIOLATED)
fanout586/X                              10     20    -10 (VIOLATED)
fanout589/X                              10     20    -10 (VIOLATED)
input10/X                                10     20    -10 (VIOLATED)
input121/X                               10     20    -10 (VIOLATED)
input122/X                               10     20    -10 (VIOLATED)
input174/X                               10     20    -10 (VIOLATED)
input27/X                                10     20    -10 (VIOLATED)
input40/X                                10     20    -10 (VIOLATED)
input67/X                                10     20    -10 (VIOLATED)
input69/X                                10     20    -10 (VIOLATED)
input70/X                                10     20    -10 (VIOLATED)
input95/X                                10     20    -10 (VIOLATED)
_11241_/Y                                10     18     -8 (VIOLATED)
_11286_/Y                                10     18     -8 (VIOLATED)
_11299_/Y                                10     18     -8 (VIOLATED)
_11361_/X                                10     18     -8 (VIOLATED)
_11449_/Y                                10     18     -8 (VIOLATED)
_12083_/Y                                10     18     -8 (VIOLATED)
_12314_/X                                10     18     -8 (VIOLATED)
_13074_/X                                10     18     -8 (VIOLATED)
_13086_/X                                10     18     -8 (VIOLATED)
_13135_/Y                                10     18     -8 (VIOLATED)
_13713_/Y                                10     18     -8 (VIOLATED)
_14670_/Y                                10     18     -8 (VIOLATED)
_15567_/Y                                10     18     -8 (VIOLATED)
clkbuf_1_1__f_clk/X                      10     18     -8 (VIOLATED)
fanout334/X                              10     18     -8 (VIOLATED)
fanout345/X                              10     18     -8 (VIOLATED)
fanout347/X                              10     18     -8 (VIOLATED)
fanout352/X                              10     18     -8 (VIOLATED)
fanout364/X                              10     18     -8 (VIOLATED)
fanout370/X                              10     18     -8 (VIOLATED)
fanout389/X                              10     18     -8 (VIOLATED)
fanout404/X                              10     18     -8 (VIOLATED)
fanout430/X                              10     18     -8 (VIOLATED)
fanout438/X                              10     18     -8 (VIOLATED)
fanout457/X                              10     18     -8 (VIOLATED)
fanout459/X                              10     18     -8 (VIOLATED)
fanout475/X                              10     18     -8 (VIOLATED)
fanout480/X                              10     18     -8 (VIOLATED)
fanout497/X                              10     18     -8 (VIOLATED)
fanout504/X                              10     18     -8 (VIOLATED)
fanout505/X                              10     18     -8 (VIOLATED)
fanout525/X                              10     18     -8 (VIOLATED)
fanout570/X                              10     18     -8 (VIOLATED)
fanout582/X                              10     18     -8 (VIOLATED)
input26/X                                10     18     -8 (VIOLATED)
input33/X                                10     18     -8 (VIOLATED)
input43/X                                10     18     -8 (VIOLATED)
input62/X                                10     18     -8 (VIOLATED)
input68/X                                10     18     -8 (VIOLATED)
input79/X                                10     18     -8 (VIOLATED)
input86/X                                10     18     -8 (VIOLATED)
input87/X                                10     18     -8 (VIOLATED)
input89/X                                10     18     -8 (VIOLATED)
input94/X                                10     18     -8 (VIOLATED)
max_cap263/X                             10     18     -8 (VIOLATED)
wire379/X                                10     18     -8 (VIOLATED)
_11197_/Y                                10     16     -6 (VIOLATED)
_11203_/Y                                10     16     -6 (VIOLATED)
_11207_/Y                                10     16     -6 (VIOLATED)
_11217_/Y                                10     16     -6 (VIOLATED)
_11250_/Y                                10     16     -6 (VIOLATED)
_11444_/X                                10     16     -6 (VIOLATED)
_11851_/Y                                10     16     -6 (VIOLATED)
_12085_/Y                                10     16     -6 (VIOLATED)
_12092_/X                                10     16     -6 (VIOLATED)
_12421_/Y                                10     16     -6 (VIOLATED)
_12650_/Y                                10     16     -6 (VIOLATED)
_13062_/Y                                10     16     -6 (VIOLATED)
_13101_/X                                10     16     -6 (VIOLATED)
_13598_/Y                                10     16     -6 (VIOLATED)
_13709_/X                                10     16     -6 (VIOLATED)
_13876_/X                                10     16     -6 (VIOLATED)
_14620_/Y                                10     16     -6 (VIOLATED)
_15196_/Y                                10     16     -6 (VIOLATED)
_15609_/Y                                10     16     -6 (VIOLATED)
_15634_/X                                10     16     -6 (VIOLATED)
_15636_/Y                                10     16     -6 (VIOLATED)
_16518_/Y                                10     16     -6 (VIOLATED)
fanout311/X                              10     16     -6 (VIOLATED)
fanout322/X                              10     16     -6 (VIOLATED)
fanout356/X                              10     16     -6 (VIOLATED)
fanout367/X                              10     16     -6 (VIOLATED)
fanout391/X                              10     16     -6 (VIOLATED)
fanout401/X                              10     16     -6 (VIOLATED)
fanout406/X                              10     16     -6 (VIOLATED)
fanout411/X                              10     16     -6 (VIOLATED)
fanout415/X                              10     16     -6 (VIOLATED)
fanout416/X                              10     16     -6 (VIOLATED)
fanout422/X                              10     16     -6 (VIOLATED)
fanout449/X                              10     16     -6 (VIOLATED)
fanout523/X                              10     16     -6 (VIOLATED)
fanout529/X                              10     16     -6 (VIOLATED)
fanout549/X                              10     16     -6 (VIOLATED)
fanout578/X                              10     16     -6 (VIOLATED)
input104/X                               10     16     -6 (VIOLATED)
input158/X                               10     16     -6 (VIOLATED)
input210/X                               10     16     -6 (VIOLATED)
input220/X                               10     16     -6 (VIOLATED)
input41/X                                10     16     -6 (VIOLATED)
input85/X                                10     16     -6 (VIOLATED)
wire295/X                                10     16     -6 (VIOLATED)
wire303/X                                10     16     -6 (VIOLATED)
_11206_/Y                                10     14     -4 (VIOLATED)
_11208_/Y                                10     14     -4 (VIOLATED)
_11211_/Y                                10     14     -4 (VIOLATED)
_11238_/X                                10     14     -4 (VIOLATED)
_11358_/Y                                10     14     -4 (VIOLATED)
_11421_/X                                10     14     -4 (VIOLATED)
_11624_/Y                                10     14     -4 (VIOLATED)
_11760_/X                                10     14     -4 (VIOLATED)
_12176_/Y                                10     14     -4 (VIOLATED)
_12177_/X                                10     14     -4 (VIOLATED)
_12224_/Y                                10     14     -4 (VIOLATED)
_13088_/Y                                10     14     -4 (VIOLATED)
_13104_/Y                                10     14     -4 (VIOLATED)
_13154_/X                                10     14     -4 (VIOLATED)
_13174_/Y                                10     14     -4 (VIOLATED)
_13314_/Y                                10     14     -4 (VIOLATED)
_13325_/Y                                10     14     -4 (VIOLATED)
_13668_/X                                10     14     -4 (VIOLATED)
_13864_/Y                                10     14     -4 (VIOLATED)
_13872_/Y                                10     14     -4 (VIOLATED)
_13880_/Y                                10     14     -4 (VIOLATED)
_14636_/X                                10     14     -4 (VIOLATED)
_14734_/Y                                10     14     -4 (VIOLATED)
_14754_/Y                                10     14     -4 (VIOLATED)
_14759_/X                                10     14     -4 (VIOLATED)
_15237_/Y                                10     14     -4 (VIOLATED)
_15278_/X                                10     14     -4 (VIOLATED)
_15573_/X                                10     14     -4 (VIOLATED)
_15600_/X                                10     14     -4 (VIOLATED)
_15621_/Y                                10     14     -4 (VIOLATED)
_16072_/X                                10     14     -4 (VIOLATED)
_16687_/X                                10     14     -4 (VIOLATED)
clkbuf_1_0__f_clk/X                      10     14     -4 (VIOLATED)
fanout314/X                              10     14     -4 (VIOLATED)
fanout362/X                              10     14     -4 (VIOLATED)
fanout381/X                              10     14     -4 (VIOLATED)
fanout420/X                              10     14     -4 (VIOLATED)
fanout428/X                              10     14     -4 (VIOLATED)
fanout432/X                              10     14     -4 (VIOLATED)
fanout452/X                              10     14     -4 (VIOLATED)
fanout488/X                              10     14     -4 (VIOLATED)
fanout510/X                              10     14     -4 (VIOLATED)
fanout511/X                              10     14     -4 (VIOLATED)
fanout524/X                              10     14     -4 (VIOLATED)
fanout575/X                              10     14     -4 (VIOLATED)
fanout588/X                              10     14     -4 (VIOLATED)
input123/X                               10     14     -4 (VIOLATED)
input176/X                               10     14     -4 (VIOLATED)
input28/X                                10     14     -4 (VIOLATED)
input45/X                                10     14     -4 (VIOLATED)
input80/X                                10     14     -4 (VIOLATED)
input92/X                                10     14     -4 (VIOLATED)
input93/X                                10     14     -4 (VIOLATED)
input96/X                                10     14     -4 (VIOLATED)
max_cap293/X                             10     14     -4 (VIOLATED)
wire552/X                                10     14     -4 (VIOLATED)
_11196_/Y                                10     12     -2 (VIOLATED)
_11242_/Y                                10     12     -2 (VIOLATED)
_11313_/Y                                10     12     -2 (VIOLATED)
_11323_/X                                10     12     -2 (VIOLATED)
_11342_/X                                10     12     -2 (VIOLATED)
_11343_/Y                                10     12     -2 (VIOLATED)
_11360_/Y                                10     12     -2 (VIOLATED)
_11445_/Y                                10     12     -2 (VIOLATED)
_11681_/Y                                10     12     -2 (VIOLATED)
_11854_/X                                10     12     -2 (VIOLATED)
_11991_/Y                                10     12     -2 (VIOLATED)
_12226_/Y                                10     12     -2 (VIOLATED)
_12333_/Y                                10     12     -2 (VIOLATED)
_12334_/X                                10     12     -2 (VIOLATED)
_13118_/X                                10     12     -2 (VIOLATED)
_13119_/Y                                10     12     -2 (VIOLATED)
_13197_/X                                10     12     -2 (VIOLATED)
_13235_/Y                                10     12     -2 (VIOLATED)
_13319_/Y                                10     12     -2 (VIOLATED)
_13447_/Y                                10     12     -2 (VIOLATED)
_13490_/Y                                10     12     -2 (VIOLATED)
_13586_/Y                                10     12     -2 (VIOLATED)
_13597_/Y                                10     12     -2 (VIOLATED)
_13858_/Y                                10     12     -2 (VIOLATED)
_13862_/Y                                10     12     -2 (VIOLATED)
_13870_/Y                                10     12     -2 (VIOLATED)
_13882_/Y                                10     12     -2 (VIOLATED)
_14158_/X                                10     12     -2 (VIOLATED)
_14667_/Y                                10     12     -2 (VIOLATED)
_14674_/X                                10     12     -2 (VIOLATED)
_14684_/Y                                10     12     -2 (VIOLATED)
_14841_/X                                10     12     -2 (VIOLATED)
_14911_/Y                                10     12     -2 (VIOLATED)
_15027_/Y                                10     12     -2 (VIOLATED)
_15311_/Y                                10     12     -2 (VIOLATED)
_15351_/Y                                10     12     -2 (VIOLATED)
_15446_/Y                                10     12     -2 (VIOLATED)
_15610_/X                                10     12     -2 (VIOLATED)
_15646_/X                                10     12     -2 (VIOLATED)
_16608_/X                                10     12     -2 (VIOLATED)
_16712_/Y                                10     12     -2 (VIOLATED)
_17774_/X                                10     12     -2 (VIOLATED)
_19041_/Y                                10     12     -2 (VIOLATED)
_19058_/Y                                10     12     -2 (VIOLATED)
fanout272/X                              10     12     -2 (VIOLATED)
fanout276/X                              10     12     -2 (VIOLATED)
fanout315/X                              10     12     -2 (VIOLATED)
fanout321/X                              10     12     -2 (VIOLATED)
fanout342/X                              10     12     -2 (VIOLATED)
fanout355/X                              10     12     -2 (VIOLATED)
fanout372/X                              10     12     -2 (VIOLATED)
fanout384/X                              10     12     -2 (VIOLATED)
fanout397/X                              10     12     -2 (VIOLATED)
fanout433/X                              10     12     -2 (VIOLATED)
fanout436/X                              10     12     -2 (VIOLATED)
fanout441/X                              10     12     -2 (VIOLATED)
fanout446/X                              10     12     -2 (VIOLATED)
fanout456/X                              10     12     -2 (VIOLATED)
fanout463/X                              10     12     -2 (VIOLATED)
fanout467/X                              10     12     -2 (VIOLATED)
fanout473/X                              10     12     -2 (VIOLATED)
fanout474/X                              10     12     -2 (VIOLATED)
fanout509/X                              10     12     -2 (VIOLATED)
fanout513/X                              10     12     -2 (VIOLATED)
fanout530/X                              10     12     -2 (VIOLATED)
fanout536/X                              10     12     -2 (VIOLATED)
fanout538/X                              10     12     -2 (VIOLATED)
fanout542/X                              10     12     -2 (VIOLATED)
fanout546/X                              10     12     -2 (VIOLATED)
fanout547/X                              10     12     -2 (VIOLATED)
fanout564/X                              10     12     -2 (VIOLATED)
fanout567/X                              10     12     -2 (VIOLATED)
input159/X                               10     12     -2 (VIOLATED)
input177/X                               10     12     -2 (VIOLATED)
input193/X                               10     12     -2 (VIOLATED)
input63/X                                10     12     -2 (VIOLATED)
input90/X                                10     12     -2 (VIOLATED)
input91/X                                10     12     -2 (VIOLATED)
max_cap254/X                             10     12     -2 (VIOLATED)
max_cap286/X                             10     12     -2 (VIOLATED)
max_cap291/X                             10     12     -2 (VIOLATED)
wire255/X                                10     12     -2 (VIOLATED)

max capacitance

Pin                                        Limit         Cap       Slack
------------------------------------------------------------------------
input33/X                               0.200000    0.204342   -0.004342 (VIOLATED)



===========================================================================
report_parasitic_annotation -report_unannotated
============================================================================
Found 23 unannotated drivers.
 input_data[127]
 input_data[191]
 input_data[207]
 input_data[208]
 input_data[209]
 input_data[210]
 input_data[211]
 input_data[212]
 input_data[213]
 input_data[214]
 input_data[215]
 input_data[216]
 input_data[217]
 input_data[218]
 input_data[219]
 input_data[220]
 input_data[221]
 input_data[222]
 input_data[223]
 input_data[238]
 input_data[239]
 input_data[63]
 input_data[79]
Found 0 partially unannotated drivers.

===========================================================================
max slew violation count 467
max fanout violation count 414
max cap violation count 1
============================================================================

===========================================================================
check_setup -verbose -unconstrained_endpoints -multiple_clock -no_clock -no_input_delay -loops -generated_clocks
===========================================================================
