Reading OpenROAD database at '/mnt/d/APIC/FIR_Openlane/Lowpass/runs/RUN_2024-06-17_19-19-26/36-openroad-globalrouting/lowpass.odb'…
Reading library file at '/home/nurwiyoso14/.volare/volare/sky130/versions/bdc9412b3e468c102d01b7cf6337be06ec6e9c9a/sky130A/libs.ref/sky130_fd_sc_hd/lib/sky130_fd_sc_hd__ss_100C_1v60.lib'…
Reading design constraints file at '/nix/store/ly0xjc8f0gmgmckxcrs0bw8vqc9gf9bk-python3-3.11.6-env/lib/python3.11/site-packages/openlane/scripts/base.sdc'…
[INFO] Using clock clk…
[INFO] Setting output delay to: 5
[INFO] Setting input delay to: 5
[INFO] Setting load to: 0.033442
[INFO] Setting clock uncertainty to: 0.25
[INFO] Setting clock transition to: 0.1499999999999999944488848768742172978818416595458984375
[INFO] Setting timing derate to: 5%
%OL_CREATE_REPORT /mnt/d/APIC/FIR_Openlane/Lowpass/runs/RUN_2024-06-17_19-19-26/37-openroad-checkantennas/reports/antenna.rpt
Net: net107
  Pin: _26933_/A (sky130_fd_sc_hd__or2_1)
    Layer: li1
      Partial area ratio:    0.00
      Required ratio:    0.00 (Gate area) 
      Partial area ratio:    0.00
      Required ratio:   75.00 (Side area) 
      Cumulative area ratio:    0.00
      Required ratio:    0.00 (Cumulative area) 
      Cumulative area ratio:    0.00
      Required ratio:    0.00 (Cumulative side area) 

    Layer: met1
      Partial area ratio:  230.16
      Required ratio:    0.00 (Gate area) 
      Partial area ratio: 1151.56
      Required ratio:  400.00 (Side area) (VIOLATED)
      Cumulative area ratio:  230.16
      Required ratio:    0.00 (Cumulative area) 
      Cumulative area ratio: 1151.56
      Required ratio:    0.00 (Cumulative side area) 

    Via: L1M1_PR
      Partial area ratio:    0.23
      Required ratio:    3.00 (Gate area) 
      Cumulative area ratio:    0.23
      Required ratio:    0.00 (Cumulative area) 


Net: net237
  Pin: _20862_/A_N (sky130_fd_sc_hd__nand2b_4)
    Layer: met1
      Partial area ratio:   23.58
      Required ratio:    0.00 (Gate area) 
      Partial area ratio:  118.67
      Required ratio:  400.00 (Side area) 
      Cumulative area ratio:   23.58
      Required ratio:    0.00 (Cumulative area) 
      Cumulative area ratio:  118.67
      Required ratio:    0.00 (Cumulative side area) 

    Layer: li1
      Partial area ratio:    0.00
      Required ratio:    0.00 (Gate area) 
      Partial area ratio:    0.00
      Required ratio:   75.00 (Side area) 
      Cumulative area ratio:    0.00
      Required ratio:    0.00 (Cumulative area) 
      Cumulative area ratio:    0.00
      Required ratio:    0.00 (Cumulative side area) 

    Layer: met2
      Partial area ratio:  128.88
      Required ratio:    0.00 (Gate area) 
      Partial area ratio:  644.79
      Required ratio:  400.00 (Side area) (VIOLATED)
      Cumulative area ratio:  152.46
      Required ratio:    0.00 (Cumulative area) 
      Cumulative area ratio:  763.47
      Required ratio:    0.00 (Cumulative side area) 

    Via: M1M2_PR
      Partial area ratio:    0.09
      Required ratio:    6.00 (Gate area) 
      Cumulative area ratio:    0.21
      Required ratio:    0.00 (Cumulative area) 

    Via: L1M1_PR
      Partial area ratio:    0.12
      Required ratio:    3.00 (Gate area) 
      Cumulative area ratio:    0.12
      Required ratio:    0.00 (Cumulative area) 


Net: net277
  Pin: _34703_/B (sky130_fd_sc_hd__xor2_2)
    Layer: met1
      Partial area ratio:    1.70
      Required ratio:    0.00 (Gate area) 
      Partial area ratio:    8.92
      Required ratio:  400.00 (Side area) 
      Cumulative area ratio:    1.70
      Required ratio:    0.00 (Cumulative area) 
      Cumulative area ratio:    8.92
      Required ratio:    0.00 (Cumulative side area) 

    Layer: met2
      Partial area ratio:   10.79
      Required ratio:    0.00 (Gate area) 
      Partial area ratio:   54.26
      Required ratio:  400.00 (Side area) 
      Cumulative area ratio:   12.50
      Required ratio:    0.00 (Cumulative area) 
      Cumulative area ratio:   63.18
      Required ratio:    0.00 (Cumulative side area) 

    Layer: met3
      Partial area ratio:    2.18
      Required ratio:    0.00 (Gate area) 
      Partial area ratio:   12.12
      Required ratio:  400.00 (Side area) 
      Cumulative area ratio:   14.68
      Required ratio:    0.00 (Cumulative area) 
      Cumulative area ratio:   75.30
      Required ratio:    0.00 (Cumulative side area) 

    Layer: met4
      Partial area ratio:   85.82
      Required ratio:    0.00 (Gate area) 
      Partial area ratio:  458.18
      Required ratio:  400.00 (Side area) (VIOLATED)
      Cumulative area ratio:  100.50
      Required ratio:    0.00 (Cumulative area) 
      Cumulative area ratio:  533.48
      Required ratio:    0.00 (Cumulative side area) 

    Via: M1M2_PR
      Partial area ratio:    0.02
      Required ratio:    6.00 (Gate area) 
      Cumulative area ratio:    0.02
      Required ratio:    0.00 (Cumulative area) 

    Via: M2M3_PR
      Partial area ratio:    0.04
      Required ratio:    6.00 (Gate area) 
      Cumulative area ratio:    0.06
      Required ratio:    0.00 (Cumulative area) 

    Via: M3M4_PR
      Partial area ratio:    0.04
      Required ratio:    6.00 (Gate area) 
      Cumulative area ratio:    0.10
      Required ratio:    0.00 (Cumulative area) 


Net: net415
  Pin: _20947_/A (sky130_fd_sc_hd__and2_1)
    Layer: met2
      Partial area ratio:  253.93
      Required ratio:    0.00 (Gate area) 
      Partial area ratio: 1274.33
      Required ratio:  400.00 (Side area) (VIOLATED)
      Cumulative area ratio:  285.07
      Required ratio:    0.00 (Cumulative area) 
      Cumulative area ratio: 1432.33
      Required ratio:    0.00 (Cumulative side area) 

    Layer: met1
      Partial area ratio:   31.13
      Required ratio:    0.00 (Gate area) 
      Partial area ratio:  158.00
      Required ratio:  400.00 (Side area) 
      Cumulative area ratio:   31.13
      Required ratio:    0.00 (Cumulative area) 
      Cumulative area ratio:  158.00
      Required ratio:    0.00 (Cumulative side area) 

    Layer: li1
      Partial area ratio:    0.00
      Required ratio:    0.00 (Gate area) 
      Partial area ratio:    0.00
      Required ratio:   75.00 (Side area) 
      Cumulative area ratio:    0.00
      Required ratio:    0.00 (Cumulative area) 
      Cumulative area ratio:    0.00
      Required ratio:    0.00 (Cumulative side area) 

    Via: M1M2_PR
      Partial area ratio:    0.36
      Required ratio:    6.00 (Gate area) 
      Cumulative area ratio:    0.59
      Required ratio:    0.00 (Cumulative area) 

    Via: L1M1_PR
      Partial area ratio:    0.23
      Required ratio:    3.00 (Gate area) 
      Cumulative area ratio:    0.23
      Required ratio:    0.00 (Cumulative area) 


Net: net489
  Pin: _24712_/B (sky130_fd_sc_hd__and2_1)
    Layer: li1
      Partial area ratio:    0.00
      Required ratio:    0.00 (Gate area) 
      Partial area ratio:    0.00
      Required ratio:   75.00 (Side area) 
      Cumulative area ratio:    0.00
      Required ratio:    0.00 (Cumulative area) 
      Cumulative area ratio:    0.00
      Required ratio:    0.00 (Cumulative side area) 

    Layer: met1
      Partial area ratio:  107.64
      Required ratio:    0.00 (Gate area) 
      Partial area ratio:  539.78
      Required ratio:  400.00 (Side area) (VIOLATED)
      Cumulative area ratio:  107.64
      Required ratio:    0.00 (Cumulative area) 
      Cumulative area ratio:  539.78
      Required ratio:    0.00 (Cumulative side area) 

    Layer: met2
      Partial area ratio:    7.82
      Required ratio:    0.00 (Gate area) 
      Partial area ratio:   39.89
      Required ratio:  400.00 (Side area) 
      Cumulative area ratio:  115.47
      Required ratio:    0.00 (Cumulative area) 
      Cumulative area ratio:  579.67
      Required ratio:    0.00 (Cumulative side area) 

    Via: L1M1_PR
      Partial area ratio:    0.23
      Required ratio:    3.00 (Gate area) 
      Cumulative area ratio:    0.23
      Required ratio:    0.00 (Cumulative area) 

    Via: M1M2_PR
      Partial area ratio:    0.18
      Required ratio:    6.00 (Gate area) 
      Cumulative area ratio:    0.41
      Required ratio:    0.00 (Cumulative area) 


Net: net604
  Pin: _21219_/A (sky130_fd_sc_hd__nand2_1)
    Layer: li1
      Partial area ratio:    0.00
      Required ratio:    0.00 (Gate area) 
      Partial area ratio:    0.00
      Required ratio:   75.00 (Side area) 
      Cumulative area ratio:    0.00
      Required ratio:    0.00 (Cumulative area) 
      Cumulative area ratio:    0.00
      Required ratio:    0.00 (Cumulative side area) 

    Layer: met1
      Partial area ratio:   27.48
      Required ratio:    0.00 (Gate area) 
      Partial area ratio:  138.19
      Required ratio:  400.00 (Side area) 
      Cumulative area ratio:   27.48
      Required ratio:    0.00 (Cumulative area) 
      Cumulative area ratio:  138.19
      Required ratio:    0.00 (Cumulative side area) 

    Layer: met2
      Partial area ratio:  183.60
      Required ratio:    0.00 (Gate area) 
      Partial area ratio:  918.80
      Required ratio:  400.00 (Side area) (VIOLATED)
      Cumulative area ratio:  211.08
      Required ratio:    0.00 (Cumulative area) 
      Cumulative area ratio: 1056.99
      Required ratio:    0.00 (Cumulative side area) 

    Via: L1M1_PR
      Partial area ratio:    0.12
      Required ratio:    3.00 (Gate area) 
      Cumulative area ratio:    0.12
      Required ratio:    0.00 (Cumulative area) 

    Via: M1M2_PR
      Partial area ratio:    0.09
      Required ratio:    6.00 (Gate area) 
      Cumulative area ratio:    0.21
      Required ratio:    0.00 (Cumulative area) 


Net: net1036
  Pin: _23044_/B (sky130_fd_sc_hd__and2_1)
    Layer: li1
      Partial area ratio:    0.00
      Required ratio:    0.00 (Gate area) 
      Partial area ratio:    0.00
      Required ratio:   75.00 (Side area) 
      Cumulative area ratio:    0.00
      Required ratio:    0.00 (Cumulative area) 
      Cumulative area ratio:    0.00
      Required ratio:    0.00 (Cumulative side area) 

    Layer: met1
      Partial area ratio:   38.80
      Required ratio:    0.00 (Gate area) 
      Partial area ratio:  196.33
      Required ratio:  400.00 (Side area) 
      Cumulative area ratio:   38.80
      Required ratio:    0.00 (Cumulative area) 
      Cumulative area ratio:  196.33
      Required ratio:    0.00 (Cumulative side area) 

    Layer: met2
      Partial area ratio:  199.64
      Required ratio:    0.00 (Gate area) 
      Partial area ratio:  999.78
      Required ratio:  400.00 (Side area) (VIOLATED)
      Cumulative area ratio:  238.44
      Required ratio:    0.00 (Cumulative area) 
      Cumulative area ratio: 1196.11
      Required ratio:    0.00 (Cumulative side area) 

    Via: L1M1_PR
      Partial area ratio:    0.23
      Required ratio:    3.00 (Gate area) 
      Cumulative area ratio:    0.23
      Required ratio:    0.00 (Cumulative area) 

    Via: M1M2_PR
      Partial area ratio:    0.36
      Required ratio:    6.00 (Gate area) 
      Cumulative area ratio:    0.59
      Required ratio:    0.00 (Cumulative area) 


[INFO ANT-0002] Found 7 net violations.
[INFO ANT-0001] Found 7 pin violations.
%OL_END_REPORT
