
===========================================================================
report_checks -unconstrained
===========================================================================
======================= max_ff_n40C_1v95 Corner ===================================

Startpoint: input_data[64] (input port clocked by clk)
Endpoint: _22395_ (rising edge-triggered flip-flop clocked by clk)
Path Group: clk
Path Type: max

Fanout         Cap        Slew       Delay        Time   Description
---------------------------------------------------------------------------------------------
                                  0.000000    0.000000   clock clk (rise edge)
                                  0.000000    0.000000   clock network delay (propagated)
                                  5.000000    5.000000 ^ input external delay
     2    0.004103    0.018561    0.010704    5.010705 ^ input_data[64] (in)
                                                         input_data[64] (net)
                      0.018563    0.000000    5.010705 ^ input179/A (sky130_fd_sc_hd__buf_1)
     1    0.008664    0.081302    0.083132    5.093837 ^ input179/X (sky130_fd_sc_hd__buf_1)
                                                         net179 (net)
                      0.081312    0.000755    5.094591 ^ fanout476/A (sky130_fd_sc_hd__buf_6)
    20    0.176182    0.259266    0.186512    5.281103 ^ fanout476/X (sky130_fd_sc_hd__buf_6)
                                                         net476 (net)
                      0.259501    0.007448    5.288551 ^ fanout475/A (sky130_fd_sc_hd__buf_4)
    18    0.082120    0.173154    0.197071    5.485622 ^ fanout475/X (sky130_fd_sc_hd__buf_4)
                                                         net475 (net)
                      0.173184    0.001953    5.487575 ^ fanout474/A (sky130_fd_sc_hd__clkbuf_4)
    12    0.063702    0.148562    0.199099    5.686675 ^ fanout474/X (sky130_fd_sc_hd__clkbuf_4)
                                                         net474 (net)
                      0.148635    0.002796    5.689470 ^ fanout473/A (sky130_fd_sc_hd__clkbuf_4)
    12    0.070900    0.164175    0.204818    5.894288 ^ fanout473/X (sky130_fd_sc_hd__clkbuf_4)
                                                         net473 (net)
                      0.164207    0.001950    5.896238 ^ fanout472/A (sky130_fd_sc_hd__clkbuf_8)
    20    0.095906    0.130861    0.180947    6.077185 ^ fanout472/X (sky130_fd_sc_hd__clkbuf_8)
                                                         net472 (net)
                      0.133294    0.014195    6.091381 ^ _11710_/A (sky130_fd_sc_hd__nand2_2)
     5    0.027926    0.087861    0.087959    6.179340 v _11710_/Y (sky130_fd_sc_hd__nand2_2)
                                                         _08480_ (net)
                      0.087882    0.001118    6.180458 v fanout292/A (sky130_fd_sc_hd__clkbuf_8)
    20    0.112316    0.089460    0.167723    6.348180 v fanout292/X (sky130_fd_sc_hd__clkbuf_8)
                                                         net292 (net)
                      0.093610    0.015041    6.363221 v _11712_/A (sky130_fd_sc_hd__and2_2)
     6    0.047759    0.090793    0.196009    6.559231 v _11712_/X (sky130_fd_sc_hd__and2_2)
                                                         _08502_ (net)
                      0.090829    0.001501    6.560731 v fanout274/A (sky130_fd_sc_hd__buf_8)
    20    0.155715    0.080006    0.133954    6.694685 v fanout274/X (sky130_fd_sc_hd__buf_8)
                                                         net274 (net)
                      0.098850    0.027212    6.721898 v _14680_/A1 (sky130_fd_sc_hd__a21oi_4)
     8    0.058571    0.317190    0.286236    7.008133 ^ _14680_/Y (sky130_fd_sc_hd__a21oi_4)
                                                         _04295_ (net)
                      0.317348    0.005728    7.013862 ^ _14687_/A (sky130_fd_sc_hd__xor2_4)
     2    0.019367    0.084236    0.078888    7.092750 v _14687_/X (sky130_fd_sc_hd__xor2_4)
                                                         _04303_ (net)
                      0.084237    0.000822    7.093572 v _14764_/A2 (sky130_fd_sc_hd__o21a_2)
     2    0.022426    0.056076    0.173667    7.267239 v _14764_/X (sky130_fd_sc_hd__o21a_2)
                                                         _04387_ (net)
                      0.056136    0.001530    7.268768 v _14765_/B (sky130_fd_sc_hd__nor2_1)
     2    0.017233    0.225086    0.188421    7.457190 ^ _14765_/Y (sky130_fd_sc_hd__nor2_1)
                                                         _04388_ (net)
                      0.225098    0.001393    7.458582 ^ _14852_/A (sky130_fd_sc_hd__xnor2_2)
     4    0.019268    0.087729    0.092945    7.551528 v _14852_/Y (sky130_fd_sc_hd__xnor2_2)
                                                         _04484_ (net)
                      0.087750    0.001126    7.552654 v _14924_/A2 (sky130_fd_sc_hd__a211o_1)
     2    0.010131    0.058033    0.225723    7.778377 v _14924_/X (sky130_fd_sc_hd__a211o_1)
                                                         _04563_ (net)
                      0.058046    0.000719    7.779097 v _14925_/C (sky130_fd_sc_hd__nand3b_2)
     1    0.017061    0.098430    0.103593    7.882689 ^ _14925_/Y (sky130_fd_sc_hd__nand3b_2)
                                                         _04564_ (net)
                      0.098465    0.001397    7.884087 ^ _14926_/B (sky130_fd_sc_hd__xor2_4)
     4    0.048163    0.275724    0.235532    8.119619 ^ _14926_/X (sky130_fd_sc_hd__xor2_4)
                                                         _04565_ (net)
                      0.276448    0.011188    8.130807 ^ _14965_/A (sky130_fd_sc_hd__xor2_1)
     2    0.012980    0.099868    0.104700    8.235508 v _14965_/X (sky130_fd_sc_hd__xor2_1)
                                                         _04608_ (net)
                      0.099887    0.001117    8.236625 v _14966_/B (sky130_fd_sc_hd__and2_1)
     4    0.016024    0.062808    0.161138    8.397762 v _14966_/X (sky130_fd_sc_hd__and2_1)
                                                         _04609_ (net)
                      0.062832    0.001017    8.398780 v _15103_/A (sky130_fd_sc_hd__or3_4)
     3    0.014557    0.056994    0.257234    8.656013 v _15103_/X (sky130_fd_sc_hd__or3_4)
                                                         _04760_ (net)
                      0.057034    0.001128    8.657142 v _15124_/A1 (sky130_fd_sc_hd__a21o_1)
     2    0.009968    0.045537    0.126737    8.783878 v _15124_/X (sky130_fd_sc_hd__a21o_1)
                                                         _04783_ (net)
                      0.045555    0.000756    8.784635 v _15125_/C (sky130_fd_sc_hd__and3_2)
     3    0.020487    0.055722    0.168376    8.953011 v _15125_/X (sky130_fd_sc_hd__and3_2)
                                                         _04784_ (net)
                      0.055819    0.001854    8.954865 v _15151_/A1 (sky130_fd_sc_hd__o211a_1)
     2    0.019831    0.077328    0.197270    9.152135 v _15151_/X (sky130_fd_sc_hd__o211a_1)
                                                         _04813_ (net)
                      0.077393    0.001862    9.153996 v _15157_/A2 (sky130_fd_sc_hd__o21ba_1)
     2    0.007650    0.040865    0.136464    9.290461 v _15157_/X (sky130_fd_sc_hd__o21ba_1)
                                                         _04820_ (net)
                      0.040876    0.000563    9.291023 v _15179_/B (sky130_fd_sc_hd__or3_2)
     4    0.020026    0.085974    0.304402    9.595426 v _15179_/X (sky130_fd_sc_hd__or3_2)
                                                         _04844_ (net)
                      0.086013    0.001402    9.596828 v _15183_/A (sky130_fd_sc_hd__and3_1)
     4    0.016673    0.067028    0.148972    9.745799 v _15183_/X (sky130_fd_sc_hd__and3_1)
                                                         _04848_ (net)
                      0.067050    0.001018    9.746817 v _15255_/A (sky130_fd_sc_hd__or3_1)
     2    0.006796    0.057955    0.238540    9.985357 v _15255_/X (sky130_fd_sc_hd__or3_1)
                                                         _04927_ (net)
                      0.057959    0.000381    9.985738 v _15258_/A (sky130_fd_sc_hd__and3_1)
     3    0.009552    0.047077    0.119508   10.105246 v _15258_/X (sky130_fd_sc_hd__and3_1)
                                                         _04931_ (net)
                      0.047085    0.000512   10.105758 v _15331_/A (sky130_fd_sc_hd__or3_2)
     4    0.017653    0.082036    0.316314   10.422071 v _15331_/X (sky130_fd_sc_hd__or3_2)
                                                         _05011_ (net)
                      0.082054    0.000907   10.422978 v _15406_/A1 (sky130_fd_sc_hd__a211o_1)
     2    0.005745    0.043284    0.183254   10.606233 v _15406_/X (sky130_fd_sc_hd__a211o_1)
                                                         _05093_ (net)
                      0.043289    0.000358   10.606590 v _15408_/A2 (sky130_fd_sc_hd__a211o_1)
     2    0.007895    0.050762    0.202168   10.808759 v _15408_/X (sky130_fd_sc_hd__a211o_1)
                                                         _05096_ (net)
                      0.050770    0.000526   10.809284 v _15564_/A1 (sky130_fd_sc_hd__a21o_1)
     3    0.011945    0.049665    0.129740   10.939024 v _15564_/X (sky130_fd_sc_hd__a21o_1)
                                                         _05267_ (net)
                      0.049689    0.000886   10.939911 v _17294_/A2 (sky130_fd_sc_hd__a21o_1)
     2    0.011682    0.048939    0.144664   11.084575 v _17294_/X (sky130_fd_sc_hd__a21o_1)
                                                         _07169_ (net)
                      0.048971    0.001020   11.085594 v _18463_/A2 (sky130_fd_sc_hd__a21bo_1)
     3    0.010169    0.047527    0.149001   11.234595 v _18463_/X (sky130_fd_sc_hd__a21bo_1)
                                                         _08454_ (net)
                      0.047540    0.000647   11.235243 v _19719_/A2 (sky130_fd_sc_hd__a21o_1)
     3    0.009287    0.043534    0.136989   11.372231 v _19719_/X (sky130_fd_sc_hd__a21o_1)
                                                         _09835_ (net)
                      0.043544    0.000551   11.372782 v _20203_/A2 (sky130_fd_sc_hd__a21o_1)
     3    0.012074    0.050009    0.143458   11.516240 v _20203_/X (sky130_fd_sc_hd__a21o_1)
                                                         _10366_ (net)
                      0.050030    0.000839   11.517079 v _21561_/A1 (sky130_fd_sc_hd__a221o_1)
     1    0.002712    0.032436    0.164617   11.681696 v _21561_/X (sky130_fd_sc_hd__a221o_1)
                                                         _00680_ (net)
                      0.032437    0.000128   11.681824 v _21562_/B1 (sky130_fd_sc_hd__o311a_1)
     1    0.010372    0.062042    0.094923   11.776747 v _21562_/X (sky130_fd_sc_hd__o311a_1)
                                                         _00681_ (net)
                      0.062063    0.000867   11.777614 v _22033_/A1 (sky130_fd_sc_hd__o21a_1)
     2    0.034476    0.120707    0.209350   11.986964 v _22033_/X (sky130_fd_sc_hd__o21a_1)
                                                         _01199_ (net)
                      0.121118    0.005789   11.992753 v _22196_/A1 (sky130_fd_sc_hd__o22a_1)
     1    0.005176    0.033982    0.161288   12.154040 v _22196_/X (sky130_fd_sc_hd__o22a_1)
                                                         _01378_ (net)
                      0.033989    0.000382   12.154423 v _22243_/A2 (sky130_fd_sc_hd__o21ba_1)
     1    0.002795    0.025640    0.102135   12.256557 v _22243_/X (sky130_fd_sc_hd__o21ba_1)
                                                         _01430_ (net)
                      0.025643    0.000209   12.256766 v _22245_/B1 (sky130_fd_sc_hd__o32a_1)
     1    0.002514    0.036276    0.096184   12.352951 v _22245_/X (sky130_fd_sc_hd__o32a_1)
                                                         _00005_ (net)
                      0.036276    0.000169   12.353120 v _22395_/D (sky130_fd_sc_hd__dfxtp_4)
                                             12.353120   data arrival time

                                 25.000000   25.000000   clock clk (rise edge)
                                  0.000000   25.000000   clock source latency
     2    0.102453    0.348191    0.256907   25.256907 ^ clk (in)
                                                         clk (net)
                      0.354719    0.000000   25.256907 ^ clkbuf_0_clk/A (sky130_fd_sc_hd__clkbuf_16)
     2    0.030842    0.046582    0.140266   25.397173 ^ clkbuf_0_clk/X (sky130_fd_sc_hd__clkbuf_16)
                                                         clknet_0_clk (net)
                      0.046658    0.002048   25.399221 ^ clkbuf_1_1__f_clk/A (sky130_fd_sc_hd__clkbuf_16)
    18    0.052696    0.054334    0.105597   25.504818 ^ clkbuf_1_1__f_clk/X (sky130_fd_sc_hd__clkbuf_16)
                                                         clknet_1_1__leaf_clk (net)
                      0.055169    0.005075   25.509893 ^ _22395_/CLK (sky130_fd_sc_hd__dfxtp_4)
                                 -0.250000   25.259895   clock uncertainty
                                  0.000000   25.259895   clock reconvergence pessimism
                                 -0.069512   25.190382   library setup time
                                             25.190382   data required time
---------------------------------------------------------------------------------------------
                                             25.190382   data required time
                                            -12.353120   data arrival time
---------------------------------------------------------------------------------------------
                                             12.837262   slack (MET)




===========================================================================
report_checks --slack_max -0.01
============================================================================
======================= max_ff_n40C_1v95 Corner ===================================

No paths found.


===========================================================================
 report_check_types -max_slew -max_cap -max_fanout -violators
============================================================================
======================= max_ff_n40C_1v95 Corner ===================================

max fanout

Pin                                   Limit Fanout  Slack
---------------------------------------------------------
_11446_/Y                                10     20    -10 (VIOLATED)
_11543_/Y                                10     20    -10 (VIOLATED)
_11758_/Y                                10     20    -10 (VIOLATED)
_12250_/X                                10     20    -10 (VIOLATED)
_13115_/X                                10     20    -10 (VIOLATED)
_13155_/Y                                10     20    -10 (VIOLATED)
_14661_/Y                                10     20    -10 (VIOLATED)
_14753_/Y                                10     20    -10 (VIOLATED)
_15566_/Y                                10     20    -10 (VIOLATED)
_16075_/Y                                10     20    -10 (VIOLATED)
_16517_/Y                                10     20    -10 (VIOLATED)
fanout253/X                              10     20    -10 (VIOLATED)
fanout256/X                              10     20    -10 (VIOLATED)
fanout257/X                              10     20    -10 (VIOLATED)
fanout258/X                              10     20    -10 (VIOLATED)
fanout259/X                              10     20    -10 (VIOLATED)
fanout260/X                              10     20    -10 (VIOLATED)
fanout262/X                              10     20    -10 (VIOLATED)
fanout264/X                              10     20    -10 (VIOLATED)
fanout266/X                              10     20    -10 (VIOLATED)
fanout267/X                              10     20    -10 (VIOLATED)
fanout269/X                              10     20    -10 (VIOLATED)
fanout271/X                              10     20    -10 (VIOLATED)
fanout273/X                              10     20    -10 (VIOLATED)
fanout274/X                              10     20    -10 (VIOLATED)
fanout275/X                              10     20    -10 (VIOLATED)
fanout277/X                              10     20    -10 (VIOLATED)
fanout279/X                              10     20    -10 (VIOLATED)
fanout282/X                              10     20    -10 (VIOLATED)
fanout283/X                              10     20    -10 (VIOLATED)
fanout290/X                              10     20    -10 (VIOLATED)
fanout292/X                              10     20    -10 (VIOLATED)
fanout298/X                              10     20    -10 (VIOLATED)
fanout304/X                              10     20    -10 (VIOLATED)
fanout305/X                              10     20    -10 (VIOLATED)
fanout306/X                              10     20    -10 (VIOLATED)
fanout307/X                              10     20    -10 (VIOLATED)
fanout308/X                              10     20    -10 (VIOLATED)
fanout310/X                              10     20    -10 (VIOLATED)
fanout313/X                              10     20    -10 (VIOLATED)
fanout316/X                              10     20    -10 (VIOLATED)
fanout319/X                              10     20    -10 (VIOLATED)
fanout323/X                              10     20    -10 (VIOLATED)
fanout324/X                              10     20    -10 (VIOLATED)
fanout325/X                              10     20    -10 (VIOLATED)
fanout326/X                              10     20    -10 (VIOLATED)
fanout327/X                              10     20    -10 (VIOLATED)
fanout328/X                              10     20    -10 (VIOLATED)
fanout329/X                              10     20    -10 (VIOLATED)
fanout330/X                              10     20    -10 (VIOLATED)
fanout333/X                              10     20    -10 (VIOLATED)
fanout337/X                              10     20    -10 (VIOLATED)
fanout338/X                              10     20    -10 (VIOLATED)
fanout340/X                              10     20    -10 (VIOLATED)
fanout341/X                              10     20    -10 (VIOLATED)
fanout343/X                              10     20    -10 (VIOLATED)
fanout346/X                              10     20    -10 (VIOLATED)
fanout348/X                              10     20    -10 (VIOLATED)
fanout349/X                              10     20    -10 (VIOLATED)
fanout350/X                              10     20    -10 (VIOLATED)
fanout353/X                              10     20    -10 (VIOLATED)
fanout357/X                              10     20    -10 (VIOLATED)
fanout358/X                              10     20    -10 (VIOLATED)
fanout359/X                              10     20    -10 (VIOLATED)
fanout360/X                              10     20    -10 (VIOLATED)
fanout363/X                              10     20    -10 (VIOLATED)
fanout365/X                              10     20    -10 (VIOLATED)
fanout368/X                              10     20    -10 (VIOLATED)
fanout371/X                              10     20    -10 (VIOLATED)
fanout373/X                              10     20    -10 (VIOLATED)
fanout374/X                              10     20    -10 (VIOLATED)
fanout375/X                              10     20    -10 (VIOLATED)
fanout376/X                              10     20    -10 (VIOLATED)
fanout377/X                              10     20    -10 (VIOLATED)
fanout378/X                              10     20    -10 (VIOLATED)
fanout380/X                              10     20    -10 (VIOLATED)
fanout382/X                              10     20    -10 (VIOLATED)
fanout383/X                              10     20    -10 (VIOLATED)
fanout385/X                              10     20    -10 (VIOLATED)
fanout386/X                              10     20    -10 (VIOLATED)
fanout388/X                              10     20    -10 (VIOLATED)
fanout390/X                              10     20    -10 (VIOLATED)
fanout392/X                              10     20    -10 (VIOLATED)
fanout393/X                              10     20    -10 (VIOLATED)
fanout394/X                              10     20    -10 (VIOLATED)
fanout395/X                              10     20    -10 (VIOLATED)
fanout396/X                              10     20    -10 (VIOLATED)
fanout398/X                              10     20    -10 (VIOLATED)
fanout399/X                              10     20    -10 (VIOLATED)
fanout400/X                              10     20    -10 (VIOLATED)
fanout402/X                              10     20    -10 (VIOLATED)
fanout405/X                              10     20    -10 (VIOLATED)
fanout407/X                              10     20    -10 (VIOLATED)
fanout408/X                              10     20    -10 (VIOLATED)
fanout413/X                              10     20    -10 (VIOLATED)
fanout417/X                              10     20    -10 (VIOLATED)
fanout419/X                              10     20    -10 (VIOLATED)
fanout421/X                              10     20    -10 (VIOLATED)
fanout423/X                              10     20    -10 (VIOLATED)
fanout424/X                              10     20    -10 (VIOLATED)
fanout425/X                              10     20    -10 (VIOLATED)
fanout427/X                              10     20    -10 (VIOLATED)
fanout431/X                              10     20    -10 (VIOLATED)
fanout435/X                              10     20    -10 (VIOLATED)
fanout437/X                              10     20    -10 (VIOLATED)
fanout439/X                              10     20    -10 (VIOLATED)
fanout445/X                              10     20    -10 (VIOLATED)
fanout448/X                              10     20    -10 (VIOLATED)
fanout450/X                              10     20    -10 (VIOLATED)
fanout453/X                              10     20    -10 (VIOLATED)
fanout454/X                              10     20    -10 (VIOLATED)
fanout455/X                              10     20    -10 (VIOLATED)
fanout458/X                              10     20    -10 (VIOLATED)
fanout460/X                              10     20    -10 (VIOLATED)
fanout461/X                              10     20    -10 (VIOLATED)
fanout462/X                              10     20    -10 (VIOLATED)
fanout464/X                              10     20    -10 (VIOLATED)
fanout465/X                              10     20    -10 (VIOLATED)
fanout466/X                              10     20    -10 (VIOLATED)
fanout468/X                              10     20    -10 (VIOLATED)
fanout469/X                              10     20    -10 (VIOLATED)
fanout472/X                              10     20    -10 (VIOLATED)
fanout476/X                              10     20    -10 (VIOLATED)
fanout477/X                              10     20    -10 (VIOLATED)
fanout478/X                              10     20    -10 (VIOLATED)
fanout481/X                              10     20    -10 (VIOLATED)
fanout482/X                              10     20    -10 (VIOLATED)
fanout484/X                              10     20    -10 (VIOLATED)
fanout485/X                              10     20    -10 (VIOLATED)
fanout489/X                              10     20    -10 (VIOLATED)
fanout492/X                              10     20    -10 (VIOLATED)
fanout493/X                              10     20    -10 (VIOLATED)
fanout494/X                              10     20    -10 (VIOLATED)
fanout496/X                              10     20    -10 (VIOLATED)
fanout498/X                              10     20    -10 (VIOLATED)
fanout499/X                              10     20    -10 (VIOLATED)
fanout501/X                              10     20    -10 (VIOLATED)
fanout503/X                              10     20    -10 (VIOLATED)
fanout506/X                              10     20    -10 (VIOLATED)
fanout508/X                              10     20    -10 (VIOLATED)
fanout512/X                              10     20    -10 (VIOLATED)
fanout514/X                              10     20    -10 (VIOLATED)
fanout515/X                              10     20    -10 (VIOLATED)
fanout517/X                              10     20    -10 (VIOLATED)
fanout520/X                              10     20    -10 (VIOLATED)
fanout521/X                              10     20    -10 (VIOLATED)
fanout522/X                              10     20    -10 (VIOLATED)
fanout526/X                              10     20    -10 (VIOLATED)
fanout527/X                              10     20    -10 (VIOLATED)
fanout531/X                              10     20    -10 (VIOLATED)
fanout532/X                              10     20    -10 (VIOLATED)
fanout533/X                              10     20    -10 (VIOLATED)
fanout534/X                              10     20    -10 (VIOLATED)
fanout537/X                              10     20    -10 (VIOLATED)
fanout539/X                              10     20    -10 (VIOLATED)
fanout540/X                              10     20    -10 (VIOLATED)
fanout543/X                              10     20    -10 (VIOLATED)
fanout544/X                              10     20    -10 (VIOLATED)
fanout548/X                              10     20    -10 (VIOLATED)
fanout551/X                              10     20    -10 (VIOLATED)
fanout553/X                              10     20    -10 (VIOLATED)
fanout557/X                              10     20    -10 (VIOLATED)
fanout563/X                              10     20    -10 (VIOLATED)
fanout566/X                              10     20    -10 (VIOLATED)
fanout569/X                              10     20    -10 (VIOLATED)
fanout573/X                              10     20    -10 (VIOLATED)
fanout574/X                              10     20    -10 (VIOLATED)
fanout577/X                              10     20    -10 (VIOLATED)
fanout580/X                              10     20    -10 (VIOLATED)
fanout581/X                              10     20    -10 (VIOLATED)
fanout583/X                              10     20    -10 (VIOLATED)
fanout584/X                              10     20    -10 (VIOLATED)
fanout586/X                              10     20    -10 (VIOLATED)
fanout589/X                              10     20    -10 (VIOLATED)
input10/X                                10     20    -10 (VIOLATED)
input121/X                               10     20    -10 (VIOLATED)
input122/X                               10     20    -10 (VIOLATED)
input174/X                               10     20    -10 (VIOLATED)
input27/X                                10     20    -10 (VIOLATED)
input40/X                                10     20    -10 (VIOLATED)
input67/X                                10     20    -10 (VIOLATED)
input69/X                                10     20    -10 (VIOLATED)
input70/X                                10     20    -10 (VIOLATED)
input95/X                                10     20    -10 (VIOLATED)
_11241_/Y                                10     18     -8 (VIOLATED)
_11286_/Y                                10     18     -8 (VIOLATED)
_11299_/Y                                10     18     -8 (VIOLATED)
_11361_/X                                10     18     -8 (VIOLATED)
_11449_/Y                                10     18     -8 (VIOLATED)
_12083_/Y                                10     18     -8 (VIOLATED)
_12314_/X                                10     18     -8 (VIOLATED)
_13074_/X                                10     18     -8 (VIOLATED)
_13086_/X                                10     18     -8 (VIOLATED)
_13135_/Y                                10     18     -8 (VIOLATED)
_13713_/Y                                10     18     -8 (VIOLATED)
_14670_/Y                                10     18     -8 (VIOLATED)
_15567_/Y                                10     18     -8 (VIOLATED)
clkbuf_1_1__f_clk/X                      10     18     -8 (VIOLATED)
fanout334/X                              10     18     -8 (VIOLATED)
fanout345/X                              10     18     -8 (VIOLATED)
fanout347/X                              10     18     -8 (VIOLATED)
fanout352/X                              10     18     -8 (VIOLATED)
fanout364/X                              10     18     -8 (VIOLATED)
fanout370/X                              10     18     -8 (VIOLATED)
fanout389/X                              10     18     -8 (VIOLATED)
fanout404/X                              10     18     -8 (VIOLATED)
fanout430/X                              10     18     -8 (VIOLATED)
fanout438/X                              10     18     -8 (VIOLATED)
fanout457/X                              10     18     -8 (VIOLATED)
fanout459/X                              10     18     -8 (VIOLATED)
fanout475/X                              10     18     -8 (VIOLATED)
fanout480/X                              10     18     -8 (VIOLATED)
fanout497/X                              10     18     -8 (VIOLATED)
fanout504/X                              10     18     -8 (VIOLATED)
fanout505/X                              10     18     -8 (VIOLATED)
fanout525/X                              10     18     -8 (VIOLATED)
fanout570/X                              10     18     -8 (VIOLATED)
fanout582/X                              10     18     -8 (VIOLATED)
input26/X                                10     18     -8 (VIOLATED)
input33/X                                10     18     -8 (VIOLATED)
input43/X                                10     18     -8 (VIOLATED)
input62/X                                10     18     -8 (VIOLATED)
input68/X                                10     18     -8 (VIOLATED)
input79/X                                10     18     -8 (VIOLATED)
input86/X                                10     18     -8 (VIOLATED)
input87/X                                10     18     -8 (VIOLATED)
input89/X                                10     18     -8 (VIOLATED)
input94/X                                10     18     -8 (VIOLATED)
max_cap263/X                             10     18     -8 (VIOLATED)
wire379/X                                10     18     -8 (VIOLATED)
_11197_/Y                                10     16     -6 (VIOLATED)
_11203_/Y                                10     16     -6 (VIOLATED)
_11207_/Y                                10     16     -6 (VIOLATED)
_11217_/Y                                10     16     -6 (VIOLATED)
_11250_/Y                                10     16     -6 (VIOLATED)
_11444_/X                                10     16     -6 (VIOLATED)
_11851_/Y                                10     16     -6 (VIOLATED)
_12085_/Y                                10     16     -6 (VIOLATED)
_12092_/X                                10     16     -6 (VIOLATED)
_12421_/Y                                10     16     -6 (VIOLATED)
_12650_/Y                                10     16     -6 (VIOLATED)
_13062_/Y                                10     16     -6 (VIOLATED)
_13101_/X                                10     16     -6 (VIOLATED)
_13598_/Y                                10     16     -6 (VIOLATED)
_13709_/X                                10     16     -6 (VIOLATED)
_13876_/X                                10     16     -6 (VIOLATED)
_14620_/Y                                10     16     -6 (VIOLATED)
_15196_/Y                                10     16     -6 (VIOLATED)
_15609_/Y                                10     16     -6 (VIOLATED)
_15634_/X                                10     16     -6 (VIOLATED)
_15636_/Y                                10     16     -6 (VIOLATED)
_16518_/Y                                10     16     -6 (VIOLATED)
fanout311/X                              10     16     -6 (VIOLATED)
fanout322/X                              10     16     -6 (VIOLATED)
fanout356/X                              10     16     -6 (VIOLATED)
fanout367/X                              10     16     -6 (VIOLATED)
fanout391/X                              10     16     -6 (VIOLATED)
fanout401/X                              10     16     -6 (VIOLATED)
fanout406/X                              10     16     -6 (VIOLATED)
fanout411/X                              10     16     -6 (VIOLATED)
fanout415/X                              10     16     -6 (VIOLATED)
fanout416/X                              10     16     -6 (VIOLATED)
fanout422/X                              10     16     -6 (VIOLATED)
fanout449/X                              10     16     -6 (VIOLATED)
fanout523/X                              10     16     -6 (VIOLATED)
fanout529/X                              10     16     -6 (VIOLATED)
fanout549/X                              10     16     -6 (VIOLATED)
fanout578/X                              10     16     -6 (VIOLATED)
input104/X                               10     16     -6 (VIOLATED)
input158/X                               10     16     -6 (VIOLATED)
input210/X                               10     16     -6 (VIOLATED)
input220/X                               10     16     -6 (VIOLATED)
input41/X                                10     16     -6 (VIOLATED)
input85/X                                10     16     -6 (VIOLATED)
wire295/X                                10     16     -6 (VIOLATED)
wire303/X                                10     16     -6 (VIOLATED)
_11206_/Y                                10     14     -4 (VIOLATED)
_11208_/Y                                10     14     -4 (VIOLATED)
_11211_/Y                                10     14     -4 (VIOLATED)
_11238_/X                                10     14     -4 (VIOLATED)
_11358_/Y                                10     14     -4 (VIOLATED)
_11421_/X                                10     14     -4 (VIOLATED)
_11624_/Y                                10     14     -4 (VIOLATED)
_11760_/X                                10     14     -4 (VIOLATED)
_12176_/Y                                10     14     -4 (VIOLATED)
_12177_/X                                10     14     -4 (VIOLATED)
_12224_/Y                                10     14     -4 (VIOLATED)
_13088_/Y                                10     14     -4 (VIOLATED)
_13104_/Y                                10     14     -4 (VIOLATED)
_13154_/X                                10     14     -4 (VIOLATED)
_13174_/Y                                10     14     -4 (VIOLATED)
_13314_/Y                                10     14     -4 (VIOLATED)
_13325_/Y                                10     14     -4 (VIOLATED)
_13668_/X                                10     14     -4 (VIOLATED)
_13864_/Y                                10     14     -4 (VIOLATED)
_13872_/Y                                10     14     -4 (VIOLATED)
_13880_/Y                                10     14     -4 (VIOLATED)
_14636_/X                                10     14     -4 (VIOLATED)
_14734_/Y                                10     14     -4 (VIOLATED)
_14754_/Y                                10     14     -4 (VIOLATED)
_14759_/X                                10     14     -4 (VIOLATED)
_15237_/Y                                10     14     -4 (VIOLATED)
_15278_/X                                10     14     -4 (VIOLATED)
_15573_/X                                10     14     -4 (VIOLATED)
_15600_/X                                10     14     -4 (VIOLATED)
_15621_/Y                                10     14     -4 (VIOLATED)
_16072_/X                                10     14     -4 (VIOLATED)
_16687_/X                                10     14     -4 (VIOLATED)
clkbuf_1_0__f_clk/X                      10     14     -4 (VIOLATED)
fanout314/X                              10     14     -4 (VIOLATED)
fanout362/X                              10     14     -4 (VIOLATED)
fanout381/X                              10     14     -4 (VIOLATED)
fanout420/X                              10     14     -4 (VIOLATED)
fanout428/X                              10     14     -4 (VIOLATED)
fanout432/X                              10     14     -4 (VIOLATED)
fanout452/X                              10     14     -4 (VIOLATED)
fanout488/X                              10     14     -4 (VIOLATED)
fanout510/X                              10     14     -4 (VIOLATED)
fanout511/X                              10     14     -4 (VIOLATED)
fanout524/X                              10     14     -4 (VIOLATED)
fanout575/X                              10     14     -4 (VIOLATED)
fanout588/X                              10     14     -4 (VIOLATED)
input123/X                               10     14     -4 (VIOLATED)
input176/X                               10     14     -4 (VIOLATED)
input28/X                                10     14     -4 (VIOLATED)
input45/X                                10     14     -4 (VIOLATED)
input80/X                                10     14     -4 (VIOLATED)
input92/X                                10     14     -4 (VIOLATED)
input93/X                                10     14     -4 (VIOLATED)
input96/X                                10     14     -4 (VIOLATED)
max_cap293/X                             10     14     -4 (VIOLATED)
wire552/X                                10     14     -4 (VIOLATED)
_11196_/Y                                10     12     -2 (VIOLATED)
_11242_/Y                                10     12     -2 (VIOLATED)
_11313_/Y                                10     12     -2 (VIOLATED)
_11323_/X                                10     12     -2 (VIOLATED)
_11342_/X                                10     12     -2 (VIOLATED)
_11343_/Y                                10     12     -2 (VIOLATED)
_11360_/Y                                10     12     -2 (VIOLATED)
_11445_/Y                                10     12     -2 (VIOLATED)
_11681_/Y                                10     12     -2 (VIOLATED)
_11854_/X                                10     12     -2 (VIOLATED)
_11991_/Y                                10     12     -2 (VIOLATED)
_12226_/Y                                10     12     -2 (VIOLATED)
_12333_/Y                                10     12     -2 (VIOLATED)
_12334_/X                                10     12     -2 (VIOLATED)
_13118_/X                                10     12     -2 (VIOLATED)
_13119_/Y                                10     12     -2 (VIOLATED)
_13197_/X                                10     12     -2 (VIOLATED)
_13235_/Y                                10     12     -2 (VIOLATED)
_13319_/Y                                10     12     -2 (VIOLATED)
_13447_/Y                                10     12     -2 (VIOLATED)
_13490_/Y                                10     12     -2 (VIOLATED)
_13586_/Y                                10     12     -2 (VIOLATED)
_13597_/Y                                10     12     -2 (VIOLATED)
_13858_/Y                                10     12     -2 (VIOLATED)
_13862_/Y                                10     12     -2 (VIOLATED)
_13870_/Y                                10     12     -2 (VIOLATED)
_13882_/Y                                10     12     -2 (VIOLATED)
_14158_/X                                10     12     -2 (VIOLATED)
_14667_/Y                                10     12     -2 (VIOLATED)
_14674_/X                                10     12     -2 (VIOLATED)
_14684_/Y                                10     12     -2 (VIOLATED)
_14841_/X                                10     12     -2 (VIOLATED)
_14911_/Y                                10     12     -2 (VIOLATED)
_15027_/Y                                10     12     -2 (VIOLATED)
_15311_/Y                                10     12     -2 (VIOLATED)
_15351_/Y                                10     12     -2 (VIOLATED)
_15446_/Y                                10     12     -2 (VIOLATED)
_15610_/X                                10     12     -2 (VIOLATED)
_15646_/X                                10     12     -2 (VIOLATED)
_16608_/X                                10     12     -2 (VIOLATED)
_16712_/Y                                10     12     -2 (VIOLATED)
_17774_/X                                10     12     -2 (VIOLATED)
_19041_/Y                                10     12     -2 (VIOLATED)
_19058_/Y                                10     12     -2 (VIOLATED)
fanout272/X                              10     12     -2 (VIOLATED)
fanout276/X                              10     12     -2 (VIOLATED)
fanout315/X                              10     12     -2 (VIOLATED)
fanout321/X                              10     12     -2 (VIOLATED)
fanout342/X                              10     12     -2 (VIOLATED)
fanout355/X                              10     12     -2 (VIOLATED)
fanout372/X                              10     12     -2 (VIOLATED)
fanout384/X                              10     12     -2 (VIOLATED)
fanout397/X                              10     12     -2 (VIOLATED)
fanout433/X                              10     12     -2 (VIOLATED)
fanout436/X                              10     12     -2 (VIOLATED)
fanout441/X                              10     12     -2 (VIOLATED)
fanout446/X                              10     12     -2 (VIOLATED)
fanout456/X                              10     12     -2 (VIOLATED)
fanout463/X                              10     12     -2 (VIOLATED)
fanout467/X                              10     12     -2 (VIOLATED)
fanout473/X                              10     12     -2 (VIOLATED)
fanout474/X                              10     12     -2 (VIOLATED)
fanout509/X                              10     12     -2 (VIOLATED)
fanout513/X                              10     12     -2 (VIOLATED)
fanout530/X                              10     12     -2 (VIOLATED)
fanout536/X                              10     12     -2 (VIOLATED)
fanout538/X                              10     12     -2 (VIOLATED)
fanout542/X                              10     12     -2 (VIOLATED)
fanout546/X                              10     12     -2 (VIOLATED)
fanout547/X                              10     12     -2 (VIOLATED)
fanout564/X                              10     12     -2 (VIOLATED)
fanout567/X                              10     12     -2 (VIOLATED)
input159/X                               10     12     -2 (VIOLATED)
input177/X                               10     12     -2 (VIOLATED)
input193/X                               10     12     -2 (VIOLATED)
input63/X                                10     12     -2 (VIOLATED)
input90/X                                10     12     -2 (VIOLATED)
input91/X                                10     12     -2 (VIOLATED)
max_cap254/X                             10     12     -2 (VIOLATED)
max_cap286/X                             10     12     -2 (VIOLATED)
max_cap291/X                             10     12     -2 (VIOLATED)
wire255/X                                10     12     -2 (VIOLATED)

max capacitance

Pin                                        Limit         Cap       Slack
------------------------------------------------------------------------
input33/X                               0.200000    0.217505   -0.017505 (VIOLATED)



===========================================================================
report_parasitic_annotation -report_unannotated
============================================================================
Found 23 unannotated drivers.
 input_data[127]
 input_data[191]
 input_data[207]
 input_data[208]
 input_data[209]
 input_data[210]
 input_data[211]
 input_data[212]
 input_data[213]
 input_data[214]
 input_data[215]
 input_data[216]
 input_data[217]
 input_data[218]
 input_data[219]
 input_data[220]
 input_data[221]
 input_data[222]
 input_data[223]
 input_data[238]
 input_data[239]
 input_data[63]
 input_data[79]
Found 0 partially unannotated drivers.

===========================================================================
max slew violation count 0
max fanout violation count 414
max cap violation count 1
============================================================================

===========================================================================
check_setup -verbose -unconstrained_endpoints -multiple_clock -no_clock -no_input_delay -loops -generated_clocks
===========================================================================
