
Magic 8.3 revision 466 - Compiled on Thu Mar 21 17:31:46 UTC 2024.
Starting magic under Tcl interpreter
Using the terminal as the console.
Using NULL graphics device.
Processing system .magicrc file
Sourcing design .magicrc for technology sky130A ...
2 Magic internal units = 1 Lambda
Input style sky130(): scaleFactor=2, multiplier=2
The following types are not handled by extraction and will be treated as non-electrical types:
    ubm 
Scaled tech values by 2 / 1 to match internal grid scaling
Loading sky130A Device Generator Menu ...
Loading "/nix/store/ly0xjc8f0gmgmckxcrs0bw8vqc9gf9bk-python3-3.11.6-env/lib/python3.11/site-packages/openlane/scripts/magic/wrapper.tcl" from command line.
> lef read /home/nurwiyoso14/.volare/volare/sky130/versions/bdc9412b3e468c102d01b7cf6337be06ec6e9c9a/sky130A/libs.ref/sky130_fd_sc_hd/techlef/sky130_fd_sc_hd__max.tlef
Reading LEF data from file /home/nurwiyoso14/.volare/volare/sky130/versions/bdc9412b3e468c102d01b7cf6337be06ec6e9c9a/sky130A/libs.ref/sky130_fd_sc_hd/techlef/sky130_fd_sc_hd__max.tlef.
This action cannot be undone.
LEF read, Line 78 (Message): Unknown keyword "ANTENNAMODEL" in LEF file; ignoring.
LEF read, Line 79 (Message): Unknown keyword "ANTENNADIFFSIDEAREARATIO" in LEF file; ignoring.
LEF read, Line 112 (Message): Unknown keyword "MINENCLOSEDAREA" in LEF file; ignoring.
LEF read, Line 114 (Message): Unknown keyword "ANTENNAMODEL" in LEF file; ignoring.
LEF read, Line 115 (Message): Unknown keyword "ANTENNADIFFSIDEAREARATIO" in LEF file; ignoring.
LEF read, Line 121 (Message): Unknown keyword "MAXIMUMDENSITY" in LEF file; ignoring.
LEF read, Line 122 (Message): Unknown keyword "DENSITYCHECKWINDOW" in LEF file; ignoring.
LEF read, Line 123 (Message): Unknown keyword "DENSITYCHECKSTEP" in LEF file; ignoring.
LEF read, Line 156 (Message): Unknown keyword "MINENCLOSEDAREA" in LEF file; ignoring.
LEF read, Line 164 (Message): Unknown keyword "ANTENNAMODEL" in LEF file; ignoring.
LEF read, Line 165 (Message): Unknown keyword "ANTENNADIFFSIDEAREARATIO" in LEF file; ignoring.
LEF read, Line 167 (Message): Unknown keyword "MAXIMUMDENSITY" in LEF file; ignoring.
LEF read, Line 168 (Message): Unknown keyword "DENSITYCHECKWINDOW" in LEF file; ignoring.
LEF read, Line 169 (Message): Unknown keyword "DENSITYCHECKSTEP" in LEF file; ignoring.
LEF read, Line 206 (Message): Unknown keyword "ANTENNAMODEL" in LEF file; ignoring.
LEF read, Line 207 (Message): Unknown keyword "ANTENNADIFFSIDEAREARATIO" in LEF file; ignoring.
LEF read, Line 209 (Message): Unknown keyword "MAXIMUMDENSITY" in LEF file; ignoring.
LEF read, Line 210 (Message): Unknown keyword "DENSITYCHECKWINDOW" in LEF file; ignoring.
LEF read, Line 211 (Message): Unknown keyword "DENSITYCHECKSTEP" in LEF file; ignoring.
LEF read, Line 248 (Message): Unknown keyword "ANTENNAMODEL" in LEF file; ignoring.
LEF read, Line 249 (Message): Unknown keyword "ANTENNADIFFSIDEAREARATIO" in LEF file; ignoring.
LEF read, Line 251 (Message): Unknown keyword "MAXIMUMDENSITY" in LEF file; ignoring.
LEF read, Line 252 (Message): Unknown keyword "DENSITYCHECKWINDOW" in LEF file; ignoring.
LEF read, Line 253 (Message): Unknown keyword "DENSITYCHECKSTEP" in LEF file; ignoring.
LEF read, Line 290 (Message): Unknown keyword "ANTENNAMODEL" in LEF file; ignoring.
LEF read, Line 291 (Message): Unknown keyword "ANTENNADIFFSIDEAREARATIO" in LEF file; ignoring.
LEF read: Processed 797 lines.
> gds read /home/nurwiyoso14/.volare/volare/sky130/versions/bdc9412b3e468c102d01b7cf6337be06ec6e9c9a/sky130A/libs.ref/sky130_fd_sc_hd/gds/sky130_fd_sc_hd.gds
Warning: Calma reading is not undoable!  I hope that's OK.
Library written using GDS-II Release 3.0
Library name: sky130_fd_sc_hd
Reading "sky130_fd_sc_hd__or4bb_4".
Reading "sky130_fd_sc_hd__probe_p_8".
Reading "sky130_fd_sc_hd__probec_p_8".
Reading "sky130_fd_sc_hd__sdfbbn_1".
Reading "sky130_fd_sc_hd__sdfsbp_2".
Reading "sky130_fd_sc_hd__sdfsbp_1".
Reading "sky130_fd_sc_hd__sdfrtp_4".
Reading "sky130_fd_sc_hd__sdfrtp_2".
Reading "sky130_fd_sc_hd__sdfrtp_1".
Reading "sky130_fd_sc_hd__sdfrtn_1".
Reading "sky130_fd_sc_hd__sdfrbp_2".
Reading "sky130_fd_sc_hd__sdfrbp_1".
Reading "sky130_fd_sc_hd__sdfbbp_1".
Reading "sky130_fd_sc_hd__sdfbbn_2".
Reading "sky130_fd_sc_hd__sdfstp_1".
Reading "sky130_fd_sc_hd__sdfstp_2".
Reading "sky130_fd_sc_hd__sdfstp_4".
Reading "sky130_fd_sc_hd__sdfxbp_1".
Reading "sky130_fd_sc_hd__sdfxbp_2".
Reading "sky130_fd_sc_hd__sdfxtp_1".
Reading "sky130_fd_sc_hd__sdfxtp_2".
Reading "sky130_fd_sc_hd__sdfxtp_4".
Reading "sky130_fd_sc_hd__sdlclkp_1".
Reading "sky130_fd_sc_hd__sdlclkp_2".
Reading "sky130_fd_sc_hd__sdlclkp_4".
Reading "sky130_fd_sc_hd__sedfxbp_1".
Reading "sky130_fd_sc_hd__sedfxbp_2".
Reading "sky130_fd_sc_hd__sedfxtp_1".
Reading "sky130_fd_sc_hd__sedfxtp_2".
Reading "sky130_fd_sc_hd__sedfxtp_4".
Reading "sky130_fd_sc_hd__tap_1".
Reading "sky130_fd_sc_hd__tap_2".
Reading "sky130_fd_sc_hd__xor2_1".
Reading "sky130_fd_sc_hd__xnor3_4".
Reading "sky130_fd_sc_hd__xnor3_2".
Reading "sky130_fd_sc_hd__xnor3_1".
Reading "sky130_fd_sc_hd__xnor2_4".
Reading "sky130_fd_sc_hd__xnor2_2".
Reading "sky130_fd_sc_hd__xnor2_1".
Reading "sky130_fd_sc_hd__tapvpwrvgnd_1".
Reading "sky130_fd_sc_hd__tapvgnd_1".
Reading "sky130_fd_sc_hd__tapvgnd2_1".
Reading "sky130_fd_sc_hd__xor2_2".
Reading "sky130_fd_sc_hd__xor2_4".
Reading "sky130_fd_sc_hd__xor3_1".
Reading "sky130_fd_sc_hd__xor3_2".
Reading "sky130_fd_sc_hd__xor3_4".
Reading "sky130_fd_sc_hd__o41a_4".
Reading "sky130_fd_sc_hd__o41ai_1".
Reading "sky130_fd_sc_hd__o41ai_2".
Reading "sky130_fd_sc_hd__o41ai_4".
Reading "sky130_fd_sc_hd__o211a_1".
Reading "sky130_fd_sc_hd__o211a_2".
Reading "sky130_fd_sc_hd__o211a_4".
Reading "sky130_fd_sc_hd__o211ai_1".
Reading "sky130_fd_sc_hd__o211ai_2".
Reading "sky130_fd_sc_hd__o211ai_4".
Reading "sky130_fd_sc_hd__o221a_1".
Reading "sky130_fd_sc_hd__o221a_2".
Reading "sky130_fd_sc_hd__o221a_4".
Reading "sky130_fd_sc_hd__o221ai_1".
Reading "sky130_fd_sc_hd__o221ai_2".
Reading "sky130_fd_sc_hd__o221ai_4".
Reading "sky130_fd_sc_hd__o2111a_4".
Reading "sky130_fd_sc_hd__o2111a_2".
Reading "sky130_fd_sc_hd__o2111a_1".
Reading "sky130_fd_sc_hd__o311ai_4".
Reading "sky130_fd_sc_hd__o311ai_2".
Reading "sky130_fd_sc_hd__o311ai_1".
Reading "sky130_fd_sc_hd__o311ai_0".
Reading "sky130_fd_sc_hd__o311a_4".
Reading "sky130_fd_sc_hd__o311a_2".
Reading "sky130_fd_sc_hd__o311a_1".
Reading "sky130_fd_sc_hd__o2111ai_1".
Reading "sky130_fd_sc_hd__o2111ai_2".
Reading "sky130_fd_sc_hd__o2111ai_4".
Reading "sky130_fd_sc_hd__or2_0".
Reading "sky130_fd_sc_hd__or2_1".
Reading "sky130_fd_sc_hd__or2_2".
Reading "sky130_fd_sc_hd__or2_4".
Reading "sky130_fd_sc_hd__or2b_1".
Reading "sky130_fd_sc_hd__or2b_2".
Reading "sky130_fd_sc_hd__or2b_4".
Reading "sky130_fd_sc_hd__or3_1".
Reading "sky130_fd_sc_hd__or3_2".
Reading "sky130_fd_sc_hd__or3_4".
Reading "sky130_fd_sc_hd__or3b_1".
Reading "sky130_fd_sc_hd__or3b_2".
Reading "sky130_fd_sc_hd__or3b_4".
Reading "sky130_fd_sc_hd__or4_1".
Reading "sky130_fd_sc_hd__or4_2".
Reading "sky130_fd_sc_hd__or4_4".
Reading "sky130_fd_sc_hd__or4b_1".
Reading "sky130_fd_sc_hd__or4b_2".
Reading "sky130_fd_sc_hd__or4b_4".
Reading "sky130_fd_sc_hd__or4bb_1".
Reading "sky130_fd_sc_hd__or4bb_2".
Reading "sky130_fd_sc_hd__nor3b_2".
Reading "sky130_fd_sc_hd__nor3b_4".
Reading "sky130_fd_sc_hd__nor4_1".
Reading "sky130_fd_sc_hd__nor4_2".
Reading "sky130_fd_sc_hd__nor4_4".
Reading "sky130_fd_sc_hd__nor4b_1".
Reading "sky130_fd_sc_hd__nor4b_2".
Reading "sky130_fd_sc_hd__nor4b_4".
Reading "sky130_fd_sc_hd__nor4bb_1".
Reading "sky130_fd_sc_hd__nor4bb_2".
Reading "sky130_fd_sc_hd__nor4bb_4".
Moving label "k" from mvpsubdiff to ndiff in cell sky130_fd_sc_hd__nor4bb_4.
Reading "sky130_fd_sc_hd__o2bb2a_1".
Reading "sky130_fd_sc_hd__o2bb2a_2".
Reading "sky130_fd_sc_hd__o2bb2a_4".
Reading "sky130_fd_sc_hd__o2bb2ai_1".
Reading "sky130_fd_sc_hd__o2bb2ai_2".
Reading "sky130_fd_sc_hd__o2bb2ai_4".
Reading "sky130_fd_sc_hd__o21a_1".
Reading "sky130_fd_sc_hd__o21a_2".
Reading "sky130_fd_sc_hd__o21ai_2".
Reading "sky130_fd_sc_hd__o21ai_1".
Reading "sky130_fd_sc_hd__o21ai_0".
Reading "sky130_fd_sc_hd__o21a_4".
Reading "sky130_fd_sc_hd__o21ba_2".
Reading "sky130_fd_sc_hd__o21ba_1".
Reading "sky130_fd_sc_hd__o21ai_4".
Reading "sky130_fd_sc_hd__o21bai_2".
Reading "sky130_fd_sc_hd__o21bai_1".
Reading "sky130_fd_sc_hd__o21ba_4".
Reading "sky130_fd_sc_hd__o21bai_4".
Reading "sky130_fd_sc_hd__o22a_1".
Reading "sky130_fd_sc_hd__o22a_2".
Reading "sky130_fd_sc_hd__o22a_4".
Reading "sky130_fd_sc_hd__o22ai_1".
Reading "sky130_fd_sc_hd__o22ai_2".
Reading "sky130_fd_sc_hd__o22ai_4".
Reading "sky130_fd_sc_hd__o31a_1".
Reading "sky130_fd_sc_hd__o31a_2".
Reading "sky130_fd_sc_hd__o31a_4".
Reading "sky130_fd_sc_hd__o31ai_1".
Reading "sky130_fd_sc_hd__o31ai_2".
Reading "sky130_fd_sc_hd__o31ai_4".
Reading "sky130_fd_sc_hd__o32a_1".
Reading "sky130_fd_sc_hd__o32a_2".
Reading "sky130_fd_sc_hd__o32a_4".
Reading "sky130_fd_sc_hd__o32ai_1".
Reading "sky130_fd_sc_hd__o32ai_2".
Reading "sky130_fd_sc_hd__o32ai_4".
Reading "sky130_fd_sc_hd__o41a_1".
Reading "sky130_fd_sc_hd__o41a_2".
Reading "sky130_fd_sc_hd__lpflow_lsbuf_lh_hl_isowell_tap_1".
CIF file read warning: CIF style sky130(): units rescaled by factor of 5 / 1
Reading "sky130_fd_sc_hd__lpflow_lsbuf_lh_hl_isowell_tap_2".
Reading "sky130_fd_sc_hd__lpflow_lsbuf_lh_hl_isowell_tap_4".
Reading "sky130_fd_sc_hd__lpflow_lsbuf_lh_isowell_4".
Reading "sky130_fd_sc_hd__lpflow_lsbuf_lh_isowell_tap_1".
Reading "sky130_fd_sc_hd__lpflow_lsbuf_lh_isowell_tap_2".
Reading "sky130_fd_sc_hd__lpflow_lsbuf_lh_isowell_tap_4".
Reading "sky130_fd_sc_hd__nor2_2".
Reading "sky130_fd_sc_hd__nand2_2".
Reading "sky130_fd_sc_hd__inv_2".
Reading "sky130_fd_sc_hd__conb_1".
Reading "sky130_fd_sc_hd__macro_sparecell".
Reading "sky130_fd_sc_hd__maj3_1".
Reading "sky130_fd_sc_hd__maj3_2".
Reading "sky130_fd_sc_hd__maj3_4".
Reading "sky130_fd_sc_hd__mux2_1".
Reading "sky130_fd_sc_hd__mux2_2".
Reading "sky130_fd_sc_hd__mux2_4".
Reading "sky130_fd_sc_hd__mux2_8".
Reading "sky130_fd_sc_hd__mux2i_1".
Reading "sky130_fd_sc_hd__mux2i_2".
Reading "sky130_fd_sc_hd__nand2_1".
Reading "sky130_fd_sc_hd__nand2_4".
Reading "sky130_fd_sc_hd__nand2_8".
Reading "sky130_fd_sc_hd__nand2b_1".
Reading "sky130_fd_sc_hd__mux2i_4".
Reading "sky130_fd_sc_hd__mux4_1".
Reading "sky130_fd_sc_hd__mux4_2".
Reading "sky130_fd_sc_hd__mux4_4".
Reading "sky130_fd_sc_hd__nand2b_2".
Reading "sky130_fd_sc_hd__nand2b_4".
Reading "sky130_fd_sc_hd__nand3_1".
Reading "sky130_fd_sc_hd__nand3_2".
Reading "sky130_fd_sc_hd__nand3_4".
Reading "sky130_fd_sc_hd__nand3b_1".
Reading "sky130_fd_sc_hd__nand3b_2".
Reading "sky130_fd_sc_hd__nand3b_4".
Reading "sky130_fd_sc_hd__nand4_1".
Reading "sky130_fd_sc_hd__nand4_2".
Reading "sky130_fd_sc_hd__nand4_4".
Reading "sky130_fd_sc_hd__nand4b_1".
Reading "sky130_fd_sc_hd__nand4b_2".
Reading "sky130_fd_sc_hd__nand4b_4".
Reading "sky130_fd_sc_hd__nand4bb_1".
Reading "sky130_fd_sc_hd__nand4bb_2".
Reading "sky130_fd_sc_hd__nand4bb_4".
Reading "sky130_fd_sc_hd__nor2_1".
Reading "sky130_fd_sc_hd__nor2_4".
Reading "sky130_fd_sc_hd__nor2_8".
Reading "sky130_fd_sc_hd__nor2b_1".
Reading "sky130_fd_sc_hd__nor2b_2".
Reading "sky130_fd_sc_hd__nor2b_4".
Reading "sky130_fd_sc_hd__nor3_1".
Reading "sky130_fd_sc_hd__nor3_2".
Reading "sky130_fd_sc_hd__nor3_4".
Reading "sky130_fd_sc_hd__nor3b_1".
Reading "sky130_fd_sc_hd__einvp_1".
Reading "sky130_fd_sc_hd__einvp_2".
Reading "sky130_fd_sc_hd__einvp_4".
Reading "sky130_fd_sc_hd__einvp_8".
Reading "sky130_fd_sc_hd__fa_1".
Reading "sky130_fd_sc_hd__fa_2".
Reading "sky130_fd_sc_hd__fa_4".
Reading "sky130_fd_sc_hd__fah_1".
Reading "sky130_fd_sc_hd__fahcin_1".
Reading "sky130_fd_sc_hd__fahcon_1".
Reading "sky130_fd_sc_hd__fill_1".
Reading "sky130_fd_sc_hd__fill_2".
Reading "sky130_fd_sc_hd__fill_4".
Reading "sky130_fd_sc_hd__fill_8".
Reading "sky130_fd_sc_hd__ha_1".
Reading "sky130_fd_sc_hd__ha_2".
Reading "sky130_fd_sc_hd__ha_4".
Reading "sky130_fd_sc_hd__inv_1".
Reading "sky130_fd_sc_hd__inv_16".
Reading "sky130_fd_sc_hd__inv_12".
Reading "sky130_fd_sc_hd__inv_8".
Reading "sky130_fd_sc_hd__inv_6".
Reading "sky130_fd_sc_hd__inv_4".
Reading "sky130_fd_sc_hd__lpflow_clkbufkapwr_4".
Reading "sky130_fd_sc_hd__lpflow_clkbufkapwr_2".
Reading "sky130_fd_sc_hd__lpflow_clkbufkapwr_1".
Reading "sky130_fd_sc_hd__lpflow_bleeder_1".
Reading "sky130_fd_sc_hd__lpflow_clkbufkapwr_8".
Reading "sky130_fd_sc_hd__lpflow_clkbufkapwr_16".
Reading "sky130_fd_sc_hd__lpflow_clkinvkapwr_1".
Reading "sky130_fd_sc_hd__lpflow_clkinvkapwr_2".
Reading "sky130_fd_sc_hd__lpflow_clkinvkapwr_4".
Reading "sky130_fd_sc_hd__lpflow_clkinvkapwr_8".
Reading "sky130_fd_sc_hd__lpflow_clkinvkapwr_16".
Reading "sky130_fd_sc_hd__lpflow_decapkapwr_3".
Reading "sky130_fd_sc_hd__lpflow_decapkapwr_4".
Reading "sky130_fd_sc_hd__lpflow_decapkapwr_6".
Reading "sky130_fd_sc_hd__lpflow_inputiso0n_1".
Reading "sky130_fd_sc_hd__lpflow_decapkapwr_12".
Reading "sky130_fd_sc_hd__lpflow_decapkapwr_8".
Reading "sky130_fd_sc_hd__lpflow_inputisolatch_1".
Reading "sky130_fd_sc_hd__lpflow_inputiso1p_1".
Reading "sky130_fd_sc_hd__lpflow_inputiso1n_1".
Reading "sky130_fd_sc_hd__lpflow_inputiso0p_1".
Reading "sky130_fd_sc_hd__lpflow_isobufsrc_4".
Reading "sky130_fd_sc_hd__lpflow_isobufsrc_2".
Reading "sky130_fd_sc_hd__lpflow_isobufsrc_1".
Reading "sky130_fd_sc_hd__lpflow_isobufsrc_8".
Reading "sky130_fd_sc_hd__lpflow_isobufsrc_16".
Reading "sky130_fd_sc_hd__lpflow_isobufsrckapwr_16".
Reading "sky130_fd_sc_hd__dfrtp_2".
Reading "sky130_fd_sc_hd__dfrtp_4".
Reading "sky130_fd_sc_hd__dfsbp_1".
Reading "sky130_fd_sc_hd__dfsbp_2".
Reading "sky130_fd_sc_hd__dfstp_1".
Reading "sky130_fd_sc_hd__dfstp_2".
Reading "sky130_fd_sc_hd__dfstp_4".
Reading "sky130_fd_sc_hd__dfxbp_1".
Reading "sky130_fd_sc_hd__dfxbp_2".
Reading "sky130_fd_sc_hd__dfxtp_1".
Reading "sky130_fd_sc_hd__dfxtp_2".
Reading "sky130_fd_sc_hd__dfxtp_4".
Reading "sky130_fd_sc_hd__diode_2".
Reading "sky130_fd_sc_hd__dlclkp_1".
Reading "sky130_fd_sc_hd__dlclkp_2".
Reading "sky130_fd_sc_hd__dlclkp_4".
Reading "sky130_fd_sc_hd__dlrbn_1".
Reading "sky130_fd_sc_hd__dlrbp_1".
Reading "sky130_fd_sc_hd__dlrtn_1".
Reading "sky130_fd_sc_hd__dlrtn_2".
Reading "sky130_fd_sc_hd__dlrbn_2".
Reading "sky130_fd_sc_hd__dlrbp_2".
Reading "sky130_fd_sc_hd__dlrtn_4".
Reading "sky130_fd_sc_hd__dlrtp_1".
Reading "sky130_fd_sc_hd__dlrtp_2".
Reading "sky130_fd_sc_hd__dlrtp_4".
Reading "sky130_fd_sc_hd__dlxbn_1".
Reading "sky130_fd_sc_hd__dlxbn_2".
Reading "sky130_fd_sc_hd__dlxbp_1".
Reading "sky130_fd_sc_hd__dlxtn_1".
Reading "sky130_fd_sc_hd__dlxtn_2".
Reading "sky130_fd_sc_hd__dlxtn_4".
Reading "sky130_fd_sc_hd__dlxtp_1".
Reading "sky130_fd_sc_hd__dlygate4sd1_1".
Reading "sky130_fd_sc_hd__dlygate4sd2_1".
Reading "sky130_fd_sc_hd__dlygate4sd3_1".
Reading "sky130_fd_sc_hd__dlymetal6s2s_1".
Reading "sky130_fd_sc_hd__dlymetal6s4s_1".
Reading "sky130_fd_sc_hd__dlymetal6s6s_1".
Reading "sky130_fd_sc_hd__ebufn_1".
Reading "sky130_fd_sc_hd__ebufn_2".
Reading "sky130_fd_sc_hd__ebufn_4".
Reading "sky130_fd_sc_hd__einvn_0".
Reading "sky130_fd_sc_hd__einvn_1".
Reading "sky130_fd_sc_hd__einvn_2".
Reading "sky130_fd_sc_hd__einvn_4".
Reading "sky130_fd_sc_hd__ebufn_8".
Reading "sky130_fd_sc_hd__edfxbp_1".
Reading "sky130_fd_sc_hd__edfxtp_1".
Reading "sky130_fd_sc_hd__einvn_8".
Reading "sky130_fd_sc_hd__and4_4".
Reading "sky130_fd_sc_hd__and4b_1".
Reading "sky130_fd_sc_hd__and4b_2".
Reading "sky130_fd_sc_hd__and4b_4".
Reading "sky130_fd_sc_hd__and4bb_1".
Reading "sky130_fd_sc_hd__and4bb_2".
Reading "sky130_fd_sc_hd__and4bb_4".
Reading "sky130_fd_sc_hd__buf_1".
Reading "sky130_fd_sc_hd__buf_2".
Reading "sky130_fd_sc_hd__buf_4".
Reading "sky130_fd_sc_hd__buf_6".
Reading "sky130_fd_sc_hd__buf_8".
Reading "sky130_fd_sc_hd__buf_12".
Reading "sky130_fd_sc_hd__buf_16".
Reading "sky130_fd_sc_hd__bufbuf_8".
Reading "sky130_fd_sc_hd__clkdlybuf4s15_2".
Reading "sky130_fd_sc_hd__clkdlybuf4s15_1".
Reading "sky130_fd_sc_hd__clkbuf_16".
Reading "sky130_fd_sc_hd__clkbuf_8".
Reading "sky130_fd_sc_hd__clkbuf_4".
Reading "sky130_fd_sc_hd__clkbuf_2".
Reading "sky130_fd_sc_hd__clkbuf_1".
Reading "sky130_fd_sc_hd__bufinv_16".
Reading "sky130_fd_sc_hd__bufinv_8".
Reading "sky130_fd_sc_hd__bufbuf_16".
Reading "sky130_fd_sc_hd__clkdlybuf4s18_1".
Reading "sky130_fd_sc_hd__clkdlybuf4s18_2".
Reading "sky130_fd_sc_hd__clkdlybuf4s25_1".
Reading "sky130_fd_sc_hd__clkdlybuf4s25_2".
Reading "sky130_fd_sc_hd__clkdlybuf4s50_1".
Reading "sky130_fd_sc_hd__clkdlybuf4s50_2".
Reading "sky130_fd_sc_hd__clkinv_1".
Reading "sky130_fd_sc_hd__clkinv_2".
Reading "sky130_fd_sc_hd__clkinv_4".
Reading "sky130_fd_sc_hd__dfbbn_1".
Reading "sky130_fd_sc_hd__decap_12".
Reading "sky130_fd_sc_hd__decap_8".
Reading "sky130_fd_sc_hd__decap_6".
Reading "sky130_fd_sc_hd__decap_4".
Reading "sky130_fd_sc_hd__decap_3".
Reading "sky130_fd_sc_hd__clkinvlp_4".
Reading "sky130_fd_sc_hd__clkinvlp_2".
Reading "sky130_fd_sc_hd__clkinv_16".
Reading "sky130_fd_sc_hd__clkinv_8".
Reading "sky130_fd_sc_hd__dfbbn_2".
Reading "sky130_fd_sc_hd__dfbbp_1".
Reading "sky130_fd_sc_hd__dfrbp_1".
Reading "sky130_fd_sc_hd__dfrbp_2".
Reading "sky130_fd_sc_hd__dfrtn_1".
Reading "sky130_fd_sc_hd__dfrtp_1".
Reading "sky130_fd_sc_hd__a32oi_1".
Reading "sky130_fd_sc_hd__a32oi_2".
Reading "sky130_fd_sc_hd__a32oi_4".
Reading "sky130_fd_sc_hd__a41o_1".
Reading "sky130_fd_sc_hd__a41o_2".
Reading "sky130_fd_sc_hd__a41o_4".
Reading "sky130_fd_sc_hd__a41oi_1".
Reading "sky130_fd_sc_hd__a41oi_2".
Reading "sky130_fd_sc_hd__a41oi_4".
Reading "sky130_fd_sc_hd__a221o_4".
Reading "sky130_fd_sc_hd__a221o_2".
Reading "sky130_fd_sc_hd__a221oi_1".
Reading "sky130_fd_sc_hd__a211oi_2".
Reading "sky130_fd_sc_hd__a211oi_1".
Reading "sky130_fd_sc_hd__a211o_4".
Reading "sky130_fd_sc_hd__a211o_2".
Reading "sky130_fd_sc_hd__a211o_1".
Reading "sky130_fd_sc_hd__a221o_1".
Reading "sky130_fd_sc_hd__a211oi_4".
Reading "sky130_fd_sc_hd__a221oi_2".
Reading "sky130_fd_sc_hd__a221oi_4".
Reading "sky130_fd_sc_hd__a222oi_1".
Reading "sky130_fd_sc_hd__a311o_1".
Reading "sky130_fd_sc_hd__a311o_2".
Reading "sky130_fd_sc_hd__a311o_4".
Reading "sky130_fd_sc_hd__a311oi_1".
Reading "sky130_fd_sc_hd__a311oi_2".
Reading "sky130_fd_sc_hd__a311oi_4".
Reading "sky130_fd_sc_hd__a2111o_1".
Reading "sky130_fd_sc_hd__a2111o_2".
Reading "sky130_fd_sc_hd__a2111o_4".
Reading "sky130_fd_sc_hd__a2111oi_0".
Reading "sky130_fd_sc_hd__a2111oi_1".
CIF file read warning: Input off lambda grid by 2/5; snapped to grid.
Reading "sky130_fd_sc_hd__a2111oi_2".
Reading "sky130_fd_sc_hd__a2111oi_4".
Reading "sky130_fd_sc_hd__and2_0".
Reading "sky130_fd_sc_hd__and2_1".
Reading "sky130_fd_sc_hd__and2b_1".
Reading "sky130_fd_sc_hd__and2_4".
Reading "sky130_fd_sc_hd__and2_2".
Reading "sky130_fd_sc_hd__and2b_4".
Reading "sky130_fd_sc_hd__and2b_2".
Reading "sky130_fd_sc_hd__and3_4".
Reading "sky130_fd_sc_hd__and3_2".
Reading "sky130_fd_sc_hd__and3_1".
Reading "sky130_fd_sc_hd__and3b_2".
Reading "sky130_fd_sc_hd__and3b_1".
Reading "sky130_fd_sc_hd__and3b_4".
Reading "sky130_fd_sc_hd__and4_1".
Reading "sky130_fd_sc_hd__and4_2".
Reading "sky130_ef_sc_hd__decap_12".
Reading "sky130_ef_sc_hd__fill_4".
Reading "sky130_ef_sc_hd__fill_8".
Reading "sky130_ef_sc_hd__fill_12".
Reading "sky130_fd_sc_hd__a2bb2o_1".
Reading "sky130_fd_sc_hd__a2bb2o_2".
Reading "sky130_fd_sc_hd__a2bb2o_4".
Reading "sky130_fd_sc_hd__a2bb2oi_1".
Reading "sky130_fd_sc_hd__a2bb2oi_2".
Reading "sky130_fd_sc_hd__a2bb2oi_4".
Reading "sky130_fd_sc_hd__a21bo_1".
Reading "sky130_fd_sc_hd__a21bo_2".
Reading "sky130_fd_sc_hd__a21bo_4".
Reading "sky130_fd_sc_hd__a21boi_0".
Reading "sky130_fd_sc_hd__a21boi_1".
Reading "sky130_fd_sc_hd__a21boi_2".
Reading "sky130_fd_sc_hd__a21boi_4".
Reading "sky130_fd_sc_hd__a21o_1".
Reading "sky130_fd_sc_hd__a21o_2".
Reading "sky130_fd_sc_hd__a22o_1".
Reading "sky130_fd_sc_hd__a21oi_4".
Reading "sky130_fd_sc_hd__a21oi_2".
Reading "sky130_fd_sc_hd__a22oi_2".
Reading "sky130_fd_sc_hd__a22oi_1".
Reading "sky130_fd_sc_hd__a22o_4".
Reading "sky130_fd_sc_hd__a22o_2".
Reading "sky130_fd_sc_hd__a22oi_4".
Reading "sky130_fd_sc_hd__a21oi_1".
Reading "sky130_fd_sc_hd__a21o_4".
Reading "sky130_fd_sc_hd__a31o_1".
Reading "sky130_fd_sc_hd__a31o_2".
Reading "sky130_fd_sc_hd__a31o_4".
Reading "sky130_fd_sc_hd__a31oi_1".
Reading "sky130_fd_sc_hd__a31oi_2".
Reading "sky130_fd_sc_hd__a31oi_4".
Reading "sky130_fd_sc_hd__a32o_1".
Reading "sky130_fd_sc_hd__a32o_2".
Reading "sky130_fd_sc_hd__a32o_4".
Cell (REFRESHLAYOUT?) couldn't be read
No such file or directory
Creating new cell
> def read /mnt/d/APIC/FIR_Openlane/All/runs/RUN_2024-06-17_09-55-24/50-openroad-fillinsertion/top.def -noblockage -labels
Reading DEF data from file /mnt/d/APIC/FIR_Openlane/All/runs/RUN_2024-06-17_09-55-24/50-openroad-fillinsertion/top.def.
This action cannot be undone.
  Processed 4 vias total.
  Processed 91208 subcell instances total.
  Processed 40 pins total.
  Processed 2 special nets total.
  Processed 34627 nets total.
DEF read: Processed 620814 lines.
Moving label "_00471_" from metal3 to via3 in cell top.
Moving label "_00492_" from metal1 to via1 in cell top.
Moving label "_00523_" from metal1 to via1 in cell top.
Moving label "_00552_" from metal1 to viali in cell top.
Moving label "_00579_" from metal1 to viali in cell top.
Moving label "_00601_" from metal3 to via3 in cell top.
Moving label "_00605_" from metal1 to via1 in cell top.
Moving label "_00634_" from metal1 to viali in cell top.
Moving label "_00703_" from metal1 to via1 in cell top.
Moving label "_00767_" from metal2 to via2 in cell top.
Moving label "_00806_" from metal1 to viali in cell top.
Moving label "_00813_" from metal1 to via1 in cell top.
Moving label "_00848_" from metal1 to viali in cell top.
Moving label "_00865_" from metal2 to via2 in cell top.
Moving label "_00884_" from metal1 to viali in cell top.
Moving label "_00920_" from metal1 to via1 in cell top.
Moving label "_00941_" from metal2 to via2 in cell top.
Moving label "_00970_" from metal1 to via1 in cell top.
Moving label "_00987_" from metal1 to viali in cell top.
Moving label "_01063_" from metal2 to via1 in cell top.
Moving label "_01102_" from metal1 to viali in cell top.
Moving label "_01204_" from metal2 to via2 in cell top.
Moving label "_01292_" from metal1 to viali in cell top.
Moving label "_01339_" from metal1 to via1 in cell top.
Moving label "_01388_" from metal1 to via1 in cell top.
Moving label "_01391_" from metal1 to viali in cell top.
Moving label "_01396_" from metal1 to via1 in cell top.
Moving label "_01438_" from metal2 to via2 in cell top.
Moving label "_01489_" from metal2 to via2 in cell top.
Moving label "_01505_" from metal1 to via1 in cell top.
Moving label "_01513_" from metal1 to via1 in cell top.
Moving label "_01525_" from metal2 to via2 in cell top.
Moving label "_01537_" from metal1 to viali in cell top.
Moving label "_01570_" from metal1 to via1 in cell top.
Moving label "_01631_" from metal1 to viali in cell top.
Moving label "_01643_" from metal1 to viali in cell top.
Moving label "_01702_" from metal3 to via3 in cell top.
Moving label "_01981_" from metal1 to via1 in cell top.
Moving label "_02011_" from metal1 to viali in cell top.
Moving label "_02042_" from metal3 to via3 in cell top.
Moving label "_02043_" from metal1 to viali in cell top.
Moving label "_02115_" from metal1 to via1 in cell top.
Moving label "_02183_" from metal2 to via1 in cell top.
Moving label "_02188_" from metal3 to via3 in cell top.
Moving label "_02210_" from metal1 to viali in cell top.
Moving label "_02365_" from metal1 to viali in cell top.
Moving label "_02418_" from metal3 to via3 in cell top.
Moving label "_02444_" from metal1 to via1 in cell top.
Moving label "_02477_" from metal1 to viali in cell top.
Moving label "_02534_" from metal2 to via2 in cell top.
Moving label "_02631_" from metal1 to via1 in cell top.
Moving label "_02657_" from metal3 to via3 in cell top.
Moving label "_02744_" from metal3 to via3 in cell top.
Moving label "_02814_" from metal2 to via2 in cell top.
Moving label "_02895_" from metal3 to via3 in cell top.
Moving label "_03039_" from metal1 to viali in cell top.
Moving label "_03054_" from metal2 to via2 in cell top.
Moving label "_03081_" from metal2 to via2 in cell top.
Moving label "_03099_" from metal1 to viali in cell top.
Moving label "_03101_" from metal2 to via2 in cell top.
Moving label "_03102_" from metal1 to viali in cell top.
Moving label "_03113_" from metal1 to via1 in cell top.
Moving label "_03214_" from metal1 to via1 in cell top.
Moving label "_03225_" from metal1 to viali in cell top.
Moving label "_03270_" from metal1 to viali in cell top.
Moving label "_03276_" from metal1 to viali in cell top.
Moving label "_03364_" from metal1 to via1 in cell top.
Moving label "_03376_" from metal1 to viali in cell top.
Moving label "_03390_" from metal3 to via3 in cell top.
Moving label "_03459_" from metal1 to via1 in cell top.
Moving label "_03465_" from metal1 to via1 in cell top.
Moving label "_03604_" from metal1 to via1 in cell top.
Moving label "_03620_" from metal1 to via1 in cell top.
Moving label "_03650_" from metal2 to via2 in cell top.
Moving label "_03659_" from metal1 to viali in cell top.
Moving label "_03750_" from metal1 to viali in cell top.
Moving label "_03761_" from metal3 to via3 in cell top.
Moving label "_03891_" from metal2 to via2 in cell top.
Moving label "_03939_" from metal1 to via1 in cell top.
Moving label "_03955_" from metal2 to via2 in cell top.
Moving label "_04008_" from metal1 to viali in cell top.
Moving label "_04009_" from metal1 to via1 in cell top.
Moving label "_04022_" from metal1 to via1 in cell top.
Moving label "_04066_" from metal2 to via2 in cell top.
Moving label "_04181_" from metal1 to via1 in cell top.
Moving label "_04205_" from metal2 to via2 in cell top.
Moving label "_04278_" from metal2 to via2 in cell top.
Moving label "_04337_" from metal1 to via1 in cell top.
Moving label "_04386_" from metal1 to via1 in cell top.
Moving label "_04423_" from metal2 to via1 in cell top.
Moving label "_04442_" from metal1 to viali in cell top.
Moving label "_04511_" from metal1 to via1 in cell top.
Moving label "_04517_" from metal1 to via1 in cell top.
Moving label "_04532_" from metal2 to via2 in cell top.
Moving label "_04546_" from metal2 to via2 in cell top.
Moving label "_04584_" from metal3 to via3 in cell top.
Moving label "_04634_" from metal2 to via2 in cell top.
Moving label "_04685_" from metal3 to via3 in cell top.
Moving label "_04686_" from metal1 to via1 in cell top.
Moving label "_04724_" from metal1 to viali in cell top.
Moving label "_04773_" from metal1 to viali in cell top.
Moving label "_04823_" from metal2 to via2 in cell top.
Moving label "_04904_" from metal2 to via2 in cell top.
Moving label "_04915_" from metal2 to via2 in cell top.
Moving label "_04926_" from metal1 to viali in cell top.
Moving label "_04937_" from metal1 to viali in cell top.
Moving label "_04950_" from metal2 to via2 in cell top.
Moving label "_05026_" from metal2 to via2 in cell top.
Moving label "_05082_" from metal1 to viali in cell top.
Moving label "_05097_" from metal3 to via3 in cell top.
Moving label "_05105_" from metal1 to viali in cell top.
Moving label "_05119_" from metal1 to viali in cell top.
Moving label "_05164_" from metal1 to viali in cell top.
Moving label "_05199_" from metal2 to via2 in cell top.
Moving label "_05209_" from metal1 to via1 in cell top.
Moving label "_05283_" from metal1 to via1 in cell top.
Moving label "_05317_" from metal2 to via2 in cell top.
Moving label "_05332_" from metal1 to via1 in cell top.
Moving label "_05352_" from metal1 to viali in cell top.
Moving label "_05367_" from metal2 to via2 in cell top.
Moving label "_05435_" from metal1 to via1 in cell top.
Moving label "_05452_" from metal2 to via2 in cell top.
Moving label "_05456_" from metal1 to via1 in cell top.
Moving label "_05548_" from metal1 to via1 in cell top.
Moving label "_05602_" from metal2 to via1 in cell top.
Moving label "_05603_" from metal3 to via3 in cell top.
Moving label "_05624_" from metal2 to via2 in cell top.
Moving label "_05632_" from metal2 to via2 in cell top.
Moving label "_05692_" from metal2 to via2 in cell top.
Moving label "_05703_" from metal3 to via3 in cell top.
Moving label "_05778_" from metal3 to via3 in cell top.
Moving label "_05819_" from metal1 to via1 in cell top.
Moving label "_05915_" from metal2 to via2 in cell top.
Moving label "_05954_" from metal1 to via1 in cell top.
Moving label "_06009_" from metal1 to viali in cell top.
Moving label "_06051_" from metal1 to via1 in cell top.
Moving label "_06189_" from metal1 to via1 in cell top.
Moving label "_06198_" from metal2 to via2 in cell top.
Moving label "_06227_" from metal1 to viali in cell top.
Moving label "_06247_" from metal1 to via1 in cell top.
Moving label "_06410_" from metal1 to via1 in cell top.
Moving label "_06456_" from metal1 to viali in cell top.
Moving label "_06552_" from metal2 to via1 in cell top.
Moving label "_06690_" from metal1 to viali in cell top.
Moving label "_06711_" from metal1 to via1 in cell top.
Moving label "_06742_" from metal2 to via2 in cell top.
Moving label "_06765_" from metal1 to via1 in cell top.
Moving label "_06768_" from metal1 to via1 in cell top.
Moving label "_06773_" from metal3 to via3 in cell top.
Moving label "_06835_" from metal3 to via3 in cell top.
Moving label "_06868_" from metal1 to viali in cell top.
Moving label "_06902_" from metal2 to via2 in cell top.
Moving label "_06920_" from metal3 to via3 in cell top.
Moving label "_06934_" from metal1 to viali in cell top.
Moving label "_06952_" from metal1 to via1 in cell top.
Moving label "_06967_" from metal1 to via1 in cell top.
Moving label "_07004_" from metal1 to viali in cell top.
Moving label "_07049_" from metal1 to viali in cell top.
Moving label "_07066_" from metal3 to via3 in cell top.
Moving label "_07069_" from metal1 to via1 in cell top.
Moving label "_07078_" from metal3 to via3 in cell top.
Moving label "_07088_" from metal1 to via1 in cell top.
Moving label "_07156_" from metal1 to viali in cell top.
Moving label "_07379_" from metal1 to via1 in cell top.
Moving label "_07389_" from metal1 to viali in cell top.
Moving label "_07477_" from metal3 to via3 in cell top.
Moving label "_07508_" from metal2 to via2 in cell top.
Moving label "_07579_" from metal2 to via2 in cell top.
Moving label "_07648_" from metal2 to via1 in cell top.
Moving label "_07651_" from metal1 to via1 in cell top.
Moving label "_07660_" from metal2 to via1 in cell top.
Moving label "_07668_" from metal1 to via1 in cell top.
Moving label "_07713_" from metal1 to via1 in cell top.
Moving label "_07778_" from metal2 to via2 in cell top.
Moving label "_07793_" from metal1 to via1 in cell top.
Moving label "_07822_" from metal1 to via1 in cell top.
Moving label "_07843_" from metal2 to via2 in cell top.
Moving label "_07950_" from metal1 to viali in cell top.
Moving label "_07989_" from metal1 to viali in cell top.
Moving label "_08103_" from metal2 to via2 in cell top.
Moving label "_08121_" from metal1 to viali in cell top.
Moving label "_08174_" from metal1 to via1 in cell top.
Moving label "_08181_" from metal1 to via1 in cell top.
Moving label "_08214_" from metal2 to via2 in cell top.
Moving label "_08254_" from metal1 to via1 in cell top.
Moving label "_08281_" from metal2 to via2 in cell top.
Moving label "_08288_" from metal1 to viali in cell top.
Moving label "_08332_" from metal1 to via1 in cell top.
Moving label "_08339_" from metal1 to via1 in cell top.
Moving label "_08393_" from metal1 to viali in cell top.
Moving label "_08475_" from metal1 to via1 in cell top.
Moving label "_08501_" from metal1 to via1 in cell top.
Moving label "_08507_" from metal1 to viali in cell top.
Moving label "_08626_" from metal2 to via2 in cell top.
Moving label "_08688_" from metal1 to via1 in cell top.
Moving label "_08718_" from metal1 to via1 in cell top.
Moving label "_08767_" from metal3 to via3 in cell top.
Moving label "_08792_" from metal2 to via2 in cell top.
Moving label "_08793_" from metal3 to via3 in cell top.
Moving label "_08828_" from metal2 to via1 in cell top.
Moving label "_08964_" from metal1 to viali in cell top.
Moving label "_09068_" from metal1 to via1 in cell top.
Moving label "_09089_" from metal1 to via1 in cell top.
Moving label "_09097_" from metal3 to via3 in cell top.
Moving label "_09128_" from metal2 to via2 in cell top.
Moving label "_09135_" from metal1 to viali in cell top.
Moving label "_09195_" from metal1 to via1 in cell top.
Moving label "_09200_" from metal1 to viali in cell top.
Moving label "_09319_" from metal1 to viali in cell top.
Moving label "_09349_" from metal2 to via2 in cell top.
Moving label "_09351_" from metal2 to via2 in cell top.
Moving label "_09392_" from metal2 to via2 in cell top.
Moving label "_09399_" from metal1 to via1 in cell top.
Moving label "_09504_" from metal1 to via1 in cell top.
Moving label "_09524_" from metal1 to via1 in cell top.
Moving label "_09529_" from metal3 to via3 in cell top.
Moving label "_09543_" from metal1 to viali in cell top.
Moving label "_09561_" from metal1 to viali in cell top.
Moving label "_09568_" from metal1 to viali in cell top.
Moving label "_09608_" from metal1 to via1 in cell top.
Moving label "_09630_" from metal2 to via1 in cell top.
Moving label "_09673_" from metal1 to via1 in cell top.
Moving label "_09693_" from metal1 to viali in cell top.
Moving label "_09701_" from metal2 to via2 in cell top.
Moving label "_09731_" from metal1 to via1 in cell top.
Moving label "_09791_" from metal1 to viali in cell top.
Moving label "_09809_" from metal2 to via2 in cell top.
Moving label "_09831_" from metal1 to viali in cell top.
Moving label "_09845_" from metal2 to via1 in cell top.
Moving label "_09856_" from metal1 to viali in cell top.
Moving label "_09896_" from metal1 to via1 in cell top.
Moving label "_09907_" from metal1 to via1 in cell top.
Moving label "_09927_" from metal2 to via1 in cell top.
Moving label "_09936_" from metal1 to viali in cell top.
Moving label "_09997_" from metal1 to via1 in cell top.
Moving label "_10035_" from metal2 to via1 in cell top.
Moving label "_10039_" from metal1 to via1 in cell top.
Moving label "_10044_" from metal1 to viali in cell top.
Moving label "_10136_" from metal2 to via1 in cell top.
Moving label "_10159_" from metal1 to via1 in cell top.
Moving label "_10233_" from metal1 to via1 in cell top.
Moving label "_10260_" from metal1 to viali in cell top.
Moving label "_10314_" from metal1 to viali in cell top.
Moving label "_10389_" from metal2 to via2 in cell top.
Moving label "_10444_" from metal1 to viali in cell top.
Moving label "_10475_" from metal1 to viali in cell top.
Moving label "_10477_" from metal1 to viali in cell top.
Moving label "_10498_" from metal1 to via1 in cell top.
Moving label "_10547_" from metal1 to via1 in cell top.
Moving label "_10550_" from metal1 to via1 in cell top.
Moving label "_10621_" from metal1 to via1 in cell top.
Moving label "_10648_" from metal3 to via3 in cell top.
Moving label "_10676_" from metal1 to via1 in cell top.
Moving label "_10732_" from metal1 to via1 in cell top.
Moving label "_10740_" from metal2 to via2 in cell top.
Moving label "_10751_" from metal3 to via3 in cell top.
Moving label "_10802_" from metal1 to viali in cell top.
Moving label "_10865_" from metal1 to via1 in cell top.
Moving label "_10894_" from metal3 to via3 in cell top.
Moving label "_10904_" from metal1 to via1 in cell top.
Moving label "_10943_" from metal2 to via1 in cell top.
Moving label "_10982_" from metal1 to via1 in cell top.
Moving label "_11010_" from metal2 to via1 in cell top.
Moving label "_11069_" from metal3 to via3 in cell top.
Moving label "_11116_" from metal1 to via1 in cell top.
Moving label "_11263_" from metal1 to via1 in cell top.
Moving label "_11305_" from metal1 to via1 in cell top.
Moving label "_11311_" from metal2 to via2 in cell top.
Moving label "_11372_" from metal1 to viali in cell top.
Moving label "_11545_" from metal1 to viali in cell top.
Moving label "_11563_" from metal1 to via1 in cell top.
Moving label "_11617_" from metal1 to via1 in cell top.
Moving label "_11619_" from metal1 to via1 in cell top.
Moving label "_11639_" from metal2 to via2 in cell top.
Moving label "_11658_" from metal1 to via1 in cell top.
Moving label "_11719_" from metal1 to via1 in cell top.
Moving label "_11783_" from metal2 to via2 in cell top.
Moving label "_11833_" from metal1 to via1 in cell top.
Moving label "_11911_" from metal1 to via1 in cell top.
Moving label "_11918_" from metal2 to via2 in cell top.
Moving label "_12059_" from metal1 to viali in cell top.
Moving label "_12079_" from metal2 to via1 in cell top.
Moving label "_12135_" from metal1 to via1 in cell top.
Moving label "_12227_" from metal1 to viali in cell top.
Moving label "_12329_" from metal2 to via1 in cell top.
Moving label "_12386_" from metal1 to via1 in cell top.
Moving label "_12414_" from metal2 to via2 in cell top.
Moving label "_12416_" from metal2 to via1 in cell top.
Moving label "_12425_" from metal2 to via2 in cell top.
Moving label "_12450_" from metal2 to via1 in cell top.
Moving label "_12499_" from metal2 to via2 in cell top.
Moving label "_12609_" from metal1 to viali in cell top.
Moving label "_12616_" from metal1 to via1 in cell top.
Moving label "_12622_" from metal1 to viali in cell top.
Moving label "_12629_" from metal1 to viali in cell top.
Moving label "_12772_" from metal1 to viali in cell top.
Moving label "_12837_" from metal1 to via1 in cell top.
Moving label "_12889_" from metal2 to via1 in cell top.
Moving label "_12953_" from metal2 to via1 in cell top.
Moving label "_12964_" from metal1 to viali in cell top.
Moving label "_12968_" from metal1 to via1 in cell top.
Moving label "_12982_" from metal1 to via1 in cell top.
Moving label "_12986_" from metal1 to viali in cell top.
Moving label "_13046_" from metal1 to viali in cell top.
Moving label "_13067_" from metal2 to via1 in cell top.
Moving label "_13096_" from metal1 to via1 in cell top.
Moving label "_13110_" from metal1 to viali in cell top.
Moving label "_13119_" from metal1 to viali in cell top.
Moving label "_13153_" from metal1 to via1 in cell top.
Moving label "_13187_" from metal2 to via2 in cell top.
Moving label "_13189_" from metal1 to via1 in cell top.
Moving label "_13365_" from metal2 to via2 in cell top.
Moving label "_13374_" from metal1 to via1 in cell top.
Moving label "_13392_" from metal2 to via2 in cell top.
Moving label "_13403_" from metal1 to via1 in cell top.
Moving label "_13423_" from metal1 to viali in cell top.
Moving label "_13512_" from metal1 to viali in cell top.
Moving label "_13553_" from metal1 to via1 in cell top.
Moving label "_13582_" from metal1 to via1 in cell top.
Moving label "_13599_" from metal1 to viali in cell top.
Moving label "_13602_" from metal1 to via1 in cell top.
Moving label "_13626_" from metal1 to viali in cell top.
Moving label "_13638_" from metal1 to via1 in cell top.
Moving label "_13639_" from metal1 to viali in cell top.
Moving label "_13649_" from metal1 to via1 in cell top.
Moving label "_13657_" from metal1 to viali in cell top.
Moving label "_13712_" from metal1 to viali in cell top.
Moving label "_13750_" from metal1 to via1 in cell top.
Moving label "_13798_" from metal1 to via1 in cell top.
Moving label "_13862_" from metal1 to viali in cell top.
Moving label "_13865_" from metal1 to via1 in cell top.
Moving label "_13870_" from metal2 to via1 in cell top.
Moving label "_13881_" from metal1 to viali in cell top.
Moving label "_13938_" from metal1 to viali in cell top.
Moving label "_14068_" from metal3 to via3 in cell top.
Moving label "_14132_" from metal1 to via1 in cell top.
Moving label "_14180_" from metal2 to via2 in cell top.
Moving label "_14275_" from metal1 to via1 in cell top.
Moving label "_14314_" from metal1 to viali in cell top.
Moving label "_14342_" from metal1 to viali in cell top.
Moving label "_14548_" from metal1 to via1 in cell top.
Moving label "_14567_" from metal1 to viali in cell top.
Moving label "_14572_" from metal1 to viali in cell top.
Moving label "_14797_" from metal1 to via1 in cell top.
Moving label "_14845_" from metal1 to via1 in cell top.
Moving label "_14850_" from metal1 to via1 in cell top.
Moving label "_14884_" from metal2 to via2 in cell top.
Moving label "_14890_" from metal1 to via1 in cell top.
Moving label "_15114_" from metal1 to via1 in cell top.
Moving label "_15120_" from metal1 to viali in cell top.
Moving label "_15126_" from metal1 to via1 in cell top.
Moving label "_15165_" from metal2 to via2 in cell top.
Moving label "_15212_" from metal1 to via1 in cell top.
Moving label "_15221_" from metal2 to via2 in cell top.
Moving label "_15322_" from metal1 to via1 in cell top.
Moving label "_15343_" from metal2 to via2 in cell top.
Moving label "_15373_" from metal1 to via1 in cell top.
Moving label "_15523_" from metal2 to via2 in cell top.
Moving label "_15570_" from metal1 to via1 in cell top.
Moving label "_15594_" from metal2 to via2 in cell top.
Moving label "_15631_" from metal1 to viali in cell top.
Moving label "_15662_" from metal2 to via2 in cell top.
Moving label "_15756_" from metal1 to viali in cell top.
Moving label "_15858_" from metal2 to via2 in cell top.
Moving label "_15940_" from metal1 to via1 in cell top.
Moving label "_15961_" from metal2 to via1 in cell top.
Moving label "_15974_" from metal1 to via1 in cell top.
Moving label "_16006_" from metal2 to via2 in cell top.
Moving label "_16018_" from metal1 to viali in cell top.
Moving label "_16034_" from metal3 to via3 in cell top.
Moving label "_16103_" from metal1 to via1 in cell top.
Moving label "_16122_" from metal1 to viali in cell top.
Moving label "_16173_" from metal1 to via1 in cell top.
Moving label "_16175_" from metal1 to via1 in cell top.
Moving label "_16250_" from metal2 to via2 in cell top.
Moving label "_16272_" from metal2 to via2 in cell top.
Moving label "_16276_" from metal2 to via2 in cell top.
Moving label "_16309_" from metal2 to via1 in cell top.
Moving label "_16324_" from metal1 to viali in cell top.
Moving label "_16353_" from metal1 to viali in cell top.
Moving label "_16426_" from metal1 to via1 in cell top.
Moving label "_16637_" from metal2 to via2 in cell top.
Moving label "_16671_" from metal2 to via1 in cell top.
Moving label "_16719_" from metal1 to via1 in cell top.
Moving label "_16809_" from metal1 to viali in cell top.
Moving label "_16868_" from metal1 to viali in cell top.
Moving label "_16873_" from metal1 to via1 in cell top.
Moving label "_16923_" from metal1 to via1 in cell top.
Moving label "_16993_" from metal1 to via1 in cell top.
Moving label "_16994_" from metal1 to via1 in cell top.
Moving label "_17007_" from metal1 to via1 in cell top.
Moving label "_17011_" from metal2 to via1 in cell top.
Moving label "_17021_" from metal1 to viali in cell top.
Moving label "_17057_" from metal2 to via2 in cell top.
Moving label "_17166_" from metal1 to via1 in cell top.
Moving label "_17177_" from metal2 to via2 in cell top.
Moving label "_17231_" from metal1 to via1 in cell top.
Moving label "_17248_" from metal1 to viali in cell top.
Moving label "_17258_" from metal1 to viali in cell top.
Moving label "_17349_" from metal1 to viali in cell top.
Moving label "_17472_" from metal1 to via1 in cell top.
Moving label "_17548_" from metal1 to viali in cell top.
Moving label "_17584_" from metal1 to viali in cell top.
Moving label "_17596_" from metal1 to via1 in cell top.
Moving label "_17634_" from metal1 to via1 in cell top.
Moving label "_17656_" from metal1 to viali in cell top.
Moving label "_17702_" from metal2 to via2 in cell top.
Moving label "_17732_" from metal3 to via3 in cell top.
Moving label "_17780_" from metal1 to viali in cell top.
Moving label "_17817_" from metal1 to via1 in cell top.
Moving label "_17825_" from metal1 to viali in cell top.
Moving label "_17869_" from metal1 to via1 in cell top.
Moving label "_17895_" from metal1 to via1 in cell top.
Moving label "_17942_" from metal1 to via1 in cell top.
Moving label "_17947_" from metal1 to via1 in cell top.
Moving label "_17960_" from metal1 to viali in cell top.
Moving label "_17993_" from metal1 to via1 in cell top.
Moving label "_17998_" from metal1 to viali in cell top.
Moving label "_18162_" from metal1 to via1 in cell top.
Moving label "_18171_" from metal1 to via1 in cell top.
Moving label "_18233_" from metal1 to via1 in cell top.
Moving label "_18387_" from metal1 to viali in cell top.
Moving label "_18396_" from metal1 to viali in cell top.
Moving label "_18466_" from metal1 to via1 in cell top.
Moving label "_18510_" from metal2 to via2 in cell top.
Moving label "_18575_" from metal3 to via3 in cell top.
Moving label "_18591_" from metal1 to viali in cell top.
Moving label "_18612_" from metal1 to viali in cell top.
Moving label "_18652_" from metal1 to viali in cell top.
Moving label "_18655_" from metal1 to via1 in cell top.
Moving label "_18678_" from metal1 to viali in cell top.
Moving label "_18710_" from metal1 to via1 in cell top.
Moving label "_18748_" from metal2 to via2 in cell top.
Moving label "_18750_" from metal2 to via1 in cell top.
Moving label "_18852_" from metal1 to viali in cell top.
Moving label "_18864_" from metal3 to via3 in cell top.
Moving label "_18867_" from metal1 to via1 in cell top.
Moving label "_18893_" from metal1 to viali in cell top.
Moving label "_18913_" from metal1 to via1 in cell top.
Moving label "_18920_" from metal1 to via1 in cell top.
Moving label "_19040_" from metal1 to viali in cell top.
Moving label "_19048_" from metal1 to viali in cell top.
Moving label "_19056_" from metal1 to via1 in cell top.
Moving label "_19103_" from metal1 to viali in cell top.
Moving label "_19161_" from metal2 to via1 in cell top.
Moving label "_19214_" from metal1 to via1 in cell top.
Moving label "_19226_" from metal1 to via1 in cell top.
Moving label "_19294_" from metal1 to viali in cell top.
Moving label "_19308_" from metal1 to viali in cell top.
Moving label "_19366_" from metal1 to via1 in cell top.
Moving label "_19375_" from metal1 to via1 in cell top.
Moving label "_19384_" from metal2 to via1 in cell top.
Moving label "_19412_" from metal1 to via1 in cell top.
Moving label "_19419_" from metal3 to via3 in cell top.
Moving label "_19421_" from metal2 to via2 in cell top.
Moving label "_19500_" from metal1 to viali in cell top.
Moving label "_19587_" from metal2 to via2 in cell top.
Moving label "_19651_" from metal1 to via1 in cell top.
Moving label "_19702_" from metal2 to via1 in cell top.
Moving label "_19777_" from metal2 to via2 in cell top.
Moving label "_19798_" from metal1 to viali in cell top.
Moving label "_19837_" from metal1 to via1 in cell top.
Moving label "_19838_" from metal1 to viali in cell top.
Moving label "_19850_" from metal1 to via1 in cell top.
Moving label "_19922_" from metal1 to viali in cell top.
Moving label "_19955_" from metal1 to viali in cell top.
Moving label "_20000_" from metal1 to viali in cell top.
Moving label "_20041_" from metal1 to via1 in cell top.
Moving label "_20078_" from metal1 to via1 in cell top.
Moving label "_20099_" from metal1 to viali in cell top.
Moving label "_20111_" from metal1 to via1 in cell top.
Moving label "_20150_" from metal1 to via1 in cell top.
Moving label "_20166_" from metal1 to via1 in cell top.
Moving label "_20221_" from metal1 to via1 in cell top.
Moving label "_20252_" from metal1 to viali in cell top.
Moving label "_20363_" from metal1 to via1 in cell top.
Moving label "_20397_" from metal1 to viali in cell top.
Moving label "_20473_" from metal1 to via1 in cell top.
Moving label "_20490_" from metal1 to viali in cell top.
Moving label "_20498_" from metal1 to via1 in cell top.
Moving label "_20507_" from metal1 to viali in cell top.
Moving label "_20553_" from metal1 to via1 in cell top.
Moving label "_20563_" from metal2 to via2 in cell top.
Moving label "_20617_" from metal1 to viali in cell top.
Moving label "_20680_" from metal1 to via1 in cell top.
Moving label "_20718_" from metal2 to via2 in cell top.
Moving label "_20720_" from metal2 to via2 in cell top.
Moving label "_20732_" from metal1 to viali in cell top.
Moving label "_20818_" from metal1 to via1 in cell top.
Moving label "_20842_" from metal1 to via1 in cell top.
Moving label "_20866_" from metal3 to via3 in cell top.
Moving label "_20889_" from metal1 to viali in cell top.
Moving label "_20934_" from metal1 to viali in cell top.
Moving label "_20976_" from metal1 to viali in cell top.
Moving label "_20994_" from metal2 to via1 in cell top.
Moving label "_21027_" from metal1 to viali in cell top.
Moving label "_21127_" from metal2 to via1 in cell top.
Moving label "_21202_" from metal1 to viali in cell top.
Moving label "_21288_" from metal1 to viali in cell top.
Moving label "_21317_" from metal1 to via1 in cell top.
Moving label "_21320_" from metal1 to viali in cell top.
Moving label "_21335_" from metal2 to via1 in cell top.
Moving label "_21380_" from metal1 to via1 in cell top.
Moving label "_21397_" from metal1 to via1 in cell top.
Moving label "_21419_" from metal1 to viali in cell top.
Moving label "_21425_" from metal1 to viali in cell top.
Moving label "_21438_" from metal1 to via1 in cell top.
Moving label "_21522_" from metal2 to via1 in cell top.
Moving label "_21524_" from metal1 to viali in cell top.
Moving label "_21556_" from metal1 to viali in cell top.
Moving label "_21569_" from metal1 to via1 in cell top.
Moving label "_21633_" from metal1 to viali in cell top.
Moving label "_21919_" from metal1 to via1 in cell top.
Moving label "_21946_" from metal3 to via3 in cell top.
Moving label "_22039_" from metal1 to viali in cell top.
Moving label "_22069_" from metal2 to via2 in cell top.
Moving label "_22222_" from metal1 to viali in cell top.
Moving label "_22244_" from metal1 to viali in cell top.
Moving label "_22249_" from metal2 to via2 in cell top.
Moving label "_22272_" from metal1 to viali in cell top.
Moving label "_22353_" from metal1 to viali in cell top.
Moving label "_22402_" from metal3 to via3 in cell top.
Moving label "_22466_" from metal1 to viali in cell top.
Moving label "_22522_" from metal1 to viali in cell top.
Moving label "_22529_" from metal1 to via1 in cell top.
Moving label "_22534_" from metal1 to viali in cell top.
Moving label "_22540_" from metal2 to via1 in cell top.
Moving label "_22551_" from metal1 to viali in cell top.
Moving label "_22575_" from metal2 to via1 in cell top.
Moving label "_22646_" from metal1 to viali in cell top.
Moving label "_22689_" from metal1 to viali in cell top.
Moving label "_22712_" from metal1 to viali in cell top.
Moving label "_22747_" from metal1 to via1 in cell top.
Moving label "_22799_" from metal1 to via1 in cell top.
Moving label "_22851_" from metal2 to via2 in cell top.
Moving label "_22872_" from metal1 to viali in cell top.
Moving label "_22902_" from metal1 to via1 in cell top.
Moving label "_22932_" from metal1 to viali in cell top.
Moving label "_22935_" from metal1 to via1 in cell top.
Moving label "_22971_" from metal1 to viali in cell top.
Moving label "_23001_" from metal1 to via1 in cell top.
Moving label "_23012_" from metal1 to viali in cell top.
Moving label "_23073_" from metal3 to via3 in cell top.
Moving label "_23142_" from metal1 to viali in cell top.
Moving label "_23183_" from metal1 to via1 in cell top.
Moving label "_23189_" from metal1 to viali in cell top.
Moving label "_23191_" from metal1 to viali in cell top.
Moving label "_23240_" from metal2 to via1 in cell top.
Moving label "_23255_" from metal1 to via1 in cell top.
Moving label "_23292_" from metal2 to via2 in cell top.
Moving label "_23299_" from metal1 to viali in cell top.
Moving label "_23314_" from metal2 to via2 in cell top.
Moving label "_23345_" from metal1 to via1 in cell top.
Moving label "_23346_" from metal1 to via1 in cell top.
Moving label "_23359_" from metal1 to via1 in cell top.
Moving label "_23405_" from metal1 to viali in cell top.
Moving label "_23419_" from metal3 to via3 in cell top.
Moving label "_23437_" from metal1 to viali in cell top.
Moving label "_23440_" from metal1 to viali in cell top.
Moving label "_23547_" from metal1 to via1 in cell top.
Moving label "_23563_" from metal1 to via1 in cell top.
Moving label "_23566_" from metal1 to viali in cell top.
Moving label "_23618_" from metal2 to via2 in cell top.
Moving label "_23637_" from metal1 to via1 in cell top.
Moving label "_23641_" from metal1 to viali in cell top.
Moving label "_23713_" from metal1 to via1 in cell top.
Moving label "_23719_" from metal1 to viali in cell top.
Moving label "_23788_" from metal1 to via1 in cell top.
Moving label "_23806_" from metal1 to via1 in cell top.
Moving label "_23811_" from metal1 to via1 in cell top.
Moving label "_23861_" from metal1 to viali in cell top.
Moving label "_23920_" from metal2 to via2 in cell top.
Moving label "_23968_" from metal1 to via1 in cell top.
Moving label "_23977_" from metal1 to viali in cell top.
Moving label "_23997_" from metal1 to viali in cell top.
Moving label "_24133_" from metal2 to via2 in cell top.
Moving label "_24280_" from metal1 to via1 in cell top.
Moving label "_24297_" from metal1 to via1 in cell top.
Moving label "_24359_" from metal2 to via2 in cell top.
Moving label "_24391_" from metal2 to via1 in cell top.
Moving label "_24491_" from metal1 to via1 in cell top.
Moving label "_24518_" from metal2 to via2 in cell top.
Moving label "_24528_" from metal3 to via3 in cell top.
Moving label "_24619_" from metal1 to via1 in cell top.
Moving label "_24658_" from metal3 to via3 in cell top.
Moving label "_24822_" from metal3 to via3 in cell top.
Moving label "_24968_" from metal3 to via3 in cell top.
Moving label "_25018_" from metal2 to via2 in cell top.
Moving label "_25024_" from metal2 to via2 in cell top.
Moving label "_25112_" from metal2 to via2 in cell top.
Moving label "_25121_" from metal2 to via2 in cell top.
Moving label "_25158_" from metal2 to via2 in cell top.
Moving label "_25195_" from metal2 to via2 in cell top.
Moving label "_25224_" from metal1 to viali in cell top.
Moving label "_25359_" from metal3 to via3 in cell top.
Moving label "_25376_" from metal2 to via2 in cell top.
Moving label "_25529_" from metal3 to via3 in cell top.
Moving label "_25532_" from metal2 to via2 in cell top.
Moving label "_25578_" from metal1 to via1 in cell top.
Moving label "_25633_" from metal1 to via1 in cell top.
Moving label "_25730_" from metal1 to via1 in cell top.
Moving label "_25761_" from metal3 to via3 in cell top.
Moving label "_25812_" from metal3 to via3 in cell top.
Moving label "_25823_" from metal1 to via1 in cell top.
Moving label "_25829_" from metal1 to via1 in cell top.
Moving label "_25871_" from metal2 to via2 in cell top.
Moving label "_25958_" from metal1 to via1 in cell top.
Moving label "_26008_" from metal1 to via1 in cell top.
Moving label "_26054_" from metal3 to via3 in cell top.
Moving label "_26061_" from metal1 to via1 in cell top.
Moving label "_26066_" from metal1 to via1 in cell top.
Moving label "_26103_" from metal1 to via1 in cell top.
Moving label "_26117_" from metal1 to viali in cell top.
Moving label "_26146_" from metal1 to via1 in cell top.
Moving label "_26188_" from metal1 to viali in cell top.
Moving label "_26324_" from metal1 to viali in cell top.
Moving label "_26447_" from metal2 to via1 in cell top.
Moving label "_26530_" from metal1 to viali in cell top.
Moving label "_26602_" from metal1 to viali in cell top.
Moving label "_26637_" from metal1 to via1 in cell top.
Moving label "_26674_" from metal1 to via1 in cell top.
Moving label "_26704_" from metal1 to via1 in cell top.
Moving label "_26708_" from metal1 to via1 in cell top.
Moving label "_26851_" from metal1 to via1 in cell top.
Moving label "_26854_" from metal1 to via1 in cell top.
Moving label "_26999_" from metal1 to via1 in cell top.
Moving label "_27017_" from metal1 to via1 in cell top.
Moving label "_27070_" from metal3 to via3 in cell top.
Moving label "_27104_" from metal3 to via3 in cell top.
Moving label "_27117_" from metal1 to via1 in cell top.
Moving label "_27135_" from metal1 to viali in cell top.
Moving label "_27210_" from metal3 to via3 in cell top.
Moving label "_27262_" from metal1 to via1 in cell top.
Moving label "_27289_" from metal2 to via2 in cell top.
Moving label "_27291_" from metal1 to viali in cell top.
Moving label "_27322_" from metal1 to via1 in cell top.
Moving label "_27401_" from metal1 to via1 in cell top.
Moving label "_27464_" from metal1 to viali in cell top.
Moving label "_27473_" from metal2 to via2 in cell top.
Moving label "_27527_" from metal1 to viali in cell top.
Moving label "_27548_" from metal1 to via1 in cell top.
Moving label "_27593_" from metal1 to via1 in cell top.
Moving label "_27611_" from metal1 to via1 in cell top.
Moving label "_27616_" from metal2 to via2 in cell top.
Moving label "_27642_" from metal2 to via2 in cell top.
Moving label "_27646_" from metal1 to via1 in cell top.
Moving label "_27675_" from metal1 to viali in cell top.
Moving label "_27685_" from metal1 to via1 in cell top.
Moving label "_27692_" from metal1 to via1 in cell top.
Moving label "_27716_" from metal1 to viali in cell top.
Moving label "_27727_" from metal1 to via1 in cell top.
Moving label "_27737_" from metal1 to via1 in cell top.
Moving label "_27745_" from metal2 to via1 in cell top.
Moving label "_27818_" from metal3 to via3 in cell top.
Moving label "_27890_" from metal1 to via1 in cell top.
Moving label "_27907_" from metal1 to via1 in cell top.
Moving label "_27953_" from metal1 to viali in cell top.
Moving label "_28073_" from metal1 to viali in cell top.
Moving label "_28173_" from metal1 to viali in cell top.
Moving label "_28197_" from metal2 to via2 in cell top.
Moving label "_28303_" from metal1 to via1 in cell top.
Moving label "_28360_" from metal1 to via1 in cell top.
Moving label "_28388_" from metal1 to via1 in cell top.
Moving label "_28462_" from metal1 to viali in cell top.
Moving label "_28491_" from metal1 to via1 in cell top.
Moving label "_28501_" from metal2 to via2 in cell top.
Moving label "_28508_" from metal1 to viali in cell top.
Moving label "_28515_" from metal1 to viali in cell top.
Moving label "_28520_" from metal1 to viali in cell top.
Moving label "_28562_" from metal1 to via1 in cell top.
Moving label "_28602_" from metal1 to viali in cell top.
Moving label "_28617_" from metal2 to via2 in cell top.
Moving label "_28706_" from metal1 to viali in cell top.
Moving label "_28715_" from metal2 to via2 in cell top.
Moving label "_28763_" from metal1 to viali in cell top.
Moving label "_28837_" from metal1 to viali in cell top.
Moving label "_28922_" from metal1 to viali in cell top.
Moving label "_28953_" from metal1 to viali in cell top.
Moving label "_28957_" from metal1 to viali in cell top.
Moving label "_29070_" from metal1 to via1 in cell top.
Moving label "_29077_" from metal2 to via1 in cell top.
Moving label "_29093_" from metal1 to via1 in cell top.
Moving label "_29112_" from metal1 to viali in cell top.
Moving label "_29122_" from metal1 to viali in cell top.
Moving label "_29142_" from metal1 to via1 in cell top.
Moving label "_29169_" from metal1 to viali in cell top.
Moving label "_29211_" from metal1 to viali in cell top.
Moving label "_29215_" from metal2 to via1 in cell top.
Moving label "_29224_" from metal1 to viali in cell top.
Moving label "_29262_" from metal1 to via1 in cell top.
Moving label "_29302_" from metal1 to viali in cell top.
Moving label "_29334_" from metal1 to viali in cell top.
Moving label "_29365_" from metal1 to via1 in cell top.
Moving label "_29483_" from metal1 to via1 in cell top.
Moving label "_29485_" from metal1 to viali in cell top.
Moving label "_29514_" from metal1 to viali in cell top.
Moving label "_29520_" from metal1 to via1 in cell top.
Moving label "_29562_" from metal1 to via1 in cell top.
Moving label "_29598_" from metal1 to via1 in cell top.
Moving label "_29623_" from metal1 to via1 in cell top.
Moving label "_29664_" from metal2 to via1 in cell top.
Moving label "_29668_" from metal2 to via2 in cell top.
Moving label "_29673_" from metal1 to viali in cell top.
Moving label "_29700_" from metal1 to via1 in cell top.
Moving label "_29914_" from metal1 to via1 in cell top.
Moving label "_29970_" from metal1 to via1 in cell top.
Moving label "_30012_" from metal1 to viali in cell top.
Moving label "_30045_" from metal2 to via1 in cell top.
Moving label "_30054_" from metal2 to via2 in cell top.
Moving label "_30173_" from metal1 to viali in cell top.
Moving label "_30194_" from metal1 to viali in cell top.
Moving label "_30304_" from metal1 to via1 in cell top.
Moving label "_30307_" from metal2 to via1 in cell top.
Moving label "_30324_" from metal2 to via2 in cell top.
Moving label "_30325_" from metal1 to via1 in cell top.
Moving label "_30346_" from metal1 to viali in cell top.
Moving label "_30420_" from metal2 to via1 in cell top.
Moving label "_30445_" from metal1 to viali in cell top.
Moving label "_30470_" from metal1 to viali in cell top.
Moving label "_30526_" from metal1 to via1 in cell top.
Moving label "_30611_" from metal1 to via1 in cell top.
Moving label "_30637_" from metal2 to via1 in cell top.
Moving label "_30661_" from metal1 to via1 in cell top.
Moving label "_30702_" from metal1 to via1 in cell top.
Moving label "_30738_" from metal1 to via1 in cell top.
Moving label "_30817_" from metal2 to via2 in cell top.
Moving label "_30869_" from metal2 to via2 in cell top.
Moving label "_30890_" from metal1 to via1 in cell top.
Moving label "_30941_" from metal1 to viali in cell top.
Moving label "_30970_" from metal1 to via1 in cell top.
Moving label "_30978_" from metal1 to viali in cell top.
Moving label "_31005_" from metal1 to viali in cell top.
Moving label "_31083_" from metal1 to viali in cell top.
Moving label "_31114_" from metal1 to via1 in cell top.
Moving label "_31184_" from metal1 to viali in cell top.
Moving label "_31197_" from metal3 to via3 in cell top.
Moving label "_31202_" from metal1 to via1 in cell top.
Moving label "_31214_" from metal1 to viali in cell top.
Moving label "_31224_" from metal1 to via1 in cell top.
Moving label "_31244_" from metal1 to viali in cell top.
Moving label "_31245_" from metal1 to viali in cell top.
Moving label "_31327_" from metal1 to via1 in cell top.
Moving label "_31379_" from metal1 to via1 in cell top.
Moving label "_31455_" from metal1 to viali in cell top.
Moving label "_31543_" from metal1 to viali in cell top.
Moving label "_31600_" from metal1 to viali in cell top.
Moving label "_31648_" from metal2 to via1 in cell top.
Moving label "_31700_" from metal1 to via1 in cell top.
Moving label "_31747_" from metal1 to via1 in cell top.
Moving label "_31753_" from metal1 to viali in cell top.
Moving label "_31754_" from metal2 to via2 in cell top.
Moving label "_31814_" from metal1 to via1 in cell top.
Moving label "_31944_" from metal1 to via1 in cell top.
Moving label "_32001_" from metal1 to via1 in cell top.
Moving label "_32005_" from metal1 to viali in cell top.
Moving label "_32006_" from metal1 to viali in cell top.
Moving label "_32069_" from metal1 to viali in cell top.
Moving label "_32147_" from metal1 to via1 in cell top.
Moving label "_32157_" from metal1 to viali in cell top.
Moving label "_32199_" from metal1 to via1 in cell top.
Moving label "_32212_" from metal1 to via1 in cell top.
Moving label "_32257_" from metal2 to via1 in cell top.
Moving label "_32287_" from metal1 to via1 in cell top.
Moving label "_32300_" from metal1 to viali in cell top.
Moving label "_32324_" from metal1 to via1 in cell top.
Moving label "_32338_" from metal2 to via1 in cell top.
Moving label "_32358_" from metal1 to via1 in cell top.
Moving label "_32368_" from metal1 to viali in cell top.
Moving label "_32397_" from metal1 to via1 in cell top.
Moving label "_32403_" from metal1 to via1 in cell top.
Moving label "_32446_" from metal1 to via1 in cell top.
Moving label "_32488_" from metal2 to via2 in cell top.
Moving label "_32513_" from metal1 to via1 in cell top.
Moving label "_32576_" from metal2 to via2 in cell top.
Moving label "_32682_" from metal1 to viali in cell top.
Moving label "_32692_" from metal3 to via3 in cell top.
Moving label "clknet_2_0_0_clk" from metal2 to via2 in cell top.
Moving label "clknet_4_3__leaf_clk" from metal2 to via2 in cell top.
Moving label "filtered_signal[1]" from metal2 to via2 in cell top.
Moving label "filtered_signal[2]" from metal2 to via2 in cell top.
Moving label "filtered_signal[3]" from metal2 to via2 in cell top.
Moving label "filtered_signal[5]" from metal2 to via2 in cell top.
Moving label "highshift.data\[108\]" from metal2 to via2 in cell top.
Moving label "highshift.data\[15\]" from metal3 to via3 in cell top.
Moving label "highshift.data\[1\]" from metal3 to via3 in cell top.
Moving label "highshift.data\[87\]" from metal2 to via2 in cell top.
Moving label "lowshift.data\[110\]" from metal2 to via2 in cell top.
Moving label "lowshift.data\[112\]" from metal3 to via3 in cell top.
Moving label "lowshift.data\[124\]" from metal2 to via1 in cell top.
Moving label "lowshift.data\[157\]" from metal2 to via2 in cell top.
Moving label "lowshift.data\[22\]" from metal2 to via2 in cell top.
Moving label "lowshift.data\[24\]" from metal3 to via3 in cell top.
Moving label "lowshift.data\[28\]" from metal2 to via1 in cell top.
Moving label "lowshift.data\[67\]" from metal3 to via3 in cell top.
Moving label "lowshift.data\[69\]" from metal3 to via3 in cell top.
Moving label "lowshift.data\[80\]" from metal2 to via1 in cell top.
Moving label "net1019" from metal2 to via2 in cell top.
Moving label "net1081" from metal2 to via1 in cell top.
Moving label "net1140" from metal3 to via3 in cell top.
Moving label "net200" from metal1 to viali in cell top.
Moving label "net203" from metal1 to viali in cell top.
Moving label "net220" from metal1 to viali in cell top.
Moving label "net256" from metal2 to via2 in cell top.
Moving label "net269" from metal2 to via2 in cell top.
Moving label "net296" from metal2 to via2 in cell top.
Moving label "net386" from metal1 to via1 in cell top.
Moving label "net424" from metal2 to via1 in cell top.
Moving label "net428" from metal2 to via2 in cell top.
Moving label "net461" from metal2 to via2 in cell top.
Moving label "net57" from metal2 to via1 in cell top.
Moving label "net716" from metal3 to via3 in cell top.
Moving label "net802" from metal1 to via1 in cell top.
Moving label "net806" from metal2 to via1 in cell top.
Moving label "net820" from metal1 to viali in cell top.
Moving label "net851" from metal3 to via3 in cell top.
Moving label "net874" from metal1 to viali in cell top.
Moving label "net898" from metal1 to via1 in cell top.
Moving label "net9" from metal2 to via2 in cell top.
Moving label "net915" from metal2 to via1 in cell top.
Moving label "net957" from metal2 to via2 in cell top.
Moving label "net965" from metal2 to via2 in cell top.
Moving label "net985" from metal2 to via2 in cell top.
[INFO] Ignoring 'VPWR VGND'
[INFO] Writing abstract LEF
[INFO] Not specifiying -pinonly (nets connected to pins on the same layer are declared as part of the pin)
Generating LEF output /mnt/d/APIC/FIR_Openlane/All/runs/RUN_2024-06-17_09-55-24/56-magic-writelef/top.lef for cell top:
Diagnostic:  Write LEF header for cell top
Diagnostic:  Writing LEF output for cell top
Diagnostic:  Scale value is 0.005000
[INFO] LEF Write Complete.
Using technology "sky130A", version 1.0.466-0-gbdc9412
