Net: _01716_
  Pin: _32070_/B (sky130_fd_sc_hd__nand2_2)
    Layer: met2
      Partial area ratio:    3.27
      Required ratio:    0.00 (Gate area) 
      Partial area ratio:   16.80
      Required ratio: 3306.44 (Side area) 
      Cumulative area ratio:  196.02
      Required ratio:    0.00 (Cumulative area) 
      Cumulative area ratio:  984.46
      Required ratio:    0.00 (Cumulative side area) 

    Layer: met1
      Partial area ratio:    1.62
      Required ratio:    0.00 (Gate area) 
      Partial area ratio:    8.88
      Required ratio: 2947.76 (Side area) 
      Cumulative area ratio:    1.62
      Required ratio:    0.00 (Cumulative area) 
      Cumulative area ratio:    8.88
      Required ratio:    0.00 (Cumulative side area) 

    Layer: li1
      Partial area ratio:    0.00
      Required ratio:    0.00 (Gate area) 
      Partial area ratio:    0.00
      Required ratio:   75.00 (Side area) 
      Cumulative area ratio:    0.00
      Required ratio:    0.00 (Cumulative area) 
      Cumulative area ratio:    0.00
      Required ratio:    0.00 (Cumulative side area) 

    Via: M1M2_PR
      Partial area ratio:    0.05
      Required ratio:    6.00 (Gate area) 
      Cumulative area ratio:    0.10
      Required ratio:    0.00 (Cumulative area) 

    Via: L1M1_PR_MR
      Partial area ratio:    0.06
      Required ratio:    3.00 (Gate area) 
      Cumulative area ratio:    0.06
      Required ratio:    0.00 (Cumulative area) 

  Pin: _32098_/B (sky130_fd_sc_hd__and3_2)
    Layer: met2
      Partial area ratio:    3.27
      Required ratio:    0.00 (Gate area) 
      Partial area ratio:   16.80
      Required ratio: 3306.44 (Side area) 
      Cumulative area ratio:  194.40
      Required ratio:    0.00 (Cumulative area) 
      Cumulative area ratio:  975.57
      Required ratio:    0.00 (Cumulative side area) 

    Layer: met1
      Partial area ratio:  191.13
      Required ratio:    0.00 (Gate area) 
      Partial area ratio:  958.78
      Required ratio:  400.00 (Side area) (VIOLATED)
      Cumulative area ratio:  191.13
      Required ratio:    0.00 (Cumulative area) 
      Cumulative area ratio:  958.78
      Required ratio:    0.00 (Cumulative side area) 

    Layer: li1
      Partial area ratio:    0.00
      Required ratio:    0.00 (Gate area) 
      Partial area ratio:    0.00
      Required ratio:   75.00 (Side area) 
      Cumulative area ratio:    0.00
      Required ratio:    0.00 (Cumulative area) 
      Cumulative area ratio:    0.00
      Required ratio:    0.00 (Cumulative side area) 

    Via: M1M2_PR
      Partial area ratio:    0.36
      Required ratio:    6.00 (Gate area) 
      Cumulative area ratio:    0.59
      Required ratio:    0.00 (Cumulative area) 

    Via: L1M1_PR_MR
      Partial area ratio:    0.23
      Required ratio:    3.00 (Gate area) 
      Cumulative area ratio:    0.23
      Required ratio:    0.00 (Cumulative area) 

  Pin: _34203_/B1 (sky130_fd_sc_hd__o21a_1)
    Layer: met2
      Partial area ratio:    3.27
      Required ratio:    0.00 (Gate area) 
      Partial area ratio:   16.80
      Required ratio: 3306.44 (Side area) 
      Cumulative area ratio:    9.94
      Required ratio:    0.00 (Cumulative area) 
      Cumulative area ratio:   51.36
      Required ratio:    0.00 (Cumulative side area) 

    Layer: met1
      Partial area ratio:    6.67
      Required ratio:    0.00 (Gate area) 
      Partial area ratio:   34.56
      Required ratio: 2773.88 (Side area) 
      Cumulative area ratio:    6.67
      Required ratio:    0.00 (Cumulative area) 
      Cumulative area ratio:   34.56
      Required ratio:    0.00 (Cumulative side area) 

    Layer: li1
      Partial area ratio:    0.00
      Required ratio:    0.00 (Gate area) 
      Partial area ratio:    0.00
      Required ratio:   75.00 (Side area) 
      Cumulative area ratio:    0.00
      Required ratio:    0.00 (Cumulative area) 
      Cumulative area ratio:    0.00
      Required ratio:    0.00 (Cumulative side area) 

    Via: M1M2_PR
      Partial area ratio:    0.09
      Required ratio:    6.00 (Gate area) 
      Cumulative area ratio:    0.21
      Required ratio:    0.00 (Cumulative area) 

    Via: L1M1_PR_MR
      Partial area ratio:    0.12
      Required ratio:    3.00 (Gate area) 
      Cumulative area ratio:    0.12
      Required ratio:    0.00 (Cumulative area) 


Net: _11621_
  Pin: _41277_/A1 (sky130_fd_sc_hd__o21ba_1)
    Layer: met2
      Partial area ratio:    3.43
      Required ratio:    0.00 (Gate area) 
      Partial area ratio:   17.93
      Required ratio: 3104.28 (Side area) 
      Cumulative area ratio:   84.93
      Required ratio:    0.00 (Cumulative area) 
      Cumulative area ratio:  427.41
      Required ratio:    0.00 (Cumulative side area) 

    Layer: met1
      Partial area ratio:   81.50
      Required ratio:    0.00 (Gate area) 
      Partial area ratio:  409.48
      Required ratio:  400.00 (Side area) (VIOLATED)
      Cumulative area ratio:   81.50
      Required ratio:    0.00 (Cumulative area) 
      Cumulative area ratio:  409.48
      Required ratio:    0.00 (Cumulative side area) 

    Layer: li1
      Partial area ratio:    0.00
      Required ratio:    0.00 (Gate area) 
      Partial area ratio:    0.00
      Required ratio:   75.00 (Side area) 
      Cumulative area ratio:    0.00
      Required ratio:    0.00 (Cumulative area) 
      Cumulative area ratio:    0.00
      Required ratio:    0.00 (Cumulative side area) 

    Via: M1M2_PR
      Partial area ratio:    0.18
      Required ratio:    6.00 (Gate area) 
      Cumulative area ratio:    0.30
      Required ratio:    0.00 (Cumulative area) 

    Via: L1M1_PR_MR
      Partial area ratio:    0.12
      Required ratio:    3.00 (Gate area) 
      Cumulative area ratio:    0.12
      Required ratio:    0.00 (Cumulative area) 


Net: _12991_
  Pin: _24521_/B1_N (sky130_fd_sc_hd__a21bo_1)
    Layer: met2
      Partial area ratio:    8.16
      Required ratio:    0.00 (Gate area) 
      Partial area ratio:   43.11
      Required ratio: 2775.60 (Side area) 
      Cumulative area ratio:   94.38
      Required ratio:    0.00 (Cumulative area) 
      Cumulative area ratio:  477.33
      Required ratio:    0.00 (Cumulative side area) 

    Layer: met1
      Partial area ratio:   86.22
      Required ratio:    0.00 (Gate area) 
      Partial area ratio:  434.22
      Required ratio:  400.00 (Side area) (VIOLATED)
      Cumulative area ratio:   86.22
      Required ratio:    0.00 (Cumulative area) 
      Cumulative area ratio:  434.22
      Required ratio:    0.00 (Cumulative side area) 

    Layer: li1
      Partial area ratio:    0.00
      Required ratio:    0.00 (Gate area) 
      Partial area ratio:    0.00
      Required ratio:   75.00 (Side area) 
      Cumulative area ratio:    0.00
      Required ratio:    0.00 (Cumulative area) 
      Cumulative area ratio:    0.00
      Required ratio:    0.00 (Cumulative side area) 

    Via: M1M2_PR
      Partial area ratio:    0.18
      Required ratio:    6.00 (Gate area) 
      Cumulative area ratio:    0.41
      Required ratio:    0.00 (Cumulative area) 

    Via: L1M1_PR_MR
      Partial area ratio:    0.23
      Required ratio:    3.00 (Gate area) 
      Cumulative area ratio:    0.23
      Required ratio:    0.00 (Cumulative area) 


Net: _15192_
  Pin: _25442_/B (sky130_fd_sc_hd__and2_1)
    Layer: met3
      Partial area ratio:  681.95
      Required ratio:    0.00 (Gate area) 
      Partial area ratio: 3640.89
      Required ratio: 3367.48 (Side area) (VIOLATED)
      Cumulative area ratio:  695.52
      Required ratio:    0.00 (Cumulative area) 
      Cumulative area ratio: 3713.39
      Required ratio:    0.00 (Cumulative side area) 

    Layer: met2
      Partial area ratio:    5.03
      Required ratio:    0.00 (Gate area) 
      Partial area ratio:   26.72
      Required ratio: 2773.88 (Side area) 
      Cumulative area ratio:   13.57
      Required ratio:    0.00 (Cumulative area) 
      Cumulative area ratio:   72.50
      Required ratio:    0.00 (Cumulative side area) 

    Layer: met1
      Partial area ratio:    8.53
      Required ratio:    0.00 (Gate area) 
      Partial area ratio:   45.78
      Required ratio:  400.00 (Side area) 
      Cumulative area ratio:    8.53
      Required ratio:    0.00 (Cumulative area) 
      Cumulative area ratio:   45.78
      Required ratio:    0.00 (Cumulative side area) 

    Layer: li1
      Partial area ratio:    0.00
      Required ratio:    0.00 (Gate area) 
      Partial area ratio:    0.00
      Required ratio:   75.00 (Side area) 
      Cumulative area ratio:    0.00
      Required ratio:    0.00 (Cumulative area) 
      Cumulative area ratio:    0.00
      Required ratio:    0.00 (Cumulative side area) 

    Via: M2M3_PR
      Partial area ratio:    0.32
      Required ratio:    6.00 (Gate area) 
      Cumulative area ratio:    0.90
      Required ratio:    0.00 (Cumulative area) 

    Via: M1M2_PR
      Partial area ratio:    0.36
      Required ratio:    6.00 (Gate area) 
      Cumulative area ratio:    0.59
      Required ratio:    0.00 (Cumulative area) 

    Via: L1M1_PR_MR
      Partial area ratio:    0.23
      Required ratio:    3.00 (Gate area) 
      Cumulative area ratio:    0.23
      Required ratio:    0.00 (Cumulative area) 


Net: net461
  Pin: _31517_/A (sky130_fd_sc_hd__xnor2_1)
    Layer: met4
      Partial area ratio:  101.19
      Required ratio:    0.00 (Gate area) 
      Partial area ratio:  540.73
      Required ratio: 3931.68 (Side area) 
      Cumulative area ratio:  755.97
      Required ratio:    0.00 (Cumulative area) 
      Cumulative area ratio: 4041.63
      Required ratio:    0.00 (Cumulative side area) 

    Layer: met3
      Partial area ratio:    0.21
      Required ratio:    0.00 (Gate area) 
      Partial area ratio:    1.79
      Required ratio: 2947.76 (Side area) 
      Cumulative area ratio:    1.41
      Required ratio:    0.00 (Cumulative area) 
      Cumulative area ratio:    8.21
      Required ratio:    0.00 (Cumulative side area) 

    Layer: met2
      Partial area ratio:    0.50
      Required ratio:    0.00 (Gate area) 
      Partial area ratio:    2.77
      Required ratio: 2947.76 (Side area) 
      Cumulative area ratio:    1.19
      Required ratio:    0.00 (Cumulative area) 
      Cumulative area ratio:    6.42
      Required ratio:    0.00 (Cumulative side area) 

    Layer: met1
      Partial area ratio:    0.69
      Required ratio:    0.00 (Gate area) 
      Partial area ratio:    3.65
      Required ratio: 2773.88 (Side area) 
      Cumulative area ratio:    0.69
      Required ratio:    0.00 (Cumulative area) 
      Cumulative area ratio:    3.65
      Required ratio:    0.00 (Cumulative side area) 

    Layer: li1
      Partial area ratio:    0.00
      Required ratio:    0.00 (Gate area) 
      Partial area ratio:    0.00
      Required ratio:   75.00 (Side area) 
      Cumulative area ratio:    0.00
      Required ratio:    0.00 (Cumulative area) 
      Cumulative area ratio:    0.00
      Required ratio:    0.00 (Cumulative side area) 

    Via: M3M4_PR
      Partial area ratio:    0.05
      Required ratio:    6.00 (Gate area) 
      Cumulative area ratio:    0.21
      Required ratio:    0.00 (Cumulative area) 

    Via: M2M3_PR
      Partial area ratio:    0.05
      Required ratio:    6.00 (Gate area) 
      Cumulative area ratio:    0.16
      Required ratio:    0.00 (Cumulative area) 

    Via: M1M2_PR
      Partial area ratio:    0.05
      Required ratio:    6.00 (Gate area) 
      Cumulative area ratio:    0.10
      Required ratio:    0.00 (Cumulative area) 

    Via: L1M1_PR_MR
      Partial area ratio:    0.06
      Required ratio:    3.00 (Gate area) 
      Cumulative area ratio:    0.06
      Required ratio:    0.00 (Cumulative area) 

  Pin: _33579_/A1 (sky130_fd_sc_hd__o21ai_1)
    Layer: met4
      Partial area ratio:  101.19
      Required ratio:    0.00 (Gate area) 
      Partial area ratio:  540.73
      Required ratio: 3931.68 (Side area) 
      Cumulative area ratio:  760.13
      Required ratio:    0.00 (Cumulative area) 
      Cumulative area ratio: 4063.44
      Required ratio:    0.00 (Cumulative side area) 

    Layer: met3
      Partial area ratio:    0.21
      Required ratio:    0.00 (Gate area) 
      Partial area ratio:    1.79
      Required ratio: 2947.76 (Side area) 
      Cumulative area ratio:    5.57
      Required ratio:    0.00 (Cumulative area) 
      Cumulative area ratio:   30.01
      Required ratio:    0.00 (Cumulative side area) 

    Layer: met2
      Partial area ratio:    0.50
      Required ratio:    0.00 (Gate area) 
      Partial area ratio:    2.77
      Required ratio: 2947.76 (Side area) 
      Cumulative area ratio:    5.35
      Required ratio:    0.00 (Cumulative area) 
      Cumulative area ratio:   28.23
      Required ratio:    0.00 (Cumulative side area) 

    Layer: met1
      Partial area ratio:    4.85
      Required ratio:    0.00 (Gate area) 
      Partial area ratio:   25.45
      Required ratio: 2773.88 (Side area) 
      Cumulative area ratio:    4.85
      Required ratio:    0.00 (Cumulative area) 
      Cumulative area ratio:   25.45
      Required ratio:    0.00 (Cumulative side area) 

    Layer: li1
      Partial area ratio:    0.00
      Required ratio:    0.00 (Gate area) 
      Partial area ratio:    0.00
      Required ratio:   75.00 (Side area) 
      Cumulative area ratio:    0.00
      Required ratio:    0.00 (Cumulative area) 
      Cumulative area ratio:    0.00
      Required ratio:    0.00 (Cumulative side area) 

    Via: M3M4_PR
      Partial area ratio:    0.05
      Required ratio:    6.00 (Gate area) 
      Cumulative area ratio:    0.32
      Required ratio:    0.00 (Cumulative area) 

    Via: M2M3_PR
      Partial area ratio:    0.05
      Required ratio:    6.00 (Gate area) 
      Cumulative area ratio:    0.26
      Required ratio:    0.00 (Cumulative area) 

    Via: M1M2_PR
      Partial area ratio:    0.09
      Required ratio:    6.00 (Gate area) 
      Cumulative area ratio:    0.21
      Required ratio:    0.00 (Cumulative area) 

    Via: L1M1_PR_MR
      Partial area ratio:    0.12
      Required ratio:    3.00 (Gate area) 
      Cumulative area ratio:    0.12
      Required ratio:    0.00 (Cumulative area) 

  Pin: _26506_/B2 (sky130_fd_sc_hd__o2bb2a_1)
    Layer: met4
      Partial area ratio:  101.19
      Required ratio:    0.00 (Gate area) 
      Partial area ratio:  540.73
      Required ratio: 3931.68 (Side area) 
      Cumulative area ratio:  756.76
      Required ratio:    0.00 (Cumulative area) 
      Cumulative area ratio: 4045.20
      Required ratio:    0.00 (Cumulative side area) 

    Layer: met3
      Partial area ratio:  647.62
      Required ratio:    0.00 (Gate area) 
      Partial area ratio: 3461.59
      Required ratio: 2773.88 (Side area) (VIOLATED)
      Cumulative area ratio:  655.57
      Required ratio:    0.00 (Cumulative area) 
      Cumulative area ratio: 3504.48
      Required ratio:    0.00 (Cumulative side area) 

    Layer: met2
      Partial area ratio:    5.76
      Required ratio:    0.00 (Gate area) 
      Partial area ratio:   31.11
      Required ratio: 2773.88 (Side area) 
      Cumulative area ratio:    7.96
      Required ratio:    0.00 (Cumulative area) 
      Cumulative area ratio:   42.89
      Required ratio:    0.00 (Cumulative side area) 

    Layer: met1
      Partial area ratio:    2.20
      Required ratio:    0.00 (Gate area) 
      Partial area ratio:   11.78
      Required ratio:  400.00 (Side area) 
      Cumulative area ratio:    2.20
      Required ratio:    0.00 (Cumulative area) 
      Cumulative area ratio:   11.78
      Required ratio:    0.00 (Cumulative side area) 

    Layer: li1
      Partial area ratio:    0.00
      Required ratio:    0.00 (Gate area) 
      Partial area ratio:    0.00
      Required ratio:   75.00 (Side area) 
      Cumulative area ratio:    0.00
      Required ratio:    0.00 (Cumulative area) 
      Cumulative area ratio:    0.00
      Required ratio:    0.00 (Cumulative side area) 

    Via: M3M4_PR
      Partial area ratio:    0.63
      Required ratio:    6.00 (Gate area) 
      Cumulative area ratio:    1.68
      Required ratio:    0.00 (Cumulative area) 

    Via: M2M3_PR
      Partial area ratio:    0.63
      Required ratio:    6.00 (Gate area) 
      Cumulative area ratio:    1.04
      Required ratio:    0.00 (Cumulative area) 

    Via: M1M2_PR
      Partial area ratio:    0.18
      Required ratio:    6.00 (Gate area) 
      Cumulative area ratio:    0.41
      Required ratio:    0.00 (Cumulative area) 

    Via: L1M1_PR_MR
      Partial area ratio:    0.23
      Required ratio:    3.00 (Gate area) 
      Cumulative area ratio:    0.23
      Required ratio:    0.00 (Cumulative area) 

  Pin: _30467_/A (sky130_fd_sc_hd__xnor2_1)
    Layer: met4
      Partial area ratio:  101.19
      Required ratio:    0.00 (Gate area) 
      Partial area ratio:  540.73
      Required ratio: 3931.68 (Side area) 
      Cumulative area ratio:  115.21
      Required ratio:    0.00 (Cumulative area) 
      Cumulative area ratio:  613.45
      Required ratio:    0.00 (Cumulative side area) 

    Layer: met3
      Partial area ratio:    3.67
      Required ratio:    0.00 (Gate area) 
      Partial area ratio:   20.53
      Required ratio: 2773.88 (Side area) 
      Cumulative area ratio:   14.03
      Required ratio:    0.00 (Cumulative area) 
      Cumulative area ratio:   72.72
      Required ratio:    0.00 (Cumulative side area) 

    Layer: met2
      Partial area ratio:    9.80
      Required ratio:    0.00 (Gate area) 
      Partial area ratio:   49.20
      Required ratio: 2773.88 (Side area) 
      Cumulative area ratio:   10.36
      Required ratio:    0.00 (Cumulative area) 
      Cumulative area ratio:   52.20
      Required ratio:    0.00 (Cumulative side area) 

    Layer: met1
      Partial area ratio:    0.56
      Required ratio:    0.00 (Gate area) 
      Partial area ratio:    3.00
      Required ratio: 2773.88 (Side area) 
      Cumulative area ratio:    0.56
      Required ratio:    0.00 (Cumulative area) 
      Cumulative area ratio:    3.00
      Required ratio:    0.00 (Cumulative side area) 

    Layer: li1
      Partial area ratio:    0.00
      Required ratio:    0.00 (Gate area) 
      Partial area ratio:    0.00
      Required ratio:   75.00 (Side area) 
      Cumulative area ratio:    0.00
      Required ratio:    0.00 (Cumulative area) 
      Cumulative area ratio:    0.00
      Required ratio:    0.00 (Cumulative side area) 

    Via: M3M4_PR
      Partial area ratio:    0.08
      Required ratio:    6.00 (Gate area) 
      Cumulative area ratio:    0.27
      Required ratio:    0.00 (Cumulative area) 

    Via: M2M3_PR
      Partial area ratio:    0.08
      Required ratio:    6.00 (Gate area) 
      Cumulative area ratio:    0.18
      Required ratio:    0.00 (Cumulative area) 

    Via: M1M2_PR
      Partial area ratio:    0.05
      Required ratio:    6.00 (Gate area) 
      Cumulative area ratio:    0.10
      Required ratio:    0.00 (Cumulative area) 

    Via: L1M1_PR_MR
      Partial area ratio:    0.06
      Required ratio:    3.00 (Gate area) 
      Cumulative area ratio:    0.06
      Required ratio:    0.00 (Cumulative area) 


Net: net905
  Pin: _26326_/A (sky130_fd_sc_hd__and2_1)
    Layer: met2
      Partial area ratio:    3.81
      Required ratio:    0.00 (Gate area) 
      Partial area ratio:   19.60
      Required ratio: 4347.44 (Side area) 
      Cumulative area ratio:  100.94
      Required ratio:    0.00 (Cumulative area) 
      Cumulative area ratio:  513.83
      Required ratio:    0.00 (Cumulative side area) 

    Layer: met1
      Partial area ratio:   97.13
      Required ratio:    0.00 (Gate area) 
      Partial area ratio:  494.22
      Required ratio:  400.00 (Side area) (VIOLATED)
      Cumulative area ratio:   97.13
      Required ratio:    0.00 (Cumulative area) 
      Cumulative area ratio:  494.22
      Required ratio:    0.00 (Cumulative side area) 

    Layer: li1
      Partial area ratio:    0.00
      Required ratio:    0.00 (Gate area) 
      Partial area ratio:    0.00
      Required ratio:   75.00 (Side area) 
      Cumulative area ratio:    0.00
      Required ratio:    0.00 (Cumulative area) 
      Cumulative area ratio:    0.00
      Required ratio:    0.00 (Cumulative side area) 

    Via: M1M2_PR
      Partial area ratio:    0.54
      Required ratio:    6.00 (Gate area) 
      Cumulative area ratio:    0.77
      Required ratio:    0.00 (Cumulative area) 

    Via: L1M1_PR_MR
      Partial area ratio:    0.23
      Required ratio:    3.00 (Gate area) 
      Cumulative area ratio:    0.23
      Required ratio:    0.00 (Cumulative area) 

  Pin: _31202_/A1 (sky130_fd_sc_hd__a21bo_1)
    Layer: met2
      Partial area ratio:    3.81
      Required ratio:    0.00 (Gate area) 
      Partial area ratio:   19.60
      Required ratio: 4347.44 (Side area) 
      Cumulative area ratio:  103.93
      Required ratio:    0.00 (Cumulative area) 
      Cumulative area ratio:  529.55
      Required ratio:    0.00 (Cumulative side area) 

    Layer: met1
      Partial area ratio:    0.21
      Required ratio:    0.00 (Gate area) 
      Partial area ratio:    1.44
      Required ratio:  400.00 (Side area) 
      Cumulative area ratio:    0.21
      Required ratio:    0.00 (Cumulative area) 
      Cumulative area ratio:    1.44
      Required ratio:    0.00 (Cumulative side area) 

    Layer: li1
      Partial area ratio:    0.00
      Required ratio:    0.00 (Gate area) 
      Partial area ratio:    0.00
      Required ratio:   75.00 (Side area) 
      Cumulative area ratio:    0.00
      Required ratio:    0.00 (Cumulative area) 
      Cumulative area ratio:    0.00
      Required ratio:    0.00 (Cumulative side area) 

    Via: M1M2_PR
      Partial area ratio:    0.09
      Required ratio:    6.00 (Gate area) 
      Cumulative area ratio:    0.21
      Required ratio:    0.00 (Cumulative area) 

    Via: L1M1_PR_MR
      Partial area ratio:    0.12
      Required ratio:    3.00 (Gate area) 
      Cumulative area ratio:    0.12
      Required ratio:    0.00 (Cumulative area) 

  Pin: _29412_/A (sky130_fd_sc_hd__xnor2_4)
    Layer: met2
      Partial area ratio:    3.81
      Required ratio:    0.00 (Gate area) 
      Partial area ratio:   19.60
      Required ratio: 4347.44 (Side area) 
      Cumulative area ratio:  103.72
      Required ratio:    0.00 (Cumulative area) 
      Cumulative area ratio:  528.11
      Required ratio:    0.00 (Cumulative side area) 

    Layer: met1
      Partial area ratio:    2.78
      Required ratio:    0.00 (Gate area) 
      Partial area ratio:   14.28
      Required ratio: 2773.88 (Side area) 
      Cumulative area ratio:    2.78
      Required ratio:    0.00 (Cumulative area) 
      Cumulative area ratio:   14.28
      Required ratio:    0.00 (Cumulative side area) 

    Layer: li1
      Partial area ratio:    0.00
      Required ratio:    0.00 (Gate area) 
      Partial area ratio:    0.00
      Required ratio:   75.00 (Side area) 
      Cumulative area ratio:    0.00
      Required ratio:    0.00 (Cumulative area) 
      Cumulative area ratio:    0.00
      Required ratio:    0.00 (Cumulative side area) 

    Via: M1M2_PR
      Partial area ratio:    0.02
      Required ratio:    6.00 (Gate area) 
      Cumulative area ratio:    0.04
      Required ratio:    0.00 (Cumulative area) 

    Via: L1M1_PR_MR
      Partial area ratio:    0.01
      Required ratio:    3.00 (Gate area) 
      Cumulative area ratio:    0.01
      Required ratio:    0.00 (Cumulative area) 

  Pin: _20835_/A (sky130_fd_sc_hd__inv_4)
    Layer: met2
      Partial area ratio:    3.81
      Required ratio:    0.00 (Gate area) 
      Partial area ratio:   19.60
      Required ratio: 4347.44 (Side area) 
      Cumulative area ratio:  101.29
      Required ratio:    0.00 (Cumulative area) 
      Cumulative area ratio:  515.88
      Required ratio:    0.00 (Cumulative side area) 

    Layer: met1
      Partial area ratio:    0.35
      Required ratio:    0.00 (Gate area) 
      Partial area ratio:    2.05
      Required ratio:  400.00 (Side area) 
      Cumulative area ratio:    0.35
      Required ratio:    0.00 (Cumulative area) 
      Cumulative area ratio:    2.05
      Required ratio:    0.00 (Cumulative side area) 

    Layer: li1
      Partial area ratio:    0.00
      Required ratio:    0.00 (Gate area) 
      Partial area ratio:    0.00
      Required ratio:   75.00 (Side area) 
      Cumulative area ratio:    0.00
      Required ratio:    0.00 (Cumulative area) 
      Cumulative area ratio:    0.00
      Required ratio:    0.00 (Cumulative side area) 

    Via: M1M2_PR
      Partial area ratio:    0.02
      Required ratio:    6.00 (Gate area) 
      Cumulative area ratio:    0.05
      Required ratio:    0.00 (Cumulative area) 

    Via: L1M1_PR_MR
      Partial area ratio:    0.03
      Required ratio:    3.00 (Gate area) 
      Cumulative area ratio:    0.03
      Required ratio:    0.00 (Cumulative area) 

  Pin: _26938_/A (sky130_fd_sc_hd__and3_1)
    Layer: met2
      Partial area ratio:    3.81
      Required ratio:    0.00 (Gate area) 
      Partial area ratio:   19.60
      Required ratio: 4347.44 (Side area) 
      Cumulative area ratio:  104.50
      Required ratio:    0.00 (Cumulative area) 
      Cumulative area ratio:  534.72
      Required ratio:    0.00 (Cumulative side area) 

    Layer: met1
      Partial area ratio:    3.56
      Required ratio:    0.00 (Gate area) 
      Partial area ratio:   20.89
      Required ratio: 2773.88 (Side area) 
      Cumulative area ratio:    3.56
      Required ratio:    0.00 (Cumulative area) 
      Cumulative area ratio:   20.89
      Required ratio:    0.00 (Cumulative side area) 

    Layer: li1
      Partial area ratio:    0.00
      Required ratio:    0.00 (Gate area) 
      Partial area ratio:    0.00
      Required ratio:   75.00 (Side area) 
      Cumulative area ratio:    0.00
      Required ratio:    0.00 (Cumulative area) 
      Cumulative area ratio:    0.00
      Required ratio:    0.00 (Cumulative side area) 

    Via: M1M2_PR
      Partial area ratio:    0.36
      Required ratio:    6.00 (Gate area) 
      Cumulative area ratio:    0.59
      Required ratio:    0.00 (Cumulative area) 

    Via: L1M1_PR_MR
      Partial area ratio:    0.23
      Required ratio:    3.00 (Gate area) 
      Cumulative area ratio:    0.23
      Required ratio:    0.00 (Cumulative area) 

  Pin: _25501_/A (sky130_fd_sc_hd__nand2_1)
    Layer: met2
      Partial area ratio:    3.81
      Required ratio:    0.00 (Gate area) 
      Partial area ratio:   19.60
      Required ratio: 4347.44 (Side area) 
      Cumulative area ratio:  105.36
      Required ratio:    0.00 (Cumulative area) 
      Cumulative area ratio:  539.41
      Required ratio:    0.00 (Cumulative side area) 

    Layer: met1
      Partial area ratio:    0.86
      Required ratio:    0.00 (Gate area) 
      Partial area ratio:    4.69
      Required ratio:  400.00 (Side area) 
      Cumulative area ratio:    0.86
      Required ratio:    0.00 (Cumulative area) 
      Cumulative area ratio:    4.69
      Required ratio:    0.00 (Cumulative side area) 

    Layer: li1
      Partial area ratio:    0.00
      Required ratio:    0.00 (Gate area) 
      Partial area ratio:    0.00
      Required ratio:   75.00 (Side area) 
      Cumulative area ratio:    0.00
      Required ratio:    0.00 (Cumulative area) 
      Cumulative area ratio:    0.00
      Required ratio:    0.00 (Cumulative side area) 

    Via: M1M2_PR
      Partial area ratio:    0.09
      Required ratio:    6.00 (Gate area) 
      Cumulative area ratio:    0.21
      Required ratio:    0.00 (Cumulative area) 

    Via: L1M1_PR_MR
      Partial area ratio:    0.12
      Required ratio:    3.00 (Gate area) 
      Cumulative area ratio:    0.12
      Required ratio:    0.00 (Cumulative area) 

  Pin: _26327_/A (sky130_fd_sc_hd__nor2_1)
    Layer: met2
      Partial area ratio:    3.81
      Required ratio:    0.00 (Gate area) 
      Partial area ratio:   19.60
      Required ratio: 4347.44 (Side area) 
      Cumulative area ratio:    4.15
      Required ratio:    0.00 (Cumulative area) 
      Cumulative area ratio:   21.70
      Required ratio:    0.00 (Cumulative side area) 

    Layer: met1
      Partial area ratio:    0.34
      Required ratio:    0.00 (Gate area) 
      Partial area ratio:    2.09
      Required ratio:  400.00 (Side area) 
      Cumulative area ratio:    0.34
      Required ratio:    0.00 (Cumulative area) 
      Cumulative area ratio:    2.09
      Required ratio:    0.00 (Cumulative side area) 

    Layer: li1
      Partial area ratio:    0.00
      Required ratio:    0.00 (Gate area) 
      Partial area ratio:    0.00
      Required ratio:   75.00 (Side area) 
      Cumulative area ratio:    0.00
      Required ratio:    0.00 (Cumulative area) 
      Cumulative area ratio:    0.00
      Required ratio:    0.00 (Cumulative side area) 

    Via: M1M2_PR
      Partial area ratio:    0.09
      Required ratio:    6.00 (Gate area) 
      Cumulative area ratio:    0.21
      Required ratio:    0.00 (Cumulative area) 

    Via: L1M1_PR_MR
      Partial area ratio:    0.12
      Required ratio:    3.00 (Gate area) 
      Cumulative area ratio:    0.12
      Required ratio:    0.00 (Cumulative area) 

  Pin: fanout904/A (sky130_fd_sc_hd__buf_4)
    Layer: met2
      Partial area ratio:    3.81
      Required ratio:    0.00 (Gate area) 
      Partial area ratio:   19.60
      Required ratio: 4347.44 (Side area) 
      Cumulative area ratio:    3.81
      Required ratio:    0.00 (Cumulative area) 
      Cumulative area ratio:   19.60
      Required ratio:    0.00 (Cumulative side area) 

    Layer: met1
      Partial area ratio:    0.00
      Required ratio:    0.00 (Gate area) 
      Partial area ratio:    0.00
      Required ratio:  400.00 (Side area) 
      Cumulative area ratio:    0.00
      Required ratio:    0.00 (Cumulative area) 
      Cumulative area ratio:    0.00
      Required ratio:    0.00 (Cumulative side area) 

    Layer: li1
      Partial area ratio:    0.00
      Required ratio:    0.00 (Gate area) 
      Partial area ratio:    0.00
      Required ratio:   75.00 (Side area) 
      Cumulative area ratio:    0.00
      Required ratio:    0.00 (Cumulative area) 
      Cumulative area ratio:    0.00
      Required ratio:    0.00 (Cumulative side area) 

    Via: M1M2_PR
      Partial area ratio:    0.09
      Required ratio:    6.00 (Gate area) 
      Cumulative area ratio:    0.21
      Required ratio:    0.00 (Cumulative area) 

    Via: L1M1_PR_MR
      Partial area ratio:    0.12
      Required ratio:    3.00 (Gate area) 
      Cumulative area ratio:    0.12
      Required ratio:    0.00 (Cumulative area) 


Net: net1019
  Pin: fanout1017/A (sky130_fd_sc_hd__buf_6)
    Layer: met4
      Partial area ratio:  236.02
      Required ratio:    0.00 (Gate area) 
      Partial area ratio: 1261.86
      Required ratio: 7485.92 (Side area) 
      Cumulative area ratio:  238.29
      Required ratio:    0.00 (Cumulative area) 
      Cumulative area ratio: 1275.28
      Required ratio:    0.00 (Cumulative side area) 

    Layer: met3
      Partial area ratio:    0.32
      Required ratio:    0.00 (Gate area) 
      Partial area ratio:    2.68
      Required ratio: 2773.88 (Side area) 
      Cumulative area ratio:    2.27
      Required ratio:    0.00 (Cumulative area) 
      Cumulative area ratio:   13.42
      Required ratio:    0.00 (Cumulative side area) 

    Layer: met2
      Partial area ratio:    1.78
      Required ratio:    0.00 (Gate area) 
      Partial area ratio:    9.69
      Required ratio: 2773.88 (Side area) 
      Cumulative area ratio:    1.95
      Required ratio:    0.00 (Cumulative area) 
      Cumulative area ratio:   10.73
      Required ratio:    0.00 (Cumulative side area) 

    Layer: met1
      Partial area ratio:    0.17
      Required ratio:    0.00 (Gate area) 
      Partial area ratio:    1.05
      Required ratio:  400.00 (Side area) 
      Cumulative area ratio:    0.17
      Required ratio:    0.00 (Cumulative area) 
      Cumulative area ratio:    1.05
      Required ratio:    0.00 (Cumulative side area) 

    Layer: li1
      Partial area ratio:    0.00
      Required ratio:    0.00 (Gate area) 
      Partial area ratio:    0.00
      Required ratio:   75.00 (Side area) 
      Cumulative area ratio:    0.00
      Required ratio:    0.00 (Cumulative area) 
      Cumulative area ratio:    0.00
      Required ratio:    0.00 (Cumulative side area) 

    Via: M3M4_PR
      Partial area ratio:    0.08
      Required ratio:    6.00 (Gate area) 
      Cumulative area ratio:    0.27
      Required ratio:    0.00 (Cumulative area) 

    Via: M2M3_PR
      Partial area ratio:    0.08
      Required ratio:    6.00 (Gate area) 
      Cumulative area ratio:    0.18
      Required ratio:    0.00 (Cumulative area) 

    Via: M1M2_PR
      Partial area ratio:    0.05
      Required ratio:    6.00 (Gate area) 
      Cumulative area ratio:    0.10
      Required ratio:    0.00 (Cumulative area) 

    Via: L1M1_PR_MR
      Partial area ratio:    0.06
      Required ratio:    3.00 (Gate area) 
      Cumulative area ratio:    0.06
      Required ratio:    0.00 (Cumulative area) 

  Pin: _24220_/A (sky130_fd_sc_hd__or2_1)
    Layer: met4
      Partial area ratio:  236.02
      Required ratio:    0.00 (Gate area) 
      Partial area ratio: 1261.86
      Required ratio: 7485.92 (Side area) 
      Cumulative area ratio: 1562.77
      Required ratio:    0.00 (Cumulative area) 
      Cumulative area ratio: 8351.62
      Required ratio:    0.00 (Cumulative side area) 

    Layer: met3
      Partial area ratio: 1295.83
      Required ratio:    0.00 (Gate area) 
      Partial area ratio: 6914.92
      Required ratio: 6599.24 (Side area) (VIOLATED)
      Cumulative area ratio: 1326.76
      Required ratio:    0.00 (Cumulative area) 
      Cumulative area ratio: 7089.75
      Required ratio:    0.00 (Cumulative side area) 

    Layer: met2
      Partial area ratio:    0.34
      Required ratio:    0.00 (Gate area) 
      Partial area ratio:    2.50
      Required ratio: 6599.24 (Side area) 
      Cumulative area ratio:   30.92
      Required ratio:    0.00 (Cumulative area) 
      Cumulative area ratio:  174.83
      Required ratio:    0.00 (Cumulative side area) 

    Layer: met1
      Partial area ratio:   30.58
      Required ratio:    0.00 (Gate area) 
      Partial area ratio:  172.33
      Required ratio: 6599.24 (Side area) 
      Cumulative area ratio:   30.58
      Required ratio:    0.00 (Cumulative area) 
      Cumulative area ratio:  172.33
      Required ratio:    0.00 (Cumulative side area) 

    Layer: li1
      Partial area ratio:    0.00
      Required ratio:    0.00 (Gate area) 
      Partial area ratio:    0.00
      Required ratio:   75.00 (Side area) 
      Cumulative area ratio:    0.00
      Required ratio:    0.00 (Cumulative area) 
      Cumulative area ratio:    0.00
      Required ratio:    0.00 (Cumulative side area) 

    Via: M3M4_PR
      Partial area ratio:    0.32
      Required ratio:    6.00 (Gate area) 
      Cumulative area ratio:    1.04
      Required ratio:    0.00 (Cumulative area) 

    Via: M2M3_PR
      Partial area ratio:    0.32
      Required ratio:    6.00 (Gate area) 
      Cumulative area ratio:    0.73
      Required ratio:    0.00 (Cumulative area) 

    Via: M1M2_PR
      Partial area ratio:    0.18
      Required ratio:    6.00 (Gate area) 
      Cumulative area ratio:    0.41
      Required ratio:    0.00 (Cumulative area) 

    Via: L1M1_PR_MR
      Partial area ratio:    0.23
      Required ratio:    3.00 (Gate area) 
      Cumulative area ratio:    0.23
      Required ratio:    0.00 (Cumulative area) 


[INFO ANT-0002] Found 7 net violations.
[INFO ANT-0001] Found 7 pin violations.
