
===========================================================================
report_checks -unconstrained
===========================================================================
======================= min_ff_n40C_1v95 Corner ===================================

Startpoint: rst (input port clocked by clk)
Endpoint: _65847_ (recovery check against rising-edge clock clk)
Path Group: asynchronous
Path Type: max

Fanout         Cap        Slew       Delay        Time   Description
---------------------------------------------------------------------------------------------
                                  0.000000    0.000000   clock clk (rise edge)
                                  0.000000    0.000000   clock network delay (propagated)
                                  5.000000    5.000000 v input external delay
     1    0.002606    0.004449    0.002088    5.002088 v rst (in)
                                                         rst (net)
                      0.004449    0.000000    5.002088 v input17/A (sky130_fd_sc_hd__buf_1)
     1    0.008648    0.039193    0.065064    5.067152 v input17/X (sky130_fd_sc_hd__buf_1)
                                                         net17 (net)
                      0.039194    0.000175    5.067327 v fanout1118/A (sky130_fd_sc_hd__buf_8)
     7    0.179720    0.097148    0.139150    5.206476 v fanout1118/X (sky130_fd_sc_hd__buf_8)
                                                         net1118 (net)
                      0.097173    0.001372    5.207848 v fanout1078/A (sky130_fd_sc_hd__buf_8)
     9    0.180211    0.096457    0.167370    5.375218 v fanout1078/X (sky130_fd_sc_hd__buf_8)
                                                         net1078 (net)
                      0.097770    0.009074    5.384291 v fanout1071/A (sky130_fd_sc_hd__clkbuf_4)
     5    0.053400    0.080323    0.170346    5.554638 v fanout1071/X (sky130_fd_sc_hd__clkbuf_4)
                                                         net1071 (net)
                      0.080328    0.000541    5.555179 v fanout1069/A (sky130_fd_sc_hd__clkbuf_4)
     6    0.064025    0.091714    0.173023    5.728202 v fanout1069/X (sky130_fd_sc_hd__clkbuf_4)
                                                         net1069 (net)
                      0.091890    0.003316    5.731519 v fanout1068/A (sky130_fd_sc_hd__buf_4)
     7    0.074607    0.072453    0.163232    5.894750 v fanout1068/X (sky130_fd_sc_hd__buf_4)
                                                         net1068 (net)
                      0.072554    0.002263    5.897013 v fanout1067/A (sky130_fd_sc_hd__buf_4)
    10    0.071173    0.069690    0.154325    6.051339 v fanout1067/X (sky130_fd_sc_hd__buf_4)
                                                         net1067 (net)
                      0.069696    0.000543    6.051881 v _65344_/A (sky130_fd_sc_hd__inv_2)
     1    0.003842    0.026694    0.043140    6.095021 ^ _65344_/Y (sky130_fd_sc_hd__inv_2)
                                                         _00421_ (net)
                      0.026694    0.000026    6.095047 ^ _65847_/RESET_B (sky130_fd_sc_hd__dfrtp_4)
                                              6.095047   data arrival time

                                 25.000000   25.000000   clock clk (rise edge)
                                  0.000000   25.000000   clock source latency
     2    0.113216    0.380217    0.267558   25.267557 ^ clk (in)
                                                         clk (net)
                      0.380429    0.000000   25.267557 ^ clkbuf_0_clk/A (sky130_fd_sc_hd__clkbuf_16)
     5    0.151191    0.128802    0.206409   25.473967 ^ clkbuf_0_clk/X (sky130_fd_sc_hd__clkbuf_16)
                                                         clknet_0_clk (net)
                      0.129756    0.008770   25.482737 ^ clkbuf_2_0_0_clk/A (sky130_fd_sc_hd__clkbuf_8)
     4    0.118947    0.158232    0.201545   25.684282 ^ clkbuf_2_0_0_clk/X (sky130_fd_sc_hd__clkbuf_8)
                                                         clknet_2_0_0_clk (net)
                      0.158259    0.001743   25.686026 ^ clkbuf_4_2__f_clk/A (sky130_fd_sc_hd__clkbuf_16)
     8    0.086357    0.079759    0.151589   25.837614 ^ clkbuf_4_2__f_clk/X (sky130_fd_sc_hd__clkbuf_16)
                                                         clknet_4_2__leaf_clk (net)
                      0.079807    0.001606   25.839220 ^ _65847_/CLK (sky130_fd_sc_hd__dfrtp_4)
                                 -0.250000   25.589220   clock uncertainty
                                  0.000000   25.589220   clock reconvergence pessimism
                                  0.140002   25.729221   library recovery time
                                             25.729221   data required time
---------------------------------------------------------------------------------------------
                                             25.729221   data required time
                                             -6.095047   data arrival time
---------------------------------------------------------------------------------------------
                                             19.634176   slack (MET)


Startpoint: _65750_ (rising edge-triggered flip-flop clocked by clk)
Endpoint: _65688_ (rising edge-triggered flip-flop clocked by clk)
Path Group: clk
Path Type: max

Fanout         Cap        Slew       Delay        Time   Description
---------------------------------------------------------------------------------------------
                                  0.000000    0.000000   clock clk (rise edge)
                                  0.000000    0.000000   clock source latency
     2    0.113216    0.380217    0.267558    0.267558 ^ clk (in)
                                                         clk (net)
                      0.380429    0.000000    0.267558 ^ clkbuf_0_clk/A (sky130_fd_sc_hd__clkbuf_16)
     5    0.151191    0.128802    0.206409    0.473967 ^ clkbuf_0_clk/X (sky130_fd_sc_hd__clkbuf_16)
                                                         clknet_0_clk (net)
                      0.129698    0.008499    0.482466 ^ clkbuf_2_1_0_clk/A (sky130_fd_sc_hd__clkbuf_8)
     4    0.120732    0.161512    0.198850    0.681315 ^ clkbuf_2_1_0_clk/X (sky130_fd_sc_hd__clkbuf_8)
                                                         clknet_2_1_0_clk (net)
                      0.161542    0.001865    0.683180 ^ clkbuf_4_4__f_clk/A (sky130_fd_sc_hd__clkbuf_16)
     7    0.117678    0.103068    0.168632    0.851813 ^ clkbuf_4_4__f_clk/X (sky130_fd_sc_hd__clkbuf_16)
                                                         clknet_4_4__leaf_clk (net)
                      0.103200    0.003008    0.854821 ^ clkbuf_leaf_18_clk/A (sky130_fd_sc_hd__clkbuf_8)
     5    0.022227    0.040970    0.110225    0.965046 ^ clkbuf_leaf_18_clk/X (sky130_fd_sc_hd__clkbuf_8)
                                                         clknet_leaf_18_clk (net)
                      0.040972    0.000253    0.965300 ^ _65750_/CLK (sky130_fd_sc_hd__dfrtp_4)
     2    0.075869    0.104710    0.374765    1.340065 v _65750_/Q (sky130_fd_sc_hd__dfrtp_4)
                                                         lowshift.data[51] (net)
                      0.104727    0.001038    1.341102 v fanout560/A (sky130_fd_sc_hd__clkbuf_16)
    10    0.195450    0.098181    0.191575    1.532677 v fanout560/X (sky130_fd_sc_hd__clkbuf_16)
                                                         net560 (net)
                      0.098192    0.000885    1.533562 v fanout559/A (sky130_fd_sc_hd__clkbuf_4)
     6    0.063591    0.091221    0.180244    1.713806 v fanout559/X (sky130_fd_sc_hd__clkbuf_4)
                                                         net559 (net)
                      0.091450    0.003748    1.717554 v fanout558/A (sky130_fd_sc_hd__buf_6)
    10    0.080568    0.058767    0.137646    1.855199 v fanout558/X (sky130_fd_sc_hd__buf_6)
                                                         net558 (net)
                      0.059130    0.003798    1.858998 v _45555_/B (sky130_fd_sc_hd__xnor2_4)
     3    0.035051    0.227150    0.203467    2.062464 ^ _45555_/Y (sky130_fd_sc_hd__xnor2_4)
                                                         _04696_ (net)
                      0.227154    0.000754    2.063218 ^ _45556_/A2 (sky130_fd_sc_hd__a21bo_4)
     2    0.086369    0.217258    0.228916    2.292134 ^ _45556_/X (sky130_fd_sc_hd__a21bo_4)
                                                         _04697_ (net)
                      0.217266    0.001087    2.293221 ^ fanout84/A (sky130_fd_sc_hd__clkbuf_16)
    10    0.211135    0.172694    0.220758    2.513979 ^ fanout84/X (sky130_fd_sc_hd__clkbuf_16)
                                                         net84 (net)
                      0.173660    0.010400    2.524379 ^ _48292_/A (sky130_fd_sc_hd__xor2_1)
     2    0.008311    0.150901    0.147356    2.671735 ^ _48292_/X (sky130_fd_sc_hd__xor2_1)
                                                         _07706_ (net)
                      0.150901    0.000075    2.671810 ^ _48294_/B (sky130_fd_sc_hd__xor2_1)
     2    0.008161    0.148591    0.144466    2.816276 ^ _48294_/X (sky130_fd_sc_hd__xor2_1)
                                                         _07708_ (net)
                      0.148591    0.000085    2.816361 ^ _48295_/B (sky130_fd_sc_hd__xnor2_1)
     2    0.010076    0.078496    0.078759    2.895121 v _48295_/Y (sky130_fd_sc_hd__xnor2_1)
                                                         _07709_ (net)
                      0.078496    0.000075    2.895196 v _48298_/A (sky130_fd_sc_hd__xnor2_1)
     2    0.011699    0.205850    0.208501    3.103697 ^ _48298_/Y (sky130_fd_sc_hd__xnor2_1)
                                                         _07713_ (net)
                      0.205850    0.000116    3.103813 ^ _48300_/B (sky130_fd_sc_hd__xnor2_2)
     2    0.017901    0.077127    0.080717    3.184530 v _48300_/Y (sky130_fd_sc_hd__xnor2_2)
                                                         _07715_ (net)
                      0.077128    0.000197    3.184727 v _48301_/B (sky130_fd_sc_hd__xnor2_2)
     3    0.012999    0.064816    0.116432    3.301159 v _48301_/Y (sky130_fd_sc_hd__xnor2_2)
                                                         _07716_ (net)
                      0.064817    0.000097    3.301256 v _48303_/B (sky130_fd_sc_hd__or2_1)
     1    0.004244    0.037607    0.136788    3.438044 v _48303_/X (sky130_fd_sc_hd__or2_1)
                                                         _07718_ (net)
                      0.037607    0.000064    3.438108 v _48405_/A2 (sky130_fd_sc_hd__a21o_2)
     2    0.020242    0.053312    0.167653    3.605761 v _48405_/X (sky130_fd_sc_hd__a21o_2)
                                                         _07830_ (net)
                      0.053314    0.000255    3.606016 v _48463_/A1 (sky130_fd_sc_hd__a21o_2)
     2    0.021477    0.055235    0.158157    3.764173 v _48463_/X (sky130_fd_sc_hd__a21o_2)
                                                         _07894_ (net)
                      0.055237    0.000269    3.764442 v _48489_/A (sky130_fd_sc_hd__xor2_4)
     2    0.055391    0.309234    0.286981    4.051423 ^ _48489_/X (sky130_fd_sc_hd__xor2_4)
                                                         _07923_ (net)
                      0.309251    0.001849    4.053272 ^ _48534_/A (sky130_fd_sc_hd__nand3_2)
     3    0.019029    0.121998    0.107588    4.160859 v _48534_/Y (sky130_fd_sc_hd__nand3_2)
                                                         _07972_ (net)
                      0.122002    0.000519    4.161378 v _48536_/B (sky130_fd_sc_hd__and3_1)
     3    0.013115    0.056521    0.170369    4.331747 v _48536_/X (sky130_fd_sc_hd__and3_1)
                                                         _07974_ (net)
                      0.056522    0.000121    4.331868 v _48548_/B1 (sky130_fd_sc_hd__a211o_1)
     3    0.011120    0.059884    0.159960    4.491828 v _48548_/X (sky130_fd_sc_hd__a211o_1)
                                                         _07988_ (net)
                      0.059885    0.000251    4.492079 v _48551_/A1 (sky130_fd_sc_hd__a21o_1)
     2    0.005737    0.032543    0.115400    4.607480 v _48551_/X (sky130_fd_sc_hd__a21o_1)
                                                         _07991_ (net)
                      0.032543    0.000047    4.607526 v _48570_/A2 (sky130_fd_sc_hd__a21o_1)
     2    0.011391    0.048151    0.137905    4.745431 v _48570_/X (sky130_fd_sc_hd__a21o_1)
                                                         _08012_ (net)
                      0.048154    0.000270    4.745701 v _48572_/A2 (sky130_fd_sc_hd__a21o_1)
     2    0.008396    0.040499    0.134694    4.880395 v _48572_/X (sky130_fd_sc_hd__a21o_1)
                                                         _08014_ (net)
                      0.040499    0.000057    4.880453 v _48596_/A2 (sky130_fd_sc_hd__a211o_1)
     2    0.008407    0.052440    0.203521    5.083974 v _48596_/X (sky130_fd_sc_hd__a211o_1)
                                                         _08040_ (net)
                      0.052441    0.000147    5.084120 v _48597_/C (sky130_fd_sc_hd__and3_1)
     3    0.013267    0.056964    0.152182    5.236303 v _48597_/X (sky130_fd_sc_hd__and3_1)
                                                         _08042_ (net)
                      0.056965    0.000147    5.236449 v _48625_/A1 (sky130_fd_sc_hd__o211a_1)
     2    0.006143    0.038117    0.158472    5.394921 v _48625_/X (sky130_fd_sc_hd__o211a_1)
                                                         _08072_ (net)
                      0.038117    0.000024    5.394945 v _48626_/C (sky130_fd_sc_hd__nor3_1)
     3    0.011126    0.250563    0.199514    5.594459 ^ _48626_/Y (sky130_fd_sc_hd__nor3_1)
                                                         _08073_ (net)
                      0.250563    0.000207    5.594666 ^ _48657_/B1 (sky130_fd_sc_hd__a211oi_1)
     3    0.008469    0.076556    0.062407    5.657072 v _48657_/Y (sky130_fd_sc_hd__a211oi_1)
                                                         _08108_ (net)
                      0.076557    0.000129    5.657201 v _48659_/B (sky130_fd_sc_hd__or3_2)
     4    0.015307    0.078404    0.305151    5.962352 v _48659_/X (sky130_fd_sc_hd__or3_2)
                                                         _08110_ (net)
                      0.078405    0.000303    5.962655 v _48730_/A1 (sky130_fd_sc_hd__a21o_1)
     1    0.002983    0.024509    0.112902    6.075557 v _48730_/X (sky130_fd_sc_hd__a21o_1)
                                                         _08188_ (net)
                      0.024509    0.000017    6.075574 v _54768_/A1 (sky130_fd_sc_hd__a21o_1)
     2    0.009482    0.043922    0.113106    6.188680 v _54768_/X (sky130_fd_sc_hd__a21o_1)
                                                         _14828_ (net)
                      0.043922    0.000157    6.188837 v _56850_/A2 (sky130_fd_sc_hd__a21o_1)
     3    0.008688    0.041402    0.134029    6.322866 v _56850_/X (sky130_fd_sc_hd__a21o_1)
                                                         _17117_ (net)
                      0.041402    0.000103    6.322969 v _59800_/A2 (sky130_fd_sc_hd__a21o_1)
     3    0.017333    0.064725    0.156069    6.479039 v _59800_/X (sky130_fd_sc_hd__a21o_1)
                                                         _20360_ (net)
                      0.064726    0.000259    6.479298 v _61466_/A2 (sky130_fd_sc_hd__a21o_1)
     3    0.016758    0.063110    0.162955    6.642253 v _61466_/X (sky130_fd_sc_hd__a21o_1)
                                                         _22191_ (net)
                      0.063112    0.000306    6.642560 v _63378_/A1 (sky130_fd_sc_hd__a221oi_1)
     1    0.003721    0.141733    0.161340    6.803900 ^ _63378_/Y (sky130_fd_sc_hd__a221oi_1)
                                                         _24293_ (net)
                      0.141733    0.000031    6.803930 ^ _63379_/B1 (sky130_fd_sc_hd__a311o_1)
     1    0.019733    0.165066    0.166896    6.970826 ^ _63379_/X (sky130_fd_sc_hd__a311o_1)
                                                         _24294_ (net)
                      0.165083    0.001414    6.972240 ^ _63584_/B1 (sky130_fd_sc_hd__o211a_1)
     1    0.009275    0.068624    0.110580    7.082821 ^ _63584_/X (sky130_fd_sc_hd__o211a_1)
                                                         _24519_ (net)
                      0.068626    0.000242    7.083063 ^ _63877_/A1 (sky130_fd_sc_hd__o21ai_2)
     1    0.024122    0.068578    0.075757    7.158820 v _63877_/Y (sky130_fd_sc_hd__o21ai_2)
                                                         _24842_ (net)
                      0.068593    0.000849    7.159668 v _64248_/A1 (sky130_fd_sc_hd__a22o_1)
     1    0.010049    0.049494    0.143968    7.303636 v _64248_/X (sky130_fd_sc_hd__a22o_1)
                                                         _25250_ (net)
                      0.049499    0.000408    7.304044 v _64382_/B2 (sky130_fd_sc_hd__a2bb2o_1)
     1    0.021623    0.093480    0.212426    7.516470 v _64382_/X (sky130_fd_sc_hd__a2bb2o_1)
                                                         _25397_ (net)
                      0.093482    0.000419    7.516890 v _64447_/A2 (sky130_fd_sc_hd__a211oi_2)
     1    0.016153    0.243904    0.264246    7.781136 ^ _64447_/Y (sky130_fd_sc_hd__a211oi_2)
                                                         _25469_ (net)
                      0.243909    0.000892    7.782028 ^ _64574_/A1 (sky130_fd_sc_hd__o221ai_2)
     1    0.005276    0.059162    0.066835    7.848863 v _64574_/Y (sky130_fd_sc_hd__o221ai_2)
                                                         _25608_ (net)
                      0.059162    0.000116    7.848979 v _64610_/A1 (sky130_fd_sc_hd__a21oi_1)
     1    0.002500    0.072635    0.087024    7.936003 ^ _64610_/Y (sky130_fd_sc_hd__a21oi_1)
                                                         _00492_ (net)
                      0.072635    0.000025    7.936028 ^ _65688_/D (sky130_fd_sc_hd__dfxtp_1)
                                              7.936028   data arrival time

                                 25.000000   25.000000   clock clk (rise edge)
                                  0.000000   25.000000   clock source latency
     2    0.113216    0.380217    0.267558   25.267557 ^ clk (in)
                                                         clk (net)
                      0.380429    0.000000   25.267557 ^ clkbuf_0_clk/A (sky130_fd_sc_hd__clkbuf_16)
     5    0.151191    0.128802    0.206409   25.473967 ^ clkbuf_0_clk/X (sky130_fd_sc_hd__clkbuf_16)
                                                         clknet_0_clk (net)
                      0.128866    0.002343   25.476311 ^ clkbuf_2_3_0_clk/A (sky130_fd_sc_hd__clkbuf_8)
     4    0.111619    0.149096    0.195449   25.671759 ^ clkbuf_2_3_0_clk/X (sky130_fd_sc_hd__clkbuf_8)
                                                         clknet_2_3_0_clk (net)
                      0.149178    0.002874   25.674633 ^ clkbuf_4_13__f_clk/A (sky130_fd_sc_hd__clkbuf_16)
    11    0.116708    0.102220    0.166212   25.840845 ^ clkbuf_4_13__f_clk/X (sky130_fd_sc_hd__clkbuf_16)
                                                         clknet_4_13__leaf_clk (net)
                      0.102346    0.002931   25.843777 ^ clkbuf_leaf_26_clk/A (sky130_fd_sc_hd__clkbuf_8)
     3    0.009976    0.027655    0.097044   25.940821 ^ clkbuf_leaf_26_clk/X (sky130_fd_sc_hd__clkbuf_8)
                                                         clknet_leaf_26_clk (net)
                      0.027655    0.000069   25.940889 ^ _65688_/CLK (sky130_fd_sc_hd__dfxtp_1)
                                 -0.250000   25.690889   clock uncertainty
                                  0.000000   25.690889   clock reconvergence pessimism
                                 -0.032784   25.658106   library setup time
                                             25.658106   data required time
---------------------------------------------------------------------------------------------
                                             25.658106   data required time
                                             -7.936028   data arrival time
---------------------------------------------------------------------------------------------
                                             17.722076   slack (MET)




===========================================================================
report_checks --slack_max -0.01
============================================================================
======================= min_ff_n40C_1v95 Corner ===================================

No paths found.


===========================================================================
 report_check_types -max_slew -max_cap -max_fanout -violators
============================================================================
======================= min_ff_n40C_1v95 Corner ===================================

max fanout

Pin                                   Limit Fanout  Slack
---------------------------------------------------------
_61518_/X                                10     27    -17 (VIOLATED)
input10/X                                10     17     -7 (VIOLATED)
input9/X                                 10     17     -7 (VIOLATED)
fanout50/X                               10     15     -5 (VIOLATED)
fanout719/X                              10     15     -5 (VIOLATED)
_40023_/Y                                10     14     -4 (VIOLATED)
fanout158/X                              10     14     -4 (VIOLATED)
fanout276/X                              10     14     -4 (VIOLATED)
fanout722/X                              10     14     -4 (VIOLATED)
clkbuf_leaf_124_clk/X                    10     13     -3 (VIOLATED)
clkbuf_leaf_75_clk/X                     10     13     -3 (VIOLATED)
fanout1018/X                             10     13     -3 (VIOLATED)
fanout272/X                              10     13     -3 (VIOLATED)
fanout710/X                              10     13     -3 (VIOLATED)
fanout730/X                              10     13     -3 (VIOLATED)
fanout733/X                              10     13     -3 (VIOLATED)
_32706_/Y                                10     12     -2 (VIOLATED)
clkbuf_4_10__f_clk/X                     10     12     -2 (VIOLATED)
clkbuf_4_12__f_clk/X                     10     12     -2 (VIOLATED)
clkbuf_leaf_94_clk/X                     10     12     -2 (VIOLATED)
fanout1019/X                             10     12     -2 (VIOLATED)
fanout1044/X                             10     12     -2 (VIOLATED)
fanout112/X                              10     12     -2 (VIOLATED)
fanout164/X                              10     12     -2 (VIOLATED)
fanout355/X                              10     12     -2 (VIOLATED)
fanout726/X                              10     12     -2 (VIOLATED)
fanout74/X                               10     12     -2 (VIOLATED)
fanout960/X                              10     12     -2 (VIOLATED)
_65410_/Q                                10     11        (VIOLATED)
clkbuf_4_0__f_clk/X                      10     11        (VIOLATED)
clkbuf_4_13__f_clk/X                     10     11        (VIOLATED)
clkbuf_4_1__f_clk/X                      10     11        (VIOLATED)
clkbuf_leaf_79_clk/X                     10     11        (VIOLATED)
fanout1022/X                             10     11        (VIOLATED)
fanout168/X                              10     11        (VIOLATED)
fanout172/X                              10     11        (VIOLATED)
fanout183/X                              10     11        (VIOLATED)
fanout258/X                              10     11        (VIOLATED)
fanout261/X                              10     11        (VIOLATED)
fanout277/X                              10     11        (VIOLATED)
fanout297/X                              10     11        (VIOLATED)
fanout46/X                               10     11        (VIOLATED)
fanout53/X                               10     11        (VIOLATED)
fanout599/X                              10     11        (VIOLATED)
fanout716/X                              10     11        (VIOLATED)
fanout724/X                              10     11        (VIOLATED)
fanout748/X                              10     11        (VIOLATED)
fanout76/X                               10     11        (VIOLATED)

max capacitance

Pin                                        Limit         Cap       Slack
------------------------------------------------------------------------
fanout1044/X                            0.200000    0.231923   -0.031923 (VIOLATED)
fanout84/X                              0.200000    0.211135   -0.011135 (VIOLATED)
fanout709/X                             0.200000    0.210178   -0.010178 (VIOLATED)
fanout168/X                             0.200000    0.208296   -0.008296 (VIOLATED)
fanout172/X                             0.200000    0.207711   -0.007711 (VIOLATED)
fanout724/X                             0.200000    0.204937   -0.004937 (VIOLATED)
_45548_/X                               0.200000    0.204454   -0.004454 (VIOLATED)



===========================================================================
report_parasitic_annotation -report_unannotated
============================================================================
Found 0 unannotated drivers.
Found 0 partially unannotated drivers.

===========================================================================
max slew violation count 0
max fanout violation count 48
max cap violation count 7
============================================================================

===========================================================================
check_setup -verbose -unconstrained_endpoints -multiple_clock -no_clock -no_input_delay -loops -generated_clocks
===========================================================================
