[WARNING ORD-0039] .openroad ignored with -python
Top-level design name: shifter
Block boundaries: 0 0 131095 141815
Horizontal Tracks Origin: 340, Count: 208, Step: 680
Vertical Tracks Origin: 230, Count: 285, Step: 460
Placement details for the N side
Virtual pin count:  0
Actual pin count:  240
Total pin count:  240
Tracks count:  285
Tracks per pin:  1
Used tracks count:  240
Unused track count:  45
Starting track index:  22
Placement details for the E side
Virtual pin count:  0
Actual pin count:  1
Total pin count:  1
Tracks count:  104
Tracks per pin:  104
Used tracks count:  1
Unused track count:  103
Starting track index:  51
Placement details for the W side
Virtual pin count:  0
Actual pin count:  1
Total pin count:  1
Tracks count:  104
Tracks per pin:  104
Used tracks count:  1
Unused track count:  103
Starting track index:  51
Placement details for the S side
Virtual pin count:  0
Actual pin count:  16
Total pin count:  16
Tracks count:  285
Tracks per pin:  17
Used tracks count:  256
Unused track count:  29
Starting track index:  14
