
===========================================================================
report_checks -unconstrained
===========================================================================
======================= min_tt_025C_1v80 Corner ===================================

Startpoint: input_data[48] (input port clocked by clk)
Endpoint: _41569_ (rising edge-triggered flip-flop clocked by clk)
Path Group: clk
Path Type: max

Fanout         Cap        Slew       Delay        Time   Description
---------------------------------------------------------------------------------------------
                                  0.000000    0.000000   clock clk (rise edge)
                                  0.000000    0.000000   clock network delay (propagated)
                                  5.000000    5.000000 v input external delay
     2    0.005406    0.014499    0.008753    5.008753 v input_data[48] (in)
                                                         input_data[48] (net)
                      0.014499    0.000000    5.008753 v input177/A (sky130_fd_sc_hd__clkbuf_2)
     2    0.049240    0.186192    0.214480    5.223233 v input177/X (sky130_fd_sc_hd__clkbuf_2)
                                                         net177 (net)
                      0.186227    0.002141    5.225374 v fanout1042/A (sky130_fd_sc_hd__buf_4)
     8    0.046994    0.075035    0.243951    5.469325 v fanout1042/X (sky130_fd_sc_hd__buf_4)
                                                         net1042 (net)
                      0.075369    0.004108    5.473433 v wire1043/A (sky130_fd_sc_hd__clkbuf_4)
     6    0.078861    0.156903    0.257506    5.730940 v wire1043/X (sky130_fd_sc_hd__clkbuf_4)
                                                         net1043 (net)
                      0.157058    0.004098    5.735038 v fanout1041/A (sky130_fd_sc_hd__clkbuf_8)
    20    0.102736    0.116090    0.257531    5.992570 v fanout1041/X (sky130_fd_sc_hd__clkbuf_8)
                                                         net1041 (net)
                      0.119080    0.014730    6.007300 v _20841_/A (sky130_fd_sc_hd__inv_2)
     1    0.010248    0.062014    0.095869    6.103169 ^ _20841_/Y (sky130_fd_sc_hd__inv_2)
                                                         _13293_ (net)
                      0.062018    0.000412    6.103581 ^ fanout544/A (sky130_fd_sc_hd__buf_4)
    18    0.104442    0.288408    0.286081    6.389662 ^ fanout544/X (sky130_fd_sc_hd__buf_4)
                                                         net544 (net)
                      0.289410    0.013892    6.403553 ^ fanout543/A (sky130_fd_sc_hd__clkbuf_4)
    12    0.065451    0.199315    0.330486    6.734039 ^ fanout543/X (sky130_fd_sc_hd__clkbuf_4)
                                                         net543 (net)
                      0.199659    0.006751    6.740790 ^ fanout542/A (sky130_fd_sc_hd__buf_4)
    20    0.087433    0.242764    0.300297    7.041087 ^ fanout542/X (sky130_fd_sc_hd__buf_4)
                                                         net542 (net)
                      0.243002    0.006297    7.047384 ^ _21551_/A (sky130_fd_sc_hd__nand2_2)
     8    0.034932    0.159429    0.194330    7.241714 v _21551_/Y (sky130_fd_sc_hd__nand2_2)
                                                         _00334_ (net)
                      0.159432    0.000489    7.242203 v _21683_/B (sky130_fd_sc_hd__nand2_4)
     8    0.052415    0.165613    0.203924    7.446126 ^ _21683_/Y (sky130_fd_sc_hd__nand2_4)
                                                         _01785_ (net)
                      0.165622    0.000965    7.447092 ^ wire373/A (sky130_fd_sc_hd__clkbuf_4)
     6    0.079942    0.242121    0.313831    7.760923 ^ wire373/X (sky130_fd_sc_hd__clkbuf_4)
                                                         net373 (net)
                      0.242254    0.004757    7.765680 ^ _31819_/B2 (sky130_fd_sc_hd__o22ai_2)
     2    0.012179    0.096867    0.131990    7.897669 v _31819_/Y (sky130_fd_sc_hd__o22ai_2)
                                                         _01441_ (net)
                      0.096872    0.000522    7.898191 v _31821_/B (sky130_fd_sc_hd__or2_1)
     1    0.004256    0.055042    0.230961    8.129152 v _31821_/X (sky130_fd_sc_hd__or2_1)
                                                         _01443_ (net)
                      0.055042    0.000080    8.129232 v _31822_/B (sky130_fd_sc_hd__nand2_1)
     2    0.015040    0.147009    0.140805    8.270038 ^ _31822_/Y (sky130_fd_sc_hd__nand2_1)
                                                         _01445_ (net)
                      0.147010    0.000310    8.270348 ^ _31839_/A (sky130_fd_sc_hd__xor2_2)
     2    0.012919    0.196135    0.211711    8.482058 ^ _31839_/X (sky130_fd_sc_hd__xor2_2)
                                                         _01463_ (net)
                      0.196135    0.000093    8.482151 ^ _31842_/A (sky130_fd_sc_hd__xnor2_2)
     2    0.013451    0.089372    0.129184    8.611335 v _31842_/Y (sky130_fd_sc_hd__xnor2_2)
                                                         _01467_ (net)
                      0.089373    0.000257    8.611591 v _31843_/B (sky130_fd_sc_hd__xnor2_2)
     4    0.019070    0.278486    0.261609    8.873201 ^ _31843_/Y (sky130_fd_sc_hd__xnor2_2)
                                                         _01468_ (net)
                      0.278487    0.000336    8.873537 ^ _31844_/B (sky130_fd_sc_hd__nor2_1)
     3    0.009689    0.090963    0.120282    8.993818 v _31844_/Y (sky130_fd_sc_hd__nor2_1)
                                                         _01469_ (net)
                      0.090963    0.000092    8.993911 v _31846_/A1 (sky130_fd_sc_hd__o21ai_1)
     2    0.008317    0.191297    0.213324    9.207234 ^ _31846_/Y (sky130_fd_sc_hd__o21ai_1)
                                                         _01471_ (net)
                      0.191297    0.000096    9.207331 ^ _31847_/B1 (sky130_fd_sc_hd__o21ai_2)
     1    0.018984    0.105053    0.133223    9.340553 v _31847_/Y (sky130_fd_sc_hd__o21ai_2)
                                                         _01472_ (net)
                      0.105055    0.000416    9.340969 v _31848_/B (sky130_fd_sc_hd__xnor2_4)
     4    0.050556    0.399283    0.362162    9.703131 ^ _31848_/Y (sky130_fd_sc_hd__xnor2_4)
                                                         _01473_ (net)
                      0.399393    0.005399    9.708530 ^ _31859_/A (sky130_fd_sc_hd__xor2_4)
     2    0.020644    0.108863    0.158729    9.867259 v _31859_/X (sky130_fd_sc_hd__xor2_4)
                                                         _01485_ (net)
                      0.108865    0.000369    9.867629 v _31860_/B (sky130_fd_sc_hd__xnor2_4)
     4    0.057974    0.447896    0.398031   10.265659 ^ _31860_/Y (sky130_fd_sc_hd__xnor2_4)
                                                         _01486_ (net)
                      0.448133    0.008333   10.273993 ^ _31869_/A (sky130_fd_sc_hd__xor2_1)
     2    0.009615    0.232865    0.276071   10.550063 ^ _31869_/X (sky130_fd_sc_hd__xor2_1)
                                                         _01496_ (net)
                      0.232865    0.000156   10.550220 ^ _31872_/A (sky130_fd_sc_hd__xnor2_1)
     2    0.007954    0.092276    0.141798   10.692018 v _31872_/Y (sky130_fd_sc_hd__xnor2_1)
                                                         _01500_ (net)
                      0.092276    0.000076   10.692094 v _31873_/B (sky130_fd_sc_hd__xnor2_1)
     2    0.011168    0.279594    0.271235   10.963328 ^ _31873_/Y (sky130_fd_sc_hd__xnor2_1)
                                                         _01501_ (net)
                      0.279594    0.000130   10.963458 ^ _31875_/A (sky130_fd_sc_hd__xnor2_1)
     2    0.004269    0.074230    0.125943   11.089401 v _31875_/Y (sky130_fd_sc_hd__xnor2_1)
                                                         _01503_ (net)
                      0.074230    0.000044   11.089444 v _31876_/C (sky130_fd_sc_hd__or3_1)
     3    0.010791    0.106924    0.368928   11.458372 v _31876_/X (sky130_fd_sc_hd__or3_1)
                                                         _01504_ (net)
                      0.106924    0.000105   11.458477 v _31878_/B (sky130_fd_sc_hd__and3_1)
     3    0.009218    0.063780    0.217874   11.676351 v _31878_/X (sky130_fd_sc_hd__and3_1)
                                                         _01506_ (net)
                      0.063780    0.000075   11.676426 v _31880_/B (sky130_fd_sc_hd__nor3_1)
     3    0.011316    0.375779    0.339477   12.015903 ^ _31880_/Y (sky130_fd_sc_hd__nor3_1)
                                                         _01508_ (net)
                      0.375779    0.000145   12.016047 ^ _31882_/B (sky130_fd_sc_hd__nor3_1)
     3    0.008890    0.109036    0.140469   12.156516 v _31882_/Y (sky130_fd_sc_hd__nor3_1)
                                                         _01511_ (net)
                      0.109036    0.000119   12.156635 v _31884_/B (sky130_fd_sc_hd__or3_2)
     3    0.015215    0.115312    0.527436   12.684071 v _31884_/X (sky130_fd_sc_hd__or3_2)
                                                         _01513_ (net)
                      0.115314    0.000393   12.684464 v _31886_/B1 (sky130_fd_sc_hd__o211a_1)
     3    0.012953    0.081921    0.197359   12.881823 v _31886_/X (sky130_fd_sc_hd__o211a_1)
                                                         _01515_ (net)
                      0.081921    0.000146   12.881968 v _31888_/B1 (sky130_fd_sc_hd__a211oi_2)
     3    0.012842    0.289169    0.311304   13.193272 ^ _31888_/Y (sky130_fd_sc_hd__a211oi_2)
                                                         _01517_ (net)
                      0.289169    0.000261   13.193533 ^ _31890_/B1 (sky130_fd_sc_hd__a211o_1)
     4    0.018834    0.170186    0.244253   13.437785 ^ _31890_/X (sky130_fd_sc_hd__a211o_1)
                                                         _01519_ (net)
                      0.170186    0.000245   13.438030 ^ _31892_/B1 (sky130_fd_sc_hd__o211ai_2)
     3    0.013095    0.118625    0.155129   13.593160 v _31892_/Y (sky130_fd_sc_hd__o211ai_2)
                                                         _01522_ (net)
                      0.118626    0.000196   13.593356 v _33989_/A2 (sky130_fd_sc_hd__a21oi_2)
     3    0.021615    0.277924    0.297592   13.890948 ^ _33989_/Y (sky130_fd_sc_hd__a21oi_2)
                                                         _03827_ (net)
                      0.277925    0.000400   13.891348 ^ _36126_/A2 (sky130_fd_sc_hd__o21bai_2)
     3    0.012998    0.085688    0.128326   14.019673 v _36126_/Y (sky130_fd_sc_hd__o21bai_2)
                                                         _06177_ (net)
                      0.085688    0.000167   14.019841 v _38361_/A2 (sky130_fd_sc_hd__a21o_2)
     3    0.021170    0.075429    0.272094   14.291935 v _38361_/X (sky130_fd_sc_hd__a21o_2)
                                                         _08633_ (net)
                      0.075429    0.000210   14.292146 v _40338_/A2 (sky130_fd_sc_hd__a311oi_4)
     2    0.044577    0.586077    0.553944   14.846090 ^ _40338_/Y (sky130_fd_sc_hd__a311oi_4)
                                                         _10807_ (net)
                      0.586155    0.005355   14.851445 ^ _40674_/A2 (sky130_fd_sc_hd__o31ai_1)
     1    0.003011    0.102047    0.145590   14.997035 v _40674_/Y (sky130_fd_sc_hd__o31ai_1)
                                                         _11177_ (net)
                      0.102047    0.000028   14.997064 v _40830_/A1 (sky130_fd_sc_hd__a21o_1)
     1    0.009523    0.060634    0.204526   15.201590 v _40830_/X (sky130_fd_sc_hd__a21o_1)
                                                         _11348_ (net)
                      0.060637    0.000322   15.201911 v _41078_/A1 (sky130_fd_sc_hd__a211oi_2)
     2    0.031423    0.574575    0.501947   15.703858 ^ _41078_/Y (sky130_fd_sc_hd__a211oi_2)
                                                         _11621_ (net)
                      0.574595    0.002780   15.706638 ^ _41277_/A1 (sky130_fd_sc_hd__o21ba_1)
     2    0.027399    0.272170    0.380911   16.087549 ^ _41277_/X (sky130_fd_sc_hd__o21ba_1)
                                                         _11840_ (net)
                      0.272197    0.002274   16.089823 ^ _41396_/A1 (sky130_fd_sc_hd__o21bai_1)
     1    0.015270    0.144471    0.200668   16.290491 v _41396_/Y (sky130_fd_sc_hd__o21bai_1)
                                                         _11971_ (net)
                      0.144478    0.000822   16.291313 v _41516_/A1 (sky130_fd_sc_hd__a21oi_1)
     1    0.004659    0.137803    0.183359   16.474672 ^ _41516_/Y (sky130_fd_sc_hd__a21oi_1)
                                                         _12103_ (net)
                      0.137803    0.000080   16.474752 ^ _41551_/A1 (sky130_fd_sc_hd__o21a_1)
     1    0.003761    0.049290    0.145830   16.620583 ^ _41551_/X (sky130_fd_sc_hd__o21a_1)
                                                         _12141_ (net)
                      0.049290    0.000030   16.620613 ^ _41553_/A1 (sky130_fd_sc_hd__o21a_1)
     1    0.002926    0.043017    0.115241   16.735853 ^ _41553_/X (sky130_fd_sc_hd__o21a_1)
                                                         _00015_ (net)
                      0.043017    0.000037   16.735891 ^ _41569_/D (sky130_fd_sc_hd__dfxtp_1)
                                             16.735891   data arrival time

                                 25.000000   25.000000   clock clk (rise edge)
                                  0.000000   25.000000   clock source latency
     2    0.142196    0.639374    0.445407   25.445406 ^ clk (in)
                                                         clk (net)
                      0.639555    0.000000   25.445406 ^ clkbuf_0_clk/A (sky130_fd_sc_hd__clkbuf_16)
     4    0.032448    0.066041    0.277593   25.723000 ^ clkbuf_0_clk/X (sky130_fd_sc_hd__clkbuf_16)
                                                         clknet_0_clk (net)
                      0.066043    0.000725   25.723724 ^ clkbuf_1_1__f_clk/A (sky130_fd_sc_hd__clkbuf_16)
    14    0.059839    0.077867    0.163741   25.887465 ^ clkbuf_1_1__f_clk/X (sky130_fd_sc_hd__clkbuf_16)
                                                         clknet_1_1__leaf_clk (net)
                      0.077924    0.001686   25.889151 ^ _41569_/CLK (sky130_fd_sc_hd__dfxtp_1)
                                 -0.250000   25.639153   clock uncertainty
                                  0.000000   25.639153   clock reconvergence pessimism
                                 -0.048845   25.590307   library setup time
                                             25.590307   data required time
---------------------------------------------------------------------------------------------
                                             25.590307   data required time
                                            -16.735891   data arrival time
---------------------------------------------------------------------------------------------
                                              8.854416   slack (MET)




===========================================================================
report_checks --slack_max -0.01
============================================================================
======================= min_tt_025C_1v80 Corner ===================================

No paths found.


===========================================================================
 report_check_types -max_slew -max_cap -max_fanout -violators
============================================================================
======================= min_tt_025C_1v80 Corner ===================================

max fanout

Pin                                   Limit Fanout  Slack
---------------------------------------------------------
_20799_/Y                                10     20    -10 (VIOLATED)
_20906_/Y                                10     20    -10 (VIOLATED)
_21566_/Y                                10     20    -10 (VIOLATED)
_21599_/Y                                10     20    -10 (VIOLATED)
_21949_/Y                                10     20    -10 (VIOLATED)
_22288_/Y                                10     20    -10 (VIOLATED)
_23505_/X                                10     20    -10 (VIOLATED)
_24617_/Y                                10     20    -10 (VIOLATED)
_25951_/Y                                10     20    -10 (VIOLATED)
_28059_/Y                                10     20    -10 (VIOLATED)
_30818_/Y                                10     20    -10 (VIOLATED)
_38580_/X                                10     20    -10 (VIOLATED)
fanout1000/X                             10     20    -10 (VIOLATED)
fanout1001/X                             10     20    -10 (VIOLATED)
fanout1005/X                             10     20    -10 (VIOLATED)
fanout1006/X                             10     20    -10 (VIOLATED)
fanout1008/X                             10     20    -10 (VIOLATED)
fanout1010/X                             10     20    -10 (VIOLATED)
fanout1011/X                             10     20    -10 (VIOLATED)
fanout1012/X                             10     20    -10 (VIOLATED)
fanout1015/X                             10     20    -10 (VIOLATED)
fanout1016/X                             10     20    -10 (VIOLATED)
fanout1019/X                             10     20    -10 (VIOLATED)
fanout1021/X                             10     20    -10 (VIOLATED)
fanout1023/X                             10     20    -10 (VIOLATED)
fanout1027/X                             10     20    -10 (VIOLATED)
fanout1033/X                             10     20    -10 (VIOLATED)
fanout1034/X                             10     20    -10 (VIOLATED)
fanout1037/X                             10     20    -10 (VIOLATED)
fanout1039/X                             10     20    -10 (VIOLATED)
fanout1041/X                             10     20    -10 (VIOLATED)
fanout1063/X                             10     20    -10 (VIOLATED)
fanout1067/X                             10     20    -10 (VIOLATED)
fanout1068/X                             10     20    -10 (VIOLATED)
fanout1070/X                             10     20    -10 (VIOLATED)
fanout1074/X                             10     20    -10 (VIOLATED)
fanout1078/X                             10     20    -10 (VIOLATED)
fanout1081/X                             10     20    -10 (VIOLATED)
fanout1083/X                             10     20    -10 (VIOLATED)
fanout1086/X                             10     20    -10 (VIOLATED)
fanout1097/X                             10     20    -10 (VIOLATED)
fanout1101/X                             10     20    -10 (VIOLATED)
fanout1103/X                             10     20    -10 (VIOLATED)
fanout1109/X                             10     20    -10 (VIOLATED)
fanout1115/X                             10     20    -10 (VIOLATED)
fanout1116/X                             10     20    -10 (VIOLATED)
fanout1117/X                             10     20    -10 (VIOLATED)
fanout1122/X                             10     20    -10 (VIOLATED)
fanout1126/X                             10     20    -10 (VIOLATED)
fanout1127/X                             10     20    -10 (VIOLATED)
fanout1128/X                             10     20    -10 (VIOLATED)
fanout1132/X                             10     20    -10 (VIOLATED)
fanout1133/X                             10     20    -10 (VIOLATED)
fanout1134/X                             10     20    -10 (VIOLATED)
fanout1139/X                             10     20    -10 (VIOLATED)
fanout1141/X                             10     20    -10 (VIOLATED)
fanout1142/X                             10     20    -10 (VIOLATED)
fanout1147/X                             10     20    -10 (VIOLATED)
fanout1148/X                             10     20    -10 (VIOLATED)
fanout1149/X                             10     20    -10 (VIOLATED)
fanout1150/X                             10     20    -10 (VIOLATED)
fanout1156/X                             10     20    -10 (VIOLATED)
fanout1157/X                             10     20    -10 (VIOLATED)
fanout1160/X                             10     20    -10 (VIOLATED)
fanout1164/X                             10     20    -10 (VIOLATED)
fanout1166/X                             10     20    -10 (VIOLATED)
fanout1169/X                             10     20    -10 (VIOLATED)
fanout1174/X                             10     20    -10 (VIOLATED)
fanout1186/X                             10     20    -10 (VIOLATED)
fanout1188/X                             10     20    -10 (VIOLATED)
fanout1194/X                             10     20    -10 (VIOLATED)
fanout1200/X                             10     20    -10 (VIOLATED)
fanout1201/X                             10     20    -10 (VIOLATED)
fanout1204/X                             10     20    -10 (VIOLATED)
fanout1208/X                             10     20    -10 (VIOLATED)
fanout1209/X                             10     20    -10 (VIOLATED)
fanout1216/X                             10     20    -10 (VIOLATED)
fanout1217/X                             10     20    -10 (VIOLATED)
fanout1218/X                             10     20    -10 (VIOLATED)
fanout1221/X                             10     20    -10 (VIOLATED)
fanout1223/X                             10     20    -10 (VIOLATED)
fanout1236/X                             10     20    -10 (VIOLATED)
fanout1247/X                             10     20    -10 (VIOLATED)
fanout1249/X                             10     20    -10 (VIOLATED)
fanout1251/X                             10     20    -10 (VIOLATED)
fanout1274/X                             10     20    -10 (VIOLATED)
fanout1277/X                             10     20    -10 (VIOLATED)
fanout1280/X                             10     20    -10 (VIOLATED)
fanout1296/X                             10     20    -10 (VIOLATED)
fanout1299/X                             10     20    -10 (VIOLATED)
fanout346/X                              10     20    -10 (VIOLATED)
fanout354/X                              10     20    -10 (VIOLATED)
fanout355/X                              10     20    -10 (VIOLATED)
fanout357/X                              10     20    -10 (VIOLATED)
fanout359/X                              10     20    -10 (VIOLATED)
fanout366/X                              10     20    -10 (VIOLATED)
fanout367/X                              10     20    -10 (VIOLATED)
fanout377/X                              10     20    -10 (VIOLATED)
fanout379/X                              10     20    -10 (VIOLATED)
fanout381/X                              10     20    -10 (VIOLATED)
fanout382/X                              10     20    -10 (VIOLATED)
fanout384/X                              10     20    -10 (VIOLATED)
fanout386/X                              10     20    -10 (VIOLATED)
fanout388/X                              10     20    -10 (VIOLATED)
fanout390/X                              10     20    -10 (VIOLATED)
fanout392/X                              10     20    -10 (VIOLATED)
fanout393/X                              10     20    -10 (VIOLATED)
fanout396/X                              10     20    -10 (VIOLATED)
fanout399/X                              10     20    -10 (VIOLATED)
fanout406/X                              10     20    -10 (VIOLATED)
fanout414/X                              10     20    -10 (VIOLATED)
fanout415/X                              10     20    -10 (VIOLATED)
fanout417/X                              10     20    -10 (VIOLATED)
fanout419/X                              10     20    -10 (VIOLATED)
fanout420/X                              10     20    -10 (VIOLATED)
fanout422/X                              10     20    -10 (VIOLATED)
fanout424/X                              10     20    -10 (VIOLATED)
fanout436/X                              10     20    -10 (VIOLATED)
fanout437/X                              10     20    -10 (VIOLATED)
fanout438/X                              10     20    -10 (VIOLATED)
fanout440/X                              10     20    -10 (VIOLATED)
fanout445/X                              10     20    -10 (VIOLATED)
fanout447/X                              10     20    -10 (VIOLATED)
fanout449/X                              10     20    -10 (VIOLATED)
fanout451/X                              10     20    -10 (VIOLATED)
fanout454/X                              10     20    -10 (VIOLATED)
fanout460/X                              10     20    -10 (VIOLATED)
fanout462/X                              10     20    -10 (VIOLATED)
fanout464/X                              10     20    -10 (VIOLATED)
fanout466/X                              10     20    -10 (VIOLATED)
fanout468/X                              10     20    -10 (VIOLATED)
fanout471/X                              10     20    -10 (VIOLATED)
fanout473/X                              10     20    -10 (VIOLATED)
fanout475/X                              10     20    -10 (VIOLATED)
fanout485/X                              10     20    -10 (VIOLATED)
fanout487/X                              10     20    -10 (VIOLATED)
fanout493/X                              10     20    -10 (VIOLATED)
fanout497/X                              10     20    -10 (VIOLATED)
fanout499/X                              10     20    -10 (VIOLATED)
fanout501/X                              10     20    -10 (VIOLATED)
fanout502/X                              10     20    -10 (VIOLATED)
fanout503/X                              10     20    -10 (VIOLATED)
fanout506/X                              10     20    -10 (VIOLATED)
fanout509/X                              10     20    -10 (VIOLATED)
fanout515/X                              10     20    -10 (VIOLATED)
fanout517/X                              10     20    -10 (VIOLATED)
fanout518/X                              10     20    -10 (VIOLATED)
fanout520/X                              10     20    -10 (VIOLATED)
fanout521/X                              10     20    -10 (VIOLATED)
fanout523/X                              10     20    -10 (VIOLATED)
fanout524/X                              10     20    -10 (VIOLATED)
fanout525/X                              10     20    -10 (VIOLATED)
fanout526/X                              10     20    -10 (VIOLATED)
fanout527/X                              10     20    -10 (VIOLATED)
fanout531/X                              10     20    -10 (VIOLATED)
fanout533/X                              10     20    -10 (VIOLATED)
fanout542/X                              10     20    -10 (VIOLATED)
fanout554/X                              10     20    -10 (VIOLATED)
fanout559/X                              10     20    -10 (VIOLATED)
fanout564/X                              10     20    -10 (VIOLATED)
fanout571/X                              10     20    -10 (VIOLATED)
fanout583/X                              10     20    -10 (VIOLATED)
fanout584/X                              10     20    -10 (VIOLATED)
fanout590/X                              10     20    -10 (VIOLATED)
fanout592/X                              10     20    -10 (VIOLATED)
fanout594/X                              10     20    -10 (VIOLATED)
fanout596/X                              10     20    -10 (VIOLATED)
fanout598/X                              10     20    -10 (VIOLATED)
fanout600/X                              10     20    -10 (VIOLATED)
fanout602/X                              10     20    -10 (VIOLATED)
fanout605/X                              10     20    -10 (VIOLATED)
fanout608/X                              10     20    -10 (VIOLATED)
fanout616/X                              10     20    -10 (VIOLATED)
fanout621/X                              10     20    -10 (VIOLATED)
fanout622/X                              10     20    -10 (VIOLATED)
fanout626/X                              10     20    -10 (VIOLATED)
fanout629/X                              10     20    -10 (VIOLATED)
fanout630/X                              10     20    -10 (VIOLATED)
fanout633/X                              10     20    -10 (VIOLATED)
fanout642/X                              10     20    -10 (VIOLATED)
fanout652/X                              10     20    -10 (VIOLATED)
fanout662/X                              10     20    -10 (VIOLATED)
fanout663/X                              10     20    -10 (VIOLATED)
fanout671/X                              10     20    -10 (VIOLATED)
fanout676/X                              10     20    -10 (VIOLATED)
fanout677/X                              10     20    -10 (VIOLATED)
fanout680/X                              10     20    -10 (VIOLATED)
fanout681/X                              10     20    -10 (VIOLATED)
fanout683/X                              10     20    -10 (VIOLATED)
fanout684/X                              10     20    -10 (VIOLATED)
fanout691/X                              10     20    -10 (VIOLATED)
fanout694/X                              10     20    -10 (VIOLATED)
fanout697/X                              10     20    -10 (VIOLATED)
fanout698/X                              10     20    -10 (VIOLATED)
fanout699/X                              10     20    -10 (VIOLATED)
fanout700/X                              10     20    -10 (VIOLATED)
fanout701/X                              10     20    -10 (VIOLATED)
fanout704/X                              10     20    -10 (VIOLATED)
fanout705/X                              10     20    -10 (VIOLATED)
fanout706/X                              10     20    -10 (VIOLATED)
fanout708/X                              10     20    -10 (VIOLATED)
fanout721/X                              10     20    -10 (VIOLATED)
fanout724/X                              10     20    -10 (VIOLATED)
fanout727/X                              10     20    -10 (VIOLATED)
fanout731/X                              10     20    -10 (VIOLATED)
fanout734/X                              10     20    -10 (VIOLATED)
fanout737/X                              10     20    -10 (VIOLATED)
fanout742/X                              10     20    -10 (VIOLATED)
fanout745/X                              10     20    -10 (VIOLATED)
fanout752/X                              10     20    -10 (VIOLATED)
fanout755/X                              10     20    -10 (VIOLATED)
fanout757/X                              10     20    -10 (VIOLATED)
fanout760/X                              10     20    -10 (VIOLATED)
fanout764/X                              10     20    -10 (VIOLATED)
fanout770/X                              10     20    -10 (VIOLATED)
fanout775/X                              10     20    -10 (VIOLATED)
fanout776/X                              10     20    -10 (VIOLATED)
fanout778/X                              10     20    -10 (VIOLATED)
fanout781/X                              10     20    -10 (VIOLATED)
fanout784/X                              10     20    -10 (VIOLATED)
fanout786/X                              10     20    -10 (VIOLATED)
fanout787/X                              10     20    -10 (VIOLATED)
fanout788/X                              10     20    -10 (VIOLATED)
fanout793/X                              10     20    -10 (VIOLATED)
fanout797/X                              10     20    -10 (VIOLATED)
fanout798/X                              10     20    -10 (VIOLATED)
fanout799/X                              10     20    -10 (VIOLATED)
fanout805/X                              10     20    -10 (VIOLATED)
fanout814/X                              10     20    -10 (VIOLATED)
fanout818/X                              10     20    -10 (VIOLATED)
fanout822/X                              10     20    -10 (VIOLATED)
fanout826/X                              10     20    -10 (VIOLATED)
fanout828/X                              10     20    -10 (VIOLATED)
fanout832/X                              10     20    -10 (VIOLATED)
fanout841/X                              10     20    -10 (VIOLATED)
fanout844/X                              10     20    -10 (VIOLATED)
fanout845/X                              10     20    -10 (VIOLATED)
fanout849/X                              10     20    -10 (VIOLATED)
fanout855/X                              10     20    -10 (VIOLATED)
fanout857/X                              10     20    -10 (VIOLATED)
fanout858/X                              10     20    -10 (VIOLATED)
fanout859/X                              10     20    -10 (VIOLATED)
fanout860/X                              10     20    -10 (VIOLATED)
fanout861/X                              10     20    -10 (VIOLATED)
fanout863/X                              10     20    -10 (VIOLATED)
fanout864/X                              10     20    -10 (VIOLATED)
fanout865/X                              10     20    -10 (VIOLATED)
fanout868/X                              10     20    -10 (VIOLATED)
fanout877/X                              10     20    -10 (VIOLATED)
fanout878/X                              10     20    -10 (VIOLATED)
fanout879/X                              10     20    -10 (VIOLATED)
fanout882/X                              10     20    -10 (VIOLATED)
fanout886/X                              10     20    -10 (VIOLATED)
fanout887/X                              10     20    -10 (VIOLATED)
fanout888/X                              10     20    -10 (VIOLATED)
fanout889/X                              10     20    -10 (VIOLATED)
fanout892/X                              10     20    -10 (VIOLATED)
fanout895/X                              10     20    -10 (VIOLATED)
fanout897/X                              10     20    -10 (VIOLATED)
fanout899/X                              10     20    -10 (VIOLATED)
fanout900/X                              10     20    -10 (VIOLATED)
fanout902/X                              10     20    -10 (VIOLATED)
fanout904/X                              10     20    -10 (VIOLATED)
fanout907/X                              10     20    -10 (VIOLATED)
fanout913/X                              10     20    -10 (VIOLATED)
fanout914/X                              10     20    -10 (VIOLATED)
fanout916/X                              10     20    -10 (VIOLATED)
fanout918/X                              10     20    -10 (VIOLATED)
fanout923/X                              10     20    -10 (VIOLATED)
fanout927/X                              10     20    -10 (VIOLATED)
fanout928/X                              10     20    -10 (VIOLATED)
fanout929/X                              10     20    -10 (VIOLATED)
fanout931/X                              10     20    -10 (VIOLATED)
fanout933/X                              10     20    -10 (VIOLATED)
fanout937/X                              10     20    -10 (VIOLATED)
fanout939/X                              10     20    -10 (VIOLATED)
fanout944/X                              10     20    -10 (VIOLATED)
fanout947/X                              10     20    -10 (VIOLATED)
fanout950/X                              10     20    -10 (VIOLATED)
fanout952/X                              10     20    -10 (VIOLATED)
fanout953/X                              10     20    -10 (VIOLATED)
fanout957/X                              10     20    -10 (VIOLATED)
fanout960/X                              10     20    -10 (VIOLATED)
fanout962/X                              10     20    -10 (VIOLATED)
fanout963/X                              10     20    -10 (VIOLATED)
fanout966/X                              10     20    -10 (VIOLATED)
fanout970/X                              10     20    -10 (VIOLATED)
fanout972/X                              10     20    -10 (VIOLATED)
fanout974/X                              10     20    -10 (VIOLATED)
fanout975/X                              10     20    -10 (VIOLATED)
fanout978/X                              10     20    -10 (VIOLATED)
fanout983/X                              10     20    -10 (VIOLATED)
fanout985/X                              10     20    -10 (VIOLATED)
fanout989/X                              10     20    -10 (VIOLATED)
fanout991/X                              10     20    -10 (VIOLATED)
fanout993/X                              10     20    -10 (VIOLATED)
fanout994/X                              10     20    -10 (VIOLATED)
fanout995/X                              10     20    -10 (VIOLATED)
fanout996/X                              10     20    -10 (VIOLATED)
fanout998/X                              10     20    -10 (VIOLATED)
fanout999/X                              10     20    -10 (VIOLATED)
input95/X                                10     20    -10 (VIOLATED)
wire1246/X                               10     20    -10 (VIOLATED)
wire1254/X                               10     20    -10 (VIOLATED)
wire1293/X                               10     20    -10 (VIOLATED)
wire1295/X                               10     20    -10 (VIOLATED)
wire409/X                                10     20    -10 (VIOLATED)
_20816_/Y                                10     18     -8 (VIOLATED)
_20956_/Y                                10     18     -8 (VIOLATED)
_21228_/X                                10     18     -8 (VIOLATED)
_21330_/X                                10     18     -8 (VIOLATED)
_21331_/Y                                10     18     -8 (VIOLATED)
_21798_/Y                                10     18     -8 (VIOLATED)
_22386_/Y                                10     18     -8 (VIOLATED)
_22404_/X                                10     18     -8 (VIOLATED)
_22546_/X                                10     18     -8 (VIOLATED)
_22597_/Y                                10     18     -8 (VIOLATED)
_22990_/X                                10     18     -8 (VIOLATED)
_23933_/Y                                10     18     -8 (VIOLATED)
_23934_/X                                10     18     -8 (VIOLATED)
_24100_/Y                                10     18     -8 (VIOLATED)
_25351_/X                                10     18     -8 (VIOLATED)
_25414_/X                                10     18     -8 (VIOLATED)
_26675_/X                                10     18     -8 (VIOLATED)
_27454_/Y                                10     18     -8 (VIOLATED)
_29411_/X                                10     18     -8 (VIOLATED)
_29817_/X                                10     18     -8 (VIOLATED)
_31511_/Y                                10     18     -8 (VIOLATED)
clkbuf_1_0__f_clk/X                      10     18     -8 (VIOLATED)
fanout1007/X                             10     18     -8 (VIOLATED)
fanout1017/X                             10     18     -8 (VIOLATED)
fanout1018/X                             10     18     -8 (VIOLATED)
fanout1022/X                             10     18     -8 (VIOLATED)
fanout1102/X                             10     18     -8 (VIOLATED)
fanout1151/X                             10     18     -8 (VIOLATED)
fanout1175/X                             10     18     -8 (VIOLATED)
fanout1187/X                             10     18     -8 (VIOLATED)
fanout1279/X                             10     18     -8 (VIOLATED)
fanout1302/X                             10     18     -8 (VIOLATED)
fanout429/X                              10     18     -8 (VIOLATED)
fanout544/X                              10     18     -8 (VIOLATED)
fanout603/X                              10     18     -8 (VIOLATED)
fanout604/X                              10     18     -8 (VIOLATED)
fanout634/X                              10     18     -8 (VIOLATED)
fanout660/X                              10     18     -8 (VIOLATED)
fanout687/X                              10     18     -8 (VIOLATED)
fanout690/X                              10     18     -8 (VIOLATED)
fanout692/X                              10     18     -8 (VIOLATED)
fanout696/X                              10     18     -8 (VIOLATED)
fanout703/X                              10     18     -8 (VIOLATED)
fanout756/X                              10     18     -8 (VIOLATED)
fanout767/X                              10     18     -8 (VIOLATED)
fanout785/X                              10     18     -8 (VIOLATED)
fanout809/X                              10     18     -8 (VIOLATED)
fanout840/X                              10     18     -8 (VIOLATED)
fanout848/X                              10     18     -8 (VIOLATED)
fanout854/X                              10     18     -8 (VIOLATED)
fanout862/X                              10     18     -8 (VIOLATED)
fanout881/X                              10     18     -8 (VIOLATED)
fanout920/X                              10     18     -8 (VIOLATED)
fanout930/X                              10     18     -8 (VIOLATED)
fanout951/X                              10     18     -8 (VIOLATED)
fanout977/X                              10     18     -8 (VIOLATED)
max_cap491/X                             10     18     -8 (VIOLATED)
wire1004/X                               10     18     -8 (VIOLATED)
wire1260/X                               10     18     -8 (VIOLATED)
wire1270/X                               10     18     -8 (VIOLATED)
wire535/X                                10     18     -8 (VIOLATED)
wire575/X                                10     18     -8 (VIOLATED)
_20814_/Y                                10     16     -6 (VIOLATED)
_20829_/Y                                10     16     -6 (VIOLATED)
_20854_/Y                                10     16     -6 (VIOLATED)
_20878_/Y                                10     16     -6 (VIOLATED)
_20955_/X                                10     16     -6 (VIOLATED)
_21016_/Y                                10     16     -6 (VIOLATED)
_21141_/Y                                10     16     -6 (VIOLATED)
_21144_/Y                                10     16     -6 (VIOLATED)
_21208_/X                                10     16     -6 (VIOLATED)
_21542_/Y                                10     16     -6 (VIOLATED)
_21620_/Y                                10     16     -6 (VIOLATED)
_21821_/Y                                10     16     -6 (VIOLATED)
_21824_/X                                10     16     -6 (VIOLATED)
_22060_/Y                                10     16     -6 (VIOLATED)
_22159_/Y                                10     16     -6 (VIOLATED)
_22353_/Y                                10     16     -6 (VIOLATED)
_22402_/Y                                10     16     -6 (VIOLATED)
_22695_/X                                10     16     -6 (VIOLATED)
_22813_/X                                10     16     -6 (VIOLATED)
_22815_/Y                                10     16     -6 (VIOLATED)
_22960_/X                                10     16     -6 (VIOLATED)
_23071_/Y                                10     16     -6 (VIOLATED)
_23225_/Y                                10     16     -6 (VIOLATED)
_23796_/Y                                10     16     -6 (VIOLATED)
_24314_/Y                                10     16     -6 (VIOLATED)
_24819_/Y                                10     16     -6 (VIOLATED)
_25010_/X                                10     16     -6 (VIOLATED)
_25054_/Y                                10     16     -6 (VIOLATED)
_25470_/X                                10     16     -6 (VIOLATED)
_25806_/X                                10     16     -6 (VIOLATED)
_27455_/Y                                10     16     -6 (VIOLATED)
_28926_/Y                                10     16     -6 (VIOLATED)
_32753_/X                                10     16     -6 (VIOLATED)
_32788_/Y                                10     16     -6 (VIOLATED)
_32789_/X                                10     16     -6 (VIOLATED)
fanout1040/X                             10     16     -6 (VIOLATED)
fanout1056/X                             10     16     -6 (VIOLATED)
fanout1075/X                             10     16     -6 (VIOLATED)
fanout1087/X                             10     16     -6 (VIOLATED)
fanout1090/X                             10     16     -6 (VIOLATED)
fanout1110/X                             10     16     -6 (VIOLATED)
fanout1120/X                             10     16     -6 (VIOLATED)
fanout1124/X                             10     16     -6 (VIOLATED)
fanout1125/X                             10     16     -6 (VIOLATED)
fanout1140/X                             10     16     -6 (VIOLATED)
fanout1180/X                             10     16     -6 (VIOLATED)
fanout1196/X                             10     16     -6 (VIOLATED)
fanout1257/X                             10     16     -6 (VIOLATED)
fanout1301/X                             10     16     -6 (VIOLATED)
fanout376/X                              10     16     -6 (VIOLATED)
fanout448/X                              10     16     -6 (VIOLATED)
fanout461/X                              10     16     -6 (VIOLATED)
fanout474/X                              10     16     -6 (VIOLATED)
fanout477/X                              10     16     -6 (VIOLATED)
fanout522/X                              10     16     -6 (VIOLATED)
fanout623/X                              10     16     -6 (VIOLATED)
fanout640/X                              10     16     -6 (VIOLATED)
fanout646/X                              10     16     -6 (VIOLATED)
fanout661/X                              10     16     -6 (VIOLATED)
fanout668/X                              10     16     -6 (VIOLATED)
fanout672/X                              10     16     -6 (VIOLATED)
fanout682/X                              10     16     -6 (VIOLATED)
fanout712/X                              10     16     -6 (VIOLATED)
fanout762/X                              10     16     -6 (VIOLATED)
fanout777/X                              10     16     -6 (VIOLATED)
fanout780/X                              10     16     -6 (VIOLATED)
fanout783/X                              10     16     -6 (VIOLATED)
fanout847/X                              10     16     -6 (VIOLATED)
fanout851/X                              10     16     -6 (VIOLATED)
fanout856/X                              10     16     -6 (VIOLATED)
fanout866/X                              10     16     -6 (VIOLATED)
fanout873/X                              10     16     -6 (VIOLATED)
fanout896/X                              10     16     -6 (VIOLATED)
fanout901/X                              10     16     -6 (VIOLATED)
fanout906/X                              10     16     -6 (VIOLATED)
fanout915/X                              10     16     -6 (VIOLATED)
fanout917/X                              10     16     -6 (VIOLATED)
fanout919/X                              10     16     -6 (VIOLATED)
fanout932/X                              10     16     -6 (VIOLATED)
fanout936/X                              10     16     -6 (VIOLATED)
fanout938/X                              10     16     -6 (VIOLATED)
fanout988/X                              10     16     -6 (VIOLATED)
fanout990/X                              10     16     -6 (VIOLATED)
fanout992/X                              10     16     -6 (VIOLATED)
input124/X                               10     16     -6 (VIOLATED)
input126/X                               10     16     -6 (VIOLATED)
input127/X                               10     16     -6 (VIOLATED)
input128/X                               10     16     -6 (VIOLATED)
input129/X                               10     16     -6 (VIOLATED)
input96/X                                10     16     -6 (VIOLATED)
max_cap361/X                             10     16     -6 (VIOLATED)
wire1031/X                               10     16     -6 (VIOLATED)
wire1243/X                               10     16     -6 (VIOLATED)
wire1244/X                               10     16     -6 (VIOLATED)
wire1245/X                               10     16     -6 (VIOLATED)
wire1294/X                               10     16     -6 (VIOLATED)
wire375/X                                10     16     -6 (VIOLATED)
wire453/X                                10     16     -6 (VIOLATED)
wire457/X                                10     16     -6 (VIOLATED)
wire558/X                                10     16     -6 (VIOLATED)
wire670/X                                10     16     -6 (VIOLATED)
wire675/X                                10     16     -6 (VIOLATED)
wire715/X                                10     16     -6 (VIOLATED)
wire718/X                                10     16     -6 (VIOLATED)
wire749/X                                10     16     -6 (VIOLATED)
wire802/X                                10     16     -6 (VIOLATED)
wire811/X                                10     16     -6 (VIOLATED)
max_length552/X                          10     15     -5 (VIOLATED)
_20789_/Y                                10     14     -4 (VIOLATED)
_20798_/Y                                10     14     -4 (VIOLATED)
_20803_/Y                                10     14     -4 (VIOLATED)
_20807_/Y                                10     14     -4 (VIOLATED)
_20815_/Y                                10     14     -4 (VIOLATED)
_20830_/Y                                10     14     -4 (VIOLATED)
_20856_/Y                                10     14     -4 (VIOLATED)
_20907_/Y                                10     14     -4 (VIOLATED)
_21205_/Y                                10     14     -4 (VIOLATED)
_21322_/Y                                10     14     -4 (VIOLATED)
_21327_/X                                10     14     -4 (VIOLATED)
_21864_/Y                                10     14     -4 (VIOLATED)
_22206_/X                                10     14     -4 (VIOLATED)
_22419_/Y                                10     14     -4 (VIOLATED)
_22518_/Y                                10     14     -4 (VIOLATED)
_22772_/X                                10     14     -4 (VIOLATED)
_22941_/X                                10     14     -4 (VIOLATED)
_23257_/Y                                10     14     -4 (VIOLATED)
_23424_/X                                10     14     -4 (VIOLATED)
_23524_/Y                                10     14     -4 (VIOLATED)
_23747_/Y                                10     14     -4 (VIOLATED)
_24291_/Y                                10     14     -4 (VIOLATED)
_24316_/X                                10     14     -4 (VIOLATED)
_24771_/X                                10     14     -4 (VIOLATED)
_25472_/X                                10     14     -4 (VIOLATED)
_25643_/Y                                10     14     -4 (VIOLATED)
_25784_/X                                10     14     -4 (VIOLATED)
_26957_/X                                10     14     -4 (VIOLATED)
_27177_/Y                                10     14     -4 (VIOLATED)
_27573_/Y                                10     14     -4 (VIOLATED)
_28738_/X                                10     14     -4 (VIOLATED)
_29415_/Y                                10     14     -4 (VIOLATED)
_29695_/X                                10     14     -4 (VIOLATED)
_30328_/X                                10     14     -4 (VIOLATED)
_31689_/Y                                10     14     -4 (VIOLATED)
_32747_/Y                                10     14     -4 (VIOLATED)
_33580_/Y                                10     14     -4 (VIOLATED)
_34178_/X                                10     14     -4 (VIOLATED)
_34908_/X                                10     14     -4 (VIOLATED)
clkbuf_1_1__f_clk/X                      10     14     -4 (VIOLATED)
fanout1002/X                             10     14     -4 (VIOLATED)
fanout1020/X                             10     14     -4 (VIOLATED)
fanout1025/X                             10     14     -4 (VIOLATED)
fanout1076/X                             10     14     -4 (VIOLATED)
fanout1095/X                             10     14     -4 (VIOLATED)
fanout1123/X                             10     14     -4 (VIOLATED)
fanout1143/X                             10     14     -4 (VIOLATED)
fanout1181/X                             10     14     -4 (VIOLATED)
fanout1195/X                             10     14     -4 (VIOLATED)
fanout1211/X                             10     14     -4 (VIOLATED)
fanout1262/X                             10     14     -4 (VIOLATED)
fanout1271/X                             10     14     -4 (VIOLATED)
fanout1300/X                             10     14     -4 (VIOLATED)
fanout380/X                              10     14     -4 (VIOLATED)
fanout439/X                              10     14     -4 (VIOLATED)
fanout465/X                              10     14     -4 (VIOLATED)
fanout597/X                              10     14     -4 (VIOLATED)
fanout643/X                              10     14     -4 (VIOLATED)
fanout655/X                              10     14     -4 (VIOLATED)
fanout711/X                              10     14     -4 (VIOLATED)
fanout761/X                              10     14     -4 (VIOLATED)
fanout771/X                              10     14     -4 (VIOLATED)
fanout773/X                              10     14     -4 (VIOLATED)
fanout815/X                              10     14     -4 (VIOLATED)
fanout819/X                              10     14     -4 (VIOLATED)
fanout833/X                              10     14     -4 (VIOLATED)
fanout837/X                              10     14     -4 (VIOLATED)
fanout838/X                              10     14     -4 (VIOLATED)
fanout869/X                              10     14     -4 (VIOLATED)
fanout874/X                              10     14     -4 (VIOLATED)
fanout905/X                              10     14     -4 (VIOLATED)
fanout941/X                              10     14     -4 (VIOLATED)
fanout948/X                              10     14     -4 (VIOLATED)
fanout973/X                              10     14     -4 (VIOLATED)
fanout979/X                              10     14     -4 (VIOLATED)
fanout984/X                              10     14     -4 (VIOLATED)
input130/X                               10     14     -4 (VIOLATED)
input45/X                                10     14     -4 (VIOLATED)
input65/X                                10     14     -4 (VIOLATED)
input81/X                                10     14     -4 (VIOLATED)
max_cap362/X                             10     14     -4 (VIOLATED)
max_length1079/X                         10     14     -4 (VIOLATED)
max_length371/X                          10     14     -4 (VIOLATED)
max_length442/X                          10     14     -4 (VIOLATED)
max_length498/X                          10     14     -4 (VIOLATED)
max_length532/X                          10     14     -4 (VIOLATED)
max_length876/X                          10     14     -4 (VIOLATED)
wire1051/X                               10     14     -4 (VIOLATED)
wire1099/X                               10     14     -4 (VIOLATED)
wire1112/X                               10     14     -4 (VIOLATED)
wire1240/X                               10     14     -4 (VIOLATED)
wire1253/X                               10     14     -4 (VIOLATED)
wire311/X                                10     14     -4 (VIOLATED)
wire470/X                                10     14     -4 (VIOLATED)
wire541/X                                10     14     -4 (VIOLATED)
wire578/X                                10     14     -4 (VIOLATED)
wire744/X                                10     14     -4 (VIOLATED)
wire751/X                                10     14     -4 (VIOLATED)
wire965/X                                10     14     -4 (VIOLATED)
_20779_/Y                                10     12     -2 (VIOLATED)
_20804_/Y                                10     12     -2 (VIOLATED)
_20812_/Y                                10     12     -2 (VIOLATED)
_20813_/Y                                10     12     -2 (VIOLATED)
_20818_/Y                                10     12     -2 (VIOLATED)
_20828_/Y                                10     12     -2 (VIOLATED)
_20861_/X                                10     12     -2 (VIOLATED)
_20865_/X                                10     12     -2 (VIOLATED)
_20866_/Y                                10     12     -2 (VIOLATED)
_21244_/X                                10     12     -2 (VIOLATED)
_21245_/Y                                10     12     -2 (VIOLATED)
_21248_/Y                                10     12     -2 (VIOLATED)
_21349_/X                                10     12     -2 (VIOLATED)
_21553_/Y                                10     12     -2 (VIOLATED)
_21578_/X                                10     12     -2 (VIOLATED)
_21719_/X                                10     12     -2 (VIOLATED)
_21743_/X                                10     12     -2 (VIOLATED)
_21875_/X                                10     12     -2 (VIOLATED)
_22056_/Y                                10     12     -2 (VIOLATED)
_22112_/Y                                10     12     -2 (VIOLATED)
_22251_/Y                                10     12     -2 (VIOLATED)
_22387_/Y                                10     12     -2 (VIOLATED)
_22393_/X                                10     12     -2 (VIOLATED)
_22430_/Y                                10     12     -2 (VIOLATED)
_22502_/Y                                10     12     -2 (VIOLATED)
_22511_/Y                                10     12     -2 (VIOLATED)
_22591_/Y                                10     12     -2 (VIOLATED)
_22592_/Y                                10     12     -2 (VIOLATED)
_22751_/X                                10     12     -2 (VIOLATED)
_22770_/Y                                10     12     -2 (VIOLATED)
_22946_/Y                                10     12     -2 (VIOLATED)
_22953_/Y                                10     12     -2 (VIOLATED)
_22991_/Y                                10     12     -2 (VIOLATED)
_23074_/X                                10     12     -2 (VIOLATED)
_23232_/Y                                10     12     -2 (VIOLATED)
_23378_/Y                                10     12     -2 (VIOLATED)
_23651_/Y                                10     12     -2 (VIOLATED)
_24620_/Y                                10     12     -2 (VIOLATED)
_24820_/Y                                10     12     -2 (VIOLATED)
_25526_/X                                10     12     -2 (VIOLATED)
_25774_/Y                                10     12     -2 (VIOLATED)
_25804_/Y                                10     12     -2 (VIOLATED)
_25807_/Y                                10     12     -2 (VIOLATED)
_25847_/X                                10     12     -2 (VIOLATED)
_25875_/X                                10     12     -2 (VIOLATED)
_25955_/Y                                10     12     -2 (VIOLATED)
_26393_/Y                                10     12     -2 (VIOLATED)
_26674_/Y                                10     12     -2 (VIOLATED)
_26794_/Y                                10     12     -2 (VIOLATED)
_27952_/Y                                10     12     -2 (VIOLATED)
_28397_/X                                10     12     -2 (VIOLATED)
_28573_/X                                10     12     -2 (VIOLATED)
_28808_/Y                                10     12     -2 (VIOLATED)
_29004_/Y                                10     12     -2 (VIOLATED)
_29127_/X                                10     12     -2 (VIOLATED)
_29567_/Y                                10     12     -2 (VIOLATED)
_30809_/X                                10     12     -2 (VIOLATED)
_31030_/Y                                10     12     -2 (VIOLATED)
_31200_/X                                10     12     -2 (VIOLATED)
_32457_/Y                                10     12     -2 (VIOLATED)
_34417_/X                                10     12     -2 (VIOLATED)
_38683_/Y                                10     12     -2 (VIOLATED)
fanout1013/X                             10     12     -2 (VIOLATED)
fanout1014/X                             10     12     -2 (VIOLATED)
fanout1024/X                             10     12     -2 (VIOLATED)
fanout1026/X                             10     12     -2 (VIOLATED)
fanout1046/X                             10     12     -2 (VIOLATED)
fanout1064/X                             10     12     -2 (VIOLATED)
fanout1069/X                             10     12     -2 (VIOLATED)
fanout1080/X                             10     12     -2 (VIOLATED)
fanout1082/X                             10     12     -2 (VIOLATED)
fanout1084/X                             10     12     -2 (VIOLATED)
fanout1088/X                             10     12     -2 (VIOLATED)
fanout1113/X                             10     12     -2 (VIOLATED)
fanout1135/X                             10     12     -2 (VIOLATED)
fanout1152/X                             10     12     -2 (VIOLATED)
fanout1165/X                             10     12     -2 (VIOLATED)
fanout1170/X                             10     12     -2 (VIOLATED)
fanout1182/X                             10     12     -2 (VIOLATED)
fanout1210/X                             10     12     -2 (VIOLATED)
fanout1219/X                             10     12     -2 (VIOLATED)
fanout1224/X                             10     12     -2 (VIOLATED)
fanout1237/X                             10     12     -2 (VIOLATED)
fanout1238/X                             10     12     -2 (VIOLATED)
fanout1273/X                             10     12     -2 (VIOLATED)
fanout1278/X                             10     12     -2 (VIOLATED)
fanout383/X                              10     12     -2 (VIOLATED)
fanout385/X                              10     12     -2 (VIOLATED)
fanout387/X                              10     12     -2 (VIOLATED)
fanout395/X                              10     12     -2 (VIOLATED)
fanout427/X                              10     12     -2 (VIOLATED)
fanout443/X                              10     12     -2 (VIOLATED)
fanout446/X                              10     12     -2 (VIOLATED)
fanout450/X                              10     12     -2 (VIOLATED)
fanout507/X                              10     12     -2 (VIOLATED)
fanout510/X                              10     12     -2 (VIOLATED)
fanout511/X                              10     12     -2 (VIOLATED)
fanout543/X                              10     12     -2 (VIOLATED)
fanout546/X                              10     12     -2 (VIOLATED)
fanout547/X                              10     12     -2 (VIOLATED)
fanout555/X                              10     12     -2 (VIOLATED)
fanout611/X                              10     12     -2 (VIOLATED)
fanout632/X                              10     12     -2 (VIOLATED)
fanout649/X                              10     12     -2 (VIOLATED)
fanout673/X                              10     12     -2 (VIOLATED)
fanout679/X                              10     12     -2 (VIOLATED)
fanout686/X                              10     12     -2 (VIOLATED)
fanout689/X                              10     12     -2 (VIOLATED)
fanout695/X                              10     12     -2 (VIOLATED)
fanout707/X                              10     12     -2 (VIOLATED)
fanout740/X                              10     12     -2 (VIOLATED)
fanout782/X                              10     12     -2 (VIOLATED)
fanout890/X                              10     12     -2 (VIOLATED)
fanout898/X                              10     12     -2 (VIOLATED)
fanout908/X                              10     12     -2 (VIOLATED)
fanout922/X                              10     12     -2 (VIOLATED)
fanout954/X                              10     12     -2 (VIOLATED)
fanout971/X                              10     12     -2 (VIOLATED)
fanout997/X                              10     12     -2 (VIOLATED)
input114/X                               10     12     -2 (VIOLATED)
input132/X                               10     12     -2 (VIOLATED)
input210/X                               10     12     -2 (VIOLATED)
input236/X                               10     12     -2 (VIOLATED)
max_cap413/X                             10     12     -2 (VIOLATED)
max_cap489/X                             10     12     -2 (VIOLATED)
max_length1105/X                         10     12     -2 (VIOLATED)
max_length1286/X                         10     12     -2 (VIOLATED)
max_length1287/X                         10     12     -2 (VIOLATED)
max_length565/X                          10     12     -2 (VIOLATED)
wire1177/X                               10     12     -2 (VIOLATED)
wire1184/X                               10     12     -2 (VIOLATED)
wire1191/X                               10     12     -2 (VIOLATED)
wire1198/X                               10     12     -2 (VIOLATED)
wire1206/X                               10     12     -2 (VIOLATED)
wire1213/X                               10     12     -2 (VIOLATED)
wire1227/X                               10     12     -2 (VIOLATED)
wire1259/X                               10     12     -2 (VIOLATED)
wire1266/X                               10     12     -2 (VIOLATED)
wire1267/X                               10     12     -2 (VIOLATED)
wire1268/X                               10     12     -2 (VIOLATED)
wire1269/X                               10     12     -2 (VIOLATED)
wire1285/X                               10     12     -2 (VIOLATED)
wire1289/X                               10     12     -2 (VIOLATED)
wire1291/X                               10     12     -2 (VIOLATED)
wire335/X                                10     12     -2 (VIOLATED)
wire426/X                                10     12     -2 (VIOLATED)
wire433/X                                10     12     -2 (VIOLATED)
wire530/X                                10     12     -2 (VIOLATED)
wire538/X                                10     12     -2 (VIOLATED)
wire540/X                                10     12     -2 (VIOLATED)
wire550/X                                10     12     -2 (VIOLATED)
wire620/X                                10     12     -2 (VIOLATED)
wire747/X                                10     12     -2 (VIOLATED)
wire759/X                                10     12     -2 (VIOLATED)
wire796/X                                10     12     -2 (VIOLATED)
wire825/X                                10     12     -2 (VIOLATED)
wire835/X                                10     12     -2 (VIOLATED)
wire871/X                                10     12     -2 (VIOLATED)
wire946/X                                10     12     -2 (VIOLATED)



===========================================================================
report_parasitic_annotation -report_unannotated
============================================================================
Found 6 unannotated drivers.
 input_data[15]
 input_data[175]
 input_data[191]
 input_data[223]
 input_data[238]
 input_data[239]
Found 0 partially unannotated drivers.

===========================================================================
max slew violation count 0
max fanout violation count 735
max cap violation count 0
============================================================================

===========================================================================
check_setup -verbose -unconstrained_endpoints -multiple_clock -no_clock -no_input_delay -loops -generated_clocks
===========================================================================
