
===========================================================================
report_checks -unconstrained
===========================================================================
======================= min_tt_025C_1v80 Corner ===================================

Startpoint: input_data[1] (input port clocked by clk)
Endpoint: _22395_ (rising edge-triggered flip-flop clocked by clk)
Path Group: clk
Path Type: max

Fanout         Cap        Slew       Delay        Time   Description
---------------------------------------------------------------------------------------------
                                  0.000000    0.000000   clock clk (rise edge)
                                  0.000000    0.000000   clock network delay (propagated)
                                  5.000000    5.000000 ^ input external delay
     1    0.003029    0.020721    0.011108    5.011108 ^ input_data[1] (in)
                                                         input_data[1] (net)
                      0.020722    0.000000    5.011108 ^ input110/A (sky130_fd_sc_hd__buf_2)
     1    0.054299    0.265489    0.247003    5.258111 ^ input110/X (sky130_fd_sc_hd__buf_2)
                                                         net110 (net)
                      0.266401    0.012740    5.270851 ^ fanout581/A (sky130_fd_sc_hd__clkbuf_8)
     9    0.116615    0.207117    0.306021    5.576872 ^ fanout581/X (sky130_fd_sc_hd__clkbuf_8)
                                                         net581 (net)
                      0.207121    0.000808    5.577680 ^ fanout580/A (sky130_fd_sc_hd__clkbuf_8)
    10    0.091236    0.163582    0.267855    5.845535 ^ fanout580/X (sky130_fd_sc_hd__clkbuf_8)
                                                         net580 (net)
                      0.163584    0.000357    5.845892 ^ fanout579/A (sky130_fd_sc_hd__buf_4)
    10    0.075102    0.208780    0.269760    6.115653 ^ fanout579/X (sky130_fd_sc_hd__buf_4)
                                                         net579 (net)
                      0.208913    0.004368    6.120021 ^ _13197_/A (sky130_fd_sc_hd__xor2_4)
     6    0.044885    0.135076    0.172638    6.292659 v _13197_/X (sky130_fd_sc_hd__xor2_4)
                                                         _02677_ (net)
                      0.135137    0.002257    6.294916 v _13346_/A2 (sky130_fd_sc_hd__a211oi_1)
     2    0.007760    0.315609    0.362754    6.657670 ^ _13346_/Y (sky130_fd_sc_hd__a211oi_1)
                                                         _02827_ (net)
                      0.315609    0.000132    6.657803 ^ _13347_/B_N (sky130_fd_sc_hd__and4bb_1)
     3    0.007279    0.059868    0.277910    6.935713 v _13347_/X (sky130_fd_sc_hd__and4bb_1)
                                                         _02829_ (net)
                      0.059868    0.000084    6.935797 v _13352_/A (sky130_fd_sc_hd__or3_1)
     2    0.003685    0.070864    0.374596    7.310393 v _13352_/X (sky130_fd_sc_hd__or3_1)
                                                         _02834_ (net)
                      0.070864    0.000031    7.310423 v _13353_/B (sky130_fd_sc_hd__and2b_1)
     2    0.011755    0.070654    0.201954    7.512378 v _13353_/X (sky130_fd_sc_hd__and2b_1)
                                                         _02835_ (net)
                      0.070655    0.000179    7.512556 v _13368_/A (sky130_fd_sc_hd__xor2_2)
     2    0.011958    0.106055    0.198215    7.710771 v _13368_/X (sky130_fd_sc_hd__xor2_2)
                                                         _02852_ (net)
                      0.106056    0.000165    7.710936 v _13377_/A (sky130_fd_sc_hd__xor2_2)
     2    0.012071    0.081943    0.212263    7.923199 v _13377_/X (sky130_fd_sc_hd__xor2_2)
                                                         _02862_ (net)
                      0.081944    0.000187    7.923386 v _13379_/B (sky130_fd_sc_hd__xnor2_2)
     2    0.015339    0.236452    0.227626    8.151011 ^ _13379_/Y (sky130_fd_sc_hd__xnor2_2)
                                                         _02864_ (net)
                      0.236452    0.000092    8.151104 ^ _13387_/A (sky130_fd_sc_hd__xnor2_1)
     2    0.007362    0.203639    0.182153    8.333257 ^ _13387_/Y (sky130_fd_sc_hd__xnor2_1)
                                                         _02873_ (net)
                      0.203639    0.000124    8.333382 ^ _13404_/B1 (sky130_fd_sc_hd__a21o_1)
     2    0.019833    0.176133    0.210153    8.543534 ^ _13404_/X (sky130_fd_sc_hd__a21o_1)
                                                         _02891_ (net)
                      0.176133    0.000173    8.543707 ^ _13405_/B1 (sky130_fd_sc_hd__o21ai_4)
     2    0.022857    0.083741    0.113580    8.657288 v _13405_/Y (sky130_fd_sc_hd__o21ai_4)
                                                         _02892_ (net)
                      0.083744    0.000335    8.657622 v _17079_/A1 (sky130_fd_sc_hd__a21o_1)
     1    0.007670    0.054093    0.188682    8.846304 v _17079_/X (sky130_fd_sc_hd__a21o_1)
                                                         _06933_ (net)
                      0.054094    0.000182    8.846486 v _17080_/A2 (sky130_fd_sc_hd__a21oi_1)
     2    0.009379    0.226422    0.232423    9.078910 ^ _17080_/Y (sky130_fd_sc_hd__a21oi_1)
                                                         _06934_ (net)
                      0.226423    0.000319    9.079228 ^ _17081_/B (sky130_fd_sc_hd__or2_2)
     3    0.021864    0.120046    0.220425    9.299654 ^ _17081_/X (sky130_fd_sc_hd__or2_2)
                                                         _06935_ (net)
                      0.120047    0.000184    9.299838 ^ _17083_/A (sky130_fd_sc_hd__nand2_4)
     4    0.059337    0.132824    0.139409    9.439247 v _17083_/Y (sky130_fd_sc_hd__nand2_4)
                                                         _06937_ (net)
                      0.133831    0.009312    9.448559 v _17093_/A (sky130_fd_sc_hd__xnor2_1)
     2    0.005088    0.075844    0.172760    9.621319 v _17093_/Y (sky130_fd_sc_hd__xnor2_1)
                                                         _06948_ (net)
                      0.075844    0.000059    9.621378 v _17094_/B (sky130_fd_sc_hd__or2_2)
     3    0.019484    0.096681    0.341712    9.963089 v _17094_/X (sky130_fd_sc_hd__or2_2)
                                                         _06949_ (net)
                      0.096681    0.000218    9.963307 v _17097_/A1 (sky130_fd_sc_hd__a211oi_4)
     1    0.042029    0.503734    0.485556   10.448864 ^ _17097_/Y (sky130_fd_sc_hd__a211oi_4)
                                                         _06953_ (net)
                      0.503824    0.005442   10.454307 ^ wire245/A (sky130_fd_sc_hd__buf_2)
     2    0.047641    0.233435    0.346710   10.801017 ^ wire245/X (sky130_fd_sc_hd__buf_2)
                                                         net245 (net)
                      0.233647    0.005802   10.806819 ^ _17098_/C (sky130_fd_sc_hd__nor3_1)
     2    0.007058    0.090168    0.101710   10.908528 v _17098_/Y (sky130_fd_sc_hd__nor3_1)
                                                         _06954_ (net)
                      0.090168    0.000038   10.908566 v max_cap241/A (sky130_fd_sc_hd__buf_1)
     2    0.007697    0.052280    0.130432   11.038999 v max_cap241/X (sky130_fd_sc_hd__buf_1)
                                                         net241 (net)
                      0.052280    0.000076   11.039075 v _17100_/B1 (sky130_fd_sc_hd__a211o_1)
     3    0.021699    0.131250    0.356921   11.395995 v _17100_/X (sky130_fd_sc_hd__a211o_1)
                                                         _06956_ (net)
                      0.131265    0.001193   11.397188 v _17103_/B1 (sky130_fd_sc_hd__a22o_1)
     2    0.005765    0.053632    0.222553   11.619741 v _17103_/X (sky130_fd_sc_hd__a22o_1)
                                                         _06959_ (net)
                      0.053632    0.000070   11.619811 v _17105_/A2 (sky130_fd_sc_hd__a211oi_1)
     2    0.008039    0.323344    0.338664   11.958475 ^ _17105_/Y (sky130_fd_sc_hd__a211oi_1)
                                                         _06961_ (net)
                      0.323344    0.000145   11.958620 ^ _17106_/C (sky130_fd_sc_hd__nor3_1)
     2    0.005349    0.084955    0.103157   12.061777 v _17106_/Y (sky130_fd_sc_hd__nor3_1)
                                                         _06962_ (net)
                      0.084955    0.000033   12.061810 v max_cap238/A (sky130_fd_sc_hd__buf_1)
     2    0.007438    0.051060    0.126913   12.188723 v max_cap238/X (sky130_fd_sc_hd__buf_1)
                                                         net238 (net)
                      0.051060    0.000077   12.188800 v _17108_/B1 (sky130_fd_sc_hd__a211o_1)
     3    0.009218    0.077136    0.302325   12.491125 v _17108_/X (sky130_fd_sc_hd__a211o_1)
                                                         _06965_ (net)
                      0.077136    0.000071   12.491196 v _17111_/A1 (sky130_fd_sc_hd__a211o_1)
     3    0.010470    0.081885    0.305492   12.796688 v _17111_/X (sky130_fd_sc_hd__a211o_1)
                                                         _06968_ (net)
                      0.081885    0.000094   12.796782 v _17113_/B (sky130_fd_sc_hd__and3_1)
     2    0.008139    0.059947    0.201596   12.998378 v _17113_/X (sky130_fd_sc_hd__and3_1)
                                                         _06970_ (net)
                      0.059948    0.000093   12.998471 v _17116_/B1 (sky130_fd_sc_hd__a211o_4)
     3    0.052765    0.121927    0.394192   13.392663 v _17116_/X (sky130_fd_sc_hd__a211o_4)
                                                         _06973_ (net)
                      0.121933    0.000704   13.393368 v _18257_/A2 (sky130_fd_sc_hd__a21o_1)
     3    0.008391    0.057405    0.228416   13.621784 v _18257_/X (sky130_fd_sc_hd__a21o_1)
                                                         _08228_ (net)
                      0.057405    0.000083   13.621866 v _19506_/A2 (sky130_fd_sc_hd__a21oi_1)
     3    0.009147    0.221944    0.230528   13.852394 ^ _19506_/Y (sky130_fd_sc_hd__a21oi_1)
                                                         _09600_ (net)
                      0.221944    0.000104   13.852498 ^ _21134_/A2 (sky130_fd_sc_hd__o21ai_1)
     3    0.008058    0.090294    0.123793   13.976292 v _21134_/Y (sky130_fd_sc_hd__o21ai_1)
                                                         _00211_ (net)
                      0.090294    0.000072   13.976363 v _21911_/B (sky130_fd_sc_hd__and3_1)
     1    0.001778    0.032108    0.171666   14.148030 v _21911_/X (sky130_fd_sc_hd__and3_1)
                                                         _01065_ (net)
                      0.032108    0.000014   14.148044 v _21913_/B (sky130_fd_sc_hd__or3_2)
     1    0.040648    0.175905    0.585867   14.733911 v _21913_/X (sky130_fd_sc_hd__or3_2)
                                                         _01067_ (net)
                      0.176096    0.004460   14.738371 v _21914_/A3 (sky130_fd_sc_hd__a31o_1)
     1    0.026925    0.136555    0.361910   15.100281 v _21914_/X (sky130_fd_sc_hd__a31o_1)
                                                         _01068_ (net)
                      0.136607    0.002224   15.102505 v _22033_/A2 (sky130_fd_sc_hd__o21a_2)
     1    0.036420    0.106420    0.308715   15.411220 v _22033_/X (sky130_fd_sc_hd__o21a_2)
                                                         _01199_ (net)
                      0.106634    0.003883   15.415103 v _22196_/A1 (sky130_fd_sc_hd__o22a_1)
     1    0.005318    0.055914    0.240618   15.655721 v _22196_/X (sky130_fd_sc_hd__o22a_1)
                                                         _01378_ (net)
                      0.055915    0.000108   15.655829 v _22243_/A2 (sky130_fd_sc_hd__o21ba_1)
     1    0.002728    0.034897    0.165839   15.821668 v _22243_/X (sky130_fd_sc_hd__o21ba_1)
                                                         _01430_ (net)
                      0.034897    0.000025   15.821692 v _22245_/B1 (sky130_fd_sc_hd__o32a_1)
     1    0.002372    0.049419    0.158559   15.980252 v _22245_/X (sky130_fd_sc_hd__o32a_1)
                                                         _00005_ (net)
                      0.049419    0.000018   15.980270 v _22395_/D (sky130_fd_sc_hd__dfxtp_4)
                                             15.980270   data arrival time

                                 25.000000   25.000000   clock clk (rise edge)
                                  0.000000   25.000000   clock source latency
     1    0.094469    0.429357    0.309255   25.309254 ^ clk (in)
                                                         clk (net)
                      0.432460    0.000000   25.309254 ^ clkbuf_0_clk/A (sky130_fd_sc_hd__clkbuf_16)
     2    0.029025    0.057948    0.237609   25.546864 ^ clkbuf_0_clk/X (sky130_fd_sc_hd__clkbuf_16)
                                                         clknet_0_clk (net)
                      0.057950    0.000622   25.547485 ^ clkbuf_1_0__f_clk/A (sky130_fd_sc_hd__clkbuf_16)
     9    0.034874    0.055244    0.142382   25.689867 ^ clkbuf_1_0__f_clk/X (sky130_fd_sc_hd__clkbuf_16)
                                                         clknet_1_0__leaf_clk (net)
                      0.055323    0.001540   25.691406 ^ _22395_/CLK (sky130_fd_sc_hd__dfxtp_4)
                                 -0.250000   25.441408   clock uncertainty
                                  0.000000   25.441408   clock reconvergence pessimism
                                 -0.111510   25.329897   library setup time
                                             25.329897   data required time
---------------------------------------------------------------------------------------------
                                             25.329897   data required time
                                            -15.980270   data arrival time
---------------------------------------------------------------------------------------------
                                              9.349627   slack (MET)




===========================================================================
report_checks --slack_max -0.01
============================================================================
======================= min_tt_025C_1v80 Corner ===================================

No paths found.


===========================================================================
 report_check_types -max_slew -max_cap -max_fanout -violators
============================================================================
======================= min_tt_025C_1v80 Corner ===================================

max fanout

Pin                                   Limit Fanout  Slack
---------------------------------------------------------
_13529_/Y                                10     23    -13 (VIOLATED)
_13718_/Y                                10     21    -11 (VIOLATED)
fanout568/X                              10     15     -5 (VIOLATED)
_22260_/Y                                10     13     -3 (VIOLATED)
fanout507/X                              10     13     -3 (VIOLATED)



===========================================================================
report_parasitic_annotation -report_unannotated
============================================================================
Found 23 unannotated drivers.
 input_data[127]
 input_data[191]
 input_data[207]
 input_data[208]
 input_data[209]
 input_data[210]
 input_data[211]
 input_data[212]
 input_data[213]
 input_data[214]
 input_data[215]
 input_data[216]
 input_data[217]
 input_data[218]
 input_data[219]
 input_data[220]
 input_data[221]
 input_data[222]
 input_data[223]
 input_data[238]
 input_data[239]
 input_data[63]
 input_data[79]
Found 0 partially unannotated drivers.

===========================================================================
max slew violation count 0
max fanout violation count 5
max cap violation count 0
============================================================================

===========================================================================
check_setup -verbose -unconstrained_endpoints -multiple_clock -no_clock -no_input_delay -loops -generated_clocks
===========================================================================
