Reading OpenROAD database at '/mnt/d/APIC/FIR_Openlane/highpass/runs/RUN_2024-06-16_23-16-54/24-odb-customioplacement/highpass.odb'…
Reading library file at '/home/nurwiyoso14/.volare/volare/sky130/versions/bdc9412b3e468c102d01b7cf6337be06ec6e9c9a/sky130A/libs.ref/sky130_fd_sc_hd/lib/sky130_fd_sc_hd__tt_025C_1v80.lib'…
Reading design constraints file at '/nix/store/ly0xjc8f0gmgmckxcrs0bw8vqc9gf9bk-python3-3.11.6-env/lib/python3.11/site-packages/openlane/scripts/base.sdc'…
[INFO] Using clock clk…
[INFO] Setting output delay to: 5
[INFO] Setting input delay to: 5
[INFO] Setting load to: 0.033442
[INFO] Setting clock uncertainty to: 0.25
[INFO] Setting clock transition to: 0.1499999999999999944488848768742172978818416595458984375
[INFO] Setting timing derate to: 5%
[INFO] Setting RC values…
[INFO] Setting signal min routing layer to: met1 and clock min routing layer to met1. 
[INFO] Setting signal max routing layer to: met5 and clock max routing layer to met5. 
{*}-density 0.618293 -timing_driven -routability_driven -pad_right 0 -pad_left 0 -init_wirelength_coef 0.25
[INFO GPL-0002] DBU: 1000
[INFO GPL-0003] SiteSize: 460 2720
[INFO GPL-0004] CoreAreaLxLy: 5520 10880
[INFO GPL-0005] CoreAreaUxUy: 476100 481440
[INFO GPL-0006] NumInstances: 14707
[INFO GPL-0007] NumPlaceInstances: 11211
[INFO GPL-0008] NumFixedInstances: 3496
[INFO GPL-0009] NumDummyInstances: 0
[INFO GPL-0010] NumNets: 11456
[INFO GPL-0011] NumPins: 37456
[INFO GPL-0012] DieAreaLxLy: 0 0
[INFO GPL-0013] DieAreaUxUy: 481840 492560
[INFO GPL-0014] CoreAreaLxLy: 5520 10880
[INFO GPL-0015] CoreAreaUxUy: 476100 481440
[INFO GPL-0016] CoreArea: 221436124800
[INFO GPL-0017] NonPlaceInstsArea: 5240025600
[INFO GPL-0018] PlaceInstsArea: 110827542400
[INFO GPL-0019] Util(%): 51.26
[INFO GPL-0020] StdInstsArea: 110827542400
[INFO GPL-0021] MacroInstsArea: 0
[InitialPlace]  Iter: 1 CG residual: 0.00017978 HPWL: 399940067
[InitialPlace]  Iter: 2 CG residual: 0.00013592 HPWL: 149568032
[InitialPlace]  Iter: 3 CG residual: 0.00000790 HPWL: 129616555
[InitialPlace]  Iter: 4 CG residual: 0.00002092 HPWL: 126017569
[InitialPlace]  Iter: 5 CG residual: 0.00000836 HPWL: 125590017
[INFO GPL-0031] FillerInit: NumGCells: 13549
[INFO GPL-0032] FillerInit: NumGNets: 11456
[INFO GPL-0033] FillerInit: NumGPins: 37456
[INFO GPL-0023] TargetDensity: 0.62
[INFO GPL-0024] AveragePlaceInstArea: 9885607
[INFO GPL-0025] IdealBinArea: 15988548
[INFO GPL-0026] IdealBinCnt: 13849
[INFO GPL-0027] TotalBinArea: 221436124800
[INFO GPL-0028] BinCnt: 64 64
[INFO GPL-0029] BinSize: 7353 7353
[INFO GPL-0030] NumBins: 4096
[NesterovSolve] Iter: 1 overflow: 0.98938 HPWL: 55785399
[NesterovSolve] Iter: 10 overflow: 0.971906 HPWL: 72407443
[NesterovSolve] Iter: 20 overflow: 0.962365 HPWL: 80916479
[NesterovSolve] Iter: 30 overflow: 0.955236 HPWL: 85848321
[NesterovSolve] Iter: 40 overflow: 0.94892 HPWL: 88406031
[NesterovSolve] Iter: 50 overflow: 0.943666 HPWL: 90109888
[NesterovSolve] Iter: 60 overflow: 0.939592 HPWL: 91612552
[NesterovSolve] Iter: 70 overflow: 0.937492 HPWL: 92754436
[NesterovSolve] Iter: 80 overflow: 0.936069 HPWL: 93402619
[NesterovSolve] Iter: 90 overflow: 0.936394 HPWL: 93754671
[NesterovSolve] Iter: 100 overflow: 0.936916 HPWL: 94056460
[NesterovSolve] Iter: 110 overflow: 0.936499 HPWL: 94423554
[NesterovSolve] Iter: 120 overflow: 0.935393 HPWL: 94882446
[NesterovSolve] Iter: 130 overflow: 0.934246 HPWL: 95419696
[NesterovSolve] Iter: 140 overflow: 0.933054 HPWL: 95987873
[NesterovSolve] Iter: 150 overflow: 0.93205 HPWL: 96572084
[NesterovSolve] Iter: 160 overflow: 0.931329 HPWL: 97280717
[NesterovSolve] Iter: 170 overflow: 0.930276 HPWL: 98382908
[NesterovSolve] Iter: 180 overflow: 0.928209 HPWL: 100288327
[NesterovSolve] Iter: 190 overflow: 0.924799 HPWL: 103516125
[NesterovSolve] Iter: 200 overflow: 0.91857 HPWL: 108650865
[NesterovSolve] Iter: 210 overflow: 0.90986 HPWL: 116132780
[NesterovSolve] Iter: 220 overflow: 0.896295 HPWL: 126286337
[NesterovSolve] Iter: 230 overflow: 0.878066 HPWL: 139067629
[NesterovSolve] Iter: 240 overflow: 0.855507 HPWL: 154166296
[NesterovSolve] Iter: 250 overflow: 0.828686 HPWL: 170734321
[NesterovSolve] Iter: 260 overflow: 0.79826 HPWL: 187272377
[INFO GPL-0100] worst slack 9.74e-09
[INFO GPL-0103] Weighted 1145 nets.
[NesterovSolve] Iter: 270 overflow: 0.763623 HPWL: 204634490
[NesterovSolve] Iter: 280 overflow: 0.727888 HPWL: 218759493
[NesterovSolve] Iter: 290 overflow: 0.685255 HPWL: 233136575
[NesterovSolve] Iter: 300 overflow: 0.635401 HPWL: 245438542
[INFO GPL-0100] worst slack 9.76e-09
[INFO GPL-0103] Weighted 1145 nets.
[NesterovSolve] Snapshot saved at iter = 306
[NesterovSolve] Iter: 310 overflow: 0.584558 HPWL: 255204248
[NesterovSolve] Iter: 320 overflow: 0.535337 HPWL: 263736378
[NesterovSolve] Iter: 330 overflow: 0.479405 HPWL: 275260336
[INFO GPL-0100] worst slack 9.68e-09
[INFO GPL-0103] Weighted 1144 nets.
[NesterovSolve] Iter: 340 overflow: 0.429306 HPWL: 283984820
[NesterovSolve] Iter: 350 overflow: 0.398251 HPWL: 289457098
[NesterovSolve] Iter: 360 overflow: 0.351656 HPWL: 291676602
[NesterovSolve] Iter: 370 overflow: 0.327096 HPWL: 289014033
[NesterovSolve] Iter: 380 overflow: 0.289656 HPWL: 291572236
[INFO GPL-0100] worst slack 9.67e-09
[INFO GPL-0103] Weighted 1145 nets.
[NesterovSolve] Iter: 390 overflow: 0.254758 HPWL: 291443321
[NesterovSolve] Iter: 400 overflow: 0.226738 HPWL: 290642766
[NesterovSolve] Iter: 410 overflow: 0.205748 HPWL: 290621580
[INFO GPL-0100] worst slack 9.59e-09
[INFO GPL-0103] Weighted 1145 nets.
[INFO GPL-0075] Routability numCall: 1 inflationIterCnt: 1 bloatIterCnt: 0
[INFO GPL-0036] TileLxLy: 0 0
[INFO GPL-0037] TileSize: 6900 6900
[INFO GPL-0038] TileCnt: 69 71
[INFO GPL-0039] numRoutingLayers: 6
[INFO GPL-0040] NumTiles: 4899
[INFO GPL-0063] TotalRouteOverflowH2: 1.0500000715255737
[INFO GPL-0064] TotalRouteOverflowV2: 5.900001287460327
[INFO GPL-0065] OverflowTileCnt2: 55
[INFO GPL-0066] 0.5%RC: 1.1204081895400066
[INFO GPL-0067] 1.0%RC: 1.0608247555408281
[INFO GPL-0068] 2.0%RC: 1.0304123777704142
[INFO GPL-0069] 5.0%RC: 1.0122153235765223
[INFO GPL-0070] 0.5rcK: 1
[INFO GPL-0071] 1.0rcK: 1
[INFO GPL-0072] 2.0rcK: 0
[INFO GPL-0073] 5.0rcK: 0
[INFO GPL-0074] FinalRC: 1.0906165
[NesterovSolve] Iter: 420 overflow: 0.17944 HPWL: 290244201
[NesterovSolve] Iter: 430 overflow: 0.157773 HPWL: 290024459
[INFO GPL-0100] worst slack 9.69e-09
[INFO GPL-0103] Weighted 1142 nets.
[NesterovSolve] Iter: 440 overflow: 0.137257 HPWL: 289974947
[NesterovSolve] Iter: 450 overflow: 0.118867 HPWL: 290276535
[NesterovSolve] Iter: 460 overflow: 0.102533 HPWL: 290232304
[NesterovSolve] Finished with Overflow: 0.099873
[INFO] Setting RC values…
Setting global connections for newly added cells…
[INFO] Setting global connections...
Writing OpenROAD database to '/mnt/d/APIC/FIR_Openlane/highpass/runs/RUN_2024-06-16_23-16-54/26-openroad-globalplacement/highpass.odb'…
Writing netlist to '/mnt/d/APIC/FIR_Openlane/highpass/runs/RUN_2024-06-16_23-16-54/26-openroad-globalplacement/highpass.nl.v'…
Writing powered netlist to '/mnt/d/APIC/FIR_Openlane/highpass/runs/RUN_2024-06-16_23-16-54/26-openroad-globalplacement/highpass.pnl.v'…
Writing layout to '/mnt/d/APIC/FIR_Openlane/highpass/runs/RUN_2024-06-16_23-16-54/26-openroad-globalplacement/highpass.def'…
Writing timing constraints to '/mnt/d/APIC/FIR_Openlane/highpass/runs/RUN_2024-06-16_23-16-54/26-openroad-globalplacement/highpass.sdc'…
