51. Printing statistics.

=== top ===

   Number of wires:              37239
   Number of wire bits:          37765
   Number of public wires:           8
   Number of public wire bits:     534
   Number of memories:               0
   Number of memory bits:            0
   Number of processes:              0
   Number of cells:              37734
     $_ANDNOT_                   11417
     $_AND_                        670
     $_DFF_PP0_                    471
     $_MUX_                        400
     $_NAND_                       349
     $_NOR_                       2577
     $_NOT_                       1824
     $_ORNOT_                     1350
     $_OR_                        3888
     $_SDFF_PP0_                    32
     $_XNOR_                      4981
     $_XOR_                       9775

   Area for cell type $_NOT_ is unknown!
   Area for cell type $_AND_ is unknown!
   Area for cell type $_NAND_ is unknown!
   Area for cell type $_OR_ is unknown!
   Area for cell type $_NOR_ is unknown!
   Area for cell type $_XOR_ is unknown!
   Area for cell type $_XNOR_ is unknown!
   Area for cell type $_ANDNOT_ is unknown!
   Area for cell type $_ORNOT_ is unknown!
   Area for cell type $_MUX_ is unknown!
   Area for cell type $_DFF_PP0_ is unknown!
   Area for cell type $_SDFF_PP0_ is unknown!

