65. Printing statistics.

=== top ===

   Number of wires:              33189
   Number of wire bits:          33222
   Number of public wires:         492
   Number of public wire bits:     525
   Number of memories:               0
   Number of memory bits:            0
   Number of processes:              0
   Number of cells:              33200
     sky130_fd_sc_hd__a2111o_2       2
     sky130_fd_sc_hd__a2111oi_2      2
     sky130_fd_sc_hd__a211o_2       64
     sky130_fd_sc_hd__a211oi_2      32
     sky130_fd_sc_hd__a21bo_2      349
     sky130_fd_sc_hd__a21boi_2     192
     sky130_fd_sc_hd__a21o_2       949
     sky130_fd_sc_hd__a21oi_2     1585
     sky130_fd_sc_hd__a221o_2        8
     sky130_fd_sc_hd__a221oi_2       1
     sky130_fd_sc_hd__a22o_2        55
     sky130_fd_sc_hd__a22oi_2       26
     sky130_fd_sc_hd__a2bb2o_2      30
     sky130_fd_sc_hd__a2bb2oi_2      2
     sky130_fd_sc_hd__a311o_2       11
     sky130_fd_sc_hd__a311oi_2       3
     sky130_fd_sc_hd__a31o_2       199
     sky130_fd_sc_hd__a31oi_2       72
     sky130_fd_sc_hd__a32o_2        29
     sky130_fd_sc_hd__a32oi_2       11
     sky130_fd_sc_hd__a41o_2         3
     sky130_fd_sc_hd__and2_2      1996
     sky130_fd_sc_hd__and2b_2     1100
     sky130_fd_sc_hd__and3_2       740
     sky130_fd_sc_hd__and3b_2       63
     sky130_fd_sc_hd__and4_2        15
     sky130_fd_sc_hd__and4b_2        6
     sky130_fd_sc_hd__and4bb_2       1
     sky130_fd_sc_hd__dfrtp_2      471
     sky130_fd_sc_hd__dfxtp_2       32
     sky130_fd_sc_hd__inv_2        966
     sky130_fd_sc_hd__mux2_1       148
     sky130_fd_sc_hd__nand2_2     3961
     sky130_fd_sc_hd__nand2b_2     982
     sky130_fd_sc_hd__nand3_2      337
     sky130_fd_sc_hd__nand3b_2      15
     sky130_fd_sc_hd__nand4_2       11
     sky130_fd_sc_hd__nor2_2      3458
     sky130_fd_sc_hd__nor3_2       278
     sky130_fd_sc_hd__nor3b_2        6
     sky130_fd_sc_hd__nor4_2         2
     sky130_fd_sc_hd__o2111a_2       2
     sky130_fd_sc_hd__o2111ai_2      1
     sky130_fd_sc_hd__o211a_2       88
     sky130_fd_sc_hd__o211ai_2      36
     sky130_fd_sc_hd__o21a_2      1131
     sky130_fd_sc_hd__o21ai_2      714
     sky130_fd_sc_hd__o21ba_2      460
     sky130_fd_sc_hd__o21bai_2     112
     sky130_fd_sc_hd__o221a_2        6
     sky130_fd_sc_hd__o221ai_2       4
     sky130_fd_sc_hd__o22a_2        47
     sky130_fd_sc_hd__o22ai_2       11
     sky130_fd_sc_hd__o2bb2a_2      86
     sky130_fd_sc_hd__o2bb2ai_2      4
     sky130_fd_sc_hd__o311a_2        6
     sky130_fd_sc_hd__o31a_2        84
     sky130_fd_sc_hd__o31ai_2       32
     sky130_fd_sc_hd__o32a_2        57
     sky130_fd_sc_hd__o32ai_2        9
     sky130_fd_sc_hd__o41a_2         1
     sky130_fd_sc_hd__o41ai_2        1
     sky130_fd_sc_hd__or2_2       2701
     sky130_fd_sc_hd__or3_2        406
     sky130_fd_sc_hd__or3b_2       145
     sky130_fd_sc_hd__or4_2         18
     sky130_fd_sc_hd__or4b_2         2
     sky130_fd_sc_hd__or4bb_2        4
     sky130_fd_sc_hd__xnor2_2     6337
     sky130_fd_sc_hd__xor2_2      2482

   Chip area for module '\top': 336781.750400

