Reading OpenROAD database at '/mnt/d/APIC/FIR_Openlane/Highpass/runs/RUN_2024-06-17_13-09-06/39-odb-heuristicdiodeinsertion/2-openroad-detailedplacement/highpass.odb'…
Reading library file at '/home/nurwiyoso14/.volare/volare/sky130/versions/bdc9412b3e468c102d01b7cf6337be06ec6e9c9a/sky130A/libs.ref/sky130_fd_sc_hd/lib/sky130_fd_sc_hd__tt_025C_1v80.lib'…
Reading design constraints file at '/nix/store/ly0xjc8f0gmgmckxcrs0bw8vqc9gf9bk-python3-3.11.6-env/lib/python3.11/site-packages/openlane/scripts/base.sdc'…
[INFO] Using clock clk…
[INFO] Setting output delay to: 5
[INFO] Setting input delay to: 5
[INFO] Setting load to: 0.033442
[INFO] Setting clock uncertainty to: 0.25
[INFO] Setting clock transition to: 0.1499999999999999944488848768742172978818416595458984375
[INFO] Setting timing derate to: 5%
[INFO] Setting signal min routing layer to: met1 and clock min routing layer to met1. 
[INFO] Setting signal max routing layer to: met4 and clock max routing layer to met4. 
-congestion_iterations 50 -verbose
[INFO GRT-0020] Min routing layer: met1
[INFO GRT-0021] Max routing layer: met4
[INFO GRT-0022] Global adjustment: 30%
[INFO GRT-0023] Grid origin: (0, 0)
[INFO GRT-0043] No OR_DEFAULT vias defined.
[INFO GRT-0088] Layer li1     Track-Pitch = 0.4600  line-2-Via Pitch: 0.3400
[INFO GRT-0088] Layer met1    Track-Pitch = 0.3400  line-2-Via Pitch: 0.3400
[INFO GRT-0088] Layer met2    Track-Pitch = 0.4600  line-2-Via Pitch: 0.3500
[INFO GRT-0088] Layer met3    Track-Pitch = 0.6800  line-2-Via Pitch: 0.6150
[INFO GRT-0088] Layer met4    Track-Pitch = 0.9200  line-2-Via Pitch: 0.6150
[INFO GRT-0019] Found 4 clock nets.
[INFO GRT-0001] Minimum degree: 2
[INFO GRT-0002] Maximum degree: 21
[INFO GRT-0003] Macros: 0
[INFO GRT-0004] Blockages: 3189

[INFO GRT-0053] Routing resources analysis:
          Routing      Original      Derated      Resource
Layer     Direction    Resources     Resources    Reduction (%)
---------------------------------------------------------------
li1        Vertical            0             0          0.00%
met1       Horizontal     104328         57858          44.54%
met2       Vertical        78192         50882          34.93%
met3       Horizontal      52128         35738          31.44%
met4       Vertical        36504         20197          44.67%
---------------------------------------------------------------

[INFO GRT-0101] Running extra iterations to remove overflow.
[INFO GRT-0197] Via related to pin nodes: 67904
[INFO GRT-0198] Via related Steiner nodes: 897
[INFO GRT-0199] Via filling finished.
[INFO GRT-0111] Final number of vias: 85843
[INFO GRT-0112] Final usage 3D: 306021

[INFO GRT-0096] Final congestion report:
Layer         Resource        Demand        Usage (%)    Max H / Max V / Total Overflow
---------------------------------------------------------------------------------------
li1                  0             0            0.00%             0 /  0 /  0
met1             57858         18248           31.54%             0 /  0 /  0
met2             50882         21209           41.68%             0 /  0 /  0
met3             35738          4367           12.22%             0 /  0 /  0
met4             20197          4668           23.11%             0 /  0 /  0
---------------------------------------------------------------------------------------
Total           164675         48492           29.45%             0 /  0 /  0

[INFO GRT-0018] Total wirelength: 538048 um
[INFO GRT-0014] Routed nets: 11995
%OL_CREATE_REPORT antenna.rpt
[INFO GRT-0043] No OR_DEFAULT vias defined.
Net: net156
  Pin: fanout492/A (sky130_fd_sc_hd__buf_2)
    Layer: met4
      Partial area ratio:   13.58
      Required ratio:    0.00 (Gate area) 
      Partial area ratio:   75.47
      Required ratio: 2736.24 (Side area) 
      Cumulative area ratio:  159.75
      Required ratio:    0.00 (Cumulative area) 
      Cumulative area ratio:  858.46
      Required ratio:    0.00 (Cumulative side area) 

    Layer: met3
      Partial area ratio:  143.77
      Required ratio:    0.00 (Gate area) 
      Partial area ratio:  769.81
      Required ratio:  400.00 (Side area) (VIOLATED)
      Cumulative area ratio:  146.16
      Required ratio:    0.00 (Cumulative area) 
      Cumulative area ratio:  782.98
      Required ratio:    0.00 (Cumulative side area) 

    Layer: met2
      Partial area ratio:    2.24
      Required ratio:    0.00 (Gate area) 
      Partial area ratio:   11.80
      Required ratio:  400.00 (Side area) 
      Cumulative area ratio:    2.39
      Required ratio:    0.00 (Cumulative area) 
      Cumulative area ratio:   13.17
      Required ratio:    0.00 (Cumulative side area) 

    Layer: met1
      Partial area ratio:    0.15
      Required ratio:    0.00 (Gate area) 
      Partial area ratio:    1.37
      Required ratio:  400.00 (Side area) 
      Cumulative area ratio:    0.15
      Required ratio:    0.00 (Cumulative area) 
      Cumulative area ratio:    1.37
      Required ratio:    0.00 (Cumulative side area) 

    Layer: li1
      Partial area ratio:    0.00
      Required ratio:    0.00 (Gate area) 
      Partial area ratio:    0.00
      Required ratio:   75.00 (Side area) 
      Cumulative area ratio:    0.00
      Required ratio:    0.00 (Cumulative area) 
      Cumulative area ratio:    0.00
      Required ratio:    0.00 (Cumulative side area) 

    Via: M3M4_PR
      Partial area ratio:    0.25
      Required ratio:    6.00 (Gate area) 
      Cumulative area ratio:    0.83
      Required ratio:    0.00 (Cumulative area) 

    Via: M2M3_PR
      Partial area ratio:    0.25
      Required ratio:    6.00 (Gate area) 
      Cumulative area ratio:    0.57
      Required ratio:    0.00 (Cumulative area) 

    Via: M1M2_PR
      Partial area ratio:    0.14
      Required ratio:    6.00 (Gate area) 
      Cumulative area ratio:    0.32
      Required ratio:    0.00 (Cumulative area) 

    Via: L1M1_PR
      Partial area ratio:    0.18
      Required ratio:    3.00 (Gate area) 
      Cumulative area ratio:    0.18
      Required ratio:    0.00 (Cumulative area) 


[INFO ANT-0002] Found 1 net violations.
[INFO ANT-0001] Found 1 pin violations.
%OL_END_REPORT
[INFO] Setting RC values…
Setting global connections for newly added cells…
[INFO] Setting global connections...
Writing OpenROAD database to '/mnt/d/APIC/FIR_Openlane/Highpass/runs/RUN_2024-06-17_13-09-06/39-odb-heuristicdiodeinsertion/3-openroad-globalrouting/highpass.odb'…
Writing layout to '/mnt/d/APIC/FIR_Openlane/Highpass/runs/RUN_2024-06-17_13-09-06/39-odb-heuristicdiodeinsertion/3-openroad-globalrouting/highpass.def'…
