
===========================================================================
report_checks -unconstrained
===========================================================================
======================= min_ff_n40C_1v95 Corner ===================================

Startpoint: input_data[80] (input port clocked by clk)
Endpoint: _22395_ (rising edge-triggered flip-flop clocked by clk)
Path Group: clk
Path Type: max

Fanout         Cap        Slew       Delay        Time   Description
---------------------------------------------------------------------------------------------
                                  0.000000    0.000000   clock clk (rise edge)
                                  0.000000    0.000000   clock network delay (propagated)
                                  5.000000    5.000000 ^ input external delay
     2    0.008826    0.034559    0.022333    5.022333 ^ input_data[80] (in)
                                                         input_data[80] (net)
                      0.034562    0.000000    5.022333 ^ input196/A (sky130_fd_sc_hd__clkbuf_2)
     2    0.049354    0.206446    0.187293    5.209626 ^ input196/X (sky130_fd_sc_hd__clkbuf_2)
                                                         net196 (net)
                      0.206483    0.002277    5.211903 ^ fanout416/A (sky130_fd_sc_hd__clkbuf_4)
    16    0.077745    0.178118    0.230545    5.442449 ^ fanout416/X (sky130_fd_sc_hd__clkbuf_4)
                                                         net416 (net)
                      0.178205    0.003253    5.445702 ^ fanout415/A (sky130_fd_sc_hd__buf_4)
    14    0.085847    0.179297    0.203019    5.648721 ^ fanout415/X (sky130_fd_sc_hd__buf_4)
                                                         net415 (net)
                      0.179336    0.002181    5.650902 ^ fanout413/A (sky130_fd_sc_hd__buf_4)
    20    0.070577    0.148163    0.182087    5.832989 ^ fanout413/X (sky130_fd_sc_hd__buf_4)
                                                         net413 (net)
                      0.148230    0.002592    5.835581 ^ _11240_/A (sky130_fd_sc_hd__and2_2)
     5    0.042397    0.164791    0.207443    6.043024 ^ _11240_/X (sky130_fd_sc_hd__and2_2)
                                                         _03312_ (net)
                      0.164791    0.000241    6.043265 ^ _11246_/A (sky130_fd_sc_hd__or2_1)
     1    0.005711    0.049984    0.093527    6.136793 ^ _11246_/X (sky130_fd_sc_hd__or2_1)
                                                         _03378_ (net)
                      0.049984    0.000083    6.136875 ^ fanout265/A (sky130_fd_sc_hd__clkbuf_4)
    10    0.066374    0.153186    0.179590    6.316465 ^ fanout265/X (sky130_fd_sc_hd__clkbuf_4)
                                                         net265 (net)
                      0.153187    0.000351    6.316816 ^ fanout264/A (sky130_fd_sc_hd__buf_4)
    20    0.091992    0.191556    0.209468    6.526284 ^ fanout264/X (sky130_fd_sc_hd__buf_4)
                                                         net264 (net)
                      0.191560    0.000739    6.527023 ^ _11539_/A (sky130_fd_sc_hd__nor2_1)
     3    0.014679    0.080713    0.081632    6.608654 v _11539_/Y (sky130_fd_sc_hd__nor2_1)
                                                         _06600_ (net)
                      0.080714    0.000166    6.608821 v _11541_/A (sky130_fd_sc_hd__nor2_1)
     2    0.016424    0.215087    0.199424    6.808245 ^ _11541_/Y (sky130_fd_sc_hd__nor2_1)
                                                         _06622_ (net)
                      0.215087    0.000246    6.808490 ^ _11663_/A1 (sky130_fd_sc_hd__a21oi_1)
     2    0.014971    0.104640    0.106027    6.914517 v _11663_/Y (sky130_fd_sc_hd__a21oi_1)
                                                         _07963_ (net)
                      0.104642    0.000302    6.914820 v _11665_/B (sky130_fd_sc_hd__xor2_1)
     2    0.011366    0.096864    0.137373    7.052193 v _11665_/X (sky130_fd_sc_hd__xor2_1)
                                                         _07985_ (net)
                      0.096864    0.000138    7.052331 v _11666_/B (sky130_fd_sc_hd__xnor2_1)
     2    0.010674    0.191341    0.192630    7.244961 ^ _11666_/Y (sky130_fd_sc_hd__xnor2_1)
                                                         _07996_ (net)
                      0.191341    0.000157    7.245118 ^ _11667_/A_N (sky130_fd_sc_hd__and2b_1)
     2    0.011820    0.049899    0.147797    7.392914 v _11667_/X (sky130_fd_sc_hd__and2b_1)
                                                         _08007_ (net)
                      0.049900    0.000161    7.393075 v _11842_/A (sky130_fd_sc_hd__xnor2_2)
     2    0.015802    0.181470    0.179989    7.573064 ^ _11842_/Y (sky130_fd_sc_hd__xnor2_2)
                                                         _09931_ (net)
                      0.181471    0.000337    7.573401 ^ _11844_/B (sky130_fd_sc_hd__xor2_2)
     3    0.014556    0.076029    0.077019    7.650420 v _11844_/X (sky130_fd_sc_hd__xor2_2)
                                                         _09953_ (net)
                      0.076031    0.000329    7.650749 v _11845_/C (sky130_fd_sc_hd__and3_1)
     4    0.026437    0.096013    0.196170    7.846919 v _11845_/X (sky130_fd_sc_hd__and3_1)
                                                         _09964_ (net)
                      0.096018    0.000574    7.847493 v _11878_/A (sky130_fd_sc_hd__or4bb_4)
     3    0.010016    0.065437    0.350552    8.198044 v _11878_/X (sky130_fd_sc_hd__or4bb_4)
                                                         _10327_ (net)
                      0.065437    0.000195    8.198238 v _11880_/B (sky130_fd_sc_hd__and3_1)
     2    0.006909    0.039305    0.128295    8.326533 v _11880_/X (sky130_fd_sc_hd__and3_1)
                                                         _10349_ (net)
                      0.039305    0.000068    8.326601 v _11882_/B (sky130_fd_sc_hd__or3_1)
     3    0.010885    0.072510    0.235532    8.562133 v _11882_/X (sky130_fd_sc_hd__or3_1)
                                                         _10370_ (net)
                      0.072510    0.000146    8.562278 v _11897_/A1 (sky130_fd_sc_hd__a211o_1)
     3    0.008653    0.053228    0.191102    8.753381 v _11897_/X (sky130_fd_sc_hd__a211o_1)
                                                         _10535_ (net)
                      0.053228    0.000066    8.753447 v _11898_/C (sky130_fd_sc_hd__and3_1)
     2    0.006968    0.039507    0.133669    8.887115 v _11898_/X (sky130_fd_sc_hd__and3_1)
                                                         _10546_ (net)
                      0.039507    0.000103    8.887218 v _11917_/B1 (sky130_fd_sc_hd__a211o_1)
     3    0.010814    0.059034    0.152976    9.040195 v _11917_/X (sky130_fd_sc_hd__a211o_1)
                                                         _10755_ (net)
                      0.059035    0.000139    9.040333 v _11920_/B (sky130_fd_sc_hd__and3_2)
     4    0.018565    0.052866    0.161839    9.202171 v _11920_/X (sky130_fd_sc_hd__and3_2)
                                                         _10788_ (net)
                      0.052869    0.000316    9.202488 v _11947_/A (sky130_fd_sc_hd__or3_2)
     5    0.019746    0.085365    0.322377    9.524865 v _11947_/X (sky130_fd_sc_hd__or3_2)
                                                         _11085_ (net)
                      0.085374    0.000671    9.525537 v _11949_/B (sky130_fd_sc_hd__and3_1)
     2    0.006792    0.038962    0.136209    9.661745 v _11949_/X (sky130_fd_sc_hd__and3_1)
                                                         _11107_ (net)
                      0.038962    0.000109    9.661855 v _11979_/A (sky130_fd_sc_hd__or3_2)
     5    0.017700    0.081853    0.314698    9.976552 v _11979_/X (sky130_fd_sc_hd__or3_2)
                                                         _00258_ (net)
                      0.081856    0.000351    9.976903 v _11981_/B (sky130_fd_sc_hd__and3_1)
     2    0.008626    0.044628    0.140833   10.117736 v _11981_/X (sky130_fd_sc_hd__and3_1)
                                                         _00280_ (net)
                      0.044628    0.000116   10.117852 v _12019_/A1 (sky130_fd_sc_hd__o211a_1)
     2    0.007960    0.043743    0.160568   10.278420 v _12019_/X (sky130_fd_sc_hd__o211a_1)
                                                         _00697_ (net)
                      0.043744    0.000090   10.278510 v _12021_/A2 (sky130_fd_sc_hd__o21a_1)
     2    0.009609    0.046206    0.129937   10.408447 v _12021_/X (sky130_fd_sc_hd__o21a_1)
                                                         _00719_ (net)
                      0.046206    0.000123   10.408570 v _12119_/A2 (sky130_fd_sc_hd__o21a_1)
     3    0.010700    0.048505    0.134355   10.542925 v _12119_/X (sky130_fd_sc_hd__o21a_1)
                                                         _01599_ (net)
                      0.048505    0.000108   10.543034 v _16802_/A1 (sky130_fd_sc_hd__o21ba_1)
     2    0.007663    0.040676    0.135058   10.678092 v _16802_/X (sky130_fd_sc_hd__o21ba_1)
                                                         _06628_ (net)
                      0.040676    0.000049   10.678141 v _17945_/A2 (sky130_fd_sc_hd__o21bai_1)
     2    0.009851    0.162194    0.148325   10.826466 ^ _17945_/Y (sky130_fd_sc_hd__o21bai_1)
                                                         _07884_ (net)
                      0.162194    0.000113   10.826578 ^ _19186_/A2 (sky130_fd_sc_hd__a21o_1)
     3    0.010664    0.075482    0.118801   10.945379 ^ _19186_/X (sky130_fd_sc_hd__a21o_1)
                                                         _09248_ (net)
                      0.075483    0.000099   10.945478 ^ _20615_/A2 (sky130_fd_sc_hd__a21o_1)
     3    0.012980    0.090236    0.119753   11.065231 ^ _20615_/X (sky130_fd_sc_hd__a21o_1)
                                                         _10819_ (net)
                      0.090237    0.000134   11.065366 ^ _21715_/A1 (sky130_fd_sc_hd__a221o_1)
     1    0.006515    0.056990    0.106994   11.172360 ^ _21715_/X (sky130_fd_sc_hd__a221o_1)
                                                         _00849_ (net)
                      0.056990    0.000078   11.172439 ^ _21716_/B1 (sky130_fd_sc_hd__o311ai_2)
     1    0.012753    0.085306    0.058484   11.230923 v _21716_/Y (sky130_fd_sc_hd__o311ai_2)
                                                         _00850_ (net)
                      0.085306    0.000587   11.231509 v _21914_/A2 (sky130_fd_sc_hd__a31o_1)
     1    0.008537    0.045142    0.168559   11.400068 v _21914_/X (sky130_fd_sc_hd__a31o_1)
                                                         _01068_ (net)
                      0.045144    0.000267   11.400335 v _22033_/A2 (sky130_fd_sc_hd__o21a_1)
     1    0.013643    0.057327    0.141544   11.541879 v _22033_/X (sky130_fd_sc_hd__o21a_1)
                                                         _01199_ (net)
                      0.057337    0.000614   11.542493 v _22196_/A1 (sky130_fd_sc_hd__o22a_1)
     1    0.004543    0.032156    0.137175   11.679667 v _22196_/X (sky130_fd_sc_hd__o22a_1)
                                                         _01378_ (net)
                      0.032156    0.000091   11.679759 v _22243_/A2 (sky130_fd_sc_hd__o21ba_1)
     1    0.003379    0.027574    0.104365   11.784123 v _22243_/X (sky130_fd_sc_hd__o21ba_1)
                                                         _01430_ (net)
                      0.027574    0.000036   11.784159 v _22245_/B1 (sky130_fd_sc_hd__o32a_1)
     1    0.003043    0.038320    0.099210   11.883368 v _22245_/X (sky130_fd_sc_hd__o32a_1)
                                                         _00005_ (net)
                      0.038320    0.000038   11.883407 v _22395_/D (sky130_fd_sc_hd__dfxtp_2)
                                             11.883407   data arrival time

                                 25.000000   25.000000   clock clk (rise edge)
                                  0.000000   25.000000   clock source latency
     2    0.076315    0.257763    0.181561   25.181561 ^ clk (in)
                                                         clk (net)
                      0.257989    0.000000   25.181561 ^ clkbuf_0_clk/A (sky130_fd_sc_hd__clkbuf_16)
     2    0.023761    0.039240    0.130031   25.311592 ^ clkbuf_0_clk/X (sky130_fd_sc_hd__clkbuf_16)
                                                         clknet_0_clk (net)
                      0.039240    0.000290   25.311882 ^ clkbuf_1_1__f_clk/A (sky130_fd_sc_hd__clkbuf_16)
    14    0.048285    0.050981    0.103825   25.415707 ^ clkbuf_1_1__f_clk/X (sky130_fd_sc_hd__clkbuf_16)
                                                         clknet_1_1__leaf_clk (net)
                      0.051000    0.000764   25.416470 ^ _22395_/CLK (sky130_fd_sc_hd__dfxtp_2)
                                 -0.250000   25.166470   clock uncertainty
                                  0.000000   25.166470   clock reconvergence pessimism
                                 -0.071651   25.094820   library setup time
                                             25.094820   data required time
---------------------------------------------------------------------------------------------
                                             25.094820   data required time
                                            -11.883407   data arrival time
---------------------------------------------------------------------------------------------
                                             13.211412   slack (MET)




===========================================================================
report_checks --slack_max -0.01
============================================================================
======================= min_ff_n40C_1v95 Corner ===================================

No paths found.


===========================================================================
 report_check_types -max_slew -max_cap -max_fanout -violators
============================================================================
======================= min_ff_n40C_1v95 Corner ===================================

max fanout

Pin                                   Limit Fanout  Slack
---------------------------------------------------------
_11446_/Y                                10     20    -10 (VIOLATED)
_11758_/Y                                10     20    -10 (VIOLATED)
_12250_/X                                10     20    -10 (VIOLATED)
_13155_/Y                                10     20    -10 (VIOLATED)
_14753_/Y                                10     20    -10 (VIOLATED)
_15566_/Y                                10     20    -10 (VIOLATED)
_16075_/Y                                10     20    -10 (VIOLATED)
fanout246/X                              10     20    -10 (VIOLATED)
fanout247/X                              10     20    -10 (VIOLATED)
fanout248/X                              10     20    -10 (VIOLATED)
fanout250/X                              10     20    -10 (VIOLATED)
fanout251/X                              10     20    -10 (VIOLATED)
fanout253/X                              10     20    -10 (VIOLATED)
fanout254/X                              10     20    -10 (VIOLATED)
fanout255/X                              10     20    -10 (VIOLATED)
fanout256/X                              10     20    -10 (VIOLATED)
fanout258/X                              10     20    -10 (VIOLATED)
fanout260/X                              10     20    -10 (VIOLATED)
fanout261/X                              10     20    -10 (VIOLATED)
fanout262/X                              10     20    -10 (VIOLATED)
fanout264/X                              10     20    -10 (VIOLATED)
fanout266/X                              10     20    -10 (VIOLATED)
fanout268/X                              10     20    -10 (VIOLATED)
fanout274/X                              10     20    -10 (VIOLATED)
fanout275/X                              10     20    -10 (VIOLATED)
fanout280/X                              10     20    -10 (VIOLATED)
fanout281/X                              10     20    -10 (VIOLATED)
fanout282/X                              10     20    -10 (VIOLATED)
fanout283/X                              10     20    -10 (VIOLATED)
fanout286/X                              10     20    -10 (VIOLATED)
fanout292/X                              10     20    -10 (VIOLATED)
fanout295/X                              10     20    -10 (VIOLATED)
fanout299/X                              10     20    -10 (VIOLATED)
fanout300/X                              10     20    -10 (VIOLATED)
fanout301/X                              10     20    -10 (VIOLATED)
fanout302/X                              10     20    -10 (VIOLATED)
fanout303/X                              10     20    -10 (VIOLATED)
fanout304/X                              10     20    -10 (VIOLATED)
fanout305/X                              10     20    -10 (VIOLATED)
fanout309/X                              10     20    -10 (VIOLATED)
fanout310/X                              10     20    -10 (VIOLATED)
fanout316/X                              10     20    -10 (VIOLATED)
fanout317/X                              10     20    -10 (VIOLATED)
fanout319/X                              10     20    -10 (VIOLATED)
fanout325/X                              10     20    -10 (VIOLATED)
fanout329/X                              10     20    -10 (VIOLATED)
fanout333/X                              10     20    -10 (VIOLATED)
fanout334/X                              10     20    -10 (VIOLATED)
fanout335/X                              10     20    -10 (VIOLATED)
fanout347/X                              10     20    -10 (VIOLATED)
fanout350/X                              10     20    -10 (VIOLATED)
fanout351/X                              10     20    -10 (VIOLATED)
fanout354/X                              10     20    -10 (VIOLATED)
fanout357/X                              10     20    -10 (VIOLATED)
fanout358/X                              10     20    -10 (VIOLATED)
fanout372/X                              10     20    -10 (VIOLATED)
fanout376/X                              10     20    -10 (VIOLATED)
fanout377/X                              10     20    -10 (VIOLATED)
fanout388/X                              10     20    -10 (VIOLATED)
fanout390/X                              10     20    -10 (VIOLATED)
fanout393/X                              10     20    -10 (VIOLATED)
fanout411/X                              10     20    -10 (VIOLATED)
fanout413/X                              10     20    -10 (VIOLATED)
fanout414/X                              10     20    -10 (VIOLATED)
fanout417/X                              10     20    -10 (VIOLATED)
fanout432/X                              10     20    -10 (VIOLATED)
fanout438/X                              10     20    -10 (VIOLATED)
fanout446/X                              10     20    -10 (VIOLATED)
fanout451/X                              10     20    -10 (VIOLATED)
fanout453/X                              10     20    -10 (VIOLATED)
fanout485/X                              10     20    -10 (VIOLATED)
fanout486/X                              10     20    -10 (VIOLATED)
fanout490/X                              10     20    -10 (VIOLATED)
fanout491/X                              10     20    -10 (VIOLATED)
fanout493/X                              10     20    -10 (VIOLATED)
fanout495/X                              10     20    -10 (VIOLATED)
fanout499/X                              10     20    -10 (VIOLATED)
fanout502/X                              10     20    -10 (VIOLATED)
fanout505/X                              10     20    -10 (VIOLATED)
fanout508/X                              10     20    -10 (VIOLATED)
fanout509/X                              10     20    -10 (VIOLATED)
fanout510/X                              10     20    -10 (VIOLATED)
fanout512/X                              10     20    -10 (VIOLATED)
fanout527/X                              10     20    -10 (VIOLATED)
fanout545/X                              10     20    -10 (VIOLATED)
fanout546/X                              10     20    -10 (VIOLATED)
fanout552/X                              10     20    -10 (VIOLATED)
fanout557/X                              10     20    -10 (VIOLATED)
fanout559/X                              10     20    -10 (VIOLATED)
input121/X                               10     20    -10 (VIOLATED)
input122/X                               10     20    -10 (VIOLATED)
input174/X                               10     20    -10 (VIOLATED)
input40/X                                10     20    -10 (VIOLATED)
input67/X                                10     20    -10 (VIOLATED)
input69/X                                10     20    -10 (VIOLATED)
input70/X                                10     20    -10 (VIOLATED)
input95/X                                10     20    -10 (VIOLATED)
_11241_/Y                                10     18     -8 (VIOLATED)
_11286_/Y                                10     18     -8 (VIOLATED)
_11544_/X                                10     18     -8 (VIOLATED)
_11656_/X                                10     18     -8 (VIOLATED)
_12083_/Y                                10     18     -8 (VIOLATED)
_12314_/X                                10     18     -8 (VIOLATED)
_13074_/X                                10     18     -8 (VIOLATED)
_13135_/Y                                10     18     -8 (VIOLATED)
_13655_/Y                                10     18     -8 (VIOLATED)
_13713_/Y                                10     18     -8 (VIOLATED)
_14670_/Y                                10     18     -8 (VIOLATED)
_15567_/Y                                10     18     -8 (VIOLATED)
fanout321/X                              10     18     -8 (VIOLATED)
fanout323/X                              10     18     -8 (VIOLATED)
fanout328/X                              10     18     -8 (VIOLATED)
fanout332/X                              10     18     -8 (VIOLATED)
fanout340/X                              10     18     -8 (VIOLATED)
fanout346/X                              10     18     -8 (VIOLATED)
fanout349/X                              10     18     -8 (VIOLATED)
fanout371/X                              10     18     -8 (VIOLATED)
fanout382/X                              10     18     -8 (VIOLATED)
fanout384/X                              10     18     -8 (VIOLATED)
fanout447/X                              10     18     -8 (VIOLATED)
fanout455/X                              10     18     -8 (VIOLATED)
fanout457/X                              10     18     -8 (VIOLATED)
fanout476/X                              10     18     -8 (VIOLATED)
fanout481/X                              10     18     -8 (VIOLATED)
fanout482/X                              10     18     -8 (VIOLATED)
fanout487/X                              10     18     -8 (VIOLATED)
fanout494/X                              10     18     -8 (VIOLATED)
fanout501/X                              10     18     -8 (VIOLATED)
fanout522/X                              10     18     -8 (VIOLATED)
fanout526/X                              10     18     -8 (VIOLATED)
fanout549/X                              10     18     -8 (VIOLATED)
input221/X                               10     18     -8 (VIOLATED)
input33/X                                10     18     -8 (VIOLATED)
input43/X                                10     18     -8 (VIOLATED)
input62/X                                10     18     -8 (VIOLATED)
input68/X                                10     18     -8 (VIOLATED)
input79/X                                10     18     -8 (VIOLATED)
input86/X                                10     18     -8 (VIOLATED)
input87/X                                10     18     -8 (VIOLATED)
input89/X                                10     18     -8 (VIOLATED)
input94/X                                10     18     -8 (VIOLATED)
_11197_/Y                                10     16     -6 (VIOLATED)
_11203_/Y                                10     16     -6 (VIOLATED)
_11204_/Y                                10     16     -6 (VIOLATED)
_11207_/Y                                10     16     -6 (VIOLATED)
_11444_/X                                10     16     -6 (VIOLATED)
_11828_/X                                10     16     -6 (VIOLATED)
_12092_/X                                10     16     -6 (VIOLATED)
_12421_/Y                                10     16     -6 (VIOLATED)
_12650_/Y                                10     16     -6 (VIOLATED)
_13709_/X                                10     16     -6 (VIOLATED)
_15196_/Y                                10     16     -6 (VIOLATED)
_15609_/Y                                10     16     -6 (VIOLATED)
fanout287/X                              10     16     -6 (VIOLATED)
fanout369/X                              10     16     -6 (VIOLATED)
fanout379/X                              10     16     -6 (VIOLATED)
fanout396/X                              10     16     -6 (VIOLATED)
fanout416/X                              10     16     -6 (VIOLATED)
fanout435/X                              10     16     -6 (VIOLATED)
fanout452/X                              10     16     -6 (VIOLATED)
fanout525/X                              10     16     -6 (VIOLATED)
input104/X                               10     16     -6 (VIOLATED)
input158/X                               10     16     -6 (VIOLATED)
input210/X                               10     16     -6 (VIOLATED)
input220/X                               10     16     -6 (VIOLATED)
input41/X                                10     16     -6 (VIOLATED)
input85/X                                10     16     -6 (VIOLATED)
_11211_/Y                                10     14     -4 (VIOLATED)
_11238_/X                                10     14     -4 (VIOLATED)
_11358_/Y                                10     14     -4 (VIOLATED)
_11421_/X                                10     14     -4 (VIOLATED)
_12176_/Y                                10     14     -4 (VIOLATED)
_12177_/X                                10     14     -4 (VIOLATED)
_12224_/Y                                10     14     -4 (VIOLATED)
_13154_/X                                10     14     -4 (VIOLATED)
_14636_/X                                10     14     -4 (VIOLATED)
_14754_/Y                                10     14     -4 (VIOLATED)
_15278_/X                                10     14     -4 (VIOLATED)
_15573_/X                                10     14     -4 (VIOLATED)
_16687_/X                                10     14     -4 (VIOLATED)
clkbuf_1_1__f_clk/X                      10     14     -4 (VIOLATED)
fanout259/X                              10     14     -4 (VIOLATED)
fanout298/X                              10     14     -4 (VIOLATED)
fanout338/X                              10     14     -4 (VIOLATED)
fanout343/X                              10     14     -4 (VIOLATED)
fanout368/X                              10     14     -4 (VIOLATED)
fanout412/X                              10     14     -4 (VIOLATED)
fanout415/X                              10     14     -4 (VIOLATED)
fanout424/X                              10     14     -4 (VIOLATED)
fanout434/X                              10     14     -4 (VIOLATED)
fanout442/X                              10     14     -4 (VIOLATED)
fanout465/X                              10     14     -4 (VIOLATED)
fanout489/X                              10     14     -4 (VIOLATED)
fanout496/X                              10     14     -4 (VIOLATED)
fanout506/X                              10     14     -4 (VIOLATED)
fanout507/X                              10     14     -4 (VIOLATED)
fanout524/X                              10     14     -4 (VIOLATED)
fanout555/X                              10     14     -4 (VIOLATED)
input141/X                               10     14     -4 (VIOLATED)
input176/X                               10     14     -4 (VIOLATED)
input45/X                                10     14     -4 (VIOLATED)
input80/X                                10     14     -4 (VIOLATED)
input92/X                                10     14     -4 (VIOLATED)
input93/X                                10     14     -4 (VIOLATED)
input96/X                                10     14     -4 (VIOLATED)
_11242_/Y                                10     12     -2 (VIOLATED)
_11323_/X                                10     12     -2 (VIOLATED)
_11342_/X                                10     12     -2 (VIOLATED)
_11343_/Y                                10     12     -2 (VIOLATED)
_11360_/Y                                10     12     -2 (VIOLATED)
_11445_/Y                                10     12     -2 (VIOLATED)
_11991_/Y                                10     12     -2 (VIOLATED)
_13235_/Y                                10     12     -2 (VIOLATED)
_13278_/Y                                10     12     -2 (VIOLATED)
_13447_/Y                                10     12     -2 (VIOLATED)
_13465_/X                                10     12     -2 (VIOLATED)
_13490_/Y                                10     12     -2 (VIOLATED)
_13521_/Y                                10     12     -2 (VIOLATED)
_14674_/X                                10     12     -2 (VIOLATED)
_15027_/Y                                10     12     -2 (VIOLATED)
_15351_/Y                                10     12     -2 (VIOLATED)
_15610_/X                                10     12     -2 (VIOLATED)
_16608_/X                                10     12     -2 (VIOLATED)
_17774_/X                                10     12     -2 (VIOLATED)
fanout257/X                              10     12     -2 (VIOLATED)
fanout263/X                              10     12     -2 (VIOLATED)
fanout291/X                              10     12     -2 (VIOLATED)
fanout342/X                              10     12     -2 (VIOLATED)
fanout359/X                              10     12     -2 (VIOLATED)
fanout406/X                              10     12     -2 (VIOLATED)
fanout409/X                              10     12     -2 (VIOLATED)
fanout419/X                              10     12     -2 (VIOLATED)
fanout492/X                              10     12     -2 (VIOLATED)
fanout504/X                              10     12     -2 (VIOLATED)
fanout514/X                              10     12     -2 (VIOLATED)
fanout534/X                              10     12     -2 (VIOLATED)
fanout554/X                              10     12     -2 (VIOLATED)
fanout558/X                              10     12     -2 (VIOLATED)
input177/X                               10     12     -2 (VIOLATED)
input63/X                                10     12     -2 (VIOLATED)
input90/X                                10     12     -2 (VIOLATED)
input91/X                                10     12     -2 (VIOLATED)



===========================================================================
report_parasitic_annotation -report_unannotated
============================================================================
Found 23 unannotated drivers.
 input_data[127]
 input_data[191]
 input_data[207]
 input_data[208]
 input_data[209]
 input_data[210]
 input_data[211]
 input_data[212]
 input_data[213]
 input_data[214]
 input_data[215]
 input_data[216]
 input_data[217]
 input_data[218]
 input_data[219]
 input_data[220]
 input_data[221]
 input_data[222]
 input_data[223]
 input_data[238]
 input_data[239]
 input_data[63]
 input_data[79]
Found 0 partially unannotated drivers.

===========================================================================
max slew violation count 0
max fanout violation count 242
max cap violation count 0
============================================================================

===========================================================================
check_setup -verbose -unconstrained_endpoints -multiple_clock -no_clock -no_input_delay -loops -generated_clocks
===========================================================================
