[WARNING ORD-0039] .openroad ignored with -python
Top-level design name: highpass
Block boundaries: 0 0 800000 800000
Horizontal Tracks Origin: 340, Count: 1176, Step: 680
Vertical Tracks Origin: 230, Count: 1739, Step: 460
Placement details for the N side
Virtual pin count:  0
Actual pin count:  240
Total pin count:  240
Tracks count:  1739
Tracks per pin:  7
Used tracks count:  1674
Unused track count:  65
Starting track index:  32
Placement details for the E side
Virtual pin count:  0
Actual pin count:  1
Total pin count:  1
Tracks count:  588
Tracks per pin:  588
Used tracks count:  1
Unused track count:  587
Starting track index:  293
Placement details for the W side
Virtual pin count:  0
Actual pin count:  16
Total pin count:  16
Tracks count:  588
Tracks per pin:  36
Used tracks count:  541
Unused track count:  47
Starting track index:  23
Placement details for the S side
Virtual pin count:  0
Actual pin count:  4
Total pin count:  4
Tracks count:  1739
Tracks per pin:  434
Used tracks count:  1303
Unused track count:  436
Starting track index:  218
