
===========================================================================
report_checks -unconstrained
===========================================================================
======================= min_ss_100C_1v60 Corner ===================================

Startpoint: input_data[81] (input port clocked by clk)
Endpoint: _22395_ (rising edge-triggered flip-flop clocked by clk)
Path Group: clk
Path Type: max

Fanout         Cap        Slew       Delay        Time   Description
---------------------------------------------------------------------------------------------
                                  0.000000    0.000000   clock clk (rise edge)
                                  0.000000    0.000000   clock network delay (propagated)
                                  5.000000    5.000000 ^ input external delay
     2    0.003976    0.040165    0.021974    5.021974 ^ input_data[81] (in)
                                                         input_data[81] (net)
                      0.040165    0.000000    5.021974 ^ input197/A (sky130_fd_sc_hd__buf_2)
     2    0.056522    0.436703    0.443283    5.465257 ^ input197/X (sky130_fd_sc_hd__buf_2)
                                                         net197 (net)
                      0.437067    0.010457    5.475715 ^ fanout419/A (sky130_fd_sc_hd__clkbuf_4)
    12    0.072977    0.350077    0.616118    6.091833 ^ fanout419/X (sky130_fd_sc_hd__clkbuf_4)
                                                         net419 (net)
                      0.350243    0.006316    6.098149 ^ fanout418/A (sky130_fd_sc_hd__buf_2)
    12    0.051878    0.403851    0.557118    6.655267 ^ fanout418/X (sky130_fd_sc_hd__buf_2)
                                                         net418 (net)
                      0.403869    0.002284    6.657550 ^ fanout417/A (sky130_fd_sc_hd__buf_2)
    12    0.048178    0.376216    0.559163    7.216713 ^ fanout417/X (sky130_fd_sc_hd__buf_2)
                                                         net417 (net)
                      0.376221    0.001151    7.217865 ^ fanout416/A (sky130_fd_sc_hd__buf_6)
    10    0.084892    0.273703    0.453960    7.671824 ^ fanout416/X (sky130_fd_sc_hd__buf_6)
                                                         net416 (net)
                      0.273730    0.002276    7.674100 ^ _11244_/B (sky130_fd_sc_hd__nor2_1)
     4    0.017015    0.168176    0.250725    7.924825 v _11244_/Y (sky130_fd_sc_hd__nor2_1)
                                                         _03356_ (net)
                      0.168176    0.000118    7.924942 v _11246_/B (sky130_fd_sc_hd__or2_1)
     1    0.005362    0.120261    0.528275    8.453218 v _11246_/X (sky130_fd_sc_hd__or2_1)
                                                         _03378_ (net)
                      0.120261    0.000107    8.453324 v fanout270/A (sky130_fd_sc_hd__clkbuf_4)
    10    0.083074    0.295252    0.470328    8.923653 v fanout270/X (sky130_fd_sc_hd__clkbuf_4)
                                                         net270 (net)
                      0.295252    0.000359    8.924011 v fanout269/A (sky130_fd_sc_hd__buf_6)
    20    0.103615    0.171287    0.433082    9.357093 v fanout269/X (sky130_fd_sc_hd__buf_6)
                                                         net269 (net)
                      0.171384    0.003425    9.360518 v _11539_/A (sky130_fd_sc_hd__nor2_1)
     3    0.019161    0.586647    0.544322    9.904840 ^ _11539_/Y (sky130_fd_sc_hd__nor2_1)
                                                         _06600_ (net)
                      0.586647    0.000128    9.904968 ^ _11541_/A (sky130_fd_sc_hd__nor2_2)
     2    0.027583    0.200790    0.358889   10.263857 v _11541_/Y (sky130_fd_sc_hd__nor2_2)
                                                         _06622_ (net)
                      0.200790    0.000304   10.264160 v _11663_/A1 (sky130_fd_sc_hd__a21oi_2)
     2    0.016182    0.350563    0.420235   10.684396 ^ _11663_/Y (sky130_fd_sc_hd__a21oi_2)
                                                         _07963_ (net)
                      0.350564    0.000388   10.684784 ^ _11665_/B (sky130_fd_sc_hd__xor2_1)
     2    0.013003    0.478638    0.561724   11.246508 ^ _11665_/X (sky130_fd_sc_hd__xor2_1)
                                                         _07985_ (net)
                      0.478638    0.000221   11.246729 ^ _11666_/B (sky130_fd_sc_hd__xnor2_1)
     2    0.010767    0.458134    0.424512   11.671241 ^ _11666_/Y (sky130_fd_sc_hd__xnor2_1)
                                                         _07996_ (net)
                      0.458134    0.000141   11.671382 ^ _11668_/B (sky130_fd_sc_hd__xnor2_1)
     2    0.011177    0.217257    0.357903   12.029285 v _11668_/Y (sky130_fd_sc_hd__xnor2_1)
                                                         _08018_ (net)
                      0.217257    0.000185   12.029470 v _11670_/B (sky130_fd_sc_hd__or2_1)
     1    0.008809    0.149415    0.583273   12.612743 v _11670_/X (sky130_fd_sc_hd__or2_1)
                                                         _08040_ (net)
                      0.149416    0.000314   12.613058 v _11671_/B (sky130_fd_sc_hd__and2_2)
     4    0.029791    0.175437    0.558379   13.171436 v _11671_/X (sky130_fd_sc_hd__and2_2)
                                                         _08051_ (net)
                      0.175443    0.000829   13.172265 v _11845_/A (sky130_fd_sc_hd__and3_1)
     4    0.032670    0.312193    0.557810   13.730075 v _11845_/X (sky130_fd_sc_hd__and3_1)
                                                         _09964_ (net)
                      0.312196    0.000777   13.730852 v _11878_/A (sky130_fd_sc_hd__or4bb_4)
     3    0.012371    0.180700    1.195084   14.925937 v _11878_/X (sky130_fd_sc_hd__or4bb_4)
                                                         _10327_ (net)
                      0.180701    0.000385   14.926322 v _11880_/B (sky130_fd_sc_hd__and3_1)
     2    0.008998    0.121269    0.441185   15.367507 v _11880_/X (sky130_fd_sc_hd__and3_1)
                                                         _10349_ (net)
                      0.121270    0.000242   15.367748 v _11882_/B (sky130_fd_sc_hd__or3_1)
     3    0.013228    0.238030    0.958972   16.326719 v _11882_/X (sky130_fd_sc_hd__or3_1)
                                                         _10370_ (net)
                      0.238030    0.000222   16.326942 v _11897_/A1 (sky130_fd_sc_hd__a211o_1)
     3    0.008564    0.136055    0.613362   16.940304 v _11897_/X (sky130_fd_sc_hd__a211o_1)
                                                         _10535_ (net)
                      0.136055    0.000140   16.940445 v _11898_/C (sky130_fd_sc_hd__and3_1)
     2    0.006727    0.102564    0.428658   17.369102 v _11898_/X (sky130_fd_sc_hd__and3_1)
                                                         _10546_ (net)
                      0.102564    0.000099   17.369202 v _11917_/B1 (sky130_fd_sc_hd__a211o_1)
     3    0.011529    0.163466    0.600862   17.970064 v _11917_/X (sky130_fd_sc_hd__a211o_1)
                                                         _10755_ (net)
                      0.163467    0.000181   17.970245 v _11920_/B (sky130_fd_sc_hd__and3_2)
     4    0.022794    0.154330    0.554939   18.525185 v _11920_/X (sky130_fd_sc_hd__and3_2)
                                                         _10788_ (net)
                      0.154333    0.000487   18.525671 v _11947_/A (sky130_fd_sc_hd__or3_4)
     5    0.024045    0.175317    0.880277   19.405947 v _11947_/X (sky130_fd_sc_hd__or3_4)
                                                         _11085_ (net)
                      0.175319    0.001013   19.406960 v _11949_/B (sky130_fd_sc_hd__and3_1)
     2    0.006746    0.102729    0.419615   19.826574 v _11949_/X (sky130_fd_sc_hd__and3_1)
                                                         _11107_ (net)
                      0.102729    0.000133   19.826708 v _11979_/A (sky130_fd_sc_hd__or3_2)
     5    0.019821    0.261254    1.282096   21.108805 v _11979_/X (sky130_fd_sc_hd__or3_2)
                                                         _00258_ (net)
                      0.261255    0.000611   21.109415 v _11981_/B (sky130_fd_sc_hd__and3_1)
     2    0.008930    0.120656    0.481188   21.590603 v _11981_/X (sky130_fd_sc_hd__and3_1)
                                                         _00280_ (net)
                      0.120656    0.000139   21.590742 v _12019_/A1 (sky130_fd_sc_hd__o211a_1)
     2    0.008554    0.121202    0.479146   22.069887 v _12019_/X (sky130_fd_sc_hd__o211a_1)
                                                         _00697_ (net)
                      0.121202    0.000114   22.070002 v _12021_/A2 (sky130_fd_sc_hd__o21a_1)
     2    0.009845    0.126876    0.391594   22.461596 v _12021_/X (sky130_fd_sc_hd__o21a_1)
                                                         _00719_ (net)
                      0.126876    0.000181   22.461777 v _12118_/B (sky130_fd_sc_hd__nor3_2)
     3    0.010596    0.369796    0.409026   22.870802 ^ _12118_/Y (sky130_fd_sc_hd__nor3_2)
                                                         _01598_ (net)
                      0.369796    0.000099   22.870903 ^ _16802_/B1_N (sky130_fd_sc_hd__o21ba_1)
     2    0.010056    0.125821    0.435424   23.306326 v _16802_/X (sky130_fd_sc_hd__o21ba_1)
                                                         _06628_ (net)
                      0.125821    0.000099   23.306425 v _17945_/A2 (sky130_fd_sc_hd__o21bai_1)
     2    0.010106    0.404030    0.392991   23.699417 ^ _17945_/Y (sky130_fd_sc_hd__o21bai_1)
                                                         _07884_ (net)
                      0.404030    0.000066   23.699482 ^ _19186_/A2 (sky130_fd_sc_hd__a21o_1)
     3    0.011088    0.167631    0.413509   24.112991 ^ _19186_/X (sky130_fd_sc_hd__a21o_1)
                                                         _09248_ (net)
                      0.167631    0.000110   24.113102 ^ _20615_/A2 (sky130_fd_sc_hd__a21o_1)
     3    0.013514    0.198383    0.354222   24.467323 ^ _20615_/X (sky130_fd_sc_hd__a21o_1)
                                                         _10819_ (net)
                      0.198383    0.000183   24.467506 ^ _21715_/A1 (sky130_fd_sc_hd__a221o_1)
     1    0.005865    0.127147    0.367521   24.835028 ^ _21715_/X (sky130_fd_sc_hd__a221o_1)
                                                         _00849_ (net)
                      0.127147    0.000073   24.835100 ^ _21716_/B1 (sky130_fd_sc_hd__o311ai_2)
     1    0.010938    0.265929    0.309866   25.144966 v _21716_/Y (sky130_fd_sc_hd__o311ai_2)
                                                         _00850_ (net)
                      0.265929    0.000467   25.145433 v _21914_/A2 (sky130_fd_sc_hd__a31o_1)
     1    0.011202    0.135799    0.525143   25.670576 v _21914_/X (sky130_fd_sc_hd__a31o_1)
                                                         _01068_ (net)
                      0.135801    0.000473   25.671049 v _22033_/A2 (sky130_fd_sc_hd__o21a_1)
     2    0.019378    0.206762    0.469029   26.140078 v _22033_/X (sky130_fd_sc_hd__o21a_1)
                                                         _01199_ (net)
                      0.206768    0.000988   26.141066 v _22196_/A1 (sky130_fd_sc_hd__o22a_1)
     1    0.005149    0.108184    0.463688   26.604753 v _22196_/X (sky130_fd_sc_hd__o22a_1)
                                                         _01378_ (net)
                      0.108184    0.000099   26.604853 v _22243_/A2 (sky130_fd_sc_hd__o21ba_1)
     1    0.003019    0.065825    0.323878   26.928730 v _22243_/X (sky130_fd_sc_hd__o21ba_1)
                                                         _01430_ (net)
                      0.065825    0.000030   26.928761 v _22245_/B1 (sky130_fd_sc_hd__o32a_1)
     1    0.003216    0.116758    0.328619   27.257380 v _22245_/X (sky130_fd_sc_hd__o32a_1)
                                                         _00005_ (net)
                      0.116758    0.000044   27.257423 v _22395_/D (sky130_fd_sc_hd__dfxtp_4)
                                             27.257423   data arrival time

                                 25.000000   25.000000   clock clk (rise edge)
                                  0.000000   25.000000   clock source latency
     2    0.085064    0.609114    0.435261   25.435261 ^ clk (in)
                                                         clk (net)
                      0.610153    0.000000   25.435261 ^ clkbuf_0_clk/A (sky130_fd_sc_hd__clkbuf_16)
     4    0.032659    0.090753    0.467757   25.903017 ^ clkbuf_0_clk/X (sky130_fd_sc_hd__clkbuf_16)
                                                         clknet_0_clk (net)
                      0.090761    0.000659   25.903677 ^ clkbuf_1_1__f_clk/A (sky130_fd_sc_hd__clkbuf_16)
    14    0.054182    0.112796    0.275184   26.178862 ^ clkbuf_1_1__f_clk/X (sky130_fd_sc_hd__clkbuf_16)
                                                         clknet_1_1__leaf_clk (net)
                      0.112813    0.001062   26.179922 ^ _22395_/CLK (sky130_fd_sc_hd__dfxtp_4)
                                 -0.250000   25.929924   clock uncertainty
                                  0.000000   25.929924   clock reconvergence pessimism
                                 -0.280659   25.649265   library setup time
                                             25.649265   data required time
---------------------------------------------------------------------------------------------
                                             25.649265   data required time
                                            -27.257423   data arrival time
---------------------------------------------------------------------------------------------
                                             -1.608159   slack (VIOLATED)




===========================================================================
report_checks --slack_max -0.01
============================================================================
======================= min_ss_100C_1v60 Corner ===================================

Startpoint: input_data[81] (input port clocked by clk)
Endpoint: _22395_ (rising edge-triggered flip-flop clocked by clk)
Path Group: clk
Path Type: max

Fanout         Cap        Slew       Delay        Time   Description
---------------------------------------------------------------------------------------------
                                  0.000000    0.000000   clock clk (rise edge)
                                  0.000000    0.000000   clock network delay (propagated)
                                  5.000000    5.000000 ^ input external delay
     2    0.003976    0.040165    0.021974    5.021974 ^ input_data[81] (in)
                                                         input_data[81] (net)
                      0.040165    0.000000    5.021974 ^ input197/A (sky130_fd_sc_hd__buf_2)
     2    0.056522    0.436703    0.443283    5.465257 ^ input197/X (sky130_fd_sc_hd__buf_2)
                                                         net197 (net)
                      0.437067    0.010457    5.475715 ^ fanout419/A (sky130_fd_sc_hd__clkbuf_4)
    12    0.072977    0.350077    0.616118    6.091833 ^ fanout419/X (sky130_fd_sc_hd__clkbuf_4)
                                                         net419 (net)
                      0.350243    0.006316    6.098149 ^ fanout418/A (sky130_fd_sc_hd__buf_2)
    12    0.051878    0.403851    0.557118    6.655267 ^ fanout418/X (sky130_fd_sc_hd__buf_2)
                                                         net418 (net)
                      0.403869    0.002284    6.657550 ^ fanout417/A (sky130_fd_sc_hd__buf_2)
    12    0.048178    0.376216    0.559163    7.216713 ^ fanout417/X (sky130_fd_sc_hd__buf_2)
                                                         net417 (net)
                      0.376221    0.001151    7.217865 ^ fanout416/A (sky130_fd_sc_hd__buf_6)
    10    0.084892    0.273703    0.453960    7.671824 ^ fanout416/X (sky130_fd_sc_hd__buf_6)
                                                         net416 (net)
                      0.273730    0.002276    7.674100 ^ _11244_/B (sky130_fd_sc_hd__nor2_1)
     4    0.017015    0.168176    0.250725    7.924825 v _11244_/Y (sky130_fd_sc_hd__nor2_1)
                                                         _03356_ (net)
                      0.168176    0.000118    7.924942 v _11246_/B (sky130_fd_sc_hd__or2_1)
     1    0.005362    0.120261    0.528275    8.453218 v _11246_/X (sky130_fd_sc_hd__or2_1)
                                                         _03378_ (net)
                      0.120261    0.000107    8.453324 v fanout270/A (sky130_fd_sc_hd__clkbuf_4)
    10    0.083074    0.295252    0.470328    8.923653 v fanout270/X (sky130_fd_sc_hd__clkbuf_4)
                                                         net270 (net)
                      0.295252    0.000359    8.924011 v fanout269/A (sky130_fd_sc_hd__buf_6)
    20    0.103615    0.171287    0.433082    9.357093 v fanout269/X (sky130_fd_sc_hd__buf_6)
                                                         net269 (net)
                      0.171384    0.003425    9.360518 v _11539_/A (sky130_fd_sc_hd__nor2_1)
     3    0.019161    0.586647    0.544322    9.904840 ^ _11539_/Y (sky130_fd_sc_hd__nor2_1)
                                                         _06600_ (net)
                      0.586647    0.000128    9.904968 ^ _11541_/A (sky130_fd_sc_hd__nor2_2)
     2    0.027583    0.200790    0.358889   10.263857 v _11541_/Y (sky130_fd_sc_hd__nor2_2)
                                                         _06622_ (net)
                      0.200790    0.000304   10.264160 v _11663_/A1 (sky130_fd_sc_hd__a21oi_2)
     2    0.016182    0.350563    0.420235   10.684396 ^ _11663_/Y (sky130_fd_sc_hd__a21oi_2)
                                                         _07963_ (net)
                      0.350564    0.000388   10.684784 ^ _11665_/B (sky130_fd_sc_hd__xor2_1)
     2    0.013003    0.478638    0.561724   11.246508 ^ _11665_/X (sky130_fd_sc_hd__xor2_1)
                                                         _07985_ (net)
                      0.478638    0.000221   11.246729 ^ _11666_/B (sky130_fd_sc_hd__xnor2_1)
     2    0.010767    0.458134    0.424512   11.671241 ^ _11666_/Y (sky130_fd_sc_hd__xnor2_1)
                                                         _07996_ (net)
                      0.458134    0.000141   11.671382 ^ _11668_/B (sky130_fd_sc_hd__xnor2_1)
     2    0.011177    0.217257    0.357903   12.029285 v _11668_/Y (sky130_fd_sc_hd__xnor2_1)
                                                         _08018_ (net)
                      0.217257    0.000185   12.029470 v _11670_/B (sky130_fd_sc_hd__or2_1)
     1    0.008809    0.149415    0.583273   12.612743 v _11670_/X (sky130_fd_sc_hd__or2_1)
                                                         _08040_ (net)
                      0.149416    0.000314   12.613058 v _11671_/B (sky130_fd_sc_hd__and2_2)
     4    0.029791    0.175437    0.558379   13.171436 v _11671_/X (sky130_fd_sc_hd__and2_2)
                                                         _08051_ (net)
                      0.175443    0.000829   13.172265 v _11845_/A (sky130_fd_sc_hd__and3_1)
     4    0.032670    0.312193    0.557810   13.730075 v _11845_/X (sky130_fd_sc_hd__and3_1)
                                                         _09964_ (net)
                      0.312196    0.000777   13.730852 v _11878_/A (sky130_fd_sc_hd__or4bb_4)
     3    0.012371    0.180700    1.195084   14.925937 v _11878_/X (sky130_fd_sc_hd__or4bb_4)
                                                         _10327_ (net)
                      0.180701    0.000385   14.926322 v _11880_/B (sky130_fd_sc_hd__and3_1)
     2    0.008998    0.121269    0.441185   15.367507 v _11880_/X (sky130_fd_sc_hd__and3_1)
                                                         _10349_ (net)
                      0.121270    0.000242   15.367748 v _11882_/B (sky130_fd_sc_hd__or3_1)
     3    0.013228    0.238030    0.958972   16.326719 v _11882_/X (sky130_fd_sc_hd__or3_1)
                                                         _10370_ (net)
                      0.238030    0.000222   16.326942 v _11897_/A1 (sky130_fd_sc_hd__a211o_1)
     3    0.008564    0.136055    0.613362   16.940304 v _11897_/X (sky130_fd_sc_hd__a211o_1)
                                                         _10535_ (net)
                      0.136055    0.000140   16.940445 v _11898_/C (sky130_fd_sc_hd__and3_1)
     2    0.006727    0.102564    0.428658   17.369102 v _11898_/X (sky130_fd_sc_hd__and3_1)
                                                         _10546_ (net)
                      0.102564    0.000099   17.369202 v _11917_/B1 (sky130_fd_sc_hd__a211o_1)
     3    0.011529    0.163466    0.600862   17.970064 v _11917_/X (sky130_fd_sc_hd__a211o_1)
                                                         _10755_ (net)
                      0.163467    0.000181   17.970245 v _11920_/B (sky130_fd_sc_hd__and3_2)
     4    0.022794    0.154330    0.554939   18.525185 v _11920_/X (sky130_fd_sc_hd__and3_2)
                                                         _10788_ (net)
                      0.154333    0.000487   18.525671 v _11947_/A (sky130_fd_sc_hd__or3_4)
     5    0.024045    0.175317    0.880277   19.405947 v _11947_/X (sky130_fd_sc_hd__or3_4)
                                                         _11085_ (net)
                      0.175319    0.001013   19.406960 v _11949_/B (sky130_fd_sc_hd__and3_1)
     2    0.006746    0.102729    0.419615   19.826574 v _11949_/X (sky130_fd_sc_hd__and3_1)
                                                         _11107_ (net)
                      0.102729    0.000133   19.826708 v _11979_/A (sky130_fd_sc_hd__or3_2)
     5    0.019821    0.261254    1.282096   21.108805 v _11979_/X (sky130_fd_sc_hd__or3_2)
                                                         _00258_ (net)
                      0.261255    0.000611   21.109415 v _11981_/B (sky130_fd_sc_hd__and3_1)
     2    0.008930    0.120656    0.481188   21.590603 v _11981_/X (sky130_fd_sc_hd__and3_1)
                                                         _00280_ (net)
                      0.120656    0.000139   21.590742 v _12019_/A1 (sky130_fd_sc_hd__o211a_1)
     2    0.008554    0.121202    0.479146   22.069887 v _12019_/X (sky130_fd_sc_hd__o211a_1)
                                                         _00697_ (net)
                      0.121202    0.000114   22.070002 v _12021_/A2 (sky130_fd_sc_hd__o21a_1)
     2    0.009845    0.126876    0.391594   22.461596 v _12021_/X (sky130_fd_sc_hd__o21a_1)
                                                         _00719_ (net)
                      0.126876    0.000181   22.461777 v _12118_/B (sky130_fd_sc_hd__nor3_2)
     3    0.010596    0.369796    0.409026   22.870802 ^ _12118_/Y (sky130_fd_sc_hd__nor3_2)
                                                         _01598_ (net)
                      0.369796    0.000099   22.870903 ^ _16802_/B1_N (sky130_fd_sc_hd__o21ba_1)
     2    0.010056    0.125821    0.435424   23.306326 v _16802_/X (sky130_fd_sc_hd__o21ba_1)
                                                         _06628_ (net)
                      0.125821    0.000099   23.306425 v _17945_/A2 (sky130_fd_sc_hd__o21bai_1)
     2    0.010106    0.404030    0.392991   23.699417 ^ _17945_/Y (sky130_fd_sc_hd__o21bai_1)
                                                         _07884_ (net)
                      0.404030    0.000066   23.699482 ^ _19186_/A2 (sky130_fd_sc_hd__a21o_1)
     3    0.011088    0.167631    0.413509   24.112991 ^ _19186_/X (sky130_fd_sc_hd__a21o_1)
                                                         _09248_ (net)
                      0.167631    0.000110   24.113102 ^ _20615_/A2 (sky130_fd_sc_hd__a21o_1)
     3    0.013514    0.198383    0.354222   24.467323 ^ _20615_/X (sky130_fd_sc_hd__a21o_1)
                                                         _10819_ (net)
                      0.198383    0.000183   24.467506 ^ _21715_/A1 (sky130_fd_sc_hd__a221o_1)
     1    0.005865    0.127147    0.367521   24.835028 ^ _21715_/X (sky130_fd_sc_hd__a221o_1)
                                                         _00849_ (net)
                      0.127147    0.000073   24.835100 ^ _21716_/B1 (sky130_fd_sc_hd__o311ai_2)
     1    0.010938    0.265929    0.309866   25.144966 v _21716_/Y (sky130_fd_sc_hd__o311ai_2)
                                                         _00850_ (net)
                      0.265929    0.000467   25.145433 v _21914_/A2 (sky130_fd_sc_hd__a31o_1)
     1    0.011202    0.135799    0.525143   25.670576 v _21914_/X (sky130_fd_sc_hd__a31o_1)
                                                         _01068_ (net)
                      0.135801    0.000473   25.671049 v _22033_/A2 (sky130_fd_sc_hd__o21a_1)
     2    0.019378    0.206762    0.469029   26.140078 v _22033_/X (sky130_fd_sc_hd__o21a_1)
                                                         _01199_ (net)
                      0.206768    0.000988   26.141066 v _22196_/A1 (sky130_fd_sc_hd__o22a_1)
     1    0.005149    0.108184    0.463688   26.604753 v _22196_/X (sky130_fd_sc_hd__o22a_1)
                                                         _01378_ (net)
                      0.108184    0.000099   26.604853 v _22243_/A2 (sky130_fd_sc_hd__o21ba_1)
     1    0.003019    0.065825    0.323878   26.928730 v _22243_/X (sky130_fd_sc_hd__o21ba_1)
                                                         _01430_ (net)
                      0.065825    0.000030   26.928761 v _22245_/B1 (sky130_fd_sc_hd__o32a_1)
     1    0.003216    0.116758    0.328619   27.257380 v _22245_/X (sky130_fd_sc_hd__o32a_1)
                                                         _00005_ (net)
                      0.116758    0.000044   27.257423 v _22395_/D (sky130_fd_sc_hd__dfxtp_4)
                                             27.257423   data arrival time

                                 25.000000   25.000000   clock clk (rise edge)
                                  0.000000   25.000000   clock source latency
     2    0.085064    0.609114    0.435261   25.435261 ^ clk (in)
                                                         clk (net)
                      0.610153    0.000000   25.435261 ^ clkbuf_0_clk/A (sky130_fd_sc_hd__clkbuf_16)
     4    0.032659    0.090753    0.467757   25.903017 ^ clkbuf_0_clk/X (sky130_fd_sc_hd__clkbuf_16)
                                                         clknet_0_clk (net)
                      0.090761    0.000659   25.903677 ^ clkbuf_1_1__f_clk/A (sky130_fd_sc_hd__clkbuf_16)
    14    0.054182    0.112796    0.275184   26.178862 ^ clkbuf_1_1__f_clk/X (sky130_fd_sc_hd__clkbuf_16)
                                                         clknet_1_1__leaf_clk (net)
                      0.112813    0.001062   26.179922 ^ _22395_/CLK (sky130_fd_sc_hd__dfxtp_4)
                                 -0.250000   25.929924   clock uncertainty
                                  0.000000   25.929924   clock reconvergence pessimism
                                 -0.280659   25.649265   library setup time
                                             25.649265   data required time
---------------------------------------------------------------------------------------------
                                             25.649265   data required time
                                            -27.257423   data arrival time
---------------------------------------------------------------------------------------------
                                             -1.608159   slack (VIOLATED)




===========================================================================
 report_check_types -max_slew -max_cap -max_fanout -violators
============================================================================
======================= min_ss_100C_1v60 Corner ===================================

max slew

Pin                                        Limit        Slew       Slack
------------------------------------------------------------------------
_21532_/B                               0.750000    0.996164   -0.246164 (VIOLATED)
ANTENNA__21532__B/DIODE                 0.750000    0.996163   -0.246163 (VIOLATED)
_21531_/X                               0.750000    0.996075   -0.246075 (VIOLATED)
ANTENNA__17098__C/DIODE                 0.750000    0.970001   -0.220001 (VIOLATED)
_17098_/C                               0.750000    0.970001   -0.220001 (VIOLATED)
ANTENNA__17099__A2/DIODE                0.750000    0.970001   -0.220001 (VIOLATED)
_17099_/A2                              0.750000    0.970001   -0.220001 (VIOLATED)
_17097_/Y                               0.750000    0.969996   -0.219996 (VIOLATED)
_21904_/B                               0.750000    0.886948   -0.136948 (VIOLATED)
ANTENNA__21904__B/DIODE                 0.750000    0.886947   -0.136947 (VIOLATED)
_21903_/Y                               0.750000    0.886596   -0.136596 (VIOLATED)
_15917_/C                               0.750000    0.878593   -0.128593 (VIOLATED)
_15923_/B1                              0.750000    0.878593   -0.128593 (VIOLATED)
ANTENNA__15917__C/DIODE                 0.750000    0.878592   -0.128593 (VIOLATED)
ANTENNA__15918__A2/DIODE                0.750000    0.878593   -0.128593 (VIOLATED)
ANTENNA__15923__B1/DIODE                0.750000    0.878592   -0.128593 (VIOLATED)
_15918_/A2                              0.750000    0.878592   -0.128593 (VIOLATED)
_15916_/Y                               0.750000    0.878590   -0.128590 (VIOLATED)
ANTENNA__19898__A/DIODE                 0.750000    0.872896   -0.122896 (VIOLATED)
_19898_/A                               0.750000    0.872896   -0.122896 (VIOLATED)
ANTENNA__17459__A/DIODE                 0.750000    0.872896   -0.122896 (VIOLATED)
_17459_/A                               0.750000    0.872896   -0.122896 (VIOLATED)
ANTENNA_fanout259_A/DIODE               0.750000    0.872893   -0.122893 (VIOLATED)
_14619_/Y                               0.750000    0.872893   -0.122893 (VIOLATED)
fanout259/A                             0.750000    0.872893   -0.122893 (VIOLATED)
ANTENNA__14468__A/DIODE                 0.750000    0.858916   -0.108916 (VIOLATED)
_14468_/A                               0.750000    0.858916   -0.108916 (VIOLATED)
ANTENNA__12227__A/DIODE                 0.750000    0.858914   -0.108914 (VIOLATED)
ANTENNA__12386__A/DIODE                 0.750000    0.858914   -0.108914 (VIOLATED)
ANTENNA__12387__A/DIODE                 0.750000    0.858914   -0.108914 (VIOLATED)
ANTENNA__13664__B/DIODE                 0.750000    0.858914   -0.108914 (VIOLATED)
ANTENNA__13665__B/DIODE                 0.750000    0.858914   -0.108914 (VIOLATED)
_12226_/Y                               0.750000    0.858914   -0.108914 (VIOLATED)
_12227_/A                               0.750000    0.858914   -0.108914 (VIOLATED)
_12386_/A                               0.750000    0.858914   -0.108914 (VIOLATED)
_12387_/A                               0.750000    0.858914   -0.108914 (VIOLATED)
_13664_/B                               0.750000    0.858914   -0.108914 (VIOLATED)
_13665_/B                               0.750000    0.858914   -0.108914 (VIOLATED)
_13594_/A1                              0.750000    0.846542   -0.096542 (VIOLATED)
_12046_/A1                              0.750000    0.846542   -0.096542 (VIOLATED)
_12405_/B                               0.750000    0.846541   -0.096541 (VIOLATED)
ANTENNA__12046__A1/DIODE                0.750000    0.846541   -0.096541 (VIOLATED)
ANTENNA__12405__B/DIODE                 0.750000    0.846541   -0.096541 (VIOLATED)
ANTENNA__13594__A1/DIODE                0.750000    0.846541   -0.096541 (VIOLATED)
_12044_/B                               0.750000    0.846541   -0.096541 (VIOLATED)
ANTENNA__12044__B/DIODE                 0.750000    0.846541   -0.096541 (VIOLATED)
ANTENNA__15374__A/DIODE                 0.750000    0.846531   -0.096531 (VIOLATED)
ANTENNA__15375__A/DIODE                 0.750000    0.846531   -0.096531 (VIOLATED)
_15374_/A                               0.750000    0.846531   -0.096531 (VIOLATED)
_15375_/A                               0.750000    0.846531   -0.096531 (VIOLATED)
_11242_/Y                               0.750000    0.846529   -0.096529 (VIOLATED)
_11884_/B                               0.750000    0.843342   -0.093342 (VIOLATED)
ANTENNA__11791__A2/DIODE                0.750000    0.843342   -0.093342 (VIOLATED)
ANTENNA__11884__B/DIODE                 0.750000    0.843342   -0.093342 (VIOLATED)
_11791_/A2                              0.750000    0.843342   -0.093342 (VIOLATED)
_11790_/Y                               0.750000    0.843333   -0.093333 (VIOLATED)
_14807_/A                               0.750000    0.837125   -0.087125 (VIOLATED)
ANTENNA__14807__A/DIODE                 0.750000    0.837125   -0.087125 (VIOLATED)
_14834_/A1                              0.750000    0.837124   -0.087124 (VIOLATED)
ANTENNA__14834__A1/DIODE                0.750000    0.837124   -0.087124 (VIOLATED)
_11545_/A1                              0.750000    0.837119   -0.087119 (VIOLATED)
ANTENNA__11545__A1/DIODE                0.750000    0.837116   -0.087116 (VIOLATED)
ANTENNA__14154__B/DIODE                 0.750000    0.837109   -0.087109 (VIOLATED)
_14154_/B                               0.750000    0.837109   -0.087109 (VIOLATED)
ANTENNA__14155__B/DIODE                 0.750000    0.837107   -0.087107 (VIOLATED)
ANTENNA__16689__A/DIODE                 0.750000    0.837107   -0.087107 (VIOLATED)
ANTENNA__17823__A1/DIODE                0.750000    0.837107   -0.087107 (VIOLATED)
ANTENNA__20122__A/DIODE                 0.750000    0.837107   -0.087107 (VIOLATED)
ANTENNA__21237__A1/DIODE                0.750000    0.837107   -0.087107 (VIOLATED)
_11544_/X                               0.750000    0.837107   -0.087107 (VIOLATED)
_14155_/B                               0.750000    0.837107   -0.087107 (VIOLATED)
_16689_/A                               0.750000    0.837107   -0.087107 (VIOLATED)
_17823_/A1                              0.750000    0.837107   -0.087107 (VIOLATED)
_20122_/A                               0.750000    0.837107   -0.087107 (VIOLATED)
_21237_/A1                              0.750000    0.837107   -0.087107 (VIOLATED)
ANTENNA__20908__A/DIODE                 0.750000    0.828786   -0.078786 (VIOLATED)
ANTENNA__20909__A/DIODE                 0.750000    0.828786   -0.078786 (VIOLATED)
_20909_/A                               0.750000    0.828786   -0.078786 (VIOLATED)
_20908_/A                               0.750000    0.828786   -0.078786 (VIOLATED)
_20910_/A                               0.750000    0.828786   -0.078786 (VIOLATED)
ANTENNA__20910__A/DIODE                 0.750000    0.828786   -0.078786 (VIOLATED)
_20906_/Y                               0.750000    0.828775   -0.078775 (VIOLATED)
ANTENNA__16572__A_N/DIODE               0.750000    0.812565   -0.062565 (VIOLATED)
_16572_/A_N                             0.750000    0.812565   -0.062565 (VIOLATED)
_16576_/A                               0.750000    0.812565   -0.062565 (VIOLATED)
ANTENNA__16576__A/DIODE                 0.750000    0.812565   -0.062565 (VIOLATED)
ANTENNA__13656__B/DIODE                 0.750000    0.812564   -0.062564 (VIOLATED)
_13656_/B                               0.750000    0.812564   -0.062564 (VIOLATED)
_13659_/B                               0.750000    0.812564   -0.062564 (VIOLATED)
ANTENNA__13659__B/DIODE                 0.750000    0.812564   -0.062564 (VIOLATED)
ANTENNA__22207__B/DIODE                 0.750000    0.812562   -0.062562 (VIOLATED)
_22207_/B                               0.750000    0.812562   -0.062562 (VIOLATED)
_21395_/B                               0.750000    0.812562   -0.062562 (VIOLATED)
ANTENNA__21395__B/DIODE                 0.750000    0.812562   -0.062562 (VIOLATED)
ANTENNA__16530__B/DIODE                 0.750000    0.812561   -0.062561 (VIOLATED)
ANTENNA__19737__B1/DIODE                0.750000    0.812561   -0.062561 (VIOLATED)
ANTENNA__19738__A/DIODE                 0.750000    0.812561   -0.062561 (VIOLATED)
_13655_/Y                               0.750000    0.812561   -0.062561 (VIOLATED)
_16530_/B                               0.750000    0.812561   -0.062561 (VIOLATED)
_19737_/B1                              0.750000    0.812561   -0.062561 (VIOLATED)
_19738_/A                               0.750000    0.812561   -0.062561 (VIOLATED)
ANTENNA__22103__A/DIODE                 0.750000    0.809687   -0.059687 (VIOLATED)
_22103_/A                               0.750000    0.809687   -0.059687 (VIOLATED)
_22101_/Y                               0.750000    0.809666   -0.059666 (VIOLATED)
ANTENNA__16487__B1/DIODE                0.750000    0.807704   -0.057704 (VIOLATED)
_16487_/B1                              0.750000    0.807704   -0.057704 (VIOLATED)
_16475_/C                               0.750000    0.807703   -0.057704 (VIOLATED)
ANTENNA__16475__C/DIODE                 0.750000    0.807703   -0.057703 (VIOLATED)
_16474_/Y                               0.750000    0.807694   -0.057694 (VIOLATED)
_21817_/A                               0.750000    0.804429   -0.054429 (VIOLATED)
ANTENNA__21817__A/DIODE                 0.750000    0.804429   -0.054429 (VIOLATED)
_21769_/Y                               0.750000    0.804403   -0.054403 (VIOLATED)
_13467_/A                               0.750000    0.796818   -0.046818 (VIOLATED)
ANTENNA__13467__A/DIODE                 0.750000    0.796818   -0.046818 (VIOLATED)
_13468_/A                               0.750000    0.796818   -0.046818 (VIOLATED)
ANTENNA__13468__A/DIODE                 0.750000    0.796818   -0.046818 (VIOLATED)
ANTENNA__17704__B/DIODE                 0.750000    0.796728   -0.046728 (VIOLATED)
_17704_/B                               0.750000    0.796727   -0.046727 (VIOLATED)
_17705_/A_N                             0.750000    0.796722   -0.046722 (VIOLATED)
ANTENNA__17705__A_N/DIODE               0.750000    0.796722   -0.046722 (VIOLATED)
ANTENNA__15984__A/DIODE                 0.750000    0.796712   -0.046712 (VIOLATED)
ANTENNA__15986__A/DIODE                 0.750000    0.796712   -0.046712 (VIOLATED)
_15984_/A                               0.750000    0.796712   -0.046712 (VIOLATED)
_15986_/A                               0.750000    0.796712   -0.046712 (VIOLATED)
_13465_/X                               0.750000    0.796711   -0.046711 (VIOLATED)
_16442_/A                               0.750000    0.791567   -0.041567 (VIOLATED)
ANTENNA__16442__A/DIODE                 0.750000    0.791567   -0.041567 (VIOLATED)
_16450_/A                               0.750000    0.791567   -0.041567 (VIOLATED)
ANTENNA__16450__A/DIODE                 0.750000    0.791567   -0.041567 (VIOLATED)
_11988_/A                               0.750000    0.791538   -0.041538 (VIOLATED)
ANTENNA__11988__A/DIODE                 0.750000    0.791537   -0.041537 (VIOLATED)
_11960_/A1                              0.750000    0.791535   -0.041535 (VIOLATED)
ANTENNA__11960__A1/DIODE                0.750000    0.791534   -0.041534 (VIOLATED)
_11957_/Y                               0.750000    0.791490   -0.041490 (VIOLATED)
_19113_/Y                               0.750000    0.789172   -0.039173 (VIOLATED)
_19115_/B                               0.750000    0.789172   -0.039173 (VIOLATED)
_19116_/A1                              0.750000    0.789172   -0.039173 (VIOLATED)
_20649_/A_N                             0.750000    0.789172   -0.039173 (VIOLATED)
_19491_/A2                              0.750000    0.785506   -0.035506 (VIOLATED)
ANTENNA__19491__A2/DIODE                0.750000    0.785505   -0.035505 (VIOLATED)
_18239_/B                               0.750000    0.785505   -0.035505 (VIOLATED)
ANTENNA__18239__B/DIODE                 0.750000    0.785503   -0.035503 (VIOLATED)
_18238_/Y                               0.750000    0.785247   -0.035247 (VIOLATED)
_19046_/A                               0.750000    0.782634   -0.032634 (VIOLATED)
ANTENNA__19046__A/DIODE                 0.750000    0.782633   -0.032633 (VIOLATED)
ANTENNA__19045__A/DIODE                 0.750000    0.782630   -0.032630 (VIOLATED)
_19045_/A                               0.750000    0.782630   -0.032630 (VIOLATED)
ANTENNA__11829__A1/DIODE                0.750000    0.782630   -0.032630 (VIOLATED)
_11829_/A1                              0.750000    0.782630   -0.032630 (VIOLATED)
_14180_/B                               0.750000    0.782629   -0.032629 (VIOLATED)
ANTENNA__14180__B/DIODE                 0.750000    0.782629   -0.032629 (VIOLATED)
_14181_/B                               0.750000    0.782629   -0.032629 (VIOLATED)
ANTENNA__14181__B/DIODE                 0.750000    0.782628   -0.032629 (VIOLATED)
_22077_/A                               0.750000    0.782626   -0.032626 (VIOLATED)
ANTENNA__22077__A/DIODE                 0.750000    0.782625   -0.032625 (VIOLATED)
ANTENNA__17149__A/DIODE                 0.750000    0.782625   -0.032625 (VIOLATED)
ANTENNA__17150__A/DIODE                 0.750000    0.782625   -0.032625 (VIOLATED)
_17149_/A                               0.750000    0.782625   -0.032625 (VIOLATED)
_17150_/A                               0.750000    0.782625   -0.032625 (VIOLATED)
_11828_/X                               0.750000    0.782623   -0.032623 (VIOLATED)
_14183_/A2                              0.750000    0.778946   -0.028946 (VIOLATED)
ANTENNA__14183__A2/DIODE                0.750000    0.778945   -0.028945 (VIOLATED)
ANTENNA__19047__A1/DIODE                0.750000    0.778945   -0.028945 (VIOLATED)
_19047_/A1                              0.750000    0.778945   -0.028945 (VIOLATED)
_17822_/A                               0.750000    0.778943   -0.028943 (VIOLATED)
ANTENNA__17822__A/DIODE                 0.750000    0.778942   -0.028942 (VIOLATED)
_21236_/A                               0.750000    0.778942   -0.028942 (VIOLATED)
ANTENNA__21236__A/DIODE                 0.750000    0.778942   -0.028942 (VIOLATED)
_22076_/A1                              0.750000    0.778941   -0.028941 (VIOLATED)
ANTENNA__22076__A1/DIODE                0.750000    0.778941   -0.028941 (VIOLATED)
ANTENNA__14167__B/DIODE                 0.750000    0.778936   -0.028936 (VIOLATED)
_14167_/B                               0.750000    0.778934   -0.028934 (VIOLATED)
ANTENNA__11657__A1/DIODE                0.750000    0.778929   -0.028929 (VIOLATED)
_11657_/A1                              0.750000    0.778928   -0.028928 (VIOLATED)
_14896_/A                               0.750000    0.778928   -0.028928 (VIOLATED)
_17144_/A1                              0.750000    0.778928   -0.028928 (VIOLATED)
ANTENNA__14896__A/DIODE                 0.750000    0.778928   -0.028928 (VIOLATED)
ANTENNA__17144__A1/DIODE                0.750000    0.778928   -0.028928 (VIOLATED)
_11656_/X                               0.750000    0.778926   -0.028926 (VIOLATED)
_18239_/A                               0.750000    0.771990   -0.021990 (VIOLATED)
_19491_/A1                              0.750000    0.771990   -0.021990 (VIOLATED)
ANTENNA__19491__A1/DIODE                0.750000    0.771990   -0.021990 (VIOLATED)
ANTENNA__18239__A/DIODE                 0.750000    0.771988   -0.021988 (VIOLATED)
_18237_/X                               0.750000    0.771949   -0.021949 (VIOLATED)
_17095_/A                               0.750000    0.768756   -0.018756 (VIOLATED)
ANTENNA__17095__A/DIODE                 0.750000    0.768756   -0.018756 (VIOLATED)
_17094_/A                               0.750000    0.768756   -0.018756 (VIOLATED)
ANTENNA__17094__A/DIODE                 0.750000    0.768755   -0.018755 (VIOLATED)
_17009_/Y                               0.750000    0.768754   -0.018754 (VIOLATED)
_22125_/B                               0.750000    0.768500   -0.018500 (VIOLATED)
ANTENNA__22125__B/DIODE                 0.750000    0.768500   -0.018500 (VIOLATED)
ANTENNA__14996__A/DIODE                 0.750000    0.768500   -0.018500 (VIOLATED)
_14996_/A                               0.750000    0.768500   -0.018500 (VIOLATED)
ANTENNA__14995__A/DIODE                 0.750000    0.768500   -0.018500 (VIOLATED)
_14995_/A                               0.750000    0.768500   -0.018500 (VIOLATED)
_13131_/Y                               0.750000    0.768499   -0.018499 (VIOLATED)
ANTENNA__22261__B1/DIODE                0.750000    0.767833   -0.017833 (VIOLATED)
_22260_/Y                               0.750000    0.767833   -0.017833 (VIOLATED)
_22261_/B1                              0.750000    0.767833   -0.017833 (VIOLATED)
_11998_/A                               0.750000    0.761960   -0.011960 (VIOLATED)
ANTENNA__11998__A/DIODE                 0.750000    0.761959   -0.011959 (VIOLATED)
_11291_/B1                              0.750000    0.761957   -0.011957 (VIOLATED)
ANTENNA__11291__B1/DIODE                0.750000    0.761955   -0.011955 (VIOLATED)
_13608_/A2                              0.750000    0.761931   -0.011931 (VIOLATED)
ANTENNA__13608__A2/DIODE                0.750000    0.761931   -0.011931 (VIOLATED)
_11289_/Y                               0.750000    0.761930   -0.011930 (VIOLATED)
ANTENNA__13767__B1/DIODE                0.750000    0.758518   -0.008518 (VIOLATED)
_13767_/B1                              0.750000    0.758518   -0.008518 (VIOLATED)
_13766_/A                               0.750000    0.758517   -0.008517 (VIOLATED)
ANTENNA__13766__A/DIODE                 0.750000    0.758517   -0.008517 (VIOLATED)
_13764_/Y                               0.750000    0.758496   -0.008496 (VIOLATED)
_20899_/A                               0.750000    0.752257   -0.002257 (VIOLATED)
ANTENNA__20899__A/DIODE                 0.750000    0.752256   -0.002256 (VIOLATED)
ANTENNA__20898__A/DIODE                 0.750000    0.752253   -0.002253 (VIOLATED)
_20898_/A                               0.750000    0.752253   -0.002253 (VIOLATED)
_21376_/A                               0.750000    0.752121   -0.002121 (VIOLATED)
ANTENNA__21376__A/DIODE                 0.750000    0.752120   -0.002120 (VIOLATED)
ANTENNA__22118__A1/DIODE                0.750000    0.752113   -0.002113 (VIOLATED)
_22118_/A1                              0.750000    0.752113   -0.002113 (VIOLATED)
_20890_/Y                               0.750000    0.752108   -0.002108 (VIOLATED)

max fanout

Pin                                   Limit Fanout  Slack
---------------------------------------------------------
fanout342/X                              10     22    -12 (VIOLATED)
_11446_/Y                                10     20    -10 (VIOLATED)
_11543_/Y                                10     20    -10 (VIOLATED)
_11758_/Y                                10     20    -10 (VIOLATED)
_12250_/X                                10     20    -10 (VIOLATED)
_13115_/X                                10     20    -10 (VIOLATED)
_13155_/Y                                10     20    -10 (VIOLATED)
_14753_/Y                                10     20    -10 (VIOLATED)
_15566_/Y                                10     20    -10 (VIOLATED)
_16075_/Y                                10     20    -10 (VIOLATED)
_16517_/Y                                10     20    -10 (VIOLATED)
fanout250/X                              10     20    -10 (VIOLATED)
fanout251/X                              10     20    -10 (VIOLATED)
fanout252/X                              10     20    -10 (VIOLATED)
fanout254/X                              10     20    -10 (VIOLATED)
fanout255/X                              10     20    -10 (VIOLATED)
fanout257/X                              10     20    -10 (VIOLATED)
fanout258/X                              10     20    -10 (VIOLATED)
fanout259/X                              10     20    -10 (VIOLATED)
fanout260/X                              10     20    -10 (VIOLATED)
fanout261/X                              10     20    -10 (VIOLATED)
fanout263/X                              10     20    -10 (VIOLATED)
fanout265/X                              10     20    -10 (VIOLATED)
fanout266/X                              10     20    -10 (VIOLATED)
fanout267/X                              10     20    -10 (VIOLATED)
fanout269/X                              10     20    -10 (VIOLATED)
fanout271/X                              10     20    -10 (VIOLATED)
fanout273/X                              10     20    -10 (VIOLATED)
fanout279/X                              10     20    -10 (VIOLATED)
fanout280/X                              10     20    -10 (VIOLATED)
fanout284/X                              10     20    -10 (VIOLATED)
fanout287/X                              10     20    -10 (VIOLATED)
fanout288/X                              10     20    -10 (VIOLATED)
fanout289/X                              10     20    -10 (VIOLATED)
fanout290/X                              10     20    -10 (VIOLATED)
fanout291/X                              10     20    -10 (VIOLATED)
fanout293/X                              10     20    -10 (VIOLATED)
fanout296/X                              10     20    -10 (VIOLATED)
fanout299/X                              10     20    -10 (VIOLATED)
fanout302/X                              10     20    -10 (VIOLATED)
fanout306/X                              10     20    -10 (VIOLATED)
fanout307/X                              10     20    -10 (VIOLATED)
fanout308/X                              10     20    -10 (VIOLATED)
fanout309/X                              10     20    -10 (VIOLATED)
fanout310/X                              10     20    -10 (VIOLATED)
fanout311/X                              10     20    -10 (VIOLATED)
fanout316/X                              10     20    -10 (VIOLATED)
fanout317/X                              10     20    -10 (VIOLATED)
fanout319/X                              10     20    -10 (VIOLATED)
fanout320/X                              10     20    -10 (VIOLATED)
fanout321/X                              10     20    -10 (VIOLATED)
fanout323/X                              10     20    -10 (VIOLATED)
fanout324/X                              10     20    -10 (VIOLATED)
fanout326/X                              10     20    -10 (VIOLATED)
fanout331/X                              10     20    -10 (VIOLATED)
fanout332/X                              10     20    -10 (VIOLATED)
fanout336/X                              10     20    -10 (VIOLATED)
fanout340/X                              10     20    -10 (VIOLATED)
fanout341/X                              10     20    -10 (VIOLATED)
fanout343/X                              10     20    -10 (VIOLATED)
fanout346/X                              10     20    -10 (VIOLATED)
fanout348/X                              10     20    -10 (VIOLATED)
fanout354/X                              10     20    -10 (VIOLATED)
fanout356/X                              10     20    -10 (VIOLATED)
fanout358/X                              10     20    -10 (VIOLATED)
fanout359/X                              10     20    -10 (VIOLATED)
fanout361/X                              10     20    -10 (VIOLATED)
fanout362/X                              10     20    -10 (VIOLATED)
fanout364/X                              10     20    -10 (VIOLATED)
fanout365/X                              10     20    -10 (VIOLATED)
fanout367/X                              10     20    -10 (VIOLATED)
fanout377/X                              10     20    -10 (VIOLATED)
fanout379/X                              10     20    -10 (VIOLATED)
fanout383/X                              10     20    -10 (VIOLATED)
fanout384/X                              10     20    -10 (VIOLATED)
fanout385/X                              10     20    -10 (VIOLATED)
fanout390/X                              10     20    -10 (VIOLATED)
fanout392/X                              10     20    -10 (VIOLATED)
fanout393/X                              10     20    -10 (VIOLATED)
fanout395/X                              10     20    -10 (VIOLATED)
fanout397/X                              10     20    -10 (VIOLATED)
fanout401/X                              10     20    -10 (VIOLATED)
fanout407/X                              10     20    -10 (VIOLATED)
fanout408/X                              10     20    -10 (VIOLATED)
fanout420/X                              10     20    -10 (VIOLATED)
fanout422/X                              10     20    -10 (VIOLATED)
fanout424/X                              10     20    -10 (VIOLATED)
fanout430/X                              10     20    -10 (VIOLATED)
fanout436/X                              10     20    -10 (VIOLATED)
fanout442/X                              10     20    -10 (VIOLATED)
fanout447/X                              10     20    -10 (VIOLATED)
fanout448/X                              10     20    -10 (VIOLATED)
fanout449/X                              10     20    -10 (VIOLATED)
fanout450/X                              10     20    -10 (VIOLATED)
fanout452/X                              10     20    -10 (VIOLATED)
fanout453/X                              10     20    -10 (VIOLATED)
fanout455/X                              10     20    -10 (VIOLATED)
fanout458/X                              10     20    -10 (VIOLATED)
fanout464/X                              10     20    -10 (VIOLATED)
fanout473/X                              10     20    -10 (VIOLATED)
fanout477/X                              10     20    -10 (VIOLATED)
fanout479/X                              10     20    -10 (VIOLATED)
fanout483/X                              10     20    -10 (VIOLATED)
fanout491/X                              10     20    -10 (VIOLATED)
fanout495/X                              10     20    -10 (VIOLATED)
fanout496/X                              10     20    -10 (VIOLATED)
fanout498/X                              10     20    -10 (VIOLATED)
fanout499/X                              10     20    -10 (VIOLATED)
fanout501/X                              10     20    -10 (VIOLATED)
fanout502/X                              10     20    -10 (VIOLATED)
fanout504/X                              10     20    -10 (VIOLATED)
fanout506/X                              10     20    -10 (VIOLATED)
fanout513/X                              10     20    -10 (VIOLATED)
fanout515/X                              10     20    -10 (VIOLATED)
fanout518/X                              10     20    -10 (VIOLATED)
fanout519/X                              10     20    -10 (VIOLATED)
fanout520/X                              10     20    -10 (VIOLATED)
fanout521/X                              10     20    -10 (VIOLATED)
fanout535/X                              10     20    -10 (VIOLATED)
fanout539/X                              10     20    -10 (VIOLATED)
fanout544/X                              10     20    -10 (VIOLATED)
fanout553/X                              10     20    -10 (VIOLATED)
fanout557/X                              10     20    -10 (VIOLATED)
fanout558/X                              10     20    -10 (VIOLATED)
fanout561/X                              10     20    -10 (VIOLATED)
fanout563/X                              10     20    -10 (VIOLATED)
fanout565/X                              10     20    -10 (VIOLATED)
fanout569/X                              10     20    -10 (VIOLATED)
fanout572/X                              10     20    -10 (VIOLATED)
input122/X                               10     20    -10 (VIOLATED)
input174/X                               10     20    -10 (VIOLATED)
input40/X                                10     20    -10 (VIOLATED)
input67/X                                10     20    -10 (VIOLATED)
input69/X                                10     20    -10 (VIOLATED)
input70/X                                10     20    -10 (VIOLATED)
input95/X                                10     20    -10 (VIOLATED)
_11241_/Y                                10     18     -8 (VIOLATED)
_11286_/Y                                10     18     -8 (VIOLATED)
_11299_/Y                                10     18     -8 (VIOLATED)
_11449_/Y                                10     18     -8 (VIOLATED)
_11544_/X                                10     18     -8 (VIOLATED)
_11656_/X                                10     18     -8 (VIOLATED)
_12083_/Y                                10     18     -8 (VIOLATED)
_12314_/X                                10     18     -8 (VIOLATED)
_13074_/X                                10     18     -8 (VIOLATED)
_13086_/X                                10     18     -8 (VIOLATED)
_13135_/Y                                10     18     -8 (VIOLATED)
_13655_/Y                                10     18     -8 (VIOLATED)
_13713_/Y                                10     18     -8 (VIOLATED)
_14670_/Y                                10     18     -8 (VIOLATED)
_15567_/Y                                10     18     -8 (VIOLATED)
clkbuf_1_0__f_clk/X                      10     18     -8 (VIOLATED)
fanout328/X                              10     18     -8 (VIOLATED)
fanout330/X                              10     18     -8 (VIOLATED)
fanout335/X                              10     18     -8 (VIOLATED)
fanout347/X                              10     18     -8 (VIOLATED)
fanout353/X                              10     18     -8 (VIOLATED)
fanout369/X                              10     18     -8 (VIOLATED)
fanout372/X                              10     18     -8 (VIOLATED)
fanout389/X                              10     18     -8 (VIOLATED)
fanout391/X                              10     18     -8 (VIOLATED)
fanout400/X                              10     18     -8 (VIOLATED)
fanout444/X                              10     18     -8 (VIOLATED)
fanout446/X                              10     18     -8 (VIOLATED)
fanout459/X                              10     18     -8 (VIOLATED)
fanout468/X                              10     18     -8 (VIOLATED)
fanout478/X                              10     18     -8 (VIOLATED)
fanout489/X                              10     18     -8 (VIOLATED)
fanout492/X                              10     18     -8 (VIOLATED)
fanout493/X                              10     18     -8 (VIOLATED)
fanout511/X                              10     18     -8 (VIOLATED)
fanout512/X                              10     18     -8 (VIOLATED)
fanout538/X                              10     18     -8 (VIOLATED)
fanout554/X                              10     18     -8 (VIOLATED)
input221/X                               10     18     -8 (VIOLATED)
input26/X                                10     18     -8 (VIOLATED)
input33/X                                10     18     -8 (VIOLATED)
input43/X                                10     18     -8 (VIOLATED)
input62/X                                10     18     -8 (VIOLATED)
input68/X                                10     18     -8 (VIOLATED)
input79/X                                10     18     -8 (VIOLATED)
input86/X                                10     18     -8 (VIOLATED)
input87/X                                10     18     -8 (VIOLATED)
input89/X                                10     18     -8 (VIOLATED)
input94/X                                10     18     -8 (VIOLATED)
_11197_/Y                                10     16     -6 (VIOLATED)
_11203_/Y                                10     16     -6 (VIOLATED)
_11204_/Y                                10     16     -6 (VIOLATED)
_11207_/Y                                10     16     -6 (VIOLATED)
_11217_/Y                                10     16     -6 (VIOLATED)
_11250_/Y                                10     16     -6 (VIOLATED)
_11444_/X                                10     16     -6 (VIOLATED)
_11828_/X                                10     16     -6 (VIOLATED)
_12085_/Y                                10     16     -6 (VIOLATED)
_12092_/X                                10     16     -6 (VIOLATED)
_12421_/Y                                10     16     -6 (VIOLATED)
_12650_/Y                                10     16     -6 (VIOLATED)
_13062_/Y                                10     16     -6 (VIOLATED)
_13101_/X                                10     16     -6 (VIOLATED)
_13709_/X                                10     16     -6 (VIOLATED)
_13876_/X                                10     16     -6 (VIOLATED)
_14620_/Y                                10     16     -6 (VIOLATED)
_15196_/Y                                10     16     -6 (VIOLATED)
_15609_/Y                                10     16     -6 (VIOLATED)
_16518_/Y                                10     16     -6 (VIOLATED)
fanout294/X                              10     16     -6 (VIOLATED)
fanout297/X                              10     16     -6 (VIOLATED)
fanout305/X                              10     16     -6 (VIOLATED)
fanout339/X                              10     16     -6 (VIOLATED)
fanout355/X                              10     16     -6 (VIOLATED)
fanout378/X                              10     16     -6 (VIOLATED)
fanout386/X                              10     16     -6 (VIOLATED)
fanout406/X                              10     16     -6 (VIOLATED)
fanout411/X                              10     16     -6 (VIOLATED)
fanout423/X                              10     16     -6 (VIOLATED)
fanout435/X                              10     16     -6 (VIOLATED)
fanout462/X                              10     16     -6 (VIOLATED)
fanout466/X                              10     16     -6 (VIOLATED)
fanout486/X                              10     16     -6 (VIOLATED)
fanout497/X                              10     16     -6 (VIOLATED)
fanout505/X                              10     16     -6 (VIOLATED)
fanout537/X                              10     16     -6 (VIOLATED)
fanout562/X                              10     16     -6 (VIOLATED)
fanout568/X                              10     16     -6 (VIOLATED)
input158/X                               10     16     -6 (VIOLATED)
input210/X                               10     16     -6 (VIOLATED)
input220/X                               10     16     -6 (VIOLATED)
input41/X                                10     16     -6 (VIOLATED)
input85/X                                10     16     -6 (VIOLATED)
_11208_/Y                                10     14     -4 (VIOLATED)
_11211_/Y                                10     14     -4 (VIOLATED)
_11238_/X                                10     14     -4 (VIOLATED)
_11358_/Y                                10     14     -4 (VIOLATED)
_11421_/X                                10     14     -4 (VIOLATED)
_11760_/X                                10     14     -4 (VIOLATED)
_12176_/Y                                10     14     -4 (VIOLATED)
_12177_/X                                10     14     -4 (VIOLATED)
_12224_/Y                                10     14     -4 (VIOLATED)
_13088_/Y                                10     14     -4 (VIOLATED)
_13104_/Y                                10     14     -4 (VIOLATED)
_13154_/X                                10     14     -4 (VIOLATED)
_13872_/Y                                10     14     -4 (VIOLATED)
_13880_/Y                                10     14     -4 (VIOLATED)
_14636_/X                                10     14     -4 (VIOLATED)
_14734_/Y                                10     14     -4 (VIOLATED)
_14754_/Y                                10     14     -4 (VIOLATED)
_15278_/X                                10     14     -4 (VIOLATED)
_15573_/X                                10     14     -4 (VIOLATED)
_16687_/X                                10     14     -4 (VIOLATED)
clkbuf_1_1__f_clk/X                      10     14     -4 (VIOLATED)
fanout264/X                              10     14     -4 (VIOLATED)
fanout345/X                              10     14     -4 (VIOLATED)
fanout350/X                              10     14     -4 (VIOLATED)
fanout363/X                              10     14     -4 (VIOLATED)
fanout375/X                              10     14     -4 (VIOLATED)
fanout421/X                              10     14     -4 (VIOLATED)
fanout431/X                              10     14     -4 (VIOLATED)
fanout437/X                              10     14     -4 (VIOLATED)
fanout451/X                              10     14     -4 (VIOLATED)
fanout461/X                              10     14     -4 (VIOLATED)
fanout476/X                              10     14     -4 (VIOLATED)
fanout500/X                              10     14     -4 (VIOLATED)
fanout514/X                              10     14     -4 (VIOLATED)
fanout516/X                              10     14     -4 (VIOLATED)
fanout517/X                              10     14     -4 (VIOLATED)
fanout522/X                              10     14     -4 (VIOLATED)
fanout532/X                              10     14     -4 (VIOLATED)
fanout536/X                              10     14     -4 (VIOLATED)
input141/X                               10     14     -4 (VIOLATED)
input176/X                               10     14     -4 (VIOLATED)
input45/X                                10     14     -4 (VIOLATED)
input80/X                                10     14     -4 (VIOLATED)
input92/X                                10     14     -4 (VIOLATED)
input93/X                                10     14     -4 (VIOLATED)
input96/X                                10     14     -4 (VIOLATED)
_11196_/Y                                10     12     -2 (VIOLATED)
_11242_/Y                                10     12     -2 (VIOLATED)
_11323_/X                                10     12     -2 (VIOLATED)
_11342_/X                                10     12     -2 (VIOLATED)
_11343_/Y                                10     12     -2 (VIOLATED)
_11360_/Y                                10     12     -2 (VIOLATED)
_11445_/Y                                10     12     -2 (VIOLATED)
_11991_/Y                                10     12     -2 (VIOLATED)
_12226_/Y                                10     12     -2 (VIOLATED)
_12334_/X                                10     12     -2 (VIOLATED)
_13197_/X                                10     12     -2 (VIOLATED)
_13235_/Y                                10     12     -2 (VIOLATED)
_13447_/Y                                10     12     -2 (VIOLATED)
_13465_/X                                10     12     -2 (VIOLATED)
_13490_/Y                                10     12     -2 (VIOLATED)
_13521_/Y                                10     12     -2 (VIOLATED)
_13858_/Y                                10     12     -2 (VIOLATED)
_13862_/Y                                10     12     -2 (VIOLATED)
_13873_/Y                                10     12     -2 (VIOLATED)
_14674_/X                                10     12     -2 (VIOLATED)
_14841_/X                                10     12     -2 (VIOLATED)
_15027_/Y                                10     12     -2 (VIOLATED)
_15351_/Y                                10     12     -2 (VIOLATED)
_15610_/X                                10     12     -2 (VIOLATED)
_16608_/X                                10     12     -2 (VIOLATED)
_17774_/X                                10     12     -2 (VIOLATED)
_19058_/Y                                10     12     -2 (VIOLATED)
fanout262/X                              10     12     -2 (VIOLATED)
fanout268/X                              10     12     -2 (VIOLATED)
fanout304/X                              10     12     -2 (VIOLATED)
fanout349/X                              10     12     -2 (VIOLATED)
fanout366/X                              10     12     -2 (VIOLATED)
fanout380/X                              10     12     -2 (VIOLATED)
fanout382/X                              10     12     -2 (VIOLATED)
fanout412/X                              10     12     -2 (VIOLATED)
fanout415/X                              10     12     -2 (VIOLATED)
fanout417/X                              10     12     -2 (VIOLATED)
fanout418/X                              10     12     -2 (VIOLATED)
fanout419/X                              10     12     -2 (VIOLATED)
fanout425/X                              10     12     -2 (VIOLATED)
fanout457/X                              10     12     -2 (VIOLATED)
fanout463/X                              10     12     -2 (VIOLATED)
fanout487/X                              10     12     -2 (VIOLATED)
fanout490/X                              10     12     -2 (VIOLATED)
fanout507/X                              10     12     -2 (VIOLATED)
fanout508/X                              10     12     -2 (VIOLATED)
fanout510/X                              10     12     -2 (VIOLATED)
fanout528/X                              10     12     -2 (VIOLATED)
fanout534/X                              10     12     -2 (VIOLATED)
fanout543/X                              10     12     -2 (VIOLATED)
fanout546/X                              10     12     -2 (VIOLATED)
fanout548/X                              10     12     -2 (VIOLATED)
fanout551/X                              10     12     -2 (VIOLATED)
fanout571/X                              10     12     -2 (VIOLATED)
input177/X                               10     12     -2 (VIOLATED)
input63/X                                10     12     -2 (VIOLATED)
input90/X                                10     12     -2 (VIOLATED)
input91/X                                10     12     -2 (VIOLATED)
max_cap281/X                             10     12     -2 (VIOLATED)
input146/X                               10     11        (VIOLATED)



===========================================================================
report_parasitic_annotation -report_unannotated
============================================================================
Found 23 unannotated drivers.
 input_data[127]
 input_data[191]
 input_data[207]
 input_data[208]
 input_data[209]
 input_data[210]
 input_data[211]
 input_data[212]
 input_data[213]
 input_data[214]
 input_data[215]
 input_data[216]
 input_data[217]
 input_data[218]
 input_data[219]
 input_data[220]
 input_data[221]
 input_data[222]
 input_data[223]
 input_data[238]
 input_data[239]
 input_data[63]
 input_data[79]
Found 0 partially unannotated drivers.

===========================================================================
max slew violation count 220
max fanout violation count 335
max cap violation count 0
============================================================================

===========================================================================
check_setup -verbose -unconstrained_endpoints -multiple_clock -no_clock -no_input_delay -loops -generated_clocks
===========================================================================
