
===========================================================================
report_checks -unconstrained
===========================================================================
======================= nom_ss_100C_1v60 Corner ===================================

Startpoint: input_data[81] (input port clocked by clk)
Endpoint: _22395_ (rising edge-triggered flip-flop clocked by clk)
Path Group: clk
Path Type: max

Fanout         Cap        Slew       Delay        Time   Description
---------------------------------------------------------------------------------------------
                                  0.000000    0.000000   clock clk (rise edge)
                                  0.000000    0.000000   clock network delay (propagated)
                                  5.000000    5.000000 ^ input external delay
     1    0.003215    0.035010    0.017988    5.017988 ^ input_data[81] (in)
                                                         input_data[81] (net)
                      0.035010    0.000000    5.017988 ^ input197/A (sky130_fd_sc_hd__buf_2)
     1    0.061103    0.471240    0.468443    5.486431 ^ input197/X (sky130_fd_sc_hd__buf_2)
                                                         net197 (net)
                      0.471279    0.003603    5.490034 ^ fanout407/A (sky130_fd_sc_hd__clkbuf_4)
     7    0.076514    0.364336    0.641362    6.131395 ^ fanout407/X (sky130_fd_sc_hd__clkbuf_4)
                                                         net407 (net)
                      0.364586    0.007916    6.139311 ^ fanout406/A (sky130_fd_sc_hd__buf_4)
     8    0.077680    0.344955    0.535574    6.674885 ^ fanout406/X (sky130_fd_sc_hd__buf_4)
                                                         net406 (net)
                      0.345297    0.008993    6.683878 ^ fanout405/A (sky130_fd_sc_hd__clkbuf_2)
     5    0.034859    0.300508    0.472748    7.156627 ^ fanout405/X (sky130_fd_sc_hd__clkbuf_2)
                                                         net405 (net)
                      0.300524    0.001802    7.158429 ^ fanout404/A (sky130_fd_sc_hd__buf_4)
    10    0.060523    0.274825    0.460402    7.618831 ^ fanout404/X (sky130_fd_sc_hd__buf_4)
                                                         net404 (net)
                      0.274890    0.003511    7.622342 ^ _11244_/B (sky130_fd_sc_hd__nor2_1)
     4    0.016665    0.163407    0.248817    7.871159 v _11244_/Y (sky130_fd_sc_hd__nor2_1)
                                                         _03356_ (net)
                      0.163408    0.000370    7.871530 v _11245_/B (sky130_fd_sc_hd__nor2_2)
     3    0.043929    0.777251    0.661880    8.533410 ^ _11245_/Y (sky130_fd_sc_hd__nor2_2)
                                                         _03367_ (net)
                      0.777254    0.001130    8.534539 ^ fanout263/A (sky130_fd_sc_hd__clkbuf_8)
    10    0.104470    0.293282    0.679490    9.214030 ^ fanout263/X (sky130_fd_sc_hd__clkbuf_8)
                                                         net263 (net)
                      0.293530    0.007036    9.221066 ^ _11368_/A1 (sky130_fd_sc_hd__a21o_1)
     2    0.008675    0.136891    0.346134    9.567200 ^ _11368_/X (sky130_fd_sc_hd__a21o_1)
                                                         _04720_ (net)
                      0.136891    0.000226    9.567426 ^ _11370_/B (sky130_fd_sc_hd__xor2_1)
     2    0.009412    0.372741    0.415317    9.982742 ^ _11370_/X (sky130_fd_sc_hd__xor2_1)
                                                         _04742_ (net)
                      0.372741    0.000333    9.983075 ^ _11372_/B (sky130_fd_sc_hd__xnor2_1)
     3    0.011002    0.451903    0.392749   10.375824 ^ _11372_/Y (sky130_fd_sc_hd__xnor2_1)
                                                         _04764_ (net)
                      0.451903    0.000274   10.376098 ^ _11375_/D_N (sky130_fd_sc_hd__or4b_2)
     3    0.017152    0.320448    1.691320   12.067418 v _11375_/X (sky130_fd_sc_hd__or4b_2)
                                                         _04797_ (net)
                      0.320449    0.000681   12.068099 v _11672_/A1 (sky130_fd_sc_hd__o31ai_4)
     4    0.030254    0.624836    0.778531   12.846630 ^ _11672_/Y (sky130_fd_sc_hd__o31ai_4)
                                                         _08062_ (net)
                      0.624837    0.000654   12.847283 ^ _11845_/B (sky130_fd_sc_hd__and3_1)
     2    0.026261    0.411191    0.741583   13.588866 ^ _11845_/X (sky130_fd_sc_hd__and3_1)
                                                         _09964_ (net)
                      0.411226    0.003133   13.591999 ^ _11879_/A1_N (sky130_fd_sc_hd__a2bb2o_1)
     3    0.021008    0.249696    0.880064   14.472063 v _11879_/X (sky130_fd_sc_hd__a2bb2o_1)
                                                         _10338_ (net)
                      0.249703    0.001080   14.473143 v _11880_/C (sky130_fd_sc_hd__and3_1)
     2    0.005329    0.091817    0.473753   14.946896 v _11880_/X (sky130_fd_sc_hd__and3_1)
                                                         _10349_ (net)
                      0.091817    0.000110   14.947006 v _11882_/B (sky130_fd_sc_hd__or3_1)
     3    0.011436    0.226771    0.923956   15.870962 v _11882_/X (sky130_fd_sc_hd__or3_1)
                                                         _10370_ (net)
                      0.226772    0.000329   15.871290 v _11897_/A1 (sky130_fd_sc_hd__a211o_1)
     3    0.007597    0.127615    0.599675   16.470966 v _11897_/X (sky130_fd_sc_hd__a211o_1)
                                                         _10535_ (net)
                      0.127615    0.000099   16.471066 v _11898_/C (sky130_fd_sc_hd__and3_1)
     2    0.005617    0.093953    0.415051   16.886116 v _11898_/X (sky130_fd_sc_hd__and3_1)
                                                         _10546_ (net)
                      0.093953    0.000123   16.886238 v _11917_/B1 (sky130_fd_sc_hd__a211o_1)
     3    0.011366    0.161964    0.595850   17.482090 v _11917_/X (sky130_fd_sc_hd__a211o_1)
                                                         _10755_ (net)
                      0.161964    0.000277   17.482367 v _11920_/B (sky130_fd_sc_hd__and3_2)
     4    0.020865    0.147320    0.546990   18.029356 v _11920_/X (sky130_fd_sc_hd__and3_2)
                                                         _10788_ (net)
                      0.147322    0.000430   18.029787 v _11947_/A (sky130_fd_sc_hd__or3_4)
     5    0.026066    0.179409    0.882849   18.912636 v _11947_/X (sky130_fd_sc_hd__or3_4)
                                                         _11085_ (net)
                      0.179414    0.001851   18.914486 v _11949_/B (sky130_fd_sc_hd__and3_1)
     2    0.008148    0.114194    0.433383   19.347870 v _11949_/X (sky130_fd_sc_hd__and3_1)
                                                         _11107_ (net)
                      0.114195    0.000275   19.348145 v _11979_/A (sky130_fd_sc_hd__or3_2)
     5    0.013755    0.228975    1.232708   20.580853 v _11979_/X (sky130_fd_sc_hd__or3_2)
                                                         _00258_ (net)
                      0.228975    0.000281   20.581133 v _11981_/B (sky130_fd_sc_hd__and3_1)
     2    0.008921    0.120637    0.464514   21.045647 v _11981_/X (sky130_fd_sc_hd__and3_1)
                                                         _00280_ (net)
                      0.120638    0.000274   21.045921 v _12019_/A1 (sky130_fd_sc_hd__o211a_1)
     2    0.008144    0.117655    0.475426   21.521347 v _12019_/X (sky130_fd_sc_hd__o211a_1)
                                                         _00697_ (net)
                      0.117656    0.000250   21.521597 v _12021_/A2 (sky130_fd_sc_hd__o21a_1)
     2    0.006609    0.098271    0.362444   21.884043 v _12021_/X (sky130_fd_sc_hd__o21a_1)
                                                         _00719_ (net)
                      0.098271    0.000147   21.884190 v _12118_/B (sky130_fd_sc_hd__nor3_1)
     3    0.008753    0.510835    0.504244   22.388433 ^ _12118_/Y (sky130_fd_sc_hd__nor3_1)
                                                         _01598_ (net)
                      0.510835    0.000165   22.388597 ^ _16802_/B1_N (sky130_fd_sc_hd__o21ba_1)
     2    0.010555    0.130292    0.484706   22.873304 v _16802_/X (sky130_fd_sc_hd__o21ba_1)
                                                         _06628_ (net)
                      0.130293    0.000272   22.873575 v _17945_/A2 (sky130_fd_sc_hd__o21bai_2)
     2    0.013897    0.313063    0.327759   23.201334 ^ _17945_/Y (sky130_fd_sc_hd__o21bai_2)
                                                         _07884_ (net)
                      0.313064    0.000451   23.201786 ^ _19186_/A2 (sky130_fd_sc_hd__a21o_1)
     3    0.020403    0.286065    0.469980   23.671766 ^ _19186_/X (sky130_fd_sc_hd__a21o_1)
                                                         _09248_ (net)
                      0.286068    0.000764   23.672529 ^ _20615_/A2 (sky130_fd_sc_hd__a21o_1)
     3    0.019034    0.268691    0.448297   24.120827 ^ _20615_/X (sky130_fd_sc_hd__a21o_1)
                                                         _10819_ (net)
                      0.268693    0.000693   24.121519 ^ _21715_/A1 (sky130_fd_sc_hd__a221o_1)
     1    0.010241    0.187530    0.448351   24.569870 ^ _21715_/X (sky130_fd_sc_hd__a221o_1)
                                                         _00849_ (net)
                      0.187531    0.000334   24.570204 ^ _21716_/B1 (sky130_fd_sc_hd__o311ai_4)
     1    0.018397    0.237297    0.307178   24.877382 v _21716_/Y (sky130_fd_sc_hd__o311ai_4)
                                                         _00850_ (net)
                      0.237299    0.001503   24.878885 v _21914_/A2 (sky130_fd_sc_hd__a31o_1)
     1    0.012862    0.145598    0.527125   25.406010 v _21914_/X (sky130_fd_sc_hd__a31o_1)
                                                         _01068_ (net)
                      0.145605    0.000826   25.406836 v _22033_/A2 (sky130_fd_sc_hd__o21a_1)
     1    0.021441    0.225201    0.487271   25.894108 v _22033_/X (sky130_fd_sc_hd__o21a_1)
                                                         _01199_ (net)
                      0.225220    0.001736   25.895844 v _22196_/A1 (sky130_fd_sc_hd__o22a_1)
     1    0.006712    0.122542    0.487242   26.383085 v _22196_/X (sky130_fd_sc_hd__o22a_1)
                                                         _01378_ (net)
                      0.122543    0.000304   26.383389 v _22243_/A2 (sky130_fd_sc_hd__o21ba_1)
     1    0.004736    0.081293    0.348317   26.731705 v _22243_/X (sky130_fd_sc_hd__o21ba_1)
                                                         _01430_ (net)
                      0.081293    0.000169   26.731874 v _22245_/B1 (sky130_fd_sc_hd__o32a_1)
     1    0.001927    0.099567    0.316817   27.048691 v _22245_/X (sky130_fd_sc_hd__o32a_1)
                                                         _00005_ (net)
                      0.099567    0.000055   27.048746 v _22395_/D (sky130_fd_sc_hd__dfxtp_2)
                                             27.048746   data arrival time

                                 25.000000   25.000000   clock clk (rise edge)
                                  0.000000   25.000000   clock source latency
     2    0.091448    0.657135    0.460522   25.460522 ^ clk (in)
                                                         clk (net)
                      0.657236    0.000000   25.460522 ^ clkbuf_0_clk/A (sky130_fd_sc_hd__clkbuf_16)
     2    0.024842    0.082015    0.471475   25.931997 ^ clkbuf_0_clk/X (sky130_fd_sc_hd__clkbuf_16)
                                                         clknet_0_clk (net)
                      0.082025    0.000718   25.932714 ^ clkbuf_1_1__f_clk/A (sky130_fd_sc_hd__clkbuf_16)
     7    0.028648    0.078657    0.238872   26.171587 ^ clkbuf_1_1__f_clk/X (sky130_fd_sc_hd__clkbuf_16)
                                                         clknet_1_1__leaf_clk (net)
                      0.078711    0.001569   26.173155 ^ _22395_/CLK (sky130_fd_sc_hd__dfxtp_2)
                                 -0.250000   25.923157   clock uncertainty
                                  0.000000   25.923157   clock reconvergence pessimism
                                 -0.284315   25.638842   library setup time
                                             25.638842   data required time
---------------------------------------------------------------------------------------------
                                             25.638842   data required time
                                            -27.048746   data arrival time
---------------------------------------------------------------------------------------------
                                             -1.409905   slack (VIOLATED)




===========================================================================
report_checks --slack_max -0.01
============================================================================
======================= nom_ss_100C_1v60 Corner ===================================

Startpoint: input_data[81] (input port clocked by clk)
Endpoint: _22395_ (rising edge-triggered flip-flop clocked by clk)
Path Group: clk
Path Type: max

Fanout         Cap        Slew       Delay        Time   Description
---------------------------------------------------------------------------------------------
                                  0.000000    0.000000   clock clk (rise edge)
                                  0.000000    0.000000   clock network delay (propagated)
                                  5.000000    5.000000 ^ input external delay
     1    0.003215    0.035010    0.017988    5.017988 ^ input_data[81] (in)
                                                         input_data[81] (net)
                      0.035010    0.000000    5.017988 ^ input197/A (sky130_fd_sc_hd__buf_2)
     1    0.061103    0.471240    0.468443    5.486431 ^ input197/X (sky130_fd_sc_hd__buf_2)
                                                         net197 (net)
                      0.471279    0.003603    5.490034 ^ fanout407/A (sky130_fd_sc_hd__clkbuf_4)
     7    0.076514    0.364336    0.641362    6.131395 ^ fanout407/X (sky130_fd_sc_hd__clkbuf_4)
                                                         net407 (net)
                      0.364586    0.007916    6.139311 ^ fanout406/A (sky130_fd_sc_hd__buf_4)
     8    0.077680    0.344955    0.535574    6.674885 ^ fanout406/X (sky130_fd_sc_hd__buf_4)
                                                         net406 (net)
                      0.345297    0.008993    6.683878 ^ fanout405/A (sky130_fd_sc_hd__clkbuf_2)
     5    0.034859    0.300508    0.472748    7.156627 ^ fanout405/X (sky130_fd_sc_hd__clkbuf_2)
                                                         net405 (net)
                      0.300524    0.001802    7.158429 ^ fanout404/A (sky130_fd_sc_hd__buf_4)
    10    0.060523    0.274825    0.460402    7.618831 ^ fanout404/X (sky130_fd_sc_hd__buf_4)
                                                         net404 (net)
                      0.274890    0.003511    7.622342 ^ _11244_/B (sky130_fd_sc_hd__nor2_1)
     4    0.016665    0.163407    0.248817    7.871159 v _11244_/Y (sky130_fd_sc_hd__nor2_1)
                                                         _03356_ (net)
                      0.163408    0.000370    7.871530 v _11245_/B (sky130_fd_sc_hd__nor2_2)
     3    0.043929    0.777251    0.661880    8.533410 ^ _11245_/Y (sky130_fd_sc_hd__nor2_2)
                                                         _03367_ (net)
                      0.777254    0.001130    8.534539 ^ fanout263/A (sky130_fd_sc_hd__clkbuf_8)
    10    0.104470    0.293282    0.679490    9.214030 ^ fanout263/X (sky130_fd_sc_hd__clkbuf_8)
                                                         net263 (net)
                      0.293530    0.007036    9.221066 ^ _11368_/A1 (sky130_fd_sc_hd__a21o_1)
     2    0.008675    0.136891    0.346134    9.567200 ^ _11368_/X (sky130_fd_sc_hd__a21o_1)
                                                         _04720_ (net)
                      0.136891    0.000226    9.567426 ^ _11370_/B (sky130_fd_sc_hd__xor2_1)
     2    0.009412    0.372741    0.415317    9.982742 ^ _11370_/X (sky130_fd_sc_hd__xor2_1)
                                                         _04742_ (net)
                      0.372741    0.000333    9.983075 ^ _11372_/B (sky130_fd_sc_hd__xnor2_1)
     3    0.011002    0.451903    0.392749   10.375824 ^ _11372_/Y (sky130_fd_sc_hd__xnor2_1)
                                                         _04764_ (net)
                      0.451903    0.000274   10.376098 ^ _11375_/D_N (sky130_fd_sc_hd__or4b_2)
     3    0.017152    0.320448    1.691320   12.067418 v _11375_/X (sky130_fd_sc_hd__or4b_2)
                                                         _04797_ (net)
                      0.320449    0.000681   12.068099 v _11672_/A1 (sky130_fd_sc_hd__o31ai_4)
     4    0.030254    0.624836    0.778531   12.846630 ^ _11672_/Y (sky130_fd_sc_hd__o31ai_4)
                                                         _08062_ (net)
                      0.624837    0.000654   12.847283 ^ _11845_/B (sky130_fd_sc_hd__and3_1)
     2    0.026261    0.411191    0.741583   13.588866 ^ _11845_/X (sky130_fd_sc_hd__and3_1)
                                                         _09964_ (net)
                      0.411226    0.003133   13.591999 ^ _11879_/A1_N (sky130_fd_sc_hd__a2bb2o_1)
     3    0.021008    0.249696    0.880064   14.472063 v _11879_/X (sky130_fd_sc_hd__a2bb2o_1)
                                                         _10338_ (net)
                      0.249703    0.001080   14.473143 v _11880_/C (sky130_fd_sc_hd__and3_1)
     2    0.005329    0.091817    0.473753   14.946896 v _11880_/X (sky130_fd_sc_hd__and3_1)
                                                         _10349_ (net)
                      0.091817    0.000110   14.947006 v _11882_/B (sky130_fd_sc_hd__or3_1)
     3    0.011436    0.226771    0.923956   15.870962 v _11882_/X (sky130_fd_sc_hd__or3_1)
                                                         _10370_ (net)
                      0.226772    0.000329   15.871290 v _11897_/A1 (sky130_fd_sc_hd__a211o_1)
     3    0.007597    0.127615    0.599675   16.470966 v _11897_/X (sky130_fd_sc_hd__a211o_1)
                                                         _10535_ (net)
                      0.127615    0.000099   16.471066 v _11898_/C (sky130_fd_sc_hd__and3_1)
     2    0.005617    0.093953    0.415051   16.886116 v _11898_/X (sky130_fd_sc_hd__and3_1)
                                                         _10546_ (net)
                      0.093953    0.000123   16.886238 v _11917_/B1 (sky130_fd_sc_hd__a211o_1)
     3    0.011366    0.161964    0.595850   17.482090 v _11917_/X (sky130_fd_sc_hd__a211o_1)
                                                         _10755_ (net)
                      0.161964    0.000277   17.482367 v _11920_/B (sky130_fd_sc_hd__and3_2)
     4    0.020865    0.147320    0.546990   18.029356 v _11920_/X (sky130_fd_sc_hd__and3_2)
                                                         _10788_ (net)
                      0.147322    0.000430   18.029787 v _11947_/A (sky130_fd_sc_hd__or3_4)
     5    0.026066    0.179409    0.882849   18.912636 v _11947_/X (sky130_fd_sc_hd__or3_4)
                                                         _11085_ (net)
                      0.179414    0.001851   18.914486 v _11949_/B (sky130_fd_sc_hd__and3_1)
     2    0.008148    0.114194    0.433383   19.347870 v _11949_/X (sky130_fd_sc_hd__and3_1)
                                                         _11107_ (net)
                      0.114195    0.000275   19.348145 v _11979_/A (sky130_fd_sc_hd__or3_2)
     5    0.013755    0.228975    1.232708   20.580853 v _11979_/X (sky130_fd_sc_hd__or3_2)
                                                         _00258_ (net)
                      0.228975    0.000281   20.581133 v _11981_/B (sky130_fd_sc_hd__and3_1)
     2    0.008921    0.120637    0.464514   21.045647 v _11981_/X (sky130_fd_sc_hd__and3_1)
                                                         _00280_ (net)
                      0.120638    0.000274   21.045921 v _12019_/A1 (sky130_fd_sc_hd__o211a_1)
     2    0.008144    0.117655    0.475426   21.521347 v _12019_/X (sky130_fd_sc_hd__o211a_1)
                                                         _00697_ (net)
                      0.117656    0.000250   21.521597 v _12021_/A2 (sky130_fd_sc_hd__o21a_1)
     2    0.006609    0.098271    0.362444   21.884043 v _12021_/X (sky130_fd_sc_hd__o21a_1)
                                                         _00719_ (net)
                      0.098271    0.000147   21.884190 v _12118_/B (sky130_fd_sc_hd__nor3_1)
     3    0.008753    0.510835    0.504244   22.388433 ^ _12118_/Y (sky130_fd_sc_hd__nor3_1)
                                                         _01598_ (net)
                      0.510835    0.000165   22.388597 ^ _16802_/B1_N (sky130_fd_sc_hd__o21ba_1)
     2    0.010555    0.130292    0.484706   22.873304 v _16802_/X (sky130_fd_sc_hd__o21ba_1)
                                                         _06628_ (net)
                      0.130293    0.000272   22.873575 v _17945_/A2 (sky130_fd_sc_hd__o21bai_2)
     2    0.013897    0.313063    0.327759   23.201334 ^ _17945_/Y (sky130_fd_sc_hd__o21bai_2)
                                                         _07884_ (net)
                      0.313064    0.000451   23.201786 ^ _19186_/A2 (sky130_fd_sc_hd__a21o_1)
     3    0.020403    0.286065    0.469980   23.671766 ^ _19186_/X (sky130_fd_sc_hd__a21o_1)
                                                         _09248_ (net)
                      0.286068    0.000764   23.672529 ^ _20615_/A2 (sky130_fd_sc_hd__a21o_1)
     3    0.019034    0.268691    0.448297   24.120827 ^ _20615_/X (sky130_fd_sc_hd__a21o_1)
                                                         _10819_ (net)
                      0.268693    0.000693   24.121519 ^ _21715_/A1 (sky130_fd_sc_hd__a221o_1)
     1    0.010241    0.187530    0.448351   24.569870 ^ _21715_/X (sky130_fd_sc_hd__a221o_1)
                                                         _00849_ (net)
                      0.187531    0.000334   24.570204 ^ _21716_/B1 (sky130_fd_sc_hd__o311ai_4)
     1    0.018397    0.237297    0.307178   24.877382 v _21716_/Y (sky130_fd_sc_hd__o311ai_4)
                                                         _00850_ (net)
                      0.237299    0.001503   24.878885 v _21914_/A2 (sky130_fd_sc_hd__a31o_1)
     1    0.012862    0.145598    0.527125   25.406010 v _21914_/X (sky130_fd_sc_hd__a31o_1)
                                                         _01068_ (net)
                      0.145605    0.000826   25.406836 v _22033_/A2 (sky130_fd_sc_hd__o21a_1)
     1    0.021441    0.225201    0.487271   25.894108 v _22033_/X (sky130_fd_sc_hd__o21a_1)
                                                         _01199_ (net)
                      0.225220    0.001736   25.895844 v _22196_/A1 (sky130_fd_sc_hd__o22a_1)
     1    0.006712    0.122542    0.487242   26.383085 v _22196_/X (sky130_fd_sc_hd__o22a_1)
                                                         _01378_ (net)
                      0.122543    0.000304   26.383389 v _22243_/A2 (sky130_fd_sc_hd__o21ba_1)
     1    0.004736    0.081293    0.348317   26.731705 v _22243_/X (sky130_fd_sc_hd__o21ba_1)
                                                         _01430_ (net)
                      0.081293    0.000169   26.731874 v _22245_/B1 (sky130_fd_sc_hd__o32a_1)
     1    0.001927    0.099567    0.316817   27.048691 v _22245_/X (sky130_fd_sc_hd__o32a_1)
                                                         _00005_ (net)
                      0.099567    0.000055   27.048746 v _22395_/D (sky130_fd_sc_hd__dfxtp_2)
                                             27.048746   data arrival time

                                 25.000000   25.000000   clock clk (rise edge)
                                  0.000000   25.000000   clock source latency
     2    0.091448    0.657135    0.460522   25.460522 ^ clk (in)
                                                         clk (net)
                      0.657236    0.000000   25.460522 ^ clkbuf_0_clk/A (sky130_fd_sc_hd__clkbuf_16)
     2    0.024842    0.082015    0.471475   25.931997 ^ clkbuf_0_clk/X (sky130_fd_sc_hd__clkbuf_16)
                                                         clknet_0_clk (net)
                      0.082025    0.000718   25.932714 ^ clkbuf_1_1__f_clk/A (sky130_fd_sc_hd__clkbuf_16)
     7    0.028648    0.078657    0.238872   26.171587 ^ clkbuf_1_1__f_clk/X (sky130_fd_sc_hd__clkbuf_16)
                                                         clknet_1_1__leaf_clk (net)
                      0.078711    0.001569   26.173155 ^ _22395_/CLK (sky130_fd_sc_hd__dfxtp_2)
                                 -0.250000   25.923157   clock uncertainty
                                  0.000000   25.923157   clock reconvergence pessimism
                                 -0.284315   25.638842   library setup time
                                             25.638842   data required time
---------------------------------------------------------------------------------------------
                                             25.638842   data required time
                                            -27.048746   data arrival time
---------------------------------------------------------------------------------------------
                                             -1.409905   slack (VIOLATED)




===========================================================================
 report_check_types -max_slew -max_cap -max_fanout -violators
============================================================================
======================= nom_ss_100C_1v60 Corner ===================================

max slew

Pin                                        Limit        Slew       Slack
------------------------------------------------------------------------
_21532_/B                               0.750000    1.110443   -0.360443 (VIOLATED)
ANTENNA_4/DIODE                         0.750000    1.110442   -0.360442 (VIOLATED)
ANTENNA_5/DIODE                         0.750000    1.110442   -0.360442 (VIOLATED)
_21531_/X                               0.750000    1.110382   -0.360382 (VIOLATED)
_13766_/A                               0.750000    0.938834   -0.188835 (VIOLATED)
_13767_/B1                              0.750000    0.938834   -0.188834 (VIOLATED)
_13764_/Y                               0.750000    0.938824   -0.188824 (VIOLATED)
_17119_/A2                              0.750000    0.921049   -0.171049 (VIOLATED)
_17118_/Y                               0.750000    0.921046   -0.171046 (VIOLATED)
_22349_/B1                              0.750000    0.897495   -0.147495 (VIOLATED)
_17119_/B1                              0.750000    0.897429   -0.147429 (VIOLATED)
_22383_/C1                              0.750000    0.897420   -0.147420 (VIOLATED)
_18467_/A1                              0.750000    0.897351   -0.147351 (VIOLATED)
_17458_/A1                              0.750000    0.897343   -0.147343 (VIOLATED)
_21562_/C1                              0.750000    0.897341   -0.147341 (VIOLATED)
_22365_/A1                              0.750000    0.897321   -0.147321 (VIOLATED)
_22338_/A1                              0.750000    0.897298   -0.147298 (VIOLATED)
_22319_/B1                              0.750000    0.897266   -0.147266 (VIOLATED)
_22271_/A1                              0.750000    0.897266   -0.147266 (VIOLATED)
_15566_/Y                               0.750000    0.897263   -0.147263 (VIOLATED)
_17098_/C                               0.750000    0.893771   -0.143771 (VIOLATED)
_17099_/A2                              0.750000    0.893771   -0.143771 (VIOLATED)
_17097_/Y                               0.750000    0.893718   -0.143718 (VIOLATED)
_11884_/B                               0.750000    0.867856   -0.117856 (VIOLATED)
_11791_/A2                              0.750000    0.867855   -0.117855 (VIOLATED)
_11790_/Y                               0.750000    0.867837   -0.117837 (VIOLATED)
_17094_/A                               0.750000    0.843241   -0.093241 (VIOLATED)
_17095_/A                               0.750000    0.843241   -0.093241 (VIOLATED)
_17009_/Y                               0.750000    0.843236   -0.093236 (VIOLATED)
_13340_/A                               0.750000    0.843108   -0.093108 (VIOLATED)
_13339_/A                               0.750000    0.843105   -0.093105 (VIOLATED)
_15922_/A                               0.750000    0.843029   -0.093029 (VIOLATED)
_17575_/A1                              0.750000    0.843029   -0.093029 (VIOLATED)
_21392_/A_N                             0.750000    0.843025   -0.093025 (VIOLATED)
_21393_/A                               0.750000    0.843025   -0.093025 (VIOLATED)
_13278_/Y                               0.750000    0.843017   -0.093017 (VIOLATED)
_20241_/C_N                             0.750000    0.821364   -0.071364 (VIOLATED)
_20240_/B1_N                            0.750000    0.821364   -0.071364 (VIOLATED)
_20239_/Y                               0.750000    0.821347   -0.071347 (VIOLATED)
_13468_/A                               0.750000    0.807822   -0.057822 (VIOLATED)
_13467_/A                               0.750000    0.807809   -0.057809 (VIOLATED)
_17705_/A_N                             0.750000    0.807670   -0.057670 (VIOLATED)
_17704_/B                               0.750000    0.807670   -0.057670 (VIOLATED)
_15986_/A                               0.750000    0.807654   -0.057654 (VIOLATED)
_15984_/A                               0.750000    0.807654   -0.057654 (VIOLATED)
_13465_/X                               0.750000    0.807633   -0.057633 (VIOLATED)
_14501_/A2                              0.750000    0.800537   -0.050537 (VIOLATED)
_14463_/B                               0.750000    0.800537   -0.050537 (VIOLATED)
_14132_/C                               0.750000    0.800508   -0.050508 (VIOLATED)
_14131_/Y                               0.750000    0.800501   -0.050501 (VIOLATED)
_15027_/A2                              0.750000    0.800501   -0.050501 (VIOLATED)
_16442_/A                               0.750000    0.794718   -0.044718 (VIOLATED)
_16450_/A                               0.750000    0.794718   -0.044718 (VIOLATED)
_11988_/A                               0.750000    0.794710   -0.044711 (VIOLATED)
_11960_/A1                              0.750000    0.794706   -0.044706 (VIOLATED)
_11957_/Y                               0.750000    0.794614   -0.044614 (VIOLATED)
_19485_/A                               0.750000    0.793648   -0.043649 (VIOLATED)
_19484_/A                               0.750000    0.793646   -0.043646 (VIOLATED)
_21377_/A1                              0.750000    0.793592   -0.043592 (VIOLATED)
_20018_/A                               0.750000    0.793591   -0.043591 (VIOLATED)
_19473_/Y                               0.750000    0.793549   -0.043549 (VIOLATED)
_17630_/A2                              0.750000    0.787638   -0.037638 (VIOLATED)
_17629_/C                               0.750000    0.787638   -0.037638 (VIOLATED)
_17628_/Y                               0.750000    0.787622   -0.037622 (VIOLATED)
_13722_/B                               0.750000    0.777261   -0.027261 (VIOLATED)
_13721_/B                               0.750000    0.777261   -0.027261 (VIOLATED)
fanout263/A                             0.750000    0.777254   -0.027254 (VIOLATED)
_11245_/Y                               0.750000    0.777251   -0.027252 (VIOLATED)
_22103_/A                               0.750000    0.774886   -0.024886 (VIOLATED)
_22101_/Y                               0.750000    0.774452   -0.024452 (VIOLATED)
_16485_/B                               0.750000    0.773596   -0.023596 (VIOLATED)
_16482_/B                               0.750000    0.773596   -0.023596 (VIOLATED)
_16481_/Y                               0.750000    0.773588   -0.023588 (VIOLATED)
_20899_/A                               0.750000    0.771796   -0.021796 (VIOLATED)
_20898_/A                               0.750000    0.771789   -0.021789 (VIOLATED)
_22118_/A1                              0.750000    0.771556   -0.021556 (VIOLATED)
_21376_/A                               0.750000    0.771547   -0.021547 (VIOLATED)
_20890_/Y                               0.750000    0.771492   -0.021492 (VIOLATED)
_21524_/B                               0.750000    0.761930   -0.011930 (VIOLATED)
_21523_/Y                               0.750000    0.761925   -0.011925 (VIOLATED)
_17610_/B                               0.750000    0.760299   -0.010299 (VIOLATED)
_18819_/A2                              0.750000    0.760299   -0.010299 (VIOLATED)
_17609_/Y                               0.750000    0.760297   -0.010297 (VIOLATED)
_13664_/B                               0.750000    0.758765   -0.008765 (VIOLATED)
_13665_/B                               0.750000    0.758765   -0.008765 (VIOLATED)
_12387_/A                               0.750000    0.758757   -0.008757 (VIOLATED)
_14468_/A                               0.750000    0.758756   -0.008756 (VIOLATED)
_12227_/A                               0.750000    0.758756   -0.008756 (VIOLATED)
_12386_/A                               0.750000    0.758755   -0.008755 (VIOLATED)
_12226_/Y                               0.750000    0.758752   -0.008752 (VIOLATED)
_20024_/B                               0.750000    0.757751   -0.007751 (VIOLATED)
_20023_/Y                               0.750000    0.757746   -0.007746 (VIOLATED)
_22092_/B                               0.750000    0.757691   -0.007691 (VIOLATED)
_22091_/Y                               0.750000    0.757686   -0.007686 (VIOLATED)
_16390_/B                               0.750000    0.755373   -0.005373 (VIOLATED)
_16406_/B                               0.750000    0.755372   -0.005372 (VIOLATED)
_16389_/Y                               0.750000    0.755364   -0.005364 (VIOLATED)
_22307_/Y                               0.750000    0.753243   -0.003243 (VIOLATED)
_22308_/B1                              0.750000    0.753243   -0.003243 (VIOLATED)
_20382_/C                               0.750000    0.751311   -0.001311 (VIOLATED)
_20384_/B1                              0.750000    0.751310   -0.001310 (VIOLATED)
_20381_/Y                               0.750000    0.751277   -0.001277 (VIOLATED)
_21903_/B                               0.750000    0.751090   -0.001091 (VIOLATED)
_22190_/A                               0.750000    0.751047   -0.001047 (VIOLATED)
_21850_/Y                               0.750000    0.750980   -0.000980 (VIOLATED)

max fanout

Pin                                   Limit Fanout  Slack
---------------------------------------------------------
fanout487/X                              10     14     -4 (VIOLATED)
input136/X                               10     14     -4 (VIOLATED)
_15196_/Y                                10     11        (VIOLATED)
fanout496/X                              10     11        (VIOLATED)
fanout536/X                              10     11        (VIOLATED)



===========================================================================
report_parasitic_annotation -report_unannotated
============================================================================
Found 23 unannotated drivers.
 input_data[127]
 input_data[191]
 input_data[207]
 input_data[208]
 input_data[209]
 input_data[210]
 input_data[211]
 input_data[212]
 input_data[213]
 input_data[214]
 input_data[215]
 input_data[216]
 input_data[217]
 input_data[218]
 input_data[219]
 input_data[220]
 input_data[221]
 input_data[222]
 input_data[223]
 input_data[238]
 input_data[239]
 input_data[63]
 input_data[79]
Found 0 partially unannotated drivers.

===========================================================================
max slew violation count 105
max fanout violation count 5
max cap violation count 0
============================================================================

===========================================================================
check_setup -verbose -unconstrained_endpoints -multiple_clock -no_clock -no_input_delay -loops -generated_clocks
===========================================================================
