Reading OpenROAD database at '/mnt/d/APIC/FIR_Openlane/Highpass/runs/RUN_2024-06-17_12-37-29/19-openroad-generatepdn/highpass.odb'…
Reading library file at '/home/nurwiyoso14/.volare/volare/sky130/versions/bdc9412b3e468c102d01b7cf6337be06ec6e9c9a/sky130A/libs.ref/sky130_fd_sc_hd/lib/sky130_fd_sc_hd__tt_025C_1v80.lib'…
Reading design constraints file at '/nix/store/ly0xjc8f0gmgmckxcrs0bw8vqc9gf9bk-python3-3.11.6-env/lib/python3.11/site-packages/openlane/scripts/base.sdc'…
[INFO] Using clock clk…
[INFO] Setting output delay to: 5
[INFO] Setting input delay to: 5
[INFO] Setting load to: 0.033442
[INFO] Setting clock uncertainty to: 0.25
[INFO] Setting clock transition to: 0.1499999999999999944488848768742172978818416595458984375
[INFO] Setting timing derate to: 5%
[INFO] Setting RC values…
[INFO] Setting signal min routing layer to: met1 and clock min routing layer to met1. 
[INFO] Setting signal max routing layer to: met4 and clock max routing layer to met4. 
{*}-density 0.283358 -timing_driven -routability_driven -skip_io -pad_right 0 -pad_left 0 -init_wirelength_coef 0.25
[WARNING GPL-0150] -skip_io will disable timing driven mode.
[WARNING GPL-0151] -skip_io will disable routability driven mode.
[INFO GPL-0002] DBU: 1000
[INFO GPL-0003] SiteSize: 460 2720
[INFO GPL-0004] CoreAreaLxLy: 5520 10880
[INFO GPL-0005] CoreAreaUxUy: 994060 688160
[INFO GPL-0006] NumInstances: 21247
[INFO GPL-0007] NumPlaceInstances: 11211
[INFO GPL-0008] NumFixedInstances: 10036
[INFO GPL-0009] NumDummyInstances: 0
[INFO GPL-0010] NumNets: 11456
[INFO GPL-0011] NumPins: 37195
[INFO GPL-0012] DieAreaLxLy: 0 0
[INFO GPL-0013] DieAreaUxUy: 1000000 700000
[INFO GPL-0014] CoreAreaLxLy: 5520 10880
[INFO GPL-0015] CoreAreaUxUy: 994060 688160
[INFO GPL-0016] CoreArea: 669518371200
[INFO GPL-0017] NonPlaceInstsArea: 13803238400
[INFO GPL-0018] PlaceInstsArea: 110827542400
[INFO GPL-0019] Util(%): 16.90
[INFO GPL-0020] StdInstsArea: 110827542400
[INFO GPL-0021] MacroInstsArea: 0
[INFO GPL-0031] FillerInit: NumGCells: 18886
[INFO GPL-0032] FillerInit: NumGNets: 11456
[INFO GPL-0033] FillerInit: NumGPins: 37195
[INFO GPL-0023] TargetDensity: 0.28
[INFO GPL-0024] AveragePlaceInstArea: 9885607
[INFO GPL-0025] IdealBinArea: 34887340
[INFO GPL-0026] IdealBinCnt: 19190
[INFO GPL-0027] TotalBinArea: 669518371200
[INFO GPL-0028] BinCnt: 128 128
[INFO GPL-0029] BinSize: 7723 5292
[INFO GPL-0030] NumBins: 16384
[NesterovSolve] Iter: 1 overflow: 0.999405 HPWL: 28408531
[NesterovSolve] Iter: 10 overflow: 0.998993 HPWL: 18336923
[NesterovSolve] Iter: 20 overflow: 0.998993 HPWL: 17918205
[NesterovSolve] Iter: 30 overflow: 0.998993 HPWL: 17795210
[NesterovSolve] Iter: 40 overflow: 0.998993 HPWL: 17758955
[NesterovSolve] Iter: 50 overflow: 0.998993 HPWL: 17746688
[NesterovSolve] Iter: 60 overflow: 0.998993 HPWL: 17743250
[NesterovSolve] Iter: 70 overflow: 0.998993 HPWL: 17750680
[NesterovSolve] Iter: 80 overflow: 0.998993 HPWL: 17774954
[NesterovSolve] Iter: 90 overflow: 0.998992 HPWL: 17835886
[NesterovSolve] Iter: 100 overflow: 0.998852 HPWL: 17992121
[NesterovSolve] Iter: 110 overflow: 0.998499 HPWL: 18427889
[NesterovSolve] Iter: 120 overflow: 0.997992 HPWL: 19730658
[NesterovSolve] Iter: 130 overflow: 0.996753 HPWL: 23297356
[NesterovSolve] Iter: 140 overflow: 0.994436 HPWL: 31217192
[NesterovSolve] Iter: 150 overflow: 0.990175 HPWL: 42661340
[NesterovSolve] Iter: 160 overflow: 0.985342 HPWL: 53436415
[NesterovSolve] Iter: 170 overflow: 0.979084 HPWL: 62488966
[NesterovSolve] Iter: 180 overflow: 0.972264 HPWL: 72502287
[NesterovSolve] Iter: 190 overflow: 0.961889 HPWL: 86677770
[NesterovSolve] Iter: 200 overflow: 0.946411 HPWL: 105364964
[NesterovSolve] Iter: 210 overflow: 0.924816 HPWL: 126685889
[NesterovSolve] Iter: 220 overflow: 0.897979 HPWL: 148481228
[NesterovSolve] Iter: 230 overflow: 0.867431 HPWL: 170242692
[NesterovSolve] Iter: 240 overflow: 0.833262 HPWL: 193310505
[NesterovSolve] Iter: 250 overflow: 0.797087 HPWL: 216992458
[NesterovSolve] Iter: 260 overflow: 0.755612 HPWL: 240665216
[NesterovSolve] Iter: 270 overflow: 0.707772 HPWL: 264934552
[NesterovSolve] Iter: 280 overflow: 0.658444 HPWL: 285237616
[NesterovSolve] Iter: 290 overflow: 0.609022 HPWL: 302556311
[NesterovSolve] Iter: 300 overflow: 0.555009 HPWL: 321123389
[NesterovSolve] Iter: 310 overflow: 0.502398 HPWL: 338016191
[NesterovSolve] Iter: 320 overflow: 0.463253 HPWL: 354210013
[NesterovSolve] Iter: 330 overflow: 0.417065 HPWL: 362155763
[NesterovSolve] Iter: 340 overflow: 0.374618 HPWL: 367216753
[NesterovSolve] Iter: 350 overflow: 0.337779 HPWL: 375312056
[NesterovSolve] Iter: 360 overflow: 0.311195 HPWL: 382111470
[NesterovSolve] Iter: 370 overflow: 0.286433 HPWL: 385679943
[NesterovSolve] Iter: 380 overflow: 0.263101 HPWL: 389949680
[NesterovSolve] Iter: 390 overflow: 0.24026 HPWL: 392081080
[NesterovSolve] Iter: 400 overflow: 0.218444 HPWL: 393996608
[NesterovSolve] Iter: 410 overflow: 0.199305 HPWL: 395337041
[NesterovSolve] Iter: 420 overflow: 0.183089 HPWL: 394588687
[NesterovSolve] Iter: 430 overflow: 0.165872 HPWL: 394552323
[NesterovSolve] Iter: 440 overflow: 0.14894 HPWL: 395009162
[NesterovSolve] Iter: 450 overflow: 0.132389 HPWL: 395561456
[NesterovSolve] Iter: 460 overflow: 0.11762 HPWL: 396272800
[NesterovSolve] Iter: 470 overflow: 0.10376 HPWL: 396922694
[NesterovSolve] Finished with Overflow: 0.099895
[INFO] Setting RC values…
Setting global connections for newly added cells…
[INFO] Setting global connections...
Writing OpenROAD database to '/mnt/d/APIC/FIR_Openlane/Highpass/runs/RUN_2024-06-17_12-37-29/22-openroad-globalplacementskipio/highpass.odb'…
Writing netlist to '/mnt/d/APIC/FIR_Openlane/Highpass/runs/RUN_2024-06-17_12-37-29/22-openroad-globalplacementskipio/highpass.nl.v'…
Writing powered netlist to '/mnt/d/APIC/FIR_Openlane/Highpass/runs/RUN_2024-06-17_12-37-29/22-openroad-globalplacementskipio/highpass.pnl.v'…
Writing layout to '/mnt/d/APIC/FIR_Openlane/Highpass/runs/RUN_2024-06-17_12-37-29/22-openroad-globalplacementskipio/highpass.def'…
Writing timing constraints to '/mnt/d/APIC/FIR_Openlane/Highpass/runs/RUN_2024-06-17_12-37-29/22-openroad-globalplacementskipio/highpass.sdc'…
