┏━━━━━━━━━━━━━━━━━━┳━━━━━━━━━━┳━━━━━━━━━┳━━━━━━━━━┳━━━━━━━━━━━━━━┳━━━━━━━┓
┃ Partial/Required ┃ Required ┃ Partial ┃ Net     ┃ Pin          ┃ Layer ┃
┡━━━━━━━━━━━━━━━━━━╇━━━━━━━━━━╇━━━━━━━━━╇━━━━━━━━━╇━━━━━━━━━━━━━━╇━━━━━━━┩
│ 4.01             │ 400.00   │ 1602.78 │ net368  │ _14398_/B    │ met1  │
│ 3.93             │ 400.00   │ 1571.11 │ net40   │ _17776_/A    │ met1  │
│ 3.85             │ 400.00   │ 1540.35 │ net222  │ output222/A  │ met1  │
│ 3.79             │ 400.00   │ 1516.22 │ net119  │ _11886_/A    │ met1  │
│ 3.49             │ 400.00   │ 1396.67 │ _04305_ │ _14690_/B    │ met1  │
│ 3.42             │ 400.00   │ 1366.78 │ _10832_ │ _11934_/A    │ met1  │
│ 2.98             │ 400.00   │ 1191.61 │ net89   │ _11902_/B    │ met1  │
│ 2.96             │ 400.00   │ 1183.92 │ net229  │ output229/A  │ met1  │
│ 2.91             │ 400.00   │ 1165.78 │ net90   │ _11886_/B    │ met1  │
│ 2.79             │ 400.00   │ 1116.56 │ net327  │ _18306_/B    │ met1  │
│ 2.64             │ 400.00   │ 1057.00 │ _00270_ │ _21189_/B    │ met1  │
│ 2.64             │ 400.00   │ 1056.34 │ net230  │ output230/A  │ met1  │
│ 2.62             │ 400.00   │ 1049.80 │ net242  │ _20909_/A    │ met1  │
│ 2.61             │ 400.00   │ 1044.11 │ _01577_ │ _22388_/B1   │ met1  │
│ 2.57             │ 400.00   │ 1028.89 │ net355  │ _12964_/A1_N │ met1  │
│ 2.38             │ 400.00   │ 953.07  │ net529  │ _22173_/A2   │ met1  │
│ 2.32             │ 400.00   │ 928.58  │ net235  │ output235/A  │ met1  │
│ 2.22             │ 400.00   │ 888.11  │ _01559_ │ _22372_/A1_N │ met1  │
│ 2.15             │ 400.00   │ 860.89  │ net345  │ _12958_/B    │ met1  │
│ 2.07             │ 400.00   │ 829.11  │ _06246_ │ _16455_/B2   │ met1  │
│ 1.92             │ 400.00   │ 767.20  │ net279  │ _11960_/A1   │ met1  │
│ 1.86             │ 400.00   │ 744.35  │ net246  │ _17099_/A2   │ met1  │
│ 1.81             │ 400.00   │ 724.56  │ net430  │ _16372_/A    │ met1  │
│ 1.80             │ 400.00   │ 720.77  │ net136  │ fanout568/A  │ met1  │
│ 1.78             │ 400.00   │ 713.67  │ net24   │ _19339_/A    │ met1  │
│ 1.69             │ 400.00   │ 674.94  │ net591  │ _22247_/B    │ met2  │
│ 1.65             │ 400.00   │ 661.26  │ net234  │ output234/A  │ met1  │
│ 1.57             │ 400.00   │ 629.18  │ _02839_ │ _13221_/A    │ met1  │
│ 1.56             │ 400.00   │ 623.11  │ _03383_ │ _22363_/C    │ met1  │
│ 1.56             │ 400.00   │ 622.22  │ net315  │ _15516_/A    │ met1  │
│ 1.54             │ 400.00   │ 616.23  │ net447  │ _15518_/A    │ met1  │
│ 1.51             │ 400.00   │ 602.89  │ _01704_ │ _12901_/A    │ met1  │
│ 1.46             │ 400.00   │ 583.08  │ _08844_ │ _20084_/A2   │ met1  │
│ 1.44             │ 400.00   │ 575.51  │ net156  │ fanout525/A  │ met1  │
│ 1.43             │ 400.00   │ 571.31  │ _11139_ │ wire242/A    │ met1  │
│ 1.40             │ 400.00   │ 559.32  │ _08420_ │ _18434_/B1   │ met1  │
│ 1.39             │ 400.00   │ 556.95  │ _10234_ │ _21191_/A2   │ met1  │
│ 1.39             │ 400.00   │ 555.67  │ _06984_ │ _18260_/A2_N │ met1  │
│ 1.36             │ 400.00   │ 545.98  │ net55   │ _20584_/A    │ met3  │
│ 1.36             │ 400.00   │ 545.98  │ net55   │ _22021_/A1   │ met3  │
│ 1.34             │ 400.00   │ 537.15  │ net334  │ _15008_/B    │ met1  │
│ 1.33             │ 400.00   │ 530.98  │ net97   │ _21598_/B    │ met1  │
│ 1.28             │ 400.00   │ 512.15  │ net118  │ _11902_/A    │ met1  │
│ 1.27             │ 400.00   │ 507.79  │ _07537_ │ _17630_/A2   │ met1  │
│ 1.23             │ 400.00   │ 490.31  │ _00909_ │ wire241/A    │ met1  │
│ 1.22             │ 400.00   │ 488.06  │ net207  │ fanout412/A  │ met1  │
│ 1.19             │ 400.00   │ 476.74  │ _01067_ │ _21914_/A3   │ met1  │
│ 1.17             │ 400.00   │ 468.89  │ net544  │ _13306_/B    │ met1  │
│ 1.17             │ 400.00   │ 468.25  │ net285  │ _14559_/A2   │ met1  │
│ 1.17             │ 400.00   │ 466.44  │ _07735_ │ _17810_/B    │ met1  │
│ 1.15             │ 400.00   │ 459.78  │ net159  │ _20626_/B    │ met1  │
│ 1.13             │ 400.00   │ 452.89  │ _03334_ │ _15374_/A    │ met1  │
│ 1.12             │ 400.00   │ 448.78  │ _05542_ │ _15816_/B    │ met1  │
│ 1.11             │ 400.00   │ 445.61  │ _05137_ │ _15644_/A    │ met1  │
│ 1.10             │ 400.00   │ 440.19  │ _09578_ │ wire243/A    │ met1  │
│ 1.10             │ 400.00   │ 439.78  │ net433  │ _11300_/A    │ met1  │
│ 1.09             │ 400.00   │ 437.33  │ net69   │ _15198_/B    │ met1  │
│ 1.09             │ 400.00   │ 434.99  │ net171  │ fanout495/A  │ met1  │
│ 1.07             │ 400.00   │ 427.22  │ _05318_ │ _17479_/A    │ met1  │
│ 1.06             │ 400.00   │ 422.50  │ net22   │ fanout391/A  │ met1  │
│ 1.03             │ 400.00   │ 411.63  │ net72   │ _16626_/A1   │ met1  │
└──────────────────┴──────────┴─────────┴─────────┴──────────────┴───────┘
