%Error: /mnt/d/APIC/FIR_Openlane/top/top.v:13:2: Cannot find file containing module: 'shifter'
   13 |  shifter lowshift(
      |  ^~~~~~~
%Error: /mnt/d/APIC/FIR_Openlane/top/top.v:13:2: This may be because there's no search path specified with -I<dir>.
   13 |  shifter lowshift(
      |  ^~~~~~~
        ... Looked in:
             shifter
             shifter.v
             shifter.sv
             obj_dir/shifter
             obj_dir/shifter.v
             obj_dir/shifter.sv
%Error: /mnt/d/APIC/FIR_Openlane/top/top.v:20:2: Cannot find file containing module: 'lowpass'
   20 |  lowpass lpf(
      |  ^~~~~~~
%Error: /mnt/d/APIC/FIR_Openlane/top/top.v:27:2: Cannot find file containing module: 'shifter'
   27 |  shifter highshift(
      |  ^~~~~~~
%Error: /mnt/d/APIC/FIR_Openlane/top/top.v:34:2: Cannot find file containing module: 'highpass'
   34 |  highpass hpf(
      |  ^~~~~~~~
%Error: Exiting due to 5 error(s)
