
===========================================================================
report_checks -unconstrained
===========================================================================
======================= nom_ss_100C_1v60 Corner ===================================

Startpoint: rst (input port clocked by clk)
Endpoint: _65847_ (recovery check against rising-edge clock clk)
Path Group: asynchronous
Path Type: max

Fanout         Cap        Slew       Delay        Time   Description
---------------------------------------------------------------------------------------------
                                  0.000000    0.000000   clock clk (rise edge)
                                  0.000000    0.000000   clock network delay (propagated)
                                  5.000000    5.000000 v input external delay
     1    0.002569    0.017584    0.008507    5.008507 v rst (in)
                                                         rst (net)
                      0.017584    0.000000    5.008507 v input17/A (sky130_fd_sc_hd__buf_1)
     1    0.008655    0.110687    0.186819    5.195326 v input17/X (sky130_fd_sc_hd__buf_1)
                                                         net17 (net)
                      0.110689    0.000352    5.195679 v fanout1118/A (sky130_fd_sc_hd__buf_8)
     7    0.194792    0.242833    0.386507    5.582186 v fanout1118/X (sky130_fd_sc_hd__buf_8)
                                                         net1118 (net)
                      0.242924    0.004076    5.586261 v fanout1078/A (sky130_fd_sc_hd__buf_8)
     9    0.194431    0.241106    0.455122    6.041384 v fanout1078/X (sky130_fd_sc_hd__buf_8)
                                                         net1078 (net)
                      0.242642    0.015747    6.057131 v fanout1071/A (sky130_fd_sc_hd__clkbuf_4)
     5    0.057882    0.214799    0.464305    6.521437 v fanout1071/X (sky130_fd_sc_hd__clkbuf_4)
                                                         net1071 (net)
                      0.214808    0.001141    6.522577 v fanout1069/A (sky130_fd_sc_hd__clkbuf_4)
     6    0.070397    0.254057    0.481236    7.003814 v fanout1069/X (sky130_fd_sc_hd__clkbuf_4)
                                                         net1069 (net)
                      0.254225    0.005481    7.009295 v fanout1068/A (sky130_fd_sc_hd__buf_4)
     7    0.080507    0.197540    0.465649    7.474944 v fanout1068/X (sky130_fd_sc_hd__buf_4)
                                                         net1068 (net)
                      0.197654    0.004039    7.478982 v fanout1067/A (sky130_fd_sc_hd__buf_4)
    10    0.075029    0.184169    0.432242    7.911224 v fanout1067/X (sky130_fd_sc_hd__buf_4)
                                                         net1067 (net)
                      0.184186    0.001483    7.912707 v _65344_/A (sky130_fd_sc_hd__inv_2)
     1    0.003514    0.061466    0.112271    8.024979 ^ _65344_/Y (sky130_fd_sc_hd__inv_2)
                                                         _00421_ (net)
                      0.061467    0.000068    8.025046 ^ _65847_/RESET_B (sky130_fd_sc_hd__dfrtp_4)
                                              8.025046   data arrival time

                                 25.000000   25.000000   clock clk (rise edge)
                                  0.000000   25.000000   clock source latency
     2    0.121879    0.875557    0.615518   25.615517 ^ clk (in)
                                                         clk (net)
                      0.875743    0.000000   25.615517 ^ clkbuf_0_clk/A (sky130_fd_sc_hd__clkbuf_16)
     5    0.165625    0.275044    0.689063   26.304581 ^ clkbuf_0_clk/X (sky130_fd_sc_hd__clkbuf_16)
                                                         clknet_0_clk (net)
                      0.276011    0.013276   26.317858 ^ clkbuf_2_0_0_clk/A (sky130_fd_sc_hd__clkbuf_8)
     4    0.128568    0.345207    0.532090   26.849947 ^ clkbuf_2_0_0_clk/X (sky130_fd_sc_hd__clkbuf_8)
                                                         clknet_2_0_0_clk (net)
                      0.345279    0.004164   26.854111 ^ clkbuf_4_2__f_clk/A (sky130_fd_sc_hd__clkbuf_16)
     8    0.092934    0.167477    0.426931   27.281042 ^ clkbuf_4_2__f_clk/X (sky130_fd_sc_hd__clkbuf_16)
                                                         clknet_4_2__leaf_clk (net)
                      0.167554    0.002963   27.284004 ^ _65847_/CLK (sky130_fd_sc_hd__dfrtp_4)
                                 -0.250000   27.034006   clock uncertainty
                                  0.000000   27.034006   clock reconvergence pessimism
                                  0.480369   27.514374   library recovery time
                                             27.514374   data required time
---------------------------------------------------------------------------------------------
                                             27.514374   data required time
                                             -8.025046   data arrival time
---------------------------------------------------------------------------------------------
                                             19.489328   slack (MET)


Startpoint: _65703_ (rising edge-triggered flip-flop clocked by clk)
Endpoint: _65688_ (rising edge-triggered flip-flop clocked by clk)
Path Group: clk
Path Type: max

Fanout         Cap        Slew       Delay        Time   Description
---------------------------------------------------------------------------------------------
                                  0.000000    0.000000   clock clk (rise edge)
                                  0.000000    0.000000   clock source latency
     2    0.121879    0.875557    0.615519    0.615519 ^ clk (in)
                                                         clk (net)
                      0.875743    0.000000    0.615519 ^ clkbuf_0_clk/A (sky130_fd_sc_hd__clkbuf_16)
     5    0.165625    0.275044    0.689063    1.304581 ^ clkbuf_0_clk/X (sky130_fd_sc_hd__clkbuf_16)
                                                         clknet_0_clk (net)
                      0.275932    0.012737    1.317318 ^ clkbuf_2_1_0_clk/A (sky130_fd_sc_hd__clkbuf_8)
     4    0.131483    0.354371    0.531504    1.848822 ^ clkbuf_2_1_0_clk/X (sky130_fd_sc_hd__clkbuf_8)
                                                         clknet_2_1_0_clk (net)
                      0.354790    0.010130    1.858953 ^ clkbuf_4_6__f_clk/A (sky130_fd_sc_hd__clkbuf_16)
     4    0.084626    0.156743    0.420083    2.279036 ^ clkbuf_4_6__f_clk/X (sky130_fd_sc_hd__clkbuf_16)
                                                         clknet_4_6__leaf_clk (net)
                      0.157090    0.005986    2.285022 ^ clkbuf_leaf_107_clk/A (sky130_fd_sc_hd__clkbuf_8)
     3    0.011336    0.064292    0.255952    2.540974 ^ clkbuf_leaf_107_clk/X (sky130_fd_sc_hd__clkbuf_8)
                                                         clknet_leaf_107_clk (net)
                      0.064293    0.000334    2.541309 ^ _65703_/CLK (sky130_fd_sc_hd__dfrtp_1)
     1    0.018401    0.269561    0.796652    3.337961 ^ _65703_/Q (sky130_fd_sc_hd__dfrtp_1)
                                                         lowshift.data[4] (net)
                      0.269570    0.001362    3.339323 ^ fanout733/A (sky130_fd_sc_hd__buf_6)
    13    0.174191    0.538103    0.604417    3.943739 ^ fanout733/X (sky130_fd_sc_hd__buf_6)
                                                         net733 (net)
                      0.538210    0.006362    3.950101 ^ fanout732/A (sky130_fd_sc_hd__clkbuf_8)
     9    0.121167    0.335027    0.616626    4.566727 ^ fanout732/X (sky130_fd_sc_hd__clkbuf_8)
                                                         net732 (net)
                      0.339901    0.032432    4.599159 ^ fanout731/A (sky130_fd_sc_hd__clkbuf_8)
    10    0.088554    0.249275    0.485606    5.084765 ^ fanout731/X (sky130_fd_sc_hd__clkbuf_8)
                                                         net731 (net)
                      0.249283    0.001199    5.085964 ^ _45172_/B (sky130_fd_sc_hd__xnor2_4)
     3    0.027891    0.388286    0.332633    5.418597 ^ _45172_/Y (sky130_fd_sc_hd__xnor2_4)
                                                         _04276_ (net)
                      0.388291    0.001057    5.419655 ^ _45173_/B (sky130_fd_sc_hd__xor2_4)
     8    0.076924    0.846844    0.843403    6.263058 ^ _45173_/X (sky130_fd_sc_hd__xor2_4)
                                                         _04277_ (net)
                      0.846892    0.005314    6.268372 ^ _45176_/B (sky130_fd_sc_hd__xnor2_4)
     6    0.033616    0.452389    0.499211    6.767583 ^ _45176_/Y (sky130_fd_sc_hd__xnor2_4)
                                                         _04280_ (net)
                      0.452391    0.000731    6.768314 ^ _45180_/A (sky130_fd_sc_hd__nor2_1)
     3    0.013989    0.177725    0.315238    7.083552 v _45180_/Y (sky130_fd_sc_hd__nor2_1)
                                                         _04285_ (net)
                      0.177725    0.000250    7.083802 v _45214_/A (sky130_fd_sc_hd__or2_2)
     5    0.031417    0.239353    0.884560    7.968361 v _45214_/X (sky130_fd_sc_hd__or2_2)
                                                         _04322_ (net)
                      0.239362    0.001200    7.969561 v _45215_/B (sky130_fd_sc_hd__or2_2)
     4    0.019213    0.191869    0.813151    8.782713 v _45215_/X (sky130_fd_sc_hd__or2_2)
                                                         _04323_ (net)
                      0.191871    0.000446    8.783158 v _45219_/B (sky130_fd_sc_hd__or2_4)
     4    0.028689    0.137468    0.566887    9.350045 v _45219_/X (sky130_fd_sc_hd__or2_4)
                                                         _04328_ (net)
                      0.137470    0.000380    9.350426 v _45241_/A (sky130_fd_sc_hd__nor2_1)
     1    0.007886    0.268015    0.299178    9.649603 ^ _45241_/Y (sky130_fd_sc_hd__nor2_1)
                                                         _04352_ (net)
                      0.268016    0.000321    9.649923 ^ _45242_/A (sky130_fd_sc_hd__inv_2)
     2    0.011344    0.084432    0.157149    9.807073 v _45242_/Y (sky130_fd_sc_hd__inv_2)
                                                         _04353_ (net)
                      0.084432    0.000139    9.807211 v _45301_/A2 (sky130_fd_sc_hd__a41o_2)
     2    0.027505    0.172131    0.566393   10.373605 v _45301_/X (sky130_fd_sc_hd__a41o_2)
                                                         _04418_ (net)
                      0.172134    0.000617   10.374222 v _45302_/B (sky130_fd_sc_hd__xnor2_4)
     5    0.081497    0.936075    0.816614   11.190836 ^ _45302_/Y (sky130_fd_sc_hd__xnor2_4)
                                                         _04419_ (net)
                      0.936077    0.001080   11.191916 ^ max_cap39/A (sky130_fd_sc_hd__buf_6)
     6    0.148792    0.465944    0.731736   11.923653 ^ max_cap39/X (sky130_fd_sc_hd__buf_6)
                                                         net39 (net)
                      0.468057    0.025639   11.949291 ^ _48359_/A (sky130_fd_sc_hd__xor2_1)
     2    0.008110    0.334606    0.478642   12.427934 ^ _48359_/X (sky130_fd_sc_hd__xor2_1)
                                                         _07780_ (net)
                      0.334606    0.000134   12.428068 ^ _48360_/B (sky130_fd_sc_hd__xnor2_1)
     2    0.009760    0.411070    0.367325   12.795393 ^ _48360_/Y (sky130_fd_sc_hd__xnor2_1)
                                                         _07781_ (net)
                      0.411070    0.000226   12.795618 ^ _48362_/A (sky130_fd_sc_hd__xnor2_1)
     2    0.007065    0.323125    0.360051   13.155669 ^ _48362_/Y (sky130_fd_sc_hd__xnor2_1)
                                                         _07783_ (net)
                      0.323125    0.000202   13.155870 ^ _48364_/B (sky130_fd_sc_hd__xor2_1)
     2    0.006632    0.293007    0.413152   13.569023 ^ _48364_/X (sky130_fd_sc_hd__xor2_1)
                                                         _07785_ (net)
                      0.293007    0.000164   13.569187 ^ _48366_/B (sky130_fd_sc_hd__xnor2_1)
     2    0.009871    0.414663    0.355066   13.924253 ^ _48366_/Y (sky130_fd_sc_hd__xnor2_1)
                                                         _07787_ (net)
                      0.414663    0.000293   13.924546 ^ _48368_/B (sky130_fd_sc_hd__xnor2_1)
     2    0.007251    0.329090    0.365808   14.290354 ^ _48368_/Y (sky130_fd_sc_hd__xnor2_1)
                                                         _07790_ (net)
                      0.329090    0.000169   14.290523 ^ _48571_/A (sky130_fd_sc_hd__nand3_1)
     3    0.010434    0.296704    0.370261   14.660784 v _48571_/Y (sky130_fd_sc_hd__nand3_1)
                                                         _08013_ (net)
                      0.296705    0.000298   14.661082 v _48596_/A1 (sky130_fd_sc_hd__a211o_1)
     2    0.008938    0.139457    0.639107   15.300190 v _48596_/X (sky130_fd_sc_hd__a211o_1)
                                                         _08040_ (net)
                      0.139458    0.000277   15.300467 v _48597_/C (sky130_fd_sc_hd__and3_1)
     3    0.013883    0.158080    0.489562   15.790030 v _48597_/X (sky130_fd_sc_hd__and3_1)
                                                         _08042_ (net)
                      0.158081    0.000362   15.790392 v _48625_/A1 (sky130_fd_sc_hd__o211a_1)
     2    0.006415    0.102889    0.474996   16.265388 v _48625_/X (sky130_fd_sc_hd__o211a_1)
                                                         _08072_ (net)
                      0.102889    0.000098   16.265486 v _48626_/C (sky130_fd_sc_hd__nor3_1)
     3    0.011512    0.634153    0.534165   16.799650 ^ _48626_/Y (sky130_fd_sc_hd__nor3_1)
                                                         _08073_ (net)
                      0.634153    0.000428   16.800077 ^ _48657_/B1 (sky130_fd_sc_hd__a211oi_1)
     3    0.008659    0.191435    0.334154   17.134232 v _48657_/Y (sky130_fd_sc_hd__a211oi_1)
                                                         _08108_ (net)
                      0.191436    0.000284   17.134516 v _48659_/B (sky130_fd_sc_hd__or3_2)
     4    0.016105    0.245458    1.231763   18.366280 v _48659_/X (sky130_fd_sc_hd__or3_2)
                                                         _08110_ (net)
                      0.245460    0.000604   18.366884 v _48728_/A (sky130_fd_sc_hd__and3_1)
     3    0.008788    0.119495    0.427715   18.794598 v _48728_/X (sky130_fd_sc_hd__and3_1)
                                                         _08186_ (net)
                      0.119495    0.000140   18.794739 v _54768_/B1 (sky130_fd_sc_hd__a21o_1)
     2    0.009990    0.116454    0.354255   19.148994 v _54768_/X (sky130_fd_sc_hd__a21o_1)
                                                         _14828_ (net)
                      0.116455    0.000318   19.149311 v _56850_/A2 (sky130_fd_sc_hd__a21o_1)
     3    0.008978    0.108350    0.385372   19.534683 v _56850_/X (sky130_fd_sc_hd__a21o_1)
                                                         _17117_ (net)
                      0.108351    0.000243   19.534927 v _59800_/A2 (sky130_fd_sc_hd__a21o_1)
     3    0.018447    0.178373    0.447967   19.982895 v _59800_/X (sky130_fd_sc_hd__a21o_1)
                                                         _20360_ (net)
                      0.178375    0.000561   19.983456 v _61466_/A2 (sky130_fd_sc_hd__a21o_1)
     3    0.017492    0.171098    0.471330   20.454784 v _61466_/X (sky130_fd_sc_hd__a21o_1)
                                                         _22191_ (net)
                      0.171101    0.000604   20.455389 v _63378_/A1 (sky130_fd_sc_hd__a221oi_1)
     1    0.003824    0.414462    0.513431   20.968821 ^ _63378_/Y (sky130_fd_sc_hd__a221oi_1)
                                                         _24293_ (net)
                      0.414462    0.000091   20.968910 ^ _63379_/B1 (sky130_fd_sc_hd__a311o_1)
     1    0.021606    0.383626    0.545086   21.513996 ^ _63379_/X (sky130_fd_sc_hd__a311o_1)
                                                         _24294_ (net)
                      0.383642    0.002043   21.516039 ^ _63584_/B1 (sky130_fd_sc_hd__o211a_1)
     1    0.009740    0.160339    0.480574   21.996613 ^ _63584_/X (sky130_fd_sc_hd__o211a_1)
                                                         _24519_ (net)
                      0.160340    0.000432   21.997046 ^ _63877_/A1 (sky130_fd_sc_hd__o21ai_2)
     1    0.025975    0.237447    0.279718   22.276762 v _63877_/Y (sky130_fd_sc_hd__o21ai_2)
                                                         _24842_ (net)
                      0.237457    0.001316   22.278078 v _64248_/A1 (sky130_fd_sc_hd__a22o_1)
     1    0.010906    0.140295    0.512683   22.790762 v _64248_/X (sky130_fd_sc_hd__a22o_1)
                                                         _25250_ (net)
                      0.140298    0.000567   22.791328 v _64382_/B2 (sky130_fd_sc_hd__a2bb2o_1)
     1    0.023245    0.267855    0.750950   23.542278 v _64382_/X (sky130_fd_sc_hd__a2bb2o_1)
                                                         _25397_ (net)
                      0.267859    0.000886   23.543165 v _64447_/A2 (sky130_fd_sc_hd__a211oi_2)
     1    0.017528    0.588541    0.706853   24.250017 ^ _64447_/Y (sky130_fd_sc_hd__a211oi_2)
                                                         _25469_ (net)
                      0.588546    0.001348   24.251366 ^ _64574_/A1 (sky130_fd_sc_hd__o221ai_2)
     1    0.005680    0.179222    0.411379   24.662745 v _64574_/Y (sky130_fd_sc_hd__o221ai_2)
                                                         _25608_ (net)
                      0.179222    0.000234   24.662979 v _64610_/A1 (sky130_fd_sc_hd__a21oi_1)
     1    0.002387    0.155604    0.237296   24.900276 ^ _64610_/Y (sky130_fd_sc_hd__a21oi_1)
                                                         _00492_ (net)
                      0.155604    0.000071   24.900347 ^ _65688_/D (sky130_fd_sc_hd__dfxtp_1)
                                             24.900347   data arrival time

                                 25.000000   25.000000   clock clk (rise edge)
                                  0.000000   25.000000   clock source latency
     2    0.121879    0.875557    0.615518   25.615517 ^ clk (in)
                                                         clk (net)
                      0.875743    0.000000   25.615517 ^ clkbuf_0_clk/A (sky130_fd_sc_hd__clkbuf_16)
     5    0.165625    0.275044    0.689063   26.304581 ^ clkbuf_0_clk/X (sky130_fd_sc_hd__clkbuf_16)
                                                         clknet_0_clk (net)
                      0.275174    0.004988   26.309568 ^ clkbuf_2_3_0_clk/A (sky130_fd_sc_hd__clkbuf_8)
     4    0.118761    0.324233    0.513786   26.823355 ^ clkbuf_2_3_0_clk/X (sky130_fd_sc_hd__clkbuf_8)
                                                         clknet_2_3_0_clk (net)
                      0.324367    0.005473   26.828829 ^ clkbuf_4_13__f_clk/A (sky130_fd_sc_hd__clkbuf_16)
    11    0.124618    0.212614    0.451132   27.279961 ^ clkbuf_4_13__f_clk/X (sky130_fd_sc_hd__clkbuf_16)
                                                         clknet_4_13__leaf_clk (net)
                      0.212783    0.004931   27.284891 ^ clkbuf_leaf_26_clk/A (sky130_fd_sc_hd__clkbuf_8)
     3    0.009804    0.061081    0.278227   27.563118 ^ clkbuf_leaf_26_clk/X (sky130_fd_sc_hd__clkbuf_8)
                                                         clknet_leaf_26_clk (net)
                      0.061081    0.000203   27.563322 ^ _65688_/CLK (sky130_fd_sc_hd__dfxtp_1)
                                 -0.250000   27.313322   clock uncertainty
                                  0.000000   27.313322   clock reconvergence pessimism
                                 -0.152155   27.161169   library setup time
                                             27.161169   data required time
---------------------------------------------------------------------------------------------
                                             27.161169   data required time
                                            -24.900347   data arrival time
---------------------------------------------------------------------------------------------
                                              2.260821   slack (MET)




===========================================================================
report_checks --slack_max -0.01
============================================================================
======================= nom_ss_100C_1v60 Corner ===================================

No paths found.


===========================================================================
 report_check_types -max_slew -max_cap -max_fanout -violators
============================================================================
======================= nom_ss_100C_1v60 Corner ===================================

max slew

Pin                                        Limit        Slew       Slack
------------------------------------------------------------------------
_61518_/X                               1.494840    2.085042   -0.590202 (VIOLATED)
ANTENNA_394/DIODE                       1.500000    2.085430   -0.585430 (VIOLATED)
ANTENNA_395/DIODE                       1.500000    2.085430   -0.585430 (VIOLATED)
ANTENNA_396/DIODE                       1.500000    2.085430   -0.585430 (VIOLATED)
ANTENNA_397/DIODE                       1.500000    2.085430   -0.585430 (VIOLATED)
ANTENNA_385/DIODE                       1.500000    2.085429   -0.585429 (VIOLATED)
ANTENNA_390/DIODE                       1.500000    2.085429   -0.585429 (VIOLATED)
ANTENNA_392/DIODE                       1.500000    2.085430   -0.585430 (VIOLATED)
ANTENNA_393/DIODE                       1.500000    2.085430   -0.585430 (VIOLATED)
ANTENNA_381/DIODE                       1.500000    2.085428   -0.585429 (VIOLATED)
ANTENNA_383/DIODE                       1.500000    2.085429   -0.585429 (VIOLATED)
ANTENNA_84/DIODE                        1.500000    2.085428   -0.585428 (VIOLATED)
ANTENNA_380/DIODE                       1.500000    2.085426   -0.585426 (VIOLATED)
ANTENNA_81/DIODE                        1.500000    2.085427   -0.585427 (VIOLATED)
_61557_/A                               1.500000    2.085427   -0.585427 (VIOLATED)
ANTENNA_382/DIODE                       1.500000    2.085426   -0.585426 (VIOLATED)
ANTENNA_384/DIODE                       1.500000    2.085425   -0.585425 (VIOLATED)
ANTENNA_386/DIODE                       1.500000    2.085425   -0.585425 (VIOLATED)
ANTENNA_387/DIODE                       1.500000    2.085424   -0.585424 (VIOLATED)
ANTENNA_388/DIODE                       1.500000    2.085423   -0.585423 (VIOLATED)
ANTENNA_389/DIODE                       1.500000    2.085422   -0.585422 (VIOLATED)
ANTENNA_391/DIODE                       1.500000    2.085422   -0.585422 (VIOLATED)
_62982_/A                               1.500000    2.085113   -0.585113 (VIOLATED)
ANTENNA_82/DIODE                        1.500000    2.085112   -0.585112 (VIOLATED)
ANTENNA_85/DIODE                        1.500000    2.085060   -0.585060 (VIOLATED)
_62627_/A                               1.500000    2.085060   -0.585060 (VIOLATED)
ANTENNA_83/DIODE                        1.500000    2.085048   -0.585048 (VIOLATED)
_63089_/A                               1.500000    2.085048   -0.585048 (VIOLATED)
_59578_/X                               1.494840    1.891268   -0.396428 (VIOLATED)
_59617_/A                               1.500000    1.891781   -0.391782 (VIOLATED)
_59616_/A                               1.500000    1.891776   -0.391776 (VIOLATED)
_60638_/A                               1.500000    1.891669   -0.391669 (VIOLATED)
_60637_/A                               1.500000    1.891667   -0.391668 (VIOLATED)
_60793_/A                               1.500000    1.891334   -0.391334 (VIOLATED)
_60792_/A                               1.500000    1.891327   -0.391327 (VIOLATED)
_60901_/A                               1.500000    1.891268   -0.391268 (VIOLATED)
_60902_/A                               1.500000    1.891268   -0.391268 (VIOLATED)
_56651_/X                               1.494840    1.826977   -0.332137 (VIOLATED)
_56685_/A                               1.500000    1.828106   -0.328106 (VIOLATED)
_56684_/A                               1.500000    1.828097   -0.328097 (VIOLATED)
_58203_/A                               1.500000    1.827625   -0.327625 (VIOLATED)
_58664_/A                               1.500000    1.827024   -0.327024 (VIOLATED)
_56652_/A                               1.500000    1.826988   -0.326988 (VIOLATED)
_58559_/A                               1.500000    1.826988   -0.326988 (VIOLATED)
_61519_/Y                               1.486772    1.682872   -0.196100 (VIOLATED)
_61558_/A                               1.500000    1.684057   -0.184057 (VIOLATED)
_62628_/A                               1.500000    1.683380   -0.183380 (VIOLATED)
_63090_/A                               1.500000    1.682889   -0.182889 (VIOLATED)
_62981_/A                               1.500000    1.682878   -0.182878 (VIOLATED)
_45868_/Y                               1.486772    1.590514   -0.103742 (VIOLATED)
_50143_/A                               1.500000    1.590706   -0.090706 (VIOLATED)
_50080_/A1                              1.500000    1.590693   -0.090693 (VIOLATED)
_45869_/A                               1.500000    1.590544   -0.090544 (VIOLATED)
_45883_/B                               1.500000    1.590529   -0.090529 (VIOLATED)
_53114_/B                               1.500000    1.590521   -0.090521 (VIOLATED)
_45870_/A2                              1.500000    1.590521   -0.090521 (VIOLATED)
_53140_/B                               1.500000    1.590521   -0.090521 (VIOLATED)
_44740_/X                               1.494840    1.583436   -0.088596 (VIOLATED)
_47030_/A2                              1.500000    1.584197   -0.084197 (VIOLATED)
_47330_/B                               1.500000    1.584197   -0.084197 (VIOLATED)
_57922_/A1                              1.500000    1.583679   -0.083679 (VIOLATED)
_51664_/B                               1.500000    1.583634   -0.083635 (VIOLATED)
_55779_/A                               1.500000    1.583620   -0.083620 (VIOLATED)
_64529_/A                               1.500000    1.583605   -0.083605 (VIOLATED)
_44741_/A1                              1.500000    1.583520   -0.083520 (VIOLATED)
_56206_/B                               1.500000    1.583436   -0.083436 (VIOLATED)
_56207_/B                               1.500000    1.583436   -0.083436 (VIOLATED)
_45856_/Y                               1.486772    1.549846   -0.063074 (VIOLATED)
_50073_/A                               1.500000    1.550797   -0.050797 (VIOLATED)
_49993_/A1                              1.500000    1.550776   -0.050776 (VIOLATED)
_58417_/A                               1.500000    1.549908   -0.049908 (VIOLATED)
_58416_/A                               1.500000    1.549906   -0.049906 (VIOLATED)
_45863_/A                               1.500000    1.549853   -0.049853 (VIOLATED)
_53112_/B                               1.500000    1.549852   -0.049852 (VIOLATED)
_53103_/B                               1.500000    1.549852   -0.049852 (VIOLATED)
_45858_/A                               1.500000    1.549852   -0.049852 (VIOLATED)
_63336_/Y                               1.486772    1.512152   -0.025380 (VIOLATED)
_63363_/A                               1.500000    1.512419   -0.012419 (VIOLATED)
_64234_/A                               1.500000    1.512401   -0.012402 (VIOLATED)
_64494_/A                               1.500000    1.512211   -0.012211 (VIOLATED)
_64559_/A                               1.500000    1.512155   -0.012155 (VIOLATED)

max fanout

Pin                                   Limit Fanout  Slack
---------------------------------------------------------
_61518_/X                                10     27    -17 (VIOLATED)
input10/X                                10     17     -7 (VIOLATED)
input9/X                                 10     17     -7 (VIOLATED)
fanout50/X                               10     15     -5 (VIOLATED)
fanout719/X                              10     15     -5 (VIOLATED)
_40023_/Y                                10     14     -4 (VIOLATED)
fanout158/X                              10     14     -4 (VIOLATED)
fanout276/X                              10     14     -4 (VIOLATED)
fanout722/X                              10     14     -4 (VIOLATED)
clkbuf_leaf_124_clk/X                    10     13     -3 (VIOLATED)
clkbuf_leaf_75_clk/X                     10     13     -3 (VIOLATED)
fanout1018/X                             10     13     -3 (VIOLATED)
fanout272/X                              10     13     -3 (VIOLATED)
fanout710/X                              10     13     -3 (VIOLATED)
fanout730/X                              10     13     -3 (VIOLATED)
fanout733/X                              10     13     -3 (VIOLATED)
_32706_/Y                                10     12     -2 (VIOLATED)
clkbuf_4_10__f_clk/X                     10     12     -2 (VIOLATED)
clkbuf_4_12__f_clk/X                     10     12     -2 (VIOLATED)
clkbuf_leaf_94_clk/X                     10     12     -2 (VIOLATED)
fanout1019/X                             10     12     -2 (VIOLATED)
fanout1044/X                             10     12     -2 (VIOLATED)
fanout112/X                              10     12     -2 (VIOLATED)
fanout164/X                              10     12     -2 (VIOLATED)
fanout355/X                              10     12     -2 (VIOLATED)
fanout726/X                              10     12     -2 (VIOLATED)
fanout74/X                               10     12     -2 (VIOLATED)
fanout960/X                              10     12     -2 (VIOLATED)
_65410_/Q                                10     11        (VIOLATED)
clkbuf_4_0__f_clk/X                      10     11        (VIOLATED)
clkbuf_4_13__f_clk/X                     10     11        (VIOLATED)
clkbuf_4_1__f_clk/X                      10     11        (VIOLATED)
clkbuf_leaf_79_clk/X                     10     11        (VIOLATED)
fanout1022/X                             10     11        (VIOLATED)
fanout168/X                              10     11        (VIOLATED)
fanout172/X                              10     11        (VIOLATED)
fanout183/X                              10     11        (VIOLATED)
fanout258/X                              10     11        (VIOLATED)
fanout261/X                              10     11        (VIOLATED)
fanout277/X                              10     11        (VIOLATED)
fanout297/X                              10     11        (VIOLATED)
fanout46/X                               10     11        (VIOLATED)
fanout53/X                               10     11        (VIOLATED)
fanout599/X                              10     11        (VIOLATED)
fanout716/X                              10     11        (VIOLATED)
fanout724/X                              10     11        (VIOLATED)
fanout748/X                              10     11        (VIOLATED)
fanout76/X                               10     11        (VIOLATED)

max capacitance

Pin                                        Limit         Cap       Slack
------------------------------------------------------------------------
_61518_/X                               0.140086    0.199291   -0.059205 (VIOLATED)
fanout1044/X                            0.200000    0.247456   -0.047456 (VIOLATED)
_59578_/X                               0.140086    0.180022   -0.039936 (VIOLATED)
fanout84/X                              0.200000    0.233315   -0.033315 (VIOLATED)
_56651_/X                               0.140086    0.173393   -0.033307 (VIOLATED)
fanout168/X                             0.200000    0.226959   -0.026959 (VIOLATED)
fanout709/X                             0.200000    0.226417   -0.026417 (VIOLATED)
fanout172/X                             0.200000    0.224585   -0.024585 (VIOLATED)
_61519_/Y                               0.132761    0.153870   -0.021109 (VIOLATED)
fanout724/X                             0.200000    0.220025   -0.020025 (VIOLATED)
_45548_/X                               0.200000    0.219748   -0.019748 (VIOLATED)
fanout560/X                             0.200000    0.217574   -0.017574 (VIOLATED)
_45868_/Y                               0.132761    0.144963   -0.012202 (VIOLATED)
fanout730/X                             0.200000    0.210008   -0.010008 (VIOLATED)
_44740_/X                               0.140086    0.149519   -0.009433 (VIOLATED)
fanout716/X                             0.200000    0.208813   -0.008813 (VIOLATED)
_45856_/Y                               0.132761    0.140864   -0.008103 (VIOLATED)
_63336_/Y                               0.132761    0.137294   -0.004533 (VIOLATED)
wire44/X                                0.200000    0.204436   -0.004436 (VIOLATED)
fanout158/X                             0.200000    0.202713   -0.002713 (VIOLATED)
fanout112/X                             0.200000    0.201445   -0.001445 (VIOLATED)



===========================================================================
report_parasitic_annotation -report_unannotated
============================================================================
Found 0 unannotated drivers.
Found 0 partially unannotated drivers.

===========================================================================
max slew violation count 81
max fanout violation count 48
max cap violation count 21
============================================================================

===========================================================================
check_setup -verbose -unconstrained_endpoints -multiple_clock -no_clock -no_input_delay -loops -generated_clocks
===========================================================================
