Reading OpenROAD database at '/mnt/d/APIC/FIR_Openlane/lowpass/runs/RUN_2024-06-17_02-54-24/19-openroad-generatepdn/lowpass.odb'…
Reading library file at '/home/nurwiyoso14/.volare/volare/sky130/versions/bdc9412b3e468c102d01b7cf6337be06ec6e9c9a/sky130A/libs.ref/sky130_fd_sc_hd/lib/sky130_fd_sc_hd__tt_025C_1v80.lib'…
Reading design constraints file at '/nix/store/ly0xjc8f0gmgmckxcrs0bw8vqc9gf9bk-python3-3.11.6-env/lib/python3.11/site-packages/openlane/scripts/base.sdc'…
[INFO] Using clock clk…
[INFO] Setting output delay to: 5
[INFO] Setting input delay to: 5
[INFO] Setting load to: 0.033442
[INFO] Setting clock uncertainty to: 0.25
[INFO] Setting clock transition to: 0.1499999999999999944488848768742172978818416595458984375
[INFO] Setting timing derate to: 5%
[INFO] Setting RC values…
[INFO] Setting signal min routing layer to: met1 and clock min routing layer to met1. 
[INFO] Setting signal max routing layer to: met5 and clock max routing layer to met5. 
{*}-density 0.6 -timing_driven -routability_driven -skip_io -pad_right 0 -pad_left 0 -init_wirelength_coef 0.25
[WARNING GPL-0150] -skip_io will disable timing driven mode.
[WARNING GPL-0151] -skip_io will disable routability driven mode.
[INFO GPL-0002] DBU: 1000
[INFO GPL-0003] SiteSize: 460 2720
[INFO GPL-0004] CoreAreaLxLy: 5520 10880
[INFO GPL-0005] CoreAreaUxUy: 801780 805120
[INFO GPL-0006] NumInstances: 41644
[INFO GPL-0007] NumPlaceInstances: 32093
[INFO GPL-0008] NumFixedInstances: 9551
[INFO GPL-0009] NumDummyInstances: 0
[INFO GPL-0010] NumNets: 32338
[INFO GPL-0011] NumPins: 134452
[INFO GPL-0012] DieAreaLxLy: 0 0
[INFO GPL-0013] DieAreaUxUy: 807335 818055
[INFO GPL-0014] CoreAreaLxLy: 5520 10880
[INFO GPL-0015] CoreAreaUxUy: 801780 805120
[INFO GPL-0016] CoreArea: 632421542400
[INFO GPL-0017] NonPlaceInstsArea: 13411612800
[INFO GPL-0018] PlaceInstsArea: 317041568000
[INFO GPL-0019] Util(%): 51.22
[INFO GPL-0020] StdInstsArea: 317041568000
[INFO GPL-0021] MacroInstsArea: 0
[INFO GPL-0031] FillerInit: NumGCells: 37649
[INFO GPL-0032] FillerInit: NumGNets: 32338
[INFO GPL-0033] FillerInit: NumGPins: 134452
[INFO GPL-0023] TargetDensity: 0.60
[INFO GPL-0024] AveragePlaceInstArea: 9878838
[INFO GPL-0025] IdealBinArea: 16464729
[INFO GPL-0026] IdealBinCnt: 38410
[INFO GPL-0027] TotalBinArea: 632421542400
[INFO GPL-0028] BinCnt: 128 128
[INFO GPL-0029] BinSize: 6221 6205
[INFO GPL-0030] NumBins: 16384
[NesterovSolve] Iter: 1 overflow: 0.99937 HPWL: 92305467
[NesterovSolve] Iter: 10 overflow: 0.999083 HPWL: 62926633
[NesterovSolve] Iter: 20 overflow: 0.999083 HPWL: 62465085
[NesterovSolve] Iter: 30 overflow: 0.999083 HPWL: 62316932
[NesterovSolve] Iter: 40 overflow: 0.999083 HPWL: 62277231
[NesterovSolve] Iter: 50 overflow: 0.999083 HPWL: 62269158
[NesterovSolve] Iter: 60 overflow: 0.999083 HPWL: 62267681
[NesterovSolve] Iter: 70 overflow: 0.999083 HPWL: 62268304
[NesterovSolve] Iter: 80 overflow: 0.999081 HPWL: 62280468
[NesterovSolve] Iter: 90 overflow: 0.99905 HPWL: 62332013
[NesterovSolve] Iter: 100 overflow: 0.998863 HPWL: 62516570
[NesterovSolve] Iter: 110 overflow: 0.998692 HPWL: 63264130
[NesterovSolve] Iter: 120 overflow: 0.998318 HPWL: 66661975
[NesterovSolve] Iter: 130 overflow: 0.99731 HPWL: 79382685
[NesterovSolve] Iter: 140 overflow: 0.995473 HPWL: 106308777
[NesterovSolve] Iter: 150 overflow: 0.992244 HPWL: 139367375
[NesterovSolve] Iter: 160 overflow: 0.988857 HPWL: 169615921
[NesterovSolve] Iter: 170 overflow: 0.984393 HPWL: 199834268
[NesterovSolve] Iter: 180 overflow: 0.978635 HPWL: 238932154
[NesterovSolve] Iter: 190 overflow: 0.969647 HPWL: 292339931
[NesterovSolve] Iter: 200 overflow: 0.955723 HPWL: 357850677
[NesterovSolve] Iter: 210 overflow: 0.935869 HPWL: 430271110
[NesterovSolve] Iter: 220 overflow: 0.912674 HPWL: 506594959
[NesterovSolve] Iter: 230 overflow: 0.883917 HPWL: 587549057
[NesterovSolve] Iter: 240 overflow: 0.851497 HPWL: 673875609
[NesterovSolve] Iter: 250 overflow: 0.813461 HPWL: 764139739
[NesterovSolve] Iter: 260 overflow: 0.772882 HPWL: 851682420
[NesterovSolve] Iter: 270 overflow: 0.730488 HPWL: 932890705
[NesterovSolve] Iter: 280 overflow: 0.683304 HPWL: 1009471999
[NesterovSolve] Iter: 290 overflow: 0.631508 HPWL: 1080351241
[NesterovSolve] Iter: 300 overflow: 0.571813 HPWL: 1138073062
[NesterovSolve] Iter: 310 overflow: 0.512712 HPWL: 1201599304
[NesterovSolve] Iter: 320 overflow: 0.458893 HPWL: 1276459267
[NesterovSolve] Iter: 330 overflow: 0.427978 HPWL: 1324796239
[NesterovSolve] Iter: 340 overflow: 0.394899 HPWL: 1334620789
[NesterovSolve] Iter: 350 overflow: 0.360639 HPWL: 1332931895
[NesterovSolve] Iter: 360 overflow: 0.322594 HPWL: 1354928145
[NesterovSolve] Iter: 370 overflow: 0.299335 HPWL: 1356070686
[NesterovSolve] Iter: 380 overflow: 0.271686 HPWL: 1351937298
[NesterovSolve] Iter: 390 overflow: 0.248857 HPWL: 1358317728
[NesterovSolve] Iter: 400 overflow: 0.225662 HPWL: 1357129449
[NesterovSolve] Iter: 410 overflow: 0.202101 HPWL: 1359053771
[NesterovSolve] Iter: 420 overflow: 0.181603 HPWL: 1360398542
[NesterovSolve] Iter: 430 overflow: 0.161611 HPWL: 1361534457
[NesterovSolve] Iter: 440 overflow: 0.143097 HPWL: 1363090569
[NesterovSolve] Iter: 450 overflow: 0.124243 HPWL: 1364555146
[NesterovSolve] Iter: 460 overflow: 0.108484 HPWL: 1366256477
[NesterovSolve] Finished with Overflow: 0.099418
[INFO] Setting RC values…
Setting global connections for newly added cells…
[INFO] Setting global connections...
Writing OpenROAD database to '/mnt/d/APIC/FIR_Openlane/lowpass/runs/RUN_2024-06-17_02-54-24/22-openroad-globalplacementskipio/lowpass.odb'…
Writing netlist to '/mnt/d/APIC/FIR_Openlane/lowpass/runs/RUN_2024-06-17_02-54-24/22-openroad-globalplacementskipio/lowpass.nl.v'…
Writing powered netlist to '/mnt/d/APIC/FIR_Openlane/lowpass/runs/RUN_2024-06-17_02-54-24/22-openroad-globalplacementskipio/lowpass.pnl.v'…
Writing layout to '/mnt/d/APIC/FIR_Openlane/lowpass/runs/RUN_2024-06-17_02-54-24/22-openroad-globalplacementskipio/lowpass.def'…
Writing timing constraints to '/mnt/d/APIC/FIR_Openlane/lowpass/runs/RUN_2024-06-17_02-54-24/22-openroad-globalplacementskipio/lowpass.sdc'…
