
===========================================================================
report_checks -unconstrained
===========================================================================
======================= max_ss_100C_1v60 Corner ===================================

Startpoint: input_data[35] (input port clocked by clk)
Endpoint: _41569_ (rising edge-triggered flip-flop clocked by clk)
Path Group: clk
Path Type: max

Fanout         Cap        Slew       Delay        Time   Description
---------------------------------------------------------------------------------------------
                                  0.000000    0.000000   clock clk (rise edge)
                                  0.000000    0.000000   clock network delay (propagated)
                                  5.000000    5.000000 ^ input external delay
     1    0.004299    0.042382    0.023760    5.023760 ^ input_data[35] (in)
                                                         input_data[35] (net)
                      0.042383    0.000000    5.023760 ^ input163/A (sky130_fd_sc_hd__buf_2)
     1    0.078054    0.596354    0.556239    5.579999 ^ input163/X (sky130_fd_sc_hd__buf_2)
                                                         net163 (net)
                      0.596644    0.010979    5.590978 ^ fanout895/A (sky130_fd_sc_hd__buf_4)
    12    0.135366    0.591704    0.777896    6.368874 ^ fanout895/X (sky130_fd_sc_hd__buf_4)
                                                         net895 (net)
                      0.593325    0.025900    6.394774 ^ fanout894/A (sky130_fd_sc_hd__buf_4)
     9    0.107366    0.470991    0.709812    7.104586 ^ fanout894/X (sky130_fd_sc_hd__buf_4)
                                                         net894 (net)
                      0.471791    0.016083    7.120669 ^ fanout893/A (sky130_fd_sc_hd__buf_2)
     6    0.054398    0.423038    0.615616    7.736285 ^ fanout893/X (sky130_fd_sc_hd__buf_2)
                                                         net893 (net)
                      0.423239    0.007660    7.743944 ^ fanout892/A (sky130_fd_sc_hd__buf_4)
     7    0.070956    0.319316    0.536605    8.280550 ^ fanout892/X (sky130_fd_sc_hd__buf_4)
                                                         net892 (net)
                      0.319360    0.003149    8.283698 ^ _21891_/B (sky130_fd_sc_hd__xor2_1)
     1    0.003516    0.203364    0.342477    8.626176 ^ _21891_/X (sky130_fd_sc_hd__xor2_1)
                                                         _04072_ (net)
                      0.203364    0.000230    8.626406 ^ fanout404/A (sky130_fd_sc_hd__clkbuf_4)
     7    0.065848    0.318947    0.486093    9.112498 ^ fanout404/X (sky130_fd_sc_hd__clkbuf_4)
                                                         net404 (net)
                      0.318961    0.001799    9.114298 ^ fanout403/A (sky130_fd_sc_hd__clkbuf_4)
    10    0.062159    0.301449    0.527442    9.641740 ^ fanout403/X (sky130_fd_sc_hd__clkbuf_4)
                                                         net403 (net)
                      0.301784    0.008290    9.650030 ^ _26936_/B (sky130_fd_sc_hd__nand2_1)
     1    0.004598    0.114737    0.209218    9.859249 v _26936_/Y (sky130_fd_sc_hd__nand2_1)
                                                         _16835_ (net)
                      0.114739    0.000343    9.859591 v _28554_/A (sky130_fd_sc_hd__xnor2_1)
     2    0.008240    0.361253    0.396269   10.255860 ^ _28554_/Y (sky130_fd_sc_hd__xnor2_1)
                                                         _18614_ (net)
                      0.361254    0.000475   10.256335 ^ _28556_/A (sky130_fd_sc_hd__xor2_1)
     2    0.009295    0.369080    0.474587   10.730923 ^ _28556_/X (sky130_fd_sc_hd__xor2_1)
                                                         _18616_ (net)
                      0.369082    0.000594   10.731517 ^ _28559_/A (sky130_fd_sc_hd__xor2_1)
     2    0.009017    0.361199    0.470688   11.202204 ^ _28559_/X (sky130_fd_sc_hd__xor2_1)
                                                         _18619_ (net)
                      0.361200    0.000591   11.202795 ^ _28560_/B (sky130_fd_sc_hd__xor2_1)
     2    0.006600    0.168298    0.274608   11.477403 v _28560_/X (sky130_fd_sc_hd__xor2_1)
                                                         _18620_ (net)
                      0.168300    0.000410   11.477813 v _28561_/B1 (sky130_fd_sc_hd__o21a_1)
     3    0.014219    0.161793    0.328800   11.806613 v _28561_/X (sky130_fd_sc_hd__o21a_1)
                                                         _18621_ (net)
                      0.161794    0.000425   11.807038 v _28563_/A (sky130_fd_sc_hd__or2_2)
     2    0.018808    0.190997    0.821076   12.628114 v _28563_/X (sky130_fd_sc_hd__or2_2)
                                                         _18624_ (net)
                      0.190997    0.000816   12.628930 v _28564_/B (sky130_fd_sc_hd__or2_2)
     2    0.019027    0.191325    0.792102   13.421033 v _28564_/X (sky130_fd_sc_hd__or2_2)
                                                         _18625_ (net)
                      0.191331    0.000617   13.421650 v _30319_/A (sky130_fd_sc_hd__or2_1)
     2    0.008586    0.147617    0.608691   14.030341 v _30319_/X (sky130_fd_sc_hd__or2_1)
                                                         _20554_ (net)
                      0.147621    0.000568   14.030910 v _32220_/A2 (sky130_fd_sc_hd__a21bo_1)
     2    0.012522    0.140475    0.448833   14.479742 v _32220_/X (sky130_fd_sc_hd__a21bo_1)
                                                         _01882_ (net)
                      0.140478    0.000562   14.480305 v _34473_/A2 (sky130_fd_sc_hd__a21oi_4)
     3    0.024537    0.330183    0.401170   14.881474 ^ _34473_/Y (sky130_fd_sc_hd__a21oi_4)
                                                         _04360_ (net)
                      0.330186    0.000860   14.882334 ^ _36614_/A (sky130_fd_sc_hd__nand2_1)
     2    0.008668    0.181391    0.269145   15.151479 v _36614_/Y (sky130_fd_sc_hd__nand2_1)
                                                         _06713_ (net)
                      0.181392    0.000362   15.151841 v _38700_/B (sky130_fd_sc_hd__and3_1)
     1    0.008954    0.121069    0.440872   15.592713 v _38700_/X (sky130_fd_sc_hd__and3_1)
                                                         _09006_ (net)
                      0.121075    0.000684   15.593397 v _38701_/B (sky130_fd_sc_hd__nor2_4)
     2    0.097366    0.958274    0.778327   16.371723 ^ _38701_/Y (sky130_fd_sc_hd__nor2_4)
                                                         _09007_ (net)
                      0.958613    0.015104   16.386827 ^ _38702_/B (sky130_fd_sc_hd__xor2_1)
     2    0.007268    0.309863    0.560044   16.946873 ^ _38702_/X (sky130_fd_sc_hd__xor2_1)
                                                         _09009_ (net)
                      0.309864    0.000497   16.947371 ^ _38705_/A (sky130_fd_sc_hd__xor2_1)
     2    0.008480    0.346462    0.441982   17.389353 ^ _38705_/X (sky130_fd_sc_hd__xor2_1)
                                                         _09012_ (net)
                      0.346464    0.000522   17.389875 ^ _38765_/A (sky130_fd_sc_hd__xor2_1)
     2    0.009076    0.362623    0.465588   17.855463 ^ _38765_/X (sky130_fd_sc_hd__xor2_1)
                                                         _09078_ (net)
                      0.362624    0.000599   17.856062 ^ _38768_/A (sky130_fd_sc_hd__xor2_1)
     2    0.007717    0.323166    0.439874   18.295937 ^ _38768_/X (sky130_fd_sc_hd__xor2_1)
                                                         _09081_ (net)
                      0.323167    0.000538   18.296474 ^ _38817_/A (sky130_fd_sc_hd__xor2_1)
     2    0.012676    0.469108    0.537769   18.834244 ^ _38817_/X (sky130_fd_sc_hd__xor2_1)
                                                         _09135_ (net)
                      0.469112    0.001121   18.835363 ^ _38820_/A (sky130_fd_sc_hd__xnor2_1)
     2    0.008146    0.358667    0.389473   19.224838 ^ _38820_/Y (sky130_fd_sc_hd__xnor2_1)
                                                         _09138_ (net)
                      0.358668    0.000561   19.225399 ^ _38832_/A (sky130_fd_sc_hd__xor2_1)
     2    0.014989    0.537989    0.598650   19.824049 ^ _38832_/X (sky130_fd_sc_hd__xor2_1)
                                                         _09152_ (net)
                      0.537992    0.001116   19.825165 ^ _38835_/A (sky130_fd_sc_hd__xor2_1)
     2    0.007282    0.312031    0.479801   20.304966 ^ _38835_/X (sky130_fd_sc_hd__xor2_1)
                                                         _09155_ (net)
                      0.312032    0.000542   20.305508 ^ _38855_/A (sky130_fd_sc_hd__xor2_1)
     2    0.008542    0.347003    0.443993   20.749500 ^ _38855_/X (sky130_fd_sc_hd__xor2_1)
                                                         _09177_ (net)
                      0.347004    0.000496   20.749996 ^ _38858_/A (sky130_fd_sc_hd__nand2_1)
     2    0.005445    0.140345    0.231928   20.981924 v _38858_/Y (sky130_fd_sc_hd__nand2_1)
                                                         _09180_ (net)
                      0.140346    0.000293   20.982218 v _38859_/B (sky130_fd_sc_hd__and2b_1)
     1    0.004796    0.082656    0.370347   21.352564 v _38859_/X (sky130_fd_sc_hd__and2b_1)
                                                         _09181_ (net)
                      0.082657    0.000231   21.352797 v _38866_/A (sky130_fd_sc_hd__xnor2_1)
     2    0.007886    0.349740    0.373319   21.726114 ^ _38866_/Y (sky130_fd_sc_hd__xnor2_1)
                                                         _09189_ (net)
                      0.349741    0.000565   21.726679 ^ _38869_/A (sky130_fd_sc_hd__xor2_1)
     2    0.008440    0.344313    0.452379   22.179060 ^ _38869_/X (sky130_fd_sc_hd__xor2_1)
                                                         _09192_ (net)
                      0.344315    0.000540   22.179600 ^ _38872_/A (sky130_fd_sc_hd__xor2_1)
     2    0.010053    0.391587    0.486374   22.665974 ^ _38872_/X (sky130_fd_sc_hd__xor2_1)
                                                         _09196_ (net)
                      0.391590    0.000753   22.666725 ^ _38875_/A (sky130_fd_sc_hd__xor2_1)
     2    0.014574    0.525614    0.598662   23.265388 ^ _38875_/X (sky130_fd_sc_hd__xor2_1)
                                                         _09199_ (net)
                      0.525621    0.001576   23.266964 ^ _38876_/B1 (sky130_fd_sc_hd__a21o_1)
     3    0.011339    0.170035    0.367477   23.634441 ^ _38876_/X (sky130_fd_sc_hd__a21o_1)
                                                         _09200_ (net)
                      0.170039    0.000705   23.635145 ^ _40672_/A2 (sky130_fd_sc_hd__a31o_1)
     1    0.002877    0.085708    0.321494   23.956640 ^ _40672_/X (sky130_fd_sc_hd__a31o_1)
                                                         _11175_ (net)
                      0.085709    0.000211   23.956852 ^ _40673_/A2 (sky130_fd_sc_hd__o21a_1)
     1    0.035127    0.539510    0.550259   24.507111 ^ _40673_/X (sky130_fd_sc_hd__o21a_1)
                                                         _11176_ (net)
                      0.539533    0.003016   24.510126 ^ _40674_/B1 (sky130_fd_sc_hd__o31ai_1)
     1    0.002595    0.165521    0.305008   24.815134 v _40674_/Y (sky130_fd_sc_hd__o31ai_1)
                                                         _11177_ (net)
                      0.165521    0.000117   24.815250 v _40830_/A1 (sky130_fd_sc_hd__a21o_1)
     1    0.031397    0.280336    0.518012   25.333263 v _40830_/X (sky130_fd_sc_hd__a21o_1)
                                                         _11348_ (net)
                      0.280495    0.005576   25.338839 v _41078_/A1 (sky130_fd_sc_hd__a211oi_2)
     1    0.036700    1.075415    1.022618   26.361458 ^ _41078_/Y (sky130_fd_sc_hd__a211oi_2)
                                                         _11621_ (net)
                      1.075425    0.002773   26.364231 ^ _41277_/A1 (sky130_fd_sc_hd__o21ba_1)
     1    0.034134    0.524561    0.879417   27.243649 ^ _41277_/X (sky130_fd_sc_hd__o21ba_1)
                                                         _11840_ (net)
                      0.524583    0.002840   27.246489 ^ _41396_/A1 (sky130_fd_sc_hd__o21bai_1)
     1    0.007158    0.203797    0.361553   27.608042 v _41396_/Y (sky130_fd_sc_hd__o21bai_1)
                                                         _11971_ (net)
                      0.203798    0.000306   27.608347 v _41516_/A1 (sky130_fd_sc_hd__a21oi_1)
     1    0.010792    0.410259    0.445803   28.054150 ^ _41516_/Y (sky130_fd_sc_hd__a21oi_1)
                                                         _12103_ (net)
                      0.410262    0.000902   28.055052 ^ _41551_/A1 (sky130_fd_sc_hd__o21a_1)
     1    0.003158    0.078322    0.358593   28.413645 ^ _41551_/X (sky130_fd_sc_hd__o21a_1)
                                                         _12141_ (net)
                      0.078323    0.000215   28.413860 ^ _41553_/A1 (sky130_fd_sc_hd__o21a_1)
     1    0.003510    0.081147    0.243512   28.657372 ^ _41553_/X (sky130_fd_sc_hd__o21a_1)
                                                         _00015_ (net)
                      0.081148    0.000201   28.657574 ^ _41569_/D (sky130_fd_sc_hd__dfxtp_4)
                                             28.657574   data arrival time

                                 25.000000   25.000000   clock clk (rise edge)
                                  0.000000   25.000000   clock source latency
     2    0.109176    0.787186    0.558435   25.558434 ^ clk (in)
                                                         clk (net)
                      0.789108    0.000000   25.558434 ^ clkbuf_0_clk/A (sky130_fd_sc_hd__clkbuf_16)
     2    0.024297    0.084850    0.505182   26.063616 ^ clkbuf_0_clk/X (sky130_fd_sc_hd__clkbuf_16)
                                                         clknet_0_clk (net)
                      0.084852    0.001362   26.064978 ^ clkbuf_1_1__f_clk/A (sky130_fd_sc_hd__clkbuf_16)
     9    0.032809    0.084468    0.245770   26.310749 ^ clkbuf_1_1__f_clk/X (sky130_fd_sc_hd__clkbuf_16)
                                                         clknet_1_1__leaf_clk (net)
                      0.084581    0.002427   26.313175 ^ _41569_/CLK (sky130_fd_sc_hd__dfxtp_4)
                                 -0.250000   26.063175   clock uncertainty
                                  0.000000   26.063175   clock reconvergence pessimism
                                 -0.141551   25.921625   library setup time
                                             25.921625   data required time
---------------------------------------------------------------------------------------------
                                             25.921625   data required time
                                            -28.657574   data arrival time
---------------------------------------------------------------------------------------------
                                             -2.735948   slack (VIOLATED)




===========================================================================
report_checks --slack_max -0.01
============================================================================
======================= max_ss_100C_1v60 Corner ===================================

Startpoint: input_data[35] (input port clocked by clk)
Endpoint: _41569_ (rising edge-triggered flip-flop clocked by clk)
Path Group: clk
Path Type: max

Fanout         Cap        Slew       Delay        Time   Description
---------------------------------------------------------------------------------------------
                                  0.000000    0.000000   clock clk (rise edge)
                                  0.000000    0.000000   clock network delay (propagated)
                                  5.000000    5.000000 ^ input external delay
     1    0.004299    0.042382    0.023760    5.023760 ^ input_data[35] (in)
                                                         input_data[35] (net)
                      0.042383    0.000000    5.023760 ^ input163/A (sky130_fd_sc_hd__buf_2)
     1    0.078054    0.596354    0.556239    5.579999 ^ input163/X (sky130_fd_sc_hd__buf_2)
                                                         net163 (net)
                      0.596644    0.010979    5.590978 ^ fanout895/A (sky130_fd_sc_hd__buf_4)
    12    0.135366    0.591704    0.777896    6.368874 ^ fanout895/X (sky130_fd_sc_hd__buf_4)
                                                         net895 (net)
                      0.593325    0.025900    6.394774 ^ fanout894/A (sky130_fd_sc_hd__buf_4)
     9    0.107366    0.470991    0.709812    7.104586 ^ fanout894/X (sky130_fd_sc_hd__buf_4)
                                                         net894 (net)
                      0.471791    0.016083    7.120669 ^ fanout893/A (sky130_fd_sc_hd__buf_2)
     6    0.054398    0.423038    0.615616    7.736285 ^ fanout893/X (sky130_fd_sc_hd__buf_2)
                                                         net893 (net)
                      0.423239    0.007660    7.743944 ^ fanout892/A (sky130_fd_sc_hd__buf_4)
     7    0.070956    0.319316    0.536605    8.280550 ^ fanout892/X (sky130_fd_sc_hd__buf_4)
                                                         net892 (net)
                      0.319360    0.003149    8.283698 ^ _21891_/B (sky130_fd_sc_hd__xor2_1)
     1    0.003516    0.203364    0.342477    8.626176 ^ _21891_/X (sky130_fd_sc_hd__xor2_1)
                                                         _04072_ (net)
                      0.203364    0.000230    8.626406 ^ fanout404/A (sky130_fd_sc_hd__clkbuf_4)
     7    0.065848    0.318947    0.486093    9.112498 ^ fanout404/X (sky130_fd_sc_hd__clkbuf_4)
                                                         net404 (net)
                      0.318961    0.001799    9.114298 ^ fanout403/A (sky130_fd_sc_hd__clkbuf_4)
    10    0.062159    0.301449    0.527442    9.641740 ^ fanout403/X (sky130_fd_sc_hd__clkbuf_4)
                                                         net403 (net)
                      0.301784    0.008290    9.650030 ^ _26936_/B (sky130_fd_sc_hd__nand2_1)
     1    0.004598    0.114737    0.209218    9.859249 v _26936_/Y (sky130_fd_sc_hd__nand2_1)
                                                         _16835_ (net)
                      0.114739    0.000343    9.859591 v _28554_/A (sky130_fd_sc_hd__xnor2_1)
     2    0.008240    0.361253    0.396269   10.255860 ^ _28554_/Y (sky130_fd_sc_hd__xnor2_1)
                                                         _18614_ (net)
                      0.361254    0.000475   10.256335 ^ _28556_/A (sky130_fd_sc_hd__xor2_1)
     2    0.009295    0.369080    0.474587   10.730923 ^ _28556_/X (sky130_fd_sc_hd__xor2_1)
                                                         _18616_ (net)
                      0.369082    0.000594   10.731517 ^ _28559_/A (sky130_fd_sc_hd__xor2_1)
     2    0.009017    0.361199    0.470688   11.202204 ^ _28559_/X (sky130_fd_sc_hd__xor2_1)
                                                         _18619_ (net)
                      0.361200    0.000591   11.202795 ^ _28560_/B (sky130_fd_sc_hd__xor2_1)
     2    0.006600    0.168298    0.274608   11.477403 v _28560_/X (sky130_fd_sc_hd__xor2_1)
                                                         _18620_ (net)
                      0.168300    0.000410   11.477813 v _28561_/B1 (sky130_fd_sc_hd__o21a_1)
     3    0.014219    0.161793    0.328800   11.806613 v _28561_/X (sky130_fd_sc_hd__o21a_1)
                                                         _18621_ (net)
                      0.161794    0.000425   11.807038 v _28563_/A (sky130_fd_sc_hd__or2_2)
     2    0.018808    0.190997    0.821076   12.628114 v _28563_/X (sky130_fd_sc_hd__or2_2)
                                                         _18624_ (net)
                      0.190997    0.000816   12.628930 v _28564_/B (sky130_fd_sc_hd__or2_2)
     2    0.019027    0.191325    0.792102   13.421033 v _28564_/X (sky130_fd_sc_hd__or2_2)
                                                         _18625_ (net)
                      0.191331    0.000617   13.421650 v _30319_/A (sky130_fd_sc_hd__or2_1)
     2    0.008586    0.147617    0.608691   14.030341 v _30319_/X (sky130_fd_sc_hd__or2_1)
                                                         _20554_ (net)
                      0.147621    0.000568   14.030910 v _32220_/A2 (sky130_fd_sc_hd__a21bo_1)
     2    0.012522    0.140475    0.448833   14.479742 v _32220_/X (sky130_fd_sc_hd__a21bo_1)
                                                         _01882_ (net)
                      0.140478    0.000562   14.480305 v _34473_/A2 (sky130_fd_sc_hd__a21oi_4)
     3    0.024537    0.330183    0.401170   14.881474 ^ _34473_/Y (sky130_fd_sc_hd__a21oi_4)
                                                         _04360_ (net)
                      0.330186    0.000860   14.882334 ^ _36614_/A (sky130_fd_sc_hd__nand2_1)
     2    0.008668    0.181391    0.269145   15.151479 v _36614_/Y (sky130_fd_sc_hd__nand2_1)
                                                         _06713_ (net)
                      0.181392    0.000362   15.151841 v _38700_/B (sky130_fd_sc_hd__and3_1)
     1    0.008954    0.121069    0.440872   15.592713 v _38700_/X (sky130_fd_sc_hd__and3_1)
                                                         _09006_ (net)
                      0.121075    0.000684   15.593397 v _38701_/B (sky130_fd_sc_hd__nor2_4)
     2    0.097366    0.958274    0.778327   16.371723 ^ _38701_/Y (sky130_fd_sc_hd__nor2_4)
                                                         _09007_ (net)
                      0.958613    0.015104   16.386827 ^ _38702_/B (sky130_fd_sc_hd__xor2_1)
     2    0.007268    0.309863    0.560044   16.946873 ^ _38702_/X (sky130_fd_sc_hd__xor2_1)
                                                         _09009_ (net)
                      0.309864    0.000497   16.947371 ^ _38705_/A (sky130_fd_sc_hd__xor2_1)
     2    0.008480    0.346462    0.441982   17.389353 ^ _38705_/X (sky130_fd_sc_hd__xor2_1)
                                                         _09012_ (net)
                      0.346464    0.000522   17.389875 ^ _38765_/A (sky130_fd_sc_hd__xor2_1)
     2    0.009076    0.362623    0.465588   17.855463 ^ _38765_/X (sky130_fd_sc_hd__xor2_1)
                                                         _09078_ (net)
                      0.362624    0.000599   17.856062 ^ _38768_/A (sky130_fd_sc_hd__xor2_1)
     2    0.007717    0.323166    0.439874   18.295937 ^ _38768_/X (sky130_fd_sc_hd__xor2_1)
                                                         _09081_ (net)
                      0.323167    0.000538   18.296474 ^ _38817_/A (sky130_fd_sc_hd__xor2_1)
     2    0.012676    0.469108    0.537769   18.834244 ^ _38817_/X (sky130_fd_sc_hd__xor2_1)
                                                         _09135_ (net)
                      0.469112    0.001121   18.835363 ^ _38820_/A (sky130_fd_sc_hd__xnor2_1)
     2    0.008146    0.358667    0.389473   19.224838 ^ _38820_/Y (sky130_fd_sc_hd__xnor2_1)
                                                         _09138_ (net)
                      0.358668    0.000561   19.225399 ^ _38832_/A (sky130_fd_sc_hd__xor2_1)
     2    0.014989    0.537989    0.598650   19.824049 ^ _38832_/X (sky130_fd_sc_hd__xor2_1)
                                                         _09152_ (net)
                      0.537992    0.001116   19.825165 ^ _38835_/A (sky130_fd_sc_hd__xor2_1)
     2    0.007282    0.312031    0.479801   20.304966 ^ _38835_/X (sky130_fd_sc_hd__xor2_1)
                                                         _09155_ (net)
                      0.312032    0.000542   20.305508 ^ _38855_/A (sky130_fd_sc_hd__xor2_1)
     2    0.008542    0.347003    0.443993   20.749500 ^ _38855_/X (sky130_fd_sc_hd__xor2_1)
                                                         _09177_ (net)
                      0.347004    0.000496   20.749996 ^ _38858_/A (sky130_fd_sc_hd__nand2_1)
     2    0.005445    0.140345    0.231928   20.981924 v _38858_/Y (sky130_fd_sc_hd__nand2_1)
                                                         _09180_ (net)
                      0.140346    0.000293   20.982218 v _38859_/B (sky130_fd_sc_hd__and2b_1)
     1    0.004796    0.082656    0.370347   21.352564 v _38859_/X (sky130_fd_sc_hd__and2b_1)
                                                         _09181_ (net)
                      0.082657    0.000231   21.352797 v _38866_/A (sky130_fd_sc_hd__xnor2_1)
     2    0.007886    0.349740    0.373319   21.726114 ^ _38866_/Y (sky130_fd_sc_hd__xnor2_1)
                                                         _09189_ (net)
                      0.349741    0.000565   21.726679 ^ _38869_/A (sky130_fd_sc_hd__xor2_1)
     2    0.008440    0.344313    0.452379   22.179060 ^ _38869_/X (sky130_fd_sc_hd__xor2_1)
                                                         _09192_ (net)
                      0.344315    0.000540   22.179600 ^ _38872_/A (sky130_fd_sc_hd__xor2_1)
     2    0.010053    0.391587    0.486374   22.665974 ^ _38872_/X (sky130_fd_sc_hd__xor2_1)
                                                         _09196_ (net)
                      0.391590    0.000753   22.666725 ^ _38875_/A (sky130_fd_sc_hd__xor2_1)
     2    0.014574    0.525614    0.598662   23.265388 ^ _38875_/X (sky130_fd_sc_hd__xor2_1)
                                                         _09199_ (net)
                      0.525621    0.001576   23.266964 ^ _38876_/B1 (sky130_fd_sc_hd__a21o_1)
     3    0.011339    0.170035    0.367477   23.634441 ^ _38876_/X (sky130_fd_sc_hd__a21o_1)
                                                         _09200_ (net)
                      0.170039    0.000705   23.635145 ^ _40672_/A2 (sky130_fd_sc_hd__a31o_1)
     1    0.002877    0.085708    0.321494   23.956640 ^ _40672_/X (sky130_fd_sc_hd__a31o_1)
                                                         _11175_ (net)
                      0.085709    0.000211   23.956852 ^ _40673_/A2 (sky130_fd_sc_hd__o21a_1)
     1    0.035127    0.539510    0.550259   24.507111 ^ _40673_/X (sky130_fd_sc_hd__o21a_1)
                                                         _11176_ (net)
                      0.539533    0.003016   24.510126 ^ _40674_/B1 (sky130_fd_sc_hd__o31ai_1)
     1    0.002595    0.165521    0.305008   24.815134 v _40674_/Y (sky130_fd_sc_hd__o31ai_1)
                                                         _11177_ (net)
                      0.165521    0.000117   24.815250 v _40830_/A1 (sky130_fd_sc_hd__a21o_1)
     1    0.031397    0.280336    0.518012   25.333263 v _40830_/X (sky130_fd_sc_hd__a21o_1)
                                                         _11348_ (net)
                      0.280495    0.005576   25.338839 v _41078_/A1 (sky130_fd_sc_hd__a211oi_2)
     1    0.036700    1.075415    1.022618   26.361458 ^ _41078_/Y (sky130_fd_sc_hd__a211oi_2)
                                                         _11621_ (net)
                      1.075425    0.002773   26.364231 ^ _41277_/A1 (sky130_fd_sc_hd__o21ba_1)
     1    0.034134    0.524561    0.879417   27.243649 ^ _41277_/X (sky130_fd_sc_hd__o21ba_1)
                                                         _11840_ (net)
                      0.524583    0.002840   27.246489 ^ _41396_/A1 (sky130_fd_sc_hd__o21bai_1)
     1    0.007158    0.203797    0.361553   27.608042 v _41396_/Y (sky130_fd_sc_hd__o21bai_1)
                                                         _11971_ (net)
                      0.203798    0.000306   27.608347 v _41516_/A1 (sky130_fd_sc_hd__a21oi_1)
     1    0.010792    0.410259    0.445803   28.054150 ^ _41516_/Y (sky130_fd_sc_hd__a21oi_1)
                                                         _12103_ (net)
                      0.410262    0.000902   28.055052 ^ _41551_/A1 (sky130_fd_sc_hd__o21a_1)
     1    0.003158    0.078322    0.358593   28.413645 ^ _41551_/X (sky130_fd_sc_hd__o21a_1)
                                                         _12141_ (net)
                      0.078323    0.000215   28.413860 ^ _41553_/A1 (sky130_fd_sc_hd__o21a_1)
     1    0.003510    0.081147    0.243512   28.657372 ^ _41553_/X (sky130_fd_sc_hd__o21a_1)
                                                         _00015_ (net)
                      0.081148    0.000201   28.657574 ^ _41569_/D (sky130_fd_sc_hd__dfxtp_4)
                                             28.657574   data arrival time

                                 25.000000   25.000000   clock clk (rise edge)
                                  0.000000   25.000000   clock source latency
     2    0.109176    0.787186    0.558435   25.558434 ^ clk (in)
                                                         clk (net)
                      0.789108    0.000000   25.558434 ^ clkbuf_0_clk/A (sky130_fd_sc_hd__clkbuf_16)
     2    0.024297    0.084850    0.505182   26.063616 ^ clkbuf_0_clk/X (sky130_fd_sc_hd__clkbuf_16)
                                                         clknet_0_clk (net)
                      0.084852    0.001362   26.064978 ^ clkbuf_1_1__f_clk/A (sky130_fd_sc_hd__clkbuf_16)
     9    0.032809    0.084468    0.245770   26.310749 ^ clkbuf_1_1__f_clk/X (sky130_fd_sc_hd__clkbuf_16)
                                                         clknet_1_1__leaf_clk (net)
                      0.084581    0.002427   26.313175 ^ _41569_/CLK (sky130_fd_sc_hd__dfxtp_4)
                                 -0.250000   26.063175   clock uncertainty
                                  0.000000   26.063175   clock reconvergence pessimism
                                 -0.141551   25.921625   library setup time
                                             25.921625   data required time
---------------------------------------------------------------------------------------------
                                             25.921625   data required time
                                            -28.657574   data arrival time
---------------------------------------------------------------------------------------------
                                             -2.735948   slack (VIOLATED)




===========================================================================
 report_check_types -max_slew -max_cap -max_fanout -violators
============================================================================
======================= max_ss_100C_1v60 Corner ===================================

max slew

Pin                                        Limit        Slew       Slack
------------------------------------------------------------------------
_39983_/B                               0.750000    1.550390   -0.800390 (VIOLATED)
_41329_/A2                              0.750000    1.550387   -0.800387 (VIOLATED)
ANTENNA_30/DIODE                        0.750000    1.550384   -0.800384 (VIOLATED)
ANTENNA_29/DIODE                        0.750000    1.550379   -0.800379 (VIOLATED)
_39982_/X                               0.750000    1.547277   -0.797277 (VIOLATED)
_33413_/B                               0.750000    1.456843   -0.706843 (VIOLATED)
_35466_/A2                              0.750000    1.456836   -0.706836 (VIOLATED)
_33412_/Y                               0.750000    1.456599   -0.706599 (VIOLATED)
_35549_/A2                              0.750000    1.423236   -0.673236 (VIOLATED)
_35548_/Y                               0.750000    1.423168   -0.673168 (VIOLATED)
_39293_/A                               0.750000    1.323536   -0.573536 (VIOLATED)
_40838_/A1                              0.750000    1.323511   -0.573511 (VIOLATED)
_39237_/Y                               0.750000    1.321170   -0.571170 (VIOLATED)
_32222_/B                               0.750000    1.296392   -0.546392 (VIOLATED)
ANTENNA_6/DIODE                         0.750000    1.296387   -0.546387 (VIOLATED)
_34444_/A2                              0.750000    1.296386   -0.546386 (VIOLATED)
ANTENNA_7/DIODE                         0.750000    1.296383   -0.546383 (VIOLATED)
_32221_/X                               0.750000    1.295394   -0.545394 (VIOLATED)
_24555_/B1                              0.750000    1.285451   -0.535451 (VIOLATED)
_24556_/A1                              0.750000    1.285448   -0.535448 (VIOLATED)
_25733_/B                               0.750000    1.285324   -0.535324 (VIOLATED)
_24553_/Y                               0.750000    1.285316   -0.535316 (VIOLATED)
_41443_/B                               0.750000    1.265767   -0.515767 (VIOLATED)
_41442_/Y                               0.750000    1.265437   -0.515437 (VIOLATED)
_27133_/A                               0.750000    1.265423   -0.515423 (VIOLATED)
_27148_/A                               0.750000    1.265422   -0.515422 (VIOLATED)
_28794_/A                               0.750000    1.265406   -0.515406 (VIOLATED)
_30616_/A1                              0.750000    1.264709   -0.514709 (VIOLATED)
_27131_/Y                               0.750000    1.264332   -0.514332 (VIOLATED)
_41436_/A                               0.750000    1.154451   -0.404451 (VIOLATED)
_41434_/Y                               0.750000    1.154185   -0.404185 (VIOLATED)
_24917_/A                               0.750000    1.151372   -0.401372 (VIOLATED)
_24916_/A_N                             0.750000    1.151368   -0.401368 (VIOLATED)
_24905_/Y                               0.750000    1.151049   -0.401049 (VIOLATED)
_35140_/A1                              0.750000    1.148724   -0.398724 (VIOLATED)
_35141_/A                               0.750000    1.148724   -0.398724 (VIOLATED)
_32919_/A                               0.750000    1.148437   -0.398437 (VIOLATED)
_32917_/Y                               0.750000    1.148425   -0.398425 (VIOLATED)
_23411_/B                               0.750000    1.145328   -0.395328 (VIOLATED)
_23412_/B                               0.750000    1.145328   -0.395328 (VIOLATED)
_27828_/A                               0.750000    1.145106   -0.395106 (VIOLATED)
_27827_/A                               0.750000    1.145105   -0.395105 (VIOLATED)
_23410_/Y                               0.750000    1.144963   -0.394963 (VIOLATED)
_24346_/B                               0.750000    1.144016   -0.394016 (VIOLATED)
_25510_/A2                              0.750000    1.144015   -0.394015 (VIOLATED)
_24345_/Y                               0.750000    1.143039   -0.393039 (VIOLATED)
_29432_/B                               0.750000    1.111045   -0.361045 (VIOLATED)
_31222_/A2                              0.750000    1.111045   -0.361045 (VIOLATED)
ANTENNA_73/DIODE                        0.750000    1.111044   -0.361044 (VIOLATED)
ANTENNA_74/DIODE                        0.750000    1.111043   -0.361043 (VIOLATED)
_29431_/X                               0.750000    1.110823   -0.360823 (VIOLATED)
_41386_/A                               0.750000    1.101260   -0.351260 (VIOLATED)
_41343_/Y                               0.750000    1.099795   -0.349796 (VIOLATED)
_26892_/A                               0.750000    1.094668   -0.344668 (VIOLATED)
_26893_/B                               0.750000    1.094667   -0.344667 (VIOLATED)
_25438_/Y                               0.750000    1.094664   -0.344664 (VIOLATED)
max_cap295/A                            0.750000    1.094664   -0.344664 (VIOLATED)
_32969_/A                               0.750000    1.089521   -0.339521 (VIOLATED)
_32970_/A                               0.750000    1.089519   -0.339519 (VIOLATED)
_32919_/Y                               0.750000    1.089483   -0.339483 (VIOLATED)
_41256_/A                               0.750000    1.077163   -0.327163 (VIOLATED)
_41251_/Y                               0.750000    1.076976   -0.326976 (VIOLATED)
_41277_/A1                              0.750000    1.075425   -0.325425 (VIOLATED)
_41078_/Y                               0.750000    1.075415   -0.325415 (VIOLATED)
_41188_/B                               0.750000    1.070056   -0.320056 (VIOLATED)
_41187_/Y                               0.750000    1.069819   -0.319819 (VIOLATED)
_40515_/B                               0.750000    1.067309   -0.317309 (VIOLATED)
_40511_/Y                               0.750000    1.065572   -0.315572 (VIOLATED)
_38643_/B                               0.750000    1.064368   -0.314368 (VIOLATED)
_38642_/B                               0.750000    1.064358   -0.314358 (VIOLATED)
wire259/A                               0.750000    1.063956   -0.313956 (VIOLATED)
ANTENNA_14/DIODE                        0.750000    1.063953   -0.313953 (VIOLATED)
ANTENNA_15/DIODE                        0.750000    1.063951   -0.313952 (VIOLATED)
_40320_/A                               0.750000    1.063870   -0.313870 (VIOLATED)
_41125_/A                               0.750000    1.063235   -0.313235 (VIOLATED)
ANTENNA_18/DIODE                        0.750000    1.063217   -0.313217 (VIOLATED)
_41486_/A                               0.750000    1.063099   -0.313099 (VIOLATED)
_40021_/A1                              0.750000    1.062885   -0.312885 (VIOLATED)
_37858_/A                               0.750000    1.062837   -0.312837 (VIOLATED)
max_cap260/A                            0.750000    1.062725   -0.312725 (VIOLATED)
_41447_/A                               0.750000    1.062580   -0.312580 (VIOLATED)
_34282_/Y                               0.750000    1.062571   -0.312571 (VIOLATED)
_38641_/X                               0.750000    1.058566   -0.308566 (VIOLATED)
_38263_/A                               0.750000    1.053486   -0.303486 (VIOLATED)
_38262_/B                               0.750000    1.053484   -0.303484 (VIOLATED)
_38231_/Y                               0.750000    1.053162   -0.303162 (VIOLATED)
_30321_/B                               0.750000    1.043237   -0.293237 (VIOLATED)
_32223_/A2                              0.750000    1.043232   -0.293232 (VIOLATED)
_30320_/Y                               0.750000    1.042756   -0.292756 (VIOLATED)
_33081_/B                               0.750000    1.042641   -0.292641 (VIOLATED)
_35268_/A2                              0.750000    1.042639   -0.292639 (VIOLATED)
_33080_/Y                               0.750000    1.040702   -0.290702 (VIOLATED)
_41219_/B                               0.750000    1.038547   -0.288547 (VIOLATED)
_41218_/Y                               0.750000    1.038089   -0.288089 (VIOLATED)
wire278/A                               0.750000    1.037767   -0.287767 (VIOLATED)
_27941_/A1                              0.750000    1.037695   -0.287695 (VIOLATED)
_26376_/A                               0.750000    1.037691   -0.287691 (VIOLATED)
_35313_/B                               0.750000    1.037686   -0.287686 (VIOLATED)
_35312_/Y                               0.750000    1.037676   -0.287676 (VIOLATED)
_24070_/Y                               0.750000    1.037564   -0.287564 (VIOLATED)
_41211_/A2                              0.750000    1.036572   -0.286572 (VIOLATED)
_39715_/B                               0.750000    1.036570   -0.286570 (VIOLATED)
ANTENNA_256/DIODE                       0.750000    1.036570   -0.286570 (VIOLATED)
ANTENNA_26/DIODE                        0.750000    1.036569   -0.286570 (VIOLATED)
ANTENNA_255/DIODE                       0.750000    1.036567   -0.286567 (VIOLATED)
_40606_/A                               0.750000    1.035703   -0.285703 (VIOLATED)
_39714_/X                               0.750000    1.035507   -0.285507 (VIOLATED)
wire285/A                               0.750000    1.035487   -0.285487 (VIOLATED)
_40604_/Y                               0.750000    1.035392   -0.285392 (VIOLATED)
_22142_/Y                               0.750000    1.034041   -0.284041 (VIOLATED)
_22458_/A                               0.750000    1.033683   -0.283683 (VIOLATED)
_22457_/A_N                             0.750000    1.033673   -0.283673 (VIOLATED)
_22202_/A                               0.750000    1.033365   -0.283366 (VIOLATED)
_22204_/A                               0.750000    1.033365   -0.283365 (VIOLATED)
_26518_/A                               0.750000    1.033362   -0.283362 (VIOLATED)
_26517_/A                               0.750000    1.033361   -0.283361 (VIOLATED)
_27788_/A                               0.750000    1.033342   -0.283342 (VIOLATED)
_29505_/A1                              0.750000    1.033340   -0.283340 (VIOLATED)
ANTENNA_268/DIODE                       0.750000    1.033339   -0.283339 (VIOLATED)
_26509_/Y                               0.750000    1.033265   -0.283265 (VIOLATED)
_22203_/A                               0.750000    1.033199   -0.283199 (VIOLATED)
_37486_/B                               0.750000    1.032297   -0.282297 (VIOLATED)
_39672_/A2                              0.750000    1.032294   -0.282294 (VIOLATED)
_22196_/Y                               0.750000    1.032259   -0.282259 (VIOLATED)
_37485_/Y                               0.750000    1.032069   -0.282069 (VIOLATED)
_35403_/A2                              0.750000    1.031915   -0.281915 (VIOLATED)
ANTENNA_8/DIODE                         0.750000    1.031909   -0.281909 (VIOLATED)
_33251_/B                               0.750000    1.031883   -0.281883 (VIOLATED)
_33250_/X                               0.750000    1.030646   -0.280646 (VIOLATED)
_24836_/B                               0.750000    1.027861   -0.277861 (VIOLATED)
ANTENNA_55/DIODE                        0.750000    1.027859   -0.277859 (VIOLATED)
_26199_/A2                              0.750000    1.027859   -0.277859 (VIOLATED)
ANTENNA_56/DIODE                        0.750000    1.027859   -0.277859 (VIOLATED)
_24835_/X                               0.750000    1.027743   -0.277743 (VIOLATED)
wire281/A                               0.750000    1.018641   -0.268641 (VIOLATED)
ANTENNA_36/DIODE                        0.750000    1.018638   -0.268638 (VIOLATED)
_24992_/A                               0.750000    1.018533   -0.268534 (VIOLATED)
_24993_/A                               0.750000    1.018531   -0.268531 (VIOLATED)
_28566_/B                               0.750000    1.017950   -0.267950 (VIOLATED)
_30322_/A2                              0.750000    1.017947   -0.267947 (VIOLATED)
_23055_/Y                               0.750000    1.017802   -0.267802 (VIOLATED)
_28565_/Y                               0.750000    1.017781   -0.267781 (VIOLATED)
_35138_/B                               0.750000    1.016078   -0.266078 (VIOLATED)
_35137_/B                               0.750000    1.016077   -0.266077 (VIOLATED)
_35136_/Y                               0.750000    1.016041   -0.266041 (VIOLATED)
_36616_/B                               0.750000    1.000702   -0.250702 (VIOLATED)
_38703_/A2                              0.750000    1.000698   -0.250698 (VIOLATED)
_36615_/X                               0.750000    1.000516   -0.250516 (VIOLATED)
_27640_/A                               0.750000    1.000319   -0.250319 (VIOLATED)
_27641_/A                               0.750000    1.000319   -0.250319 (VIOLATED)
_27602_/Y                               0.750000    1.000309   -0.250309 (VIOLATED)
_27722_/A2                              0.750000    0.997335   -0.247335 (VIOLATED)
_26198_/B                               0.750000    0.997332   -0.247332 (VIOLATED)
_26197_/Y                               0.750000    0.997099   -0.247099 (VIOLATED)
_40294_/A                               0.750000    0.996726   -0.246726 (VIOLATED)
_40279_/Y                               0.750000    0.996624   -0.246624 (VIOLATED)
wire258/A                               0.750000    0.993376   -0.243376 (VIOLATED)
_40116_/A                               0.750000    0.993334   -0.243334 (VIOLATED)
_40019_/A                               0.750000    0.993227   -0.243227 (VIOLATED)
_36414_/X                               0.750000    0.993168   -0.243168 (VIOLATED)
_41389_/B                               0.750000    0.993107   -0.243107 (VIOLATED)
_41388_/Y                               0.750000    0.992906   -0.242906 (VIOLATED)
ANTENNA_52/DIODE                        0.750000    0.991828   -0.241828 (VIOLATED)
fanout319/A                             0.750000    0.991828   -0.241828 (VIOLATED)
fanout318/A                             0.750000    0.991825   -0.241825 (VIOLATED)
_20896_/Y                               0.750000    0.991820   -0.241820 (VIOLATED)
fanout330/A                             0.750000    0.990534   -0.240534 (VIOLATED)
fanout329/A                             0.750000    0.990500   -0.240500 (VIOLATED)
_20867_/Y                               0.750000    0.990480   -0.240480 (VIOLATED)
_40674_/A2                              0.750000    0.988436   -0.238436 (VIOLATED)
_40338_/Y                               0.750000    0.988410   -0.238410 (VIOLATED)
_41087_/B1                              0.750000    0.985179   -0.235179 (VIOLATED)
_40126_/B                               0.750000    0.985139   -0.235139 (VIOLATED)
_41497_/A2                              0.750000    0.985129   -0.235129 (VIOLATED)
_40125_/Y                               0.750000    0.985072   -0.235072 (VIOLATED)
_26994_/B                               0.750000    0.978486   -0.228486 (VIOLATED)
_28614_/A3                              0.750000    0.978473   -0.228473 (VIOLATED)
_26993_/Y                               0.750000    0.978373   -0.228373 (VIOLATED)
_25735_/A                               0.750000    0.975747   -0.225747 (VIOLATED)
_25734_/B                               0.750000    0.975746   -0.225746 (VIOLATED)
_25732_/Y                               0.750000    0.975712   -0.225712 (VIOLATED)
_25119_/A                               0.750000    0.974162   -0.224162 (VIOLATED)
_26521_/A1                              0.750000    0.974160   -0.224160 (VIOLATED)
_27789_/A1                              0.750000    0.974135   -0.224135 (VIOLATED)
_26266_/A                               0.750000    0.974128   -0.224128 (VIOLATED)
_25109_/Y                               0.750000    0.974089   -0.224089 (VIOLATED)
_29943_/A                               0.750000    0.967830   -0.217830 (VIOLATED)
_31785_/A1                              0.750000    0.967828   -0.217828 (VIOLATED)
_34978_/A                               0.750000    0.967582   -0.217582 (VIOLATED)
_34977_/B1                              0.750000    0.967578   -0.217578 (VIOLATED)
_22975_/A                               0.750000    0.967160   -0.217160 (VIOLATED)
_22976_/A                               0.750000    0.967158   -0.217158 (VIOLATED)
_22953_/Y                               0.750000    0.967075   -0.217075 (VIOLATED)
_39716_/A2                              0.750000    0.960826   -0.210826 (VIOLATED)
_37538_/A                               0.750000    0.960823   -0.210823 (VIOLATED)
_39713_/B                               0.750000    0.960666   -0.210666 (VIOLATED)
_37536_/Y                               0.750000    0.960659   -0.210659 (VIOLATED)
_38702_/B                               0.750000    0.958613   -0.208613 (VIOLATED)
_40605_/A2                              0.750000    0.958604   -0.208604 (VIOLATED)
_38701_/Y                               0.750000    0.958274   -0.208274 (VIOLATED)
_40952_/B                               0.750000    0.953862   -0.203862 (VIOLATED)
_40951_/Y                               0.750000    0.953643   -0.203643 (VIOLATED)
_21924_/A                               0.750000    0.952710   -0.202710 (VIOLATED)
_21569_/B                               0.750000    0.952697   -0.202697 (VIOLATED)
_21923_/A                               0.750000    0.952694   -0.202694 (VIOLATED)
_21568_/B                               0.750000    0.952693   -0.202693 (VIOLATED)
_22453_/A1                              0.750000    0.952333   -0.202333 (VIOLATED)
_29171_/A                               0.750000    0.951879   -0.201879 (VIOLATED)
_37210_/A1                              0.750000    0.951872   -0.201872 (VIOLATED)
_37209_/A                               0.750000    0.951871   -0.201871 (VIOLATED)
_37460_/A                               0.750000    0.951746   -0.201746 (VIOLATED)
_37461_/A                               0.750000    0.951746   -0.201746 (VIOLATED)
_21566_/Y                               0.750000    0.951688   -0.201688 (VIOLATED)
_25474_/A                               0.750000    0.941509   -0.191509 (VIOLATED)
_27485_/B1                              0.750000    0.941509   -0.191509 (VIOLATED)
_25475_/A                               0.750000    0.941508   -0.191508 (VIOLATED)
_39408_/A                               0.750000    0.941498   -0.191498 (VIOLATED)
_39409_/A                               0.750000    0.941495   -0.191495 (VIOLATED)
_27156_/A1                              0.750000    0.941487   -0.191487 (VIOLATED)
_27157_/A                               0.750000    0.941487   -0.191487 (VIOLATED)
_39402_/A1                              0.750000    0.941482   -0.191482 (VIOLATED)
_24314_/Y                               0.750000    0.941479   -0.191479 (VIOLATED)
_25438_/B                               0.750000    0.938561   -0.188561 (VIOLATED)
_25439_/A1                              0.750000    0.938558   -0.188558 (VIOLATED)
_26893_/A                               0.750000    0.938539   -0.188539 (VIOLATED)
_25436_/Y                               0.750000    0.938526   -0.188526 (VIOLATED)
fanout323/A                             0.750000    0.936885   -0.186885 (VIOLATED)
ANTENNA_50/DIODE                        0.750000    0.936885   -0.186885 (VIOLATED)
fanout322/A                             0.750000    0.936862   -0.186862 (VIOLATED)
_20894_/Y                               0.750000    0.936853   -0.186853 (VIOLATED)
_41019_/A                               0.750000    0.936698   -0.186698 (VIOLATED)
_40992_/Y                               0.750000    0.936506   -0.186506 (VIOLATED)
_25889_/B                               0.750000    0.935024   -0.185024 (VIOLATED)
_25888_/B                               0.750000    0.935024   -0.185024 (VIOLATED)
_27411_/A2                              0.750000    0.934976   -0.184976 (VIOLATED)
_22817_/B                               0.750000    0.934486   -0.184486 (VIOLATED)
_22816_/B                               0.750000    0.934484   -0.184484 (VIOLATED)
_29258_/A                               0.750000    0.934295   -0.184295 (VIOLATED)
_31050_/A1_N                            0.750000    0.934295   -0.184295 (VIOLATED)
_23834_/A                               0.750000    0.934279   -0.184279 (VIOLATED)
_22815_/Y                               0.750000    0.934254   -0.184254 (VIOLATED)
_36417_/B                               0.750000    0.931844   -0.181844 (VIOLATED)
_39522_/A                               0.750000    0.931805   -0.181805 (VIOLATED)
_41189_/A1                              0.750000    0.931790   -0.181790 (VIOLATED)
_40115_/A                               0.750000    0.931289   -0.181289 (VIOLATED)
_23281_/A                               0.750000    0.931039   -0.181039 (VIOLATED)
_24347_/A2                              0.750000    0.931033   -0.181033 (VIOLATED)
_40018_/A                               0.750000    0.930853   -0.180853 (VIOLATED)
_36415_/Y                               0.750000    0.930684   -0.180684 (VIOLATED)
_24345_/A                               0.750000    0.930628   -0.180628 (VIOLATED)
_24953_/A3                              0.750000    0.930578   -0.180578 (VIOLATED)
_23279_/Y                               0.750000    0.930570   -0.180570 (VIOLATED)
_40600_/B                               0.750000    0.927642   -0.177642 (VIOLATED)
_40599_/Y                               0.750000    0.927476   -0.177476 (VIOLATED)
_32816_/A                               0.750000    0.926989   -0.176989 (VIOLATED)
_32815_/A                               0.750000    0.926982   -0.176982 (VIOLATED)
_32782_/Y                               0.750000    0.926765   -0.176765 (VIOLATED)
_22725_/C                               0.750000    0.918664   -0.168664 (VIOLATED)
_21932_/B1                              0.750000    0.918660   -0.168660 (VIOLATED)
_21423_/A                               0.750000    0.918660   -0.168660 (VIOLATED)
_21421_/Y                               0.750000    0.918657   -0.168657 (VIOLATED)
_31641_/B                               0.750000    0.912487   -0.162487 (VIOLATED)
_31640_/B                               0.750000    0.912486   -0.162486 (VIOLATED)
_31639_/Y                               0.750000    0.912453   -0.162453 (VIOLATED)
_25747_/B                               0.750000    0.910474   -0.160474 (VIOLATED)
_27235_/A3                              0.750000    0.910473   -0.160473 (VIOLATED)
_25746_/Y                               0.750000    0.910362   -0.160362 (VIOLATED)
_38764_/A                               0.750000    0.903015   -0.153015 (VIOLATED)
_40602_/A1                              0.750000    0.903009   -0.153009 (VIOLATED)
_38730_/Y                               0.750000    0.902554   -0.152554 (VIOLATED)
fanout381/A                             0.750000    0.899943   -0.149943 (VIOLATED)
fanout380/A                             0.750000    0.899914   -0.149914 (VIOLATED)
ANTENNA_49/DIODE                        0.750000    0.899914   -0.149914 (VIOLATED)
_20876_/Y                               0.750000    0.899895   -0.149895 (VIOLATED)
_40753_/A                               0.750000    0.897015   -0.147015 (VIOLATED)
_40751_/Y                               0.750000    0.896993   -0.146993 (VIOLATED)
_31641_/A                               0.750000    0.894854   -0.144854 (VIOLATED)
_31640_/A                               0.750000    0.894854   -0.144854 (VIOLATED)
_33349_/A1                              0.750000    0.894467   -0.144467 (VIOLATED)
_31310_/A                               0.750000    0.894467   -0.144467 (VIOLATED)
_31306_/Y                               0.750000    0.894451   -0.144451 (VIOLATED)
_39936_/B                               0.750000    0.891680   -0.141680 (VIOLATED)
ANTENNA_28/DIODE                        0.750000    0.891680   -0.141680 (VIOLATED)
_39935_/B                               0.750000    0.891680   -0.141680 (VIOLATED)
ANTENNA_27/DIODE                        0.750000    0.891679   -0.141679 (VIOLATED)
_39934_/Y                               0.750000    0.891653   -0.141654 (VIOLATED)
_26153_/B                               0.750000    0.891202   -0.141202 (VIOLATED)
_26154_/B                               0.750000    0.891202   -0.141202 (VIOLATED)
_26152_/Y                               0.750000    0.891162   -0.141162 (VIOLATED)
_28079_/B                               0.750000    0.891087   -0.141087 (VIOLATED)
_28078_/B                               0.750000    0.891087   -0.141087 (VIOLATED)
_28077_/Y                               0.750000    0.891052   -0.141052 (VIOLATED)
_21780_/A                               0.750000    0.890907   -0.140908 (VIOLATED)
ANTENNA_273/DIODE                       0.750000    0.890897   -0.140897 (VIOLATED)
_21355_/B                               0.750000    0.890754   -0.140754 (VIOLATED)
ANTENNA_272/DIODE                       0.750000    0.890749   -0.140749 (VIOLATED)
ANTENNA_274/DIODE                       0.750000    0.890351   -0.140351 (VIOLATED)
_21953_/A                               0.750000    0.890217   -0.140217 (VIOLATED)
ANTENNA_275/DIODE                       0.750000    0.890201   -0.140201 (VIOLATED)
_21954_/A                               0.750000    0.890093   -0.140093 (VIOLATED)
_22091_/B                               0.750000    0.889865   -0.139865 (VIOLATED)
ANTENNA_276/DIODE                       0.750000    0.889776   -0.139776 (VIOLATED)
_24054_/A1                              0.750000    0.888434   -0.138434 (VIOLATED)
_21352_/X                               0.750000    0.888398   -0.138398 (VIOLATED)
_21260_/A3                              0.750000    0.886265   -0.136265 (VIOLATED)
_20966_/B                               0.750000    0.886264   -0.136264 (VIOLATED)
_20965_/Y                               0.750000    0.886246   -0.136246 (VIOLATED)
_40954_/B                               0.750000    0.881702   -0.131702 (VIOLATED)
_40953_/Y                               0.750000    0.881621   -0.131621 (VIOLATED)
_21865_/C                               0.750000    0.879958   -0.129958 (VIOLATED)
_32233_/A0                              0.750000    0.879572   -0.129572 (VIOLATED)
_32232_/B                               0.750000    0.879570   -0.129570 (VIOLATED)
_36934_/A                               0.750000    0.879511   -0.129511 (VIOLATED)
_33013_/B1                              0.750000    0.879510   -0.129510 (VIOLATED)
_33014_/C                               0.750000    0.879509   -0.129509 (VIOLATED)
_32231_/Y                               0.750000    0.879493   -0.129493 (VIOLATED)
_21866_/B                               0.750000    0.876505   -0.126505 (VIOLATED)
_24915_/A                               0.750000    0.873831   -0.123831 (VIOLATED)
_21913_/B                               0.750000    0.873371   -0.123371 (VIOLATED)
_22040_/A2                              0.750000    0.872712   -0.122713 (VIOLATED)
_23807_/B                               0.750000    0.872652   -0.122652 (VIOLATED)
_22039_/A2                              0.750000    0.872612   -0.122612 (VIOLATED)
_21864_/Y                               0.750000    0.872592   -0.122592 (VIOLATED)
_31843_/A                               0.750000    0.869152   -0.119152 (VIOLATED)
_33922_/A1                              0.750000    0.869139   -0.119139 (VIOLATED)
_27285_/A                               0.750000    0.869050   -0.119050 (VIOLATED)
_29018_/A1                              0.750000    0.868978   -0.118978 (VIOLATED)
_37176_/A                               0.750000    0.868757   -0.118757 (VIOLATED)
_39380_/A1                              0.750000    0.868755   -0.118756 (VIOLATED)
_22592_/Y                               0.750000    0.868691   -0.118691 (VIOLATED)
_21962_/B                               0.750000    0.868360   -0.118360 (VIOLATED)
_22672_/A2                              0.750000    0.868359   -0.118359 (VIOLATED)
_21961_/Y                               0.750000    0.868224   -0.118224 (VIOLATED)
_22442_/B                               0.750000    0.866133   -0.116133 (VIOLATED)
_22440_/A                               0.750000    0.866094   -0.116094 (VIOLATED)
_26283_/A                               0.750000    0.866081   -0.116081 (VIOLATED)
_22867_/A1                              0.750000    0.865981   -0.115981 (VIOLATED)
_22439_/Y                               0.750000    0.865965   -0.115965 (VIOLATED)
_41034_/A                               0.750000    0.865931   -0.115931 (VIOLATED)
_40736_/B                               0.750000    0.865857   -0.115857 (VIOLATED)
_41500_/A                               0.750000    0.865851   -0.115851 (VIOLATED)
_40735_/Y                               0.750000    0.865841   -0.115841 (VIOLATED)
_25475_/B                               0.750000    0.864952   -0.114952 (VIOLATED)
_25474_/B                               0.750000    0.864951   -0.114951 (VIOLATED)
_29169_/A2                              0.750000    0.864926   -0.114926 (VIOLATED)
_27484_/B                               0.750000    0.864908   -0.114908 (VIOLATED)
_27155_/A                               0.750000    0.864853   -0.114853 (VIOLATED)
_28744_/A1                              0.750000    0.864839   -0.114840 (VIOLATED)
_39401_/A                               0.750000    0.864787   -0.114787 (VIOLATED)
_41148_/A                               0.750000    0.864767   -0.114767 (VIOLATED)
_41002_/A1                              0.750000    0.864764   -0.114764 (VIOLATED)
_25473_/Y                               0.750000    0.864757   -0.114757 (VIOLATED)
_37624_/B1                              0.750000    0.864645   -0.114645 (VIOLATED)
_37623_/C                               0.750000    0.864645   -0.114645 (VIOLATED)
_37622_/X                               0.750000    0.864617   -0.114617 (VIOLATED)
_38650_/A                               0.750000    0.864340   -0.114340 (VIOLATED)
_38649_/A_N                             0.750000    0.864333   -0.114333 (VIOLATED)
_38574_/Y                               0.750000    0.864192   -0.114192 (VIOLATED)
_24165_/B                               0.750000    0.859511   -0.109511 (VIOLATED)
_24166_/B                               0.750000    0.859510   -0.109510 (VIOLATED)
_24164_/Y                               0.750000    0.859481   -0.109481 (VIOLATED)
_29946_/A                               0.750000    0.858287   -0.108287 (VIOLATED)
_31708_/A1                              0.750000    0.858284   -0.108284 (VIOLATED)
_29915_/Y                               0.750000    0.858206   -0.108206 (VIOLATED)
_27552_/A1                              0.750000    0.854654   -0.104655 (VIOLATED)
_27553_/A                               0.750000    0.854653   -0.104653 (VIOLATED)
_26000_/Y                               0.750000    0.854630   -0.104630 (VIOLATED)
_26002_/A                               0.750000    0.854630   -0.104630 (VIOLATED)
_23334_/C                               0.750000    0.853806   -0.103806 (VIOLATED)
_23333_/B1                              0.750000    0.853806   -0.103806 (VIOLATED)
_23332_/Y                               0.750000    0.853794   -0.103794 (VIOLATED)
_33045_/B                               0.750000    0.844755   -0.094755 (VIOLATED)
_33046_/B                               0.750000    0.844754   -0.094754 (VIOLATED)
_33044_/Y                               0.750000    0.844736   -0.094736 (VIOLATED)
_39555_/B                               0.750000    0.843666   -0.093666 (VIOLATED)
_39554_/B                               0.750000    0.843660   -0.093660 (VIOLATED)
ANTENNA_25/DIODE                        0.750000    0.843658   -0.093658 (VIOLATED)
ANTENNA_24/DIODE                        0.750000    0.843651   -0.093651 (VIOLATED)
_39553_/X                               0.750000    0.843369   -0.093370 (VIOLATED)
_40055_/A                               0.750000    0.841929   -0.091929 (VIOLATED)
_40054_/A1                              0.750000    0.841929   -0.091929 (VIOLATED)
_37882_/A                               0.750000    0.841927   -0.091927 (VIOLATED)
_37880_/Y                               0.750000    0.841924   -0.091924 (VIOLATED)
_33192_/B                               0.750000    0.841784   -0.091784 (VIOLATED)
_33191_/B                               0.750000    0.841781   -0.091781 (VIOLATED)
_38060_/B                               0.750000    0.841350   -0.091350 (VIOLATED)
_38059_/Y                               0.750000    0.841335   -0.091335 (VIOLATED)
_33190_/Y                               0.750000    0.841026   -0.091026 (VIOLATED)
_27067_/A2                              0.750000    0.836196   -0.086196 (VIOLATED)
_25594_/A_N                             0.750000    0.836190   -0.086190 (VIOLATED)
_25592_/Y                               0.750000    0.836091   -0.086091 (VIOLATED)
_22993_/B                               0.750000    0.833383   -0.083383 (VIOLATED)
_22992_/B                               0.750000    0.833381   -0.083381 (VIOLATED)
_28915_/A                               0.750000    0.833338   -0.083338 (VIOLATED)
_28914_/A                               0.750000    0.833329   -0.083329 (VIOLATED)
_24099_/B                               0.750000    0.833322   -0.083322 (VIOLATED)
_24098_/B                               0.750000    0.833314   -0.083314 (VIOLATED)
_22991_/Y                               0.750000    0.833271   -0.083271 (VIOLATED)
_21803_/B                               0.750000    0.832655   -0.082655 (VIOLATED)
_21802_/B                               0.750000    0.832647   -0.082647 (VIOLATED)
_26804_/A2                              0.750000    0.831317   -0.081317 (VIOLATED)
_21801_/Y                               0.750000    0.831295   -0.081295 (VIOLATED)
_21877_/A                               0.750000    0.831160   -0.081160 (VIOLATED)
_21878_/B1                              0.750000    0.831160   -0.081160 (VIOLATED)
_21745_/A                               0.750000    0.831157   -0.081157 (VIOLATED)
_21744_/A                               0.750000    0.831156   -0.081156 (VIOLATED)
_24536_/B                               0.750000    0.831077   -0.081077 (VIOLATED)
_27006_/A2                              0.750000    0.830959   -0.080959 (VIOLATED)
_21739_/Y                               0.750000    0.830954   -0.080954 (VIOLATED)
_22676_/A                               0.750000    0.829899   -0.079899 (VIOLATED)
_22675_/A                               0.750000    0.829898   -0.079898 (VIOLATED)
_22529_/A                               0.750000    0.829884   -0.079884 (VIOLATED)
_22528_/A                               0.750000    0.829877   -0.079877 (VIOLATED)
_23196_/A1                              0.750000    0.829799   -0.079799 (VIOLATED)
_21613_/B                               0.750000    0.829703   -0.079703 (VIOLATED)
_22330_/A2                              0.750000    0.829688   -0.079688 (VIOLATED)
_21612_/Y                               0.750000    0.829686   -0.079686 (VIOLATED)
_22255_/A                               0.750000    0.829431   -0.079431 (VIOLATED)
_22251_/Y                               0.750000    0.829399   -0.079399 (VIOLATED)
_30667_/B1                              0.750000    0.828625   -0.078625 (VIOLATED)
_30668_/B1                              0.750000    0.828621   -0.078621 (VIOLATED)
_30669_/A1                              0.750000    0.828615   -0.078615 (VIOLATED)
_32636_/B                               0.750000    0.828065   -0.078065 (VIOLATED)
_30665_/Y                               0.750000    0.828047   -0.078047 (VIOLATED)
_28794_/B                               0.750000    0.827534   -0.077534 (VIOLATED)
_30616_/A2                              0.750000    0.827450   -0.077450 (VIOLATED)
_28793_/Y                               0.750000    0.827435   -0.077435 (VIOLATED)
_27641_/B                               0.750000    0.827415   -0.077416 (VIOLATED)
_27640_/B                               0.750000    0.827414   -0.077414 (VIOLATED)
_27639_/Y                               0.750000    0.827401   -0.077401 (VIOLATED)
_31366_/A                               0.750000    0.826665   -0.076665 (VIOLATED)
_31365_/A_N                             0.750000    0.826662   -0.076662 (VIOLATED)
_31363_/Y                               0.750000    0.826585   -0.076585 (VIOLATED)
_27583_/B                               0.750000    0.826559   -0.076559 (VIOLATED)
_27582_/B                               0.750000    0.826559   -0.076559 (VIOLATED)
_27584_/B                               0.750000    0.826558   -0.076558 (VIOLATED)
_27581_/Y                               0.750000    0.826434   -0.076434 (VIOLATED)
_40514_/B                               0.750000    0.825730   -0.075730 (VIOLATED)
_40513_/Y                               0.750000    0.825567   -0.075567 (VIOLATED)
_21954_/B                               0.750000    0.823771   -0.073771 (VIOLATED)
_21953_/B                               0.750000    0.823770   -0.073770 (VIOLATED)
_21952_/Y                               0.750000    0.823750   -0.073750 (VIOLATED)
_40097_/A                               0.750000    0.822182   -0.072182 (VIOLATED)
_37173_/A                               0.750000    0.822181   -0.072181 (VIOLATED)
_40098_/A                               0.750000    0.822181   -0.072181 (VIOLATED)
_37174_/A                               0.750000    0.822180   -0.072180 (VIOLATED)
_37074_/A                               0.750000    0.822180   -0.072180 (VIOLATED)
_37073_/A                               0.750000    0.822175   -0.072175 (VIOLATED)
_22598_/A2                              0.750000    0.822172   -0.072172 (VIOLATED)
_36067_/B1                              0.750000    0.822156   -0.072156 (VIOLATED)
_36068_/A                               0.750000    0.822155   -0.072155 (VIOLATED)
_22597_/Y                               0.750000    0.822128   -0.072128 (VIOLATED)
_39452_/B                               0.750000    0.821484   -0.071484 (VIOLATED)
_26880_/A2                              0.750000    0.821465   -0.071465 (VIOLATED)
_39451_/B                               0.750000    0.821463   -0.071463 (VIOLATED)
max_cap408/A                            0.750000    0.821442   -0.071442 (VIOLATED)
_21251_/X                               0.750000    0.821437   -0.071437 (VIOLATED)
_39450_/Y                               0.750000    0.820797   -0.070797 (VIOLATED)
_40724_/A                               0.750000    0.820307   -0.070307 (VIOLATED)
_40713_/Y                               0.750000    0.820239   -0.070239 (VIOLATED)
_22253_/A1                              0.750000    0.819596   -0.069596 (VIOLATED)
_22252_/B                               0.750000    0.819595   -0.069595 (VIOLATED)
_32901_/A2                              0.750000    0.819584   -0.069584 (VIOLATED)
_22163_/Y                               0.750000    0.819573   -0.069573 (VIOLATED)
_23195_/B2                              0.750000    0.819398   -0.069398 (VIOLATED)
_22276_/A                               0.750000    0.819397   -0.069397 (VIOLATED)
_35929_/A                               0.750000    0.818991   -0.068991 (VIOLATED)
_35930_/A                               0.750000    0.818990   -0.068990 (VIOLATED)
_22269_/Y                               0.750000    0.818979   -0.068979 (VIOLATED)
_26995_/A                               0.750000    0.818851   -0.068851 (VIOLATED)
_28614_/B2                              0.750000    0.818835   -0.068835 (VIOLATED)
_26502_/B1                              0.750000    0.818783   -0.068783 (VIOLATED)
_26442_/Y                               0.750000    0.818781   -0.068781 (VIOLATED)
_26971_/Y                               0.750000    0.818525   -0.068525 (VIOLATED)
_24000_/B                               0.750000    0.818205   -0.068205 (VIOLATED)
_25874_/A2                              0.750000    0.818192   -0.068192 (VIOLATED)
_30683_/A                               0.750000    0.818110   -0.068110 (VIOLATED)
_30682_/A                               0.750000    0.818106   -0.068106 (VIOLATED)
_25168_/B                               0.750000    0.818068   -0.068068 (VIOLATED)
_23999_/Y                               0.750000    0.818047   -0.068047 (VIOLATED)
_33193_/A                               0.750000    0.816482   -0.066482 (VIOLATED)
_33194_/B1                              0.750000    0.816478   -0.066478 (VIOLATED)
ANTENNA_249/DIODE                       0.750000    0.816475   -0.066475 (VIOLATED)
ANTENNA_248/DIODE                       0.750000    0.816473   -0.066473 (VIOLATED)
_33161_/X                               0.750000    0.815785   -0.065785 (VIOLATED)
_39137_/A                               0.750000    0.815574   -0.065574 (VIOLATED)
_40841_/A1                              0.750000    0.815571   -0.065571 (VIOLATED)
_35014_/B1                              0.750000    0.815565   -0.065565 (VIOLATED)
_35015_/B                               0.750000    0.815559   -0.065559 (VIOLATED)
_34397_/A1                              0.750000    0.815509   -0.065509 (VIOLATED)
_34396_/Y                               0.750000    0.815503   -0.065503 (VIOLATED)
_21744_/B                               0.750000    0.813778   -0.063778 (VIOLATED)
_21745_/B                               0.750000    0.813778   -0.063778 (VIOLATED)
_25260_/A                               0.750000    0.813729   -0.063729 (VIOLATED)
_25259_/A                               0.750000    0.813727   -0.063727 (VIOLATED)
_38199_/A                               0.750000    0.813715   -0.063715 (VIOLATED)
_21742_/Y                               0.750000    0.813701   -0.063701 (VIOLATED)
_31464_/A2                              0.750000    0.811035   -0.061035 (VIOLATED)
_29655_/B                               0.750000    0.811030   -0.061030 (VIOLATED)
_41124_/B                               0.750000    0.810708   -0.060708 (VIOLATED)
_41122_/Y                               0.750000    0.810571   -0.060571 (VIOLATED)
_29654_/X                               0.750000    0.810444   -0.060444 (VIOLATED)
_31682_/B1                              0.750000    0.810411   -0.060411 (VIOLATED)
_31683_/A                               0.750000    0.810411   -0.060411 (VIOLATED)
_35197_/B1                              0.750000    0.810371   -0.060371 (VIOLATED)
_29828_/Y                               0.750000    0.810349   -0.060349 (VIOLATED)
_30848_/A                               0.750000    0.806119   -0.056119 (VIOLATED)
_32826_/A1                              0.750000    0.806113   -0.056113 (VIOLATED)
_30710_/Y                               0.750000    0.806005   -0.056005 (VIOLATED)
_41276_/A1                              0.750000    0.805110   -0.055110 (VIOLATED)
_37625_/A1                              0.750000    0.805107   -0.055107 (VIOLATED)
_35465_/A1                              0.750000    0.805074   -0.055074 (VIOLATED)
_31298_/A1                              0.750000    0.804871   -0.054871 (VIOLATED)
fanout384/A                             0.750000    0.803793   -0.053793 (VIOLATED)
_20863_/Y                               0.750000    0.803745   -0.053745 (VIOLATED)
_41018_/B                               0.750000    0.801932   -0.051932 (VIOLATED)
_41017_/Y                               0.750000    0.801858   -0.051858 (VIOLATED)
_39442_/A                               0.750000    0.801541   -0.051541 (VIOLATED)
_39441_/A                               0.750000    0.801541   -0.051541 (VIOLATED)
_39439_/Y                               0.750000    0.801535   -0.051535 (VIOLATED)
fanout275/A                             0.750000    0.799072   -0.049072 (VIOLATED)
max_cap276/A                            0.750000    0.798812   -0.048812 (VIOLATED)
_25224_/Y                               0.750000    0.798340   -0.048340 (VIOLATED)
_35222_/B1                              0.750000    0.798019   -0.048019 (VIOLATED)
_35221_/A                               0.750000    0.798018   -0.048018 (VIOLATED)
_35189_/Y                               0.750000    0.798005   -0.048005 (VIOLATED)
_21264_/A                               0.750000    0.797975   -0.047975 (VIOLATED)
max_cap352/A                            0.750000    0.797899   -0.047899 (VIOLATED)
_21203_/Y                               0.750000    0.797875   -0.047875 (VIOLATED)
_29538_/B1                              0.750000    0.796949   -0.046950 (VIOLATED)
_29539_/C                               0.750000    0.796948   -0.046948 (VIOLATED)
_29537_/Y                               0.750000    0.796864   -0.046864 (VIOLATED)
_41396_/A2                              0.750000    0.795870   -0.045870 (VIOLATED)
_41328_/Y                               0.750000    0.795846   -0.045846 (VIOLATED)
_22363_/A                               0.750000    0.795674   -0.045674 (VIOLATED)
_22362_/A                               0.750000    0.795673   -0.045673 (VIOLATED)
_32982_/A                               0.750000    0.795384   -0.045384 (VIOLATED)
_32983_/A                               0.750000    0.795357   -0.045357 (VIOLATED)
_27524_/B                               0.750000    0.795283   -0.045283 (VIOLATED)
_27525_/B                               0.750000    0.795283   -0.045283 (VIOLATED)
_25829_/A                               0.750000    0.795260   -0.045260 (VIOLATED)
_25828_/A                               0.750000    0.795259   -0.045259 (VIOLATED)
_22353_/Y                               0.750000    0.795254   -0.045254 (VIOLATED)
_21718_/A                               0.750000    0.794647   -0.044647 (VIOLATED)
_29542_/B1                              0.750000    0.794642   -0.044642 (VIOLATED)
_31230_/A1                              0.750000    0.794640   -0.044640 (VIOLATED)
_21719_/A                               0.750000    0.794638   -0.044638 (VIOLATED)
_21249_/B                               0.750000    0.794571   -0.044572 (VIOLATED)
_21254_/A2                              0.750000    0.794571   -0.044571 (VIOLATED)
_21248_/Y                               0.750000    0.794527   -0.044527 (VIOLATED)
_22603_/A                               0.750000    0.794065   -0.044065 (VIOLATED)
_22602_/B                               0.750000    0.794064   -0.044064 (VIOLATED)
_22600_/Y                               0.750000    0.794047   -0.044047 (VIOLATED)
_25862_/A2                              0.750000    0.793062   -0.043062 (VIOLATED)
_25861_/B                               0.750000    0.793062   -0.043062 (VIOLATED)
_25823_/Y                               0.750000    0.793060   -0.043060 (VIOLATED)
_28749_/B                               0.750000    0.792095   -0.042095 (VIOLATED)
_33174_/B                               0.750000    0.792095   -0.042095 (VIOLATED)
_28748_/Y                               0.750000    0.792090   -0.042090 (VIOLATED)
wire270/A                               0.750000    0.791605   -0.041605 (VIOLATED)
_28517_/Y                               0.750000    0.791595   -0.041595 (VIOLATED)
_27521_/B2                              0.750000    0.790931   -0.040931 (VIOLATED)
_26006_/B                               0.750000    0.790817   -0.040817 (VIOLATED)
_26005_/Y                               0.750000    0.790717   -0.040717 (VIOLATED)
_40843_/A                               0.750000    0.790258   -0.040258 (VIOLATED)
_40838_/Y                               0.750000    0.789980   -0.039980 (VIOLATED)
_40751_/A                               0.750000    0.789909   -0.039909 (VIOLATED)
_40749_/Y                               0.750000    0.789795   -0.039795 (VIOLATED)
_27514_/B                               0.750000    0.789750   -0.039750 (VIOLATED)
_27515_/B                               0.750000    0.789748   -0.039748 (VIOLATED)
_27513_/Y                               0.750000    0.789703   -0.039703 (VIOLATED)
_24374_/A                               0.750000    0.789493   -0.039493 (VIOLATED)
_24373_/A                               0.750000    0.789482   -0.039482 (VIOLATED)
_24680_/B1                              0.750000    0.789208   -0.039208 (VIOLATED)
_24681_/C                               0.750000    0.789208   -0.039208 (VIOLATED)
_24359_/Y                               0.750000    0.789187   -0.039187 (VIOLATED)
clkbuf_0_clk/A                          0.750000    0.789108   -0.039108 (VIOLATED)
ANTENNA_278/DIODE                       0.750000    0.789095   -0.039095 (VIOLATED)
_40600_/A                               0.750000    0.787999   -0.037999 (VIOLATED)
_40585_/Y                               0.750000    0.787976   -0.037976 (VIOLATED)
_40379_/A                               0.750000    0.787190   -0.037190 (VIOLATED)
clk                                     0.750000    0.787186   -0.037186 (VIOLATED)
_40350_/Y                               0.750000    0.787168   -0.037168 (VIOLATED)
_23502_/B                               0.750000    0.786334   -0.036334 (VIOLATED)
_23503_/B                               0.750000    0.786333   -0.036333 (VIOLATED)
_25953_/B                               0.750000    0.786125   -0.036125 (VIOLATED)
_25954_/B                               0.750000    0.786124   -0.036124 (VIOLATED)
_33640_/A                               0.750000    0.786076   -0.036076 (VIOLATED)
_35790_/A1                              0.750000    0.785989   -0.035989 (VIOLATED)
_40088_/A                               0.750000    0.785950   -0.035950 (VIOLATED)
_40089_/A                               0.750000    0.785949   -0.035949 (VIOLATED)
_25952_/B                               0.750000    0.785948   -0.035948 (VIOLATED)
_37063_/A                               0.750000    0.785864   -0.035864 (VIOLATED)
_39273_/A1                              0.750000    0.785812   -0.035812 (VIOLATED)
_36061_/A1                              0.750000    0.785777   -0.035777 (VIOLATED)
_25951_/Y                               0.750000    0.785772   -0.035772 (VIOLATED)
_23501_/Y                               0.750000    0.785657   -0.035657 (VIOLATED)
_30948_/A1                              0.750000    0.785284   -0.035284 (VIOLATED)
_30949_/A                               0.750000    0.785284   -0.035284 (VIOLATED)
_31444_/B1_N                            0.750000    0.785239   -0.035239 (VIOLATED)
_30783_/A                               0.750000    0.785180   -0.035180 (VIOLATED)
_30784_/A                               0.750000    0.785160   -0.035160 (VIOLATED)
_33540_/B1_N                            0.750000    0.785141   -0.035142 (VIOLATED)
_29004_/Y                               0.750000    0.785139   -0.035139 (VIOLATED)
_30204_/C                               0.750000    0.784629   -0.034629 (VIOLATED)
_30203_/B1                              0.750000    0.784629   -0.034629 (VIOLATED)
_30202_/X                               0.750000    0.784474   -0.034474 (VIOLATED)
_32901_/B1_N                            0.750000    0.783908   -0.033908 (VIOLATED)
_35127_/A                               0.750000    0.783908   -0.033908 (VIOLATED)
_35126_/A                               0.750000    0.783908   -0.033908 (VIOLATED)
_32900_/Y                               0.750000    0.783900   -0.033900 (VIOLATED)
_38712_/A                               0.750000    0.783476   -0.033476 (VIOLATED)
_25353_/B                               0.750000    0.783471   -0.033471 (VIOLATED)
_40590_/A1_N                            0.750000    0.783469   -0.033470 (VIOLATED)
_25354_/B                               0.750000    0.783469   -0.033469 (VIOLATED)
_41170_/A                               0.750000    0.783431   -0.033431 (VIOLATED)
_29333_/B                               0.750000    0.783424   -0.033424 (VIOLATED)
_25352_/A                               0.750000    0.783424   -0.033424 (VIOLATED)
_26624_/B                               0.750000    0.783418   -0.033418 (VIOLATED)
_26623_/B                               0.750000    0.783418   -0.033418 (VIOLATED)
_25351_/X                               0.750000    0.783417   -0.033417 (VIOLATED)
_22609_/A                               0.750000    0.783207   -0.033207 (VIOLATED)
_22608_/A                               0.750000    0.783206   -0.033206 (VIOLATED)
_23391_/B1                              0.750000    0.782796   -0.032796 (VIOLATED)
ANTENNA_23/DIODE                        0.750000    0.782795   -0.032795 (VIOLATED)
_33901_/B2                              0.750000    0.782745   -0.032745 (VIOLATED)
_22421_/Y                               0.750000    0.782733   -0.032733 (VIOLATED)
_41259_/A                               0.750000    0.782337   -0.032337 (VIOLATED)
_41210_/Y                               0.750000    0.782025   -0.032025 (VIOLATED)
_27116_/B                               0.750000    0.781872   -0.031872 (VIOLATED)
_27117_/B                               0.750000    0.781871   -0.031871 (VIOLATED)
_27449_/A2                              0.750000    0.781866   -0.031867 (VIOLATED)
_27450_/B                               0.750000    0.781866   -0.031866 (VIOLATED)
_27115_/Y                               0.750000    0.781862   -0.031862 (VIOLATED)
_30709_/A                               0.750000    0.781549   -0.031549 (VIOLATED)
ANTENNA_41/DIODE                        0.750000    0.781549   -0.031549 (VIOLATED)
ANTENNA_43/DIODE                        0.750000    0.781548   -0.031548 (VIOLATED)
ANTENNA_44/DIODE                        0.750000    0.781539   -0.031539 (VIOLATED)
_34390_/B2                              0.750000    0.781538   -0.031538 (VIOLATED)
ANTENNA_42/DIODE                        0.750000    0.781537   -0.031537 (VIOLATED)
_26094_/S                               0.750000    0.781433   -0.031433 (VIOLATED)
_27619_/A2_N                            0.750000    0.781429   -0.031429 (VIOLATED)
_25787_/B1                              0.750000    0.781425   -0.031425 (VIOLATED)
_33589_/A_N                             0.750000    0.781404   -0.031404 (VIOLATED)
_23909_/Y                               0.750000    0.781402   -0.031402 (VIOLATED)
_40197_/A                               0.750000    0.781254   -0.031254 (VIOLATED)
_20809_/Y                               0.750000    0.780716   -0.030716 (VIOLATED)
_23881_/A                               0.750000    0.776591   -0.026591 (VIOLATED)
_23882_/A                               0.750000    0.776587   -0.026587 (VIOLATED)
_24895_/A                               0.750000    0.776281   -0.026281 (VIOLATED)
_26267_/A1                              0.750000    0.776272   -0.026272 (VIOLATED)
_23875_/Y                               0.750000    0.776086   -0.026086 (VIOLATED)
_21402_/A                               0.750000    0.772515   -0.022515 (VIOLATED)
_21401_/A                               0.750000    0.772515   -0.022515 (VIOLATED)
_21963_/A                               0.750000    0.772488   -0.022488 (VIOLATED)
_21964_/A                               0.750000    0.772488   -0.022488 (VIOLATED)
_21253_/B                               0.750000    0.772479   -0.022479 (VIOLATED)
_21249_/Y                               0.750000    0.772473   -0.022473 (VIOLATED)
_35863_/B                               0.750000    0.769950   -0.019950 (VIOLATED)
_38024_/A2                              0.750000    0.769946   -0.019946 (VIOLATED)
_35862_/Y                               0.750000    0.769927   -0.019927 (VIOLATED)
_39873_/B                               0.750000    0.768209   -0.018209 (VIOLATED)
_39874_/B                               0.750000    0.768206   -0.018206 (VIOLATED)
_39872_/Y                               0.750000    0.767997   -0.017997 (VIOLATED)
_24660_/B                               0.750000    0.766254   -0.016254 (VIOLATED)
_26007_/A2                              0.750000    0.766254   -0.016254 (VIOLATED)
_24659_/Y                               0.750000    0.766157   -0.016157 (VIOLATED)
_22146_/A                               0.750000    0.765906   -0.015906 (VIOLATED)
_22145_/A                               0.750000    0.765903   -0.015903 (VIOLATED)
_22144_/A                               0.750000    0.765897   -0.015897 (VIOLATED)
_41126_/A                               0.750000    0.765584   -0.015584 (VIOLATED)
_41123_/Y                               0.750000    0.765477   -0.015477 (VIOLATED)
_24929_/A                               0.750000    0.765418   -0.015418 (VIOLATED)
_26301_/A1                              0.750000    0.765412   -0.015412 (VIOLATED)
_24468_/B                               0.750000    0.765356   -0.015356 (VIOLATED)
_24467_/B                               0.750000    0.765351   -0.015351 (VIOLATED)
_24466_/Y                               0.750000    0.765319   -0.015319 (VIOLATED)
fanout302/A                             0.750000    0.765104   -0.015104 (VIOLATED)
_21995_/Y                               0.750000    0.764970   -0.014971 (VIOLATED)
_41327_/A2                              0.750000    0.764962   -0.014962 (VIOLATED)
_41326_/B                               0.750000    0.764962   -0.014962 (VIOLATED)
_41325_/Y                               0.750000    0.764920   -0.014920 (VIOLATED)
_23259_/B                               0.750000    0.764725   -0.014725 (VIOLATED)
_23258_/B                               0.750000    0.764718   -0.014718 (VIOLATED)
_25976_/A2                              0.750000    0.764684   -0.014684 (VIOLATED)
_24637_/B                               0.750000    0.764673   -0.014673 (VIOLATED)
_24485_/B                               0.750000    0.764670   -0.014670 (VIOLATED)
_35028_/A                               0.750000    0.764649   -0.014649 (VIOLATED)
_40997_/A                               0.750000    0.764564   -0.014564 (VIOLATED)
_23257_/Y                               0.750000    0.764553   -0.014554 (VIOLATED)
_27381_/B                               0.750000    0.764191   -0.014191 (VIOLATED)
_28925_/A2                              0.750000    0.764190   -0.014190 (VIOLATED)
_34765_/A                               0.750000    0.764111   -0.014111 (VIOLATED)
_34766_/A                               0.750000    0.764109   -0.014109 (VIOLATED)
_28446_/B                               0.750000    0.764047   -0.014047 (VIOLATED)
_30186_/A2                              0.750000    0.764038   -0.014038 (VIOLATED)
_27380_/Y                               0.750000    0.764029   -0.014029 (VIOLATED)
_39130_/C                               0.750000    0.763767   -0.013767 (VIOLATED)
_39129_/B1                              0.750000    0.763767   -0.013767 (VIOLATED)
_39128_/Y                               0.750000    0.763757   -0.013757 (VIOLATED)
_22971_/B                               0.750000    0.763051   -0.013051 (VIOLATED)
_23977_/C                               0.750000    0.763049   -0.013049 (VIOLATED)
_23624_/B1                              0.750000    0.763039   -0.013039 (VIOLATED)
_23623_/A                               0.750000    0.763038   -0.013038 (VIOLATED)
_22526_/Y                               0.750000    0.763034   -0.013034 (VIOLATED)
_29820_/C                               0.750000    0.763000   -0.013000 (VIOLATED)
_21416_/B                               0.750000    0.762971   -0.012971 (VIOLATED)
_21917_/A2                              0.750000    0.762971   -0.012971 (VIOLATED)
_21415_/Y                               0.750000    0.762966   -0.012966 (VIOLATED)
_23723_/A                               0.750000    0.761670   -0.011670 (VIOLATED)
_24903_/B1_N                            0.750000    0.761670   -0.011670 (VIOLATED)
_23721_/Y                               0.750000    0.761650   -0.011650 (VIOLATED)
_41107_/A                               0.750000    0.760758   -0.010758 (VIOLATED)
_33639_/C1                              0.750000    0.760217   -0.010217 (VIOLATED)
_35757_/C1                              0.750000    0.760217   -0.010217 (VIOLATED)
_31561_/A                               0.750000    0.760197   -0.010197 (VIOLATED)
fanout373/A                             0.750000    0.760150   -0.010151 (VIOLATED)
_20920_/B1                              0.750000    0.760142   -0.010142 (VIOLATED)
_20911_/Y                               0.750000    0.760136   -0.010136 (VIOLATED)
_41083_/Y                               0.750000    0.759926   -0.009926 (VIOLATED)
_21593_/B                               0.750000    0.756915   -0.006915 (VIOLATED)
_21592_/B                               0.750000    0.756912   -0.006912 (VIOLATED)
_33758_/A2                              0.750000    0.756863   -0.006863 (VIOLATED)
_33757_/Y                               0.750000    0.756846   -0.006847 (VIOLATED)
_21667_/B                               0.750000    0.756841   -0.006841 (VIOLATED)
_21591_/Y                               0.750000    0.756838   -0.006838 (VIOLATED)
_23264_/A                               0.750000    0.756024   -0.006024 (VIOLATED)
_24328_/A1                              0.750000    0.756023   -0.006023 (VIOLATED)
_23979_/B1                              0.750000    0.755958   -0.005958 (VIOLATED)
_22312_/A_N                             0.750000    0.755957   -0.005957 (VIOLATED)
_22310_/Y                               0.750000    0.755955   -0.005955 (VIOLATED)
_31859_/A                               0.750000    0.755040   -0.005040 (VIOLATED)
_33901_/A1                              0.750000    0.755024   -0.005024 (VIOLATED)
_23439_/B                               0.750000    0.754930   -0.004930 (VIOLATED)
_24521_/A2                              0.750000    0.754799   -0.004799 (VIOLATED)
_23438_/X                               0.750000    0.754782   -0.004782 (VIOLATED)
_31848_/Y                               0.750000    0.754521   -0.004521 (VIOLATED)
_35443_/B                               0.750000    0.754106   -0.004106 (VIOLATED)
_37568_/A2                              0.750000    0.754105   -0.004105 (VIOLATED)
_37091_/A                               0.750000    0.754101   -0.004101 (VIOLATED)
_35442_/Y                               0.750000    0.754090   -0.004090 (VIOLATED)
_39294_/A1                              0.750000    0.754075   -0.004075 (VIOLATED)
_24992_/B                               0.750000    0.754012   -0.004012 (VIOLATED)
_24993_/B                               0.750000    0.754011   -0.004011 (VIOLATED)
_37035_/Y                               0.750000    0.753913   -0.003913 (VIOLATED)
_24991_/Y                               0.750000    0.753270   -0.003270 (VIOLATED)
_28079_/A                               0.750000    0.752900   -0.002900 (VIOLATED)
_28078_/A                               0.750000    0.752899   -0.002899 (VIOLATED)
_29504_/A                               0.750000    0.752757   -0.002757 (VIOLATED)
_31311_/A1                              0.750000    0.752756   -0.002756 (VIOLATED)
_28068_/Y                               0.750000    0.752738   -0.002738 (VIOLATED)
_40310_/A                               0.750000    0.752734   -0.002734 (VIOLATED)
_25949_/A                               0.750000    0.752689   -0.002689 (VIOLATED)
_27481_/A1                              0.750000    0.752688   -0.002688 (VIOLATED)
_28960_/B                               0.750000    0.752623   -0.002623 (VIOLATED)
_28959_/Y                               0.750000    0.752616   -0.002616 (VIOLATED)
_25653_/A1                              0.750000    0.752396   -0.002396 (VIOLATED)
_27165_/A1                              0.750000    0.752395   -0.002395 (VIOLATED)
_24488_/A                               0.750000    0.752387   -0.002387 (VIOLATED)
_24642_/A                               0.750000    0.752347   -0.002347 (VIOLATED)
_24641_/A                               0.750000    0.752344   -0.002344 (VIOLATED)
_23398_/A                               0.750000    0.752288   -0.002288 (VIOLATED)
_23399_/C                               0.750000    0.752273   -0.002273 (VIOLATED)
_23396_/Y                               0.750000    0.752271   -0.002271 (VIOLATED)
_40169_/B2                              0.750000    0.752159   -0.002159 (VIOLATED)
_38121_/X                               0.750000    0.752151   -0.002151 (VIOLATED)
_25944_/Y                               0.750000    0.752034   -0.002034 (VIOLATED)
_38570_/A                               0.750000    0.751874   -0.001875 (VIOLATED)
_38569_/A                               0.750000    0.751849   -0.001849 (VIOLATED)
_38644_/A                               0.750000    0.751526   -0.001526 (VIOLATED)
_40519_/A1                              0.750000    0.751523   -0.001523 (VIOLATED)
_38539_/X                               0.750000    0.751495   -0.001495 (VIOLATED)
_38604_/Y                               0.750000    0.751422   -0.001422 (VIOLATED)

max fanout

Pin                                   Limit Fanout  Slack
---------------------------------------------------------
fanout851/X                              10     19     -9 (VIOLATED)
fanout519/X                              10     16     -6 (VIOLATED)
_41569_/Q                                10     15     -5 (VIOLATED)
fanout918/X                              10     15     -5 (VIOLATED)
fanout566/X                              10     14     -4 (VIOLATED)
fanout880/X                              10     14     -4 (VIOLATED)
_27952_/Y                                10     12     -2 (VIOLATED)
fanout895/X                              10     12     -2 (VIOLATED)
fanout914/X                              10     12     -2 (VIOLATED)
fanout982/X                              10     12     -2 (VIOLATED)
input102/X                               10     12     -2 (VIOLATED)
_21352_/X                                10     11        (VIOLATED)
fanout275/X                              10     11        (VIOLATED)
fanout367/X                              10     11        (VIOLATED)
fanout434/X                              10     11        (VIOLATED)
fanout481/X                              10     11        (VIOLATED)
fanout540/X                              10     11        (VIOLATED)
fanout551/X                              10     11        (VIOLATED)
fanout840/X                              10     11        (VIOLATED)
fanout868/X                              10     11        (VIOLATED)
fanout937/X                              10     11        (VIOLATED)

max capacitance

Pin                                        Limit         Cap       Slack
------------------------------------------------------------------------
wire271/X                               0.200000    0.240235   -0.040235 (VIOLATED)
fanout925/X                             0.200000    0.232640   -0.032640 (VIOLATED)
fanout275/X                             0.200000    0.231126   -0.031126 (VIOLATED)
fanout876/X                             0.200000    0.229989   -0.029989 (VIOLATED)
fanout838/X                             0.200000    0.229539   -0.029539 (VIOLATED)
fanout843/X                             0.200000    0.228121   -0.028121 (VIOLATED)
fanout880/X                             0.200000    0.226448   -0.026448 (VIOLATED)
fanout840/X                             0.200000    0.222797   -0.022797 (VIOLATED)
fanout914/X                             0.200000    0.213986   -0.013986 (VIOLATED)
_38641_/X                               0.200000    0.212458   -0.012458 (VIOLATED)
_20833_/Y                               0.200000    0.209179   -0.009179 (VIOLATED)
fanout928/X                             0.200000    0.209037   -0.009037 (VIOLATED)
fanout434/X                             0.200000    0.207056   -0.007056 (VIOLATED)
_39982_/X                               0.140086    0.146311   -0.006225 (VIOLATED)
fanout942/X                             0.200000    0.205521   -0.005521 (VIOLATED)
fanout918/X                             0.200000    0.205388   -0.005388 (VIOLATED)
_20791_/Y                               0.200000    0.204110   -0.004110 (VIOLATED)



===========================================================================
report_parasitic_annotation -report_unannotated
============================================================================
Found 6 unannotated drivers.
 input_data[15]
 input_data[175]
 input_data[191]
 input_data[223]
 input_data[238]
 input_data[239]
Found 0 partially unannotated drivers.

===========================================================================
max slew violation count 773
max fanout violation count 21
max cap violation count 17
============================================================================

===========================================================================
check_setup -verbose -unconstrained_endpoints -multiple_clock -no_clock -no_input_delay -loops -generated_clocks
===========================================================================
