
===========================================================================
report_checks -unconstrained
===========================================================================
======================= max_ss_100C_1v60 Corner ===================================

Startpoint: reset (input port clocked by clk)
Endpoint: _480_ (recovery check against rising-edge clock clk)
Path Group: asynchronous
Path Type: max

Fanout         Cap        Slew       Delay        Time   Description
---------------------------------------------------------------------------------------------
                                  0.000000    0.000000   clock clk (rise edge)
                                  0.000000    0.000000   clock network delay (propagated)
                                  5.000000    5.000000 v input external delay
   240    1.031999    4.215075    3.096999    8.096999 v reset (in)
                                                         reset (net)
                      4.215075    0.000000    8.096999 v _285_/A (sky130_fd_sc_hd__inv_2)
     1    0.003263    0.466645    0.463126    8.560125 ^ _285_/Y (sky130_fd_sc_hd__inv_2)
                                                         _000_ (net)
                      0.466645    0.000000    8.560125 ^ _480_/RESET_B (sky130_fd_sc_hd__dfrtp_2)
                                              8.560125   data arrival time

                                 25.000000   25.000000   clock clk (rise edge)
                                  0.000000   25.000000   clock source latency
   240    0.425760    3.013529    2.123208   27.123207 ^ clk (in)
                                                         clk (net)
                      3.013529    0.000000   27.123207 ^ _480_/CLK (sky130_fd_sc_hd__dfrtp_2)
                                 -0.250000   26.873209   clock uncertainty
                                  0.000000   26.873209   clock reconvergence pessimism
                                  1.214486   28.087694   library recovery time
                                             28.087694   data required time
---------------------------------------------------------------------------------------------
                                             28.087694   data required time
                                             -8.560125   data arrival time
---------------------------------------------------------------------------------------------
                                             19.527569   slack (MET)


Startpoint: _702_ (rising edge-triggered flip-flop clocked by clk)
Endpoint: output_ai[0] (output port clocked by clk)
Path Group: clk
Path Type: max

Fanout         Cap        Slew       Delay        Time   Description
---------------------------------------------------------------------------------------------
                                  0.000000    0.000000   clock clk (rise edge)
                                  0.000000    0.000000   clock source latency
   240    0.425760    3.013529    2.123209    2.123209 ^ clk (in)
                                                         clk (net)
                      3.013529    0.000000    2.123209 ^ _702_/CLK (sky130_fd_sc_hd__dfrtp_2)
     2    0.035280    0.215592    1.733714    3.856923 v _702_/Q (sky130_fd_sc_hd__dfrtp_2)
                                                         output_ai[0] (net)
                      0.215592    0.000000    3.856923 v output_ai[0] (out)
                                              3.856923   data arrival time

                                 25.000000   25.000000   clock clk (rise edge)
                                  0.000000   25.000000   clock network delay (propagated)
                                 -0.250000   24.750000   clock uncertainty
                                  0.000000   24.750000   clock reconvergence pessimism
                                 -5.000000   19.750000   output external delay
                                             19.750000   data required time
---------------------------------------------------------------------------------------------
                                             19.750000   data required time
                                             -3.856923   data arrival time
---------------------------------------------------------------------------------------------
                                             15.893076   slack (MET)




===========================================================================
report_checks --slack_max -0.01
============================================================================
======================= max_ss_100C_1v60 Corner ===================================

No paths found.


===========================================================================
 report_check_types -max_slew -max_cap -max_fanout -violators
============================================================================
======================= max_ss_100C_1v60 Corner ===================================

max slew

Pin                                        Limit        Slew       Slack
------------------------------------------------------------------------
reset                                   1.498289    7.760779   -6.262490 (VIOLATED)
_240_/A                                 1.500000    7.760779   -6.260779 (VIOLATED)
_241_/A                                 1.500000    7.760779   -6.260779 (VIOLATED)
_242_/A                                 1.500000    7.760779   -6.260779 (VIOLATED)
_243_/A                                 1.500000    7.760779   -6.260779 (VIOLATED)
_244_/A                                 1.500000    7.760779   -6.260779 (VIOLATED)
_245_/A                                 1.500000    7.760779   -6.260779 (VIOLATED)
_246_/A                                 1.500000    7.760779   -6.260779 (VIOLATED)
_247_/A                                 1.500000    7.760779   -6.260779 (VIOLATED)
_248_/A                                 1.500000    7.760779   -6.260779 (VIOLATED)
_249_/A                                 1.500000    7.760779   -6.260779 (VIOLATED)
_250_/A                                 1.500000    7.760779   -6.260779 (VIOLATED)
_251_/A                                 1.500000    7.760779   -6.260779 (VIOLATED)
_252_/A                                 1.500000    7.760779   -6.260779 (VIOLATED)
_253_/A                                 1.500000    7.760779   -6.260779 (VIOLATED)
_254_/A                                 1.500000    7.760779   -6.260779 (VIOLATED)
_255_/A                                 1.500000    7.760779   -6.260779 (VIOLATED)
_256_/A                                 1.500000    7.760779   -6.260779 (VIOLATED)
_257_/A                                 1.500000    7.760779   -6.260779 (VIOLATED)
_258_/A                                 1.500000    7.760779   -6.260779 (VIOLATED)
_259_/A                                 1.500000    7.760779   -6.260779 (VIOLATED)
_260_/A                                 1.500000    7.760779   -6.260779 (VIOLATED)
_261_/A                                 1.500000    7.760779   -6.260779 (VIOLATED)
_262_/A                                 1.500000    7.760779   -6.260779 (VIOLATED)
_263_/A                                 1.500000    7.760779   -6.260779 (VIOLATED)
_264_/A                                 1.500000    7.760779   -6.260779 (VIOLATED)
_265_/A                                 1.500000    7.760779   -6.260779 (VIOLATED)
_266_/A                                 1.500000    7.760779   -6.260779 (VIOLATED)
_267_/A                                 1.500000    7.760779   -6.260779 (VIOLATED)
_268_/A                                 1.500000    7.760779   -6.260779 (VIOLATED)
_269_/A                                 1.500000    7.760779   -6.260779 (VIOLATED)
_270_/A                                 1.500000    7.760779   -6.260779 (VIOLATED)
_271_/A                                 1.500000    7.760779   -6.260779 (VIOLATED)
_272_/A                                 1.500000    7.760779   -6.260779 (VIOLATED)
_273_/A                                 1.500000    7.760779   -6.260779 (VIOLATED)
_274_/A                                 1.500000    7.760779   -6.260779 (VIOLATED)
_275_/A                                 1.500000    7.760779   -6.260779 (VIOLATED)
_276_/A                                 1.500000    7.760779   -6.260779 (VIOLATED)
_277_/A                                 1.500000    7.760779   -6.260779 (VIOLATED)
_278_/A                                 1.500000    7.760779   -6.260779 (VIOLATED)
_279_/A                                 1.500000    7.760779   -6.260779 (VIOLATED)
_280_/A                                 1.500000    7.760779   -6.260779 (VIOLATED)
_281_/A                                 1.500000    7.760779   -6.260779 (VIOLATED)
_282_/A                                 1.500000    7.760779   -6.260779 (VIOLATED)
_283_/A                                 1.500000    7.760779   -6.260779 (VIOLATED)
_284_/A                                 1.500000    7.760779   -6.260779 (VIOLATED)
_285_/A                                 1.500000    7.760779   -6.260779 (VIOLATED)
_286_/A                                 1.500000    7.760779   -6.260779 (VIOLATED)
_287_/A                                 1.500000    7.760779   -6.260779 (VIOLATED)
_288_/A                                 1.500000    7.760779   -6.260779 (VIOLATED)
_289_/A                                 1.500000    7.760779   -6.260779 (VIOLATED)
_290_/A                                 1.500000    7.760779   -6.260779 (VIOLATED)
_291_/A                                 1.500000    7.760779   -6.260779 (VIOLATED)
_292_/A                                 1.500000    7.760779   -6.260779 (VIOLATED)
_293_/A                                 1.500000    7.760779   -6.260779 (VIOLATED)
_294_/A                                 1.500000    7.760779   -6.260779 (VIOLATED)
_295_/A                                 1.500000    7.760779   -6.260779 (VIOLATED)
_296_/A                                 1.500000    7.760779   -6.260779 (VIOLATED)
_297_/A                                 1.500000    7.760779   -6.260779 (VIOLATED)
_298_/A                                 1.500000    7.760779   -6.260779 (VIOLATED)
_299_/A                                 1.500000    7.760779   -6.260779 (VIOLATED)
_300_/A                                 1.500000    7.760779   -6.260779 (VIOLATED)
_301_/A                                 1.500000    7.760779   -6.260779 (VIOLATED)
_302_/A                                 1.500000    7.760779   -6.260779 (VIOLATED)
_303_/A                                 1.500000    7.760779   -6.260779 (VIOLATED)
_304_/A                                 1.500000    7.760779   -6.260779 (VIOLATED)
_305_/A                                 1.500000    7.760779   -6.260779 (VIOLATED)
_306_/A                                 1.500000    7.760779   -6.260779 (VIOLATED)
_307_/A                                 1.500000    7.760779   -6.260779 (VIOLATED)
_308_/A                                 1.500000    7.760779   -6.260779 (VIOLATED)
_309_/A                                 1.500000    7.760779   -6.260779 (VIOLATED)
_310_/A                                 1.500000    7.760779   -6.260779 (VIOLATED)
_311_/A                                 1.500000    7.760779   -6.260779 (VIOLATED)
_312_/A                                 1.500000    7.760779   -6.260779 (VIOLATED)
_313_/A                                 1.500000    7.760779   -6.260779 (VIOLATED)
_314_/A                                 1.500000    7.760779   -6.260779 (VIOLATED)
_315_/A                                 1.500000    7.760779   -6.260779 (VIOLATED)
_316_/A                                 1.500000    7.760779   -6.260779 (VIOLATED)
_317_/A                                 1.500000    7.760779   -6.260779 (VIOLATED)
_318_/A                                 1.500000    7.760779   -6.260779 (VIOLATED)
_319_/A                                 1.500000    7.760779   -6.260779 (VIOLATED)
_320_/A                                 1.500000    7.760779   -6.260779 (VIOLATED)
_321_/A                                 1.500000    7.760779   -6.260779 (VIOLATED)
_322_/A                                 1.500000    7.760779   -6.260779 (VIOLATED)
_323_/A                                 1.500000    7.760779   -6.260779 (VIOLATED)
_324_/A                                 1.500000    7.760779   -6.260779 (VIOLATED)
_325_/A                                 1.500000    7.760779   -6.260779 (VIOLATED)
_326_/A                                 1.500000    7.760779   -6.260779 (VIOLATED)
_327_/A                                 1.500000    7.760779   -6.260779 (VIOLATED)
_328_/A                                 1.500000    7.760779   -6.260779 (VIOLATED)
_329_/A                                 1.500000    7.760779   -6.260779 (VIOLATED)
_330_/A                                 1.500000    7.760779   -6.260779 (VIOLATED)
_331_/A                                 1.500000    7.760779   -6.260779 (VIOLATED)
_332_/A                                 1.500000    7.760779   -6.260779 (VIOLATED)
_333_/A                                 1.500000    7.760779   -6.260779 (VIOLATED)
_334_/A                                 1.500000    7.760779   -6.260779 (VIOLATED)
_335_/A                                 1.500000    7.760779   -6.260779 (VIOLATED)
_336_/A                                 1.500000    7.760779   -6.260779 (VIOLATED)
_337_/A                                 1.500000    7.760779   -6.260779 (VIOLATED)
_338_/A                                 1.500000    7.760779   -6.260779 (VIOLATED)
_339_/A                                 1.500000    7.760779   -6.260779 (VIOLATED)
_340_/A                                 1.500000    7.760779   -6.260779 (VIOLATED)
_341_/A                                 1.500000    7.760779   -6.260779 (VIOLATED)
_342_/A                                 1.500000    7.760779   -6.260779 (VIOLATED)
_343_/A                                 1.500000    7.760779   -6.260779 (VIOLATED)
_344_/A                                 1.500000    7.760779   -6.260779 (VIOLATED)
_345_/A                                 1.500000    7.760779   -6.260779 (VIOLATED)
_346_/A                                 1.500000    7.760779   -6.260779 (VIOLATED)
_347_/A                                 1.500000    7.760779   -6.260779 (VIOLATED)
_348_/A                                 1.500000    7.760779   -6.260779 (VIOLATED)
_349_/A                                 1.500000    7.760779   -6.260779 (VIOLATED)
_350_/A                                 1.500000    7.760779   -6.260779 (VIOLATED)
_351_/A                                 1.500000    7.760779   -6.260779 (VIOLATED)
_352_/A                                 1.500000    7.760779   -6.260779 (VIOLATED)
_353_/A                                 1.500000    7.760779   -6.260779 (VIOLATED)
_354_/A                                 1.500000    7.760779   -6.260779 (VIOLATED)
_355_/A                                 1.500000    7.760779   -6.260779 (VIOLATED)
_356_/A                                 1.500000    7.760779   -6.260779 (VIOLATED)
_357_/A                                 1.500000    7.760779   -6.260779 (VIOLATED)
_358_/A                                 1.500000    7.760779   -6.260779 (VIOLATED)
_359_/A                                 1.500000    7.760779   -6.260779 (VIOLATED)
_360_/A                                 1.500000    7.760779   -6.260779 (VIOLATED)
_361_/A                                 1.500000    7.760779   -6.260779 (VIOLATED)
_362_/A                                 1.500000    7.760779   -6.260779 (VIOLATED)
_363_/A                                 1.500000    7.760779   -6.260779 (VIOLATED)
_364_/A                                 1.500000    7.760779   -6.260779 (VIOLATED)
_365_/A                                 1.500000    7.760779   -6.260779 (VIOLATED)
_366_/A                                 1.500000    7.760779   -6.260779 (VIOLATED)
_367_/A                                 1.500000    7.760779   -6.260779 (VIOLATED)
_368_/A                                 1.500000    7.760779   -6.260779 (VIOLATED)
_369_/A                                 1.500000    7.760779   -6.260779 (VIOLATED)
_370_/A                                 1.500000    7.760779   -6.260779 (VIOLATED)
_371_/A                                 1.500000    7.760779   -6.260779 (VIOLATED)
_372_/A                                 1.500000    7.760779   -6.260779 (VIOLATED)
_373_/A                                 1.500000    7.760779   -6.260779 (VIOLATED)
_374_/A                                 1.500000    7.760779   -6.260779 (VIOLATED)
_375_/A                                 1.500000    7.760779   -6.260779 (VIOLATED)
_376_/A                                 1.500000    7.760779   -6.260779 (VIOLATED)
_377_/A                                 1.500000    7.760779   -6.260779 (VIOLATED)
_378_/A                                 1.500000    7.760779   -6.260779 (VIOLATED)
_379_/A                                 1.500000    7.760779   -6.260779 (VIOLATED)
_380_/A                                 1.500000    7.760779   -6.260779 (VIOLATED)
_381_/A                                 1.500000    7.760779   -6.260779 (VIOLATED)
_382_/A                                 1.500000    7.760779   -6.260779 (VIOLATED)
_383_/A                                 1.500000    7.760779   -6.260779 (VIOLATED)
_384_/A                                 1.500000    7.760779   -6.260779 (VIOLATED)
_385_/A                                 1.500000    7.760779   -6.260779 (VIOLATED)
_386_/A                                 1.500000    7.760779   -6.260779 (VIOLATED)
_387_/A                                 1.500000    7.760779   -6.260779 (VIOLATED)
_388_/A                                 1.500000    7.760779   -6.260779 (VIOLATED)
_389_/A                                 1.500000    7.760779   -6.260779 (VIOLATED)
_390_/A                                 1.500000    7.760779   -6.260779 (VIOLATED)
_391_/A                                 1.500000    7.760779   -6.260779 (VIOLATED)
_392_/A                                 1.500000    7.760779   -6.260779 (VIOLATED)
_393_/A                                 1.500000    7.760779   -6.260779 (VIOLATED)
_394_/A                                 1.500000    7.760779   -6.260779 (VIOLATED)
_395_/A                                 1.500000    7.760779   -6.260779 (VIOLATED)
_396_/A                                 1.500000    7.760779   -6.260779 (VIOLATED)
_397_/A                                 1.500000    7.760779   -6.260779 (VIOLATED)
_398_/A                                 1.500000    7.760779   -6.260779 (VIOLATED)
_399_/A                                 1.500000    7.760779   -6.260779 (VIOLATED)
_400_/A                                 1.500000    7.760779   -6.260779 (VIOLATED)
_401_/A                                 1.500000    7.760779   -6.260779 (VIOLATED)
_402_/A                                 1.500000    7.760779   -6.260779 (VIOLATED)
_403_/A                                 1.500000    7.760779   -6.260779 (VIOLATED)
_404_/A                                 1.500000    7.760779   -6.260779 (VIOLATED)
_405_/A                                 1.500000    7.760779   -6.260779 (VIOLATED)
_406_/A                                 1.500000    7.760779   -6.260779 (VIOLATED)
_407_/A                                 1.500000    7.760779   -6.260779 (VIOLATED)
_408_/A                                 1.500000    7.760779   -6.260779 (VIOLATED)
_409_/A                                 1.500000    7.760779   -6.260779 (VIOLATED)
_410_/A                                 1.500000    7.760779   -6.260779 (VIOLATED)
_411_/A                                 1.500000    7.760779   -6.260779 (VIOLATED)
_412_/A                                 1.500000    7.760779   -6.260779 (VIOLATED)
_413_/A                                 1.500000    7.760779   -6.260779 (VIOLATED)
_414_/A                                 1.500000    7.760779   -6.260779 (VIOLATED)
_415_/A                                 1.500000    7.760779   -6.260779 (VIOLATED)
_416_/A                                 1.500000    7.760779   -6.260779 (VIOLATED)
_417_/A                                 1.500000    7.760779   -6.260779 (VIOLATED)
_418_/A                                 1.500000    7.760779   -6.260779 (VIOLATED)
_419_/A                                 1.500000    7.760779   -6.260779 (VIOLATED)
_420_/A                                 1.500000    7.760779   -6.260779 (VIOLATED)
_421_/A                                 1.500000    7.760779   -6.260779 (VIOLATED)
_422_/A                                 1.500000    7.760779   -6.260779 (VIOLATED)
_423_/A                                 1.500000    7.760779   -6.260779 (VIOLATED)
_424_/A                                 1.500000    7.760779   -6.260779 (VIOLATED)
_425_/A                                 1.500000    7.760779   -6.260779 (VIOLATED)
_426_/A                                 1.500000    7.760779   -6.260779 (VIOLATED)
_427_/A                                 1.500000    7.760779   -6.260779 (VIOLATED)
_428_/A                                 1.500000    7.760779   -6.260779 (VIOLATED)
_429_/A                                 1.500000    7.760779   -6.260779 (VIOLATED)
_430_/A                                 1.500000    7.760779   -6.260779 (VIOLATED)
_431_/A                                 1.500000    7.760779   -6.260779 (VIOLATED)
_432_/A                                 1.500000    7.760779   -6.260779 (VIOLATED)
_433_/A                                 1.500000    7.760779   -6.260779 (VIOLATED)
_434_/A                                 1.500000    7.760779   -6.260779 (VIOLATED)
_435_/A                                 1.500000    7.760779   -6.260779 (VIOLATED)
_436_/A                                 1.500000    7.760779   -6.260779 (VIOLATED)
_437_/A                                 1.500000    7.760779   -6.260779 (VIOLATED)
_438_/A                                 1.500000    7.760779   -6.260779 (VIOLATED)
_439_/A                                 1.500000    7.760779   -6.260779 (VIOLATED)
_440_/A                                 1.500000    7.760779   -6.260779 (VIOLATED)
_441_/A                                 1.500000    7.760779   -6.260779 (VIOLATED)
_442_/A                                 1.500000    7.760779   -6.260779 (VIOLATED)
_443_/A                                 1.500000    7.760779   -6.260779 (VIOLATED)
_444_/A                                 1.500000    7.760779   -6.260779 (VIOLATED)
_445_/A                                 1.500000    7.760779   -6.260779 (VIOLATED)
_446_/A                                 1.500000    7.760779   -6.260779 (VIOLATED)
_447_/A                                 1.500000    7.760779   -6.260779 (VIOLATED)
_448_/A                                 1.500000    7.760779   -6.260779 (VIOLATED)
_449_/A                                 1.500000    7.760779   -6.260779 (VIOLATED)
_450_/A                                 1.500000    7.760779   -6.260779 (VIOLATED)
_451_/A                                 1.500000    7.760779   -6.260779 (VIOLATED)
_452_/A                                 1.500000    7.760779   -6.260779 (VIOLATED)
_453_/A                                 1.500000    7.760779   -6.260779 (VIOLATED)
_454_/A                                 1.500000    7.760779   -6.260779 (VIOLATED)
_455_/A                                 1.500000    7.760779   -6.260779 (VIOLATED)
_456_/A                                 1.500000    7.760779   -6.260779 (VIOLATED)
_457_/A                                 1.500000    7.760779   -6.260779 (VIOLATED)
_458_/A                                 1.500000    7.760779   -6.260779 (VIOLATED)
_459_/A                                 1.500000    7.760779   -6.260779 (VIOLATED)
_460_/A                                 1.500000    7.760779   -6.260779 (VIOLATED)
_461_/A                                 1.500000    7.760779   -6.260779 (VIOLATED)
_462_/A                                 1.500000    7.760779   -6.260779 (VIOLATED)
_463_/A                                 1.500000    7.760779   -6.260779 (VIOLATED)
_464_/A                                 1.500000    7.760779   -6.260779 (VIOLATED)
_465_/A                                 1.500000    7.760779   -6.260779 (VIOLATED)
_466_/A                                 1.500000    7.760779   -6.260779 (VIOLATED)
_467_/A                                 1.500000    7.760779   -6.260779 (VIOLATED)
_468_/A                                 1.500000    7.760779   -6.260779 (VIOLATED)
_469_/A                                 1.500000    7.760779   -6.260779 (VIOLATED)
_470_/A                                 1.500000    7.760779   -6.260779 (VIOLATED)
_471_/A                                 1.500000    7.760779   -6.260779 (VIOLATED)
_472_/A                                 1.500000    7.760779   -6.260779 (VIOLATED)
_473_/A                                 1.500000    7.760779   -6.260779 (VIOLATED)
_474_/A                                 1.500000    7.760779   -6.260779 (VIOLATED)
_475_/A                                 1.500000    7.760779   -6.260779 (VIOLATED)
_476_/A                                 1.500000    7.760779   -6.260779 (VIOLATED)
_477_/A                                 1.500000    7.760779   -6.260779 (VIOLATED)
_478_/A                                 1.500000    7.760779   -6.260779 (VIOLATED)
_479_/A                                 1.500000    7.760779   -6.260779 (VIOLATED)
clk                                     1.498289    3.013529   -1.515240 (VIOLATED)
_480_/CLK                               1.500000    3.013529   -1.513529 (VIOLATED)
_481_/CLK                               1.500000    3.013529   -1.513529 (VIOLATED)
_482_/CLK                               1.500000    3.013529   -1.513529 (VIOLATED)
_483_/CLK                               1.500000    3.013529   -1.513529 (VIOLATED)
_484_/CLK                               1.500000    3.013529   -1.513529 (VIOLATED)
_485_/CLK                               1.500000    3.013529   -1.513529 (VIOLATED)
_486_/CLK                               1.500000    3.013529   -1.513529 (VIOLATED)
_487_/CLK                               1.500000    3.013529   -1.513529 (VIOLATED)
_488_/CLK                               1.500000    3.013529   -1.513529 (VIOLATED)
_489_/CLK                               1.500000    3.013529   -1.513529 (VIOLATED)
_490_/CLK                               1.500000    3.013529   -1.513529 (VIOLATED)
_491_/CLK                               1.500000    3.013529   -1.513529 (VIOLATED)
_492_/CLK                               1.500000    3.013529   -1.513529 (VIOLATED)
_493_/CLK                               1.500000    3.013529   -1.513529 (VIOLATED)
_494_/CLK                               1.500000    3.013529   -1.513529 (VIOLATED)
_495_/CLK                               1.500000    3.013529   -1.513529 (VIOLATED)
_496_/CLK                               1.500000    3.013529   -1.513529 (VIOLATED)
_497_/CLK                               1.500000    3.013529   -1.513529 (VIOLATED)
_498_/CLK                               1.500000    3.013529   -1.513529 (VIOLATED)
_499_/CLK                               1.500000    3.013529   -1.513529 (VIOLATED)
_500_/CLK                               1.500000    3.013529   -1.513529 (VIOLATED)
_501_/CLK                               1.500000    3.013529   -1.513529 (VIOLATED)
_502_/CLK                               1.500000    3.013529   -1.513529 (VIOLATED)
_503_/CLK                               1.500000    3.013529   -1.513529 (VIOLATED)
_504_/CLK                               1.500000    3.013529   -1.513529 (VIOLATED)
_505_/CLK                               1.500000    3.013529   -1.513529 (VIOLATED)
_506_/CLK                               1.500000    3.013529   -1.513529 (VIOLATED)
_507_/CLK                               1.500000    3.013529   -1.513529 (VIOLATED)
_508_/CLK                               1.500000    3.013529   -1.513529 (VIOLATED)
_509_/CLK                               1.500000    3.013529   -1.513529 (VIOLATED)
_510_/CLK                               1.500000    3.013529   -1.513529 (VIOLATED)
_511_/CLK                               1.500000    3.013529   -1.513529 (VIOLATED)
_512_/CLK                               1.500000    3.013529   -1.513529 (VIOLATED)
_513_/CLK                               1.500000    3.013529   -1.513529 (VIOLATED)
_514_/CLK                               1.500000    3.013529   -1.513529 (VIOLATED)
_515_/CLK                               1.500000    3.013529   -1.513529 (VIOLATED)
_516_/CLK                               1.500000    3.013529   -1.513529 (VIOLATED)
_517_/CLK                               1.500000    3.013529   -1.513529 (VIOLATED)
_518_/CLK                               1.500000    3.013529   -1.513529 (VIOLATED)
_519_/CLK                               1.500000    3.013529   -1.513529 (VIOLATED)
_520_/CLK                               1.500000    3.013529   -1.513529 (VIOLATED)
_521_/CLK                               1.500000    3.013529   -1.513529 (VIOLATED)
_522_/CLK                               1.500000    3.013529   -1.513529 (VIOLATED)
_523_/CLK                               1.500000    3.013529   -1.513529 (VIOLATED)
_524_/CLK                               1.500000    3.013529   -1.513529 (VIOLATED)
_525_/CLK                               1.500000    3.013529   -1.513529 (VIOLATED)
_526_/CLK                               1.500000    3.013529   -1.513529 (VIOLATED)
_527_/CLK                               1.500000    3.013529   -1.513529 (VIOLATED)
_528_/CLK                               1.500000    3.013529   -1.513529 (VIOLATED)
_529_/CLK                               1.500000    3.013529   -1.513529 (VIOLATED)
_530_/CLK                               1.500000    3.013529   -1.513529 (VIOLATED)
_531_/CLK                               1.500000    3.013529   -1.513529 (VIOLATED)
_532_/CLK                               1.500000    3.013529   -1.513529 (VIOLATED)
_533_/CLK                               1.500000    3.013529   -1.513529 (VIOLATED)
_534_/CLK                               1.500000    3.013529   -1.513529 (VIOLATED)
_535_/CLK                               1.500000    3.013529   -1.513529 (VIOLATED)
_536_/CLK                               1.500000    3.013529   -1.513529 (VIOLATED)
_537_/CLK                               1.500000    3.013529   -1.513529 (VIOLATED)
_538_/CLK                               1.500000    3.013529   -1.513529 (VIOLATED)
_539_/CLK                               1.500000    3.013529   -1.513529 (VIOLATED)
_540_/CLK                               1.500000    3.013529   -1.513529 (VIOLATED)
_541_/CLK                               1.500000    3.013529   -1.513529 (VIOLATED)
_542_/CLK                               1.500000    3.013529   -1.513529 (VIOLATED)
_543_/CLK                               1.500000    3.013529   -1.513529 (VIOLATED)
_544_/CLK                               1.500000    3.013529   -1.513529 (VIOLATED)
_545_/CLK                               1.500000    3.013529   -1.513529 (VIOLATED)
_546_/CLK                               1.500000    3.013529   -1.513529 (VIOLATED)
_547_/CLK                               1.500000    3.013529   -1.513529 (VIOLATED)
_548_/CLK                               1.500000    3.013529   -1.513529 (VIOLATED)
_549_/CLK                               1.500000    3.013529   -1.513529 (VIOLATED)
_550_/CLK                               1.500000    3.013529   -1.513529 (VIOLATED)
_551_/CLK                               1.500000    3.013529   -1.513529 (VIOLATED)
_552_/CLK                               1.500000    3.013529   -1.513529 (VIOLATED)
_553_/CLK                               1.500000    3.013529   -1.513529 (VIOLATED)
_554_/CLK                               1.500000    3.013529   -1.513529 (VIOLATED)
_555_/CLK                               1.500000    3.013529   -1.513529 (VIOLATED)
_556_/CLK                               1.500000    3.013529   -1.513529 (VIOLATED)
_557_/CLK                               1.500000    3.013529   -1.513529 (VIOLATED)
_558_/CLK                               1.500000    3.013529   -1.513529 (VIOLATED)
_559_/CLK                               1.500000    3.013529   -1.513529 (VIOLATED)
_560_/CLK                               1.500000    3.013529   -1.513529 (VIOLATED)
_561_/CLK                               1.500000    3.013529   -1.513529 (VIOLATED)
_562_/CLK                               1.500000    3.013529   -1.513529 (VIOLATED)
_563_/CLK                               1.500000    3.013529   -1.513529 (VIOLATED)
_564_/CLK                               1.500000    3.013529   -1.513529 (VIOLATED)
_565_/CLK                               1.500000    3.013529   -1.513529 (VIOLATED)
_566_/CLK                               1.500000    3.013529   -1.513529 (VIOLATED)
_567_/CLK                               1.500000    3.013529   -1.513529 (VIOLATED)
_568_/CLK                               1.500000    3.013529   -1.513529 (VIOLATED)
_569_/CLK                               1.500000    3.013529   -1.513529 (VIOLATED)
_570_/CLK                               1.500000    3.013529   -1.513529 (VIOLATED)
_571_/CLK                               1.500000    3.013529   -1.513529 (VIOLATED)
_572_/CLK                               1.500000    3.013529   -1.513529 (VIOLATED)
_573_/CLK                               1.500000    3.013529   -1.513529 (VIOLATED)
_574_/CLK                               1.500000    3.013529   -1.513529 (VIOLATED)
_575_/CLK                               1.500000    3.013529   -1.513529 (VIOLATED)
_576_/CLK                               1.500000    3.013529   -1.513529 (VIOLATED)
_577_/CLK                               1.500000    3.013529   -1.513529 (VIOLATED)
_578_/CLK                               1.500000    3.013529   -1.513529 (VIOLATED)
_579_/CLK                               1.500000    3.013529   -1.513529 (VIOLATED)
_580_/CLK                               1.500000    3.013529   -1.513529 (VIOLATED)
_581_/CLK                               1.500000    3.013529   -1.513529 (VIOLATED)
_582_/CLK                               1.500000    3.013529   -1.513529 (VIOLATED)
_583_/CLK                               1.500000    3.013529   -1.513529 (VIOLATED)
_584_/CLK                               1.500000    3.013529   -1.513529 (VIOLATED)
_585_/CLK                               1.500000    3.013529   -1.513529 (VIOLATED)
_586_/CLK                               1.500000    3.013529   -1.513529 (VIOLATED)
_587_/CLK                               1.500000    3.013529   -1.513529 (VIOLATED)
_588_/CLK                               1.500000    3.013529   -1.513529 (VIOLATED)
_589_/CLK                               1.500000    3.013529   -1.513529 (VIOLATED)
_590_/CLK                               1.500000    3.013529   -1.513529 (VIOLATED)
_591_/CLK                               1.500000    3.013529   -1.513529 (VIOLATED)
_592_/CLK                               1.500000    3.013529   -1.513529 (VIOLATED)
_593_/CLK                               1.500000    3.013529   -1.513529 (VIOLATED)
_594_/CLK                               1.500000    3.013529   -1.513529 (VIOLATED)
_595_/CLK                               1.500000    3.013529   -1.513529 (VIOLATED)
_596_/CLK                               1.500000    3.013529   -1.513529 (VIOLATED)
_597_/CLK                               1.500000    3.013529   -1.513529 (VIOLATED)
_598_/CLK                               1.500000    3.013529   -1.513529 (VIOLATED)
_599_/CLK                               1.500000    3.013529   -1.513529 (VIOLATED)
_600_/CLK                               1.500000    3.013529   -1.513529 (VIOLATED)
_601_/CLK                               1.500000    3.013529   -1.513529 (VIOLATED)
_602_/CLK                               1.500000    3.013529   -1.513529 (VIOLATED)
_603_/CLK                               1.500000    3.013529   -1.513529 (VIOLATED)
_604_/CLK                               1.500000    3.013529   -1.513529 (VIOLATED)
_605_/CLK                               1.500000    3.013529   -1.513529 (VIOLATED)
_606_/CLK                               1.500000    3.013529   -1.513529 (VIOLATED)
_607_/CLK                               1.500000    3.013529   -1.513529 (VIOLATED)
_608_/CLK                               1.500000    3.013529   -1.513529 (VIOLATED)
_609_/CLK                               1.500000    3.013529   -1.513529 (VIOLATED)
_610_/CLK                               1.500000    3.013529   -1.513529 (VIOLATED)
_611_/CLK                               1.500000    3.013529   -1.513529 (VIOLATED)
_612_/CLK                               1.500000    3.013529   -1.513529 (VIOLATED)
_613_/CLK                               1.500000    3.013529   -1.513529 (VIOLATED)
_614_/CLK                               1.500000    3.013529   -1.513529 (VIOLATED)
_615_/CLK                               1.500000    3.013529   -1.513529 (VIOLATED)
_616_/CLK                               1.500000    3.013529   -1.513529 (VIOLATED)
_617_/CLK                               1.500000    3.013529   -1.513529 (VIOLATED)
_618_/CLK                               1.500000    3.013529   -1.513529 (VIOLATED)
_619_/CLK                               1.500000    3.013529   -1.513529 (VIOLATED)
_620_/CLK                               1.500000    3.013529   -1.513529 (VIOLATED)
_621_/CLK                               1.500000    3.013529   -1.513529 (VIOLATED)
_622_/CLK                               1.500000    3.013529   -1.513529 (VIOLATED)
_623_/CLK                               1.500000    3.013529   -1.513529 (VIOLATED)
_624_/CLK                               1.500000    3.013529   -1.513529 (VIOLATED)
_625_/CLK                               1.500000    3.013529   -1.513529 (VIOLATED)
_626_/CLK                               1.500000    3.013529   -1.513529 (VIOLATED)
_627_/CLK                               1.500000    3.013529   -1.513529 (VIOLATED)
_628_/CLK                               1.500000    3.013529   -1.513529 (VIOLATED)
_629_/CLK                               1.500000    3.013529   -1.513529 (VIOLATED)
_630_/CLK                               1.500000    3.013529   -1.513529 (VIOLATED)
_631_/CLK                               1.500000    3.013529   -1.513529 (VIOLATED)
_632_/CLK                               1.500000    3.013529   -1.513529 (VIOLATED)
_633_/CLK                               1.500000    3.013529   -1.513529 (VIOLATED)
_634_/CLK                               1.500000    3.013529   -1.513529 (VIOLATED)
_635_/CLK                               1.500000    3.013529   -1.513529 (VIOLATED)
_636_/CLK                               1.500000    3.013529   -1.513529 (VIOLATED)
_637_/CLK                               1.500000    3.013529   -1.513529 (VIOLATED)
_638_/CLK                               1.500000    3.013529   -1.513529 (VIOLATED)
_639_/CLK                               1.500000    3.013529   -1.513529 (VIOLATED)
_640_/CLK                               1.500000    3.013529   -1.513529 (VIOLATED)
_641_/CLK                               1.500000    3.013529   -1.513529 (VIOLATED)
_642_/CLK                               1.500000    3.013529   -1.513529 (VIOLATED)
_643_/CLK                               1.500000    3.013529   -1.513529 (VIOLATED)
_644_/CLK                               1.500000    3.013529   -1.513529 (VIOLATED)
_645_/CLK                               1.500000    3.013529   -1.513529 (VIOLATED)
_646_/CLK                               1.500000    3.013529   -1.513529 (VIOLATED)
_647_/CLK                               1.500000    3.013529   -1.513529 (VIOLATED)
_648_/CLK                               1.500000    3.013529   -1.513529 (VIOLATED)
_649_/CLK                               1.500000    3.013529   -1.513529 (VIOLATED)
_650_/CLK                               1.500000    3.013529   -1.513529 (VIOLATED)
_651_/CLK                               1.500000    3.013529   -1.513529 (VIOLATED)
_652_/CLK                               1.500000    3.013529   -1.513529 (VIOLATED)
_653_/CLK                               1.500000    3.013529   -1.513529 (VIOLATED)
_654_/CLK                               1.500000    3.013529   -1.513529 (VIOLATED)
_655_/CLK                               1.500000    3.013529   -1.513529 (VIOLATED)
_656_/CLK                               1.500000    3.013529   -1.513529 (VIOLATED)
_657_/CLK                               1.500000    3.013529   -1.513529 (VIOLATED)
_658_/CLK                               1.500000    3.013529   -1.513529 (VIOLATED)
_659_/CLK                               1.500000    3.013529   -1.513529 (VIOLATED)
_660_/CLK                               1.500000    3.013529   -1.513529 (VIOLATED)
_661_/CLK                               1.500000    3.013529   -1.513529 (VIOLATED)
_662_/CLK                               1.500000    3.013529   -1.513529 (VIOLATED)
_663_/CLK                               1.500000    3.013529   -1.513529 (VIOLATED)
_664_/CLK                               1.500000    3.013529   -1.513529 (VIOLATED)
_665_/CLK                               1.500000    3.013529   -1.513529 (VIOLATED)
_666_/CLK                               1.500000    3.013529   -1.513529 (VIOLATED)
_667_/CLK                               1.500000    3.013529   -1.513529 (VIOLATED)
_668_/CLK                               1.500000    3.013529   -1.513529 (VIOLATED)
_669_/CLK                               1.500000    3.013529   -1.513529 (VIOLATED)
_670_/CLK                               1.500000    3.013529   -1.513529 (VIOLATED)
_671_/CLK                               1.500000    3.013529   -1.513529 (VIOLATED)
_672_/CLK                               1.500000    3.013529   -1.513529 (VIOLATED)
_673_/CLK                               1.500000    3.013529   -1.513529 (VIOLATED)
_674_/CLK                               1.500000    3.013529   -1.513529 (VIOLATED)
_675_/CLK                               1.500000    3.013529   -1.513529 (VIOLATED)
_676_/CLK                               1.500000    3.013529   -1.513529 (VIOLATED)
_677_/CLK                               1.500000    3.013529   -1.513529 (VIOLATED)
_678_/CLK                               1.500000    3.013529   -1.513529 (VIOLATED)
_679_/CLK                               1.500000    3.013529   -1.513529 (VIOLATED)
_680_/CLK                               1.500000    3.013529   -1.513529 (VIOLATED)
_681_/CLK                               1.500000    3.013529   -1.513529 (VIOLATED)
_682_/CLK                               1.500000    3.013529   -1.513529 (VIOLATED)
_683_/CLK                               1.500000    3.013529   -1.513529 (VIOLATED)
_684_/CLK                               1.500000    3.013529   -1.513529 (VIOLATED)
_685_/CLK                               1.500000    3.013529   -1.513529 (VIOLATED)
_686_/CLK                               1.500000    3.013529   -1.513529 (VIOLATED)
_687_/CLK                               1.500000    3.013529   -1.513529 (VIOLATED)
_688_/CLK                               1.500000    3.013529   -1.513529 (VIOLATED)
_689_/CLK                               1.500000    3.013529   -1.513529 (VIOLATED)
_690_/CLK                               1.500000    3.013529   -1.513529 (VIOLATED)
_691_/CLK                               1.500000    3.013529   -1.513529 (VIOLATED)
_692_/CLK                               1.500000    3.013529   -1.513529 (VIOLATED)
_693_/CLK                               1.500000    3.013529   -1.513529 (VIOLATED)
_694_/CLK                               1.500000    3.013529   -1.513529 (VIOLATED)
_695_/CLK                               1.500000    3.013529   -1.513529 (VIOLATED)
_696_/CLK                               1.500000    3.013529   -1.513529 (VIOLATED)
_697_/CLK                               1.500000    3.013529   -1.513529 (VIOLATED)
_698_/CLK                               1.500000    3.013529   -1.513529 (VIOLATED)
_699_/CLK                               1.500000    3.013529   -1.513529 (VIOLATED)
_700_/CLK                               1.500000    3.013529   -1.513529 (VIOLATED)
_701_/CLK                               1.500000    3.013529   -1.513529 (VIOLATED)
_702_/CLK                               1.500000    3.013529   -1.513529 (VIOLATED)
_703_/CLK                               1.500000    3.013529   -1.513529 (VIOLATED)
_704_/CLK                               1.500000    3.013529   -1.513529 (VIOLATED)
_705_/CLK                               1.500000    3.013529   -1.513529 (VIOLATED)
_706_/CLK                               1.500000    3.013529   -1.513529 (VIOLATED)
_707_/CLK                               1.500000    3.013529   -1.513529 (VIOLATED)
_708_/CLK                               1.500000    3.013529   -1.513529 (VIOLATED)
_709_/CLK                               1.500000    3.013529   -1.513529 (VIOLATED)
_710_/CLK                               1.500000    3.013529   -1.513529 (VIOLATED)
_711_/CLK                               1.500000    3.013529   -1.513529 (VIOLATED)
_712_/CLK                               1.500000    3.013529   -1.513529 (VIOLATED)
_713_/CLK                               1.500000    3.013529   -1.513529 (VIOLATED)
_714_/CLK                               1.500000    3.013529   -1.513529 (VIOLATED)
_715_/CLK                               1.500000    3.013529   -1.513529 (VIOLATED)
_716_/CLK                               1.500000    3.013529   -1.513529 (VIOLATED)
_717_/CLK                               1.500000    3.013529   -1.513529 (VIOLATED)
_718_/CLK                               1.500000    3.013529   -1.513529 (VIOLATED)
_719_/CLK                               1.500000    3.013529   -1.513529 (VIOLATED)

max fanout

Pin                                   Limit Fanout  Slack
---------------------------------------------------------
clk                                      10    240   -230 (VIOLATED)
reset                                    10    240   -230 (VIOLATED)

max capacitance

Pin                                        Limit         Cap       Slack
------------------------------------------------------------------------
reset                                   0.200000    1.106162   -0.906162 (VIOLATED)
clk                                     0.200000    0.425760   -0.225760 (VIOLATED)



===========================================================================
report_parasitic_annotation -report_unannotated
============================================================================
Found 498 unannotated drivers.
 clk
 input_pc[0]
 input_pc[10]
 input_pc[11]
 input_pc[12]
 input_pc[13]
 input_pc[14]
 input_pc[15]
 input_pc[1]
 input_pc[2]
 input_pc[3]
 input_pc[4]
 input_pc[5]
 input_pc[6]
 input_pc[7]
 input_pc[8]
 input_pc[9]
 reset
 _240_/Y
 _241_/Y
 _242_/Y
 _243_/Y
 _244_/Y
 _245_/Y
 _246_/Y
 _247_/Y
 _248_/Y
 _249_/Y
 _250_/Y
 _251_/Y
 _252_/Y
 _253_/Y
 _254_/Y
 _255_/Y
 _256_/Y
 _257_/Y
 _258_/Y
 _259_/Y
 _260_/Y
 _261_/Y
 _262_/Y
 _263_/Y
 _264_/Y
 _265_/Y
 _266_/Y
 _267_/Y
 _268_/Y
 _269_/Y
 _270_/Y
 _271_/Y
 _272_/Y
 _273_/Y
 _274_/Y
 _275_/Y
 _276_/Y
 _277_/Y
 _278_/Y
 _279_/Y
 _280_/Y
 _281_/Y
 _282_/Y
 _283_/Y
 _284_/Y
 _285_/Y
 _286_/Y
 _287_/Y
 _288_/Y
 _289_/Y
 _290_/Y
 _291_/Y
 _292_/Y
 _293_/Y
 _294_/Y
 _295_/Y
 _296_/Y
 _297_/Y
 _298_/Y
 _299_/Y
 _300_/Y
 _301_/Y
 _302_/Y
 _303_/Y
 _304_/Y
 _305_/Y
 _306_/Y
 _307_/Y
 _308_/Y
 _309_/Y
 _310_/Y
 _311_/Y
 _312_/Y
 _313_/Y
 _314_/Y
 _315_/Y
 _316_/Y
 _317_/Y
 _318_/Y
 _319_/Y
 _320_/Y
 _321_/Y
 _322_/Y
 _323_/Y
 _324_/Y
 _325_/Y
 _326_/Y
 _327_/Y
 _328_/Y
 _329_/Y
 _330_/Y
 _331_/Y
 _332_/Y
 _333_/Y
 _334_/Y
 _335_/Y
 _336_/Y
 _337_/Y
 _338_/Y
 _339_/Y
 _340_/Y
 _341_/Y
 _342_/Y
 _343_/Y
 _344_/Y
 _345_/Y
 _346_/Y
 _347_/Y
 _348_/Y
 _349_/Y
 _350_/Y
 _351_/Y
 _352_/Y
 _353_/Y
 _354_/Y
 _355_/Y
 _356_/Y
 _357_/Y
 _358_/Y
 _359_/Y
 _360_/Y
 _361_/Y
 _362_/Y
 _363_/Y
 _364_/Y
 _365_/Y
 _366_/Y
 _367_/Y
 _368_/Y
 _369_/Y
 _370_/Y
 _371_/Y
 _372_/Y
 _373_/Y
 _374_/Y
 _375_/Y
 _376_/Y
 _377_/Y
 _378_/Y
 _379_/Y
 _380_/Y
 _381_/Y
 _382_/Y
 _383_/Y
 _384_/Y
 _385_/Y
 _386_/Y
 _387_/Y
 _388_/Y
 _389_/Y
 _390_/Y
 _391_/Y
 _392_/Y
 _393_/Y
 _394_/Y
 _395_/Y
 _396_/Y
 _397_/Y
 _398_/Y
 _399_/Y
 _400_/Y
 _401_/Y
 _402_/Y
 _403_/Y
 _404_/Y
 _405_/Y
 _406_/Y
 _407_/Y
 _408_/Y
 _409_/Y
 _410_/Y
 _411_/Y
 _412_/Y
 _413_/Y
 _414_/Y
 _415_/Y
 _416_/Y
 _417_/Y
 _418_/Y
 _419_/Y
 _420_/Y
 _421_/Y
 _422_/Y
 _423_/Y
 _424_/Y
 _425_/Y
 _426_/Y
 _427_/Y
 _428_/Y
 _429_/Y
 _430_/Y
 _431_/Y
 _432_/Y
 _433_/Y
 _434_/Y
 _435_/Y
 _436_/Y
 _437_/Y
 _438_/Y
 _439_/Y
 _440_/Y
 _441_/Y
 _442_/Y
 _443_/Y
 _444_/Y
 _445_/Y
 _446_/Y
 _447_/Y
 _448_/Y
 _449_/Y
 _450_/Y
 _451_/Y
 _452_/Y
 _453_/Y
 _454_/Y
 _455_/Y
 _456_/Y
 _457_/Y
 _458_/Y
 _459_/Y
 _460_/Y
 _461_/Y
 _462_/Y
 _463_/Y
 _464_/Y
 _465_/Y
 _466_/Y
 _467_/Y
 _468_/Y
 _469_/Y
 _470_/Y
 _471_/Y
 _472_/Y
 _473_/Y
 _474_/Y
 _475_/Y
 _476_/Y
 _477_/Y
 _478_/Y
 _479_/Y
 _480_/Q
 _481_/Q
 _482_/Q
 _483_/Q
 _484_/Q
 _485_/Q
 _486_/Q
 _487_/Q
 _488_/Q
 _489_/Q
 _490_/Q
 _491_/Q
 _492_/Q
 _493_/Q
 _494_/Q
 _495_/Q
 _496_/Q
 _497_/Q
 _498_/Q
 _499_/Q
 _500_/Q
 _501_/Q
 _502_/Q
 _503_/Q
 _504_/Q
 _505_/Q
 _506_/Q
 _507_/Q
 _508_/Q
 _509_/Q
 _510_/Q
 _511_/Q
 _512_/Q
 _513_/Q
 _514_/Q
 _515_/Q
 _516_/Q
 _517_/Q
 _518_/Q
 _519_/Q
 _520_/Q
 _521_/Q
 _522_/Q
 _523_/Q
 _524_/Q
 _525_/Q
 _526_/Q
 _527_/Q
 _528_/Q
 _529_/Q
 _530_/Q
 _531_/Q
 _532_/Q
 _533_/Q
 _534_/Q
 _535_/Q
 _536_/Q
 _537_/Q
 _538_/Q
 _539_/Q
 _540_/Q
 _541_/Q
 _542_/Q
 _543_/Q
 _544_/Q
 _545_/Q
 _546_/Q
 _547_/Q
 _548_/Q
 _549_/Q
 _550_/Q
 _551_/Q
 _552_/Q
 _553_/Q
 _554_/Q
 _555_/Q
 _556_/Q
 _557_/Q
 _558_/Q
 _559_/Q
 _560_/Q
 _561_/Q
 _562_/Q
 _563_/Q
 _564_/Q
 _565_/Q
 _566_/Q
 _567_/Q
 _568_/Q
 _569_/Q
 _570_/Q
 _571_/Q
 _572_/Q
 _573_/Q
 _574_/Q
 _575_/Q
 _576_/Q
 _577_/Q
 _578_/Q
 _579_/Q
 _580_/Q
 _581_/Q
 _582_/Q
 _583_/Q
 _584_/Q
 _585_/Q
 _586_/Q
 _587_/Q
 _588_/Q
 _589_/Q
 _590_/Q
 _591_/Q
 _592_/Q
 _593_/Q
 _594_/Q
 _595_/Q
 _596_/Q
 _597_/Q
 _598_/Q
 _599_/Q
 _600_/Q
 _601_/Q
 _602_/Q
 _603_/Q
 _604_/Q
 _605_/Q
 _606_/Q
 _607_/Q
 _608_/Q
 _609_/Q
 _610_/Q
 _611_/Q
 _612_/Q
 _613_/Q
 _614_/Q
 _615_/Q
 _616_/Q
 _617_/Q
 _618_/Q
 _619_/Q
 _620_/Q
 _621_/Q
 _622_/Q
 _623_/Q
 _624_/Q
 _625_/Q
 _626_/Q
 _627_/Q
 _628_/Q
 _629_/Q
 _630_/Q
 _631_/Q
 _632_/Q
 _633_/Q
 _634_/Q
 _635_/Q
 _636_/Q
 _637_/Q
 _638_/Q
 _639_/Q
 _640_/Q
 _641_/Q
 _642_/Q
 _643_/Q
 _644_/Q
 _645_/Q
 _646_/Q
 _647_/Q
 _648_/Q
 _649_/Q
 _650_/Q
 _651_/Q
 _652_/Q
 _653_/Q
 _654_/Q
 _655_/Q
 _656_/Q
 _657_/Q
 _658_/Q
 _659_/Q
 _660_/Q
 _661_/Q
 _662_/Q
 _663_/Q
 _664_/Q
 _665_/Q
 _666_/Q
 _667_/Q
 _668_/Q
 _669_/Q
 _670_/Q
 _671_/Q
 _672_/Q
 _673_/Q
 _674_/Q
 _675_/Q
 _676_/Q
 _677_/Q
 _678_/Q
 _679_/Q
 _680_/Q
 _681_/Q
 _682_/Q
 _683_/Q
 _684_/Q
 _685_/Q
 _686_/Q
 _687_/Q
 _688_/Q
 _689_/Q
 _690_/Q
 _691_/Q
 _692_/Q
 _693_/Q
 _694_/Q
 _695_/Q
 _696_/Q
 _697_/Q
 _698_/Q
 _699_/Q
 _700_/Q
 _701_/Q
 _702_/Q
 _703_/Q
 _704_/Q
 _705_/Q
 _706_/Q
 _707_/Q
 _708_/Q
 _709_/Q
 _710_/Q
 _711_/Q
 _712_/Q
 _713_/Q
 _714_/Q
 _715_/Q
 _716_/Q
 _717_/Q
 _718_/Q
 _719_/Q
Found 0 partially unannotated drivers.

===========================================================================
max slew violation count 482
Writing metric design__max_slew_violation__count__corner:max_ss_100C_1v60: 482
max fanout violation count 2
Writing metric design__max_fanout_violation__count__corner:max_ss_100C_1v60: 2
max cap violation count 2
Writing metric design__max_cap_violation__count__corner:max_ss_100C_1v60: 2
============================================================================

===========================================================================
check_setup -verbose -unconstrained_endpoints -multiple_clock -no_clock -no_input_delay -loops -generated_clocks
===========================================================================
