
===========================================================================
report_checks -unconstrained
===========================================================================
======================= min_ss_100C_1v60 Corner ===================================

Startpoint: reset (input port clocked by clk)
Endpoint: _498_ (recovery check against rising-edge clock clk)
Path Group: asynchronous
Path Type: max

Fanout         Cap        Slew       Delay        Time   Description
---------------------------------------------------------------------------------------------
                                  0.000000    0.000000   clock clk (rise edge)
                                  0.000000    0.000000   clock network delay (propagated)
                                  5.000000    5.000000 v input external delay
     2    0.003550    0.021367    0.011570    5.011570 v reset (in)
                                                         reset (net)
                      0.021367    0.000000    5.011570 v input17/A (sky130_fd_sc_hd__buf_2)
     2    0.037777    0.179958    0.331532    5.343102 v input17/X (sky130_fd_sc_hd__buf_2)
                                                         net17 (net)
                      0.180250    0.005944    5.349046 v fanout293/A (sky130_fd_sc_hd__buf_6)
    16    0.108654    0.182541    0.371160    5.720206 v fanout293/X (sky130_fd_sc_hd__buf_6)
                                                         net293 (net)
                      0.182542    0.000422    5.720628 v fanout267/A (sky130_fd_sc_hd__buf_4)
    18    0.070889    0.176002    0.419672    6.140300 v fanout267/X (sky130_fd_sc_hd__buf_4)
                                                         net267 (net)
                      0.176113    0.003674    6.143975 v fanout266/A (sky130_fd_sc_hd__buf_4)
    18    0.061941    0.158065    0.401076    6.545051 v fanout266/X (sky130_fd_sc_hd__buf_4)
                                                         net266 (net)
                      0.158164    0.003276    6.548327 v fanout265/A (sky130_fd_sc_hd__buf_4)
    20    0.070492    0.175109    0.407668    6.955996 v fanout265/X (sky130_fd_sc_hd__buf_4)
                                                         net265 (net)
                      0.175137    0.001880    6.957875 v _303_/A (sky130_fd_sc_hd__inv_2)
     1    0.003634    0.060310    0.109995    7.067870 ^ _303_/Y (sky130_fd_sc_hd__inv_2)
                                                         _018_ (net)
                      0.060310    0.000027    7.067897 ^ _498_/RESET_B (sky130_fd_sc_hd__dfrtp_1)
                                              7.067897   data arrival time

                                 25.000000   25.000000   clock clk (rise edge)
                                  0.000000   25.000000   clock source latency
     2    0.074847    0.538048    0.379499   25.379498 ^ clk (in)
                                                         clk (net)
                      0.538244    0.000000   25.379498 ^ clkbuf_0_clk/A (sky130_fd_sc_hd__clkbuf_16)
     4    0.050811    0.113049    0.461016   25.840515 ^ clkbuf_0_clk/X (sky130_fd_sc_hd__clkbuf_16)
                                                         clknet_0_clk (net)
                      0.113147    0.002501   25.843016 ^ clkbuf_1_0__f_clk/A (sky130_fd_sc_hd__clkbuf_16)
    16    0.100223    0.176439    0.333360   26.176376 ^ clkbuf_1_0__f_clk/X (sky130_fd_sc_hd__clkbuf_16)
                                                         clknet_1_0__leaf_clk (net)
                      0.176860    0.006905   26.183281 ^ clkbuf_leaf_13_clk/A (sky130_fd_sc_hd__clkbuf_8)
     9    0.032090    0.110975    0.312195   26.495476 ^ clkbuf_leaf_13_clk/X (sky130_fd_sc_hd__clkbuf_8)
                                                         clknet_leaf_13_clk (net)
                      0.110979    0.000544   26.496019 ^ _498_/CLK (sky130_fd_sc_hd__dfrtp_1)
                                 -0.250000   26.246019   clock uncertainty
                                  0.000000   26.246019   clock reconvergence pessimism
                                  0.479806   26.725826   library recovery time
                                             26.725826   data required time
---------------------------------------------------------------------------------------------
                                             26.725826   data required time
                                             -7.067897   data arrival time
---------------------------------------------------------------------------------------------
                                             19.657928   slack (MET)


Startpoint: _706_ (rising edge-triggered flip-flop clocked by clk)
Endpoint: output_ai[4] (output port clocked by clk)
Path Group: clk
Path Type: max

Fanout         Cap        Slew       Delay        Time   Description
---------------------------------------------------------------------------------------------
                                  0.000000    0.000000   clock clk (rise edge)
                                  0.000000    0.000000   clock source latency
     2    0.074847    0.538048    0.379499    0.379499 ^ clk (in)
                                                         clk (net)
                      0.538244    0.000000    0.379499 ^ clkbuf_0_clk/A (sky130_fd_sc_hd__clkbuf_16)
     4    0.050811    0.113049    0.461018    0.840516 ^ clkbuf_0_clk/X (sky130_fd_sc_hd__clkbuf_16)
                                                         clknet_0_clk (net)
                      0.113147    0.002500    0.843016 ^ clkbuf_1_0__f_clk/A (sky130_fd_sc_hd__clkbuf_16)
    16    0.100223    0.176439    0.333360    1.176376 ^ clkbuf_1_0__f_clk/X (sky130_fd_sc_hd__clkbuf_16)
                                                         clknet_1_0__leaf_clk (net)
                      0.176778    0.006209    1.182585 ^ clkbuf_leaf_2_clk/A (sky130_fd_sc_hd__clkbuf_8)
    26    0.071076    0.205626    0.383579    1.566164 ^ clkbuf_leaf_2_clk/X (sky130_fd_sc_hd__clkbuf_8)
                                                         clknet_leaf_2_clk (net)
                      0.205681    0.002794    1.568958 ^ _706_/CLK (sky130_fd_sc_hd__dfrtp_4)
     4    0.038408    0.192489    1.164525    2.733483 v _706_/Q (sky130_fd_sc_hd__dfrtp_4)
                                                         net202 (net)
                      0.192598    0.003533    2.737016 v output202/A (sky130_fd_sc_hd__clkbuf_4)
     1    0.034327    0.139256    0.383365    3.120381 v output202/X (sky130_fd_sc_hd__clkbuf_4)
                                                         output_ai[4] (net)
                      0.139258    0.000364    3.120745 v output_ai[4] (out)
                                              3.120745   data arrival time

                                 25.000000   25.000000   clock clk (rise edge)
                                  0.000000   25.000000   clock network delay (propagated)
                                 -0.250000   24.750000   clock uncertainty
                                  0.000000   24.750000   clock reconvergence pessimism
                                 -5.000000   19.750000   output external delay
                                             19.750000   data required time
---------------------------------------------------------------------------------------------
                                             19.750000   data required time
                                             -3.120745   data arrival time
---------------------------------------------------------------------------------------------
                                             16.629255   slack (MET)




===========================================================================
report_checks --slack_max -0.01
============================================================================
======================= min_ss_100C_1v60 Corner ===================================

No paths found.


===========================================================================
 report_check_types -max_slew -max_cap -max_fanout -violators
============================================================================
======================= min_ss_100C_1v60 Corner ===================================

max fanout

Pin                                   Limit Fanout  Slack
---------------------------------------------------------
clkbuf_leaf_0_clk/X                      10     50    -40 (VIOLATED)
clkbuf_leaf_4_clk/X                      10     48    -38 (VIOLATED)
clkbuf_leaf_6_clk/X                      10     44    -34 (VIOLATED)
clkbuf_leaf_7_clk/X                      10     42    -32 (VIOLATED)
clkbuf_leaf_12_clk/X                     10     40    -30 (VIOLATED)
clkbuf_leaf_8_clk/X                      10     40    -30 (VIOLATED)
clkbuf_leaf_11_clk/X                     10     38    -28 (VIOLATED)
clkbuf_leaf_5_clk/X                      10     38    -28 (VIOLATED)
clkbuf_leaf_1_clk/X                      10     34    -24 (VIOLATED)
clkbuf_leaf_9_clk/X                      10     32    -22 (VIOLATED)
clkbuf_leaf_2_clk/X                      10     26    -16 (VIOLATED)
clkbuf_leaf_10_clk/X                     10     24    -14 (VIOLATED)
fanout265/X                              10     20    -10 (VIOLATED)
fanout268/X                              10     20    -10 (VIOLATED)
fanout276/X                              10     20    -10 (VIOLATED)
fanout278/X                              10     20    -10 (VIOLATED)
fanout280/X                              10     20    -10 (VIOLATED)
fanout286/X                              10     20    -10 (VIOLATED)
fanout287/X                              10     20    -10 (VIOLATED)
fanout288/X                              10     20    -10 (VIOLATED)
fanout289/X                              10     20    -10 (VIOLATED)
fanout266/X                              10     18     -8 (VIOLATED)
fanout267/X                              10     18     -8 (VIOLATED)
fanout272/X                              10     18     -8 (VIOLATED)
fanout275/X                              10     18     -8 (VIOLATED)
clkbuf_1_0__f_clk/X                      10     16     -6 (VIOLATED)
fanout292/X                              10     16     -6 (VIOLATED)
fanout293/X                              10     16     -6 (VIOLATED)
fanout279/X                              10     14     -4 (VIOLATED)
input1/X                                 10     14     -4 (VIOLATED)
clkbuf_1_1__f_clk/X                      10     12     -2 (VIOLATED)
input10/X                                10     11        (VIOLATED)
input11/X                                10     11        (VIOLATED)
input8/X                                 10     11        (VIOLATED)
input9/X                                 10     11        (VIOLATED)



===========================================================================
report_parasitic_annotation -report_unannotated
============================================================================
Found 0 unannotated drivers.
Found 0 partially unannotated drivers.

===========================================================================
max slew violation count 0
max fanout violation count 35
max cap violation count 0
============================================================================

===========================================================================
check_setup -verbose -unconstrained_endpoints -multiple_clock -no_clock -no_input_delay -loops -generated_clocks
===========================================================================
