[INFO PSM-0022] Using 1.600V for VPWR
[INFO PSM-0076] Setting metal node density to be standard cell height times 5.
[INFO PSM-0031] Number of PDN nodes on net VPWR = 15170.
[INFO PSM-0064] Number of voltage sources = 138.
[INFO PSM-0040] All PDN stripes on net VPWR are connected.
########## IR report #################
Corner: max_ss_100C_1v60
Worstcase voltage: 1.59e+00 V
Average IR drop  : 2.76e-04 V
Worstcase IR drop: 5.08e-03 V
######################################
[INFO PSM-0022] Using 0.000V for VGND
[INFO PSM-0076] Setting metal node density to be standard cell height times 5.
[INFO PSM-0031] Number of PDN nodes on net VGND = 15276.
[INFO PSM-0064] Number of voltage sources = 138.
[INFO PSM-0040] All PDN stripes on net VGND are connected.
########## IR report #################
Corner: max_ss_100C_1v60
Worstcase voltage: 3.84e-03 V
Average IR drop  : 2.74e-04 V
Worstcase IR drop: 3.84e-03 V
######################################
