
===========================================================================
report_checks -unconstrained
===========================================================================
======================= min_ss_100C_1v60 Corner ===================================

Startpoint: rst (input port clocked by clk)
Endpoint: _65838_ (recovery check against rising-edge clock clk)
Path Group: asynchronous
Path Type: max

Fanout         Cap        Slew       Delay        Time   Description
---------------------------------------------------------------------------------------------
                                  0.000000    0.000000   clock clk (rise edge)
                                  0.000000    0.000000   clock network delay (propagated)
                                  5.000000    5.000000 v input external delay
     1    0.002532    0.017445    0.008371    5.008371 v rst (in)
                                                         rst (net)
                      0.017445    0.000000    5.008371 v input17/A (sky130_fd_sc_hd__buf_1)
     1    0.010348    0.128604    0.200828    5.209199 v input17/X (sky130_fd_sc_hd__buf_1)
                                                         net17 (net)
                      0.128604    0.000203    5.209402 v fanout1190/A (sky130_fd_sc_hd__buf_12)
    11    0.254745    0.216333    0.377320    5.586722 v fanout1190/X (sky130_fd_sc_hd__buf_12)
                                                         net1190 (net)
                      0.216883    0.009729    5.596451 v fanout1146/A (sky130_fd_sc_hd__buf_4)
     8    0.079775    0.194561    0.449943    6.046394 v fanout1146/X (sky130_fd_sc_hd__buf_4)
                                                         net1146 (net)
                      0.194821    0.005933    6.052326 v fanout1145/A (sky130_fd_sc_hd__clkbuf_4)
     5    0.082648    0.294223    0.503760    6.556086 v fanout1145/X (sky130_fd_sc_hd__clkbuf_4)
                                                         net1145 (net)
                      0.294249    0.002347    6.558433 v fanout1140/A (sky130_fd_sc_hd__clkbuf_8)
    10    0.095656    0.189863    0.468860    7.027293 v fanout1140/X (sky130_fd_sc_hd__clkbuf_8)
                                                         net1140 (net)
                      0.190213    0.006753    7.034046 v fanout1139/A (sky130_fd_sc_hd__buf_4)
    10    0.075525    0.185669    0.430638    7.464684 v fanout1139/X (sky130_fd_sc_hd__buf_4)
                                                         net1139 (net)
                      0.185669    0.000171    7.464855 v fanout1138/A (sky130_fd_sc_hd__clkbuf_4)
     7    0.042276    0.164381    0.399691    7.864546 v fanout1138/X (sky130_fd_sc_hd__clkbuf_4)
                                                         net1138 (net)
                      0.164383    0.000486    7.865032 v fanout1137/A (sky130_fd_sc_hd__buf_4)
    10    0.052975    0.139541    0.381245    8.246277 v fanout1137/X (sky130_fd_sc_hd__buf_4)
                                                         net1137 (net)
                      0.139545    0.000615    8.246891 v _65335_/A (sky130_fd_sc_hd__inv_2)
     1    0.003583    0.052849    0.096666    8.343557 ^ _65335_/Y (sky130_fd_sc_hd__inv_2)
                                                         _00412_ (net)
                      0.052849    0.000027    8.343584 ^ _65838_/RESET_B (sky130_fd_sc_hd__dfrtp_2)
                                              8.343584   data arrival time

                                 25.000000   25.000000   clock clk (rise edge)
                                  0.000000   25.000000   clock source latency
     2    0.109977    0.790017    0.554994   25.554993 ^ clk (in)
                                                         clk (net)
                      0.790158    0.000000   25.554993 ^ clkbuf_0_clk/A (sky130_fd_sc_hd__clkbuf_16)
     5    0.144104    0.245312    0.641617   26.196609 ^ clkbuf_0_clk/X (sky130_fd_sc_hd__clkbuf_16)
                                                         clknet_0_clk (net)
                      0.245827    0.009177   26.205788 ^ clkbuf_2_0_0_clk/A (sky130_fd_sc_hd__clkbuf_8)
     4    0.112233    0.306812    0.488646   26.694433 ^ clkbuf_2_0_0_clk/X (sky130_fd_sc_hd__clkbuf_8)
                                                         clknet_2_0_0_clk (net)
                      0.306967    0.005732   26.700165 ^ clkbuf_4_0__f_clk/A (sky130_fd_sc_hd__clkbuf_16)
    11    0.089600    0.162406    0.408587   27.108751 ^ clkbuf_4_0__f_clk/X (sky130_fd_sc_hd__clkbuf_16)
                                                         clknet_4_0__leaf_clk (net)
                      0.162411    0.000785   27.109537 ^ clkbuf_leaf_127_clk/A (sky130_fd_sc_hd__clkbuf_8)
     6    0.025288    0.096039    0.290255   27.399792 ^ clkbuf_leaf_127_clk/X (sky130_fd_sc_hd__clkbuf_8)
                                                         clknet_leaf_127_clk (net)
                      0.096039    0.000165   27.399958 ^ _65838_/CLK (sky130_fd_sc_hd__dfrtp_2)
                                 -0.250000   27.149958   clock uncertainty
                                  0.000000   27.149958   clock reconvergence pessimism
                                  0.460573   27.610531   library recovery time
                                             27.610531   data required time
---------------------------------------------------------------------------------------------
                                             27.610531   data required time
                                             -8.343584   data arrival time
---------------------------------------------------------------------------------------------
                                             19.266947   slack (MET)


Startpoint: _65747_ (rising edge-triggered flip-flop clocked by clk)
Endpoint: _65688_ (rising edge-triggered flip-flop clocked by clk)
Path Group: clk
Path Type: max

Fanout         Cap        Slew       Delay        Time   Description
---------------------------------------------------------------------------------------------
                                  0.000000    0.000000   clock clk (rise edge)
                                  0.000000    0.000000   clock source latency
     2    0.109977    0.790017    0.554994    0.554994 ^ clk (in)
                                                         clk (net)
                      0.790158    0.000000    0.554994 ^ clkbuf_0_clk/A (sky130_fd_sc_hd__clkbuf_16)
     5    0.144104    0.245312    0.641618    1.196612 ^ clkbuf_0_clk/X (sky130_fd_sc_hd__clkbuf_16)
                                                         clknet_0_clk (net)
                      0.246044    0.010879    1.207490 ^ clkbuf_2_3_0_clk/A (sky130_fd_sc_hd__clkbuf_8)
     4    0.107494    0.295849    0.481797    1.689287 ^ clkbuf_2_3_0_clk/X (sky130_fd_sc_hd__clkbuf_8)
                                                         clknet_2_3_0_clk (net)
                      0.295893    0.003033    1.692320 ^ clkbuf_4_12__f_clk/A (sky130_fd_sc_hd__clkbuf_16)
    12    0.108991    0.189257    0.424515    2.116834 ^ clkbuf_4_12__f_clk/X (sky130_fd_sc_hd__clkbuf_16)
                                                         clknet_4_12__leaf_clk (net)
                      0.189293    0.002184    2.119019 ^ clkbuf_leaf_30_clk/A (sky130_fd_sc_hd__clkbuf_8)
     6    0.021355    0.086694    0.293715    2.412734 ^ clkbuf_leaf_30_clk/X (sky130_fd_sc_hd__clkbuf_8)
                                                         clknet_leaf_30_clk (net)
                      0.086695    0.000260    2.412994 ^ _65747_/CLK (sky130_fd_sc_hd__dfrtp_4)
     4    0.086997    0.423071    1.117398    3.530392 ^ _65747_/Q (sky130_fd_sc_hd__dfrtp_4)
                                                         lowshift.data[48] (net)
                      0.423156    0.005062    3.535455 ^ fanout648/A (sky130_fd_sc_hd__clkbuf_4)
     6    0.063842    0.309837    0.582005    4.117459 ^ fanout648/X (sky130_fd_sc_hd__clkbuf_4)
                                                         net648 (net)
                      0.309838    0.000630    4.118089 ^ fanout647/A (sky130_fd_sc_hd__clkbuf_2)
     6    0.036784    0.315654    0.471026    4.589116 ^ fanout647/X (sky130_fd_sc_hd__clkbuf_2)
                                                         net647 (net)
                      0.315659    0.001050    4.590166 ^ fanout645/A (sky130_fd_sc_hd__buf_4)
    10    0.065855    0.296771    0.483259    5.073424 ^ fanout645/X (sky130_fd_sc_hd__buf_4)
                                                         net645 (net)
                      0.296803    0.002585    5.076010 ^ _45670_/A (sky130_fd_sc_hd__xor2_4)
     4    0.092432    1.002800    0.948487    6.024497 ^ _45670_/X (sky130_fd_sc_hd__xor2_4)
                                                         _04823_ (net)
                      1.002802    0.001342    6.025839 ^ fanout176/A (sky130_fd_sc_hd__buf_8)
    12    0.185107    0.464507    0.724518    6.750357 ^ fanout176/X (sky130_fd_sc_hd__buf_8)
                                                         net176 (net)
                      0.464539    0.003340    6.753697 ^ fanout174/A (sky130_fd_sc_hd__buf_4)
    10    0.073263    0.327957    0.565477    7.319174 ^ fanout174/X (sky130_fd_sc_hd__buf_4)
                                                         net174 (net)
                      0.328043    0.004396    7.323570 ^ _48043_/A (sky130_fd_sc_hd__xnor2_1)
     3    0.010717    0.222428    0.326760    7.650330 v _48043_/Y (sky130_fd_sc_hd__xnor2_1)
                                                         _07433_ (net)
                      0.222428    0.000043    7.650372 v _48148_/B (sky130_fd_sc_hd__nor2_1)
     3    0.008950    0.304573    0.329522    7.979894 ^ _48148_/Y (sky130_fd_sc_hd__nor2_1)
                                                         _07549_ (net)
                      0.304573    0.000084    7.979979 ^ _48149_/B (sky130_fd_sc_hd__nor2_1)
     1    0.004792    0.100052    0.170205    8.150184 v _48149_/Y (sky130_fd_sc_hd__nor2_1)
                                                         _07550_ (net)
                      0.100052    0.000024    8.150208 v _48150_/B (sky130_fd_sc_hd__xnor2_1)
     2    0.010994    0.465181    0.429312    8.579519 ^ _48150_/Y (sky130_fd_sc_hd__xnor2_1)
                                                         _07551_ (net)
                      0.465181    0.000107    8.579626 ^ _48152_/B (sky130_fd_sc_hd__xnor2_2)
     2    0.012115    0.324045    0.371148    8.950774 ^ _48152_/Y (sky130_fd_sc_hd__xnor2_2)
                                                         _07553_ (net)
                      0.324045    0.000109    8.950884 ^ _48153_/B (sky130_fd_sc_hd__xnor2_2)
     2    0.018837    0.445656    0.364898    9.315783 ^ _48153_/Y (sky130_fd_sc_hd__xnor2_2)
                                                         _07554_ (net)
                      0.445656    0.000049    9.315831 ^ _48154_/A_N (sky130_fd_sc_hd__and2b_1)
     1    0.002998    0.067449    0.487606    9.803436 v _48154_/X (sky130_fd_sc_hd__and2b_1)
                                                         _07555_ (net)
                      0.067449    0.000032    9.803469 v _48287_/B1 (sky130_fd_sc_hd__a21o_2)
     2    0.020630    0.131521    0.428723   10.232191 v _48287_/X (sky130_fd_sc_hd__a21o_2)
                                                         _07701_ (net)
                      0.131521    0.000062   10.232254 v _48405_/A1 (sky130_fd_sc_hd__a21o_2)
     2    0.020504    0.131405    0.460981   10.693234 v _48405_/X (sky130_fd_sc_hd__a21o_2)
                                                         _07830_ (net)
                      0.131406    0.000218   10.693452 v _48463_/A1 (sky130_fd_sc_hd__a21o_2)
     2    0.022049    0.136540    0.466361   11.159813 v _48463_/X (sky130_fd_sc_hd__a21o_2)
                                                         _07894_ (net)
                      0.136540    0.000186   11.159999 v _48489_/A (sky130_fd_sc_hd__xor2_4)
     2    0.050986    0.592945    0.606632   11.766631 ^ _48489_/X (sky130_fd_sc_hd__xor2_4)
                                                         _07923_ (net)
                      0.592952    0.001688   11.768318 ^ _48534_/A (sky130_fd_sc_hd__nand3_2)
     3    0.018084    0.309947    0.444834   12.213153 v _48534_/Y (sky130_fd_sc_hd__nand3_2)
                                                         _07972_ (net)
                      0.309948    0.000504   12.213657 v _48536_/B (sky130_fd_sc_hd__and3_1)
     3    0.011375    0.141537    0.526707   12.740364 v _48536_/X (sky130_fd_sc_hd__and3_1)
                                                         _07974_ (net)
                      0.141537    0.000087   12.740451 v _48548_/B1 (sky130_fd_sc_hd__a211o_1)
     3    0.012885    0.175340    0.629303   13.369754 v _48548_/X (sky130_fd_sc_hd__a211o_1)
                                                         _07988_ (net)
                      0.175340    0.000254   13.370008 v _48551_/A1 (sky130_fd_sc_hd__a21o_1)
     2    0.006306    0.087335    0.360129   13.730137 v _48551_/X (sky130_fd_sc_hd__a21o_1)
                                                         _07991_ (net)
                      0.087335    0.000057   13.730193 v _48570_/A2 (sky130_fd_sc_hd__a21o_1)
     2    0.007325    0.095395    0.360500   14.090693 v _48570_/X (sky130_fd_sc_hd__a21o_1)
                                                         _08012_ (net)
                      0.095395    0.000079   14.090773 v _48572_/A2 (sky130_fd_sc_hd__a21o_1)
     2    0.009521    0.112682    0.380762   14.471535 v _48572_/X (sky130_fd_sc_hd__a21o_1)
                                                         _08014_ (net)
                      0.112682    0.000158   14.471693 v _48596_/A2 (sky130_fd_sc_hd__a211o_1)
     2    0.007419    0.126034    0.604282   15.075974 v _48596_/X (sky130_fd_sc_hd__a211o_1)
                                                         _08040_ (net)
                      0.126034    0.000153   15.076127 v _48597_/C (sky130_fd_sc_hd__and3_1)
     3    0.013811    0.157494    0.482498   15.558625 v _48597_/X (sky130_fd_sc_hd__and3_1)
                                                         _08042_ (net)
                      0.157494    0.000146   15.558771 v _48625_/A1 (sky130_fd_sc_hd__o211a_1)
     2    0.006427    0.102967    0.474904   16.033674 v _48625_/X (sky130_fd_sc_hd__o211a_1)
                                                         _08072_ (net)
                      0.102967    0.000037   16.033712 v _48626_/C (sky130_fd_sc_hd__nor3_1)
     3    0.011093    0.632545    0.520158   16.553869 ^ _48626_/Y (sky130_fd_sc_hd__nor3_1)
                                                         _08073_ (net)
                      0.632545    0.000144   16.554014 ^ _48657_/B1 (sky130_fd_sc_hd__a211oi_1)
     3    0.006709    0.179333    0.313864   16.867878 v _48657_/Y (sky130_fd_sc_hd__a211oi_1)
                                                         _08108_ (net)
                      0.179333    0.000075   16.867952 v _48659_/B (sky130_fd_sc_hd__or3_2)
     4    0.014899    0.236792    1.215435   18.083387 v _48659_/X (sky130_fd_sc_hd__or3_2)
                                                         _08110_ (net)
                      0.236792    0.000364   18.083752 v _48728_/A (sky130_fd_sc_hd__and3_1)
     3    0.009659    0.126826    0.430548   18.514299 v _48728_/X (sky130_fd_sc_hd__and3_1)
                                                         _08186_ (net)
                      0.126826    0.000139   18.514439 v _54768_/B1 (sky130_fd_sc_hd__a21o_1)
     2    0.011205    0.126434    0.366626   18.881063 v _54768_/X (sky130_fd_sc_hd__a21o_1)
                                                         _14828_ (net)
                      0.126435    0.000252   18.881317 v _56850_/A2 (sky130_fd_sc_hd__a21o_1)
     3    0.007798    0.101870    0.380576   19.261892 v _56850_/X (sky130_fd_sc_hd__a21o_1)
                                                         _17117_ (net)
                      0.101870    0.000023   19.261915 v _59800_/A2 (sky130_fd_sc_hd__a21o_1)
     3    0.018968    0.182341    0.448537   19.710453 v _59800_/X (sky130_fd_sc_hd__a21o_1)
                                                         _20360_ (net)
                      0.182344    0.000542   19.710995 v _61466_/A2 (sky130_fd_sc_hd__a21o_1)
     3    0.015109    0.152839    0.458426   20.169420 v _61466_/X (sky130_fd_sc_hd__a21o_1)
                                                         _22191_ (net)
                      0.152839    0.000190   20.169611 v _63378_/A1 (sky130_fd_sc_hd__a221oi_1)
     1    0.003752    0.418551    0.503817   20.673428 ^ _63378_/Y (sky130_fd_sc_hd__a221oi_1)
                                                         _24293_ (net)
                      0.418551    0.000041   20.673470 ^ _63379_/B1 (sky130_fd_sc_hd__a311o_1)
     1    0.029218    0.505168    0.635808   21.309277 ^ _63379_/X (sky130_fd_sc_hd__a311o_1)
                                                         _24294_ (net)
                      0.505169    0.000746   21.310022 ^ _63584_/B1 (sky130_fd_sc_hd__o211a_1)
     1    0.014200    0.210321    0.567695   21.877718 ^ _63584_/X (sky130_fd_sc_hd__o211a_1)
                                                         _24519_ (net)
                      0.210325    0.000751   21.878469 ^ _63877_/A1 (sky130_fd_sc_hd__o21ai_1)
     1    0.013562    0.260490    0.323446   22.201916 v _63877_/Y (sky130_fd_sc_hd__o21ai_1)
                                                         _24842_ (net)
                      0.260493    0.000663   22.202578 v _64248_/A1 (sky130_fd_sc_hd__a22o_1)
     1    0.008090    0.115701    0.496780   22.699358 v _64248_/X (sky130_fd_sc_hd__a22o_1)
                                                         _25250_ (net)
                      0.115702    0.000295   22.699652 v _64382_/B2 (sky130_fd_sc_hd__a2bb2o_1)
     1    0.018834    0.232223    0.707139   23.406792 v _64382_/X (sky130_fd_sc_hd__a2bb2o_1)
                                                         _25397_ (net)
                      0.232227    0.000787   23.407579 v _64447_/A2 (sky130_fd_sc_hd__a211oi_2)
     1    0.016190    0.554979    0.668669   24.076248 ^ _64447_/Y (sky130_fd_sc_hd__a211oi_2)
                                                         _25469_ (net)
                      0.554981    0.000846   24.077093 ^ _64574_/A1 (sky130_fd_sc_hd__o221ai_2)
     1    0.007200    0.191519    0.416225   24.493319 v _64574_/Y (sky130_fd_sc_hd__o221ai_2)
                                                         _25608_ (net)
                      0.191519    0.000156   24.493475 v _64610_/A1 (sky130_fd_sc_hd__a21oi_1)
     1    0.002472    0.161507    0.244704   24.738178 ^ _64610_/Y (sky130_fd_sc_hd__a21oi_1)
                                                         _00492_ (net)
                      0.161507    0.000027   24.738205 ^ _65688_/D (sky130_fd_sc_hd__dfxtp_1)
                                             24.738205   data arrival time

                                 25.000000   25.000000   clock clk (rise edge)
                                  0.000000   25.000000   clock source latency
     2    0.109977    0.790017    0.554994   25.554993 ^ clk (in)
                                                         clk (net)
                      0.790158    0.000000   25.554993 ^ clkbuf_0_clk/A (sky130_fd_sc_hd__clkbuf_16)
     5    0.144104    0.245312    0.641617   26.196609 ^ clkbuf_0_clk/X (sky130_fd_sc_hd__clkbuf_16)
                                                         clknet_0_clk (net)
                      0.246044    0.010878   26.207489 ^ clkbuf_2_3_0_clk/A (sky130_fd_sc_hd__clkbuf_8)
     4    0.107494    0.295849    0.481798   26.689285 ^ clkbuf_2_3_0_clk/X (sky130_fd_sc_hd__clkbuf_8)
                                                         clknet_2_3_0_clk (net)
                      0.296008    0.005667   26.694952 ^ clkbuf_4_13__f_clk/A (sky130_fd_sc_hd__clkbuf_16)
    10    0.108479    0.188545    0.423867   27.118820 ^ clkbuf_4_13__f_clk/X (sky130_fd_sc_hd__clkbuf_16)
                                                         clknet_4_13__leaf_clk (net)
                      0.188607    0.002865   27.121685 ^ clkbuf_leaf_25_clk/A (sky130_fd_sc_hd__clkbuf_8)
     2    0.005185    0.050025    0.254172   27.375856 ^ clkbuf_leaf_25_clk/X (sky130_fd_sc_hd__clkbuf_8)
                                                         clknet_leaf_25_clk (net)
                      0.050025    0.000021   27.375879 ^ _65688_/CLK (sky130_fd_sc_hd__dfxtp_1)
                                 -0.250000   27.125879   clock uncertainty
                                  0.000000   27.125879   clock reconvergence pessimism
                                 -0.155571   26.970308   library setup time
                                             26.970308   data required time
---------------------------------------------------------------------------------------------
                                             26.970308   data required time
                                            -24.738205   data arrival time
---------------------------------------------------------------------------------------------
                                              2.232103   slack (MET)




===========================================================================
report_checks --slack_max -0.01
============================================================================
======================= min_ss_100C_1v60 Corner ===================================

No paths found.


===========================================================================
 report_check_types -max_slew -max_cap -max_fanout -violators
============================================================================
======================= min_ss_100C_1v60 Corner ===================================

max slew

Pin                                        Limit        Slew       Slack
------------------------------------------------------------------------
_53224_/Y                               0.750000    1.234463   -0.484463 (VIOLATED)
_53227_/A_N                             0.750000    1.234463   -0.484463 (VIOLATED)
_53228_/A                               0.750000    1.234463   -0.484463 (VIOLATED)
_53514_/A                               0.750000    1.234463   -0.484463 (VIOLATED)
_53515_/A                               0.750000    1.234463   -0.484463 (VIOLATED)
_63887_/A                               0.750000    1.123230   -0.373230 (VIOLATED)
_58576_/B                               0.750000    1.121256   -0.371256 (VIOLATED)
_58575_/Y                               0.750000    1.121253   -0.371253 (VIOLATED)
_60804_/A2                              0.750000    1.121253   -0.371253 (VIOLATED)
_49938_/A2                              0.750000    1.121113   -0.371113 (VIOLATED)
_49948_/B                               0.750000    1.121109   -0.371109 (VIOLATED)
_49937_/X                               0.750000    1.120872   -0.370872 (VIOLATED)
_52215_/B                               0.750000    1.120164   -0.370164 (VIOLATED)
_52219_/A2                              0.750000    1.120164   -0.370164 (VIOLATED)
_52214_/Y                               0.750000    1.120116   -0.370116 (VIOLATED)
_52243_/A2                              0.750000    1.051562   -0.301562 (VIOLATED)
_52253_/B                               0.750000    1.051562   -0.301562 (VIOLATED)
_52242_/X                               0.750000    1.051493   -0.301493 (VIOLATED)
_43138_/Y                               0.750000    1.048090   -0.298090 (VIOLATED)
_43139_/B                               0.750000    1.048090   -0.298090 (VIOLATED)
_47574_/A                               0.750000    1.046000   -0.296000 (VIOLATED)
_47573_/Y                               0.750000    1.045994   -0.295994 (VIOLATED)
_62045_/A                               0.750000    1.013094   -0.263094 (VIOLATED)
_62044_/A                               0.750000    1.013093   -0.263093 (VIOLATED)
_61998_/X                               0.750000    1.013045   -0.263045 (VIOLATED)
_64396_/A                               0.750000    1.013045   -0.263045 (VIOLATED)
_56899_/A                               0.750000    1.007974   -0.257974 (VIOLATED)
_59803_/A1                              0.750000    1.007974   -0.257974 (VIOLATED)
_56894_/Y                               0.750000    1.007934   -0.257934 (VIOLATED)
ANTENNA_19/DIODE                        0.750000    1.002832   -0.252832 (VIOLATED)
_53896_/A                               0.750000    1.002832   -0.252832 (VIOLATED)
ANTENNA_20/DIODE                        0.750000    1.002802   -0.252803 (VIOLATED)
fanout176/A                             0.750000    1.002802   -0.252803 (VIOLATED)
_45670_/X                               0.750000    1.002800   -0.252800 (VIOLATED)
_53815_/B1                              0.750000    1.001585   -0.251585 (VIOLATED)
_53814_/A                               0.750000    1.001585   -0.251585 (VIOLATED)
_45557_/A1                              0.750000    1.001535   -0.251535 (VIOLATED)
_47778_/A                               0.750000    1.001268   -0.251268 (VIOLATED)
_47791_/A1                              0.750000    1.001268   -0.251268 (VIOLATED)
_49174_/B1                              0.750000    1.001246   -0.251246 (VIOLATED)
_48289_/B1                              0.750000    1.001182   -0.251182 (VIOLATED)
_46717_/A_N                             0.750000    1.001182   -0.251182 (VIOLATED)
_45553_/Y                               0.750000    1.001179   -0.251179 (VIOLATED)
_54871_/A                               0.750000    0.998998   -0.248998 (VIOLATED)
_56895_/A1                              0.750000    0.998998   -0.248998 (VIOLATED)
_54835_/Y                               0.750000    0.998731   -0.248731 (VIOLATED)
ANTENNA_35/DIODE                        0.750000    0.992134   -0.242134 (VIOLATED)
_47505_/A3                              0.750000    0.992134   -0.242134 (VIOLATED)
_47478_/B                               0.750000    0.992133   -0.242133 (VIOLATED)
ANTENNA_34/DIODE                        0.750000    0.992133   -0.242133 (VIOLATED)
ANTENNA_36/DIODE                        0.750000    0.992132   -0.242132 (VIOLATED)
_47557_/B                               0.750000    0.992132   -0.242132 (VIOLATED)
_47477_/Y                               0.750000    0.992083   -0.242083 (VIOLATED)
_49967_/B1_N                            0.750000    0.984963   -0.234963 (VIOLATED)
_62848_/A                               0.750000    0.984608   -0.234608 (VIOLATED)
_62849_/A                               0.750000    0.984608   -0.234608 (VIOLATED)
_45847_/Y                               0.750000    0.984607   -0.234607 (VIOLATED)
_45907_/B1_N                            0.750000    0.984607   -0.234607 (VIOLATED)
_53095_/B1                              0.750000    0.984607   -0.234607 (VIOLATED)
_48798_/A                               0.750000    0.982580   -0.232580 (VIOLATED)
_48799_/B1                              0.750000    0.982580   -0.232580 (VIOLATED)
_48796_/Y                               0.750000    0.982483   -0.232483 (VIOLATED)
_50250_/A2                              0.750000    0.979374   -0.229374 (VIOLATED)
_50173_/B                               0.750000    0.979374   -0.229374 (VIOLATED)
_50172_/Y                               0.750000    0.979248   -0.229248 (VIOLATED)
_63998_/A                               0.750000    0.978725   -0.228725 (VIOLATED)
_63943_/Y                               0.750000    0.978652   -0.228652 (VIOLATED)
_48177_/B                               0.750000    0.973841   -0.223841 (VIOLATED)
_48178_/A1                              0.750000    0.973841   -0.223841 (VIOLATED)
_48194_/A                               0.750000    0.973841   -0.223841 (VIOLATED)
_48195_/A                               0.750000    0.973841   -0.223841 (VIOLATED)
_48175_/Y                               0.750000    0.973836   -0.223836 (VIOLATED)
_42909_/A                               0.750000    0.962277   -0.212277 (VIOLATED)
_42908_/A_N                             0.750000    0.962276   -0.212276 (VIOLATED)
_42828_/Y                               0.750000    0.962243   -0.212243 (VIOLATED)
_63572_/B                               0.750000    0.958946   -0.208946 (VIOLATED)
_63571_/Y                               0.750000    0.958791   -0.208791 (VIOLATED)
_41097_/A                               0.750000    0.948391   -0.198391 (VIOLATED)
_42580_/A1                              0.750000    0.948390   -0.198390 (VIOLATED)
_41036_/Y                               0.750000    0.948363   -0.198363 (VIOLATED)
_47710_/B                               0.750000    0.932895   -0.182895 (VIOLATED)
_47711_/B                               0.750000    0.932895   -0.182895 (VIOLATED)
_47709_/Y                               0.750000    0.932890   -0.182890 (VIOLATED)
_45526_/A                               0.750000    0.932125   -0.182125 (VIOLATED)
max_cap75/A                             0.750000    0.932124   -0.182124 (VIOLATED)
_53802_/A                               0.750000    0.932108   -0.182108 (VIOLATED)
_53803_/A                               0.750000    0.932107   -0.182107 (VIOLATED)
_54298_/A_N                             0.750000    0.932085   -0.182085 (VIOLATED)
_54299_/A                               0.750000    0.932081   -0.182081 (VIOLATED)
_45524_/Y                               0.750000    0.932059   -0.182059 (VIOLATED)
_42648_/A                               0.750000    0.928445   -0.178445 (VIOLATED)
_43473_/A1                              0.750000    0.928444   -0.178444 (VIOLATED)
_42587_/Y                               0.750000    0.928412   -0.178412 (VIOLATED)
ANTENNA_46/DIODE                        0.750000    0.920929   -0.170929 (VIOLATED)
_54804_/A                               0.750000    0.920929   -0.170929 (VIOLATED)
ANTENNA_47/DIODE                        0.750000    0.920928   -0.170928 (VIOLATED)
_56853_/A1                              0.750000    0.920928   -0.170928 (VIOLATED)
_54799_/X                               0.750000    0.920889   -0.170889 (VIOLATED)
_58944_/Y                               0.750000    0.918741   -0.168741 (VIOLATED)
_61193_/B1                              0.750000    0.918741   -0.168741 (VIOLATED)
_48760_/A                               0.750000    0.917901   -0.167901 (VIOLATED)
_48759_/A_N                             0.750000    0.917901   -0.167901 (VIOLATED)
_48754_/Y                               0.750000    0.917885   -0.167885 (VIOLATED)
_63387_/A                               0.750000    0.914466   -0.164466 (VIOLATED)
_63385_/Y                               0.750000    0.914443   -0.164443 (VIOLATED)
_52241_/C                               0.750000    0.912146   -0.162146 (VIOLATED)
_52242_/B                               0.750000    0.912145   -0.162145 (VIOLATED)
_52240_/X                               0.750000    0.911776   -0.161776 (VIOLATED)
_55054_/B1                              0.750000    0.911281   -0.161281 (VIOLATED)
ANTENNA_40/DIODE                        0.750000    0.911281   -0.161281 (VIOLATED)
_49885_/Y                               0.750000    0.910762   -0.160762 (VIOLATED)
_58413_/B1                              0.750000    0.910762   -0.160762 (VIOLATED)
_61294_/A1                              0.750000    0.910762   -0.160762 (VIOLATED)
_61295_/A                               0.750000    0.910762   -0.160762 (VIOLATED)
ANTENNA_331/DIODE                       0.750000    0.910023   -0.160023 (VIOLATED)
ANTENNA_332/DIODE                       0.750000    0.910023   -0.160023 (VIOLATED)
_45815_/A                               0.750000    0.910023   -0.160023 (VIOLATED)
_46422_/A                               0.750000    0.910023   -0.160023 (VIOLATED)
_45813_/X                               0.750000    0.910020   -0.160020 (VIOLATED)
_49077_/B                               0.750000    0.910020   -0.160020 (VIOLATED)
_49492_/A2                              0.750000    0.910020   -0.160020 (VIOLATED)
_53785_/A                               0.750000    0.910020   -0.160020 (VIOLATED)
_53965_/B                               0.750000    0.910020   -0.160020 (VIOLATED)
_53999_/B                               0.750000    0.910020   -0.160020 (VIOLATED)
_61783_/A                               0.750000    0.909328   -0.159328 (VIOLATED)
_63382_/A1                              0.750000    0.909328   -0.159328 (VIOLATED)
_61778_/X                               0.750000    0.909305   -0.159305 (VIOLATED)
_44038_/A2                              0.750000    0.900772   -0.150772 (VIOLATED)
fanout157/A                             0.750000    0.900699   -0.150699 (VIOLATED)
_37376_/Y                               0.750000    0.900694   -0.150695 (VIOLATED)
_43667_/A                               0.750000    0.892298   -0.142298 (VIOLATED)
_43665_/Y                               0.750000    0.892294   -0.142294 (VIOLATED)
_55055_/A                               0.750000    0.891446   -0.141446 (VIOLATED)
_57169_/A1                              0.750000    0.891446   -0.141446 (VIOLATED)
_55053_/Y                               0.750000    0.891419   -0.141419 (VIOLATED)
_52175_/A                               0.750000    0.886718   -0.136718 (VIOLATED)
ANTENNA_44/DIODE                        0.750000    0.886718   -0.136718 (VIOLATED)
ANTENNA_45/DIODE                        0.750000    0.886718   -0.136718 (VIOLATED)
_52176_/A                               0.750000    0.886718   -0.136718 (VIOLATED)
_52171_/Y                               0.750000    0.886652   -0.136652 (VIOLATED)
_40037_/A                               0.750000    0.884872   -0.134872 (VIOLATED)
_40963_/A1                              0.750000    0.884872   -0.134872 (VIOLATED)
_40620_/A                               0.750000    0.884844   -0.134844 (VIOLATED)
_40023_/Y                               0.750000    0.884842   -0.134842 (VIOLATED)
_40619_/A                               0.750000    0.884842   -0.134842 (VIOLATED)
_49586_/B                               0.750000    0.883664   -0.133664 (VIOLATED)
_49585_/Y                               0.750000    0.883661   -0.133661 (VIOLATED)
_41649_/B1                              0.750000    0.883590   -0.133590 (VIOLATED)
_41650_/C                               0.750000    0.883590   -0.133590 (VIOLATED)
_41648_/Y                               0.750000    0.883586   -0.133586 (VIOLATED)
_45774_/B1                              0.750000    0.880821   -0.130821 (VIOLATED)
_45775_/A                               0.750000    0.880821   -0.130821 (VIOLATED)
_45766_/Y                               0.750000    0.880793   -0.130793 (VIOLATED)
_61358_/A                               0.750000    0.875866   -0.125866 (VIOLATED)
_63947_/A1                              0.750000    0.875866   -0.125866 (VIOLATED)
_61312_/X                               0.750000    0.875845   -0.125845 (VIOLATED)
_46665_/A                               0.750000    0.875458   -0.125458 (VIOLATED)
_46742_/A1                              0.750000    0.875458   -0.125458 (VIOLATED)
_46663_/Y                               0.750000    0.875440   -0.125440 (VIOLATED)
_52557_/A2                              0.750000    0.874659   -0.124659 (VIOLATED)
_52610_/B                               0.750000    0.874655   -0.124655 (VIOLATED)
_53577_/A1                              0.750000    0.874638   -0.124638 (VIOLATED)
_52556_/Y                               0.750000    0.874637   -0.124637 (VIOLATED)
_53261_/B                               0.750000    0.874637   -0.124637 (VIOLATED)
_53569_/A                               0.750000    0.874637   -0.124637 (VIOLATED)
ANTENNA_324/DIODE                       0.750000    0.873305   -0.123305 (VIOLATED)
_47646_/A                               0.750000    0.873305   -0.123305 (VIOLATED)
_47645_/A                               0.750000    0.873304   -0.123304 (VIOLATED)
ANTENNA_323/DIODE                       0.750000    0.873304   -0.123304 (VIOLATED)
_44775_/A2                              0.750000    0.873290   -0.123290 (VIOLATED)
ANTENNA_348/DIODE                       0.750000    0.873244   -0.123244 (VIOLATED)
_62427_/A1                              0.750000    0.873244   -0.123244 (VIOLATED)
ANTENNA_347/DIODE                       0.750000    0.873244   -0.123244 (VIOLATED)
_59504_/A                               0.750000    0.873244   -0.123244 (VIOLATED)
_59500_/X                               0.750000    0.873223   -0.123223 (VIOLATED)
_49165_/B1                              0.750000    0.873223   -0.123223 (VIOLATED)
_48470_/B1                              0.750000    0.873206   -0.123206 (VIOLATED)
_44764_/Y                               0.750000    0.873186   -0.123187 (VIOLATED)
_46053_/A1                              0.750000    0.873186   -0.123187 (VIOLATED)
_46054_/C1                              0.750000    0.873186   -0.123187 (VIOLATED)
_39975_/A                               0.750000    0.872031   -0.122031 (VIOLATED)
_39974_/A                               0.750000    0.872030   -0.122030 (VIOLATED)
_39917_/Y                               0.750000    0.871999   -0.121999 (VIOLATED)
_59097_/A2                              0.750000    0.870394   -0.120394 (VIOLATED)
_57843_/B                               0.750000    0.870393   -0.120393 (VIOLATED)
_57842_/Y                               0.750000    0.870302   -0.120302 (VIOLATED)
_50932_/B                               0.750000    0.864307   -0.114307 (VIOLATED)
_50939_/A2                              0.750000    0.864307   -0.114307 (VIOLATED)
_56348_/A                               0.750000    0.864306   -0.114306 (VIOLATED)
_56349_/A                               0.750000    0.864306   -0.114306 (VIOLATED)
_50931_/Y                               0.750000    0.864293   -0.114293 (VIOLATED)
_64898_/A                               0.750000    0.863316   -0.113317 (VIOLATED)
_62478_/B1                              0.750000    0.863310   -0.113310 (VIOLATED)
_55899_/A                               0.750000    0.863241   -0.113241 (VIOLATED)
_51476_/A2                              0.750000    0.863234   -0.113234 (VIOLATED)
_64617_/B1                              0.750000    0.863191   -0.113191 (VIOLATED)
_64669_/A                               0.750000    0.863189   -0.113189 (VIOLATED)
_64740_/A1                              0.750000    0.863125   -0.113125 (VIOLATED)
_64708_/A1                              0.750000    0.863118   -0.113118 (VIOLATED)
_50379_/Y                               0.750000    0.863115   -0.113115 (VIOLATED)
_45461_/B1                              0.750000    0.862813   -0.112813 (VIOLATED)
_45452_/Y                               0.750000    0.862804   -0.112804 (VIOLATED)
_36896_/B                               0.750000    0.858639   -0.108639 (VIOLATED)
_36895_/A_N                             0.750000    0.858638   -0.108638 (VIOLATED)
_36894_/Y                               0.750000    0.858606   -0.108606 (VIOLATED)
_49968_/A                               0.750000    0.858328   -0.108328 (VIOLATED)
_49969_/A                               0.750000    0.858328   -0.108328 (VIOLATED)
_49965_/Y                               0.750000    0.858284   -0.108284 (VIOLATED)
_53723_/A                               0.750000    0.857260   -0.107260 (VIOLATED)
_53722_/A                               0.750000    0.857259   -0.107259 (VIOLATED)
max_cap67/A                             0.750000    0.857241   -0.107241 (VIOLATED)
_45419_/Y                               0.750000    0.857228   -0.107228 (VIOLATED)
_63686_/A1                              0.750000    0.853337   -0.103337 (VIOLATED)
_62462_/A                               0.750000    0.853337   -0.103337 (VIOLATED)
ANTENNA_67/DIODE                        0.750000    0.853337   -0.103337 (VIOLATED)
ANTENNA_66/DIODE                        0.750000    0.853337   -0.103337 (VIOLATED)
_62458_/X                               0.750000    0.853301   -0.103301 (VIOLATED)
_55335_/A                               0.750000    0.851497   -0.101497 (VIOLATED)
_60348_/A                               0.750000    0.851497   -0.101497 (VIOLATED)
_62479_/A1                              0.750000    0.851495   -0.101495 (VIOLATED)
_63723_/B1                              0.750000    0.851469   -0.101469 (VIOLATED)
_64897_/B2                              0.750000    0.851441   -0.101441 (VIOLATED)
_64767_/B1                              0.750000    0.851408   -0.101408 (VIOLATED)
_51472_/Y                               0.750000    0.851405   -0.101405 (VIOLATED)
_64617_/A2                              0.750000    0.851405   -0.101405 (VIOLATED)
_64635_/A2                              0.750000    0.851405   -0.101405 (VIOLATED)
_46718_/A                               0.750000    0.850469   -0.100469 (VIOLATED)
_52751_/A                               0.750000    0.850462   -0.100462 (VIOLATED)
_45557_/B1_N                            0.750000    0.850461   -0.100461 (VIOLATED)
_52756_/A1                              0.750000    0.850461   -0.100461 (VIOLATED)
_45504_/A1                              0.750000    0.850417   -0.100417 (VIOLATED)
_44796_/Y                               0.750000    0.850071   -0.100071 (VIOLATED)
_38842_/A1                              0.750000    0.848996   -0.098996 (VIOLATED)
_37908_/A                               0.750000    0.848996   -0.098996 (VIOLATED)
_37862_/Y                               0.750000    0.848978   -0.098978 (VIOLATED)
_45468_/A                               0.750000    0.845666   -0.095666 (VIOLATED)
_48088_/A1                              0.750000    0.845665   -0.095665 (VIOLATED)
_45217_/Y                               0.750000    0.845592   -0.095592 (VIOLATED)
_45218_/B                               0.750000    0.845592   -0.095592 (VIOLATED)
_45418_/C                               0.750000    0.845592   -0.095592 (VIOLATED)
_51273_/A                               0.750000    0.842567   -0.092567 (VIOLATED)
_51266_/B                               0.750000    0.842567   -0.092567 (VIOLATED)
_51264_/Y                               0.750000    0.842559   -0.092559 (VIOLATED)
_62067_/A2                              0.750000    0.841044   -0.091045 (VIOLATED)
_62066_/Y                               0.750000    0.841031   -0.091031 (VIOLATED)
_53775_/A                               0.750000    0.840292   -0.090292 (VIOLATED)
_53776_/B1                              0.750000    0.840292   -0.090292 (VIOLATED)
ANTENNA_7/DIODE                         0.750000    0.840292   -0.090292 (VIOLATED)
ANTENNA_8/DIODE                         0.750000    0.840291   -0.090291 (VIOLATED)
_44788_/A2                              0.750000    0.840240   -0.090240 (VIOLATED)
_47715_/A                               0.750000    0.840020   -0.090020 (VIOLATED)
_47714_/A                               0.750000    0.840019   -0.090019 (VIOLATED)
_49169_/B1                              0.750000    0.840000   -0.090000 (VIOLATED)
_44780_/Y                               0.750000    0.839319   -0.089319 (VIOLATED)
_64234_/B                               0.750000    0.838186   -0.088186 (VIOLATED)
_64233_/Y                               0.750000    0.838159   -0.088159 (VIOLATED)
_34683_/B1                              0.750000    0.836726   -0.086726 (VIOLATED)
_34160_/A_N                             0.750000    0.836726   -0.086726 (VIOLATED)
_34158_/Y                               0.750000    0.836722   -0.086722 (VIOLATED)
_35949_/B1                              0.750000    0.836722   -0.086722 (VIOLATED)
_47987_/A                               0.750000    0.834516   -0.084516 (VIOLATED)
_47986_/A                               0.750000    0.834515   -0.084515 (VIOLATED)
_46542_/A                               0.750000    0.834505   -0.084505 (VIOLATED)
_46545_/A                               0.750000    0.834505   -0.084505 (VIOLATED)
_46538_/Y                               0.750000    0.834495   -0.084495 (VIOLATED)
_57533_/A                               0.750000    0.833586   -0.083586 (VIOLATED)
_57534_/A                               0.750000    0.833586   -0.083586 (VIOLATED)
_57459_/Y                               0.750000    0.833369   -0.083369 (VIOLATED)
_57796_/A                               0.750000    0.832641   -0.082641 (VIOLATED)
_59041_/A1                              0.750000    0.832641   -0.082641 (VIOLATED)
_57726_/Y                               0.750000    0.832590   -0.082590 (VIOLATED)
_35829_/A                               0.750000    0.832045   -0.082045 (VIOLATED)
_35828_/A_N                             0.750000    0.832045   -0.082045 (VIOLATED)
_35778_/Y                               0.750000    0.832031   -0.082031 (VIOLATED)
_64037_/B                               0.750000    0.831722   -0.081722 (VIOLATED)
_64036_/Y                               0.750000    0.831498   -0.081498 (VIOLATED)
_59093_/A                               0.750000    0.831375   -0.081375 (VIOLATED)
_61252_/A1                              0.750000    0.831372   -0.081372 (VIOLATED)
_59083_/X                               0.750000    0.831096   -0.081096 (VIOLATED)
_35346_/A                               0.750000    0.831022   -0.081022 (VIOLATED)
_35345_/A1                              0.750000    0.831021   -0.081022 (VIOLATED)
_34676_/Y                               0.750000    0.830974   -0.080974 (VIOLATED)
_37015_/A1                              0.750000    0.830974   -0.080974 (VIOLATED)
_37016_/A                               0.750000    0.830974   -0.080974 (VIOLATED)
_52074_/A                               0.750000    0.830054   -0.080054 (VIOLATED)
_52111_/A                               0.750000    0.830054   -0.080054 (VIOLATED)
_51193_/A                               0.750000    0.830037   -0.080037 (VIOLATED)
_51192_/A                               0.750000    0.830036   -0.080036 (VIOLATED)
_51186_/Y                               0.750000    0.829996   -0.079996 (VIOLATED)
_64506_/B1                              0.750000    0.827703   -0.077703 (VIOLATED)
_64507_/A3                              0.750000    0.827703   -0.077703 (VIOLATED)
_64505_/Y                               0.750000    0.827701   -0.077701 (VIOLATED)
_38841_/A                               0.750000    0.820616   -0.070616 (VIOLATED)
_38840_/A_N                             0.750000    0.820615   -0.070615 (VIOLATED)
_38827_/Y                               0.750000    0.820590   -0.070590 (VIOLATED)
_39403_/A_N                             0.750000    0.820590   -0.070590 (VIOLATED)
_39404_/A                               0.750000    0.820590   -0.070590 (VIOLATED)
_47319_/A                               0.750000    0.818750   -0.068750 (VIOLATED)
_47326_/A1                              0.750000    0.818749   -0.068749 (VIOLATED)
_61025_/A                               0.750000    0.818614   -0.068614 (VIOLATED)
_64078_/A1                              0.750000    0.818611   -0.068611 (VIOLATED)
_55540_/B                               0.750000    0.818571   -0.068571 (VIOLATED)
_55541_/B                               0.750000    0.818571   -0.068571 (VIOLATED)
_46274_/Y                               0.750000    0.818565   -0.068565 (VIOLATED)
_46275_/B                               0.750000    0.818565   -0.068565 (VIOLATED)
_46276_/B                               0.750000    0.818565   -0.068565 (VIOLATED)
_46112_/A                               0.750000    0.818010   -0.068010 (VIOLATED)
_46111_/A                               0.750000    0.818010   -0.068010 (VIOLATED)
_45919_/Y                               0.750000    0.817962   -0.067962 (VIOLATED)
_52322_/B                               0.750000    0.809527   -0.059527 (VIOLATED)
_52315_/A2                              0.750000    0.809526   -0.059526 (VIOLATED)
_58227_/A                               0.750000    0.809525   -0.059525 (VIOLATED)
_60361_/A1                              0.750000    0.809525   -0.059525 (VIOLATED)
_64261_/A                               0.750000    0.809524   -0.059524 (VIOLATED)
_50775_/B                               0.750000    0.809518   -0.059518 (VIOLATED)
_50782_/B                               0.750000    0.809518   -0.059518 (VIOLATED)
_49141_/A                               0.750000    0.809516   -0.059516 (VIOLATED)
_49140_/A                               0.750000    0.809516   -0.059516 (VIOLATED)
_51078_/A1                              0.750000    0.809510   -0.059510 (VIOLATED)
_64358_/A                               0.750000    0.809510   -0.059510 (VIOLATED)
_51076_/A                               0.750000    0.809509   -0.059509 (VIOLATED)
_53423_/A                               0.750000    0.809509   -0.059509 (VIOLATED)
_53422_/A_N                             0.750000    0.809507   -0.059507 (VIOLATED)
_49133_/Y                               0.750000    0.809505   -0.059505 (VIOLATED)
_47331_/B1                              0.750000    0.809492   -0.059492 (VIOLATED)
_44718_/Y                               0.750000    0.809468   -0.059468 (VIOLATED)
_56212_/A2                              0.750000    0.809468   -0.059468 (VIOLATED)
_51073_/Y                               0.750000    0.809417   -0.059417 (VIOLATED)
_59681_/A1                              0.750000    0.807578   -0.057578 (VIOLATED)
_56737_/A                               0.750000    0.807578   -0.057578 (VIOLATED)
_46474_/A                               0.750000    0.807491   -0.057491 (VIOLATED)
_46471_/A_N                             0.750000    0.807490   -0.057490 (VIOLATED)
_46468_/X                               0.750000    0.807454   -0.057454 (VIOLATED)
_47588_/A3                              0.750000    0.806162   -0.056162 (VIOLATED)
_47561_/B                               0.750000    0.806161   -0.056161 (VIOLATED)
_47640_/B                               0.750000    0.806161   -0.056161 (VIOLATED)
_47560_/Y                               0.750000    0.806097   -0.056097 (VIOLATED)
_62801_/A2                              0.750000    0.804400   -0.054400 (VIOLATED)
_60453_/A1                              0.750000    0.804399   -0.054399 (VIOLATED)
_61327_/A                               0.750000    0.804394   -0.054394 (VIOLATED)
_46991_/B1                              0.750000    0.804388   -0.054388 (VIOLATED)
_55778_/A1                              0.750000    0.804386   -0.054386 (VIOLATED)
_44711_/Y                               0.750000    0.804385   -0.054385 (VIOLATED)
_50221_/B                               0.750000    0.803828   -0.053828 (VIOLATED)
_50222_/B                               0.750000    0.803828   -0.053828 (VIOLATED)
_50220_/Y                               0.750000    0.803822   -0.053822 (VIOLATED)
_46996_/B                               0.750000    0.802347   -0.052347 (VIOLATED)
_46991_/A2                              0.750000    0.802339   -0.052340 (VIOLATED)
fanout194/A                             0.750000    0.802283   -0.052284 (VIOLATED)
_44713_/X                               0.750000    0.802279   -0.052279 (VIOLATED)
_64526_/B                               0.750000    0.802279   -0.052279 (VIOLATED)
_42414_/A2                              0.750000    0.801611   -0.051611 (VIOLATED)
_41685_/B1                              0.750000    0.801611   -0.051611 (VIOLATED)
_41684_/C                               0.750000    0.801610   -0.051610 (VIOLATED)
_43026_/A                               0.750000    0.801583   -0.051583 (VIOLATED)
_43869_/A1                              0.750000    0.801583   -0.051583 (VIOLATED)
ANTENNA_89/DIODE                        0.750000    0.801583   -0.051583 (VIOLATED)
ANTENNA_90/DIODE                        0.750000    0.801583   -0.051583 (VIOLATED)
_41683_/X                               0.750000    0.801577   -0.051577 (VIOLATED)
_59525_/A                               0.750000    0.799530   -0.049530 (VIOLATED)
_56605_/Y                               0.750000    0.799529   -0.049529 (VIOLATED)
_62516_/B1                              0.750000    0.799529   -0.049529 (VIOLATED)
_38896_/A                               0.750000    0.798977   -0.048977 (VIOLATED)
_38897_/A                               0.750000    0.798977   -0.048977 (VIOLATED)
_38851_/Y                               0.750000    0.798861   -0.048861 (VIOLATED)
_43730_/Y                               0.750000    0.798622   -0.048622 (VIOLATED)
_43854_/A                               0.750000    0.798622   -0.048622 (VIOLATED)
_33327_/A                               0.750000    0.798565   -0.048565 (VIOLATED)
_33668_/A1                              0.750000    0.798560   -0.048560 (VIOLATED)
_34278_/A1                              0.750000    0.798524   -0.048524 (VIOLATED)
_33805_/A                               0.750000    0.798523   -0.048523 (VIOLATED)
_33323_/Y                               0.750000    0.798469   -0.048469 (VIOLATED)
_60635_/Y                               0.750000    0.796275   -0.046275 (VIOLATED)
_62631_/A1                              0.750000    0.796275   -0.046275 (VIOLATED)
_62632_/A                               0.750000    0.796275   -0.046275 (VIOLATED)
_52015_/B                               0.750000    0.793638   -0.043638 (VIOLATED)
_52014_/B                               0.750000    0.793638   -0.043638 (VIOLATED)
_52013_/X                               0.750000    0.793622   -0.043622 (VIOLATED)
_63711_/B                               0.750000    0.792826   -0.042826 (VIOLATED)
_63710_/Y                               0.750000    0.792803   -0.042803 (VIOLATED)
_49725_/A                               0.750000    0.790992   -0.040992 (VIOLATED)
_54800_/A1                              0.750000    0.790991   -0.040991 (VIOLATED)
_49690_/Y                               0.750000    0.790878   -0.040878 (VIOLATED)
clkbuf_0_clk/A                          0.750000    0.790158   -0.040158 (VIOLATED)
ANTENNA_91/DIODE                        0.750000    0.790157   -0.040157 (VIOLATED)
clk                                     0.750000    0.790017   -0.040017 (VIOLATED)
_46761_/B                               0.750000    0.789823   -0.039823 (VIOLATED)
_46704_/A1                              0.750000    0.789823   -0.039823 (VIOLATED)
_44885_/Y                               0.750000    0.789819   -0.039819 (VIOLATED)
_64153_/B                               0.750000    0.789092   -0.039092 (VIOLATED)
ANTENNA_68/DIODE                        0.750000    0.789092   -0.039092 (VIOLATED)
_63211_/A                               0.750000    0.789092   -0.039092 (VIOLATED)
ANTENNA_69/DIODE                        0.750000    0.789091   -0.039092 (VIOLATED)
_63209_/Y                               0.750000    0.789090   -0.039090 (VIOLATED)
_51983_/A                               0.750000    0.788322   -0.038322 (VIOLATED)
_51982_/A                               0.750000    0.788322   -0.038322 (VIOLATED)
_51966_/Y                               0.750000    0.788241   -0.038241 (VIOLATED)
_46605_/A                               0.750000    0.785222   -0.035222 (VIOLATED)
_46684_/B2                              0.750000    0.785222   -0.035222 (VIOLATED)
_53282_/A                               0.750000    0.785217   -0.035217 (VIOLATED)
_53285_/A                               0.750000    0.785217   -0.035217 (VIOLATED)
_46599_/Y                               0.750000    0.785183   -0.035183 (VIOLATED)
_42939_/A                               0.750000    0.784909   -0.034909 (VIOLATED)
_42715_/B1                              0.750000    0.784877   -0.034877 (VIOLATED)
fanout232/A                             0.750000    0.784790   -0.034790 (VIOLATED)
_32844_/Y                               0.750000    0.784782   -0.034782 (VIOLATED)
_56133_/B                               0.750000    0.783525   -0.033525 (VIOLATED)
_55500_/A2                              0.750000    0.783524   -0.033524 (VIOLATED)
_47380_/B                               0.750000    0.783521   -0.033521 (VIOLATED)
_45517_/Y                               0.750000    0.783519   -0.033519 (VIOLATED)
_45519_/C                               0.750000    0.783519   -0.033519 (VIOLATED)
_53045_/B                               0.750000    0.783519   -0.033519 (VIOLATED)
_52041_/B                               0.750000    0.778211   -0.028211 (VIOLATED)
_52042_/B                               0.750000    0.778211   -0.028211 (VIOLATED)
_52040_/Y                               0.750000    0.778209   -0.028209 (VIOLATED)
_49187_/A                               0.750000    0.776929   -0.026930 (VIOLATED)
ANTENNA_39/DIODE                        0.750000    0.776929   -0.026929 (VIOLATED)
_49186_/A                               0.750000    0.776929   -0.026929 (VIOLATED)
ANTENNA_37/DIODE                        0.750000    0.776929   -0.026929 (VIOLATED)
ANTENNA_38/DIODE                        0.750000    0.776929   -0.026929 (VIOLATED)
_49104_/X                               0.750000    0.776892   -0.026892 (VIOLATED)
_35073_/A                               0.750000    0.776002   -0.026002 (VIOLATED)
_35072_/A                               0.750000    0.775998   -0.025998 (VIOLATED)
_35035_/Y                               0.750000    0.775975   -0.025975 (VIOLATED)
_47676_/A1                              0.750000    0.772175   -0.022175 (VIOLATED)
_47745_/A                               0.750000    0.772175   -0.022175 (VIOLATED)
_47673_/Y                               0.750000    0.772116   -0.022116 (VIOLATED)
_48823_/A2                              0.750000    0.771352   -0.021352 (VIOLATED)
_48816_/B                               0.750000    0.771352   -0.021352 (VIOLATED)
_48815_/Y                               0.750000    0.771334   -0.021334 (VIOLATED)
_46977_/B                               0.750000    0.765187   -0.015187 (VIOLATED)
_46985_/A2                              0.750000    0.765185   -0.015186 (VIOLATED)
_58859_/B                               0.750000    0.765072   -0.015072 (VIOLATED)
_61031_/A2                              0.750000    0.765067   -0.015067 (VIOLATED)
_46976_/Y                               0.750000    0.765061   -0.015061 (VIOLATED)
_57963_/B                               0.750000    0.765061   -0.015061 (VIOLATED)
_57964_/B                               0.750000    0.765061   -0.015061 (VIOLATED)
_36600_/B1                              0.750000    0.765046   -0.015046 (VIOLATED)
_36599_/A                               0.750000    0.765046   -0.015046 (VIOLATED)
_36596_/Y                               0.750000    0.765044   -0.015044 (VIOLATED)
_38226_/A                               0.750000    0.765044   -0.015044 (VIOLATED)
_38227_/A                               0.750000    0.765044   -0.015044 (VIOLATED)
_52323_/A2                              0.750000    0.764095   -0.014095 (VIOLATED)
_52347_/A2                              0.750000    0.764095   -0.014095 (VIOLATED)
_52346_/A2                              0.750000    0.764094   -0.014094 (VIOLATED)
_49144_/A                               0.750000    0.764093   -0.014093 (VIOLATED)
_54838_/B                               0.750000    0.764093   -0.014093 (VIOLATED)
_50787_/B                               0.750000    0.764087   -0.014087 (VIOLATED)
_50783_/A2                              0.750000    0.764078   -0.014078 (VIOLATED)
_49143_/Y                               0.750000    0.764075   -0.014075 (VIOLATED)
_49151_/A                               0.750000    0.764075   -0.014075 (VIOLATED)
_49152_/A                               0.750000    0.764075   -0.014075 (VIOLATED)
_50794_/D                               0.750000    0.764075   -0.014075 (VIOLATED)
_37969_/A1                              0.750000    0.763678   -0.013678 (VIOLATED)
ANTENNA_74/DIODE                        0.750000    0.763678   -0.013678 (VIOLATED)
_43224_/A1                              0.750000    0.763642   -0.013642 (VIOLATED)
_37129_/Y                               0.750000    0.763639   -0.013639 (VIOLATED)
_37274_/A                               0.750000    0.763639   -0.013639 (VIOLATED)
_37275_/A                               0.750000    0.763639   -0.013639 (VIOLATED)
_46433_/B                               0.750000    0.762317   -0.012317 (VIOLATED)
_46432_/A1                              0.750000    0.762317   -0.012317 (VIOLATED)
_50190_/B2                              0.750000    0.762276   -0.012276 (VIOLATED)
_50112_/B                               0.750000    0.762276   -0.012276 (VIOLATED)
_53786_/B                               0.750000    0.762271   -0.012271 (VIOLATED)
_54001_/A1                              0.750000    0.762271   -0.012271 (VIOLATED)
_53787_/A2                              0.750000    0.762271   -0.012271 (VIOLATED)
_53785_/B                               0.750000    0.762271   -0.012271 (VIOLATED)
_56425_/B2                              0.750000    0.762271   -0.012271 (VIOLATED)
_49076_/B1                              0.750000    0.762271   -0.012271 (VIOLATED)
_46424_/Y                               0.750000    0.762268   -0.012268 (VIOLATED)
_52681_/B                               0.750000    0.762200   -0.012200 (VIOLATED)
_52686_/A2                              0.750000    0.762173   -0.012173 (VIOLATED)
_52687_/A_N                             0.750000    0.762173   -0.012173 (VIOLATED)
_50111_/Y                               0.750000    0.762166   -0.012166 (VIOLATED)
_56360_/A                               0.750000    0.760278   -0.010278 (VIOLATED)
_58525_/A1                              0.750000    0.760278   -0.010278 (VIOLATED)
_56361_/B1                              0.750000    0.760278   -0.010278 (VIOLATED)
_56298_/Y                               0.750000    0.760248   -0.010249 (VIOLATED)
_56559_/A                               0.750000    0.760248   -0.010249 (VIOLATED)
_56560_/A                               0.750000    0.760248   -0.010249 (VIOLATED)
_55722_/A1                              0.750000    0.759978   -0.009978 (VIOLATED)
_55723_/A                               0.750000    0.759978   -0.009978 (VIOLATED)
_45742_/Y                               0.750000    0.759937   -0.009937 (VIOLATED)
_63012_/A                               0.750000    0.759937   -0.009937 (VIOLATED)
_63013_/A2                              0.750000    0.759937   -0.009937 (VIOLATED)
_45525_/A                               0.750000    0.759268   -0.009268 (VIOLATED)
_45527_/A1                              0.750000    0.759268   -0.009268 (VIOLATED)
_45521_/Y                               0.750000    0.759260   -0.009260 (VIOLATED)
_49097_/B                               0.750000    0.759260   -0.009260 (VIOLATED)
_49100_/B                               0.750000    0.759260   -0.009260 (VIOLATED)
_41870_/B                               0.750000    0.758712   -0.008712 (VIOLATED)
_43127_/A3                              0.750000    0.758712   -0.008712 (VIOLATED)
_41869_/Y                               0.750000    0.758711   -0.008711 (VIOLATED)
_36386_/Y                               0.750000    0.758001   -0.008001 (VIOLATED)
_36401_/B                               0.750000    0.758001   -0.008001 (VIOLATED)
_36402_/A2                              0.750000    0.758001   -0.008001 (VIOLATED)
_51350_/B                               0.750000    0.757659   -0.007659 (VIOLATED)
_51349_/Y                               0.750000    0.757651   -0.007651 (VIOLATED)
_43638_/A                               0.750000    0.754824   -0.004824 (VIOLATED)
_43616_/Y                               0.750000    0.754816   -0.004816 (VIOLATED)
_48677_/A                               0.750000    0.754564   -0.004564 (VIOLATED)
_48689_/A1                              0.750000    0.754563   -0.004563 (VIOLATED)
_49042_/B                               0.750000    0.754421   -0.004421 (VIOLATED)
_48675_/Y                               0.750000    0.754420   -0.004420 (VIOLATED)
_49465_/B1                              0.750000    0.754420   -0.004420 (VIOLATED)
_52077_/B                               0.750000    0.753805   -0.003805 (VIOLATED)
_52076_/A_N                             0.750000    0.753805   -0.003805 (VIOLATED)
_52075_/Y                               0.750000    0.753798   -0.003798 (VIOLATED)
_57766_/A                               0.750000    0.753623   -0.003623 (VIOLATED)
_62955_/A1                              0.750000    0.753622   -0.003622 (VIOLATED)
_62956_/A                               0.750000    0.753622   -0.003622 (VIOLATED)
_59019_/A1                              0.750000    0.753622   -0.003622 (VIOLATED)
_59020_/A                               0.750000    0.753622   -0.003622 (VIOLATED)
_59160_/A                               0.750000    0.753620   -0.003620 (VIOLATED)
_59161_/A                               0.750000    0.753619   -0.003620 (VIOLATED)
_57765_/Y                               0.750000    0.753618   -0.003618 (VIOLATED)
_52323_/B1                              0.750000    0.752543   -0.002543 (VIOLATED)
_60371_/A                               0.750000    0.752543   -0.002543 (VIOLATED)
_64263_/A                               0.750000    0.752538   -0.002538 (VIOLATED)
_49138_/Y                               0.750000    0.752531   -0.002531 (VIOLATED)
_50783_/B1                              0.750000    0.752531   -0.002531 (VIOLATED)
_61468_/A                               0.750000    0.751425   -0.001425 (VIOLATED)
_61469_/B1                              0.750000    0.751425   -0.001425 (VIOLATED)
_59529_/Y                               0.750000    0.751422   -0.001422 (VIOLATED)
_64180_/B1                              0.750000    0.751422   -0.001422 (VIOLATED)
_63040_/A                               0.750000    0.750595   -0.000595 (VIOLATED)
_63039_/A_N                             0.750000    0.750595   -0.000595 (VIOLATED)
_63037_/Y                               0.750000    0.750593   -0.000593 (VIOLATED)

max fanout

Pin                                   Limit Fanout  Slack
---------------------------------------------------------
input11/X                                10     19     -9 (VIOLATED)
fanout1040/X                             10     17     -7 (VIOLATED)
input10/X                                10     17     -7 (VIOLATED)
input9/X                                 10     17     -7 (VIOLATED)
_45178_/X                                10     16     -6 (VIOLATED)
_65454_/Q                                10     16     -6 (VIOLATED)
fanout343/X                              10     16     -6 (VIOLATED)
fanout349/X                              10     16     -6 (VIOLATED)
fanout252/X                              10     15     -5 (VIOLATED)
clkbuf_leaf_76_clk/X                     10     14     -4 (VIOLATED)
clkbuf_leaf_95_clk/X                     10     14     -4 (VIOLATED)
fanout249/X                              10     14     -4 (VIOLATED)
fanout356/X                              10     14     -4 (VIOLATED)
fanout789/X                              10     14     -4 (VIOLATED)
fanout791/X                              10     14     -4 (VIOLATED)
wire48/X                                 10     14     -4 (VIOLATED)
clkbuf_leaf_119_clk/X                    10     13     -3 (VIOLATED)
fanout594/X                              10     13     -3 (VIOLATED)
fanout704/X                              10     13     -3 (VIOLATED)
fanout786/X                              10     13     -3 (VIOLATED)
clkbuf_4_12__f_clk/X                     10     12     -2 (VIOLATED)
clkbuf_4_14__f_clk/X                     10     12     -2 (VIOLATED)
fanout1060/X                             10     12     -2 (VIOLATED)
fanout1093/X                             10     12     -2 (VIOLATED)
fanout130/X                              10     12     -2 (VIOLATED)
fanout154/X                              10     12     -2 (VIOLATED)
fanout176/X                              10     12     -2 (VIOLATED)
fanout219/X                              10     12     -2 (VIOLATED)
fanout248/X                              10     12     -2 (VIOLATED)
fanout328/X                              10     12     -2 (VIOLATED)
fanout340/X                              10     12     -2 (VIOLATED)
fanout357/X                              10     12     -2 (VIOLATED)
fanout432/X                              10     12     -2 (VIOLATED)
fanout799/X                              10     12     -2 (VIOLATED)
fanout808/X                              10     12     -2 (VIOLATED)
fanout838/X                              10     12     -2 (VIOLATED)
_46012_/X                                10     11        (VIOLATED)
clkbuf_4_0__f_clk/X                      10     11        (VIOLATED)
clkbuf_4_10__f_clk/X                     10     11        (VIOLATED)
clkbuf_leaf_134_clk/X                    10     11        (VIOLATED)
fanout1105/X                             10     11        (VIOLATED)
fanout1118/X                             10     11        (VIOLATED)
fanout1190/X                             10     11        (VIOLATED)
fanout129/X                              10     11        (VIOLATED)
fanout132/X                              10     11        (VIOLATED)
fanout232/X                              10     11        (VIOLATED)
fanout265/X                              10     11        (VIOLATED)
fanout338/X                              10     11        (VIOLATED)
fanout410/X                              10     11        (VIOLATED)
fanout563/X                              10     11        (VIOLATED)
fanout568/X                              10     11        (VIOLATED)

max capacitance

Pin                                        Limit         Cap       Slack
------------------------------------------------------------------------
fanout1190/X                            0.200000    0.256863   -0.056863 (VIOLATED)
fanout1118/X                            0.200000    0.225606   -0.025606 (VIOLATED)
fanout138/X                             0.200000    0.214999   -0.014999 (VIOLATED)
fanout252/X                             0.200000    0.204521   -0.004521 (VIOLATED)



===========================================================================
report_parasitic_annotation -report_unannotated
============================================================================
Found 0 unannotated drivers.
Found 0 partially unannotated drivers.

===========================================================================
max slew violation count 528
max fanout violation count 51
max cap violation count 4
============================================================================

===========================================================================
check_setup -verbose -unconstrained_endpoints -multiple_clock -no_clock -no_input_delay -loops -generated_clocks
===========================================================================
