
Magic 8.3 revision 466 - Compiled on Thu Mar 21 17:31:46 UTC 2024.
Starting magic under Tcl interpreter
Using the terminal as the console.
Using NULL graphics device.
Processing system .magicrc file
Sourcing design .magicrc for technology sky130A ...
2 Magic internal units = 1 Lambda
Input style sky130(): scaleFactor=2, multiplier=2
The following types are not handled by extraction and will be treated as non-electrical types:
    ubm 
Scaled tech values by 2 / 1 to match internal grid scaling
Loading sky130A Device Generator Menu ...
Loading "/nix/store/ly0xjc8f0gmgmckxcrs0bw8vqc9gf9bk-python3-3.11.6-env/lib/python3.11/site-packages/openlane/scripts/magic/wrapper.tcl" from command line.
> lef read /home/nurwiyoso14/.volare/volare/sky130/versions/bdc9412b3e468c102d01b7cf6337be06ec6e9c9a/sky130A/libs.ref/sky130_fd_sc_hd/techlef/sky130_fd_sc_hd__nom.tlef
Reading LEF data from file /home/nurwiyoso14/.volare/volare/sky130/versions/bdc9412b3e468c102d01b7cf6337be06ec6e9c9a/sky130A/libs.ref/sky130_fd_sc_hd/techlef/sky130_fd_sc_hd__nom.tlef.
This action cannot be undone.
LEF read, Line 78 (Message): Unknown keyword "ANTENNAMODEL" in LEF file; ignoring.
LEF read, Line 79 (Message): Unknown keyword "ANTENNADIFFSIDEAREARATIO" in LEF file; ignoring.
LEF read, Line 112 (Message): Unknown keyword "MINENCLOSEDAREA" in LEF file; ignoring.
LEF read, Line 114 (Message): Unknown keyword "ANTENNAMODEL" in LEF file; ignoring.
LEF read, Line 115 (Message): Unknown keyword "ANTENNADIFFSIDEAREARATIO" in LEF file; ignoring.
LEF read, Line 121 (Message): Unknown keyword "MAXIMUMDENSITY" in LEF file; ignoring.
LEF read, Line 122 (Message): Unknown keyword "DENSITYCHECKWINDOW" in LEF file; ignoring.
LEF read, Line 123 (Message): Unknown keyword "DENSITYCHECKSTEP" in LEF file; ignoring.
LEF read, Line 156 (Message): Unknown keyword "MINENCLOSEDAREA" in LEF file; ignoring.
LEF read, Line 164 (Message): Unknown keyword "ANTENNAMODEL" in LEF file; ignoring.
LEF read, Line 165 (Message): Unknown keyword "ANTENNADIFFSIDEAREARATIO" in LEF file; ignoring.
LEF read, Line 167 (Message): Unknown keyword "MAXIMUMDENSITY" in LEF file; ignoring.
LEF read, Line 168 (Message): Unknown keyword "DENSITYCHECKWINDOW" in LEF file; ignoring.
LEF read, Line 169 (Message): Unknown keyword "DENSITYCHECKSTEP" in LEF file; ignoring.
LEF read, Line 206 (Message): Unknown keyword "ANTENNAMODEL" in LEF file; ignoring.
LEF read, Line 207 (Message): Unknown keyword "ANTENNADIFFSIDEAREARATIO" in LEF file; ignoring.
LEF read, Line 209 (Message): Unknown keyword "MAXIMUMDENSITY" in LEF file; ignoring.
LEF read, Line 210 (Message): Unknown keyword "DENSITYCHECKWINDOW" in LEF file; ignoring.
LEF read, Line 211 (Message): Unknown keyword "DENSITYCHECKSTEP" in LEF file; ignoring.
LEF read, Line 248 (Message): Unknown keyword "ANTENNAMODEL" in LEF file; ignoring.
LEF read, Line 249 (Message): Unknown keyword "ANTENNADIFFSIDEAREARATIO" in LEF file; ignoring.
LEF read, Line 251 (Message): Unknown keyword "MAXIMUMDENSITY" in LEF file; ignoring.
LEF read, Line 252 (Message): Unknown keyword "DENSITYCHECKWINDOW" in LEF file; ignoring.
LEF read, Line 253 (Message): Unknown keyword "DENSITYCHECKSTEP" in LEF file; ignoring.
LEF read, Line 290 (Message): Unknown keyword "ANTENNAMODEL" in LEF file; ignoring.
LEF read, Line 291 (Message): Unknown keyword "ANTENNADIFFSIDEAREARATIO" in LEF file; ignoring.
LEF read: Processed 797 lines.
> lef read /home/nurwiyoso14/.volare/volare/sky130/versions/bdc9412b3e468c102d01b7cf6337be06ec6e9c9a/sky130A/libs.ref/sky130_fd_sc_hd/lef/sky130_fd_sc_hd.lef
Reading LEF data from file /home/nurwiyoso14/.volare/volare/sky130/versions/bdc9412b3e468c102d01b7cf6337be06ec6e9c9a/sky130A/libs.ref/sky130_fd_sc_hd/lef/sky130_fd_sc_hd.lef.
This action cannot be undone.
LEF read: Processed 56535 lines.
> lef read /home/nurwiyoso14/.volare/volare/sky130/versions/bdc9412b3e468c102d01b7cf6337be06ec6e9c9a/sky130A/libs.ref/sky130_fd_sc_hd/lef/sky130_ef_sc_hd.lef
Reading LEF data from file /home/nurwiyoso14/.volare/volare/sky130/versions/bdc9412b3e468c102d01b7cf6337be06ec6e9c9a/sky130A/libs.ref/sky130_fd_sc_hd/lef/sky130_ef_sc_hd.lef.
This action cannot be undone.
LEF read: Processed 278 lines.
> def read /mnt/d/APIC/FIR_Openlane/highpass/runs/RUN_2024-06-16_22-52-55/49-openroad-fillinsertion/highpass.def -noblockage -labels
Reading DEF data from file /mnt/d/APIC/FIR_Openlane/highpass/runs/RUN_2024-06-16_22-52-55/49-openroad-fillinsertion/highpass.def.
This action cannot be undone.
  Processed 4 vias total.
  Processed 31358 subcell instances total.
  Processed 263 pins total.
  Processed 2 special nets total.
  Processed 12009 nets total.
DEF read: Processed 208473 lines.
Moving label "_00009_" from metal1 to via1 in cell highpass.
Moving label "_00077_" from metal1 to viali in cell highpass.
Moving label "_00099_" from metal1 to viali in cell highpass.
Moving label "_00103_" from metal1 to via1 in cell highpass.
Moving label "_00159_" from metal1 to via1 in cell highpass.
Moving label "_00188_" from metal2 to via2 in cell highpass.
Moving label "_00212_" from metal2 to via2 in cell highpass.
Moving label "_00293_" from metal1 to via1 in cell highpass.
Moving label "_00349_" from metal2 to via2 in cell highpass.
Moving label "_00427_" from metal1 to viali in cell highpass.
Moving label "_00524_" from metal1 to via1 in cell highpass.
Moving label "_00530_" from metal1 to via1 in cell highpass.
Moving label "_00555_" from metal1 to via1 in cell highpass.
Moving label "_00617_" from metal1 to via1 in cell highpass.
Moving label "_00647_" from metal3 to via3 in cell highpass.
Moving label "_00654_" from metal2 to via2 in cell highpass.
Moving label "_00660_" from metal2 to via2 in cell highpass.
Moving label "_00676_" from metal2 to via2 in cell highpass.
Moving label "_00691_" from metal2 to via2 in cell highpass.
Moving label "_00699_" from metal2 to via2 in cell highpass.
Moving label "_00715_" from metal2 to via2 in cell highpass.
Moving label "_00938_" from metal3 to via3 in cell highpass.
Moving label "_01024_" from metal2 to via1 in cell highpass.
Moving label "_01067_" from metal2 to via2 in cell highpass.
Moving label "_01094_" from metal3 to via3 in cell highpass.
Moving label "_01111_" from metal1 to viali in cell highpass.
Moving label "_01117_" from metal1 to viali in cell highpass.
Moving label "_01260_" from metal2 to via2 in cell highpass.
Moving label "_01269_" from metal1 to via1 in cell highpass.
Moving label "_01376_" from metal2 to via2 in cell highpass.
Moving label "_01449_" from metal2 to via2 in cell highpass.
Moving label "_01458_" from metal1 to viali in cell highpass.
Moving label "_01464_" from metal2 to via2 in cell highpass.
Moving label "_01479_" from metal1 to viali in cell highpass.
Moving label "_01481_" from metal1 to via1 in cell highpass.
Moving label "_01486_" from metal2 to via2 in cell highpass.
Moving label "_01536_" from metal1 to viali in cell highpass.
Moving label "_01545_" from metal2 to via2 in cell highpass.
Moving label "_01574_" from metal2 to via1 in cell highpass.
Moving label "_01577_" from metal2 to via2 in cell highpass.
Moving label "_01580_" from metal1 to via1 in cell highpass.
Moving label "_01712_" from metal1 to viali in cell highpass.
Moving label "_01807_" from metal1 to viali in cell highpass.
Moving label "_01855_" from metal1 to via1 in cell highpass.
Moving label "_02096_" from metal1 to via1 in cell highpass.
Moving label "_02118_" from metal2 to via1 in cell highpass.
Moving label "_02167_" from metal1 to viali in cell highpass.
Moving label "_02280_" from metal1 to viali in cell highpass.
Moving label "_02297_" from metal1 to via1 in cell highpass.
Moving label "_02321_" from metal1 to viali in cell highpass.
Moving label "_02540_" from metal1 to viali in cell highpass.
Moving label "_02611_" from metal3 to via3 in cell highpass.
Moving label "_02625_" from metal1 to via1 in cell highpass.
Moving label "_02693_" from metal1 to viali in cell highpass.
Moving label "_02704_" from metal1 to viali in cell highpass.
Moving label "_02711_" from metal1 to viali in cell highpass.
Moving label "_02713_" from metal1 to viali in cell highpass.
Moving label "_02729_" from metal1 to via1 in cell highpass.
Moving label "_02807_" from metal1 to viali in cell highpass.
Moving label "_02823_" from metal2 to via2 in cell highpass.
Moving label "_02840_" from metal2 to via2 in cell highpass.
Moving label "_02894_" from metal2 to via2 in cell highpass.
Moving label "_02895_" from metal1 to via1 in cell highpass.
Moving label "_02909_" from metal1 to viali in cell highpass.
Moving label "_02936_" from metal2 to via2 in cell highpass.
Moving label "_02984_" from metal2 to via2 in cell highpass.
Moving label "_03016_" from metal1 to via1 in cell highpass.
Moving label "_03018_" from metal2 to via2 in cell highpass.
Moving label "_03037_" from metal2 to via1 in cell highpass.
Moving label "_03073_" from metal2 to via1 in cell highpass.
Moving label "_03082_" from metal1 to via1 in cell highpass.
Moving label "_03190_" from metal1 to viali in cell highpass.
Moving label "_03191_" from metal2 to via2 in cell highpass.
Moving label "_03192_" from metal2 to via2 in cell highpass.
Moving label "_03206_" from metal2 to via2 in cell highpass.
Moving label "_03288_" from metal2 to via2 in cell highpass.
Moving label "_03326_" from metal2 to via1 in cell highpass.
Moving label "_03373_" from metal2 to via2 in cell highpass.
Moving label "_03465_" from metal1 to via1 in cell highpass.
Moving label "_03490_" from metal1 to via1 in cell highpass.
Moving label "_03567_" from metal1 to viali in cell highpass.
Moving label "_03652_" from metal1 to via1 in cell highpass.
Moving label "_03838_" from metal1 to via1 in cell highpass.
Moving label "_03899_" from metal1 to via1 in cell highpass.
Moving label "_03992_" from metal1 to via1 in cell highpass.
Moving label "_03999_" from metal2 to via1 in cell highpass.
Moving label "_04075_" from metal1 to viali in cell highpass.
Moving label "_04093_" from metal2 to via1 in cell highpass.
Moving label "_04114_" from metal1 to viali in cell highpass.
Moving label "_04131_" from metal1 to viali in cell highpass.
Moving label "_04139_" from metal2 to via1 in cell highpass.
Moving label "_04143_" from metal1 to via1 in cell highpass.
Moving label "_04216_" from metal1 to via1 in cell highpass.
Moving label "_04220_" from metal1 to via1 in cell highpass.
Moving label "_04244_" from metal2 to via2 in cell highpass.
Moving label "_04266_" from metal2 to via1 in cell highpass.
Moving label "_04309_" from metal3 to via3 in cell highpass.
Moving label "_04326_" from metal1 to via1 in cell highpass.
Moving label "_04406_" from metal1 to viali in cell highpass.
Moving label "_04441_" from metal2 to via2 in cell highpass.
Moving label "_04511_" from metal1 to via1 in cell highpass.
Moving label "_04658_" from metal1 to via1 in cell highpass.
Moving label "_04668_" from metal1 to viali in cell highpass.
Moving label "_04716_" from metal1 to viali in cell highpass.
Moving label "_04742_" from metal2 to via1 in cell highpass.
Moving label "_04800_" from metal1 to viali in cell highpass.
Moving label "_04821_" from metal3 to via3 in cell highpass.
Moving label "_04829_" from metal1 to viali in cell highpass.
Moving label "_04850_" from metal1 to via1 in cell highpass.
Moving label "_04885_" from metal2 to via2 in cell highpass.
Moving label "_05007_" from metal1 to via1 in cell highpass.
Moving label "_05009_" from metal1 to viali in cell highpass.
Moving label "_05085_" from metal1 to via1 in cell highpass.
Moving label "_05107_" from metal1 to via1 in cell highpass.
Moving label "_05215_" from metal1 to via1 in cell highpass.
Moving label "_05257_" from metal1 to viali in cell highpass.
Moving label "_05364_" from metal1 to viali in cell highpass.
Moving label "_05426_" from metal1 to viali in cell highpass.
Moving label "_05486_" from metal1 to via1 in cell highpass.
Moving label "_05514_" from metal1 to viali in cell highpass.
Moving label "_05522_" from metal1 to via1 in cell highpass.
Moving label "_05595_" from metal1 to via1 in cell highpass.
Moving label "_05616_" from metal2 to via1 in cell highpass.
Moving label "_05703_" from metal2 to via1 in cell highpass.
Moving label "_05751_" from metal2 to via1 in cell highpass.
Moving label "_05970_" from metal2 to via2 in cell highpass.
Moving label "_05984_" from metal1 to viali in cell highpass.
Moving label "_05998_" from metal2 to via2 in cell highpass.
Moving label "_06102_" from metal1 to via1 in cell highpass.
Moving label "_06129_" from metal1 to viali in cell highpass.
Moving label "_06138_" from metal1 to viali in cell highpass.
Moving label "_06238_" from metal1 to viali in cell highpass.
Moving label "_06304_" from metal1 to via1 in cell highpass.
Moving label "_06434_" from metal1 to viali in cell highpass.
Moving label "_06555_" from metal2 to via2 in cell highpass.
Moving label "_06569_" from metal1 to via1 in cell highpass.
Moving label "_06576_" from metal2 to via2 in cell highpass.
Moving label "_06589_" from metal1 to viali in cell highpass.
Moving label "_06609_" from metal1 to via1 in cell highpass.
Moving label "_06651_" from metal1 to via1 in cell highpass.
Moving label "_06664_" from metal2 to via1 in cell highpass.
Moving label "_06667_" from metal1 to via1 in cell highpass.
Moving label "_06700_" from metal1 to viali in cell highpass.
Moving label "_06711_" from metal1 to viali in cell highpass.
Moving label "_06715_" from metal2 to via1 in cell highpass.
Moving label "_06749_" from metal1 to viali in cell highpass.
Moving label "_06867_" from metal2 to via1 in cell highpass.
Moving label "_06873_" from metal1 to via1 in cell highpass.
Moving label "_06914_" from metal1 to via1 in cell highpass.
Moving label "_06954_" from metal2 to via1 in cell highpass.
Moving label "_06976_" from metal2 to via2 in cell highpass.
Moving label "_06989_" from metal1 to via1 in cell highpass.
Moving label "_07026_" from metal1 to viali in cell highpass.
Moving label "_07033_" from metal1 to via1 in cell highpass.
Moving label "_07135_" from metal1 to via1 in cell highpass.
Moving label "_07242_" from metal1 to via1 in cell highpass.
Moving label "_07259_" from metal1 to viali in cell highpass.
Moving label "_07329_" from metal1 to viali in cell highpass.
Moving label "_07396_" from metal1 to via1 in cell highpass.
Moving label "_07435_" from metal1 to viali in cell highpass.
Moving label "_07453_" from metal1 to via1 in cell highpass.
Moving label "_07466_" from metal1 to via1 in cell highpass.
Moving label "_07562_" from metal3 to via3 in cell highpass.
Moving label "_07575_" from metal1 to viali in cell highpass.
Moving label "_07608_" from metal2 to via1 in cell highpass.
Moving label "_07650_" from metal1 to via1 in cell highpass.
Moving label "_07661_" from metal2 to via1 in cell highpass.
Moving label "_07687_" from metal1 to via1 in cell highpass.
Moving label "_07692_" from metal1 to viali in cell highpass.
Moving label "_07715_" from metal1 to via1 in cell highpass.
Moving label "_07753_" from metal1 to via1 in cell highpass.
Moving label "_07755_" from metal2 to via2 in cell highpass.
Moving label "_07787_" from metal1 to viali in cell highpass.
Moving label "_07803_" from metal1 to via1 in cell highpass.
Moving label "_07882_" from metal1 to via1 in cell highpass.
Moving label "_07913_" from metal1 to viali in cell highpass.
Moving label "_08022_" from metal1 to viali in cell highpass.
Moving label "_08028_" from metal1 to viali in cell highpass.
Moving label "_08045_" from metal2 to via1 in cell highpass.
Moving label "_08108_" from metal1 to via1 in cell highpass.
Moving label "_08128_" from metal1 to viali in cell highpass.
Moving label "_08159_" from metal1 to via1 in cell highpass.
Moving label "_08180_" from metal1 to via1 in cell highpass.
Moving label "_08230_" from metal2 to via2 in cell highpass.
Moving label "_08244_" from metal1 to via1 in cell highpass.
Moving label "_08290_" from metal1 to viali in cell highpass.
Moving label "_08460_" from metal2 to via1 in cell highpass.
Moving label "_08551_" from metal2 to via2 in cell highpass.
Moving label "_08608_" from metal2 to via1 in cell highpass.
Moving label "_08636_" from metal1 to via1 in cell highpass.
Moving label "_08641_" from metal1 to viali in cell highpass.
Moving label "_08670_" from metal2 to via1 in cell highpass.
Moving label "_08710_" from metal1 to viali in cell highpass.
Moving label "_08738_" from metal1 to viali in cell highpass.
Moving label "_08781_" from metal2 to via2 in cell highpass.
Moving label "_08824_" from metal1 to via1 in cell highpass.
Moving label "_08871_" from metal1 to viali in cell highpass.
Moving label "_08872_" from metal1 to via1 in cell highpass.
Moving label "_08903_" from metal1 to via1 in cell highpass.
Moving label "_08984_" from metal1 to via1 in cell highpass.
Moving label "_09060_" from metal1 to viali in cell highpass.
Moving label "_09124_" from metal3 to via3 in cell highpass.
Moving label "_09142_" from metal1 to via1 in cell highpass.
Moving label "_09149_" from metal1 to viali in cell highpass.
Moving label "_09207_" from metal2 to via2 in cell highpass.
Moving label "_09229_" from metal1 to viali in cell highpass.
Moving label "_09255_" from metal1 to viali in cell highpass.
Moving label "_09291_" from metal2 to via1 in cell highpass.
Moving label "_09371_" from metal1 to via1 in cell highpass.
Moving label "_09374_" from metal1 to viali in cell highpass.
Moving label "_09476_" from metal1 to viali in cell highpass.
Moving label "_09544_" from metal1 to viali in cell highpass.
Moving label "_09554_" from metal1 to viali in cell highpass.
Moving label "_09565_" from metal1 to via1 in cell highpass.
Moving label "_09566_" from metal1 to viali in cell highpass.
Moving label "_09582_" from metal1 to via1 in cell highpass.
Moving label "_09709_" from metal1 to via1 in cell highpass.
Moving label "_09713_" from metal1 to via1 in cell highpass.
Moving label "_09715_" from metal1 to via1 in cell highpass.
Moving label "_09722_" from metal1 to via1 in cell highpass.
Moving label "_09737_" from metal1 to via1 in cell highpass.
Moving label "_09777_" from metal2 to via2 in cell highpass.
Moving label "_09985_" from metal1 to via1 in cell highpass.
Moving label "_10040_" from metal2 to via1 in cell highpass.
Moving label "_10061_" from metal1 to via1 in cell highpass.
Moving label "_10067_" from metal1 to viali in cell highpass.
Moving label "_10144_" from metal1 to viali in cell highpass.
Moving label "_10164_" from metal1 to via1 in cell highpass.
Moving label "_10165_" from metal1 to via1 in cell highpass.
Moving label "_10189_" from metal1 to via1 in cell highpass.
Moving label "_10200_" from metal1 to viali in cell highpass.
Moving label "_10219_" from metal1 to viali in cell highpass.
Moving label "_10229_" from metal1 to viali in cell highpass.
Moving label "_10324_" from metal1 to via1 in cell highpass.
Moving label "_10359_" from metal1 to viali in cell highpass.
Moving label "_10433_" from metal1 to viali in cell highpass.
Moving label "_10439_" from metal1 to via1 in cell highpass.
Moving label "_10460_" from metal1 to viali in cell highpass.
Moving label "_10535_" from metal1 to viali in cell highpass.
Moving label "_10591_" from metal1 to viali in cell highpass.
Moving label "_10603_" from metal2 to via2 in cell highpass.
Moving label "_10712_" from metal1 to viali in cell highpass.
Moving label "_10755_" from metal2 to via1 in cell highpass.
Moving label "_10800_" from metal1 to via1 in cell highpass.
Moving label "_10806_" from metal1 to via1 in cell highpass.
Moving label "_10926_" from metal1 to via1 in cell highpass.
Moving label "_11104_" from metal1 to via1 in cell highpass.
Moving label "_11139_" from metal2 to via2 in cell highpass.
Moving label "_11141_" from metal2 to via2 in cell highpass.
Moving label "_11165_" from metal1 to via1 in cell highpass.
Moving label "net141" from metal3 to via3 in cell highpass.
Moving label "net143" from metal3 to via3 in cell highpass.
Moving label "net146" from metal3 to via3 in cell highpass.
Moving label "net148" from metal3 to via3 in cell highpass.
Moving label "net150" from metal3 to via3 in cell highpass.
Moving label "net152" from metal3 to via3 in cell highpass.
Moving label "net157" from metal2 to via2 in cell highpass.
Moving label "net188" from metal2 to via2 in cell highpass.
Moving label "net198" from metal3 to via3 in cell highpass.
Moving label "net202" from metal2 to via2 in cell highpass.
Moving label "net203" from metal3 to via3 in cell highpass.
Moving label "net204" from metal3 to via3 in cell highpass.
Moving label "net208" from metal3 to via3 in cell highpass.
Moving label "net225" from metal2 to via2 in cell highpass.
Moving label "net291" from metal2 to via1 in cell highpass.
Moving label "net308" from metal1 to viali in cell highpass.
Moving label "net317" from metal1 to via1 in cell highpass.
Moving label "net318" from metal3 to via3 in cell highpass.
Moving label "net32" from metal3 to via3 in cell highpass.
Moving label "net345" from metal1 to viali in cell highpass.
Moving label "net38" from metal2 to via2 in cell highpass.
Moving label "net39" from metal3 to via3 in cell highpass.
Moving label "net397" from metal2 to via1 in cell highpass.
Moving label "net41" from metal3 to via3 in cell highpass.
Moving label "net411" from metal2 to via2 in cell highpass.
Moving label "net413" from metal2 to via2 in cell highpass.
Moving label "net43" from metal3 to via3 in cell highpass.
Moving label "net445" from metal1 to viali in cell highpass.
Moving label "net455" from metal1 to via1 in cell highpass.
Moving label "net459" from metal1 to viali in cell highpass.
Moving label "net464" from metal2 to via1 in cell highpass.
Moving label "net49" from metal3 to via3 in cell highpass.
Moving label "net511" from metal1 to viali in cell highpass.
Moving label "net524" from metal2 to via2 in cell highpass.
Moving label "net86" from metal2 to via2 in cell highpass.
Moving label "net99" from metal3 to via3 in cell highpass.
Processing highpass
Extracting sky130_ef_sc_hd__decap_12 into sky130_ef_sc_hd__decap_12.ext:
Extracting sky130_fd_sc_hd__decap_3 into sky130_fd_sc_hd__decap_3.ext:
Extracting sky130_fd_sc_hd__fill_1 into sky130_fd_sc_hd__fill_1.ext:
Extracting sky130_fd_sc_hd__tapvpwrvgnd_1 into sky130_fd_sc_hd__tapvpwrvgnd_1.ext:
Extracting sky130_fd_sc_hd__decap_4 into sky130_fd_sc_hd__decap_4.ext:
Extracting sky130_fd_sc_hd__decap_6 into sky130_fd_sc_hd__decap_6.ext:
Extracting sky130_fd_sc_hd__clkbuf_2 into sky130_fd_sc_hd__clkbuf_2.ext:
Extracting sky130_fd_sc_hd__buf_4 into sky130_fd_sc_hd__buf_4.ext:
Extracting sky130_fd_sc_hd__decap_8 into sky130_fd_sc_hd__decap_8.ext:
Extracting sky130_fd_sc_hd__nand2b_1 into sky130_fd_sc_hd__nand2b_1.ext:
Extracting sky130_fd_sc_hd__xor2_1 into sky130_fd_sc_hd__xor2_1.ext:
Extracting sky130_fd_sc_hd__buf_2 into sky130_fd_sc_hd__buf_2.ext:
Extracting sky130_fd_sc_hd__fill_2 into sky130_fd_sc_hd__fill_2.ext:
Extracting sky130_fd_sc_hd__xnor2_2 into sky130_fd_sc_hd__xnor2_2.ext:
Extracting sky130_fd_sc_hd__a21bo_1 into sky130_fd_sc_hd__a21bo_1.ext:
Extracting sky130_fd_sc_hd__o21ai_1 into sky130_fd_sc_hd__o21ai_1.ext:
Extracting sky130_fd_sc_hd__xnor2_1 into sky130_fd_sc_hd__xnor2_1.ext:
Extracting sky130_fd_sc_hd__and3_2 into sky130_fd_sc_hd__and3_2.ext:
Extracting sky130_fd_sc_hd__a21bo_2 into sky130_fd_sc_hd__a21bo_2.ext:
Extracting sky130_fd_sc_hd__and2b_1 into sky130_fd_sc_hd__and2b_1.ext:
Extracting sky130_fd_sc_hd__o21ba_1 into sky130_fd_sc_hd__o21ba_1.ext:
Extracting sky130_fd_sc_hd__xor2_2 into sky130_fd_sc_hd__xor2_2.ext:
Extracting sky130_fd_sc_hd__or2_2 into sky130_fd_sc_hd__or2_2.ext:
Extracting sky130_fd_sc_hd__nand2_1 into sky130_fd_sc_hd__nand2_1.ext:
Extracting sky130_fd_sc_hd__a21oi_4 into sky130_fd_sc_hd__a21oi_4.ext:
Extracting sky130_fd_sc_hd__or2_1 into sky130_fd_sc_hd__or2_1.ext:
Extracting sky130_fd_sc_hd__o21ai_2 into sky130_fd_sc_hd__o21ai_2.ext:
Extracting sky130_fd_sc_hd__nor2_2 into sky130_fd_sc_hd__nor2_2.ext:
Extracting sky130_fd_sc_hd__nand2_4 into sky130_fd_sc_hd__nand2_4.ext:
Extracting sky130_fd_sc_hd__a21oi_1 into sky130_fd_sc_hd__a21oi_1.ext:
Extracting sky130_fd_sc_hd__nand3_1 into sky130_fd_sc_hd__nand3_1.ext:
Extracting sky130_fd_sc_hd__a21o_1 into sky130_fd_sc_hd__a21o_1.ext:
Extracting sky130_fd_sc_hd__a31oi_2 into sky130_fd_sc_hd__a31oi_2.ext:
Extracting sky130_fd_sc_hd__o21a_1 into sky130_fd_sc_hd__o21a_1.ext:
Extracting sky130_fd_sc_hd__a21o_2 into sky130_fd_sc_hd__a21o_2.ext:
Extracting sky130_fd_sc_hd__nand3_2 into sky130_fd_sc_hd__nand3_2.ext:
Extracting sky130_fd_sc_hd__nor2_1 into sky130_fd_sc_hd__nor2_1.ext:
Extracting sky130_fd_sc_hd__and2_1 into sky130_fd_sc_hd__and2_1.ext:
Extracting sky130_fd_sc_hd__nor3_1 into sky130_fd_sc_hd__nor3_1.ext:
Extracting sky130_fd_sc_hd__o2bb2a_1 into sky130_fd_sc_hd__o2bb2a_1.ext:
Extracting sky130_fd_sc_hd__nand2_8 into sky130_fd_sc_hd__nand2_8.ext:
Extracting sky130_fd_sc_hd__and3_1 into sky130_fd_sc_hd__and3_1.ext:
Extracting sky130_fd_sc_hd__a32o_1 into sky130_fd_sc_hd__a32o_1.ext:
Extracting sky130_fd_sc_hd__a211o_1 into sky130_fd_sc_hd__a211o_1.ext:
Extracting sky130_fd_sc_hd__a31oi_4 into sky130_fd_sc_hd__a31oi_4.ext:
Extracting sky130_fd_sc_hd__a31o_1 into sky130_fd_sc_hd__a31o_1.ext:
Extracting sky130_fd_sc_hd__a21boi_1 into sky130_fd_sc_hd__a21boi_1.ext:
Extracting sky130_fd_sc_hd__mux2_1 into sky130_fd_sc_hd__mux2_1.ext:
Extracting sky130_fd_sc_hd__inv_2 into sky130_fd_sc_hd__inv_2.ext:
Extracting sky130_fd_sc_hd__o2111a_1 into sky130_fd_sc_hd__o2111a_1.ext:
Extracting sky130_fd_sc_hd__or3_1 into sky130_fd_sc_hd__or3_1.ext:
Extracting sky130_fd_sc_hd__nand2_2 into sky130_fd_sc_hd__nand2_2.ext:
Extracting sky130_fd_sc_hd__xor2_4 into sky130_fd_sc_hd__xor2_4.ext:
Extracting sky130_fd_sc_hd__nand3b_1 into sky130_fd_sc_hd__nand3b_1.ext:
Extracting sky130_fd_sc_hd__o22a_1 into sky130_fd_sc_hd__o22a_1.ext:
Extracting sky130_fd_sc_hd__diode_2 into sky130_fd_sc_hd__diode_2.ext:
Extracting sky130_fd_sc_hd__o21bai_1 into sky130_fd_sc_hd__o21bai_1.ext:
Extracting sky130_fd_sc_hd__a21oi_2 into sky130_fd_sc_hd__a21oi_2.ext:
Extracting sky130_fd_sc_hd__o211a_1 into sky130_fd_sc_hd__o211a_1.ext:
Extracting sky130_fd_sc_hd__and4bb_1 into sky130_fd_sc_hd__and4bb_1.ext:
Extracting sky130_fd_sc_hd__o21ai_4 into sky130_fd_sc_hd__o21ai_4.ext:
Extracting sky130_fd_sc_hd__xnor2_4 into sky130_fd_sc_hd__xnor2_4.ext:
Extracting sky130_fd_sc_hd__clkbuf_4 into sky130_fd_sc_hd__clkbuf_4.ext:
Extracting sky130_fd_sc_hd__or3b_1 into sky130_fd_sc_hd__or3b_1.ext:
Extracting sky130_fd_sc_hd__a211oi_1 into sky130_fd_sc_hd__a211oi_1.ext:
Extracting sky130_fd_sc_hd__a22oi_1 into sky130_fd_sc_hd__a22oi_1.ext:
Extracting sky130_fd_sc_hd__a2bb2o_1 into sky130_fd_sc_hd__a2bb2o_1.ext:
Extracting sky130_fd_sc_hd__nand2b_2 into sky130_fd_sc_hd__nand2b_2.ext:
Extracting sky130_fd_sc_hd__and2_2 into sky130_fd_sc_hd__and2_2.ext:
Extracting sky130_fd_sc_hd__o32a_1 into sky130_fd_sc_hd__o32a_1.ext:
Extracting sky130_fd_sc_hd__clkbuf_8 into sky130_fd_sc_hd__clkbuf_8.ext:
Extracting sky130_fd_sc_hd__o221a_1 into sky130_fd_sc_hd__o221a_1.ext:
Extracting sky130_fd_sc_hd__a21boi_2 into sky130_fd_sc_hd__a21boi_2.ext:
Extracting sky130_fd_sc_hd__or3_4 into sky130_fd_sc_hd__or3_4.ext:
Extracting sky130_fd_sc_hd__and3b_1 into sky130_fd_sc_hd__and3b_1.ext:
Extracting sky130_fd_sc_hd__a31oi_1 into sky130_fd_sc_hd__a31oi_1.ext:
Extracting sky130_fd_sc_hd__o21a_2 into sky130_fd_sc_hd__o21a_2.ext:
Extracting sky130_fd_sc_hd__o31ai_2 into sky130_fd_sc_hd__o31ai_2.ext:
Extracting sky130_fd_sc_hd__o211ai_1 into sky130_fd_sc_hd__o211ai_1.ext:
Extracting sky130_fd_sc_hd__or2_4 into sky130_fd_sc_hd__or2_4.ext:
Extracting sky130_fd_sc_hd__o32ai_4 into sky130_fd_sc_hd__o32ai_4.ext:
Extracting sky130_fd_sc_hd__nor2_4 into sky130_fd_sc_hd__nor2_4.ext:
Extracting sky130_fd_sc_hd__o21bai_2 into sky130_fd_sc_hd__o21bai_2.ext:
Extracting sky130_fd_sc_hd__o211ai_2 into sky130_fd_sc_hd__o211ai_2.ext:
Extracting sky130_fd_sc_hd__or3_2 into sky130_fd_sc_hd__or3_2.ext:
Extracting sky130_fd_sc_hd__and4b_1 into sky130_fd_sc_hd__and4b_1.ext:
Extracting sky130_fd_sc_hd__o211ai_4 into sky130_fd_sc_hd__o211ai_4.ext:
Extracting sky130_fd_sc_hd__dlymetal6s2s_1 into sky130_fd_sc_hd__dlymetal6s2s_1.ext:
Extracting sky130_fd_sc_hd__o22ai_2 into sky130_fd_sc_hd__o22ai_2.ext:
Extracting sky130_fd_sc_hd__o21ba_2 into sky130_fd_sc_hd__o21ba_2.ext:
Extracting sky130_fd_sc_hd__o31ai_1 into sky130_fd_sc_hd__o31ai_1.ext:
Extracting sky130_fd_sc_hd__o31a_1 into sky130_fd_sc_hd__o31a_1.ext:
Extracting sky130_fd_sc_hd__or4_1 into sky130_fd_sc_hd__or4_1.ext:
Extracting sky130_fd_sc_hd__mux2_4 into sky130_fd_sc_hd__mux2_4.ext:
Extracting sky130_fd_sc_hd__mux2_2 into sky130_fd_sc_hd__mux2_2.ext:
Extracting sky130_fd_sc_hd__dfxtp_1 into sky130_fd_sc_hd__dfxtp_1.ext:
Extracting sky130_fd_sc_hd__a211oi_2 into sky130_fd_sc_hd__a211oi_2.ext:
Extracting sky130_fd_sc_hd__a311o_1 into sky130_fd_sc_hd__a311o_1.ext:
Extracting sky130_fd_sc_hd__and2b_4 into sky130_fd_sc_hd__and2b_4.ext:
Extracting sky130_fd_sc_hd__nand2b_4 into sky130_fd_sc_hd__nand2b_4.ext:
Extracting sky130_fd_sc_hd__a31o_2 into sky130_fd_sc_hd__a31o_2.ext:
Extracting sky130_fd_sc_hd__and2_4 into sky130_fd_sc_hd__and2_4.ext:
Extracting sky130_fd_sc_hd__a22o_1 into sky130_fd_sc_hd__a22o_1.ext:
Extracting sky130_fd_sc_hd__nor3b_2 into sky130_fd_sc_hd__nor3b_2.ext:
Extracting sky130_fd_sc_hd__a32oi_4 into sky130_fd_sc_hd__a32oi_4.ext:
Extracting sky130_fd_sc_hd__clkbuf_16 into sky130_fd_sc_hd__clkbuf_16.ext:
Extracting sky130_fd_sc_hd__a21boi_4 into sky130_fd_sc_hd__a21boi_4.ext:
Extracting sky130_fd_sc_hd__or4b_1 into sky130_fd_sc_hd__or4b_1.ext:
Extracting sky130_fd_sc_hd__dfxtp_2 into sky130_fd_sc_hd__dfxtp_2.ext:
Extracting sky130_fd_sc_hd__or4_2 into sky130_fd_sc_hd__or4_2.ext:
Extracting sky130_fd_sc_hd__buf_1 into sky130_fd_sc_hd__buf_1.ext:
Extracting sky130_fd_sc_hd__a221o_1 into sky130_fd_sc_hd__a221o_1.ext:
Extracting sky130_fd_sc_hd__o21bai_4 into sky130_fd_sc_hd__o21bai_4.ext:
Extracting sky130_fd_sc_hd__or4bb_1 into sky130_fd_sc_hd__or4bb_1.ext:
Extracting sky130_fd_sc_hd__o2bb2ai_1 into sky130_fd_sc_hd__o2bb2ai_1.ext:
Extracting sky130_fd_sc_hd__o311a_1 into sky130_fd_sc_hd__o311a_1.ext:
Extracting sky130_fd_sc_hd__o31a_2 into sky130_fd_sc_hd__o31a_2.ext:
Extracting sky130_fd_sc_hd__and4_1 into sky130_fd_sc_hd__and4_1.ext:
Extracting sky130_fd_sc_hd__and2b_2 into sky130_fd_sc_hd__and2b_2.ext:
Extracting sky130_fd_sc_hd__or3b_2 into sky130_fd_sc_hd__or3b_2.ext:
Extracting sky130_fd_sc_hd__o2bb2a_2 into sky130_fd_sc_hd__o2bb2a_2.ext:
Extracting sky130_fd_sc_hd__a2bb2oi_1 into sky130_fd_sc_hd__a2bb2oi_1.ext:
Extracting sky130_fd_sc_hd__a22oi_4 into sky130_fd_sc_hd__a22oi_4.ext:
Extracting sky130_fd_sc_hd__buf_6 into sky130_fd_sc_hd__buf_6.ext:
Extracting sky130_fd_sc_hd__inv_4 into sky130_fd_sc_hd__inv_4.ext:
Extracting sky130_fd_sc_hd__o31ai_4 into sky130_fd_sc_hd__o31ai_4.ext:
Extracting sky130_fd_sc_hd__clkbuf_1 into sky130_fd_sc_hd__clkbuf_1.ext:
Extracting sky130_fd_sc_hd__a22oi_2 into sky130_fd_sc_hd__a22oi_2.ext:
Extracting sky130_fd_sc_hd__a211o_2 into sky130_fd_sc_hd__a211o_2.ext:
Extracting sky130_fd_sc_hd__or4b_2 into sky130_fd_sc_hd__or4b_2.ext:
Extracting sky130_fd_sc_hd__and3b_2 into sky130_fd_sc_hd__and3b_2.ext:
Extracting sky130_fd_sc_hd__a211oi_4 into sky130_fd_sc_hd__a211oi_4.ext:
Extracting sky130_fd_sc_hd__inv_6 into sky130_fd_sc_hd__inv_6.ext:
Extracting sky130_fd_sc_hd__nand4_1 into sky130_fd_sc_hd__nand4_1.ext:
Extracting sky130_fd_sc_hd__o211a_2 into sky130_fd_sc_hd__o211a_2.ext:
Extracting sky130_fd_sc_hd__nor4_1 into sky130_fd_sc_hd__nor4_1.ext:
Extracting sky130_fd_sc_hd__nand3b_2 into sky130_fd_sc_hd__nand3b_2.ext:
Extracting sky130_fd_sc_hd__a221o_2 into sky130_fd_sc_hd__a221o_2.ext:
Extracting sky130_fd_sc_hd__nor3_2 into sky130_fd_sc_hd__nor3_2.ext:
Extracting sky130_fd_sc_hd__o32a_4 into sky130_fd_sc_hd__o32a_4.ext:
Extracting sky130_fd_sc_hd__o311ai_4 into sky130_fd_sc_hd__o311ai_4.ext:
Extracting sky130_fd_sc_hd__o22a_4 into sky130_fd_sc_hd__o22a_4.ext:
Extracting sky130_fd_sc_hd__a22o_2 into sky130_fd_sc_hd__a22o_2.ext:
Extracting sky130_fd_sc_hd__o22ai_1 into sky130_fd_sc_hd__o22ai_1.ext:
Extracting sky130_fd_sc_hd__and4bb_2 into sky130_fd_sc_hd__and4bb_2.ext:
Extracting sky130_fd_sc_hd__nor2_8 into sky130_fd_sc_hd__nor2_8.ext:
Extracting sky130_fd_sc_hd__nor3b_1 into sky130_fd_sc_hd__nor3b_1.ext:
Extracting sky130_fd_sc_hd__buf_8 into sky130_fd_sc_hd__buf_8.ext:
Extracting sky130_fd_sc_hd__o21ba_4 into sky130_fd_sc_hd__o21ba_4.ext:
Extracting sky130_fd_sc_hd__and4b_2 into sky130_fd_sc_hd__and4b_2.ext:
Extracting sky130_fd_sc_hd__a21o_4 into sky130_fd_sc_hd__a21o_4.ext:
Extracting sky130_fd_sc_hd__or4bb_2 into sky130_fd_sc_hd__or4bb_2.ext:
Extracting sky130_fd_sc_hd__o22ai_4 into sky130_fd_sc_hd__o22ai_4.ext:
Extracting sky130_fd_sc_hd__or4bb_4 into sky130_fd_sc_hd__or4bb_4.ext:
Extracting sky130_fd_sc_hd__o32ai_2 into sky130_fd_sc_hd__o32ai_2.ext:
Extracting sky130_fd_sc_hd__clkinv_4 into sky130_fd_sc_hd__clkinv_4.ext:
Extracting highpass into highpass.ext:
exttospice finished.
Using technology "sky130A", version 1.0.466-0-gbdc9412
