
===========================================================================
report_checks -unconstrained
===========================================================================
======================= max_ss_100C_1v60 Corner ===================================

Startpoint: input_data[81] (input port clocked by clk)
Endpoint: _22395_ (rising edge-triggered flip-flop clocked by clk)
Path Group: clk
Path Type: max

Fanout         Cap        Slew       Delay        Time   Description
---------------------------------------------------------------------------------------------
                                  0.000000    0.000000   clock clk (rise edge)
                                  0.000000    0.000000   clock network delay (propagated)
                                  5.000000    5.000000 ^ input external delay
     2    0.004164    0.041456    0.023014    5.023015 ^ input_data[81] (in)
                                                         input_data[81] (net)
                      0.041456    0.000000    5.023015 ^ input197/A (sky130_fd_sc_hd__buf_2)
     2    0.070566    0.543747    0.511145    5.534160 ^ input197/X (sky130_fd_sc_hd__buf_2)
                                                         net197 (net)
                      0.545096    0.022265    5.556425 ^ fanout419/A (sky130_fd_sc_hd__clkbuf_4)
    12    0.079929    0.382294    0.678673    6.235098 ^ fanout419/X (sky130_fd_sc_hd__clkbuf_4)
                                                         net419 (net)
                      0.383928    0.020396    6.255494 ^ fanout418/A (sky130_fd_sc_hd__buf_2)
    12    0.058146    0.451002    0.600712    6.856205 ^ fanout418/X (sky130_fd_sc_hd__buf_2)
                                                         net418 (net)
                      0.451109    0.005818    6.862024 ^ fanout417/A (sky130_fd_sc_hd__buf_2)
    12    0.052451    0.408340    0.598523    7.460547 ^ fanout417/X (sky130_fd_sc_hd__buf_2)
                                                         net417 (net)
                      0.408394    0.003904    7.464451 ^ fanout416/A (sky130_fd_sc_hd__buf_6)
    10    0.088227    0.282976    0.468626    7.933077 ^ fanout416/X (sky130_fd_sc_hd__buf_6)
                                                         net416 (net)
                      0.283307    0.007992    7.941069 ^ _11244_/B (sky130_fd_sc_hd__nor2_1)
     4    0.018326    0.180736    0.262802    8.203872 v _11244_/Y (sky130_fd_sc_hd__nor2_1)
                                                         _03356_ (net)
                      0.180740    0.000712    8.204584 v _11246_/B (sky130_fd_sc_hd__or2_1)
     1    0.006143    0.126375    0.541254    8.745838 v _11246_/X (sky130_fd_sc_hd__or2_1)
                                                         _03378_ (net)
                      0.126377    0.000418    8.746257 v fanout270/A (sky130_fd_sc_hd__clkbuf_4)
    10    0.095256    0.332138    0.497671    9.243928 v fanout270/X (sky130_fd_sc_hd__clkbuf_4)
                                                         net270 (net)
                      0.332201    0.003882    9.247810 v fanout269/A (sky130_fd_sc_hd__buf_6)
    20    0.112688    0.178855    0.456064    9.703874 v fanout269/X (sky130_fd_sc_hd__buf_6)
                                                         net269 (net)
                      0.179602    0.009389    9.713263 v _11539_/A (sky130_fd_sc_hd__nor2_1)
     3    0.020968    0.632657    0.583646   10.296908 ^ _11539_/Y (sky130_fd_sc_hd__nor2_1)
                                                         _06600_ (net)
                      0.632660    0.001073   10.297981 ^ _11541_/A (sky130_fd_sc_hd__nor2_2)
     2    0.029112    0.216064    0.383558   10.681540 v _11541_/Y (sky130_fd_sc_hd__nor2_2)
                                                         _06622_ (net)
                      0.216083    0.001675   10.683214 v _11663_/A1 (sky130_fd_sc_hd__a21oi_2)
     2    0.018470    0.393435    0.457804   11.141018 ^ _11663_/Y (sky130_fd_sc_hd__a21oi_2)
                                                         _07963_ (net)
                      0.393444    0.001522   11.142541 ^ _11665_/B (sky130_fd_sc_hd__xor2_1)
     2    0.014498    0.523169    0.605716   11.748256 ^ _11665_/X (sky130_fd_sc_hd__xor2_1)
                                                         _07985_ (net)
                      0.523171    0.000894   11.749149 ^ _11666_/B (sky130_fd_sc_hd__xnor2_1)
     2    0.011977    0.485303    0.451346   12.200495 ^ _11666_/Y (sky130_fd_sc_hd__xnor2_1)
                                                         _07996_ (net)
                      0.485305    0.000770   12.201265 ^ _11668_/B (sky130_fd_sc_hd__xnor2_1)
     2    0.012497    0.238224    0.383342   12.584607 v _11668_/Y (sky130_fd_sc_hd__xnor2_1)
                                                         _08018_ (net)
                      0.238228    0.000838   12.585446 v _11670_/B (sky130_fd_sc_hd__or2_1)
     1    0.010459    0.164780    0.608733   13.194179 v _11670_/X (sky130_fd_sc_hd__or2_1)
                                                         _08040_ (net)
                      0.164787    0.000949   13.195128 v _11671_/B (sky130_fd_sc_hd__and2_2)
     4    0.031371    0.181618    0.570330   13.765458 v _11671_/X (sky130_fd_sc_hd__and2_2)
                                                         _08051_ (net)
                      0.181688    0.002948   13.768406 v _11845_/A (sky130_fd_sc_hd__and3_1)
     4    0.035843    0.339452    0.579885   14.348291 v _11845_/X (sky130_fd_sc_hd__and3_1)
                                                         _09964_ (net)
                      0.339501    0.003443   14.351734 v _11878_/A (sky130_fd_sc_hd__or4bb_4)
     3    0.014040    0.185781    1.214637   15.566372 v _11878_/X (sky130_fd_sc_hd__or4bb_4)
                                                         _10327_ (net)
                      0.185801    0.001457   15.567828 v _11880_/B (sky130_fd_sc_hd__and3_1)
     2    0.010164    0.131336    0.453202   16.021030 v _11880_/X (sky130_fd_sc_hd__and3_1)
                                                         _10349_ (net)
                      0.131344    0.000835   16.021866 v _11882_/B (sky130_fd_sc_hd__or3_1)
     3    0.014237    0.245926    0.971937   16.993803 v _11882_/X (sky130_fd_sc_hd__or3_1)
                                                         _10370_ (net)
                      0.245932    0.000963   16.994764 v _11897_/A1 (sky130_fd_sc_hd__a211o_1)
     3    0.009129    0.141359    0.621489   17.616253 v _11897_/X (sky130_fd_sc_hd__a211o_1)
                                                         _10535_ (net)
                      0.141365    0.000762   17.617016 v _11898_/C (sky130_fd_sc_hd__and3_1)
     2    0.007299    0.107294    0.435966   18.052982 v _11898_/X (sky130_fd_sc_hd__and3_1)
                                                         _10546_ (net)
                      0.107297    0.000483   18.053465 v _11917_/B1 (sky130_fd_sc_hd__a211o_1)
     3    0.012373    0.171855    0.610589   18.664055 v _11917_/X (sky130_fd_sc_hd__a211o_1)
                                                         _10755_ (net)
                      0.171859    0.000719   18.664774 v _11920_/B (sky130_fd_sc_hd__and3_2)
     4    0.024168    0.159484    0.563620   19.228394 v _11920_/X (sky130_fd_sc_hd__and3_2)
                                                         _10788_ (net)
                      0.159520    0.001885   19.230278 v _11947_/A (sky130_fd_sc_hd__or3_4)
     5    0.026802    0.180523    0.889512   20.119791 v _11947_/X (sky130_fd_sc_hd__or3_4)
                                                         _11085_ (net)
                      0.180536    0.002874   20.122665 v _11949_/B (sky130_fd_sc_hd__and3_1)
     2    0.007566    0.109499    0.428859   20.551523 v _11949_/X (sky130_fd_sc_hd__and3_1)
                                                         _11107_ (net)
                      0.109504    0.000572   20.552095 v _11979_/A (sky130_fd_sc_hd__or3_2)
     5    0.021785    0.268626    1.295355   21.847450 v _11979_/X (sky130_fd_sc_hd__or3_2)
                                                         _00258_ (net)
                      0.268658    0.002158   21.849609 v _11981_/B (sky130_fd_sc_hd__and3_1)
     2    0.009650    0.126940    0.490664   22.340273 v _11981_/X (sky130_fd_sc_hd__and3_1)
                                                         _00280_ (net)
                      0.126945    0.000687   22.340960 v _12019_/A1 (sky130_fd_sc_hd__o211a_1)
     2    0.009127    0.126422    0.486420   22.827379 v _12019_/X (sky130_fd_sc_hd__o211a_1)
                                                         _00697_ (net)
                      0.126425    0.000590   22.827969 v _12021_/A2 (sky130_fd_sc_hd__o21a_1)
     2    0.010688    0.134711    0.400679   23.228647 v _12021_/X (sky130_fd_sc_hd__o21a_1)
                                                         _00719_ (net)
                      0.134717    0.000757   23.229404 v _12118_/B (sky130_fd_sc_hd__nor3_2)
     3    0.011757    0.397435    0.433122   23.662527 ^ _12118_/Y (sky130_fd_sc_hd__nor3_2)
                                                         _01598_ (net)
                      0.397436    0.000597   23.663124 ^ _16802_/B1_N (sky130_fd_sc_hd__o21ba_1)
     2    0.010971    0.134195    0.451163   24.114286 v _16802_/X (sky130_fd_sc_hd__o21ba_1)
                                                         _06628_ (net)
                      0.134199    0.000613   24.114899 v _17945_/A2 (sky130_fd_sc_hd__o21bai_1)
     2    0.010972    0.418146    0.416238   24.531137 ^ _17945_/Y (sky130_fd_sc_hd__o21bai_1)
                                                         _07884_ (net)
                      0.418146    0.000467   24.531605 ^ _19186_/A2 (sky130_fd_sc_hd__a21o_1)
     3    0.012067    0.180098    0.427461   24.959064 ^ _19186_/X (sky130_fd_sc_hd__a21o_1)
                                                         _09248_ (net)
                      0.180101    0.000666   24.959730 ^ _20615_/A2 (sky130_fd_sc_hd__a21o_1)
     3    0.014589    0.211981    0.368781   25.328512 ^ _20615_/X (sky130_fd_sc_hd__a21o_1)
                                                         _10819_ (net)
                      0.211985    0.000831   25.329344 ^ _21715_/A1 (sky130_fd_sc_hd__a221o_1)
     1    0.006206    0.131926    0.377241   25.706585 ^ _21715_/X (sky130_fd_sc_hd__a221o_1)
                                                         _00849_ (net)
                      0.131928    0.000457   25.707041 ^ _21716_/B1 (sky130_fd_sc_hd__o311ai_2)
     1    0.013462    0.298099    0.336737   26.043777 v _21716_/Y (sky130_fd_sc_hd__o311ai_2)
                                                         _00850_ (net)
                      0.298099    0.001320   26.045097 v _21914_/A2 (sky130_fd_sc_hd__a31o_1)
     1    0.013629    0.151097    0.557435   26.602533 v _21914_/X (sky130_fd_sc_hd__a31o_1)
                                                         _01068_ (net)
                      0.151112    0.001236   26.603769 v _22033_/A2 (sky130_fd_sc_hd__o21a_1)
     2    0.022320    0.233329    0.494783   27.098551 v _22033_/X (sky130_fd_sc_hd__o21a_1)
                                                         _01199_ (net)
                      0.233399    0.003354   27.101906 v _22196_/A1 (sky130_fd_sc_hd__o22a_1)
     1    0.005926    0.114857    0.482062   27.583967 v _22196_/X (sky130_fd_sc_hd__o22a_1)
                                                         _01378_ (net)
                      0.114860    0.000433   27.584402 v _22243_/A2 (sky130_fd_sc_hd__o21ba_1)
     1    0.003202    0.067585    0.328662   27.913063 v _22243_/X (sky130_fd_sc_hd__o21ba_1)
                                                         _01430_ (net)
                      0.067586    0.000218   27.913280 v _22245_/B1 (sky130_fd_sc_hd__o32a_1)
     1    0.003715    0.124105    0.336456   28.249737 v _22245_/X (sky130_fd_sc_hd__o32a_1)
                                                         _00005_ (net)
                      0.124106    0.000265   28.250002 v _22395_/D (sky130_fd_sc_hd__dfxtp_4)
                                             28.250002   data arrival time

                                 25.000000   25.000000   clock clk (rise edge)
                                  0.000000   25.000000   clock source latency
     2    0.100290    0.723338    0.518272   25.518270 ^ clk (in)
                                                         clk (net)
                      0.725965    0.000000   25.518270 ^ clkbuf_0_clk/A (sky130_fd_sc_hd__clkbuf_16)
     4    0.035664    0.097720    0.505080   26.023352 ^ clkbuf_0_clk/X (sky130_fd_sc_hd__clkbuf_16)
                                                         clknet_0_clk (net)
                      0.097824    0.002512   26.025864 ^ clkbuf_1_1__f_clk/A (sky130_fd_sc_hd__clkbuf_16)
    14    0.061600    0.123125    0.285167   26.311031 ^ clkbuf_1_1__f_clk/X (sky130_fd_sc_hd__clkbuf_16)
                                                         clknet_1_1__leaf_clk (net)
                      0.123353    0.004144   26.315174 ^ _22395_/CLK (sky130_fd_sc_hd__dfxtp_4)
                                 -0.250000   26.065176   clock uncertainty
                                  0.000000   26.065176   clock reconvergence pessimism
                                 -0.280900   25.784275   library setup time
                                             25.784275   data required time
---------------------------------------------------------------------------------------------
                                             25.784275   data required time
                                            -28.250002   data arrival time
---------------------------------------------------------------------------------------------
                                             -2.465727   slack (VIOLATED)




===========================================================================
report_checks --slack_max -0.01
============================================================================
======================= max_ss_100C_1v60 Corner ===================================

Startpoint: input_data[81] (input port clocked by clk)
Endpoint: _22395_ (rising edge-triggered flip-flop clocked by clk)
Path Group: clk
Path Type: max

Fanout         Cap        Slew       Delay        Time   Description
---------------------------------------------------------------------------------------------
                                  0.000000    0.000000   clock clk (rise edge)
                                  0.000000    0.000000   clock network delay (propagated)
                                  5.000000    5.000000 ^ input external delay
     2    0.004164    0.041456    0.023014    5.023015 ^ input_data[81] (in)
                                                         input_data[81] (net)
                      0.041456    0.000000    5.023015 ^ input197/A (sky130_fd_sc_hd__buf_2)
     2    0.070566    0.543747    0.511145    5.534160 ^ input197/X (sky130_fd_sc_hd__buf_2)
                                                         net197 (net)
                      0.545096    0.022265    5.556425 ^ fanout419/A (sky130_fd_sc_hd__clkbuf_4)
    12    0.079929    0.382294    0.678673    6.235098 ^ fanout419/X (sky130_fd_sc_hd__clkbuf_4)
                                                         net419 (net)
                      0.383928    0.020396    6.255494 ^ fanout418/A (sky130_fd_sc_hd__buf_2)
    12    0.058146    0.451002    0.600712    6.856205 ^ fanout418/X (sky130_fd_sc_hd__buf_2)
                                                         net418 (net)
                      0.451109    0.005818    6.862024 ^ fanout417/A (sky130_fd_sc_hd__buf_2)
    12    0.052451    0.408340    0.598523    7.460547 ^ fanout417/X (sky130_fd_sc_hd__buf_2)
                                                         net417 (net)
                      0.408394    0.003904    7.464451 ^ fanout416/A (sky130_fd_sc_hd__buf_6)
    10    0.088227    0.282976    0.468626    7.933077 ^ fanout416/X (sky130_fd_sc_hd__buf_6)
                                                         net416 (net)
                      0.283307    0.007992    7.941069 ^ _11244_/B (sky130_fd_sc_hd__nor2_1)
     4    0.018326    0.180736    0.262802    8.203872 v _11244_/Y (sky130_fd_sc_hd__nor2_1)
                                                         _03356_ (net)
                      0.180740    0.000712    8.204584 v _11246_/B (sky130_fd_sc_hd__or2_1)
     1    0.006143    0.126375    0.541254    8.745838 v _11246_/X (sky130_fd_sc_hd__or2_1)
                                                         _03378_ (net)
                      0.126377    0.000418    8.746257 v fanout270/A (sky130_fd_sc_hd__clkbuf_4)
    10    0.095256    0.332138    0.497671    9.243928 v fanout270/X (sky130_fd_sc_hd__clkbuf_4)
                                                         net270 (net)
                      0.332201    0.003882    9.247810 v fanout269/A (sky130_fd_sc_hd__buf_6)
    20    0.112688    0.178855    0.456064    9.703874 v fanout269/X (sky130_fd_sc_hd__buf_6)
                                                         net269 (net)
                      0.179602    0.009389    9.713263 v _11539_/A (sky130_fd_sc_hd__nor2_1)
     3    0.020968    0.632657    0.583646   10.296908 ^ _11539_/Y (sky130_fd_sc_hd__nor2_1)
                                                         _06600_ (net)
                      0.632660    0.001073   10.297981 ^ _11541_/A (sky130_fd_sc_hd__nor2_2)
     2    0.029112    0.216064    0.383558   10.681540 v _11541_/Y (sky130_fd_sc_hd__nor2_2)
                                                         _06622_ (net)
                      0.216083    0.001675   10.683214 v _11663_/A1 (sky130_fd_sc_hd__a21oi_2)
     2    0.018470    0.393435    0.457804   11.141018 ^ _11663_/Y (sky130_fd_sc_hd__a21oi_2)
                                                         _07963_ (net)
                      0.393444    0.001522   11.142541 ^ _11665_/B (sky130_fd_sc_hd__xor2_1)
     2    0.014498    0.523169    0.605716   11.748256 ^ _11665_/X (sky130_fd_sc_hd__xor2_1)
                                                         _07985_ (net)
                      0.523171    0.000894   11.749149 ^ _11666_/B (sky130_fd_sc_hd__xnor2_1)
     2    0.011977    0.485303    0.451346   12.200495 ^ _11666_/Y (sky130_fd_sc_hd__xnor2_1)
                                                         _07996_ (net)
                      0.485305    0.000770   12.201265 ^ _11668_/B (sky130_fd_sc_hd__xnor2_1)
     2    0.012497    0.238224    0.383342   12.584607 v _11668_/Y (sky130_fd_sc_hd__xnor2_1)
                                                         _08018_ (net)
                      0.238228    0.000838   12.585446 v _11670_/B (sky130_fd_sc_hd__or2_1)
     1    0.010459    0.164780    0.608733   13.194179 v _11670_/X (sky130_fd_sc_hd__or2_1)
                                                         _08040_ (net)
                      0.164787    0.000949   13.195128 v _11671_/B (sky130_fd_sc_hd__and2_2)
     4    0.031371    0.181618    0.570330   13.765458 v _11671_/X (sky130_fd_sc_hd__and2_2)
                                                         _08051_ (net)
                      0.181688    0.002948   13.768406 v _11845_/A (sky130_fd_sc_hd__and3_1)
     4    0.035843    0.339452    0.579885   14.348291 v _11845_/X (sky130_fd_sc_hd__and3_1)
                                                         _09964_ (net)
                      0.339501    0.003443   14.351734 v _11878_/A (sky130_fd_sc_hd__or4bb_4)
     3    0.014040    0.185781    1.214637   15.566372 v _11878_/X (sky130_fd_sc_hd__or4bb_4)
                                                         _10327_ (net)
                      0.185801    0.001457   15.567828 v _11880_/B (sky130_fd_sc_hd__and3_1)
     2    0.010164    0.131336    0.453202   16.021030 v _11880_/X (sky130_fd_sc_hd__and3_1)
                                                         _10349_ (net)
                      0.131344    0.000835   16.021866 v _11882_/B (sky130_fd_sc_hd__or3_1)
     3    0.014237    0.245926    0.971937   16.993803 v _11882_/X (sky130_fd_sc_hd__or3_1)
                                                         _10370_ (net)
                      0.245932    0.000963   16.994764 v _11897_/A1 (sky130_fd_sc_hd__a211o_1)
     3    0.009129    0.141359    0.621489   17.616253 v _11897_/X (sky130_fd_sc_hd__a211o_1)
                                                         _10535_ (net)
                      0.141365    0.000762   17.617016 v _11898_/C (sky130_fd_sc_hd__and3_1)
     2    0.007299    0.107294    0.435966   18.052982 v _11898_/X (sky130_fd_sc_hd__and3_1)
                                                         _10546_ (net)
                      0.107297    0.000483   18.053465 v _11917_/B1 (sky130_fd_sc_hd__a211o_1)
     3    0.012373    0.171855    0.610589   18.664055 v _11917_/X (sky130_fd_sc_hd__a211o_1)
                                                         _10755_ (net)
                      0.171859    0.000719   18.664774 v _11920_/B (sky130_fd_sc_hd__and3_2)
     4    0.024168    0.159484    0.563620   19.228394 v _11920_/X (sky130_fd_sc_hd__and3_2)
                                                         _10788_ (net)
                      0.159520    0.001885   19.230278 v _11947_/A (sky130_fd_sc_hd__or3_4)
     5    0.026802    0.180523    0.889512   20.119791 v _11947_/X (sky130_fd_sc_hd__or3_4)
                                                         _11085_ (net)
                      0.180536    0.002874   20.122665 v _11949_/B (sky130_fd_sc_hd__and3_1)
     2    0.007566    0.109499    0.428859   20.551523 v _11949_/X (sky130_fd_sc_hd__and3_1)
                                                         _11107_ (net)
                      0.109504    0.000572   20.552095 v _11979_/A (sky130_fd_sc_hd__or3_2)
     5    0.021785    0.268626    1.295355   21.847450 v _11979_/X (sky130_fd_sc_hd__or3_2)
                                                         _00258_ (net)
                      0.268658    0.002158   21.849609 v _11981_/B (sky130_fd_sc_hd__and3_1)
     2    0.009650    0.126940    0.490664   22.340273 v _11981_/X (sky130_fd_sc_hd__and3_1)
                                                         _00280_ (net)
                      0.126945    0.000687   22.340960 v _12019_/A1 (sky130_fd_sc_hd__o211a_1)
     2    0.009127    0.126422    0.486420   22.827379 v _12019_/X (sky130_fd_sc_hd__o211a_1)
                                                         _00697_ (net)
                      0.126425    0.000590   22.827969 v _12021_/A2 (sky130_fd_sc_hd__o21a_1)
     2    0.010688    0.134711    0.400679   23.228647 v _12021_/X (sky130_fd_sc_hd__o21a_1)
                                                         _00719_ (net)
                      0.134717    0.000757   23.229404 v _12118_/B (sky130_fd_sc_hd__nor3_2)
     3    0.011757    0.397435    0.433122   23.662527 ^ _12118_/Y (sky130_fd_sc_hd__nor3_2)
                                                         _01598_ (net)
                      0.397436    0.000597   23.663124 ^ _16802_/B1_N (sky130_fd_sc_hd__o21ba_1)
     2    0.010971    0.134195    0.451163   24.114286 v _16802_/X (sky130_fd_sc_hd__o21ba_1)
                                                         _06628_ (net)
                      0.134199    0.000613   24.114899 v _17945_/A2 (sky130_fd_sc_hd__o21bai_1)
     2    0.010972    0.418146    0.416238   24.531137 ^ _17945_/Y (sky130_fd_sc_hd__o21bai_1)
                                                         _07884_ (net)
                      0.418146    0.000467   24.531605 ^ _19186_/A2 (sky130_fd_sc_hd__a21o_1)
     3    0.012067    0.180098    0.427461   24.959064 ^ _19186_/X (sky130_fd_sc_hd__a21o_1)
                                                         _09248_ (net)
                      0.180101    0.000666   24.959730 ^ _20615_/A2 (sky130_fd_sc_hd__a21o_1)
     3    0.014589    0.211981    0.368781   25.328512 ^ _20615_/X (sky130_fd_sc_hd__a21o_1)
                                                         _10819_ (net)
                      0.211985    0.000831   25.329344 ^ _21715_/A1 (sky130_fd_sc_hd__a221o_1)
     1    0.006206    0.131926    0.377241   25.706585 ^ _21715_/X (sky130_fd_sc_hd__a221o_1)
                                                         _00849_ (net)
                      0.131928    0.000457   25.707041 ^ _21716_/B1 (sky130_fd_sc_hd__o311ai_2)
     1    0.013462    0.298099    0.336737   26.043777 v _21716_/Y (sky130_fd_sc_hd__o311ai_2)
                                                         _00850_ (net)
                      0.298099    0.001320   26.045097 v _21914_/A2 (sky130_fd_sc_hd__a31o_1)
     1    0.013629    0.151097    0.557435   26.602533 v _21914_/X (sky130_fd_sc_hd__a31o_1)
                                                         _01068_ (net)
                      0.151112    0.001236   26.603769 v _22033_/A2 (sky130_fd_sc_hd__o21a_1)
     2    0.022320    0.233329    0.494783   27.098551 v _22033_/X (sky130_fd_sc_hd__o21a_1)
                                                         _01199_ (net)
                      0.233399    0.003354   27.101906 v _22196_/A1 (sky130_fd_sc_hd__o22a_1)
     1    0.005926    0.114857    0.482062   27.583967 v _22196_/X (sky130_fd_sc_hd__o22a_1)
                                                         _01378_ (net)
                      0.114860    0.000433   27.584402 v _22243_/A2 (sky130_fd_sc_hd__o21ba_1)
     1    0.003202    0.067585    0.328662   27.913063 v _22243_/X (sky130_fd_sc_hd__o21ba_1)
                                                         _01430_ (net)
                      0.067586    0.000218   27.913280 v _22245_/B1 (sky130_fd_sc_hd__o32a_1)
     1    0.003715    0.124105    0.336456   28.249737 v _22245_/X (sky130_fd_sc_hd__o32a_1)
                                                         _00005_ (net)
                      0.124106    0.000265   28.250002 v _22395_/D (sky130_fd_sc_hd__dfxtp_4)
                                             28.250002   data arrival time

                                 25.000000   25.000000   clock clk (rise edge)
                                  0.000000   25.000000   clock source latency
     2    0.100290    0.723338    0.518272   25.518270 ^ clk (in)
                                                         clk (net)
                      0.725965    0.000000   25.518270 ^ clkbuf_0_clk/A (sky130_fd_sc_hd__clkbuf_16)
     4    0.035664    0.097720    0.505080   26.023352 ^ clkbuf_0_clk/X (sky130_fd_sc_hd__clkbuf_16)
                                                         clknet_0_clk (net)
                      0.097824    0.002512   26.025864 ^ clkbuf_1_1__f_clk/A (sky130_fd_sc_hd__clkbuf_16)
    14    0.061600    0.123125    0.285167   26.311031 ^ clkbuf_1_1__f_clk/X (sky130_fd_sc_hd__clkbuf_16)
                                                         clknet_1_1__leaf_clk (net)
                      0.123353    0.004144   26.315174 ^ _22395_/CLK (sky130_fd_sc_hd__dfxtp_4)
                                 -0.250000   26.065176   clock uncertainty
                                  0.000000   26.065176   clock reconvergence pessimism
                                 -0.280900   25.784275   library setup time
                                             25.784275   data required time
---------------------------------------------------------------------------------------------
                                             25.784275   data required time
                                            -28.250002   data arrival time
---------------------------------------------------------------------------------------------
                                             -2.465727   slack (VIOLATED)




===========================================================================
 report_check_types -max_slew -max_cap -max_fanout -violators
============================================================================
======================= max_ss_100C_1v60 Corner ===================================

max slew

Pin                                        Limit        Slew       Slack
------------------------------------------------------------------------
_21532_/B                               0.750000    1.129151   -0.379151 (VIOLATED)
ANTENNA__21532__B/DIODE                 0.750000    1.129147   -0.379147 (VIOLATED)
_21531_/X                               0.750000    1.128873   -0.378873 (VIOLATED)
_17098_/C                               0.750000    1.100999   -0.350999 (VIOLATED)
ANTENNA__17098__C/DIODE                 0.750000    1.100999   -0.350999 (VIOLATED)
_17099_/A2                              0.750000    1.100999   -0.350999 (VIOLATED)
ANTENNA__17099__A2/DIODE                0.750000    1.100998   -0.350998 (VIOLATED)
_17097_/Y                               0.750000    1.100956   -0.350956 (VIOLATED)
_21904_/B                               0.750000    1.036968   -0.286968 (VIOLATED)
ANTENNA__21904__B/DIODE                 0.750000    1.036957   -0.286957 (VIOLATED)
_21903_/Y                               0.750000    1.035587   -0.285587 (VIOLATED)
_19898_/A                               0.750000    1.007980   -0.257980 (VIOLATED)
ANTENNA__19898__A/DIODE                 0.750000    1.007980   -0.257980 (VIOLATED)
ANTENNA__17459__A/DIODE                 0.750000    1.007977   -0.257977 (VIOLATED)
_17459_/A                               0.750000    1.007976   -0.257976 (VIOLATED)
ANTENNA_fanout259_A/DIODE               0.750000    1.007961   -0.257961 (VIOLATED)
fanout259/A                             0.750000    1.007961   -0.257961 (VIOLATED)
_14619_/Y                               0.750000    1.007959   -0.257959 (VIOLATED)
_14468_/A                               0.750000    0.968312   -0.218312 (VIOLATED)
ANTENNA__14468__A/DIODE                 0.750000    0.968311   -0.218311 (VIOLATED)
_12227_/A                               0.750000    0.968307   -0.218307 (VIOLATED)
ANTENNA__12227__A/DIODE                 0.750000    0.968303   -0.218303 (VIOLATED)
ANTENNA__13665__B/DIODE                 0.750000    0.968299   -0.218299 (VIOLATED)
_13665_/B                               0.750000    0.968299   -0.218299 (VIOLATED)
_13664_/B                               0.750000    0.968299   -0.218299 (VIOLATED)
ANTENNA__13664__B/DIODE                 0.750000    0.968298   -0.218298 (VIOLATED)
_12386_/A                               0.750000    0.968292   -0.218292 (VIOLATED)
_12387_/A                               0.750000    0.968291   -0.218292 (VIOLATED)
ANTENNA__12386__A/DIODE                 0.750000    0.968291   -0.218291 (VIOLATED)
ANTENNA__12387__A/DIODE                 0.750000    0.968291   -0.218291 (VIOLATED)
_12226_/Y                               0.750000    0.968287   -0.218287 (VIOLATED)
_13594_/A1                              0.750000    0.959431   -0.209431 (VIOLATED)
_12046_/A1                              0.750000    0.959427   -0.209427 (VIOLATED)
_12405_/B                               0.750000    0.959422   -0.209422 (VIOLATED)
_12044_/B                               0.750000    0.959419   -0.209419 (VIOLATED)
ANTENNA__12405__B/DIODE                 0.750000    0.959419   -0.209419 (VIOLATED)
ANTENNA__12046__A1/DIODE                0.750000    0.959419   -0.209419 (VIOLATED)
ANTENNA__13594__A1/DIODE                0.750000    0.959419   -0.209419 (VIOLATED)
ANTENNA__12044__B/DIODE                 0.750000    0.959417   -0.209417 (VIOLATED)
_15375_/A                               0.750000    0.959378   -0.209379 (VIOLATED)
ANTENNA__15374__A/DIODE                 0.750000    0.959378   -0.209378 (VIOLATED)
ANTENNA__15375__A/DIODE                 0.750000    0.959378   -0.209378 (VIOLATED)
_15374_/A                               0.750000    0.959378   -0.209378 (VIOLATED)
_11242_/Y                               0.750000    0.959354   -0.209354 (VIOLATED)
_16487_/B1                              0.750000    0.953441   -0.203441 (VIOLATED)
ANTENNA__16487__B1/DIODE                0.750000    0.953440   -0.203440 (VIOLATED)
_16475_/C                               0.750000    0.953440   -0.203440 (VIOLATED)
ANTENNA__16475__C/DIODE                 0.750000    0.953440   -0.203440 (VIOLATED)
_16474_/Y                               0.750000    0.953380   -0.203380 (VIOLATED)
_11884_/B                               0.750000    0.947026   -0.197026 (VIOLATED)
ANTENNA__11884__B/DIODE                 0.750000    0.947024   -0.197024 (VIOLATED)
ANTENNA__11791__A2/DIODE                0.750000    0.947022   -0.197022 (VIOLATED)
_11791_/A2                              0.750000    0.947022   -0.197022 (VIOLATED)
_11790_/Y                               0.750000    0.946985   -0.196985 (VIOLATED)
_20910_/A                               0.750000    0.932773   -0.182773 (VIOLATED)
_20909_/A                               0.750000    0.932772   -0.182772 (VIOLATED)
ANTENNA__20909__A/DIODE                 0.750000    0.932772   -0.182772 (VIOLATED)
_20908_/A                               0.750000    0.932772   -0.182772 (VIOLATED)
ANTENNA__20908__A/DIODE                 0.750000    0.932772   -0.182772 (VIOLATED)
ANTENNA__20910__A/DIODE                 0.750000    0.932770   -0.182770 (VIOLATED)
_20906_/Y                               0.750000    0.932666   -0.182666 (VIOLATED)
_21817_/A                               0.750000    0.922958   -0.172958 (VIOLATED)
ANTENNA__21817__A/DIODE                 0.750000    0.922955   -0.172955 (VIOLATED)
_21769_/Y                               0.750000    0.922795   -0.172795 (VIOLATED)
_16442_/A                               0.750000    0.919550   -0.169550 (VIOLATED)
ANTENNA__16442__A/DIODE                 0.750000    0.919549   -0.169549 (VIOLATED)
_16450_/A                               0.750000    0.919549   -0.169549 (VIOLATED)
ANTENNA__16450__A/DIODE                 0.750000    0.919547   -0.169547 (VIOLATED)
_11988_/A                               0.750000    0.919517   -0.169517 (VIOLATED)
ANTENNA__11988__A/DIODE                 0.750000    0.919512   -0.169512 (VIOLATED)
_11960_/A1                              0.750000    0.919505   -0.169506 (VIOLATED)
ANTENNA__11960__A1/DIODE                0.750000    0.919492   -0.169492 (VIOLATED)
_11957_/Y                               0.750000    0.919196   -0.169196 (VIOLATED)
_14807_/A                               0.750000    0.910857   -0.160857 (VIOLATED)
ANTENNA__14807__A/DIODE                 0.750000    0.910850   -0.160850 (VIOLATED)
_14834_/A1                              0.750000    0.910848   -0.160848 (VIOLATED)
ANTENNA__14834__A1/DIODE                0.750000    0.910841   -0.160841 (VIOLATED)
_11545_/A1                              0.750000    0.910816   -0.160816 (VIOLATED)
ANTENNA__11545__A1/DIODE                0.750000    0.910797   -0.160797 (VIOLATED)
_14154_/B                               0.750000    0.910746   -0.160746 (VIOLATED)
ANTENNA__14154__B/DIODE                 0.750000    0.910746   -0.160746 (VIOLATED)
_14155_/B                               0.750000    0.910735   -0.160735 (VIOLATED)
ANTENNA__14155__B/DIODE                 0.750000    0.910734   -0.160734 (VIOLATED)
_20122_/A                               0.750000    0.910729   -0.160729 (VIOLATED)
ANTENNA__16689__A/DIODE                 0.750000    0.910728   -0.160728 (VIOLATED)
ANTENNA__17823__A1/DIODE                0.750000    0.910728   -0.160728 (VIOLATED)
ANTENNA__20122__A/DIODE                 0.750000    0.910728   -0.160728 (VIOLATED)
ANTENNA__21237__A1/DIODE                0.750000    0.910728   -0.160728 (VIOLATED)
_11544_/X                               0.750000    0.910728   -0.160728 (VIOLATED)
_16689_/A                               0.750000    0.910728   -0.160728 (VIOLATED)
_17823_/A1                              0.750000    0.910728   -0.160728 (VIOLATED)
_21237_/A1                              0.750000    0.910728   -0.160728 (VIOLATED)
_15923_/B1                              0.750000    0.901607   -0.151607 (VIOLATED)
_15917_/C                               0.750000    0.901605   -0.151606 (VIOLATED)
ANTENNA__15918__A2/DIODE                0.750000    0.901602   -0.151602 (VIOLATED)
ANTENNA__15923__B1/DIODE                0.750000    0.901602   -0.151602 (VIOLATED)
_15918_/A2                              0.750000    0.901602   -0.151602 (VIOLATED)
ANTENNA__15917__C/DIODE                 0.750000    0.901602   -0.151602 (VIOLATED)
_15916_/Y                               0.750000    0.901570   -0.151570 (VIOLATED)
_19491_/A2                              0.750000    0.900613   -0.150613 (VIOLATED)
_18239_/B                               0.750000    0.900611   -0.150611 (VIOLATED)
ANTENNA__19491__A2/DIODE                0.750000    0.900609   -0.150609 (VIOLATED)
ANTENNA__18239__B/DIODE                 0.750000    0.900601   -0.150601 (VIOLATED)
_18238_/Y                               0.750000    0.899726   -0.149726 (VIOLATED)
_13468_/A                               0.750000    0.896088   -0.146088 (VIOLATED)
_13467_/A                               0.750000    0.896077   -0.146077 (VIOLATED)
ANTENNA__13467__A/DIODE                 0.750000    0.896075   -0.146075 (VIOLATED)
ANTENNA__13468__A/DIODE                 0.750000    0.896069   -0.146069 (VIOLATED)
ANTENNA__17704__B/DIODE                 0.750000    0.895771   -0.145771 (VIOLATED)
_17704_/B                               0.750000    0.895768   -0.145768 (VIOLATED)
_17705_/A_N                             0.750000    0.895721   -0.145721 (VIOLATED)
ANTENNA__17705__A_N/DIODE               0.750000    0.895720   -0.145720 (VIOLATED)
_15984_/A                               0.750000    0.895678   -0.145678 (VIOLATED)
ANTENNA__15984__A/DIODE                 0.750000    0.895678   -0.145678 (VIOLATED)
_15986_/A                               0.750000    0.895678   -0.145678 (VIOLATED)
ANTENNA__15986__A/DIODE                 0.750000    0.895678   -0.145678 (VIOLATED)
_13465_/X                               0.750000    0.895670   -0.145670 (VIOLATED)
_16576_/A                               0.750000    0.892953   -0.142953 (VIOLATED)
_16572_/A_N                             0.750000    0.892952   -0.142952 (VIOLATED)
ANTENNA__16572__A_N/DIODE               0.750000    0.892951   -0.142951 (VIOLATED)
ANTENNA__16576__A/DIODE                 0.750000    0.892950   -0.142950 (VIOLATED)
_13656_/B                               0.750000    0.892933   -0.142934 (VIOLATED)
ANTENNA__13656__B/DIODE                 0.750000    0.892932   -0.142933 (VIOLATED)
_13659_/B                               0.750000    0.892933   -0.142933 (VIOLATED)
ANTENNA__13659__B/DIODE                 0.750000    0.892932   -0.142932 (VIOLATED)
_21395_/B                               0.750000    0.892917   -0.142917 (VIOLATED)
ANTENNA__21395__B/DIODE                 0.750000    0.892910   -0.142910 (VIOLATED)
_22207_/B                               0.750000    0.892910   -0.142910 (VIOLATED)
ANTENNA__22207__B/DIODE                 0.750000    0.892909   -0.142909 (VIOLATED)
_16530_/B                               0.750000    0.892901   -0.142901 (VIOLATED)
ANTENNA__16530__B/DIODE                 0.750000    0.892893   -0.142893 (VIOLATED)
_19737_/B1                              0.750000    0.892872   -0.142872 (VIOLATED)
ANTENNA__19737__B1/DIODE                0.750000    0.892872   -0.142872 (VIOLATED)
_19738_/A                               0.750000    0.892872   -0.142872 (VIOLATED)
ANTENNA__19738__A/DIODE                 0.750000    0.892870   -0.142870 (VIOLATED)
_13655_/Y                               0.750000    0.892860   -0.142860 (VIOLATED)
_20649_/A_N                             0.750000    0.881952   -0.131952 (VIOLATED)
_19116_/A1                              0.750000    0.881951   -0.131951 (VIOLATED)
_19115_/B                               0.750000    0.881950   -0.131950 (VIOLATED)
_19113_/Y                               0.750000    0.881947   -0.131947 (VIOLATED)
_13767_/B1                              0.750000    0.879672   -0.129672 (VIOLATED)
ANTENNA__13767__B1/DIODE                0.750000    0.879671   -0.129671 (VIOLATED)
_13766_/A                               0.750000    0.879664   -0.129664 (VIOLATED)
ANTENNA__13766__A/DIODE                 0.750000    0.879662   -0.129662 (VIOLATED)
_13764_/Y                               0.750000    0.879556   -0.129556 (VIOLATED)
_18239_/A                               0.750000    0.871896   -0.121896 (VIOLATED)
_19491_/A1                              0.750000    0.871887   -0.121887 (VIOLATED)
ANTENNA__19491__A1/DIODE                0.750000    0.871884   -0.121884 (VIOLATED)
ANTENNA__18239__A/DIODE                 0.750000    0.871870   -0.121870 (VIOLATED)
_18237_/X                               0.750000    0.871656   -0.121656 (VIOLATED)
_22103_/A                               0.750000    0.868915   -0.118916 (VIOLATED)
ANTENNA__22103__A/DIODE                 0.750000    0.868913   -0.118913 (VIOLATED)
_22101_/Y                               0.750000    0.868776   -0.118776 (VIOLATED)
_17095_/A                               0.750000    0.862036   -0.112036 (VIOLATED)
ANTENNA__17095__A/DIODE                 0.750000    0.862035   -0.112035 (VIOLATED)
_17094_/A                               0.750000    0.862033   -0.112033 (VIOLATED)
ANTENNA__17094__A/DIODE                 0.750000    0.862033   -0.112033 (VIOLATED)
_17009_/Y                               0.750000    0.862022   -0.112022 (VIOLATED)
_21983_/B                               0.750000    0.861831   -0.111831 (VIOLATED)
ANTENNA__21983__B/DIODE                 0.750000    0.861820   -0.111820 (VIOLATED)
_11998_/A                               0.750000    0.861612   -0.111612 (VIOLATED)
ANTENNA__11998__A/DIODE                 0.750000    0.861603   -0.111603 (VIOLATED)
_11291_/B1                              0.750000    0.861584   -0.111585 (VIOLATED)
ANTENNA__11291__B1/DIODE                0.750000    0.861559   -0.111559 (VIOLATED)
_13608_/A2                              0.750000    0.861376   -0.111376 (VIOLATED)
ANTENNA__13608__A2/DIODE                0.750000    0.861374   -0.111374 (VIOLATED)
_11289_/Y                               0.750000    0.861355   -0.111355 (VIOLATED)
_21982_/Y                               0.750000    0.860538   -0.110538 (VIOLATED)
ANTENNA__14996__A/DIODE                 0.750000    0.857324   -0.107324 (VIOLATED)
_14995_/A                               0.750000    0.857324   -0.107324 (VIOLATED)
_14996_/A                               0.750000    0.857324   -0.107324 (VIOLATED)
ANTENNA__14995__A/DIODE                 0.750000    0.857324   -0.107324 (VIOLATED)
_22125_/B                               0.750000    0.857321   -0.107321 (VIOLATED)
ANTENNA__22125__B/DIODE                 0.750000    0.857321   -0.107321 (VIOLATED)
_13131_/Y                               0.750000    0.857311   -0.107311 (VIOLATED)
_19046_/A                               0.750000    0.851014   -0.101014 (VIOLATED)
ANTENNA__19046__A/DIODE                 0.750000    0.850993   -0.100993 (VIOLATED)
_19045_/A                               0.750000    0.850963   -0.100963 (VIOLATED)
ANTENNA__19045__A/DIODE                 0.750000    0.850963   -0.100963 (VIOLATED)
_11829_/A1                              0.750000    0.850960   -0.100960 (VIOLATED)
ANTENNA__11829__A1/DIODE                0.750000    0.850960   -0.100960 (VIOLATED)
_14180_/B                               0.750000    0.850954   -0.100954 (VIOLATED)
ANTENNA__14180__B/DIODE                 0.750000    0.850952   -0.100952 (VIOLATED)
ANTENNA__14181__B/DIODE                 0.750000    0.850951   -0.100951 (VIOLATED)
_14181_/B                               0.750000    0.850947   -0.100947 (VIOLATED)
_22077_/A                               0.750000    0.850908   -0.100908 (VIOLATED)
ANTENNA__22077__A/DIODE                 0.750000    0.850905   -0.100905 (VIOLATED)
ANTENNA__17150__A/DIODE                 0.750000    0.850882   -0.100882 (VIOLATED)
_17150_/A                               0.750000    0.850882   -0.100882 (VIOLATED)
_17149_/A                               0.750000    0.850882   -0.100882 (VIOLATED)
ANTENNA__17149__A/DIODE                 0.750000    0.850882   -0.100882 (VIOLATED)
_11828_/X                               0.750000    0.850866   -0.100866 (VIOLATED)
_19489_/A                               0.750000    0.850520   -0.100520 (VIOLATED)
_19488_/B                               0.750000    0.850517   -0.100517 (VIOLATED)
ANTENNA__19488__B/DIODE                 0.750000    0.850490   -0.100490 (VIOLATED)
ANTENNA__19489__A/DIODE                 0.750000    0.850488   -0.100488 (VIOLATED)
_19486_/X                               0.750000    0.849412   -0.099412 (VIOLATED)
_14183_/A2                              0.750000    0.848095   -0.098095 (VIOLATED)
ANTENNA__14183__A2/DIODE                0.750000    0.848091   -0.098091 (VIOLATED)
_19047_/A1                              0.750000    0.848088   -0.098088 (VIOLATED)
ANTENNA__19047__A1/DIODE                0.750000    0.848087   -0.098087 (VIOLATED)
_21236_/A                               0.750000    0.848076   -0.098076 (VIOLATED)
_17822_/A                               0.750000    0.848074   -0.098074 (VIOLATED)
ANTENNA__21236__A/DIODE                 0.750000    0.848073   -0.098073 (VIOLATED)
ANTENNA__17822__A/DIODE                 0.750000    0.848070   -0.098070 (VIOLATED)
_22076_/A1                              0.750000    0.848065   -0.098065 (VIOLATED)
ANTENNA__22076__A1/DIODE                0.750000    0.848062   -0.098062 (VIOLATED)
ANTENNA__14167__B/DIODE                 0.750000    0.848042   -0.098042 (VIOLATED)
_14167_/B                               0.750000    0.848013   -0.098013 (VIOLATED)
ANTENNA__11657__A1/DIODE                0.750000    0.847968   -0.097968 (VIOLATED)
_11657_/A1                              0.750000    0.847964   -0.097964 (VIOLATED)
_14896_/A                               0.750000    0.847942   -0.097942 (VIOLATED)
_17144_/A1                              0.750000    0.847940   -0.097940 (VIOLATED)
ANTENNA__14896__A/DIODE                 0.750000    0.847940   -0.097940 (VIOLATED)
ANTENNA__17144__A1/DIODE                0.750000    0.847940   -0.097940 (VIOLATED)
_11656_/X                               0.750000    0.847932   -0.097932 (VIOLATED)
_22261_/B1                              0.750000    0.843103   -0.093103 (VIOLATED)
ANTENNA__22261__B1/DIODE                0.750000    0.843103   -0.093103 (VIOLATED)
_22260_/Y                               0.750000    0.843094   -0.093094 (VIOLATED)
_22102_/B                               0.750000    0.842715   -0.092715 (VIOLATED)
ANTENNA__22102__B/DIODE                 0.750000    0.842710   -0.092710 (VIOLATED)
_21261_/A                               0.750000    0.842591   -0.092591 (VIOLATED)
ANTENNA__21261__A/DIODE                 0.750000    0.842580   -0.092580 (VIOLATED)
_21259_/Y                               0.750000    0.842565   -0.092565 (VIOLATED)
_17879_/B1                              0.750000    0.837419   -0.087419 (VIOLATED)
_17878_/A                               0.750000    0.837415   -0.087415 (VIOLATED)
ANTENNA__17878__A/DIODE                 0.750000    0.837415   -0.087415 (VIOLATED)
ANTENNA__17879__B1/DIODE                0.750000    0.837414   -0.087414 (VIOLATED)
_17841_/Y                               0.750000    0.837290   -0.087290 (VIOLATED)
_20899_/A                               0.750000    0.835367   -0.085367 (VIOLATED)
ANTENNA__20899__A/DIODE                 0.750000    0.835341   -0.085341 (VIOLATED)
_20898_/A                               0.750000    0.835319   -0.085319 (VIOLATED)
ANTENNA__20898__A/DIODE                 0.750000    0.835319   -0.085319 (VIOLATED)
_14226_/B                               0.750000    0.835125   -0.085125 (VIOLATED)
ANTENNA__14226__B/DIODE                 0.750000    0.835124   -0.085124 (VIOLATED)
_11338_/A                               0.750000    0.835120   -0.085121 (VIOLATED)
_14774_/B                               0.750000    0.835120   -0.085120 (VIOLATED)
ANTENNA__14774__B/DIODE                 0.750000    0.835120   -0.085120 (VIOLATED)
_21886_/A                               0.750000    0.835119   -0.085119 (VIOLATED)
ANTENNA__11338__A/DIODE                 0.750000    0.835119   -0.085119 (VIOLATED)
ANTENNA__21886__A/DIODE                 0.750000    0.835117   -0.085117 (VIOLATED)
clone1/X                                0.750000    0.835106   -0.085106 (VIOLATED)
_21376_/A                               0.750000    0.834842   -0.084842 (VIOLATED)
ANTENNA__21376__A/DIODE                 0.750000    0.834835   -0.084835 (VIOLATED)
_22118_/A1                              0.750000    0.834764   -0.084764 (VIOLATED)
ANTENNA__22118__A1/DIODE                0.750000    0.834764   -0.084764 (VIOLATED)
_20890_/Y                               0.750000    0.834704   -0.084704 (VIOLATED)
_16485_/B                               0.750000    0.826891   -0.076891 (VIOLATED)
_16482_/B                               0.750000    0.826891   -0.076891 (VIOLATED)
ANTENNA__16485__B/DIODE                 0.750000    0.826891   -0.076891 (VIOLATED)
ANTENNA__16482__B/DIODE                 0.750000    0.826891   -0.076891 (VIOLATED)
_16481_/Y                               0.750000    0.826865   -0.076865 (VIOLATED)
_21524_/B                               0.750000    0.824941   -0.074941 (VIOLATED)
ANTENNA__21524__B/DIODE                 0.750000    0.824938   -0.074938 (VIOLATED)
_21523_/Y                               0.750000    0.824843   -0.074843 (VIOLATED)
_21690_/A                               0.750000    0.815848   -0.065848 (VIOLATED)
ANTENNA__21690__A/DIODE                 0.750000    0.815841   -0.065841 (VIOLATED)
_21618_/Y                               0.750000    0.814906   -0.064907 (VIOLATED)
_21357_/A                               0.750000    0.812650   -0.062650 (VIOLATED)
ANTENNA__19635__A/DIODE                 0.750000    0.812646   -0.062646 (VIOLATED)
ANTENNA__21357__A/DIODE                 0.750000    0.812645   -0.062645 (VIOLATED)
_19635_/A                               0.750000    0.812641   -0.062641 (VIOLATED)
_21356_/B1                              0.750000    0.812640   -0.062640 (VIOLATED)
_19634_/A                               0.750000    0.812640   -0.062640 (VIOLATED)
ANTENNA__21356__B1/DIODE                0.750000    0.812640   -0.062640 (VIOLATED)
ANTENNA__19634__A/DIODE                 0.750000    0.812628   -0.062628 (VIOLATED)
_22042_/A                               0.750000    0.812565   -0.062565 (VIOLATED)
ANTENNA__22042__A/DIODE                 0.750000    0.812556   -0.062556 (VIOLATED)
_21614_/A3                              0.750000    0.812441   -0.062441 (VIOLATED)
ANTENNA__21614__A3/DIODE                0.750000    0.812439   -0.062439 (VIOLATED)
_20794_/B                               0.750000    0.812421   -0.062421 (VIOLATED)
ANTENNA__20794__B/DIODE                 0.750000    0.812413   -0.062413 (VIOLATED)
_15197_/A2                              0.750000    0.812376   -0.062376 (VIOLATED)
ANTENNA__15197__A2/DIODE                0.750000    0.812375   -0.062375 (VIOLATED)
_15196_/Y                               0.750000    0.812347   -0.062347 (VIOLATED)
_22349_/B1                              0.750000    0.811498   -0.061498 (VIOLATED)
_17119_/B1                              0.750000    0.811496   -0.061496 (VIOLATED)
ANTENNA__22349__B1/DIODE                0.750000    0.811494   -0.061494 (VIOLATED)
ANTENNA__17119__B1/DIODE                0.750000    0.811491   -0.061491 (VIOLATED)
ANTENNA__22383__C1/DIODE                0.750000    0.811398   -0.061398 (VIOLATED)
_22383_/C1                              0.750000    0.811396   -0.061396 (VIOLATED)
_18467_/A1                              0.750000    0.811340   -0.061340 (VIOLATED)
ANTENNA__18467__A1/DIODE                0.750000    0.811338   -0.061338 (VIOLATED)
ANTENNA__22365__A1/DIODE                0.750000    0.811274   -0.061274 (VIOLATED)
_22365_/A1                              0.750000    0.811250   -0.061250 (VIOLATED)
_21562_/C1                              0.750000    0.811228   -0.061228 (VIOLATED)
ANTENNA__21562__C1/DIODE                0.750000    0.811227   -0.061227 (VIOLATED)
_17458_/A1                              0.750000    0.811190   -0.061190 (VIOLATED)
ANTENNA__17458__A1/DIODE                0.750000    0.811183   -0.061183 (VIOLATED)
_22319_/B1                              0.750000    0.811176   -0.061176 (VIOLATED)
ANTENNA__22319__B1/DIODE                0.750000    0.811176   -0.061176 (VIOLATED)
_22271_/A1                              0.750000    0.811175   -0.061175 (VIOLATED)
ANTENNA__22271__A1/DIODE                0.750000    0.811174   -0.061174 (VIOLATED)
ANTENNA__22338__A1/DIODE                0.750000    0.811171   -0.061171 (VIOLATED)
_22338_/A1                              0.750000    0.811168   -0.061168 (VIOLATED)
_15566_/Y                               0.750000    0.811144   -0.061144 (VIOLATED)
_15116_/A1                              0.750000    0.797086   -0.047086 (VIOLATED)
ANTENNA__15116__A1/DIODE                0.750000    0.797086   -0.047086 (VIOLATED)
_15115_/A                               0.750000    0.797085   -0.047085 (VIOLATED)
ANTENNA__15115__A/DIODE                 0.750000    0.797083   -0.047083 (VIOLATED)
_13129_/Y                               0.750000    0.797070   -0.047070 (VIOLATED)
_16404_/B                               0.750000    0.793022   -0.043022 (VIOLATED)
_16401_/B                               0.750000    0.793021   -0.043021 (VIOLATED)
ANTENNA__16401__B/DIODE                 0.750000    0.793019   -0.043019 (VIOLATED)
ANTENNA__16404__B/DIODE                 0.750000    0.793016   -0.043016 (VIOLATED)
_16400_/Y                               0.750000    0.792862   -0.042862 (VIOLATED)
_19485_/A                               0.750000    0.792223   -0.042223 (VIOLATED)
_19484_/A                               0.750000    0.792205   -0.042205 (VIOLATED)
ANTENNA__19484__A/DIODE                 0.750000    0.792204   -0.042204 (VIOLATED)
ANTENNA__19485__A/DIODE                 0.750000    0.792192   -0.042192 (VIOLATED)
_13808_/B                               0.750000    0.792077   -0.042077 (VIOLATED)
ANTENNA__13808__B/DIODE                 0.750000    0.792074   -0.042074 (VIOLATED)
_13805_/A_N                             0.750000    0.792066   -0.042066 (VIOLATED)
ANTENNA__13805__A_N/DIODE               0.750000    0.792060   -0.042060 (VIOLATED)
_13804_/Y                               0.750000    0.791961   -0.041961 (VIOLATED)
_21377_/A1                              0.750000    0.791753   -0.041753 (VIOLATED)
ANTENNA__21377__A1/DIODE                0.750000    0.791751   -0.041751 (VIOLATED)
_20018_/A                               0.750000    0.791727   -0.041727 (VIOLATED)
ANTENNA__20018__A/DIODE                 0.750000    0.791723   -0.041723 (VIOLATED)
_19473_/Y                               0.750000    0.791675   -0.041675 (VIOLATED)
_16743_/B1                              0.750000    0.789168   -0.039168 (VIOLATED)
_16742_/A                               0.750000    0.789166   -0.039166 (VIOLATED)
ANTENNA__16742__A/DIODE                 0.750000    0.789162   -0.039162 (VIOLATED)
ANTENNA__16743__B1/DIODE                0.750000    0.789160   -0.039160 (VIOLATED)
_16677_/Y                               0.750000    0.789072   -0.039072 (VIOLATED)
_13525_/A                               0.750000    0.787184   -0.037184 (VIOLATED)
ANTENNA__13525__A/DIODE                 0.750000    0.787163   -0.037163 (VIOLATED)
_13524_/A_N                             0.750000    0.787141   -0.037141 (VIOLATED)
ANTENNA__13524__A_N/DIODE               0.750000    0.787139   -0.037139 (VIOLATED)
_16015_/A_N                             0.750000    0.786889   -0.036889 (VIOLATED)
ANTENNA__16015__A_N/DIODE               0.750000    0.786889   -0.036889 (VIOLATED)
_16019_/A                               0.750000    0.786884   -0.036884 (VIOLATED)
ANTENNA__16019__A/DIODE                 0.750000    0.786880   -0.036880 (VIOLATED)
_16561_/A                               0.750000    0.786812   -0.036812 (VIOLATED)
_16560_/A                               0.750000    0.786780   -0.036780 (VIOLATED)
ANTENNA__16560__A/DIODE                 0.750000    0.786775   -0.036775 (VIOLATED)
ANTENNA__16561__A/DIODE                 0.750000    0.786773   -0.036773 (VIOLATED)
_13188_/B                               0.750000    0.786651   -0.036651 (VIOLATED)
ANTENNA__13188__B/DIODE                 0.750000    0.786649   -0.036649 (VIOLATED)
_17044_/A                               0.750000    0.786644   -0.036644 (VIOLATED)
ANTENNA__17044__A/DIODE                 0.750000    0.786641   -0.036641 (VIOLATED)
_13215_/A2                              0.750000    0.786621   -0.036621 (VIOLATED)
_13521_/Y                               0.750000    0.786620   -0.036621 (VIOLATED)
ANTENNA__13215__A2/DIODE                0.750000    0.786601   -0.036601 (VIOLATED)
_13369_/B                               0.750000    0.786556   -0.036556 (VIOLATED)
ANTENNA__13369__B/DIODE                 0.750000    0.786554   -0.036554 (VIOLATED)
_13347_/D                               0.750000    0.786553   -0.036553 (VIOLATED)
ANTENNA__13347__D/DIODE                 0.750000    0.786552   -0.036553 (VIOLATED)
_16052_/A                               0.750000    0.786529   -0.036529 (VIOLATED)
ANTENNA__16052__A/DIODE                 0.750000    0.786528   -0.036528 (VIOLATED)
_16050_/A                               0.750000    0.786528   -0.036528 (VIOLATED)
ANTENNA__16050__A/DIODE                 0.750000    0.786528   -0.036528 (VIOLATED)
_13154_/X                               0.750000    0.786500   -0.036500 (VIOLATED)
_20510_/A1                              0.750000    0.786205   -0.036205 (VIOLATED)
_19780_/A                               0.750000    0.786205   -0.036205 (VIOLATED)
ANTENNA__20510__A1/DIODE                0.750000    0.786204   -0.036204 (VIOLATED)
ANTENNA__19780__A/DIODE                 0.750000    0.786199   -0.036199 (VIOLATED)
_22106_/A1                              0.750000    0.786185   -0.036185 (VIOLATED)
ANTENNA__22106__A1/DIODE                0.750000    0.786185   -0.036185 (VIOLATED)
_21171_/A                               0.750000    0.786184   -0.036184 (VIOLATED)
ANTENNA__21171__A/DIODE                 0.750000    0.786183   -0.036183 (VIOLATED)
_19752_/Y                               0.750000    0.786176   -0.036176 (VIOLATED)
_16285_/B1                              0.750000    0.783236   -0.033236 (VIOLATED)
_17653_/A2                              0.750000    0.783236   -0.033236 (VIOLATED)
_16284_/C                               0.750000    0.783236   -0.033236 (VIOLATED)
ANTENNA__17653__A2/DIODE                0.750000    0.783234   -0.033234 (VIOLATED)
ANTENNA__16285__B1/DIODE                0.750000    0.783234   -0.033234 (VIOLATED)
ANTENNA__16284__C/DIODE                 0.750000    0.783234   -0.033234 (VIOLATED)
_16283_/Y                               0.750000    0.783196   -0.033196 (VIOLATED)
_20590_/A1                              0.750000    0.781321   -0.031321 (VIOLATED)
ANTENNA__20590__A1/DIODE                0.750000    0.781320   -0.031320 (VIOLATED)
_19832_/A                               0.750000    0.781317   -0.031317 (VIOLATED)
ANTENNA__19832__A/DIODE                 0.750000    0.781316   -0.031316 (VIOLATED)
_20580_/B1                              0.750000    0.781234   -0.031234 (VIOLATED)
ANTENNA__20580__B1/DIODE                0.750000    0.781232   -0.031232 (VIOLATED)
_19830_/Y                               0.750000    0.781227   -0.031227 (VIOLATED)
_20024_/B                               0.750000    0.779185   -0.029185 (VIOLATED)
_20023_/Y                               0.750000    0.779174   -0.029174 (VIOLATED)
_21766_/B                               0.750000    0.777723   -0.027723 (VIOLATED)
ANTENNA__21766__B/DIODE                 0.750000    0.777721   -0.027721 (VIOLATED)
_21765_/Y                               0.750000    0.777701   -0.027701 (VIOLATED)
_17942_/A                               0.750000    0.776370   -0.026370 (VIOLATED)
_17943_/A1                              0.750000    0.776370   -0.026370 (VIOLATED)
_19183_/B                               0.750000    0.776368   -0.026368 (VIOLATED)
_17939_/Y                               0.750000    0.776366   -0.026366 (VIOLATED)
_14784_/A                               0.750000    0.769122   -0.019122 (VIOLATED)
_14866_/A1                              0.750000    0.769117   -0.019117 (VIOLATED)
_18142_/B                               0.750000    0.769108   -0.019108 (VIOLATED)
_18583_/A                               0.750000    0.769093   -0.019093 (VIOLATED)
_14223_/B                               0.750000    0.769068   -0.019068 (VIOLATED)
_14216_/A2                              0.750000    0.769044   -0.019044 (VIOLATED)
_13597_/Y                               0.750000    0.769034   -0.019034 (VIOLATED)
_17696_/A1                              0.750000    0.767739   -0.017739 (VIOLATED)
ANTENNA__17696__A1/DIODE                0.750000    0.767736   -0.017736 (VIOLATED)
_22276_/A2                              0.750000    0.767721   -0.017721 (VIOLATED)
ANTENNA__22276__A2/DIODE                0.750000    0.767718   -0.017718 (VIOLATED)
_21271_/A1                              0.750000    0.767679   -0.017679 (VIOLATED)
ANTENNA__21271__A1/DIODE                0.750000    0.767672   -0.017672 (VIOLATED)
_22032_/B1                              0.750000    0.767637   -0.017637 (VIOLATED)
ANTENNA__22032__B1/DIODE                0.750000    0.767636   -0.017636 (VIOLATED)
_22385_/B1                              0.750000    0.767571   -0.017571 (VIOLATED)
ANTENNA__22385__B1/DIODE                0.750000    0.767564   -0.017564 (VIOLATED)
_22321_/A                               0.750000    0.767556   -0.017556 (VIOLATED)
ANTENNA__22321__A/DIODE                 0.750000    0.767555   -0.017555 (VIOLATED)
_22303_/B1                              0.750000    0.767547   -0.017547 (VIOLATED)
ANTENNA__22303__B1/DIODE                0.750000    0.767545   -0.017545 (VIOLATED)
_22355_/A1                              0.750000    0.767486   -0.017486 (VIOLATED)
ANTENNA__22355__A1/DIODE                0.750000    0.767388   -0.017388 (VIOLATED)
_22291_/A2                              0.750000    0.767351   -0.017351 (VIOLATED)
ANTENNA__22291__A2/DIODE                0.750000    0.767349   -0.017349 (VIOLATED)
_22308_/A2                              0.750000    0.767335   -0.017336 (VIOLATED)
ANTENNA__22308__A2/DIODE                0.750000    0.767334   -0.017334 (VIOLATED)
_16517_/Y                               0.750000    0.767316   -0.017316 (VIOLATED)
_18702_/A1                              0.750000    0.763027   -0.013027 (VIOLATED)
ANTENNA__18702__A1/DIODE                0.750000    0.763020   -0.013020 (VIOLATED)
_17297_/A                               0.750000    0.763018   -0.013018 (VIOLATED)
ANTENNA__17297__A/DIODE                 0.750000    0.763018   -0.013018 (VIOLATED)
ANTENNA__14018__B/DIODE                 0.750000    0.763017   -0.013017 (VIOLATED)
ANTENNA__15800__A/DIODE                 0.750000    0.763014   -0.013014 (VIOLATED)
_14018_/B                               0.750000    0.763013   -0.013013 (VIOLATED)
_15800_/A                               0.750000    0.763008   -0.013008 (VIOLATED)
_18701_/A                               0.750000    0.763006   -0.013006 (VIOLATED)
ANTENNA__18701__A/DIODE                 0.750000    0.763004   -0.013004 (VIOLATED)
_17296_/A                               0.750000    0.762961   -0.012961 (VIOLATED)
ANTENNA__17296__A/DIODE                 0.750000    0.762958   -0.012958 (VIOLATED)
_14014_/B                               0.750000    0.762955   -0.012955 (VIOLATED)
ANTENNA__14014__B/DIODE                 0.750000    0.762954   -0.012954 (VIOLATED)
_13139_/B1                              0.750000    0.762836   -0.012836 (VIOLATED)
ANTENNA__13139__B1/DIODE                0.750000    0.762821   -0.012821 (VIOLATED)
_13137_/A                               0.750000    0.762743   -0.012743 (VIOLATED)
ANTENNA__13137__A/DIODE                 0.750000    0.762711   -0.012711 (VIOLATED)
_13135_/Y                               0.750000    0.762671   -0.012671 (VIOLATED)
_22365_/A2                              0.750000    0.762647   -0.012647 (VIOLATED)
ANTENNA__22365__A2/DIODE                0.750000    0.762645   -0.012645 (VIOLATED)
_22360_/Y                               0.750000    0.762636   -0.012636 (VIOLATED)
_22009_/B                               0.750000    0.761465   -0.011465 (VIOLATED)
ANTENNA__22009__B/DIODE                 0.750000    0.761462   -0.011462 (VIOLATED)
_21994_/Y                               0.750000    0.761362   -0.011362 (VIOLATED)
_21457_/B                               0.750000    0.758984   -0.008984 (VIOLATED)
ANTENNA__21457__B/DIODE                 0.750000    0.758982   -0.008982 (VIOLATED)
_21456_/Y                               0.750000    0.758956   -0.008956 (VIOLATED)
_20478_/A                               0.750000    0.755936   -0.005936 (VIOLATED)
_21928_/A1                              0.750000    0.755933   -0.005933 (VIOLATED)
_13582_/S                               0.750000    0.755929   -0.005929 (VIOLATED)
_13330_/A1                              0.750000    0.755927   -0.005927 (VIOLATED)
_18495_/A                               0.750000    0.755926   -0.005926 (VIOLATED)
_13522_/B                               0.750000    0.755925   -0.005925 (VIOLATED)
_18494_/A                               0.750000    0.755925   -0.005925 (VIOLATED)
_13325_/Y                               0.750000    0.755909   -0.005909 (VIOLATED)
_15089_/A                               0.750000    0.755878   -0.005878 (VIOLATED)
ANTENNA__15089__A/DIODE                 0.750000    0.755877   -0.005877 (VIOLATED)
_15088_/A                               0.750000    0.755877   -0.005877 (VIOLATED)
ANTENNA__15088__A/DIODE                 0.750000    0.755876   -0.005876 (VIOLATED)
_15054_/Y                               0.750000    0.755789   -0.005789 (VIOLATED)
_13569_/A2                              0.750000    0.755068   -0.005068 (VIOLATED)
_13562_/B                               0.750000    0.755068   -0.005068 (VIOLATED)
ANTENNA__13569__A2/DIODE                0.750000    0.755067   -0.005067 (VIOLATED)
ANTENNA__13562__B/DIODE                 0.750000    0.755066   -0.005066 (VIOLATED)
_13561_/Y                               0.750000    0.754991   -0.004991 (VIOLATED)
_16453_/B                               0.750000    0.751153   -0.001153 (VIOLATED)
_16455_/A2_N                            0.750000    0.751153   -0.001153 (VIOLATED)
_16108_/A2                              0.750000    0.751140   -0.001140 (VIOLATED)
_16107_/Y                               0.750000    0.751138   -0.001138 (VIOLATED)
_19996_/A                               0.750000    0.750702   -0.000702 (VIOLATED)
ANTENNA__19996__A/DIODE                 0.750000    0.750700   -0.000700 (VIOLATED)
_19997_/A                               0.750000    0.750699   -0.000699 (VIOLATED)
ANTENNA__19997__A/DIODE                 0.750000    0.750695   -0.000695 (VIOLATED)
_21210_/A                               0.750000    0.750656   -0.000656 (VIOLATED)
_21209_/A_N                             0.750000    0.750615   -0.000615 (VIOLATED)
ANTENNA__21209__A_N/DIODE               0.750000    0.750614   -0.000614 (VIOLATED)
ANTENNA__21210__A/DIODE                 0.750000    0.750613   -0.000613 (VIOLATED)
fanout252/A                             0.750000    0.750519   -0.000519 (VIOLATED)
ANTENNA_fanout252_A/DIODE               0.750000    0.750517   -0.000517 (VIOLATED)
_11763_/Y                               0.750000    0.750496   -0.000496 (VIOLATED)
_15783_/A2                              0.750000    0.750083   -0.000083 (VIOLATED)
ANTENNA__15783__A2/DIODE                0.750000    0.750082   -0.000082 (VIOLATED)
_16474_/A                               0.750000    0.750076   -0.000076 (VIOLATED)
_13658_/B                               0.750000    0.750076   -0.000076 (VIOLATED)
ANTENNA__16474__A/DIODE                 0.750000    0.750075   -0.000075 (VIOLATED)
ANTENNA__13658__B/DIODE                 0.750000    0.750075   -0.000075 (VIOLATED)
_14978_/B1_N                            0.750000    0.750062   -0.000062 (VIOLATED)
ANTENNA__14978__B1_N/DIODE              0.750000    0.750062   -0.000062 (VIOLATED)
_13657_/Y                               0.750000    0.750059   -0.000060 (VIOLATED)

max fanout

Pin                                   Limit Fanout  Slack
---------------------------------------------------------
fanout342/X                              10     22    -12 (VIOLATED)
_11446_/Y                                10     20    -10 (VIOLATED)
_11543_/Y                                10     20    -10 (VIOLATED)
_11758_/Y                                10     20    -10 (VIOLATED)
_12250_/X                                10     20    -10 (VIOLATED)
_13115_/X                                10     20    -10 (VIOLATED)
_13155_/Y                                10     20    -10 (VIOLATED)
_14753_/Y                                10     20    -10 (VIOLATED)
_15566_/Y                                10     20    -10 (VIOLATED)
_16075_/Y                                10     20    -10 (VIOLATED)
_16517_/Y                                10     20    -10 (VIOLATED)
fanout250/X                              10     20    -10 (VIOLATED)
fanout251/X                              10     20    -10 (VIOLATED)
fanout252/X                              10     20    -10 (VIOLATED)
fanout254/X                              10     20    -10 (VIOLATED)
fanout255/X                              10     20    -10 (VIOLATED)
fanout257/X                              10     20    -10 (VIOLATED)
fanout258/X                              10     20    -10 (VIOLATED)
fanout259/X                              10     20    -10 (VIOLATED)
fanout260/X                              10     20    -10 (VIOLATED)
fanout261/X                              10     20    -10 (VIOLATED)
fanout263/X                              10     20    -10 (VIOLATED)
fanout265/X                              10     20    -10 (VIOLATED)
fanout266/X                              10     20    -10 (VIOLATED)
fanout267/X                              10     20    -10 (VIOLATED)
fanout269/X                              10     20    -10 (VIOLATED)
fanout271/X                              10     20    -10 (VIOLATED)
fanout273/X                              10     20    -10 (VIOLATED)
fanout279/X                              10     20    -10 (VIOLATED)
fanout280/X                              10     20    -10 (VIOLATED)
fanout284/X                              10     20    -10 (VIOLATED)
fanout287/X                              10     20    -10 (VIOLATED)
fanout288/X                              10     20    -10 (VIOLATED)
fanout289/X                              10     20    -10 (VIOLATED)
fanout290/X                              10     20    -10 (VIOLATED)
fanout291/X                              10     20    -10 (VIOLATED)
fanout293/X                              10     20    -10 (VIOLATED)
fanout296/X                              10     20    -10 (VIOLATED)
fanout299/X                              10     20    -10 (VIOLATED)
fanout302/X                              10     20    -10 (VIOLATED)
fanout306/X                              10     20    -10 (VIOLATED)
fanout307/X                              10     20    -10 (VIOLATED)
fanout308/X                              10     20    -10 (VIOLATED)
fanout309/X                              10     20    -10 (VIOLATED)
fanout310/X                              10     20    -10 (VIOLATED)
fanout311/X                              10     20    -10 (VIOLATED)
fanout316/X                              10     20    -10 (VIOLATED)
fanout317/X                              10     20    -10 (VIOLATED)
fanout319/X                              10     20    -10 (VIOLATED)
fanout320/X                              10     20    -10 (VIOLATED)
fanout321/X                              10     20    -10 (VIOLATED)
fanout323/X                              10     20    -10 (VIOLATED)
fanout324/X                              10     20    -10 (VIOLATED)
fanout326/X                              10     20    -10 (VIOLATED)
fanout331/X                              10     20    -10 (VIOLATED)
fanout332/X                              10     20    -10 (VIOLATED)
fanout336/X                              10     20    -10 (VIOLATED)
fanout340/X                              10     20    -10 (VIOLATED)
fanout341/X                              10     20    -10 (VIOLATED)
fanout343/X                              10     20    -10 (VIOLATED)
fanout346/X                              10     20    -10 (VIOLATED)
fanout348/X                              10     20    -10 (VIOLATED)
fanout354/X                              10     20    -10 (VIOLATED)
fanout356/X                              10     20    -10 (VIOLATED)
fanout358/X                              10     20    -10 (VIOLATED)
fanout359/X                              10     20    -10 (VIOLATED)
fanout361/X                              10     20    -10 (VIOLATED)
fanout362/X                              10     20    -10 (VIOLATED)
fanout364/X                              10     20    -10 (VIOLATED)
fanout365/X                              10     20    -10 (VIOLATED)
fanout367/X                              10     20    -10 (VIOLATED)
fanout377/X                              10     20    -10 (VIOLATED)
fanout379/X                              10     20    -10 (VIOLATED)
fanout383/X                              10     20    -10 (VIOLATED)
fanout384/X                              10     20    -10 (VIOLATED)
fanout385/X                              10     20    -10 (VIOLATED)
fanout390/X                              10     20    -10 (VIOLATED)
fanout392/X                              10     20    -10 (VIOLATED)
fanout393/X                              10     20    -10 (VIOLATED)
fanout395/X                              10     20    -10 (VIOLATED)
fanout397/X                              10     20    -10 (VIOLATED)
fanout401/X                              10     20    -10 (VIOLATED)
fanout407/X                              10     20    -10 (VIOLATED)
fanout408/X                              10     20    -10 (VIOLATED)
fanout420/X                              10     20    -10 (VIOLATED)
fanout422/X                              10     20    -10 (VIOLATED)
fanout424/X                              10     20    -10 (VIOLATED)
fanout430/X                              10     20    -10 (VIOLATED)
fanout436/X                              10     20    -10 (VIOLATED)
fanout442/X                              10     20    -10 (VIOLATED)
fanout447/X                              10     20    -10 (VIOLATED)
fanout448/X                              10     20    -10 (VIOLATED)
fanout449/X                              10     20    -10 (VIOLATED)
fanout450/X                              10     20    -10 (VIOLATED)
fanout452/X                              10     20    -10 (VIOLATED)
fanout453/X                              10     20    -10 (VIOLATED)
fanout455/X                              10     20    -10 (VIOLATED)
fanout458/X                              10     20    -10 (VIOLATED)
fanout464/X                              10     20    -10 (VIOLATED)
fanout473/X                              10     20    -10 (VIOLATED)
fanout477/X                              10     20    -10 (VIOLATED)
fanout479/X                              10     20    -10 (VIOLATED)
fanout483/X                              10     20    -10 (VIOLATED)
fanout491/X                              10     20    -10 (VIOLATED)
fanout495/X                              10     20    -10 (VIOLATED)
fanout496/X                              10     20    -10 (VIOLATED)
fanout498/X                              10     20    -10 (VIOLATED)
fanout499/X                              10     20    -10 (VIOLATED)
fanout501/X                              10     20    -10 (VIOLATED)
fanout502/X                              10     20    -10 (VIOLATED)
fanout504/X                              10     20    -10 (VIOLATED)
fanout506/X                              10     20    -10 (VIOLATED)
fanout513/X                              10     20    -10 (VIOLATED)
fanout515/X                              10     20    -10 (VIOLATED)
fanout518/X                              10     20    -10 (VIOLATED)
fanout519/X                              10     20    -10 (VIOLATED)
fanout520/X                              10     20    -10 (VIOLATED)
fanout521/X                              10     20    -10 (VIOLATED)
fanout535/X                              10     20    -10 (VIOLATED)
fanout539/X                              10     20    -10 (VIOLATED)
fanout544/X                              10     20    -10 (VIOLATED)
fanout553/X                              10     20    -10 (VIOLATED)
fanout557/X                              10     20    -10 (VIOLATED)
fanout558/X                              10     20    -10 (VIOLATED)
fanout561/X                              10     20    -10 (VIOLATED)
fanout563/X                              10     20    -10 (VIOLATED)
fanout565/X                              10     20    -10 (VIOLATED)
fanout569/X                              10     20    -10 (VIOLATED)
fanout572/X                              10     20    -10 (VIOLATED)
input122/X                               10     20    -10 (VIOLATED)
input174/X                               10     20    -10 (VIOLATED)
input40/X                                10     20    -10 (VIOLATED)
input67/X                                10     20    -10 (VIOLATED)
input69/X                                10     20    -10 (VIOLATED)
input70/X                                10     20    -10 (VIOLATED)
input95/X                                10     20    -10 (VIOLATED)
_11241_/Y                                10     18     -8 (VIOLATED)
_11286_/Y                                10     18     -8 (VIOLATED)
_11299_/Y                                10     18     -8 (VIOLATED)
_11449_/Y                                10     18     -8 (VIOLATED)
_11544_/X                                10     18     -8 (VIOLATED)
_11656_/X                                10     18     -8 (VIOLATED)
_12083_/Y                                10     18     -8 (VIOLATED)
_12314_/X                                10     18     -8 (VIOLATED)
_13074_/X                                10     18     -8 (VIOLATED)
_13086_/X                                10     18     -8 (VIOLATED)
_13135_/Y                                10     18     -8 (VIOLATED)
_13655_/Y                                10     18     -8 (VIOLATED)
_13713_/Y                                10     18     -8 (VIOLATED)
_14670_/Y                                10     18     -8 (VIOLATED)
_15567_/Y                                10     18     -8 (VIOLATED)
clkbuf_1_0__f_clk/X                      10     18     -8 (VIOLATED)
fanout328/X                              10     18     -8 (VIOLATED)
fanout330/X                              10     18     -8 (VIOLATED)
fanout335/X                              10     18     -8 (VIOLATED)
fanout347/X                              10     18     -8 (VIOLATED)
fanout353/X                              10     18     -8 (VIOLATED)
fanout369/X                              10     18     -8 (VIOLATED)
fanout372/X                              10     18     -8 (VIOLATED)
fanout389/X                              10     18     -8 (VIOLATED)
fanout391/X                              10     18     -8 (VIOLATED)
fanout400/X                              10     18     -8 (VIOLATED)
fanout444/X                              10     18     -8 (VIOLATED)
fanout446/X                              10     18     -8 (VIOLATED)
fanout459/X                              10     18     -8 (VIOLATED)
fanout468/X                              10     18     -8 (VIOLATED)
fanout478/X                              10     18     -8 (VIOLATED)
fanout489/X                              10     18     -8 (VIOLATED)
fanout492/X                              10     18     -8 (VIOLATED)
fanout493/X                              10     18     -8 (VIOLATED)
fanout511/X                              10     18     -8 (VIOLATED)
fanout512/X                              10     18     -8 (VIOLATED)
fanout538/X                              10     18     -8 (VIOLATED)
fanout554/X                              10     18     -8 (VIOLATED)
input221/X                               10     18     -8 (VIOLATED)
input26/X                                10     18     -8 (VIOLATED)
input33/X                                10     18     -8 (VIOLATED)
input43/X                                10     18     -8 (VIOLATED)
input62/X                                10     18     -8 (VIOLATED)
input68/X                                10     18     -8 (VIOLATED)
input79/X                                10     18     -8 (VIOLATED)
input86/X                                10     18     -8 (VIOLATED)
input87/X                                10     18     -8 (VIOLATED)
input89/X                                10     18     -8 (VIOLATED)
input94/X                                10     18     -8 (VIOLATED)
_11197_/Y                                10     16     -6 (VIOLATED)
_11203_/Y                                10     16     -6 (VIOLATED)
_11204_/Y                                10     16     -6 (VIOLATED)
_11207_/Y                                10     16     -6 (VIOLATED)
_11217_/Y                                10     16     -6 (VIOLATED)
_11250_/Y                                10     16     -6 (VIOLATED)
_11444_/X                                10     16     -6 (VIOLATED)
_11828_/X                                10     16     -6 (VIOLATED)
_12085_/Y                                10     16     -6 (VIOLATED)
_12092_/X                                10     16     -6 (VIOLATED)
_12421_/Y                                10     16     -6 (VIOLATED)
_12650_/Y                                10     16     -6 (VIOLATED)
_13062_/Y                                10     16     -6 (VIOLATED)
_13101_/X                                10     16     -6 (VIOLATED)
_13709_/X                                10     16     -6 (VIOLATED)
_13876_/X                                10     16     -6 (VIOLATED)
_14620_/Y                                10     16     -6 (VIOLATED)
_15196_/Y                                10     16     -6 (VIOLATED)
_15609_/Y                                10     16     -6 (VIOLATED)
_16518_/Y                                10     16     -6 (VIOLATED)
fanout294/X                              10     16     -6 (VIOLATED)
fanout297/X                              10     16     -6 (VIOLATED)
fanout305/X                              10     16     -6 (VIOLATED)
fanout339/X                              10     16     -6 (VIOLATED)
fanout355/X                              10     16     -6 (VIOLATED)
fanout378/X                              10     16     -6 (VIOLATED)
fanout386/X                              10     16     -6 (VIOLATED)
fanout406/X                              10     16     -6 (VIOLATED)
fanout411/X                              10     16     -6 (VIOLATED)
fanout423/X                              10     16     -6 (VIOLATED)
fanout435/X                              10     16     -6 (VIOLATED)
fanout462/X                              10     16     -6 (VIOLATED)
fanout466/X                              10     16     -6 (VIOLATED)
fanout486/X                              10     16     -6 (VIOLATED)
fanout497/X                              10     16     -6 (VIOLATED)
fanout505/X                              10     16     -6 (VIOLATED)
fanout537/X                              10     16     -6 (VIOLATED)
fanout562/X                              10     16     -6 (VIOLATED)
fanout568/X                              10     16     -6 (VIOLATED)
input158/X                               10     16     -6 (VIOLATED)
input210/X                               10     16     -6 (VIOLATED)
input220/X                               10     16     -6 (VIOLATED)
input41/X                                10     16     -6 (VIOLATED)
input85/X                                10     16     -6 (VIOLATED)
_11208_/Y                                10     14     -4 (VIOLATED)
_11211_/Y                                10     14     -4 (VIOLATED)
_11238_/X                                10     14     -4 (VIOLATED)
_11358_/Y                                10     14     -4 (VIOLATED)
_11421_/X                                10     14     -4 (VIOLATED)
_11760_/X                                10     14     -4 (VIOLATED)
_12176_/Y                                10     14     -4 (VIOLATED)
_12177_/X                                10     14     -4 (VIOLATED)
_12224_/Y                                10     14     -4 (VIOLATED)
_13088_/Y                                10     14     -4 (VIOLATED)
_13104_/Y                                10     14     -4 (VIOLATED)
_13154_/X                                10     14     -4 (VIOLATED)
_13872_/Y                                10     14     -4 (VIOLATED)
_13880_/Y                                10     14     -4 (VIOLATED)
_14636_/X                                10     14     -4 (VIOLATED)
_14734_/Y                                10     14     -4 (VIOLATED)
_14754_/Y                                10     14     -4 (VIOLATED)
_15278_/X                                10     14     -4 (VIOLATED)
_15573_/X                                10     14     -4 (VIOLATED)
_16687_/X                                10     14     -4 (VIOLATED)
clkbuf_1_1__f_clk/X                      10     14     -4 (VIOLATED)
fanout264/X                              10     14     -4 (VIOLATED)
fanout345/X                              10     14     -4 (VIOLATED)
fanout350/X                              10     14     -4 (VIOLATED)
fanout363/X                              10     14     -4 (VIOLATED)
fanout375/X                              10     14     -4 (VIOLATED)
fanout421/X                              10     14     -4 (VIOLATED)
fanout431/X                              10     14     -4 (VIOLATED)
fanout437/X                              10     14     -4 (VIOLATED)
fanout451/X                              10     14     -4 (VIOLATED)
fanout461/X                              10     14     -4 (VIOLATED)
fanout476/X                              10     14     -4 (VIOLATED)
fanout500/X                              10     14     -4 (VIOLATED)
fanout514/X                              10     14     -4 (VIOLATED)
fanout516/X                              10     14     -4 (VIOLATED)
fanout517/X                              10     14     -4 (VIOLATED)
fanout522/X                              10     14     -4 (VIOLATED)
fanout532/X                              10     14     -4 (VIOLATED)
fanout536/X                              10     14     -4 (VIOLATED)
input141/X                               10     14     -4 (VIOLATED)
input176/X                               10     14     -4 (VIOLATED)
input45/X                                10     14     -4 (VIOLATED)
input80/X                                10     14     -4 (VIOLATED)
input92/X                                10     14     -4 (VIOLATED)
input93/X                                10     14     -4 (VIOLATED)
input96/X                                10     14     -4 (VIOLATED)
_11196_/Y                                10     12     -2 (VIOLATED)
_11242_/Y                                10     12     -2 (VIOLATED)
_11323_/X                                10     12     -2 (VIOLATED)
_11342_/X                                10     12     -2 (VIOLATED)
_11343_/Y                                10     12     -2 (VIOLATED)
_11360_/Y                                10     12     -2 (VIOLATED)
_11445_/Y                                10     12     -2 (VIOLATED)
_11991_/Y                                10     12     -2 (VIOLATED)
_12226_/Y                                10     12     -2 (VIOLATED)
_12334_/X                                10     12     -2 (VIOLATED)
_13197_/X                                10     12     -2 (VIOLATED)
_13235_/Y                                10     12     -2 (VIOLATED)
_13447_/Y                                10     12     -2 (VIOLATED)
_13465_/X                                10     12     -2 (VIOLATED)
_13490_/Y                                10     12     -2 (VIOLATED)
_13521_/Y                                10     12     -2 (VIOLATED)
_13858_/Y                                10     12     -2 (VIOLATED)
_13862_/Y                                10     12     -2 (VIOLATED)
_13873_/Y                                10     12     -2 (VIOLATED)
_14674_/X                                10     12     -2 (VIOLATED)
_14841_/X                                10     12     -2 (VIOLATED)
_15027_/Y                                10     12     -2 (VIOLATED)
_15351_/Y                                10     12     -2 (VIOLATED)
_15610_/X                                10     12     -2 (VIOLATED)
_16608_/X                                10     12     -2 (VIOLATED)
_17774_/X                                10     12     -2 (VIOLATED)
_19058_/Y                                10     12     -2 (VIOLATED)
fanout262/X                              10     12     -2 (VIOLATED)
fanout268/X                              10     12     -2 (VIOLATED)
fanout304/X                              10     12     -2 (VIOLATED)
fanout349/X                              10     12     -2 (VIOLATED)
fanout366/X                              10     12     -2 (VIOLATED)
fanout380/X                              10     12     -2 (VIOLATED)
fanout382/X                              10     12     -2 (VIOLATED)
fanout412/X                              10     12     -2 (VIOLATED)
fanout415/X                              10     12     -2 (VIOLATED)
fanout417/X                              10     12     -2 (VIOLATED)
fanout418/X                              10     12     -2 (VIOLATED)
fanout419/X                              10     12     -2 (VIOLATED)
fanout425/X                              10     12     -2 (VIOLATED)
fanout457/X                              10     12     -2 (VIOLATED)
fanout463/X                              10     12     -2 (VIOLATED)
fanout487/X                              10     12     -2 (VIOLATED)
fanout490/X                              10     12     -2 (VIOLATED)
fanout507/X                              10     12     -2 (VIOLATED)
fanout508/X                              10     12     -2 (VIOLATED)
fanout510/X                              10     12     -2 (VIOLATED)
fanout528/X                              10     12     -2 (VIOLATED)
fanout534/X                              10     12     -2 (VIOLATED)
fanout543/X                              10     12     -2 (VIOLATED)
fanout546/X                              10     12     -2 (VIOLATED)
fanout548/X                              10     12     -2 (VIOLATED)
fanout551/X                              10     12     -2 (VIOLATED)
fanout571/X                              10     12     -2 (VIOLATED)
input177/X                               10     12     -2 (VIOLATED)
input63/X                                10     12     -2 (VIOLATED)
input90/X                                10     12     -2 (VIOLATED)
input91/X                                10     12     -2 (VIOLATED)
max_cap281/X                             10     12     -2 (VIOLATED)
input146/X                               10     11        (VIOLATED)



===========================================================================
report_parasitic_annotation -report_unannotated
============================================================================
Found 23 unannotated drivers.
 input_data[127]
 input_data[191]
 input_data[207]
 input_data[208]
 input_data[209]
 input_data[210]
 input_data[211]
 input_data[212]
 input_data[213]
 input_data[214]
 input_data[215]
 input_data[216]
 input_data[217]
 input_data[218]
 input_data[219]
 input_data[220]
 input_data[221]
 input_data[222]
 input_data[223]
 input_data[238]
 input_data[239]
 input_data[63]
 input_data[79]
Found 0 partially unannotated drivers.

===========================================================================
max slew violation count 483
max fanout violation count 335
max cap violation count 0
============================================================================

===========================================================================
check_setup -verbose -unconstrained_endpoints -multiple_clock -no_clock -no_input_delay -loops -generated_clocks
===========================================================================
