Net: _04358_
  Pin: _15576_/B (sky130_fd_sc_hd__or2_1)
    Layer: li1
      Partial area ratio:    0.00
      Required ratio:    0.00 (Gate area) 
      Partial area ratio:    0.00
      Required ratio:   75.00 (Side area) 
      Cumulative area ratio:    0.00
      Required ratio:    0.00 (Cumulative area) 
      Cumulative area ratio:    0.00
      Required ratio:    0.00 (Cumulative side area) 

    Layer: met1
      Partial area ratio:   84.49
      Required ratio:    0.00 (Gate area) 
      Partial area ratio:  423.22
      Required ratio:  400.00 (Side area) (VIOLATED)
      Cumulative area ratio:   84.49
      Required ratio:    0.00 (Cumulative area) 
      Cumulative area ratio:  423.22
      Required ratio:    0.00 (Cumulative side area) 

    Layer: met2
      Partial area ratio:   30.98
      Required ratio:    0.00 (Gate area) 
      Partial area ratio:  156.44
      Required ratio:  400.00 (Side area) 
      Cumulative area ratio:  115.47
      Required ratio:    0.00 (Cumulative area) 
      Cumulative area ratio:  579.67
      Required ratio:    0.00 (Cumulative side area) 

    Via: L1M1_PR
      Partial area ratio:    0.23
      Required ratio:    3.00 (Gate area) 
      Cumulative area ratio:    0.23
      Required ratio:    0.00 (Cumulative area) 

    Via: M1M2_PR
      Partial area ratio:    0.18
      Required ratio:    6.00 (Gate area) 
      Cumulative area ratio:    0.41
      Required ratio:    0.00 (Cumulative area) 


Net: net258
  Pin: _16530_/B (sky130_fd_sc_hd__nor2_1)
    Layer: met2
      Partial area ratio:   82.20
      Required ratio:    0.00 (Gate area) 
      Partial area ratio:  412.19
      Required ratio:  400.00 (Side area) (VIOLATED)
      Cumulative area ratio:   97.97
      Required ratio:    0.00 (Cumulative area) 
      Cumulative area ratio:  491.84
      Required ratio:    0.00 (Cumulative side area) 

    Layer: met1
      Partial area ratio:   15.77
      Required ratio:    0.00 (Gate area) 
      Partial area ratio:   79.64
      Required ratio:  400.00 (Side area) 
      Cumulative area ratio:   15.77
      Required ratio:    0.00 (Cumulative area) 
      Cumulative area ratio:   79.64
      Required ratio:    0.00 (Cumulative side area) 

    Layer: li1
      Partial area ratio:    0.00
      Required ratio:    0.00 (Gate area) 
      Partial area ratio:    0.00
      Required ratio:   75.00 (Side area) 
      Cumulative area ratio:    0.00
      Required ratio:    0.00 (Cumulative area) 
      Cumulative area ratio:    0.00
      Required ratio:    0.00 (Cumulative side area) 

    Via: M1M2_PR
      Partial area ratio:    0.18
      Required ratio:    6.00 (Gate area) 
      Cumulative area ratio:    0.30
      Required ratio:    0.00 (Cumulative area) 

    Via: L1M1_PR
      Partial area ratio:    0.12
      Required ratio:    3.00 (Gate area) 
      Cumulative area ratio:    0.12
      Required ratio:    0.00 (Cumulative area) 


Net: net404
  Pin: _15418_/A (sky130_fd_sc_hd__or2_1)
    Layer: met2
      Partial area ratio:  146.13
      Required ratio:    0.00 (Gate area) 
      Partial area ratio:  733.00
      Required ratio:  400.00 (Side area) (VIOLATED)
      Cumulative area ratio:  192.29
      Required ratio:    0.00 (Cumulative area) 
      Cumulative area ratio:  964.56
      Required ratio:    0.00 (Cumulative side area) 

    Layer: met1
      Partial area ratio:   46.16
      Required ratio:    0.00 (Gate area) 
      Partial area ratio:  231.56
      Required ratio:  400.00 (Side area) 
      Cumulative area ratio:   46.16
      Required ratio:    0.00 (Cumulative area) 
      Cumulative area ratio:  231.56
      Required ratio:    0.00 (Cumulative side area) 

    Layer: li1
      Partial area ratio:    0.00
      Required ratio:    0.00 (Gate area) 
      Partial area ratio:    0.00
      Required ratio:   75.00 (Side area) 
      Cumulative area ratio:    0.00
      Required ratio:    0.00 (Cumulative area) 
      Cumulative area ratio:    0.00
      Required ratio:    0.00 (Cumulative side area) 

    Via: M1M2_PR
      Partial area ratio:    0.18
      Required ratio:    6.00 (Gate area) 
      Cumulative area ratio:    0.41
      Required ratio:    0.00 (Cumulative area) 

    Via: L1M1_PR
      Partial area ratio:    0.23
      Required ratio:    3.00 (Gate area) 
      Cumulative area ratio:    0.23
      Required ratio:    0.00 (Cumulative area) 


Net: net484
  Pin: _16501_/A (sky130_fd_sc_hd__or2_1)
    Layer: li1
      Partial area ratio:    0.00
      Required ratio:    0.00 (Gate area) 
      Partial area ratio:    0.00
      Required ratio:   75.00 (Side area) 
      Cumulative area ratio:    0.00
      Required ratio:    0.00 (Cumulative area) 
      Cumulative area ratio:    0.00
      Required ratio:    0.00 (Cumulative side area) 

    Layer: met1
      Partial area ratio:  146.44
      Required ratio:    0.00 (Gate area) 
      Partial area ratio:  736.11
      Required ratio:  400.00 (Side area) (VIOLATED)
      Cumulative area ratio:  146.44
      Required ratio:    0.00 (Cumulative area) 
      Cumulative area ratio:  736.11
      Required ratio:    0.00 (Cumulative side area) 

    Layer: met2
      Partial area ratio:   15.49
      Required ratio:    0.00 (Gate area) 
      Partial area ratio:   78.22
      Required ratio:  400.00 (Side area) 
      Cumulative area ratio:  161.93
      Required ratio:    0.00 (Cumulative area) 
      Cumulative area ratio:  814.33
      Required ratio:    0.00 (Cumulative side area) 

    Via: L1M1_PR
      Partial area ratio:    0.23
      Required ratio:    3.00 (Gate area) 
      Cumulative area ratio:    0.23
      Required ratio:    0.00 (Cumulative area) 

    Via: M1M2_PR
      Partial area ratio:    0.18
      Required ratio:    6.00 (Gate area) 
      Cumulative area ratio:    0.41
      Required ratio:    0.00 (Cumulative area) 


[INFO ANT-0002] Found 4 net violations.
[INFO ANT-0001] Found 4 pin violations.
