[WARNING ORD-0039] .openroad ignored with -python
Top-level design name: highpass
Block boundaries: 0 0 500000 500000
Horizontal Tracks Origin: 340, Count: 735, Step: 680
Vertical Tracks Origin: 230, Count: 1087, Step: 460
Placement details for the N side
Virtual pin count:  0
Actual pin count:  240
Total pin count:  240
Tracks count:  1087
Tracks per pin:  4
Used tracks count:  957
Unused track count:  130
Starting track index:  65
Placement details for the E side
Virtual pin count:  0
Actual pin count:  1
Total pin count:  1
Tracks count:  368
Tracks per pin:  368
Used tracks count:  1
Unused track count:  367
Starting track index:  183
Placement details for the W side
Virtual pin count:  0
Actual pin count:  16
Total pin count:  16
Tracks count:  368
Tracks per pin:  23
Used tracks count:  346
Unused track count:  22
Starting track index:  11
Placement details for the S side
Virtual pin count:  0
Actual pin count:  4
Total pin count:  4
Tracks count:  1087
Tracks per pin:  271
Used tracks count:  814
Unused track count:  273
Starting track index:  136
