[WARNING ORD-0039] .openroad ignored with -python
Unannotated report:
['report_parasitic_annotation -report_unannotated\n',
 '============================================================================\n',
 'Found 6 unannotated drivers.\n',
 ' input_data[15]\n',
 ' input_data[175]\n',
 ' input_data[191]\n',
 ' input_data[223]\n',
 ' input_data[238]\n',
 ' input_data[239]\n',
 'Found 0 partially unannotated drivers.\n',
 '\n']
Reported nets:
['input_data[15]',
 'input_data[175]',
 'input_data[191]',
 'input_data[223]',
 'input_data[238]',
 'input_data[239]']
Filtered nets:
[]
done
