
===========================================================================
report_checks -unconstrained
===========================================================================
======================= nom_ff_n40C_1v95 Corner ===================================

Startpoint: input_data[0] (input port clocked by clk)
Endpoint: _22395_ (rising edge-triggered flip-flop clocked by clk)
Path Group: clk
Path Type: max

Fanout         Cap        Slew       Delay        Time   Description
---------------------------------------------------------------------------------------------
                                  0.000000    0.000000   clock clk (rise edge)
                                  0.000000    0.000000   clock network delay (propagated)
                                  5.000000    5.000000 ^ input external delay
     3    0.039328    0.135472    0.094676    5.094676 ^ input_data[0] (in)
                                                         input_data[0] (net)
                      0.135551    0.000000    5.094676 ^ input1/A (sky130_fd_sc_hd__clkbuf_4)
    10    0.093984    0.214579    0.240228    5.334905 ^ input1/X (sky130_fd_sc_hd__clkbuf_4)
                                                         net1 (net)
                      0.214722    0.004606    5.339510 ^ fanout555/A (sky130_fd_sc_hd__buf_4)
    20    0.117206    0.243541    0.241421    5.580932 ^ fanout555/X (sky130_fd_sc_hd__buf_4)
                                                         net555 (net)
                      0.243550    0.001271    5.582203 ^ fanout554/A (sky130_fd_sc_hd__buf_4)
    10    0.070806    0.150007    0.182903    5.765106 ^ fanout554/X (sky130_fd_sc_hd__buf_4)
                                                         net554 (net)
                      0.150011    0.000695    5.765801 ^ fanout553/A (sky130_fd_sc_hd__buf_2)
    14    0.062979    0.230653    0.231609    5.997410 ^ fanout553/X (sky130_fd_sc_hd__buf_2)
                                                         net553 (net)
                      0.230731    0.003542    6.000952 ^ fanout551/A (sky130_fd_sc_hd__clkbuf_4)
    10    0.051806    0.122932    0.196143    6.197095 ^ fanout551/X (sky130_fd_sc_hd__clkbuf_4)
                                                         net551 (net)
                      0.122970    0.001773    6.198868 ^ _13151_/A (sky130_fd_sc_hd__and2_1)
     4    0.017336    0.132423    0.159474    6.358343 ^ _13151_/X (sky130_fd_sc_hd__and2_1)
                                                         _02631_ (net)
                      0.132424    0.000294    6.358636 ^ _13344_/A1 (sky130_fd_sc_hd__o211a_1)
     3    0.011177    0.077630    0.139983    6.498619 ^ _13344_/X (sky130_fd_sc_hd__o211a_1)
                                                         _02825_ (net)
                      0.077631    0.000282    6.498901 ^ _13347_/A_N (sky130_fd_sc_hd__and4bb_1)
     3    0.007539    0.044769    0.131892    6.630793 v _13347_/X (sky130_fd_sc_hd__and4bb_1)
                                                         _02829_ (net)
                      0.044770    0.000173    6.630966 v _13352_/A (sky130_fd_sc_hd__or3_1)
     2    0.004118    0.048641    0.219667    6.850633 v _13352_/X (sky130_fd_sc_hd__or3_1)
                                                         _02834_ (net)
                      0.048642    0.000095    6.850728 v _13353_/B (sky130_fd_sc_hd__and2b_1)
     2    0.011315    0.048470    0.128479    6.979207 v _13353_/X (sky130_fd_sc_hd__and2b_1)
                                                         _02835_ (net)
                      0.048473    0.000338    6.979545 v _13368_/A (sky130_fd_sc_hd__xor2_2)
     2    0.011684    0.074007    0.128403    7.107948 v _13368_/X (sky130_fd_sc_hd__xor2_2)
                                                         _02852_ (net)
                      0.074007    0.000221    7.108170 v _13377_/A (sky130_fd_sc_hd__xor2_2)
     2    0.011872    0.058869    0.137723    7.245893 v _13377_/X (sky130_fd_sc_hd__xor2_2)
                                                         _02862_ (net)
                      0.058872    0.000333    7.246226 v _13379_/B (sky130_fd_sc_hd__xnor2_2)
     2    0.015525    0.179156    0.162843    7.409069 ^ _13379_/Y (sky130_fd_sc_hd__xnor2_2)
                                                         _02864_ (net)
                      0.179157    0.000252    7.409321 ^ _13387_/A (sky130_fd_sc_hd__xnor2_1)
     2    0.007051    0.140389    0.104434    7.513755 ^ _13387_/Y (sky130_fd_sc_hd__xnor2_1)
                                                         _02873_ (net)
                      0.140389    0.000113    7.513868 ^ _13404_/B1 (sky130_fd_sc_hd__a21o_1)
     2    0.019902    0.133674    0.128674    7.642542 ^ _13404_/X (sky130_fd_sc_hd__a21o_1)
                                                         _02891_ (net)
                      0.133676    0.000442    7.642984 ^ _13405_/B1 (sky130_fd_sc_hd__o21ai_4)
     2    0.021689    0.060895    0.049057    7.692041 v _13405_/Y (sky130_fd_sc_hd__o21ai_4)
                                                         _02892_ (net)
                      0.060906    0.000632    7.692673 v _17079_/A1 (sky130_fd_sc_hd__a21o_1)
     1    0.002851    0.024098    0.105899    7.798573 v _17079_/X (sky130_fd_sc_hd__a21o_1)
                                                         _06933_ (net)
                      0.024099    0.000082    7.798655 v _17080_/A2 (sky130_fd_sc_hd__a21oi_1)
     2    0.007284    0.136531    0.136295    7.934950 ^ _17080_/Y (sky130_fd_sc_hd__a21oi_1)
                                                         _06934_ (net)
                      0.136532    0.000248    7.935198 ^ _17081_/B (sky130_fd_sc_hd__or2_1)
     3    0.014182    0.105227    0.129766    8.064963 ^ _17081_/X (sky130_fd_sc_hd__or2_1)
                                                         _06935_ (net)
                      0.105228    0.000372    8.065335 ^ _17083_/A (sky130_fd_sc_hd__nand2_2)
     8    0.044273    0.116735    0.112324    8.177660 v _17083_/Y (sky130_fd_sc_hd__nand2_2)
                                                         _06937_ (net)
                      0.117061    0.005042    8.182702 v _17093_/A (sky130_fd_sc_hd__xnor2_1)
     2    0.004452    0.052270    0.119211    8.301913 v _17093_/Y (sky130_fd_sc_hd__xnor2_1)
                                                         _06948_ (net)
                      0.052270    0.000060    8.301973 v _17094_/B (sky130_fd_sc_hd__or2_2)
     3    0.017431    0.063526    0.200039    8.502012 v _17094_/X (sky130_fd_sc_hd__or2_2)
                                                         _06949_ (net)
                      0.063528    0.000207    8.502219 v _17097_/A1 (sky130_fd_sc_hd__a211oi_1)
     1    0.018960    0.445839    0.370446    8.872665 ^ _17097_/Y (sky130_fd_sc_hd__a211oi_1)
                                                         _06953_ (net)
                      0.445843    0.001022    8.873688 ^ wire240/A (sky130_fd_sc_hd__buf_2)
     4    0.066032    0.241626    0.255118    9.128805 ^ wire240/X (sky130_fd_sc_hd__buf_2)
                                                         net240 (net)
                      0.241790    0.005210    9.134016 ^ _17098_/C (sky130_fd_sc_hd__nor3_1)
     3    0.008966    0.075209    0.061334    9.195350 v _17098_/Y (sky130_fd_sc_hd__nor3_1)
                                                         _06954_ (net)
                      0.075210    0.000172    9.195522 v _17100_/B1 (sky130_fd_sc_hd__a211o_1)
     3    0.010581    0.058457    0.165056    9.360578 v _17100_/X (sky130_fd_sc_hd__a211o_1)
                                                         _06956_ (net)
                      0.058460    0.000338    9.360916 v _17103_/B1 (sky130_fd_sc_hd__a22o_1)
     2    0.005819    0.036191    0.102457    9.463372 v _17103_/X (sky130_fd_sc_hd__a22o_1)
                                                         _06959_ (net)
                      0.036192    0.000124    9.463497 v _17105_/A2 (sky130_fd_sc_hd__a211oi_1)
     2    0.007400    0.215529    0.219202    9.682698 ^ _17105_/Y (sky130_fd_sc_hd__a211oi_1)
                                                         _06961_ (net)
                      0.215530    0.000232    9.682930 ^ _17106_/C (sky130_fd_sc_hd__nor3_1)
     3    0.010990    0.078090    0.069344    9.752274 v _17106_/Y (sky130_fd_sc_hd__nor3_1)
                                                         _06962_ (net)
                      0.078091    0.000298    9.752571 v _17108_/B1 (sky130_fd_sc_hd__a211o_1)
     3    0.013037    0.065211    0.172887    9.925458 v _17108_/X (sky130_fd_sc_hd__a211o_1)
                                                         _06965_ (net)
                      0.065215    0.000440    9.925898 v _17111_/A1 (sky130_fd_sc_hd__a211o_1)
     3    0.011921    0.062173    0.199699   10.125597 v _17111_/X (sky130_fd_sc_hd__a211o_1)
                                                         _06968_ (net)
                      0.062175    0.000326   10.125922 v _17113_/B (sky130_fd_sc_hd__and3_1)
     2    0.007062    0.039809    0.127359   10.253282 v _17113_/X (sky130_fd_sc_hd__and3_1)
                                                         _06970_ (net)
                      0.039811    0.000213   10.253494 v _17116_/B1 (sky130_fd_sc_hd__a211o_2)
     6    0.061943    0.123613    0.237367   10.490861 v _17116_/X (sky130_fd_sc_hd__a211o_2)
                                                         _06973_ (net)
                      0.123618    0.000647   10.491508 v _18257_/A2 (sky130_fd_sc_hd__a21o_1)
     3    0.012193    0.050435    0.171885   10.663392 v _18257_/X (sky130_fd_sc_hd__a21o_1)
                                                         _08228_ (net)
                      0.050437    0.000217   10.663609 v _19506_/A2 (sky130_fd_sc_hd__a21oi_1)
     3    0.011955    0.200676    0.193283   10.856892 ^ _19506_/Y (sky130_fd_sc_hd__a21oi_1)
                                                         _09600_ (net)
                      0.200678    0.000446   10.857338 ^ _21134_/A2 (sky130_fd_sc_hd__o21ai_1)
     3    0.011469    0.077653    0.084212   10.941549 v _21134_/Y (sky130_fd_sc_hd__o21ai_1)
                                                         _00211_ (net)
                      0.077655    0.000286   10.941835 v _21911_/B (sky130_fd_sc_hd__and3_1)
     1    0.002660    0.026793    0.117891   11.059726 v _21911_/X (sky130_fd_sc_hd__and3_1)
                                                         _01065_ (net)
                      0.026793    0.000053   11.059779 v _21913_/B (sky130_fd_sc_hd__or3_2)
     2    0.085000    0.187586    0.411069   11.470849 v _21913_/X (sky130_fd_sc_hd__or3_2)
                                                         _01067_ (net)
                      0.187966    0.006925   11.477774 v _21914_/A3 (sky130_fd_sc_hd__a31o_1)
     1    0.006655    0.039864    0.205478   11.683252 v _21914_/X (sky130_fd_sc_hd__a31o_1)
                                                         _01068_ (net)
                      0.039867    0.000264   11.683516 v _22033_/A2 (sky130_fd_sc_hd__o21a_1)
     2    0.025397    0.093693    0.170376   11.853891 v _22033_/X (sky130_fd_sc_hd__o21a_1)
                                                         _01199_ (net)
                      0.093711    0.001093   11.854985 v _22196_/A1 (sky130_fd_sc_hd__o22a_1)
     1    0.003908    0.030411    0.147517   12.002501 v _22196_/X (sky130_fd_sc_hd__o22a_1)
                                                         _01378_ (net)
                      0.030411    0.000128   12.002629 v _22243_/A2 (sky130_fd_sc_hd__o21ba_1)
     1    0.003184    0.026882    0.102776   12.105406 v _22243_/X (sky130_fd_sc_hd__o21ba_1)
                                                         _01430_ (net)
                      0.026882    0.000096   12.105502 v _22245_/B1 (sky130_fd_sc_hd__o32a_1)
     1    0.003189    0.038994    0.099573   12.205074 v _22245_/X (sky130_fd_sc_hd__o32a_1)
                                                         _00005_ (net)
                      0.038994    0.000099   12.205174 v _22395_/D (sky130_fd_sc_hd__dfxtp_2)
                                             12.205174   data arrival time

                                 25.000000   25.000000   clock clk (rise edge)
                                  0.000000   25.000000   clock source latency
     2    0.096986    0.330194    0.242929   25.242928 ^ clk (in)
                                                         clk (net)
                      0.337622    0.000000   25.242928 ^ clkbuf_0_clk/A (sky130_fd_sc_hd__clkbuf_16)
     2    0.021715    0.040352    0.133204   25.376133 ^ clkbuf_0_clk/X (sky130_fd_sc_hd__clkbuf_16)
                                                         clknet_0_clk (net)
                      0.040356    0.000675   25.376806 ^ clkbuf_1_0__f_clk/A (sky130_fd_sc_hd__clkbuf_16)
     9    0.032148    0.039636    0.095017   25.471825 ^ clkbuf_1_0__f_clk/X (sky130_fd_sc_hd__clkbuf_16)
                                                         clknet_1_0__leaf_clk (net)
                      0.039681    0.001142   25.472967 ^ _22395_/CLK (sky130_fd_sc_hd__dfxtp_2)
                                 -0.250000   25.222967   clock uncertainty
                                  0.000000   25.222967   clock reconvergence pessimism
                                 -0.072982   25.149986   library setup time
                                             25.149986   data required time
---------------------------------------------------------------------------------------------
                                             25.149986   data required time
                                            -12.205174   data arrival time
---------------------------------------------------------------------------------------------
                                             12.944812   slack (MET)




===========================================================================
report_checks --slack_max -0.01
============================================================================
======================= nom_ff_n40C_1v95 Corner ===================================

No paths found.


===========================================================================
 report_check_types -max_slew -max_cap -max_fanout -violators
============================================================================
======================= nom_ff_n40C_1v95 Corner ===================================

max fanout

Pin                                   Limit Fanout  Slack
---------------------------------------------------------
input139/X                               10     39    -29 (VIOLATED)
fanout542/X                              10     21    -11 (VIOLATED)
_11446_/Y                                10     20    -10 (VIOLATED)
_11543_/Y                                10     20    -10 (VIOLATED)
_11758_/Y                                10     20    -10 (VIOLATED)
_12250_/X                                10     20    -10 (VIOLATED)
_13155_/Y                                10     20    -10 (VIOLATED)
_14753_/Y                                10     20    -10 (VIOLATED)
_15566_/Y                                10     20    -10 (VIOLATED)
_16075_/Y                                10     20    -10 (VIOLATED)
_16517_/Y                                10     20    -10 (VIOLATED)
fanout244/X                              10     20    -10 (VIOLATED)
fanout245/X                              10     20    -10 (VIOLATED)
fanout246/X                              10     20    -10 (VIOLATED)
fanout248/X                              10     20    -10 (VIOLATED)
fanout249/X                              10     20    -10 (VIOLATED)
fanout253/X                              10     20    -10 (VIOLATED)
fanout255/X                              10     20    -10 (VIOLATED)
fanout257/X                              10     20    -10 (VIOLATED)
fanout259/X                              10     20    -10 (VIOLATED)
fanout260/X                              10     20    -10 (VIOLATED)
fanout263/X                              10     20    -10 (VIOLATED)
fanout265/X                              10     20    -10 (VIOLATED)
fanout267/X                              10     20    -10 (VIOLATED)
fanout271/X                              10     20    -10 (VIOLATED)
fanout277/X                              10     20    -10 (VIOLATED)
fanout278/X                              10     20    -10 (VIOLATED)
fanout279/X                              10     20    -10 (VIOLATED)
fanout280/X                              10     20    -10 (VIOLATED)
fanout281/X                              10     20    -10 (VIOLATED)
fanout283/X                              10     20    -10 (VIOLATED)
fanout284/X                              10     20    -10 (VIOLATED)
fanout286/X                              10     20    -10 (VIOLATED)
fanout287/X                              10     20    -10 (VIOLATED)
fanout288/X                              10     20    -10 (VIOLATED)
fanout291/X                              10     20    -10 (VIOLATED)
fanout295/X                              10     20    -10 (VIOLATED)
fanout296/X                              10     20    -10 (VIOLATED)
fanout297/X                              10     20    -10 (VIOLATED)
fanout298/X                              10     20    -10 (VIOLATED)
fanout300/X                              10     20    -10 (VIOLATED)
fanout306/X                              10     20    -10 (VIOLATED)
fanout308/X                              10     20    -10 (VIOLATED)
fanout309/X                              10     20    -10 (VIOLATED)
fanout310/X                              10     20    -10 (VIOLATED)
fanout312/X                              10     20    -10 (VIOLATED)
fanout313/X                              10     20    -10 (VIOLATED)
fanout322/X                              10     20    -10 (VIOLATED)
fanout326/X                              10     20    -10 (VIOLATED)
fanout328/X                              10     20    -10 (VIOLATED)
fanout329/X                              10     20    -10 (VIOLATED)
fanout330/X                              10     20    -10 (VIOLATED)
fanout331/X                              10     20    -10 (VIOLATED)
fanout345/X                              10     20    -10 (VIOLATED)
fanout351/X                              10     20    -10 (VIOLATED)
fanout354/X                              10     20    -10 (VIOLATED)
fanout355/X                              10     20    -10 (VIOLATED)
fanout372/X                              10     20    -10 (VIOLATED)
fanout375/X                              10     20    -10 (VIOLATED)
fanout376/X                              10     20    -10 (VIOLATED)
fanout384/X                              10     20    -10 (VIOLATED)
fanout389/X                              10     20    -10 (VIOLATED)
fanout427/X                              10     20    -10 (VIOLATED)
fanout428/X                              10     20    -10 (VIOLATED)
fanout430/X                              10     20    -10 (VIOLATED)
fanout440/X                              10     20    -10 (VIOLATED)
fanout451/X                              10     20    -10 (VIOLATED)
fanout463/X                              10     20    -10 (VIOLATED)
fanout478/X                              10     20    -10 (VIOLATED)
fanout487/X                              10     20    -10 (VIOLATED)
fanout488/X                              10     20    -10 (VIOLATED)
fanout490/X                              10     20    -10 (VIOLATED)
fanout496/X                              10     20    -10 (VIOLATED)
fanout499/X                              10     20    -10 (VIOLATED)
fanout500/X                              10     20    -10 (VIOLATED)
fanout501/X                              10     20    -10 (VIOLATED)
fanout504/X                              10     20    -10 (VIOLATED)
fanout517/X                              10     20    -10 (VIOLATED)
fanout518/X                              10     20    -10 (VIOLATED)
fanout528/X                              10     20    -10 (VIOLATED)
fanout531/X                              10     20    -10 (VIOLATED)
fanout533/X                              10     20    -10 (VIOLATED)
fanout534/X                              10     20    -10 (VIOLATED)
fanout535/X                              10     20    -10 (VIOLATED)
fanout540/X                              10     20    -10 (VIOLATED)
fanout541/X                              10     20    -10 (VIOLATED)
fanout546/X                              10     20    -10 (VIOLATED)
fanout550/X                              10     20    -10 (VIOLATED)
fanout555/X                              10     20    -10 (VIOLATED)
input174/X                               10     20    -10 (VIOLATED)
input27/X                                10     20    -10 (VIOLATED)
input40/X                                10     20    -10 (VIOLATED)
input67/X                                10     20    -10 (VIOLATED)
input69/X                                10     20    -10 (VIOLATED)
input70/X                                10     20    -10 (VIOLATED)
input95/X                                10     20    -10 (VIOLATED)
_11241_/Y                                10     18     -8 (VIOLATED)
_11299_/Y                                10     18     -8 (VIOLATED)
_11449_/Y                                10     18     -8 (VIOLATED)
_11450_/X                                10     18     -8 (VIOLATED)
_11544_/X                                10     18     -8 (VIOLATED)
_11656_/X                                10     18     -8 (VIOLATED)
_12083_/Y                                10     18     -8 (VIOLATED)
_12314_/X                                10     18     -8 (VIOLATED)
_13074_/X                                10     18     -8 (VIOLATED)
_13655_/Y                                10     18     -8 (VIOLATED)
_13713_/Y                                10     18     -8 (VIOLATED)
_15567_/Y                                10     18     -8 (VIOLATED)
fanout318/X                              10     18     -8 (VIOLATED)
fanout320/X                              10     18     -8 (VIOLATED)
fanout325/X                              10     18     -8 (VIOLATED)
fanout336/X                              10     18     -8 (VIOLATED)
fanout380/X                              10     18     -8 (VIOLATED)
fanout387/X                              10     18     -8 (VIOLATED)
fanout404/X                              10     18     -8 (VIOLATED)
fanout414/X                              10     18     -8 (VIOLATED)
fanout435/X                              10     18     -8 (VIOLATED)
fanout445/X                              10     18     -8 (VIOLATED)
fanout453/X                              10     18     -8 (VIOLATED)
fanout455/X                              10     18     -8 (VIOLATED)
fanout498/X                              10     18     -8 (VIOLATED)
fanout503/X                              10     18     -8 (VIOLATED)
fanout522/X                              10     18     -8 (VIOLATED)
fanout532/X                              10     18     -8 (VIOLATED)
fanout544/X                              10     18     -8 (VIOLATED)
fanout547/X                              10     18     -8 (VIOLATED)
input221/X                               10     18     -8 (VIOLATED)
input26/X                                10     18     -8 (VIOLATED)
input33/X                                10     18     -8 (VIOLATED)
input43/X                                10     18     -8 (VIOLATED)
input62/X                                10     18     -8 (VIOLATED)
input68/X                                10     18     -8 (VIOLATED)
input79/X                                10     18     -8 (VIOLATED)
input86/X                                10     18     -8 (VIOLATED)
input87/X                                10     18     -8 (VIOLATED)
input89/X                                10     18     -8 (VIOLATED)
input94/X                                10     18     -8 (VIOLATED)
_11197_/Y                                10     16     -6 (VIOLATED)
_11203_/Y                                10     16     -6 (VIOLATED)
_11204_/Y                                10     16     -6 (VIOLATED)
_11207_/Y                                10     16     -6 (VIOLATED)
_11250_/Y                                10     16     -6 (VIOLATED)
_11444_/X                                10     16     -6 (VIOLATED)
_11828_/X                                10     16     -6 (VIOLATED)
_12092_/X                                10     16     -6 (VIOLATED)
_12421_/Y                                10     16     -6 (VIOLATED)
_12650_/Y                                10     16     -6 (VIOLATED)
_13709_/X                                10     16     -6 (VIOLATED)
_15196_/Y                                10     16     -6 (VIOLATED)
_15609_/Y                                10     16     -6 (VIOLATED)
_16518_/Y                                10     16     -6 (VIOLATED)
fanout294/X                              10     16     -6 (VIOLATED)
fanout342/X                              10     16     -6 (VIOLATED)
fanout344/X                              10     16     -6 (VIOLATED)
fanout370/X                              10     16     -6 (VIOLATED)
fanout398/X                              10     16     -6 (VIOLATED)
fanout401/X                              10     16     -6 (VIOLATED)
fanout407/X                              10     16     -6 (VIOLATED)
fanout410/X                              10     16     -6 (VIOLATED)
fanout433/X                              10     16     -6 (VIOLATED)
fanout477/X                              10     16     -6 (VIOLATED)
fanout484/X                              10     16     -6 (VIOLATED)
fanout506/X                              10     16     -6 (VIOLATED)
fanout514/X                              10     16     -6 (VIOLATED)
input158/X                               10     16     -6 (VIOLATED)
input210/X                               10     16     -6 (VIOLATED)
input220/X                               10     16     -6 (VIOLATED)
input41/X                                10     16     -6 (VIOLATED)
input77/X                                10     16     -6 (VIOLATED)
input85/X                                10     16     -6 (VIOLATED)
_13154_/X                                10     15     -5 (VIOLATED)
_11211_/Y                                10     14     -4 (VIOLATED)
_11238_/X                                10     14     -4 (VIOLATED)
_11358_/Y                                10     14     -4 (VIOLATED)
_11421_/X                                10     14     -4 (VIOLATED)
_12176_/Y                                10     14     -4 (VIOLATED)
_12177_/X                                10     14     -4 (VIOLATED)
_13325_/Y                                10     14     -4 (VIOLATED)
_14734_/Y                                10     14     -4 (VIOLATED)
_14754_/Y                                10     14     -4 (VIOLATED)
_15237_/Y                                10     14     -4 (VIOLATED)
_15573_/X                                10     14     -4 (VIOLATED)
_16072_/X                                10     14     -4 (VIOLATED)
_16687_/X                                10     14     -4 (VIOLATED)
clkbuf_1_1__f_clk/X                      10     14     -4 (VIOLATED)
fanout334/X                              10     14     -4 (VIOLATED)
fanout348/X                              10     14     -4 (VIOLATED)
fanout359/X                              10     14     -4 (VIOLATED)
fanout432/X                              10     14     -4 (VIOLATED)
fanout486/X                              10     14     -4 (VIOLATED)
fanout494/X                              10     14     -4 (VIOLATED)
fanout508/X                              10     14     -4 (VIOLATED)
fanout537/X                              10     14     -4 (VIOLATED)
fanout553/X                              10     14     -4 (VIOLATED)
input141/X                               10     14     -4 (VIOLATED)
input176/X                               10     14     -4 (VIOLATED)
input28/X                                10     14     -4 (VIOLATED)
input45/X                                10     14     -4 (VIOLATED)
input80/X                                10     14     -4 (VIOLATED)
input92/X                                10     14     -4 (VIOLATED)
input93/X                                10     14     -4 (VIOLATED)
input96/X                                10     14     -4 (VIOLATED)
max_cap275/X                             10     14     -4 (VIOLATED)
_11242_/Y                                10     12     -2 (VIOLATED)
_11323_/X                                10     12     -2 (VIOLATED)
_11342_/X                                10     12     -2 (VIOLATED)
_11343_/Y                                10     12     -2 (VIOLATED)
_11359_/X                                10     12     -2 (VIOLATED)
_11991_/Y                                10     12     -2 (VIOLATED)
_12333_/Y                                10     12     -2 (VIOLATED)
_12334_/X                                10     12     -2 (VIOLATED)
_13235_/Y                                10     12     -2 (VIOLATED)
_13278_/Y                                10     12     -2 (VIOLATED)
_13433_/Y                                10     12     -2 (VIOLATED)
_13447_/Y                                10     12     -2 (VIOLATED)
_13465_/X                                10     12     -2 (VIOLATED)
_13490_/Y                                10     12     -2 (VIOLATED)
_13521_/Y                                10     12     -2 (VIOLATED)
_14674_/X                                10     12     -2 (VIOLATED)
_14841_/X                                10     12     -2 (VIOLATED)
_15027_/Y                                10     12     -2 (VIOLATED)
_15351_/Y                                10     12     -2 (VIOLATED)
_15610_/X                                10     12     -2 (VIOLATED)
_16608_/X                                10     12     -2 (VIOLATED)
fanout262/X                              10     12     -2 (VIOLATED)
fanout268/X                              10     12     -2 (VIOLATED)
fanout339/X                              10     12     -2 (VIOLATED)
fanout366/X                              10     12     -2 (VIOLATED)
fanout371/X                              10     12     -2 (VIOLATED)
fanout392/X                              10     12     -2 (VIOLATED)
fanout396/X                              10     12     -2 (VIOLATED)
fanout415/X                              10     12     -2 (VIOLATED)
fanout418/X                              10     12     -2 (VIOLATED)
fanout516/X                              10     12     -2 (VIOLATED)
fanout527/X                              10     12     -2 (VIOLATED)
input159/X                               10     12     -2 (VIOLATED)
input63/X                                10     12     -2 (VIOLATED)
input90/X                                10     12     -2 (VIOLATED)
input91/X                                10     12     -2 (VIOLATED)
max_cap276/X                             10     12     -2 (VIOLATED)
fanout254/X                              10     11        (VIOLATED)
fanout524/X                              10     11        (VIOLATED)

max capacitance

Pin                                        Limit         Cap       Slack
------------------------------------------------------------------------
input139/X                              0.200000    0.203773   -0.003773 (VIOLATED)



===========================================================================
report_parasitic_annotation -report_unannotated
============================================================================
Found 23 unannotated drivers.
 input_data[127]
 input_data[191]
 input_data[207]
 input_data[208]
 input_data[209]
 input_data[210]
 input_data[211]
 input_data[212]
 input_data[213]
 input_data[214]
 input_data[215]
 input_data[216]
 input_data[217]
 input_data[218]
 input_data[219]
 input_data[220]
 input_data[221]
 input_data[222]
 input_data[223]
 input_data[238]
 input_data[239]
 input_data[63]
 input_data[79]
Found 0 partially unannotated drivers.

===========================================================================
max slew violation count 0
max fanout violation count 242
max cap violation count 1
============================================================================

===========================================================================
check_setup -verbose -unconstrained_endpoints -multiple_clock -no_clock -no_input_delay -loops -generated_clocks
===========================================================================
