Reading OpenROAD database at '/mnt/d/APIC/FIR_Openlane/All/runs/RUN_2024-06-17_10-43-23/40-odb-heuristicdiodeinsertion/3-openroad-globalrouting/top.odb'…
Reading library file at '/home/nurwiyoso14/.volare/volare/sky130/versions/bdc9412b3e468c102d01b7cf6337be06ec6e9c9a/sky130A/libs.ref/sky130_fd_sc_hd/lib/sky130_fd_sc_hd__ss_100C_1v60.lib'…
Reading design constraints file at '/nix/store/ly0xjc8f0gmgmckxcrs0bw8vqc9gf9bk-python3-3.11.6-env/lib/python3.11/site-packages/openlane/scripts/base.sdc'…
[INFO] Using clock clk…
[INFO] Setting output delay to: 5
[INFO] Setting input delay to: 5
[INFO] Setting load to: 0.033442
[INFO] Setting clock uncertainty to: 0.25
[INFO] Setting clock transition to: 0.1499999999999999944488848768742172978818416595458984375
[INFO] Setting timing derate to: 5%
[INFO] Setting signal min routing layer to: met1 and clock min routing layer to met1. 
[INFO] Setting signal max routing layer to: met5 and clock max routing layer to met5. 
-congestion_iterations 50 -verbose
[INFO GRT-0020] Min routing layer: met1
[INFO GRT-0021] Max routing layer: met5
[INFO GRT-0022] Global adjustment: 30%
[INFO GRT-0023] Grid origin: (0, 0)
[INFO GRT-0043] No OR_DEFAULT vias defined.
[INFO GRT-0088] Layer li1     Track-Pitch = 0.4600  line-2-Via Pitch: 0.3400
[INFO GRT-0088] Layer met1    Track-Pitch = 0.3400  line-2-Via Pitch: 0.3400
[INFO GRT-0088] Layer met2    Track-Pitch = 0.4600  line-2-Via Pitch: 0.3500
[INFO GRT-0088] Layer met3    Track-Pitch = 0.6800  line-2-Via Pitch: 0.6150
[INFO GRT-0088] Layer met4    Track-Pitch = 0.9200  line-2-Via Pitch: 1.0400
[INFO GRT-0088] Layer met5    Track-Pitch = 3.4000  line-2-Via Pitch: 3.1100
[INFO GRT-0019] Found 130 clock nets.
[INFO GRT-0001] Minimum degree: 2
[INFO GRT-0002] Maximum degree: 25
[INFO GRT-0003] Macros: 0
[INFO GRT-0004] Blockages: 24792

[INFO GRT-0053] Routing resources analysis:
          Routing      Original      Derated      Resource
Layer     Direction    Resources     Resources    Reduction (%)
---------------------------------------------------------------
li1        Vertical            0             0          0.00%
met1       Horizontal     293000        142586          51.34%
met2       Vertical       220606        145628          33.99%
met3       Horizontal     146500        101142          30.96%
met4       Vertical        88462         55825          36.89%
met5       Horizontal      29276         13923          52.44%
---------------------------------------------------------------

[INFO GRT-0101] Running extra iterations to remove overflow.
[INFO GRT-0197] Via related to pin nodes: 204365
[INFO GRT-0198] Via related Steiner nodes: 3368
[INFO GRT-0199] Via filling finished.
[INFO GRT-0111] Final number of vias: 260855
[INFO GRT-0112] Final usage 3D: 970164

[INFO GRT-0096] Final congestion report:
Layer         Resource        Demand        Usage (%)    Max H / Max V / Total Overflow
---------------------------------------------------------------------------------------
li1                  0             0            0.00%             0 /  0 /  0
met1            142586         71824           50.37%             0 /  0 /  0
met2            145628         78677           54.03%             0 /  0 /  0
met3            101142         15395           15.22%             0 /  0 /  0
met4             55825         21597           38.69%             0 /  0 /  0
met5             13923           106            0.76%             0 /  0 /  0
---------------------------------------------------------------------------------------
Total           459104        187599           40.86%             0 /  0 /  0

[INFO GRT-0018] Total wirelength: 1915433 um
[INFO GRT-0014] Routed nets: 34629
[INFO GRT-0006] Repairing antennas, iteration 1.
[INFO GRT-0043] No OR_DEFAULT vias defined.
[INFO GRT-0012] Found 19 antenna violations.
[INFO GRT-0015] Inserted 81 diodes.
[INFO GRT-0009] rerouting 26604 nets.
[INFO GRT-0001] Minimum degree: 2
[INFO GRT-0002] Maximum degree: 29
[INFO GRT-0006] Repairing antennas, iteration 2.
[INFO GRT-0043] No OR_DEFAULT vias defined.
[INFO GRT-0012] Found 6 antenna violations.
[INFO GRT-0015] Inserted 51 diodes.
[INFO GRT-0009] rerouting 83 nets.
[INFO GRT-0001] Minimum degree: 2
[INFO GRT-0002] Maximum degree: 25
[INFO GRT-0006] Repairing antennas, iteration 3.
[INFO GRT-0043] No OR_DEFAULT vias defined.
[INFO GRT-0012] Found 0 antenna violations.
Placement Analysis
---------------------------------
total displacement          0.0 u
average displacement        0.0 u
max displacement            0.0 u
original HPWL         1235604.2 u
legalized HPWL        1235606.5 u
delta HPWL                    0 %

[INFO DPL-0020] Mirrored 18274 instances
[INFO DPL-0021] HPWL before          1235606.5 u
[INFO DPL-0022] HPWL after           1206057.5 u
[INFO DPL-0023] HPWL delta               -2.4 %
-congestion_iterations 50 -verbose
[INFO GRT-0020] Min routing layer: met1
[INFO GRT-0021] Max routing layer: met5
[INFO GRT-0022] Global adjustment: 30%
[INFO GRT-0023] Grid origin: (0, 0)
[INFO GRT-0043] No OR_DEFAULT vias defined.
[INFO GRT-0088] Layer li1     Track-Pitch = 0.4600  line-2-Via Pitch: 0.3400
[INFO GRT-0088] Layer met1    Track-Pitch = 0.3400  line-2-Via Pitch: 0.3400
[INFO GRT-0088] Layer met2    Track-Pitch = 0.4600  line-2-Via Pitch: 0.3500
[INFO GRT-0088] Layer met3    Track-Pitch = 0.6800  line-2-Via Pitch: 0.6150
[INFO GRT-0088] Layer met4    Track-Pitch = 0.9200  line-2-Via Pitch: 1.0400
[INFO GRT-0088] Layer met5    Track-Pitch = 3.4000  line-2-Via Pitch: 3.1100
[INFO GRT-0019] Found 130 clock nets.
[INFO GRT-0001] Minimum degree: 2
[INFO GRT-0002] Maximum degree: 29
[INFO GRT-0003] Macros: 0
[INFO GRT-0004] Blockages: 24792

[INFO GRT-0053] Routing resources analysis:
          Routing      Original      Derated      Resource
Layer     Direction    Resources     Resources    Reduction (%)
---------------------------------------------------------------
li1        Vertical            0             0          0.00%
met1       Horizontal     293000        142586          51.34%
met2       Vertical       220606        145628          33.99%
met3       Horizontal     146500        101142          30.96%
met4       Vertical        88462         55825          36.89%
met5       Horizontal      29276         13923          52.44%
---------------------------------------------------------------

[INFO GRT-0101] Running extra iterations to remove overflow.
[INFO GRT-0197] Via related to pin nodes: 204453
[INFO GRT-0198] Via related Steiner nodes: 3341
[INFO GRT-0199] Via filling finished.
[INFO GRT-0111] Final number of vias: 260880
[INFO GRT-0112] Final usage 3D: 970288

[INFO GRT-0096] Final congestion report:
Layer         Resource        Demand        Usage (%)    Max H / Max V / Total Overflow
---------------------------------------------------------------------------------------
li1                  0             0            0.00%             0 /  0 /  0
met1            142586         72135           50.59%             0 /  0 /  0
met2            145628         78364           53.81%             0 /  0 /  0
met3            101142         15169           15.00%             0 /  0 /  0
met4             55825         21935           39.29%             0 /  0 /  0
met5             13923            45            0.32%             0 /  0 /  0
---------------------------------------------------------------------------------------
Total           459104        187648           40.87%             0 /  0 /  0

[INFO GRT-0018] Total wirelength: 1915909 um
[INFO GRT-0014] Routed nets: 34629
[INFO] Setting RC values…
Setting global connections for newly added cells…
[INFO] Setting global connections...
Writing OpenROAD database to '/mnt/d/APIC/FIR_Openlane/All/runs/RUN_2024-06-17_10-43-23/41-openroad-repairantennas/1-diodeinsertion/top.odb'…
Writing layout to '/mnt/d/APIC/FIR_Openlane/All/runs/RUN_2024-06-17_10-43-23/41-openroad-repairantennas/1-diodeinsertion/top.def'…
