
===========================================================================
report_checks -unconstrained
===========================================================================
======================= nom_tt_025C_1v80 Corner ===================================

Startpoint: input_data[80] (input port clocked by clk)
Endpoint: _22395_ (rising edge-triggered flip-flop clocked by clk)
Path Group: clk
Path Type: max

Fanout         Cap        Slew       Delay        Time   Description
---------------------------------------------------------------------------------------------
                                  0.000000    0.000000   clock clk (rise edge)
                                  0.000000    0.000000   clock network delay (propagated)
                                  5.000000    5.000000 ^ input external delay
     2    0.009286    0.048262    0.031855    5.031855 ^ input_data[80] (in)
                                                         input_data[80] (net)
                      0.048267    0.000000    5.031855 ^ input196/A (sky130_fd_sc_hd__clkbuf_2)
     2    0.053859    0.292099    0.276188    5.308043 ^ input196/X (sky130_fd_sc_hd__clkbuf_2)
                                                         net196 (net)
                      0.292183    0.004111    5.312155 ^ fanout416/A (sky130_fd_sc_hd__clkbuf_4)
    16    0.084038    0.252264    0.367013    5.679168 ^ fanout416/X (sky130_fd_sc_hd__clkbuf_4)
                                                         net416 (net)
                      0.252464    0.005872    5.685039 ^ fanout415/A (sky130_fd_sc_hd__buf_4)
    14    0.091271    0.251621    0.323669    6.008708 ^ fanout415/X (sky130_fd_sc_hd__buf_4)
                                                         net415 (net)
                      0.251755    0.004817    6.013525 ^ fanout413/A (sky130_fd_sc_hd__buf_4)
    20    0.074102    0.206294    0.291917    6.305442 ^ fanout413/X (sky130_fd_sc_hd__buf_4)
                                                         net413 (net)
                      0.206482    0.005135    6.310577 ^ _11240_/A (sky130_fd_sc_hd__and2_2)
     5    0.044002    0.228421    0.326542    6.637119 ^ _11240_/X (sky130_fd_sc_hd__and2_2)
                                                         _03312_ (net)
                      0.228424    0.000707    6.637825 ^ _11246_/A (sky130_fd_sc_hd__or2_1)
     1    0.006012    0.069766    0.159421    6.797247 ^ _11246_/X (sky130_fd_sc_hd__or2_1)
                                                         _03378_ (net)
                      0.069767    0.000218    6.797465 ^ fanout265/A (sky130_fd_sc_hd__clkbuf_4)
    10    0.071423    0.216308    0.267966    7.065431 ^ fanout265/X (sky130_fd_sc_hd__clkbuf_4)
                                                         net265 (net)
                      0.216317    0.001152    7.066584 ^ fanout264/A (sky130_fd_sc_hd__buf_4)
    20    0.097235    0.267380    0.325127    7.391711 ^ fanout264/X (sky130_fd_sc_hd__buf_4)
                                                         net264 (net)
                      0.267398    0.001810    7.393521 ^ _11539_/A (sky130_fd_sc_hd__nor2_1)
     3    0.015403    0.110186    0.156875    7.550395 v _11539_/Y (sky130_fd_sc_hd__nor2_1)
                                                         _06600_ (net)
                      0.110188    0.000361    7.550756 v _11541_/A (sky130_fd_sc_hd__nor2_1)
     2    0.017154    0.313150    0.296191    7.846947 ^ _11541_/Y (sky130_fd_sc_hd__nor2_1)
                                                         _06622_ (net)
                      0.313152    0.000522    7.847469 ^ _11663_/A1 (sky130_fd_sc_hd__a21oi_1)
     2    0.016097    0.157245    0.208741    8.056211 v _11663_/Y (sky130_fd_sc_hd__a21oi_1)
                                                         _07963_ (net)
                      0.157250    0.000720    8.056931 v _11665_/B (sky130_fd_sc_hd__xor2_1)
     2    0.012401    0.282967    0.296638    8.353570 ^ _11665_/X (sky130_fd_sc_hd__xor2_1)
                                                         _07985_ (net)
                      0.282968    0.000361    8.353930 ^ _11666_/B (sky130_fd_sc_hd__xnor2_1)
     2    0.011108    0.278684    0.219838    8.573769 ^ _11666_/Y (sky130_fd_sc_hd__xnor2_1)
                                                         _07996_ (net)
                      0.278684    0.000313    8.574081 ^ _11667_/A_N (sky130_fd_sc_hd__and2b_1)
     2    0.012051    0.071943    0.260144    8.834225 v _11667_/X (sky130_fd_sc_hd__and2b_1)
                                                         _08007_ (net)
                      0.071946    0.000400    8.834625 v _11842_/A (sky130_fd_sc_hd__xnor2_2)
     2    0.016508    0.249640    0.259632    9.094257 ^ _11842_/Y (sky130_fd_sc_hd__xnor2_2)
                                                         _09931_ (net)
                      0.249642    0.000631    9.094889 ^ _11844_/B (sky130_fd_sc_hd__xor2_2)
     3    0.015200    0.109647    0.147496    9.242385 v _11844_/X (sky130_fd_sc_hd__xor2_2)
                                                         _09953_ (net)
                      0.109652    0.000597    9.242982 v _11845_/C (sky130_fd_sc_hd__and3_1)
     4    0.028192    0.142277    0.304738    9.547719 v _11845_/X (sky130_fd_sc_hd__and3_1)
                                                         _09964_ (net)
                      0.142292    0.001245    9.548965 v _11878_/A (sky130_fd_sc_hd__or4bb_4)
     3    0.010385    0.095514    0.585233   10.134198 v _11878_/X (sky130_fd_sc_hd__or4bb_4)
                                                         _10327_ (net)
                      0.095514    0.000347   10.134545 v _11880_/B (sky130_fd_sc_hd__and3_1)
     2    0.007267    0.056358    0.203479   10.338024 v _11880_/X (sky130_fd_sc_hd__and3_1)
                                                         _10349_ (net)
                      0.056359    0.000157   10.338181 v _11882_/B (sky130_fd_sc_hd__or3_1)
     3    0.011372    0.109753    0.403391   10.741572 v _11882_/X (sky130_fd_sc_hd__or3_1)
                                                         _10370_ (net)
                      0.109755    0.000302   10.741875 v _11897_/A1 (sky130_fd_sc_hd__a211o_1)
     3    0.008865    0.075942    0.310401   11.052275 v _11897_/X (sky130_fd_sc_hd__a211o_1)
                                                         _10535_ (net)
                      0.075942    0.000180   11.052455 v _11898_/C (sky130_fd_sc_hd__and3_1)
     2    0.007194    0.056025    0.209589   11.262044 v _11898_/X (sky130_fd_sc_hd__and3_1)
                                                         _10546_ (net)
                      0.056026    0.000224   11.262268 v _11917_/B1 (sky130_fd_sc_hd__a211o_1)
     3    0.011080    0.084657    0.312410   11.574677 v _11917_/X (sky130_fd_sc_hd__a211o_1)
                                                         _10755_ (net)
                      0.084659    0.000306   11.574984 v _11920_/B (sky130_fd_sc_hd__and3_2)
     4    0.018996    0.073765    0.254060   11.829043 v _11920_/X (sky130_fd_sc_hd__and3_2)
                                                         _10788_ (net)
                      0.073774    0.000640   11.829684 v _11947_/A (sky130_fd_sc_hd__or3_2)
     5    0.020504    0.128534    0.558575   12.388259 v _11947_/X (sky130_fd_sc_hd__or3_2)
                                                         _11085_ (net)
                      0.128553    0.001216   12.389475 v _11949_/B (sky130_fd_sc_hd__and3_1)
     2    0.007108    0.055655    0.217736   12.607211 v _11949_/X (sky130_fd_sc_hd__and3_1)
                                                         _11107_ (net)
                      0.055656    0.000220   12.607431 v _11979_/A (sky130_fd_sc_hd__or3_2)
     5    0.018228    0.122526    0.544938   13.152369 v _11979_/X (sky130_fd_sc_hd__or3_2)
                                                         _00258_ (net)
                      0.122531    0.000614   13.152983 v _11981_/B (sky130_fd_sc_hd__and3_1)
     2    0.008822    0.062254    0.223257   13.376240 v _11981_/X (sky130_fd_sc_hd__and3_1)
                                                         _00280_ (net)
                      0.062256    0.000258   13.376498 v _12019_/A1 (sky130_fd_sc_hd__o211a_1)
     2    0.008163    0.063357    0.251807   13.628305 v _12019_/X (sky130_fd_sc_hd__o211a_1)
                                                         _00697_ (net)
                      0.063358    0.000220   13.628526 v _12021_/A2 (sky130_fd_sc_hd__o21a_1)
     2    0.010051    0.067032    0.205202   13.833728 v _12021_/X (sky130_fd_sc_hd__o21a_1)
                                                         _00719_ (net)
                      0.067034    0.000279   13.834006 v _12119_/A2 (sky130_fd_sc_hd__o21a_1)
     3    0.011187    0.071978    0.211191   14.045197 v _12119_/X (sky130_fd_sc_hd__o21a_1)
                                                         _01599_ (net)
                      0.071979    0.000265   14.045462 v _16802_/A1 (sky130_fd_sc_hd__o21ba_1)
     2    0.007797    0.058212    0.212894   14.258356 v _16802_/X (sky130_fd_sc_hd__o21ba_1)
                                                         _06628_ (net)
                      0.058212    0.000148   14.258504 v _17945_/A2 (sky130_fd_sc_hd__o21bai_1)
     2    0.010291    0.237074    0.222657   14.481161 ^ _17945_/Y (sky130_fd_sc_hd__o21bai_1)
                                                         _07884_ (net)
                      0.237074    0.000266   14.481427 ^ _19186_/A2 (sky130_fd_sc_hd__a21o_1)
     3    0.011058    0.103930    0.202054   14.683481 ^ _19186_/X (sky130_fd_sc_hd__a21o_1)
                                                         _09248_ (net)
                      0.103931    0.000258   14.683740 ^ _20615_/A2 (sky130_fd_sc_hd__a21o_1)
     3    0.013363    0.123643    0.184858   14.868598 ^ _20615_/X (sky130_fd_sc_hd__a21o_1)
                                                         _10819_ (net)
                      0.123644    0.000321   14.868919 ^ _21715_/A1 (sky130_fd_sc_hd__a221o_1)
     1    0.006607    0.080618    0.185144   15.054063 ^ _21715_/X (sky130_fd_sc_hd__a221o_1)
                                                         _00849_ (net)
                      0.080619    0.000247   15.054310 ^ _21716_/B1 (sky130_fd_sc_hd__o311ai_2)
     1    0.014008    0.153697    0.153419   15.207728 v _21716_/Y (sky130_fd_sc_hd__o311ai_2)
                                                         _00850_ (net)
                      0.153707    0.000933   15.208661 v _21914_/A2 (sky130_fd_sc_hd__a31o_1)
     1    0.009293    0.064930    0.276350   15.485011 v _21914_/X (sky130_fd_sc_hd__a31o_1)
                                                         _01068_ (net)
                      0.064935    0.000439   15.485450 v _22033_/A2 (sky130_fd_sc_hd__o21a_1)
     1    0.015098    0.089603    0.225404   15.710854 v _22033_/X (sky130_fd_sc_hd__o21a_1)
                                                         _01199_ (net)
                      0.089619    0.000998   15.711852 v _22196_/A1 (sky130_fd_sc_hd__o22a_1)
     1    0.004799    0.052915    0.231537   15.943389 v _22196_/X (sky130_fd_sc_hd__o22a_1)
                                                         _01378_ (net)
                      0.052916    0.000213   15.943603 v _22243_/A2 (sky130_fd_sc_hd__o21ba_1)
     1    0.003516    0.038852    0.169699   16.113302 v _22243_/X (sky130_fd_sc_hd__o21ba_1)
                                                         _01430_ (net)
                      0.038853    0.000124   16.113426 v _22245_/B1 (sky130_fd_sc_hd__o32a_1)
     1    0.003083    0.053359    0.165356   16.278782 v _22245_/X (sky130_fd_sc_hd__o32a_1)
                                                         _00005_ (net)
                      0.053359    0.000096   16.278877 v _22395_/D (sky130_fd_sc_hd__dfxtp_2)
                                             16.278877   data arrival time

                                 25.000000   25.000000   clock clk (rise edge)
                                  0.000000   25.000000   clock source latency
     2    0.084056    0.379815    0.266766   25.266766 ^ clk (in)
                                                         clk (net)
                      0.380129    0.000000   25.266766 ^ clkbuf_0_clk/A (sky130_fd_sc_hd__clkbuf_16)
     2    0.024673    0.052343    0.223920   25.490686 ^ clkbuf_0_clk/X (sky130_fd_sc_hd__clkbuf_16)
                                                         clknet_0_clk (net)
                      0.052358    0.000663   25.491348 ^ clkbuf_1_1__f_clk/A (sky130_fd_sc_hd__clkbuf_16)
    14    0.052199    0.070809    0.153134   25.644484 ^ clkbuf_1_1__f_clk/X (sky130_fd_sc_hd__clkbuf_16)
                                                         clknet_1_1__leaf_clk (net)
                      0.070860    0.001489   25.645971 ^ _22395_/CLK (sky130_fd_sc_hd__dfxtp_2)
                                 -0.250000   25.395973   clock uncertainty
                                  0.000000   25.395973   clock reconvergence pessimism
                                 -0.110487   25.285484   library setup time
                                             25.285484   data required time
---------------------------------------------------------------------------------------------
                                             25.285484   data required time
                                            -16.278877   data arrival time
---------------------------------------------------------------------------------------------
                                              9.006607   slack (MET)




===========================================================================
report_checks --slack_max -0.01
============================================================================
======================= nom_tt_025C_1v80 Corner ===================================

No paths found.


===========================================================================
 report_check_types -max_slew -max_cap -max_fanout -violators
============================================================================
======================= nom_tt_025C_1v80 Corner ===================================

max fanout

Pin                                   Limit Fanout  Slack
---------------------------------------------------------
_11446_/Y                                10     20    -10 (VIOLATED)
_11758_/Y                                10     20    -10 (VIOLATED)
_12250_/X                                10     20    -10 (VIOLATED)
_13155_/Y                                10     20    -10 (VIOLATED)
_14753_/Y                                10     20    -10 (VIOLATED)
_15566_/Y                                10     20    -10 (VIOLATED)
_16075_/Y                                10     20    -10 (VIOLATED)
fanout246/X                              10     20    -10 (VIOLATED)
fanout247/X                              10     20    -10 (VIOLATED)
fanout248/X                              10     20    -10 (VIOLATED)
fanout250/X                              10     20    -10 (VIOLATED)
fanout251/X                              10     20    -10 (VIOLATED)
fanout253/X                              10     20    -10 (VIOLATED)
fanout254/X                              10     20    -10 (VIOLATED)
fanout255/X                              10     20    -10 (VIOLATED)
fanout256/X                              10     20    -10 (VIOLATED)
fanout258/X                              10     20    -10 (VIOLATED)
fanout260/X                              10     20    -10 (VIOLATED)
fanout261/X                              10     20    -10 (VIOLATED)
fanout262/X                              10     20    -10 (VIOLATED)
fanout264/X                              10     20    -10 (VIOLATED)
fanout266/X                              10     20    -10 (VIOLATED)
fanout268/X                              10     20    -10 (VIOLATED)
fanout274/X                              10     20    -10 (VIOLATED)
fanout275/X                              10     20    -10 (VIOLATED)
fanout280/X                              10     20    -10 (VIOLATED)
fanout281/X                              10     20    -10 (VIOLATED)
fanout282/X                              10     20    -10 (VIOLATED)
fanout283/X                              10     20    -10 (VIOLATED)
fanout286/X                              10     20    -10 (VIOLATED)
fanout292/X                              10     20    -10 (VIOLATED)
fanout295/X                              10     20    -10 (VIOLATED)
fanout299/X                              10     20    -10 (VIOLATED)
fanout300/X                              10     20    -10 (VIOLATED)
fanout301/X                              10     20    -10 (VIOLATED)
fanout302/X                              10     20    -10 (VIOLATED)
fanout303/X                              10     20    -10 (VIOLATED)
fanout304/X                              10     20    -10 (VIOLATED)
fanout305/X                              10     20    -10 (VIOLATED)
fanout309/X                              10     20    -10 (VIOLATED)
fanout310/X                              10     20    -10 (VIOLATED)
fanout316/X                              10     20    -10 (VIOLATED)
fanout317/X                              10     20    -10 (VIOLATED)
fanout319/X                              10     20    -10 (VIOLATED)
fanout325/X                              10     20    -10 (VIOLATED)
fanout329/X                              10     20    -10 (VIOLATED)
fanout333/X                              10     20    -10 (VIOLATED)
fanout334/X                              10     20    -10 (VIOLATED)
fanout335/X                              10     20    -10 (VIOLATED)
fanout347/X                              10     20    -10 (VIOLATED)
fanout350/X                              10     20    -10 (VIOLATED)
fanout351/X                              10     20    -10 (VIOLATED)
fanout354/X                              10     20    -10 (VIOLATED)
fanout357/X                              10     20    -10 (VIOLATED)
fanout358/X                              10     20    -10 (VIOLATED)
fanout372/X                              10     20    -10 (VIOLATED)
fanout376/X                              10     20    -10 (VIOLATED)
fanout377/X                              10     20    -10 (VIOLATED)
fanout388/X                              10     20    -10 (VIOLATED)
fanout390/X                              10     20    -10 (VIOLATED)
fanout393/X                              10     20    -10 (VIOLATED)
fanout411/X                              10     20    -10 (VIOLATED)
fanout413/X                              10     20    -10 (VIOLATED)
fanout414/X                              10     20    -10 (VIOLATED)
fanout417/X                              10     20    -10 (VIOLATED)
fanout432/X                              10     20    -10 (VIOLATED)
fanout438/X                              10     20    -10 (VIOLATED)
fanout446/X                              10     20    -10 (VIOLATED)
fanout451/X                              10     20    -10 (VIOLATED)
fanout453/X                              10     20    -10 (VIOLATED)
fanout485/X                              10     20    -10 (VIOLATED)
fanout486/X                              10     20    -10 (VIOLATED)
fanout490/X                              10     20    -10 (VIOLATED)
fanout491/X                              10     20    -10 (VIOLATED)
fanout493/X                              10     20    -10 (VIOLATED)
fanout495/X                              10     20    -10 (VIOLATED)
fanout499/X                              10     20    -10 (VIOLATED)
fanout502/X                              10     20    -10 (VIOLATED)
fanout505/X                              10     20    -10 (VIOLATED)
fanout508/X                              10     20    -10 (VIOLATED)
fanout509/X                              10     20    -10 (VIOLATED)
fanout510/X                              10     20    -10 (VIOLATED)
fanout512/X                              10     20    -10 (VIOLATED)
fanout527/X                              10     20    -10 (VIOLATED)
fanout545/X                              10     20    -10 (VIOLATED)
fanout546/X                              10     20    -10 (VIOLATED)
fanout552/X                              10     20    -10 (VIOLATED)
fanout557/X                              10     20    -10 (VIOLATED)
fanout559/X                              10     20    -10 (VIOLATED)
input121/X                               10     20    -10 (VIOLATED)
input122/X                               10     20    -10 (VIOLATED)
input174/X                               10     20    -10 (VIOLATED)
input40/X                                10     20    -10 (VIOLATED)
input67/X                                10     20    -10 (VIOLATED)
input69/X                                10     20    -10 (VIOLATED)
input70/X                                10     20    -10 (VIOLATED)
input95/X                                10     20    -10 (VIOLATED)
_11241_/Y                                10     18     -8 (VIOLATED)
_11286_/Y                                10     18     -8 (VIOLATED)
_11544_/X                                10     18     -8 (VIOLATED)
_11656_/X                                10     18     -8 (VIOLATED)
_12083_/Y                                10     18     -8 (VIOLATED)
_12314_/X                                10     18     -8 (VIOLATED)
_13074_/X                                10     18     -8 (VIOLATED)
_13135_/Y                                10     18     -8 (VIOLATED)
_13655_/Y                                10     18     -8 (VIOLATED)
_13713_/Y                                10     18     -8 (VIOLATED)
_14670_/Y                                10     18     -8 (VIOLATED)
_15567_/Y                                10     18     -8 (VIOLATED)
fanout321/X                              10     18     -8 (VIOLATED)
fanout323/X                              10     18     -8 (VIOLATED)
fanout328/X                              10     18     -8 (VIOLATED)
fanout332/X                              10     18     -8 (VIOLATED)
fanout340/X                              10     18     -8 (VIOLATED)
fanout346/X                              10     18     -8 (VIOLATED)
fanout349/X                              10     18     -8 (VIOLATED)
fanout371/X                              10     18     -8 (VIOLATED)
fanout382/X                              10     18     -8 (VIOLATED)
fanout384/X                              10     18     -8 (VIOLATED)
fanout447/X                              10     18     -8 (VIOLATED)
fanout455/X                              10     18     -8 (VIOLATED)
fanout457/X                              10     18     -8 (VIOLATED)
fanout476/X                              10     18     -8 (VIOLATED)
fanout481/X                              10     18     -8 (VIOLATED)
fanout482/X                              10     18     -8 (VIOLATED)
fanout487/X                              10     18     -8 (VIOLATED)
fanout494/X                              10     18     -8 (VIOLATED)
fanout501/X                              10     18     -8 (VIOLATED)
fanout522/X                              10     18     -8 (VIOLATED)
fanout526/X                              10     18     -8 (VIOLATED)
fanout549/X                              10     18     -8 (VIOLATED)
input221/X                               10     18     -8 (VIOLATED)
input33/X                                10     18     -8 (VIOLATED)
input43/X                                10     18     -8 (VIOLATED)
input62/X                                10     18     -8 (VIOLATED)
input68/X                                10     18     -8 (VIOLATED)
input79/X                                10     18     -8 (VIOLATED)
input86/X                                10     18     -8 (VIOLATED)
input87/X                                10     18     -8 (VIOLATED)
input89/X                                10     18     -8 (VIOLATED)
input94/X                                10     18     -8 (VIOLATED)
_11197_/Y                                10     16     -6 (VIOLATED)
_11203_/Y                                10     16     -6 (VIOLATED)
_11204_/Y                                10     16     -6 (VIOLATED)
_11207_/Y                                10     16     -6 (VIOLATED)
_11444_/X                                10     16     -6 (VIOLATED)
_11828_/X                                10     16     -6 (VIOLATED)
_12092_/X                                10     16     -6 (VIOLATED)
_12421_/Y                                10     16     -6 (VIOLATED)
_12650_/Y                                10     16     -6 (VIOLATED)
_13709_/X                                10     16     -6 (VIOLATED)
_15196_/Y                                10     16     -6 (VIOLATED)
_15609_/Y                                10     16     -6 (VIOLATED)
fanout287/X                              10     16     -6 (VIOLATED)
fanout369/X                              10     16     -6 (VIOLATED)
fanout379/X                              10     16     -6 (VIOLATED)
fanout396/X                              10     16     -6 (VIOLATED)
fanout416/X                              10     16     -6 (VIOLATED)
fanout435/X                              10     16     -6 (VIOLATED)
fanout452/X                              10     16     -6 (VIOLATED)
fanout525/X                              10     16     -6 (VIOLATED)
input104/X                               10     16     -6 (VIOLATED)
input158/X                               10     16     -6 (VIOLATED)
input210/X                               10     16     -6 (VIOLATED)
input220/X                               10     16     -6 (VIOLATED)
input41/X                                10     16     -6 (VIOLATED)
input85/X                                10     16     -6 (VIOLATED)
_11211_/Y                                10     14     -4 (VIOLATED)
_11238_/X                                10     14     -4 (VIOLATED)
_11358_/Y                                10     14     -4 (VIOLATED)
_11421_/X                                10     14     -4 (VIOLATED)
_12176_/Y                                10     14     -4 (VIOLATED)
_12177_/X                                10     14     -4 (VIOLATED)
_12224_/Y                                10     14     -4 (VIOLATED)
_13154_/X                                10     14     -4 (VIOLATED)
_14636_/X                                10     14     -4 (VIOLATED)
_14754_/Y                                10     14     -4 (VIOLATED)
_15278_/X                                10     14     -4 (VIOLATED)
_15573_/X                                10     14     -4 (VIOLATED)
_16687_/X                                10     14     -4 (VIOLATED)
clkbuf_1_1__f_clk/X                      10     14     -4 (VIOLATED)
fanout259/X                              10     14     -4 (VIOLATED)
fanout298/X                              10     14     -4 (VIOLATED)
fanout338/X                              10     14     -4 (VIOLATED)
fanout343/X                              10     14     -4 (VIOLATED)
fanout368/X                              10     14     -4 (VIOLATED)
fanout412/X                              10     14     -4 (VIOLATED)
fanout415/X                              10     14     -4 (VIOLATED)
fanout424/X                              10     14     -4 (VIOLATED)
fanout434/X                              10     14     -4 (VIOLATED)
fanout442/X                              10     14     -4 (VIOLATED)
fanout465/X                              10     14     -4 (VIOLATED)
fanout489/X                              10     14     -4 (VIOLATED)
fanout496/X                              10     14     -4 (VIOLATED)
fanout506/X                              10     14     -4 (VIOLATED)
fanout507/X                              10     14     -4 (VIOLATED)
fanout524/X                              10     14     -4 (VIOLATED)
fanout555/X                              10     14     -4 (VIOLATED)
input141/X                               10     14     -4 (VIOLATED)
input176/X                               10     14     -4 (VIOLATED)
input45/X                                10     14     -4 (VIOLATED)
input80/X                                10     14     -4 (VIOLATED)
input92/X                                10     14     -4 (VIOLATED)
input93/X                                10     14     -4 (VIOLATED)
input96/X                                10     14     -4 (VIOLATED)
_11242_/Y                                10     12     -2 (VIOLATED)
_11323_/X                                10     12     -2 (VIOLATED)
_11342_/X                                10     12     -2 (VIOLATED)
_11343_/Y                                10     12     -2 (VIOLATED)
_11360_/Y                                10     12     -2 (VIOLATED)
_11445_/Y                                10     12     -2 (VIOLATED)
_11991_/Y                                10     12     -2 (VIOLATED)
_13235_/Y                                10     12     -2 (VIOLATED)
_13278_/Y                                10     12     -2 (VIOLATED)
_13447_/Y                                10     12     -2 (VIOLATED)
_13465_/X                                10     12     -2 (VIOLATED)
_13490_/Y                                10     12     -2 (VIOLATED)
_13521_/Y                                10     12     -2 (VIOLATED)
_14674_/X                                10     12     -2 (VIOLATED)
_15027_/Y                                10     12     -2 (VIOLATED)
_15351_/Y                                10     12     -2 (VIOLATED)
_15610_/X                                10     12     -2 (VIOLATED)
_16608_/X                                10     12     -2 (VIOLATED)
_17774_/X                                10     12     -2 (VIOLATED)
fanout257/X                              10     12     -2 (VIOLATED)
fanout263/X                              10     12     -2 (VIOLATED)
fanout291/X                              10     12     -2 (VIOLATED)
fanout342/X                              10     12     -2 (VIOLATED)
fanout359/X                              10     12     -2 (VIOLATED)
fanout406/X                              10     12     -2 (VIOLATED)
fanout409/X                              10     12     -2 (VIOLATED)
fanout419/X                              10     12     -2 (VIOLATED)
fanout492/X                              10     12     -2 (VIOLATED)
fanout504/X                              10     12     -2 (VIOLATED)
fanout514/X                              10     12     -2 (VIOLATED)
fanout534/X                              10     12     -2 (VIOLATED)
fanout554/X                              10     12     -2 (VIOLATED)
fanout558/X                              10     12     -2 (VIOLATED)
input177/X                               10     12     -2 (VIOLATED)
input63/X                                10     12     -2 (VIOLATED)
input90/X                                10     12     -2 (VIOLATED)
input91/X                                10     12     -2 (VIOLATED)



===========================================================================
report_parasitic_annotation -report_unannotated
============================================================================
Found 23 unannotated drivers.
 input_data[127]
 input_data[191]
 input_data[207]
 input_data[208]
 input_data[209]
 input_data[210]
 input_data[211]
 input_data[212]
 input_data[213]
 input_data[214]
 input_data[215]
 input_data[216]
 input_data[217]
 input_data[218]
 input_data[219]
 input_data[220]
 input_data[221]
 input_data[222]
 input_data[223]
 input_data[238]
 input_data[239]
 input_data[63]
 input_data[79]
Found 0 partially unannotated drivers.

===========================================================================
max slew violation count 0
max fanout violation count 242
max cap violation count 0
============================================================================

===========================================================================
check_setup -verbose -unconstrained_endpoints -multiple_clock -no_clock -no_input_delay -loops -generated_clocks
===========================================================================
