
===========================================================================
Violator List
============================================================================
[hold in-reg] input_signal[0] -> _65699_/D : -0.679190
[hold in-reg] input_signal[1] -> _65700_/D : -0.679190
[hold in-reg] input_signal[2] -> _65701_/D : -0.679190
[hold in-reg] input_signal[3] -> _65702_/D : -0.679190
[hold in-reg] input_signal[4] -> _65703_/D : -0.679190
[hold in-reg] input_signal[5] -> _65704_/D : -0.679190
[hold in-reg] input_signal[6] -> _65705_/D : -0.679190
[hold in-reg] input_signal[7] -> _65706_/D : -0.679190
[hold in-reg] input_signal[8] -> _65707_/D : -0.679190
[hold in-reg] input_signal[9] -> _65708_/D : -0.679190
[hold in-reg] input_signal[10] -> _65709_/D : -0.679190
[hold in-reg] input_signal[11] -> _65710_/D : -0.679190
[hold in-reg] input_signal[12] -> _65711_/D : -0.679190
[hold in-reg] input_signal[13] -> _65712_/D : -0.679190
[hold in-reg] input_signal[14] -> _65713_/D : -0.679190
[hold in-reg] input_signal[15] -> _65714_/D : -0.679190
Writing metric timing__hold_vio__count__corner:max_ss_100C_1v60: 16
Writing metric timing__hold_r2r__ws__corner:max_ss_100C_1v60: 0.662426
Writing metric timing__hold_r2r_vio__count__corner:max_ss_100C_1v60: 0
Writing metric timing__setup_vio__count__corner:max_ss_100C_1v60: 0
Writing metric timing__setup_r2r__ws__corner:max_ss_100C_1v60: 3.913186
Writing metric timing__setup_r2r_vio__count__corner:max_ss_100C_1v60: 0
