Reading OpenROAD database at '/mnt/d/APIC/FIR_Openlane/Lowpass/runs/RUN_2024-06-17_19-19-26/43-openroad-detailedrouting/lowpass.odb'…
Reading library file at '/home/nurwiyoso14/.volare/volare/sky130/versions/bdc9412b3e468c102d01b7cf6337be06ec6e9c9a/sky130A/libs.ref/sky130_fd_sc_hd/lib/sky130_fd_sc_hd__ss_100C_1v60.lib'…
Reading design constraints file at '/nix/store/ly0xjc8f0gmgmckxcrs0bw8vqc9gf9bk-python3-3.11.6-env/lib/python3.11/site-packages/openlane/scripts/base.sdc'…
[INFO] Using clock clk…
[INFO] Setting output delay to: 5
[INFO] Setting input delay to: 5
[INFO] Setting load to: 0.033442
[INFO] Setting clock uncertainty to: 0.25
[INFO] Setting clock transition to: 0.1499999999999999944488848768742172978818416595458984375
[INFO] Setting timing derate to: 5%
%OL_CREATE_REPORT /mnt/d/APIC/FIR_Openlane/Lowpass/runs/RUN_2024-06-17_19-19-26/45-openroad-checkantennas-1/reports/antenna.rpt
Net: net509
  Pin: _29569_/A (sky130_fd_sc_hd__nand2_1)
    Layer: met3
      Partial area ratio:    0.96
      Required ratio:    0.00 (Gate area) 
      Partial area ratio:    5.51
      Required ratio: 3825.80 (Side area) 
      Cumulative area ratio:  103.99
      Required ratio:    0.00 (Cumulative area) 
      Cumulative area ratio:  527.12
      Required ratio:    0.00 (Cumulative side area) 

    Layer: met2
      Partial area ratio:   11.98
      Required ratio:    0.00 (Gate area) 
      Partial area ratio:   62.07
      Required ratio: 2947.76 (Side area) 
      Cumulative area ratio:  103.03
      Required ratio:    0.00 (Cumulative area) 
      Cumulative area ratio:  521.61
      Required ratio:    0.00 (Cumulative side area) 

    Layer: met1
      Partial area ratio:    0.34
      Required ratio:    0.00 (Gate area) 
      Partial area ratio:    2.09
      Required ratio:  400.00 (Side area) 
      Cumulative area ratio:    0.34
      Required ratio:    0.00 (Cumulative area) 
      Cumulative area ratio:    2.09
      Required ratio:    0.00 (Cumulative side area) 

    Layer: li1
      Partial area ratio:    0.00
      Required ratio:    0.00 (Gate area) 
      Partial area ratio:    0.00
      Required ratio:   75.00 (Side area) 
      Cumulative area ratio:    0.00
      Required ratio:    0.00 (Cumulative area) 
      Cumulative area ratio:    0.00
      Required ratio:    0.00 (Cumulative side area) 

    Via: M2M3_PR
      Partial area ratio:    0.08
      Required ratio:    6.00 (Gate area) 
      Cumulative area ratio:    0.64
      Required ratio:    0.00 (Cumulative area) 

    Via: M1M2_PR
      Partial area ratio:    0.09
      Required ratio:    6.00 (Gate area) 
      Cumulative area ratio:    0.21
      Required ratio:    0.00 (Cumulative area) 

    Via: L1M1_PR_MR
      Partial area ratio:    0.12
      Required ratio:    3.00 (Gate area) 
      Cumulative area ratio:    0.12
      Required ratio:    0.00 (Cumulative area) 

  Pin: _29568_/A (sky130_fd_sc_hd__or2_1)
    Layer: met3
      Partial area ratio:    0.96
      Required ratio:    0.00 (Gate area) 
      Partial area ratio:    5.51
      Required ratio: 3825.80 (Side area) 
      Cumulative area ratio:  104.32
      Required ratio:    0.00 (Cumulative area) 
      Cumulative area ratio:  529.14
      Required ratio:    0.00 (Cumulative side area) 

    Layer: met2
      Partial area ratio:   11.98
      Required ratio:    0.00 (Gate area) 
      Partial area ratio:   62.07
      Required ratio: 2947.76 (Side area) 
      Cumulative area ratio:  103.36
      Required ratio:    0.00 (Cumulative area) 
      Cumulative area ratio:  523.62
      Required ratio:    0.00 (Cumulative side area) 

    Layer: met1
      Partial area ratio:    0.67
      Required ratio:    0.00 (Gate area) 
      Partial area ratio:    4.11
      Required ratio:  400.00 (Side area) 
      Cumulative area ratio:    0.67
      Required ratio:    0.00 (Cumulative area) 
      Cumulative area ratio:    4.11
      Required ratio:    0.00 (Cumulative side area) 

    Layer: li1
      Partial area ratio:    0.00
      Required ratio:    0.00 (Gate area) 
      Partial area ratio:    0.00
      Required ratio:   75.00 (Side area) 
      Cumulative area ratio:    0.00
      Required ratio:    0.00 (Cumulative area) 
      Cumulative area ratio:    0.00
      Required ratio:    0.00 (Cumulative side area) 

    Via: M2M3_PR
      Partial area ratio:    0.08
      Required ratio:    6.00 (Gate area) 
      Cumulative area ratio:    0.85
      Required ratio:    0.00 (Cumulative area) 

    Via: M1M2_PR
      Partial area ratio:    0.18
      Required ratio:    6.00 (Gate area) 
      Cumulative area ratio:    0.41
      Required ratio:    0.00 (Cumulative area) 

    Via: L1M1_PR_MR
      Partial area ratio:    0.23
      Required ratio:    3.00 (Gate area) 
      Cumulative area ratio:    0.23
      Required ratio:    0.00 (Cumulative area) 

  Pin: _24609_/A (sky130_fd_sc_hd__and3_1)
    Layer: met3
      Partial area ratio:    0.96
      Required ratio:    0.00 (Gate area) 
      Partial area ratio:    5.51
      Required ratio: 3825.80 (Side area) 
      Cumulative area ratio:  103.65
      Required ratio:    0.00 (Cumulative area) 
      Cumulative area ratio:  525.03
      Required ratio:    0.00 (Cumulative side area) 

    Layer: met2
      Partial area ratio:   11.98
      Required ratio:    0.00 (Gate area) 
      Partial area ratio:   62.07
      Required ratio: 2947.76 (Side area) 
      Cumulative area ratio:  102.69
      Required ratio:    0.00 (Cumulative area) 
      Cumulative area ratio:  519.51
      Required ratio:    0.00 (Cumulative side area) 

    Layer: met1
      Partial area ratio:   90.71
      Required ratio:    0.00 (Gate area) 
      Partial area ratio:  457.44
      Required ratio:  400.00 (Side area) (VIOLATED)
      Cumulative area ratio:   90.71
      Required ratio:    0.00 (Cumulative area) 
      Cumulative area ratio:  457.44
      Required ratio:    0.00 (Cumulative side area) 

    Layer: li1
      Partial area ratio:    0.00
      Required ratio:    0.00 (Gate area) 
      Partial area ratio:    0.00
      Required ratio:   75.00 (Side area) 
      Cumulative area ratio:    0.00
      Required ratio:    0.00 (Cumulative area) 
      Cumulative area ratio:    0.00
      Required ratio:    0.00 (Cumulative side area) 

    Via: M2M3_PR
      Partial area ratio:    0.08
      Required ratio:    6.00 (Gate area) 
      Cumulative area ratio:    0.67
      Required ratio:    0.00 (Cumulative area) 

    Via: M1M2_PR
      Partial area ratio:    0.36
      Required ratio:    6.00 (Gate area) 
      Cumulative area ratio:    0.59
      Required ratio:    0.00 (Cumulative area) 

    Via: L1M1_PR_MR
      Partial area ratio:    0.23
      Required ratio:    3.00 (Gate area) 
      Cumulative area ratio:    0.23
      Required ratio:    0.00 (Cumulative area) 

  Pin: _23807_/A (sky130_fd_sc_hd__xnor2_1)
    Layer: met2
      Partial area ratio:   11.44
      Required ratio:    0.00 (Gate area) 
      Partial area ratio:   58.63
      Required ratio: 3478.04 (Side area) 
      Cumulative area ratio:   11.91
      Required ratio:    0.00 (Cumulative area) 
      Cumulative area ratio:   61.37
      Required ratio:    0.00 (Cumulative side area) 

    Layer: met3
      Partial area ratio:    0.96
      Required ratio:    0.00 (Gate area) 
      Partial area ratio:    5.51
      Required ratio: 3825.80 (Side area) 
      Cumulative area ratio:   12.87
      Required ratio:    0.00 (Cumulative area) 
      Cumulative area ratio:   66.89
      Required ratio:    0.00 (Cumulative side area) 

    Layer: met1
      Partial area ratio:    0.47
      Required ratio:    0.00 (Gate area) 
      Partial area ratio:    2.74
      Required ratio: 2773.88 (Side area) 
      Cumulative area ratio:    0.47
      Required ratio:    0.00 (Cumulative area) 
      Cumulative area ratio:    2.74
      Required ratio:    0.00 (Cumulative side area) 

    Layer: li1
      Partial area ratio:    0.00
      Required ratio:    0.00 (Gate area) 
      Partial area ratio:    0.00
      Required ratio:   75.00 (Side area) 
      Cumulative area ratio:    0.00
      Required ratio:    0.00 (Cumulative area) 
      Cumulative area ratio:    0.00
      Required ratio:    0.00 (Cumulative side area) 

    Via: M2M3_PR
      Partial area ratio:    0.05
      Required ratio:    6.00 (Gate area) 
      Cumulative area ratio:    0.16
      Required ratio:    0.00 (Cumulative area) 

    Via: M1M2_PR
      Partial area ratio:    0.05
      Required ratio:    6.00 (Gate area) 
      Cumulative area ratio:    0.10
      Required ratio:    0.00 (Cumulative area) 

    Via: L1M1_PR_MR
      Partial area ratio:    0.06
      Required ratio:    3.00 (Gate area) 
      Cumulative area ratio:    0.06
      Required ratio:    0.00 (Cumulative area) 

  Pin: _23844_/A (sky130_fd_sc_hd__nand2_1)
    Layer: met2
      Partial area ratio:   11.44
      Required ratio:    0.00 (Gate area) 
      Partial area ratio:   58.63
      Required ratio: 3478.04 (Side area) 
      Cumulative area ratio:   11.44
      Required ratio:    0.00 (Cumulative area) 
      Cumulative area ratio:   58.63
      Required ratio:    0.00 (Cumulative side area) 

    Layer: met3
      Partial area ratio:    0.96
      Required ratio:    0.00 (Gate area) 
      Partial area ratio:    5.51
      Required ratio: 3825.80 (Side area) 
      Cumulative area ratio:   12.40
      Required ratio:    0.00 (Cumulative area) 
      Cumulative area ratio:   64.14
      Required ratio:    0.00 (Cumulative side area) 

    Layer: met1
      Partial area ratio:    0.00
      Required ratio:    0.00 (Gate area) 
      Partial area ratio:    0.00
      Required ratio:  400.00 (Side area) 
      Cumulative area ratio:    0.00
      Required ratio:    0.00 (Cumulative area) 
      Cumulative area ratio:    0.00
      Required ratio:    0.00 (Cumulative side area) 

    Layer: li1
      Partial area ratio:    0.00
      Required ratio:    0.00 (Gate area) 
      Partial area ratio:    0.00
      Required ratio:   75.00 (Side area) 
      Cumulative area ratio:    0.00
      Required ratio:    0.00 (Cumulative area) 
      Cumulative area ratio:    0.00
      Required ratio:    0.00 (Cumulative side area) 

    Via: M2M3_PR
      Partial area ratio:    0.05
      Required ratio:    6.00 (Gate area) 
      Cumulative area ratio:    0.26
      Required ratio:    0.00 (Cumulative area) 

    Via: M1M2_PR
      Partial area ratio:    0.09
      Required ratio:    6.00 (Gate area) 
      Cumulative area ratio:    0.21
      Required ratio:    0.00 (Cumulative area) 

    Via: L1M1_PR_MR
      Partial area ratio:    0.12
      Required ratio:    3.00 (Gate area) 
      Cumulative area ratio:    0.12
      Required ratio:    0.00 (Cumulative area) 


Net: net1064
  Pin: _26504_/B (sky130_fd_sc_hd__or2_1)
    Layer: met2
      Partial area ratio:   20.27
      Required ratio:    0.00 (Gate area) 
      Partial area ratio:  102.86
      Required ratio: 4182.20 (Side area) 
      Cumulative area ratio:  137.27
      Required ratio:    0.00 (Cumulative area) 
      Cumulative area ratio:  694.86
      Required ratio:    0.00 (Cumulative side area) 

    Layer: met1
      Partial area ratio:  117.00
      Required ratio:    0.00 (Gate area) 
      Partial area ratio:  592.00
      Required ratio:  400.00 (Side area) (VIOLATED)
      Cumulative area ratio:  117.00
      Required ratio:    0.00 (Cumulative area) 
      Cumulative area ratio:  592.00
      Required ratio:    0.00 (Cumulative side area) 

    Layer: li1
      Partial area ratio:    0.00
      Required ratio:    0.00 (Gate area) 
      Partial area ratio:    0.00
      Required ratio:   75.00 (Side area) 
      Cumulative area ratio:    0.00
      Required ratio:    0.00 (Cumulative area) 
      Cumulative area ratio:    0.00
      Required ratio:    0.00 (Cumulative side area) 

    Layer: met3
      Partial area ratio:   10.93
      Required ratio:    0.00 (Gate area) 
      Partial area ratio:   58.75
      Required ratio: 4529.96 (Side area) 
      Cumulative area ratio:  148.20
      Required ratio:    0.00 (Cumulative area) 
      Cumulative area ratio:  753.61
      Required ratio:    0.00 (Cumulative side area) 

    Layer: met4
      Partial area ratio:   11.91
      Required ratio:    0.00 (Gate area) 
      Partial area ratio:   63.74
      Required ratio: 4703.84 (Side area) 
      Cumulative area ratio:  149.18
      Required ratio:    0.00 (Cumulative area) 
      Cumulative area ratio:  758.60
      Required ratio:    0.00 (Cumulative side area) 

    Via: M2M3_PR
      Partial area ratio:    0.05
      Required ratio:    6.00 (Gate area) 
      Cumulative area ratio:    0.64
      Required ratio:    0.00 (Cumulative area) 

    Via: M1M2_PR
      Partial area ratio:    0.36
      Required ratio:    6.00 (Gate area) 
      Cumulative area ratio:    0.59
      Required ratio:    0.00 (Cumulative area) 

    Via: L1M1_PR_MR
      Partial area ratio:    0.23
      Required ratio:    3.00 (Gate area) 
      Cumulative area ratio:    0.23
      Required ratio:    0.00 (Cumulative area) 

    Via: M3M4_PR
      Partial area ratio:    0.02
      Required ratio:    6.00 (Gate area) 
      Cumulative area ratio:    0.66
      Required ratio:    0.00 (Cumulative area) 

  Pin: _27237_/A (sky130_fd_sc_hd__nand2_1)
    Layer: met3
      Partial area ratio:   10.93
      Required ratio:    0.00 (Gate area) 
      Partial area ratio:   58.75
      Required ratio: 4529.96 (Side area) 
      Cumulative area ratio:   30.72
      Required ratio:    0.00 (Cumulative area) 
      Cumulative area ratio:  161.06
      Required ratio:    0.00 (Cumulative side area) 

    Layer: met2
      Partial area ratio:   15.72
      Required ratio:    0.00 (Gate area) 
      Partial area ratio:   80.76
      Required ratio: 2947.76 (Side area) 
      Cumulative area ratio:   19.79
      Required ratio:    0.00 (Cumulative area) 
      Cumulative area ratio:  102.31
      Required ratio:    0.00 (Cumulative side area) 

    Layer: met1
      Partial area ratio:    4.07
      Required ratio:    0.00 (Gate area) 
      Partial area ratio:   21.55
      Required ratio: 2773.88 (Side area) 
      Cumulative area ratio:    4.07
      Required ratio:    0.00 (Cumulative area) 
      Cumulative area ratio:   21.55
      Required ratio:    0.00 (Cumulative side area) 

    Layer: li1
      Partial area ratio:    0.00
      Required ratio:    0.00 (Gate area) 
      Partial area ratio:    0.00
      Required ratio:   75.00 (Side area) 
      Cumulative area ratio:    0.00
      Required ratio:    0.00 (Cumulative area) 
      Cumulative area ratio:    0.00
      Required ratio:    0.00 (Cumulative side area) 

    Via: M2M3_PR
      Partial area ratio:    0.08
      Required ratio:    6.00 (Gate area) 
      Cumulative area ratio:    0.29
      Required ratio:    0.00 (Cumulative area) 

    Via: M1M2_PR
      Partial area ratio:    0.09
      Required ratio:    6.00 (Gate area) 
      Cumulative area ratio:    0.21
      Required ratio:    0.00 (Cumulative area) 

    Via: L1M1_PR_MR
      Partial area ratio:    0.12
      Required ratio:    3.00 (Gate area) 
      Cumulative area ratio:    0.12
      Required ratio:    0.00 (Cumulative area) 

  Pin: _23280_/B (sky130_fd_sc_hd__nor2_1)
    Layer: met3
      Partial area ratio:   10.93
      Required ratio:    0.00 (Gate area) 
      Partial area ratio:   58.75
      Required ratio: 4529.96 (Side area) 
      Cumulative area ratio:   26.65
      Required ratio:    0.00 (Cumulative area) 
      Cumulative area ratio:  139.51
      Required ratio:    0.00 (Cumulative side area) 

    Layer: met2
      Partial area ratio:   15.72
      Required ratio:    0.00 (Gate area) 
      Partial area ratio:   80.76
      Required ratio: 2947.76 (Side area) 
      Cumulative area ratio:   15.72
      Required ratio:    0.00 (Cumulative area) 
      Cumulative area ratio:   80.76
      Required ratio:    0.00 (Cumulative side area) 

    Layer: met1
      Partial area ratio:    0.00
      Required ratio:    0.00 (Gate area) 
      Partial area ratio:    0.00
      Required ratio:  400.00 (Side area) 
      Cumulative area ratio:    0.00
      Required ratio:    0.00 (Cumulative area) 
      Cumulative area ratio:    0.00
      Required ratio:    0.00 (Cumulative side area) 

    Layer: li1
      Partial area ratio:    0.00
      Required ratio:    0.00 (Gate area) 
      Partial area ratio:    0.00
      Required ratio:   75.00 (Side area) 
      Cumulative area ratio:    0.00
      Required ratio:    0.00 (Cumulative area) 
      Cumulative area ratio:    0.00
      Required ratio:    0.00 (Cumulative side area) 

    Via: M2M3_PR
      Partial area ratio:    0.08
      Required ratio:    6.00 (Gate area) 
      Cumulative area ratio:    0.29
      Required ratio:    0.00 (Cumulative area) 

    Via: M1M2_PR
      Partial area ratio:    0.09
      Required ratio:    6.00 (Gate area) 
      Cumulative area ratio:    0.21
      Required ratio:    0.00 (Cumulative area) 

    Via: L1M1_PR_MR
      Partial area ratio:    0.12
      Required ratio:    3.00 (Gate area) 
      Cumulative area ratio:    0.12
      Required ratio:    0.00 (Cumulative area) 

  Pin: _41489_/B (sky130_fd_sc_hd__xnor2_1)
    Layer: met2
      Partial area ratio:   20.27
      Required ratio:    0.00 (Gate area) 
      Partial area ratio:  102.86
      Required ratio: 4182.20 (Side area) 
      Cumulative area ratio:   22.70
      Required ratio:    0.00 (Cumulative area) 
      Cumulative area ratio:  115.82
      Required ratio:    0.00 (Cumulative side area) 

    Layer: met3
      Partial area ratio:   10.93
      Required ratio:    0.00 (Gate area) 
      Partial area ratio:   58.75
      Required ratio: 4529.96 (Side area) 
      Cumulative area ratio:   33.63
      Required ratio:    0.00 (Cumulative area) 
      Cumulative area ratio:  174.57
      Required ratio:    0.00 (Cumulative side area) 

    Layer: met1
      Partial area ratio:    2.43
      Required ratio:    0.00 (Gate area) 
      Partial area ratio:   12.95
      Required ratio: 2773.88 (Side area) 
      Cumulative area ratio:    2.43
      Required ratio:    0.00 (Cumulative area) 
      Cumulative area ratio:   12.95
      Required ratio:    0.00 (Cumulative side area) 

    Layer: li1
      Partial area ratio:    0.00
      Required ratio:    0.00 (Gate area) 
      Partial area ratio:    0.00
      Required ratio:   75.00 (Side area) 
      Cumulative area ratio:    0.00
      Required ratio:    0.00 (Cumulative area) 
      Cumulative area ratio:    0.00
      Required ratio:    0.00 (Cumulative side area) 

    Layer: met4
      Partial area ratio:   11.91
      Required ratio:    0.00 (Gate area) 
      Partial area ratio:   63.74
      Required ratio: 4703.84 (Side area) 
      Cumulative area ratio:   34.61
      Required ratio:    0.00 (Cumulative area) 
      Cumulative area ratio:  179.56
      Required ratio:    0.00 (Cumulative side area) 

    Via: M2M3_PR
      Partial area ratio:    0.05
      Required ratio:    6.00 (Gate area) 
      Cumulative area ratio:    0.15
      Required ratio:    0.00 (Cumulative area) 

    Via: M1M2_PR
      Partial area ratio:    0.05
      Required ratio:    6.00 (Gate area) 
      Cumulative area ratio:    0.10
      Required ratio:    0.00 (Cumulative area) 

    Via: L1M1_PR_MR
      Partial area ratio:    0.06
      Required ratio:    3.00 (Gate area) 
      Cumulative area ratio:    0.06
      Required ratio:    0.00 (Cumulative area) 

    Via: M3M4_PR
      Partial area ratio:    0.02
      Required ratio:    6.00 (Gate area) 
      Cumulative area ratio:    0.17
      Required ratio:    0.00 (Cumulative area) 

  Pin: _27959_/A (sky130_fd_sc_hd__xnor2_1)
    Layer: met2
      Partial area ratio:   20.27
      Required ratio:    0.00 (Gate area) 
      Partial area ratio:  102.86
      Required ratio: 4182.20 (Side area) 
      Cumulative area ratio:   20.57
      Required ratio:    0.00 (Cumulative area) 
      Cumulative area ratio:  104.56
      Required ratio:    0.00 (Cumulative side area) 

    Layer: met3
      Partial area ratio:   10.93
      Required ratio:    0.00 (Gate area) 
      Partial area ratio:   58.75
      Required ratio: 4529.96 (Side area) 
      Cumulative area ratio:   31.50
      Required ratio:    0.00 (Cumulative area) 
      Cumulative area ratio:  163.31
      Required ratio:    0.00 (Cumulative side area) 

    Layer: met1
      Partial area ratio:    0.30
      Required ratio:    0.00 (Gate area) 
      Partial area ratio:    1.70
      Required ratio:  400.00 (Side area) 
      Cumulative area ratio:    0.30
      Required ratio:    0.00 (Cumulative area) 
      Cumulative area ratio:    1.70
      Required ratio:    0.00 (Cumulative side area) 

    Layer: li1
      Partial area ratio:    0.00
      Required ratio:    0.00 (Gate area) 
      Partial area ratio:    0.00
      Required ratio:   75.00 (Side area) 
      Cumulative area ratio:    0.00
      Required ratio:    0.00 (Cumulative area) 
      Cumulative area ratio:    0.00
      Required ratio:    0.00 (Cumulative side area) 

    Layer: met4
      Partial area ratio:   11.91
      Required ratio:    0.00 (Gate area) 
      Partial area ratio:   63.74
      Required ratio: 4703.84 (Side area) 
      Cumulative area ratio:   32.48
      Required ratio:    0.00 (Cumulative area) 
      Cumulative area ratio:  168.30
      Required ratio:    0.00 (Cumulative side area) 

    Via: M2M3_PR
      Partial area ratio:    0.05
      Required ratio:    6.00 (Gate area) 
      Cumulative area ratio:    0.15
      Required ratio:    0.00 (Cumulative area) 

    Via: M1M2_PR
      Partial area ratio:    0.05
      Required ratio:    6.00 (Gate area) 
      Cumulative area ratio:    0.10
      Required ratio:    0.00 (Cumulative area) 

    Via: L1M1_PR_MR
      Partial area ratio:    0.06
      Required ratio:    3.00 (Gate area) 
      Cumulative area ratio:    0.06
      Required ratio:    0.00 (Cumulative area) 

    Via: M3M4_PR
      Partial area ratio:    0.02
      Required ratio:    6.00 (Gate area) 
      Cumulative area ratio:    0.17
      Required ratio:    0.00 (Cumulative area) 

  Pin: fanout1063/A (sky130_fd_sc_hd__buf_4)
    Layer: met4
      Partial area ratio:   11.91
      Required ratio:    0.00 (Gate area) 
      Partial area ratio:   63.74
      Required ratio: 4703.84 (Side area) 
      Cumulative area ratio:   14.35
      Required ratio:    0.00 (Cumulative area) 
      Cumulative area ratio:   78.86
      Required ratio:    0.00 (Cumulative side area) 

    Layer: met3
      Partial area ratio:    0.64
      Required ratio:    0.00 (Gate area) 
      Partial area ratio:    5.37
      Required ratio: 2773.88 (Side area) 
      Cumulative area ratio:    2.44
      Required ratio:    0.00 (Cumulative area) 
      Cumulative area ratio:   15.12
      Required ratio:    0.00 (Cumulative side area) 

    Layer: met2
      Partial area ratio:    1.79
      Required ratio:    0.00 (Gate area) 
      Partial area ratio:    9.76
      Required ratio: 2773.88 (Side area) 
      Cumulative area ratio:    1.79
      Required ratio:    0.00 (Cumulative area) 
      Cumulative area ratio:    9.76
      Required ratio:    0.00 (Cumulative side area) 

    Layer: met1
      Partial area ratio:    0.00
      Required ratio:    0.00 (Gate area) 
      Partial area ratio:    0.00
      Required ratio:  400.00 (Side area) 
      Cumulative area ratio:    0.00
      Required ratio:    0.00 (Cumulative area) 
      Cumulative area ratio:    0.00
      Required ratio:    0.00 (Cumulative side area) 

    Layer: li1
      Partial area ratio:    0.00
      Required ratio:    0.00 (Gate area) 
      Partial area ratio:    0.00
      Required ratio:   75.00 (Side area) 
      Cumulative area ratio:    0.00
      Required ratio:    0.00 (Cumulative area) 
      Cumulative area ratio:    0.00
      Required ratio:    0.00 (Cumulative side area) 

    Via: M3M4_PR
      Partial area ratio:    0.16
      Required ratio:    6.00 (Gate area) 
      Cumulative area ratio:    0.53
      Required ratio:    0.00 (Cumulative area) 

    Via: M2M3_PR
      Partial area ratio:    0.16
      Required ratio:    6.00 (Gate area) 
      Cumulative area ratio:    0.37
      Required ratio:    0.00 (Cumulative area) 

    Via: M1M2_PR
      Partial area ratio:    0.09
      Required ratio:    6.00 (Gate area) 
      Cumulative area ratio:    0.21
      Required ratio:    0.00 (Cumulative area) 

    Via: L1M1_PR_MR
      Partial area ratio:    0.12
      Required ratio:    3.00 (Gate area) 
      Cumulative area ratio:    0.12
      Required ratio:    0.00 (Cumulative area) 

  Pin: _29692_/A1 (sky130_fd_sc_hd__a21bo_1)
    Layer: met2
      Partial area ratio:   20.27
      Required ratio:    0.00 (Gate area) 
      Partial area ratio:  102.86
      Required ratio: 4182.20 (Side area) 
      Cumulative area ratio:   20.88
      Required ratio:    0.00 (Cumulative area) 
      Cumulative area ratio:  106.71
      Required ratio:    0.00 (Cumulative side area) 

    Layer: met3
      Partial area ratio:   10.93
      Required ratio:    0.00 (Gate area) 
      Partial area ratio:   58.75
      Required ratio: 4529.96 (Side area) 
      Cumulative area ratio:   31.81
      Required ratio:    0.00 (Cumulative area) 
      Cumulative area ratio:  165.46
      Required ratio:    0.00 (Cumulative side area) 

    Layer: met4
      Partial area ratio:   11.91
      Required ratio:    0.00 (Gate area) 
      Partial area ratio:   63.74
      Required ratio: 4703.84 (Side area) 
      Cumulative area ratio:   32.79
      Required ratio:    0.00 (Cumulative area) 
      Cumulative area ratio:  170.45
      Required ratio:    0.00 (Cumulative side area) 

    Layer: met1
      Partial area ratio:    0.61
      Required ratio:    0.00 (Gate area) 
      Partial area ratio:    3.85
      Required ratio:  400.00 (Side area) 
      Cumulative area ratio:    0.61
      Required ratio:    0.00 (Cumulative area) 
      Cumulative area ratio:    3.85
      Required ratio:    0.00 (Cumulative side area) 

    Layer: li1
      Partial area ratio:    0.00
      Required ratio:    0.00 (Gate area) 
      Partial area ratio:    0.00
      Required ratio:   75.00 (Side area) 
      Cumulative area ratio:    0.00
      Required ratio:    0.00 (Cumulative area) 
      Cumulative area ratio:    0.00
      Required ratio:    0.00 (Cumulative side area) 

    Via: M2M3_PR
      Partial area ratio:    0.05
      Required ratio:    6.00 (Gate area) 
      Cumulative area ratio:    0.26
      Required ratio:    0.00 (Cumulative area) 

    Via: M3M4_PR
      Partial area ratio:    0.02
      Required ratio:    6.00 (Gate area) 
      Cumulative area ratio:    0.28
      Required ratio:    0.00 (Cumulative area) 

    Via: M1M2_PR
      Partial area ratio:    0.09
      Required ratio:    6.00 (Gate area) 
      Cumulative area ratio:    0.21
      Required ratio:    0.00 (Cumulative area) 

    Via: L1M1_PR_MR
      Partial area ratio:    0.12
      Required ratio:    3.00 (Gate area) 
      Cumulative area ratio:    0.12
      Required ratio:    0.00 (Cumulative area) 

  Pin: _26503_/B (sky130_fd_sc_hd__nand2_1)
    Layer: met2
      Partial area ratio:   20.27
      Required ratio:    0.00 (Gate area) 
      Partial area ratio:  102.86
      Required ratio: 4182.20 (Side area) 
      Cumulative area ratio:   20.27
      Required ratio:    0.00 (Cumulative area) 
      Cumulative area ratio:  102.86
      Required ratio:    0.00 (Cumulative side area) 

    Layer: met3
      Partial area ratio:   10.93
      Required ratio:    0.00 (Gate area) 
      Partial area ratio:   58.75
      Required ratio: 4529.96 (Side area) 
      Cumulative area ratio:   31.20
      Required ratio:    0.00 (Cumulative area) 
      Cumulative area ratio:  161.61
      Required ratio:    0.00 (Cumulative side area) 

    Layer: met4
      Partial area ratio:   11.91
      Required ratio:    0.00 (Gate area) 
      Partial area ratio:   63.74
      Required ratio: 4703.84 (Side area) 
      Cumulative area ratio:   32.18
      Required ratio:    0.00 (Cumulative area) 
      Cumulative area ratio:  166.60
      Required ratio:    0.00 (Cumulative side area) 

    Layer: met1
      Partial area ratio:    0.00
      Required ratio:    0.00 (Gate area) 
      Partial area ratio:    0.00
      Required ratio:  400.00 (Side area) 
      Cumulative area ratio:    0.00
      Required ratio:    0.00 (Cumulative area) 
      Cumulative area ratio:    0.00
      Required ratio:    0.00 (Cumulative side area) 

    Layer: li1
      Partial area ratio:    0.00
      Required ratio:    0.00 (Gate area) 
      Partial area ratio:    0.00
      Required ratio:   75.00 (Side area) 
      Cumulative area ratio:    0.00
      Required ratio:    0.00 (Cumulative area) 
      Cumulative area ratio:    0.00
      Required ratio:    0.00 (Cumulative side area) 

    Via: M2M3_PR
      Partial area ratio:    0.05
      Required ratio:    6.00 (Gate area) 
      Cumulative area ratio:    0.26
      Required ratio:    0.00 (Cumulative area) 

    Via: M3M4_PR
      Partial area ratio:    0.02
      Required ratio:    6.00 (Gate area) 
      Cumulative area ratio:    0.28
      Required ratio:    0.00 (Cumulative area) 

    Via: M1M2_PR
      Partial area ratio:    0.09
      Required ratio:    6.00 (Gate area) 
      Cumulative area ratio:    0.21
      Required ratio:    0.00 (Cumulative area) 

    Via: L1M1_PR_MR
      Partial area ratio:    0.12
      Required ratio:    3.00 (Gate area) 
      Cumulative area ratio:    0.12
      Required ratio:    0.00 (Cumulative area) 


[INFO ANT-0002] Found 2 net violations.
[INFO ANT-0001] Found 2 pin violations.
%OL_END_REPORT
