
===========================================================================
report_checks -unconstrained
===========================================================================
======================= nom_tt_025C_1v80 Corner ===================================

Startpoint: rst (input port clocked by clk)
Endpoint: _65847_ (recovery check against rising-edge clock clk)
Path Group: asynchronous
Path Type: max

Fanout         Cap        Slew       Delay        Time   Description
---------------------------------------------------------------------------------------------
                                  0.000000    0.000000   clock clk (rise edge)
                                  0.000000    0.000000   clock network delay (propagated)
                                  5.000000    5.000000 v input external delay
     1    0.002588    0.008138    0.004077    5.004077 v rst (in)
                                                         rst (net)
                      0.008138    0.000000    5.004077 v input17/A (sky130_fd_sc_hd__buf_1)
     1    0.008776    0.057721    0.099430    5.103507 v input17/X (sky130_fd_sc_hd__buf_1)
                                                         net17 (net)
                      0.057724    0.000357    5.103864 v fanout1118/A (sky130_fd_sc_hd__buf_8)
     7    0.194545    0.142189    0.207698    5.311563 v fanout1118/X (sky130_fd_sc_hd__buf_8)
                                                         net1118 (net)
                      0.142338    0.004063    5.315625 v fanout1078/A (sky130_fd_sc_hd__buf_8)
     9    0.194119    0.140902    0.251507    5.567132 v fanout1078/X (sky130_fd_sc_hd__buf_8)
                                                         net1078 (net)
                      0.143563    0.015561    5.582693 v fanout1071/A (sky130_fd_sc_hd__clkbuf_4)
     5    0.057742    0.118835    0.260297    5.842990 v fanout1071/X (sky130_fd_sc_hd__clkbuf_4)
                                                         net1071 (net)
                      0.118850    0.001137    5.844127 v fanout1069/A (sky130_fd_sc_hd__clkbuf_4)
     6    0.070141    0.142241    0.264259    6.108386 v fanout1069/X (sky130_fd_sc_hd__clkbuf_4)
                                                         net1069 (net)
                      0.142547    0.005440    6.113826 v fanout1068/A (sky130_fd_sc_hd__buf_4)
     7    0.080321    0.108237    0.251468    6.365294 v fanout1068/X (sky130_fd_sc_hd__buf_4)
                                                         net1068 (net)
                      0.108451    0.004019    6.369313 v fanout1067/A (sky130_fd_sc_hd__buf_4)
    10    0.074789    0.101270    0.233516    6.602829 v fanout1067/X (sky130_fd_sc_hd__buf_4)
                                                         net1067 (net)
                      0.101301    0.001477    6.604307 v _65344_/A (sky130_fd_sc_hd__inv_2)
     1    0.003886    0.037543    0.064663    6.668969 ^ _65344_/Y (sky130_fd_sc_hd__inv_2)
                                                         _00421_ (net)
                      0.037544    0.000075    6.669044 ^ _65847_/RESET_B (sky130_fd_sc_hd__dfrtp_4)
                                              6.669044   data arrival time

                                 25.000000   25.000000   clock clk (rise edge)
                                  0.000000   25.000000   clock source latency
     2    0.121772    0.546916    0.383791   25.383789 ^ clk (in)
                                                         clk (net)
                      0.547222    0.000000   25.383789 ^ clkbuf_0_clk/A (sky130_fd_sc_hd__clkbuf_16)
     5    0.165542    0.180952    0.354255   25.738045 ^ clkbuf_0_clk/X (sky130_fd_sc_hd__clkbuf_16)
                                                         clknet_0_clk (net)
                      0.182483    0.013243   25.751287 ^ clkbuf_2_0_0_clk/A (sky130_fd_sc_hd__clkbuf_8)
     4    0.128568    0.223731    0.306002   26.057291 ^ clkbuf_2_0_0_clk/X (sky130_fd_sc_hd__clkbuf_8)
                                                         clknet_2_0_0_clk (net)
                      0.223843    0.004160   26.061451 ^ clkbuf_4_2__f_clk/A (sky130_fd_sc_hd__clkbuf_16)
     8    0.093146    0.110885    0.239163   26.300613 ^ clkbuf_4_2__f_clk/X (sky130_fd_sc_hd__clkbuf_16)
                                                         clknet_4_2__leaf_clk (net)
                      0.111004    0.002970   26.303583 ^ _65847_/CLK (sky130_fd_sc_hd__dfrtp_4)
                                 -0.250000   26.053585   clock uncertainty
                                  0.000000   26.053585   clock reconvergence pessimism
                                  0.239974   26.293558   library recovery time
                                             26.293558   data required time
---------------------------------------------------------------------------------------------
                                             26.293558   data required time
                                             -6.669044   data arrival time
---------------------------------------------------------------------------------------------
                                             19.624514   slack (MET)


Startpoint: _65703_ (rising edge-triggered flip-flop clocked by clk)
Endpoint: _65688_ (rising edge-triggered flip-flop clocked by clk)
Path Group: clk
Path Type: max

Fanout         Cap        Slew       Delay        Time   Description
---------------------------------------------------------------------------------------------
                                  0.000000    0.000000   clock clk (rise edge)
                                  0.000000    0.000000   clock source latency
     2    0.121772    0.546916    0.383791    0.383791 ^ clk (in)
                                                         clk (net)
                      0.547222    0.000000    0.383791 ^ clkbuf_0_clk/A (sky130_fd_sc_hd__clkbuf_16)
     5    0.165542    0.180952    0.354255    0.738047 ^ clkbuf_0_clk/X (sky130_fd_sc_hd__clkbuf_16)
                                                         clknet_0_clk (net)
                      0.182361    0.012706    0.750752 ^ clkbuf_2_1_0_clk/A (sky130_fd_sc_hd__clkbuf_8)
     4    0.131483    0.230393    0.303631    1.054384 ^ clkbuf_2_1_0_clk/X (sky130_fd_sc_hd__clkbuf_8)
                                                         clknet_2_1_0_clk (net)
                      0.231042    0.010108    1.064492 ^ clkbuf_4_6__f_clk/A (sky130_fd_sc_hd__clkbuf_16)
     4    0.084805    0.103405    0.233297    1.297790 ^ clkbuf_4_6__f_clk/X (sky130_fd_sc_hd__clkbuf_16)
                                                         clknet_4_6__leaf_clk (net)
                      0.103942    0.005986    1.303776 ^ clkbuf_leaf_107_clk/A (sky130_fd_sc_hd__clkbuf_8)
     3    0.011651    0.038845    0.141247    1.445023 ^ clkbuf_leaf_107_clk/X (sky130_fd_sc_hd__clkbuf_8)
                                                         clknet_leaf_107_clk (net)
                      0.038845    0.000342    1.445365 ^ _65703_/CLK (sky130_fd_sc_hd__dfrtp_1)
     1    0.018438    0.169653    0.411379    1.856744 ^ _65703_/Q (sky130_fd_sc_hd__dfrtp_1)
                                                         lowshift.data[4] (net)
                      0.169669    0.001365    1.858109 ^ fanout733/A (sky130_fd_sc_hd__buf_6)
    13    0.174129    0.339904    0.345015    2.203124 ^ fanout733/X (sky130_fd_sc_hd__buf_6)
                                                         net733 (net)
                      0.340075    0.006352    2.209476 ^ fanout732/A (sky130_fd_sc_hd__clkbuf_8)
     9    0.121266    0.215043    0.328297    2.537773 ^ fanout732/X (sky130_fd_sc_hd__clkbuf_8)
                                                         net732 (net)
                      0.222778    0.032048    2.569821 ^ fanout731/A (sky130_fd_sc_hd__clkbuf_8)
    10    0.088822    0.159127    0.273579    2.843400 ^ fanout731/X (sky130_fd_sc_hd__clkbuf_8)
                                                         net731 (net)
                      0.159140    0.001197    2.844597 ^ _45172_/B (sky130_fd_sc_hd__xnor2_4)
     3    0.027917    0.253135    0.176928    3.021524 ^ _45172_/Y (sky130_fd_sc_hd__xnor2_4)
                                                         _04276_ (net)
                      0.253142    0.001055    3.022579 ^ _45173_/B (sky130_fd_sc_hd__xor2_4)
     8    0.077020    0.548882    0.491763    3.514342 ^ _45173_/X (sky130_fd_sc_hd__xor2_4)
                                                         _04277_ (net)
                      0.548956    0.005310    3.519652 ^ _45176_/B (sky130_fd_sc_hd__xnor2_4)
     6    0.033670    0.290917    0.228757    3.748409 ^ _45176_/Y (sky130_fd_sc_hd__xnor2_4)
                                                         _04280_ (net)
                      0.290920    0.000732    3.749141 ^ _45180_/A (sky130_fd_sc_hd__nor2_1)
     3    0.014046    0.113103    0.155612    3.904754 v _45180_/Y (sky130_fd_sc_hd__nor2_1)
                                                         _04285_ (net)
                      0.113104    0.000251    3.905005 v _45214_/A (sky130_fd_sc_hd__or2_2)
     5    0.031342    0.126583    0.407895    4.312900 v _45214_/X (sky130_fd_sc_hd__or2_2)
                                                         _04322_ (net)
                      0.126599    0.001199    4.314098 v _45215_/B (sky130_fd_sc_hd__or2_2)
     4    0.019034    0.095728    0.359860    4.673958 v _45215_/X (sky130_fd_sc_hd__or2_2)
                                                         _04323_ (net)
                      0.095731    0.000441    4.674399 v _45219_/B (sky130_fd_sc_hd__or2_4)
     4    0.028387    0.076969    0.288551    4.962950 v _45219_/X (sky130_fd_sc_hd__or2_4)
                                                         _04328_ (net)
                      0.076972    0.000376    4.963326 v _45241_/A (sky130_fd_sc_hd__nor2_1)
     1    0.007919    0.159546    0.171173    5.134499 ^ _45241_/Y (sky130_fd_sc_hd__nor2_1)
                                                         _04352_ (net)
                      0.159547    0.000322    5.134821 ^ _45242_/A (sky130_fd_sc_hd__inv_2)
     2    0.011191    0.052929    0.069407    5.204228 v _45242_/Y (sky130_fd_sc_hd__inv_2)
                                                         _04353_ (net)
                      0.052929    0.000137    5.204365 v _45301_/A2 (sky130_fd_sc_hd__a41o_2)
     2    0.027068    0.095230    0.306848    5.511213 v _45301_/X (sky130_fd_sc_hd__a41o_2)
                                                         _04418_ (net)
                      0.095236    0.000606    5.511820 v _45302_/B (sky130_fd_sc_hd__xnor2_4)
     5    0.081671    0.604744    0.505194    6.017014 ^ _45302_/Y (sky130_fd_sc_hd__xnor2_4)
                                                         _04419_ (net)
                      0.604747    0.001083    6.018096 ^ max_cap39/A (sky130_fd_sc_hd__buf_6)
     6    0.148979    0.296011    0.360469    6.378565 ^ max_cap39/X (sky130_fd_sc_hd__buf_6)
                                                         net39 (net)
                      0.299393    0.025514    6.404079 ^ _48359_/A (sky130_fd_sc_hd__xor2_1)
     2    0.008269    0.208044    0.248368    6.652448 ^ _48359_/X (sky130_fd_sc_hd__xor2_1)
                                                         _07780_ (net)
                      0.208044    0.000138    6.652586 ^ _48360_/B (sky130_fd_sc_hd__xnor2_1)
     2    0.009874    0.253650    0.197062    6.849647 ^ _48360_/Y (sky130_fd_sc_hd__xnor2_1)
                                                         _07781_ (net)
                      0.253650    0.000230    6.849877 ^ _48362_/A (sky130_fd_sc_hd__xnor2_1)
     2    0.007145    0.199342    0.183483    7.033360 ^ _48362_/Y (sky130_fd_sc_hd__xnor2_1)
                                                         _07783_ (net)
                      0.199342    0.000203    7.033564 ^ _48364_/B (sky130_fd_sc_hd__xor2_1)
     2    0.006869    0.183053    0.216886    7.250449 ^ _48364_/X (sky130_fd_sc_hd__xor2_1)
                                                         _07785_ (net)
                      0.183053    0.000170    7.250619 ^ _48366_/B (sky130_fd_sc_hd__xnor2_1)
     2    0.010030    0.256739    0.193732    7.444351 ^ _48366_/Y (sky130_fd_sc_hd__xnor2_1)
                                                         _07787_ (net)
                      0.256739    0.000299    7.444650 ^ _48368_/B (sky130_fd_sc_hd__xnor2_1)
     2    0.007272    0.201877    0.186025    7.630675 ^ _48368_/Y (sky130_fd_sc_hd__xnor2_1)
                                                         _07790_ (net)
                      0.201877    0.000169    7.630844 ^ _48571_/A (sky130_fd_sc_hd__nand3_1)
     3    0.010407    0.133357    0.160505    7.791348 v _48571_/Y (sky130_fd_sc_hd__nand3_1)
                                                         _08013_ (net)
                      0.133358    0.000297    7.791645 v _48596_/A1 (sky130_fd_sc_hd__a211o_1)
     2    0.008958    0.076520    0.319817    8.111462 v _48596_/X (sky130_fd_sc_hd__a211o_1)
                                                         _08040_ (net)
                      0.076521    0.000279    8.111741 v _48597_/C (sky130_fd_sc_hd__and3_1)
     3    0.013748    0.082521    0.236733    8.348475 v _48597_/X (sky130_fd_sc_hd__and3_1)
                                                         _08042_ (net)
                      0.082523    0.000359    8.348833 v _48625_/A1 (sky130_fd_sc_hd__o211a_1)
     2    0.006359    0.054577    0.249895    8.598728 v _48625_/X (sky130_fd_sc_hd__o211a_1)
                                                         _08072_ (net)
                      0.054577    0.000098    8.598825 v _48626_/C (sky130_fd_sc_hd__nor3_1)
     3    0.011561    0.371920    0.304051    8.902877 ^ _48626_/Y (sky130_fd_sc_hd__nor3_1)
                                                         _08073_ (net)
                      0.371921    0.000430    8.903307 ^ _48657_/B1 (sky130_fd_sc_hd__a211oi_1)
     3    0.008737    0.114216    0.137716    9.041022 v _48657_/Y (sky130_fd_sc_hd__a211oi_1)
                                                         _08108_ (net)
                      0.114217    0.000289    9.041311 v _48659_/B (sky130_fd_sc_hd__or3_2)
     4    0.016088    0.117347    0.532135    9.573446 v _48659_/X (sky130_fd_sc_hd__or3_2)
                                                         _08110_ (net)
                      0.117353    0.000605    9.574051 v _48728_/A (sky130_fd_sc_hd__and3_1)
     3    0.008754    0.061970    0.199582    9.773633 v _48728_/X (sky130_fd_sc_hd__and3_1)
                                                         _08186_ (net)
                      0.061970    0.000139    9.773772 v _54768_/B1 (sky130_fd_sc_hd__a21o_1)
     2    0.009890    0.062083    0.187439    9.961212 v _54768_/X (sky130_fd_sc_hd__a21o_1)
                                                         _14828_ (net)
                      0.062086    0.000315    9.961527 v _56850_/A2 (sky130_fd_sc_hd__a21o_1)
     3    0.008901    0.058772    0.207159   10.168686 v _56850_/X (sky130_fd_sc_hd__a21o_1)
                                                         _17117_ (net)
                      0.058774    0.000242   10.168927 v _59800_/A2 (sky130_fd_sc_hd__a21o_1)
     3    0.018336    0.096503    0.240708   10.409636 v _59800_/X (sky130_fd_sc_hd__a21o_1)
                                                         _20360_ (net)
                      0.096507    0.000558   10.410193 v _61466_/A2 (sky130_fd_sc_hd__a21o_1)
     3    0.017308    0.092300    0.251696   10.661889 v _61466_/X (sky130_fd_sc_hd__a21o_1)
                                                         _22191_ (net)
                      0.092306    0.000596   10.662485 v _63378_/A1 (sky130_fd_sc_hd__a221oi_1)
     1    0.003840    0.252655    0.293817   10.956303 ^ _63378_/Y (sky130_fd_sc_hd__a221oi_1)
                                                         _24293_ (net)
                      0.252655    0.000091   10.956393 ^ _63379_/B1 (sky130_fd_sc_hd__a311o_1)
     1    0.021606    0.238849    0.296610   11.253003 ^ _63379_/X (sky130_fd_sc_hd__a311o_1)
                                                         _24294_ (net)
                      0.238874    0.002041   11.255044 ^ _63584_/B1 (sky130_fd_sc_hd__o211a_1)
     1    0.009761    0.096018    0.230581   11.485625 ^ _63584_/X (sky130_fd_sc_hd__o211a_1)
                                                         _24519_ (net)
                      0.096021    0.000432   11.486057 ^ _63877_/A1 (sky130_fd_sc_hd__o21ai_2)
     1    0.025931    0.117081    0.128853   11.614910 v _63877_/Y (sky130_fd_sc_hd__o21ai_2)
                                                         _24842_ (net)
                      0.117103    0.001311   11.616221 v _64248_/A1 (sky130_fd_sc_hd__a22o_1)
     1    0.010956    0.075833    0.270494   11.886715 v _64248_/X (sky130_fd_sc_hd__a22o_1)
                                                         _25250_ (net)
                      0.075840    0.000571   11.887286 v _64382_/B2 (sky130_fd_sc_hd__a2bb2o_1)
     1    0.023195    0.137681    0.352236   12.239522 v _64382_/X (sky130_fd_sc_hd__a2bb2o_1)
                                                         _25397_ (net)
                      0.137689    0.000883   12.240404 v _64447_/A2 (sky130_fd_sc_hd__a211oi_2)
     1    0.017541    0.359924    0.405336   12.645741 ^ _64447_/Y (sky130_fd_sc_hd__a211oi_2)
                                                         _25469_ (net)
                      0.359932    0.001350   12.647091 ^ _64574_/A1 (sky130_fd_sc_hd__o221ai_2)
     1    0.005652    0.094801    0.165049   12.812140 v _64574_/Y (sky130_fd_sc_hd__o221ai_2)
                                                         _25608_ (net)
                      0.094801    0.000234   12.812374 v _64610_/A1 (sky130_fd_sc_hd__a21oi_1)
     1    0.002525    0.099272    0.133367   12.945741 ^ _64610_/Y (sky130_fd_sc_hd__a21oi_1)
                                                         _00492_ (net)
                      0.099272    0.000075   12.945815 ^ _65688_/D (sky130_fd_sc_hd__dfxtp_1)
                                             12.945815   data arrival time

                                 25.000000   25.000000   clock clk (rise edge)
                                  0.000000   25.000000   clock source latency
     2    0.121772    0.546916    0.383791   25.383789 ^ clk (in)
                                                         clk (net)
                      0.547222    0.000000   25.383789 ^ clkbuf_0_clk/A (sky130_fd_sc_hd__clkbuf_16)
     5    0.165542    0.180952    0.354255   25.738045 ^ clkbuf_0_clk/X (sky130_fd_sc_hd__clkbuf_16)
                                                         clknet_0_clk (net)
                      0.181156    0.004976   25.743021 ^ clkbuf_2_3_0_clk/A (sky130_fd_sc_hd__clkbuf_8)
     4    0.118761    0.207757    0.294669   26.037689 ^ clkbuf_2_3_0_clk/X (sky130_fd_sc_hd__clkbuf_8)
                                                         clknet_2_3_0_clk (net)
                      0.207970    0.005468   26.043158 ^ clkbuf_4_13__f_clk/A (sky130_fd_sc_hd__clkbuf_16)
    11    0.125089    0.139067    0.255520   26.298677 ^ clkbuf_4_13__f_clk/X (sky130_fd_sc_hd__clkbuf_16)
                                                         clknet_4_13__leaf_clk (net)
                      0.139335    0.004938   26.303616 ^ clkbuf_leaf_26_clk/A (sky130_fd_sc_hd__clkbuf_8)
     3    0.010281    0.037456    0.151299   26.454916 ^ clkbuf_leaf_26_clk/X (sky130_fd_sc_hd__clkbuf_8)
                                                         clknet_leaf_26_clk (net)
                      0.037456    0.000213   26.455128 ^ _65688_/CLK (sky130_fd_sc_hd__dfxtp_1)
                                 -0.250000   26.205130   clock uncertainty
                                  0.000000   26.205130   clock reconvergence pessimism
                                 -0.067632   26.137499   library setup time
                                             26.137499   data required time
---------------------------------------------------------------------------------------------
                                             26.137499   data required time
                                            -12.945815   data arrival time
---------------------------------------------------------------------------------------------
                                             13.191683   slack (MET)




===========================================================================
report_checks --slack_max -0.01
============================================================================
======================= nom_tt_025C_1v80 Corner ===================================

No paths found.


===========================================================================
 report_check_types -max_slew -max_cap -max_fanout -violators
============================================================================
======================= nom_tt_025C_1v80 Corner ===================================

max fanout

Pin                                   Limit Fanout  Slack
---------------------------------------------------------
_61518_/X                                10     27    -17 (VIOLATED)
input10/X                                10     17     -7 (VIOLATED)
input9/X                                 10     17     -7 (VIOLATED)
fanout50/X                               10     15     -5 (VIOLATED)
fanout719/X                              10     15     -5 (VIOLATED)
_40023_/Y                                10     14     -4 (VIOLATED)
fanout158/X                              10     14     -4 (VIOLATED)
fanout276/X                              10     14     -4 (VIOLATED)
fanout722/X                              10     14     -4 (VIOLATED)
clkbuf_leaf_124_clk/X                    10     13     -3 (VIOLATED)
clkbuf_leaf_75_clk/X                     10     13     -3 (VIOLATED)
fanout1018/X                             10     13     -3 (VIOLATED)
fanout272/X                              10     13     -3 (VIOLATED)
fanout710/X                              10     13     -3 (VIOLATED)
fanout730/X                              10     13     -3 (VIOLATED)
fanout733/X                              10     13     -3 (VIOLATED)
_32706_/Y                                10     12     -2 (VIOLATED)
clkbuf_4_10__f_clk/X                     10     12     -2 (VIOLATED)
clkbuf_4_12__f_clk/X                     10     12     -2 (VIOLATED)
clkbuf_leaf_94_clk/X                     10     12     -2 (VIOLATED)
fanout1019/X                             10     12     -2 (VIOLATED)
fanout1044/X                             10     12     -2 (VIOLATED)
fanout112/X                              10     12     -2 (VIOLATED)
fanout164/X                              10     12     -2 (VIOLATED)
fanout355/X                              10     12     -2 (VIOLATED)
fanout726/X                              10     12     -2 (VIOLATED)
fanout74/X                               10     12     -2 (VIOLATED)
fanout960/X                              10     12     -2 (VIOLATED)
_65410_/Q                                10     11        (VIOLATED)
clkbuf_4_0__f_clk/X                      10     11        (VIOLATED)
clkbuf_4_13__f_clk/X                     10     11        (VIOLATED)
clkbuf_4_1__f_clk/X                      10     11        (VIOLATED)
clkbuf_leaf_79_clk/X                     10     11        (VIOLATED)
fanout1022/X                             10     11        (VIOLATED)
fanout168/X                              10     11        (VIOLATED)
fanout172/X                              10     11        (VIOLATED)
fanout183/X                              10     11        (VIOLATED)
fanout258/X                              10     11        (VIOLATED)
fanout261/X                              10     11        (VIOLATED)
fanout277/X                              10     11        (VIOLATED)
fanout297/X                              10     11        (VIOLATED)
fanout46/X                               10     11        (VIOLATED)
fanout53/X                               10     11        (VIOLATED)
fanout599/X                              10     11        (VIOLATED)
fanout716/X                              10     11        (VIOLATED)
fanout724/X                              10     11        (VIOLATED)
fanout748/X                              10     11        (VIOLATED)
fanout76/X                               10     11        (VIOLATED)

max capacitance

Pin                                        Limit         Cap       Slack
------------------------------------------------------------------------
fanout1044/X                            0.200000    0.247435   -0.047435 (VIOLATED)
fanout84/X                              0.200000    0.233416   -0.033416 (VIOLATED)
fanout168/X                             0.200000    0.227017   -0.027017 (VIOLATED)
fanout709/X                             0.200000    0.226443   -0.026443 (VIOLATED)
fanout172/X                             0.200000    0.224589   -0.024589 (VIOLATED)
fanout724/X                             0.200000    0.220340   -0.020340 (VIOLATED)
_45548_/X                               0.200000    0.219650   -0.019650 (VIOLATED)
fanout560/X                             0.200000    0.217996   -0.017996 (VIOLATED)
fanout730/X                             0.200000    0.210053   -0.010053 (VIOLATED)
fanout716/X                             0.200000    0.209080   -0.009080 (VIOLATED)
wire44/X                                0.200000    0.204441   -0.004441 (VIOLATED)
fanout158/X                             0.200000    0.202615   -0.002615 (VIOLATED)
fanout112/X                             0.200000    0.201400   -0.001400 (VIOLATED)



===========================================================================
report_parasitic_annotation -report_unannotated
============================================================================
Found 0 unannotated drivers.
Found 0 partially unannotated drivers.

===========================================================================
max slew violation count 0
max fanout violation count 48
max cap violation count 13
============================================================================

===========================================================================
check_setup -verbose -unconstrained_endpoints -multiple_clock -no_clock -no_input_delay -loops -generated_clocks
===========================================================================
