Reading OpenROAD database at '/mnt/d/APIC/FIR_Openlane/Highpass/runs/RUN_2024-06-17_14-07-54/19-openroad-generatepdn/highpass.odb'…
Reading library file at '/home/nurwiyoso14/.volare/volare/sky130/versions/bdc9412b3e468c102d01b7cf6337be06ec6e9c9a/sky130A/libs.ref/sky130_fd_sc_hd/lib/sky130_fd_sc_hd__tt_025C_1v80.lib'…
Reading design constraints file at '/nix/store/ly0xjc8f0gmgmckxcrs0bw8vqc9gf9bk-python3-3.11.6-env/lib/python3.11/site-packages/openlane/scripts/base.sdc'…
[INFO] Using clock clk…
[INFO] Setting output delay to: 5
[INFO] Setting input delay to: 5
[INFO] Setting load to: 0.033442
[INFO] Setting clock uncertainty to: 0.25
[INFO] Setting clock transition to: 0.1499999999999999944488848768742172978818416595458984375
[INFO] Setting timing derate to: 5%
[INFO] Setting RC values…
[INFO] Setting signal min routing layer to: met1 and clock min routing layer to met1. 
[INFO] Setting signal max routing layer to: met4 and clock max routing layer to met4. 
{*}-density 0.426809 -timing_driven -routability_driven -skip_io -pad_right 0 -pad_left 0 -init_wirelength_coef 0.05
[WARNING GPL-0150] -skip_io will disable timing driven mode.
[WARNING GPL-0151] -skip_io will disable routability driven mode.
[INFO GPL-0002] DBU: 1000
[INFO GPL-0003] SiteSize: 460 2720
[INFO GPL-0004] CoreAreaLxLy: 100280 100640
[INFO GPL-0005] CoreAreaUxUy: 699660 699040
[INFO GPL-0006] NumInstances: 16757
[INFO GPL-0007] NumPlaceInstances: 11211
[INFO GPL-0008] NumFixedInstances: 5546
[INFO GPL-0009] NumDummyInstances: 0
[INFO GPL-0010] NumNets: 11456
[INFO GPL-0011] NumPins: 37195
[INFO GPL-0012] DieAreaLxLy: 0 0
[INFO GPL-0013] DieAreaUxUy: 800000 800000
[INFO GPL-0014] CoreAreaLxLy: 100280 100640
[INFO GPL-0015] CoreAreaUxUy: 699660 699040
[INFO GPL-0016] CoreArea: 358668992000
[INFO GPL-0017] NonPlaceInstsArea: 8040211200
[INFO GPL-0018] PlaceInstsArea: 110827542400
[INFO GPL-0019] Util(%): 31.61
[INFO GPL-0020] StdInstsArea: 110827542400
[INFO GPL-0021] MacroInstsArea: 0
[INFO GPL-0031] FillerInit: NumGCells: 15185
[INFO GPL-0032] FillerInit: NumGNets: 11456
[INFO GPL-0033] FillerInit: NumGPins: 37195
[INFO GPL-0023] TargetDensity: 0.43
[INFO GPL-0024] AveragePlaceInstArea: 9885607
[INFO GPL-0025] IdealBinArea: 23161664
[INFO GPL-0026] IdealBinCnt: 15485
[INFO GPL-0027] TotalBinArea: 358668992000
[INFO GPL-0028] BinCnt: 64 64
[INFO GPL-0029] BinSize: 9366 9350
[INFO GPL-0030] NumBins: 4096
[NesterovSolve] Iter: 1 overflow: 0.998484 HPWL: 33010557
[NesterovSolve] Iter: 10 overflow: 0.997771 HPWL: 18341678
[NesterovSolve] Iter: 20 overflow: 0.997169 HPWL: 17929635
[NesterovSolve] Iter: 30 overflow: 0.997169 HPWL: 17801875
[NesterovSolve] Iter: 40 overflow: 0.997169 HPWL: 17764806
[NesterovSolve] Iter: 50 overflow: 0.997169 HPWL: 17754598
[NesterovSolve] Iter: 60 overflow: 0.997169 HPWL: 17753757
[NesterovSolve] Iter: 70 overflow: 0.997169 HPWL: 17769261
[NesterovSolve] Iter: 80 overflow: 0.997169 HPWL: 17816620
[NesterovSolve] Iter: 90 overflow: 0.997169 HPWL: 17920053
[NesterovSolve] Iter: 100 overflow: 0.997157 HPWL: 18179681
[NesterovSolve] Iter: 110 overflow: 0.996402 HPWL: 18888629
[NesterovSolve] Iter: 120 overflow: 0.995598 HPWL: 20884924
[NesterovSolve] Iter: 130 overflow: 0.993057 HPWL: 25516284
[NesterovSolve] Iter: 140 overflow: 0.988699 HPWL: 33253284
[NesterovSolve] Iter: 150 overflow: 0.981891 HPWL: 44908316
[NesterovSolve] Iter: 160 overflow: 0.968786 HPWL: 62214963
[NesterovSolve] Iter: 170 overflow: 0.947617 HPWL: 80893980
[NesterovSolve] Iter: 180 overflow: 0.925234 HPWL: 96452595
[NesterovSolve] Iter: 190 overflow: 0.904543 HPWL: 110467690
[NesterovSolve] Iter: 200 overflow: 0.876214 HPWL: 127169014
[NesterovSolve] Iter: 210 overflow: 0.841834 HPWL: 146904656
[NesterovSolve] Iter: 220 overflow: 0.802747 HPWL: 166823998
[NesterovSolve] Iter: 230 overflow: 0.761378 HPWL: 185639779
[NesterovSolve] Iter: 240 overflow: 0.720555 HPWL: 202740279
[NesterovSolve] Iter: 250 overflow: 0.675613 HPWL: 219733139
[NesterovSolve] Iter: 260 overflow: 0.627581 HPWL: 237526589
[NesterovSolve] Iter: 270 overflow: 0.578698 HPWL: 254207049
[NesterovSolve] Iter: 280 overflow: 0.529445 HPWL: 269873708
[NesterovSolve] Iter: 290 overflow: 0.482585 HPWL: 284625318
[NesterovSolve] Iter: 300 overflow: 0.435374 HPWL: 299455559
[NesterovSolve] Iter: 310 overflow: 0.390238 HPWL: 313220596
[NesterovSolve] Iter: 320 overflow: 0.34562 HPWL: 324804373
[NesterovSolve] Iter: 330 overflow: 0.310854 HPWL: 332342305
[NesterovSolve] Iter: 340 overflow: 0.280007 HPWL: 337377350
[NesterovSolve] Iter: 350 overflow: 0.249666 HPWL: 341030043
[NesterovSolve] Iter: 360 overflow: 0.2217 HPWL: 342148133
[NesterovSolve] Iter: 370 overflow: 0.194311 HPWL: 341725325
[NesterovSolve] Iter: 380 overflow: 0.170911 HPWL: 339408506
[NesterovSolve] Iter: 390 overflow: 0.149261 HPWL: 337598003
[NesterovSolve] Iter: 400 overflow: 0.130508 HPWL: 336100535
[NesterovSolve] Iter: 410 overflow: 0.111675 HPWL: 334742729
[NesterovSolve] Finished with Overflow: 0.099833
[INFO] Setting RC values…
Setting global connections for newly added cells…
[INFO] Setting global connections...
Writing OpenROAD database to '/mnt/d/APIC/FIR_Openlane/Highpass/runs/RUN_2024-06-17_14-07-54/22-openroad-globalplacementskipio/highpass.odb'…
Writing netlist to '/mnt/d/APIC/FIR_Openlane/Highpass/runs/RUN_2024-06-17_14-07-54/22-openroad-globalplacementskipio/highpass.nl.v'…
Writing powered netlist to '/mnt/d/APIC/FIR_Openlane/Highpass/runs/RUN_2024-06-17_14-07-54/22-openroad-globalplacementskipio/highpass.pnl.v'…
Writing layout to '/mnt/d/APIC/FIR_Openlane/Highpass/runs/RUN_2024-06-17_14-07-54/22-openroad-globalplacementskipio/highpass.def'…
Writing timing constraints to '/mnt/d/APIC/FIR_Openlane/Highpass/runs/RUN_2024-06-17_14-07-54/22-openroad-globalplacementskipio/highpass.sdc'…
