Reading OpenROAD database at '/mnt/d/APIC/FIR_Openlane/Lowpass/runs/RUN_2024-06-17_18-45-38/19-openroad-generatepdn/lowpass.odb'…
Reading library file at '/home/nurwiyoso14/.volare/volare/sky130/versions/bdc9412b3e468c102d01b7cf6337be06ec6e9c9a/sky130A/libs.ref/sky130_fd_sc_hd/lib/sky130_fd_sc_hd__tt_025C_1v80.lib'…
Reading design constraints file at '/nix/store/ly0xjc8f0gmgmckxcrs0bw8vqc9gf9bk-python3-3.11.6-env/lib/python3.11/site-packages/openlane/scripts/base.sdc'…
[INFO] Using clock clk…
[INFO] Setting output delay to: 5
[INFO] Setting input delay to: 5
[INFO] Setting load to: 0.033442
[INFO] Setting clock uncertainty to: 0.25
[INFO] Setting clock transition to: 0.1499999999999999944488848768742172978818416595458984375
[INFO] Setting timing derate to: 5%
[INFO] Setting RC values…
[INFO] Setting signal min routing layer to: met1 and clock min routing layer to met1. 
[INFO] Setting signal max routing layer to: met4 and clock max routing layer to met4. 
{*}-density 0.457954 -timing_driven -routability_driven -skip_io -pad_right 0 -pad_left 0 -init_wirelength_coef 0.05
[WARNING GPL-0150] -skip_io will disable timing driven mode.
[WARNING GPL-0151] -skip_io will disable routability driven mode.
[INFO GPL-0002] DBU: 1000
[INFO GPL-0003] SiteSize: 460 2720
[INFO GPL-0004] CoreAreaLxLy: 5520 10880
[INFO GPL-0005] CoreAreaUxUy: 794420 788800
[INFO GPL-0006] NumInstances: 30149
[INFO GPL-0007] NumPlaceInstances: 20793
[INFO GPL-0008] NumFixedInstances: 9356
[INFO GPL-0009] NumDummyInstances: 0
[INFO GPL-0010] NumNets: 21038
[INFO GPL-0011] NumPins: 68722
[INFO GPL-0012] DieAreaLxLy: 0 0
[INFO GPL-0013] DieAreaUxUy: 800000 800000
[INFO GPL-0014] CoreAreaLxLy: 5520 10880
[INFO GPL-0015] CoreAreaUxUy: 794420 788800
[INFO GPL-0016] CoreArea: 613701088000
[INFO GPL-0017] NonPlaceInstsArea: 13137600000
[INFO GPL-0018] PlaceInstsArea: 208686396800
[INFO GPL-0019] Util(%): 34.75
[INFO GPL-0020] StdInstsArea: 208686396800
[INFO GPL-0021] MacroInstsArea: 0
[INFO GPL-0031] FillerInit: NumGCells: 27468
[INFO GPL-0032] FillerInit: NumGNets: 21038
[INFO GPL-0033] FillerInit: NumGPins: 68722
[INFO GPL-0023] TargetDensity: 0.46
[INFO GPL-0024] AveragePlaceInstArea: 10036377
[INFO GPL-0025] IdealBinArea: 21915688
[INFO GPL-0026] IdealBinCnt: 28002
[INFO GPL-0027] TotalBinArea: 613701088000
[INFO GPL-0028] BinCnt: 128 128
[INFO GPL-0029] BinSize: 6164 6078
[INFO GPL-0030] NumBins: 16384
[NesterovSolve] Iter: 1 overflow: 0.999353 HPWL: 60328708
[NesterovSolve] Iter: 10 overflow: 0.99903 HPWL: 33952374
[NesterovSolve] Iter: 20 overflow: 0.99903 HPWL: 33124844
[NesterovSolve] Iter: 30 overflow: 0.99903 HPWL: 32900361
[NesterovSolve] Iter: 40 overflow: 0.99903 HPWL: 32838522
[NesterovSolve] Iter: 50 overflow: 0.999014 HPWL: 32823497
[NesterovSolve] Iter: 60 overflow: 0.998946 HPWL: 32820881
[NesterovSolve] Iter: 70 overflow: 0.998866 HPWL: 32832033
[NesterovSolve] Iter: 80 overflow: 0.998866 HPWL: 32864571
[NesterovSolve] Iter: 90 overflow: 0.998854 HPWL: 32959387
[NesterovSolve] Iter: 100 overflow: 0.998656 HPWL: 33237057
[NesterovSolve] Iter: 110 overflow: 0.998549 HPWL: 34009587
[NesterovSolve] Iter: 120 overflow: 0.998363 HPWL: 35974677
[NesterovSolve] Iter: 130 overflow: 0.997462 HPWL: 40196439
[NesterovSolve] Iter: 140 overflow: 0.996314 HPWL: 48084779
[NesterovSolve] Iter: 150 overflow: 0.994288 HPWL: 63092587
[NesterovSolve] Iter: 160 overflow: 0.989671 HPWL: 88333753
[NesterovSolve] Iter: 170 overflow: 0.983056 HPWL: 115605928
[NesterovSolve] Iter: 180 overflow: 0.975479 HPWL: 139007493
[NesterovSolve] Iter: 190 overflow: 0.965522 HPWL: 163570193
[NesterovSolve] Iter: 200 overflow: 0.950296 HPWL: 197871768
[NesterovSolve] Iter: 210 overflow: 0.926179 HPWL: 241366907
[NesterovSolve] Iter: 220 overflow: 0.897201 HPWL: 286007691
[NesterovSolve] Iter: 230 overflow: 0.866175 HPWL: 327307744
[NesterovSolve] Iter: 240 overflow: 0.8333 HPWL: 369658209
[NesterovSolve] Iter: 250 overflow: 0.793911 HPWL: 416503832
[NesterovSolve] Iter: 260 overflow: 0.750273 HPWL: 463484485
[NesterovSolve] Iter: 270 overflow: 0.706044 HPWL: 506680318
[NesterovSolve] Iter: 280 overflow: 0.660345 HPWL: 549236346
[NesterovSolve] Iter: 290 overflow: 0.611499 HPWL: 592775521
[NesterovSolve] Iter: 300 overflow: 0.564188 HPWL: 633990517
[NesterovSolve] Iter: 310 overflow: 0.516947 HPWL: 673762542
[NesterovSolve] Iter: 320 overflow: 0.468357 HPWL: 709382878
[NesterovSolve] Iter: 330 overflow: 0.422892 HPWL: 739139521
[NesterovSolve] Iter: 340 overflow: 0.376184 HPWL: 761847228
[NesterovSolve] Iter: 350 overflow: 0.334116 HPWL: 771916811
[NesterovSolve] Iter: 360 overflow: 0.306248 HPWL: 770232275
[NesterovSolve] Iter: 370 overflow: 0.275732 HPWL: 764549412
[NesterovSolve] Iter: 380 overflow: 0.252236 HPWL: 760760202
[NesterovSolve] Iter: 390 overflow: 0.229628 HPWL: 756696547
[NesterovSolve] Iter: 400 overflow: 0.208685 HPWL: 751902884
[NesterovSolve] Iter: 410 overflow: 0.185164 HPWL: 745882954
[NesterovSolve] Iter: 420 overflow: 0.166868 HPWL: 741787212
[NesterovSolve] Iter: 430 overflow: 0.150024 HPWL: 737871462
[NesterovSolve] Iter: 440 overflow: 0.134718 HPWL: 733132358
[NesterovSolve] Iter: 450 overflow: 0.11905 HPWL: 727114956
[NesterovSolve] Iter: 460 overflow: 0.104736 HPWL: 725403049
[NesterovSolve] Finished with Overflow: 0.099276
[INFO] Setting RC values…
Setting global connections for newly added cells…
[INFO] Setting global connections...
Writing OpenROAD database to '/mnt/d/APIC/FIR_Openlane/Lowpass/runs/RUN_2024-06-17_18-45-38/22-openroad-globalplacementskipio/lowpass.odb'…
Writing netlist to '/mnt/d/APIC/FIR_Openlane/Lowpass/runs/RUN_2024-06-17_18-45-38/22-openroad-globalplacementskipio/lowpass.nl.v'…
Writing powered netlist to '/mnt/d/APIC/FIR_Openlane/Lowpass/runs/RUN_2024-06-17_18-45-38/22-openroad-globalplacementskipio/lowpass.pnl.v'…
Writing layout to '/mnt/d/APIC/FIR_Openlane/Lowpass/runs/RUN_2024-06-17_18-45-38/22-openroad-globalplacementskipio/lowpass.def'…
Writing timing constraints to '/mnt/d/APIC/FIR_Openlane/Lowpass/runs/RUN_2024-06-17_18-45-38/22-openroad-globalplacementskipio/lowpass.sdc'…
