Reading technology LEF file at '/home/nurwiyoso14/.volare/volare/sky130/versions/bdc9412b3e468c102d01b7cf6337be06ec6e9c9a/sky130A/libs.ref/sky130_fd_sc_hd/techlef/sky130_fd_sc_hd__nom.tlef'…
[INFO ODB-0222] Reading LEF file: /home/nurwiyoso14/.volare/volare/sky130/versions/bdc9412b3e468c102d01b7cf6337be06ec6e9c9a/sky130A/libs.ref/sky130_fd_sc_hd/techlef/sky130_fd_sc_hd__nom.tlef
[INFO ODB-0223]     Created 13 technology layers
[INFO ODB-0224]     Created 25 technology vias
[INFO ODB-0226] Finished LEF file:  /home/nurwiyoso14/.volare/volare/sky130/versions/bdc9412b3e468c102d01b7cf6337be06ec6e9c9a/sky130A/libs.ref/sky130_fd_sc_hd/techlef/sky130_fd_sc_hd__nom.tlef
Reading cell LEF file at '/home/nurwiyoso14/.volare/volare/sky130/versions/bdc9412b3e468c102d01b7cf6337be06ec6e9c9a/sky130A/libs.ref/sky130_fd_sc_hd/lef/sky130_fd_sc_hd.lef'…
[INFO ODB-0222] Reading LEF file: /home/nurwiyoso14/.volare/volare/sky130/versions/bdc9412b3e468c102d01b7cf6337be06ec6e9c9a/sky130A/libs.ref/sky130_fd_sc_hd/lef/sky130_fd_sc_hd.lef
[WARNING ODB-0220] WARNING (LEFPARS-2008): NOWIREEXTENSIONATPIN statement is obsolete in version 5.6 or later.
The NOWIREEXTENSIONATPIN statement will be ignored. See file /home/nurwiyoso14/.volare/volare/sky130/versions/bdc9412b3e468c102d01b7cf6337be06ec6e9c9a/sky130A/libs.ref/sky130_fd_sc_hd/lef/sky130_fd_sc_hd.lef at line 2.

[INFO ODB-0225]     Created 437 library cells
[INFO ODB-0226] Finished LEF file:  /home/nurwiyoso14/.volare/volare/sky130/versions/bdc9412b3e468c102d01b7cf6337be06ec6e9c9a/sky130A/libs.ref/sky130_fd_sc_hd/lef/sky130_fd_sc_hd.lef
Reading cell LEF file at '/home/nurwiyoso14/.volare/volare/sky130/versions/bdc9412b3e468c102d01b7cf6337be06ec6e9c9a/sky130A/libs.ref/sky130_fd_sc_hd/lef/sky130_ef_sc_hd.lef'…
[INFO ODB-0222] Reading LEF file: /home/nurwiyoso14/.volare/volare/sky130/versions/bdc9412b3e468c102d01b7cf6337be06ec6e9c9a/sky130A/libs.ref/sky130_fd_sc_hd/lef/sky130_ef_sc_hd.lef
[WARNING ODB-0220] WARNING (LEFPARS-2008): NOWIREEXTENSIONATPIN statement is obsolete in version 5.6 or later.
The NOWIREEXTENSIONATPIN statement will be ignored. See file /home/nurwiyoso14/.volare/volare/sky130/versions/bdc9412b3e468c102d01b7cf6337be06ec6e9c9a/sky130A/libs.ref/sky130_fd_sc_hd/lef/sky130_ef_sc_hd.lef at line 2.

[INFO ODB-0225]     Created 4 library cells
[INFO ODB-0226] Finished LEF file:  /home/nurwiyoso14/.volare/volare/sky130/versions/bdc9412b3e468c102d01b7cf6337be06ec6e9c9a/sky130A/libs.ref/sky130_fd_sc_hd/lef/sky130_ef_sc_hd.lef
[INFO ODB-0127] Reading DEF file: /mnt/d/APIC/FIR_Openlane/shifter/runs/RUN_2024-06-17_07-29-35/49-openroad-fillinsertion/shifter.def
[INFO ODB-0128] Design: shifter
[INFO ODB-0130]     Created 260 pins.
[INFO ODB-0131]     Created 7795 components and 31699 component-terminals.
[INFO ODB-0132]     Created 2 special nets and 29180 connections.
[INFO ODB-0133]     Created 1036 nets and 2519 connections.
[INFO ODB-0134] Finished DEF file: /mnt/d/APIC/FIR_Openlane/shifter/runs/RUN_2024-06-17_07-29-35/49-openroad-fillinsertion/shifter.def
Using RCX ruleset '/home/nurwiyoso14/.volare/volare/sky130/versions/bdc9412b3e468c102d01b7cf6337be06ec6e9c9a/sky130A/libs.tech/openlane/rules.openrcx.sky130A.nom.calibre'…
[INFO RCX-0431] Defined process_corner CURRENT_CORNER with ext_model_index 0
[INFO RCX-0029] Defined extraction corner CURRENT_CORNER
[INFO RCX-0008] extracting parasitics of shifter ...
[INFO RCX-0435] Reading extraction model file /home/nurwiyoso14/.volare/volare/sky130/versions/bdc9412b3e468c102d01b7cf6337be06ec6e9c9a/sky130A/libs.tech/openlane/rules.openrcx.sky130A.nom.calibre ...
[INFO RCX-0436] RC segment generation shifter (max_merge_res 50.0) ...
[INFO RCX-0040] Final 2813 rc segments
[INFO RCX-0439] Coupling Cap extraction shifter ...
[INFO RCX-0440] Coupling threshhold is 0.1000 fF, coupling capacitance less than 0.1000 fF will be grounded.
[INFO RCX-0043] 5516 wires to be extracted
[INFO RCX-0442] 53% completion -- 2963 wires have been extracted
[INFO RCX-0442] 100% completion -- 5516 wires have been extracted
[INFO RCX-0045] Extract 1036 nets, 3849 rsegs, 3849 caps, 4873 ccs
[INFO RCX-0015] Finished extracting shifter.
Setting global connections for newly added cells…
[INFO] Setting global connections...
Writing extracted parasitics to '/mnt/d/APIC/FIR_Openlane/shifter/runs/RUN_2024-06-17_07-29-35/50-openroad-rcx/nom/shifter.nom.spef'…
[INFO RCX-0016] Writing SPEF ...
[INFO RCX-0443] 1036 nets finished
[INFO RCX-0017] Finished writing SPEF ...
