
===========================================================================
report_checks -unconstrained
===========================================================================
======================= nom_ff_n40C_1v95 Corner ===================================

Startpoint: input_data[1] (input port clocked by clk)
Endpoint: _22395_ (rising edge-triggered flip-flop clocked by clk)
Path Group: clk
Path Type: max

Fanout         Cap        Slew       Delay        Time   Description
---------------------------------------------------------------------------------------------
                                  0.000000    0.000000   clock clk (rise edge)
                                  0.000000    0.000000   clock network delay (propagated)
                                  5.000000    5.000000 ^ input external delay
     1    0.003188    0.015307    0.008265    5.008265 ^ input_data[1] (in)
                                                         input_data[1] (net)
                      0.015308    0.000000    5.008265 ^ input110/A (sky130_fd_sc_hd__buf_2)
     1    0.058757    0.216796    0.182701    5.190965 ^ input110/X (sky130_fd_sc_hd__buf_2)
                                                         net110 (net)
                      0.218791    0.016817    5.207782 ^ fanout581/A (sky130_fd_sc_hd__clkbuf_8)
     9    0.128986    0.172668    0.201875    5.409657 ^ fanout581/X (sky130_fd_sc_hd__clkbuf_8)
                                                         net581 (net)
                      0.172704    0.002323    5.411980 ^ fanout580/A (sky130_fd_sc_hd__clkbuf_8)
    10    0.096220    0.131495    0.180314    5.592294 ^ fanout580/X (sky130_fd_sc_hd__clkbuf_8)
                                                         net580 (net)
                      0.131515    0.001394    5.593688 ^ fanout579/A (sky130_fd_sc_hd__buf_4)
    10    0.079052    0.165869    0.186584    5.780272 ^ fanout579/X (sky130_fd_sc_hd__buf_4)
                                                         net579 (net)
                      0.166301    0.006940    5.787213 ^ _13197_/A (sky130_fd_sc_hd__xor2_4)
     6    0.046645    0.100379    0.109655    5.896868 v _13197_/X (sky130_fd_sc_hd__xor2_4)
                                                         _02677_ (net)
                      0.100549    0.003209    5.900076 v _13346_/A2 (sky130_fd_sc_hd__a211oi_1)
     2    0.008407    0.235239    0.255292    6.155368 ^ _13346_/Y (sky130_fd_sc_hd__a211oi_1)
                                                         _02827_ (net)
                      0.235240    0.000260    6.155628 ^ _13347_/B_N (sky130_fd_sc_hd__and4bb_1)
     3    0.007674    0.045192    0.159732    6.315361 v _13347_/X (sky130_fd_sc_hd__and4bb_1)
                                                         _02829_ (net)
                      0.045193    0.000197    6.315557 v _13352_/A (sky130_fd_sc_hd__or3_1)
     2    0.003931    0.048045    0.218875    6.534432 v _13352_/X (sky130_fd_sc_hd__or3_1)
                                                         _02834_ (net)
                      0.048045    0.000095    6.534526 v _13353_/B (sky130_fd_sc_hd__and2b_1)
     2    0.011975    0.050385    0.129869    6.664395 v _13353_/X (sky130_fd_sc_hd__and2b_1)
                                                         _02835_ (net)
                      0.050390    0.000412    6.664808 v _13368_/A (sky130_fd_sc_hd__xor2_2)
     2    0.012030    0.075764    0.129598    6.794405 v _13368_/X (sky130_fd_sc_hd__xor2_2)
                                                         _02852_ (net)
                      0.075765    0.000399    6.794805 v _13377_/A (sky130_fd_sc_hd__xor2_2)
     2    0.012161    0.059869    0.138793    6.933598 v _13377_/X (sky130_fd_sc_hd__xor2_2)
                                                         _02862_ (net)
                      0.059874    0.000419    6.934017 v _13379_/B (sky130_fd_sc_hd__xnor2_2)
     2    0.014145    0.069778    0.111787    7.045804 v _13379_/Y (sky130_fd_sc_hd__xnor2_2)
                                                         _02864_ (net)
                      0.069779    0.000237    7.046041 v _13387_/A (sky130_fd_sc_hd__xnor2_1)
     2    0.007626    0.148414    0.162646    7.208686 ^ _13387_/Y (sky130_fd_sc_hd__xnor2_1)
                                                         _02873_ (net)
                      0.148414    0.000272    7.208958 ^ _13404_/B1 (sky130_fd_sc_hd__a21o_1)
     2    0.020245    0.135830    0.130032    7.338990 ^ _13404_/X (sky130_fd_sc_hd__a21o_1)
                                                         _02891_ (net)
                      0.135833    0.000478    7.339468 ^ _13405_/B1 (sky130_fd_sc_hd__o21ai_4)
     2    0.023264    0.062627    0.051346    7.390814 v _13405_/Y (sky130_fd_sc_hd__o21ai_4)
                                                         _02892_ (net)
                      0.062637    0.000608    7.391422 v _17079_/A1 (sky130_fd_sc_hd__a21o_1)
     1    0.008411    0.040641    0.124426    7.515849 v _17079_/X (sky130_fd_sc_hd__a21o_1)
                                                         _06933_ (net)
                      0.040644    0.000321    7.516169 v _17080_/A2 (sky130_fd_sc_hd__a21oi_1)
     2    0.010026    0.174111    0.170070    7.686239 ^ _17080_/Y (sky130_fd_sc_hd__a21oi_1)
                                                         _06934_ (net)
                      0.174113    0.000546    7.686786 ^ _17081_/B (sky130_fd_sc_hd__or2_2)
     3    0.022236    0.092145    0.141505    7.828291 ^ _17081_/X (sky130_fd_sc_hd__or2_2)
                                                         _06935_ (net)
                      0.092150    0.000512    7.828803 ^ _17083_/A (sky130_fd_sc_hd__nand2_4)
     4    0.064847    0.098878    0.090236    7.919039 v _17083_/Y (sky130_fd_sc_hd__nand2_4)
                                                         _06937_ (net)
                      0.101568    0.012871    7.931911 v _17093_/A (sky130_fd_sc_hd__xnor2_1)
     2    0.005358    0.055490    0.115917    8.047828 v _17093_/Y (sky130_fd_sc_hd__xnor2_1)
                                                         _06948_ (net)
                      0.055491    0.000139    8.047967 v _17094_/B (sky130_fd_sc_hd__or2_2)
     3    0.019850    0.067159    0.205521    8.253488 v _17094_/X (sky130_fd_sc_hd__or2_2)
                                                         _06949_ (net)
                      0.067167    0.000554    8.254042 v _17097_/A1 (sky130_fd_sc_hd__a211oi_4)
     1    0.046814    0.400923    0.361269    8.615312 ^ _17097_/Y (sky130_fd_sc_hd__a211oi_4)
                                                         _06953_ (net)
                      0.401182    0.008160    8.623471 ^ wire245/A (sky130_fd_sc_hd__buf_2)
     2    0.053161    0.195993    0.221645    8.845116 ^ wire245/X (sky130_fd_sc_hd__buf_2)
                                                         net245 (net)
                      0.196475    0.007944    8.853060 ^ _17098_/C (sky130_fd_sc_hd__nor3_1)
     2    0.007232    0.072035    0.052231    8.905291 v _17098_/Y (sky130_fd_sc_hd__nor3_1)
                                                         _06954_ (net)
                      0.072035    0.000116    8.905407 v max_cap241/A (sky130_fd_sc_hd__buf_1)
     2    0.007918    0.037380    0.088622    8.994029 v max_cap241/X (sky130_fd_sc_hd__buf_1)
                                                         net241 (net)
                      0.037382    0.000195    8.994225 v _17100_/B1 (sky130_fd_sc_hd__a211o_1)
     3    0.023967    0.098279    0.186583    9.180807 v _17100_/X (sky130_fd_sc_hd__a211o_1)
                                                         _06956_ (net)
                      0.098323    0.001765    9.182572 v _17103_/B1 (sky130_fd_sc_hd__a22o_1)
     2    0.005929    0.036528    0.118556    9.301128 v _17103_/X (sky130_fd_sc_hd__a22o_1)
                                                         _06959_ (net)
                      0.036529    0.000168    9.301296 v _17105_/A2 (sky130_fd_sc_hd__a211oi_1)
     2    0.008448    0.235981    0.234859    9.536156 ^ _17105_/Y (sky130_fd_sc_hd__a211oi_1)
                                                         _06961_ (net)
                      0.235982    0.000304    9.536459 ^ _17106_/C (sky130_fd_sc_hd__nor3_1)
     2    0.005540    0.063231    0.043994    9.580453 v _17106_/Y (sky130_fd_sc_hd__nor3_1)
                                                         _06962_ (net)
                      0.063231    0.000110    9.580564 v max_cap238/A (sky130_fd_sc_hd__buf_1)
     2    0.007629    0.036112    0.084600    9.665163 v max_cap238/X (sky130_fd_sc_hd__buf_1)
                                                         net238 (net)
                      0.036114    0.000200    9.665363 v _17108_/B1 (sky130_fd_sc_hd__a211o_1)
     3    0.009495    0.056376    0.146966    9.812329 v _17108_/X (sky130_fd_sc_hd__a211o_1)
                                                         _06965_ (net)
                      0.056377    0.000204    9.812533 v _17111_/A1 (sky130_fd_sc_hd__a211o_1)
     3    0.010860    0.059145    0.193626   10.006159 v _17111_/X (sky130_fd_sc_hd__a211o_1)
                                                         _06968_ (net)
                      0.059147    0.000237   10.006396 v _17113_/B (sky130_fd_sc_hd__and3_1)
     2    0.008422    0.044040    0.130586   10.136982 v _17113_/X (sky130_fd_sc_hd__and3_1)
                                                         _06970_ (net)
                      0.044042    0.000242   10.137225 v _17116_/B1 (sky130_fd_sc_hd__a211o_4)
     3    0.057585    0.091780    0.208398   10.345622 v _17116_/X (sky130_fd_sc_hd__a211o_4)
                                                         _06973_ (net)
                      0.091817    0.001574   10.347197 v _18257_/A2 (sky130_fd_sc_hd__a21o_1)
     3    0.008583    0.041173    0.150417   10.497613 v _18257_/X (sky130_fd_sc_hd__a21o_1)
                                                         _08228_ (net)
                      0.041175    0.000208   10.497821 v _19506_/A2 (sky130_fd_sc_hd__a21oi_1)
     3    0.009554    0.167550    0.165604   10.663425 ^ _19506_/Y (sky130_fd_sc_hd__a21oi_1)
                                                         _09600_ (net)
                      0.167551    0.000244   10.663670 ^ _21134_/A2 (sky130_fd_sc_hd__o21ai_1)
     3    0.008387    0.060370    0.068993   10.732662 v _21134_/Y (sky130_fd_sc_hd__o21ai_1)
                                                         _00211_ (net)
                      0.060371    0.000163   10.732824 v _21911_/B (sky130_fd_sc_hd__and3_1)
     1    0.001874    0.024581    0.107032   10.839856 v _21911_/X (sky130_fd_sc_hd__and3_1)
                                                         _01065_ (net)
                      0.024581    0.000052   10.839908 v _21913_/B (sky130_fd_sc_hd__or3_2)
     1    0.045348    0.128237    0.353015   11.192923 v _21913_/X (sky130_fd_sc_hd__or3_2)
                                                         _01067_ (net)
                      0.128773    0.006443   11.199366 v _21914_/A3 (sky130_fd_sc_hd__a31o_1)
     1    0.029946    0.104577    0.247890   11.447255 v _21914_/X (sky130_fd_sc_hd__a31o_1)
                                                         _01068_ (net)
                      0.104734    0.003332   11.450586 v _22033_/A2 (sky130_fd_sc_hd__o21a_2)
     1    0.040751    0.086392    0.207844   11.658430 v _22033_/X (sky130_fd_sc_hd__o21a_2)
                                                         _01199_ (net)
                      0.086944    0.005678   11.664108 v _22196_/A1 (sky130_fd_sc_hd__o22a_1)
     1    0.005695    0.035563    0.151342   11.815451 v _22196_/X (sky130_fd_sc_hd__o22a_1)
                                                         _01378_ (net)
                      0.035566    0.000228   11.815679 v _22243_/A2 (sky130_fd_sc_hd__o21ba_1)
     1    0.002818    0.025685    0.102863   11.918541 v _22243_/X (sky130_fd_sc_hd__o21ba_1)
                                                         _01430_ (net)
                      0.025686    0.000082   11.918623 v _22245_/B1 (sky130_fd_sc_hd__o32a_1)
     1    0.002568    0.036453    0.096469   12.015092 v _22245_/X (sky130_fd_sc_hd__o32a_1)
                                                         _00005_ (net)
                      0.036453    0.000057   12.015149 v _22395_/D (sky130_fd_sc_hd__dfxtp_4)
                                             12.015149   data arrival time

                                 25.000000   25.000000   clock clk (rise edge)
                                  0.000000   25.000000   clock source latency
     1    0.102624    0.348747    0.257360   25.257360 ^ clk (in)
                                                         clk (net)
                      0.355422    0.000000   25.257360 ^ clkbuf_0_clk/A (sky130_fd_sc_hd__clkbuf_16)
     2    0.030644    0.046276    0.140540   25.397900 ^ clkbuf_0_clk/X (sky130_fd_sc_hd__clkbuf_16)
                                                         clknet_0_clk (net)
                      0.046323    0.001094   25.398994 ^ clkbuf_1_0__f_clk/A (sky130_fd_sc_hd__clkbuf_16)
     9    0.037646    0.043385    0.099364   25.498358 ^ clkbuf_1_0__f_clk/X (sky130_fd_sc_hd__clkbuf_16)
                                                         clknet_1_0__leaf_clk (net)
                      0.043619    0.002371   25.500729 ^ _22395_/CLK (sky130_fd_sc_hd__dfxtp_4)
                                 -0.250000   25.250731   clock uncertainty
                                  0.000000   25.250731   clock reconvergence pessimism
                                 -0.070599   25.180130   library setup time
                                             25.180130   data required time
---------------------------------------------------------------------------------------------
                                             25.180130   data required time
                                            -12.015149   data arrival time
---------------------------------------------------------------------------------------------
                                             13.164982   slack (MET)




===========================================================================
report_checks --slack_max -0.01
============================================================================
======================= nom_ff_n40C_1v95 Corner ===================================

No paths found.


===========================================================================
 report_check_types -max_slew -max_cap -max_fanout -violators
============================================================================
======================= nom_ff_n40C_1v95 Corner ===================================

max fanout

Pin                                   Limit Fanout  Slack
---------------------------------------------------------
_13529_/Y                                10     23    -13 (VIOLATED)
_13718_/Y                                10     21    -11 (VIOLATED)
fanout568/X                              10     15     -5 (VIOLATED)
_22260_/Y                                10     13     -3 (VIOLATED)
fanout507/X                              10     13     -3 (VIOLATED)



===========================================================================
report_parasitic_annotation -report_unannotated
============================================================================
Found 23 unannotated drivers.
 input_data[127]
 input_data[191]
 input_data[207]
 input_data[208]
 input_data[209]
 input_data[210]
 input_data[211]
 input_data[212]
 input_data[213]
 input_data[214]
 input_data[215]
 input_data[216]
 input_data[217]
 input_data[218]
 input_data[219]
 input_data[220]
 input_data[221]
 input_data[222]
 input_data[223]
 input_data[238]
 input_data[239]
 input_data[63]
 input_data[79]
Found 0 partially unannotated drivers.

===========================================================================
max slew violation count 0
max fanout violation count 5
max cap violation count 0
============================================================================

===========================================================================
check_setup -verbose -unconstrained_endpoints -multiple_clock -no_clock -no_input_delay -loops -generated_clocks
===========================================================================
