
===========================================================================
report_checks -unconstrained
===========================================================================
======================= max_ff_n40C_1v95 Corner ===================================

Startpoint: reset (input port clocked by clk)
Endpoint: _497_ (recovery check against rising-edge clock clk)
Path Group: asynchronous
Path Type: max

Fanout         Cap        Slew       Delay        Time   Description
---------------------------------------------------------------------------------------------
                                  0.000000    0.000000   clock clk (rise edge)
                                  0.000000    0.000000   clock network delay (propagated)
                                  5.000000    5.000000 v input external delay
     1    0.002650    0.004496    0.002183    5.002183 v reset (in)
                                                         reset (net)
                      0.004501    0.000000    5.002183 v input17/A (sky130_fd_sc_hd__clkbuf_1)
     1    0.005600    0.028226    0.055431    5.057614 v input17/X (sky130_fd_sc_hd__clkbuf_1)
                                                         net17 (net)
                      0.028235    0.000429    5.058043 v fanout288/A (sky130_fd_sc_hd__buf_4)
     8    0.089096    0.085099    0.140419    5.198462 v fanout288/X (sky130_fd_sc_hd__buf_4)
                                                         net288 (net)
                      0.085503    0.004929    5.203391 v fanout261/A (sky130_fd_sc_hd__buf_2)
     5    0.036868    0.067502    0.141214    5.344604 v fanout261/X (sky130_fd_sc_hd__buf_2)
                                                         net261 (net)
                      0.067600    0.002155    5.346760 v fanout259/A (sky130_fd_sc_hd__buf_4)
    10    0.059819    0.066337    0.139752    5.486511 v fanout259/X (sky130_fd_sc_hd__buf_4)
                                                         net259 (net)
                      0.066476    0.002603    5.489115 v fanout258/A (sky130_fd_sc_hd__buf_4)
    10    0.058462    0.063586    0.141678    5.630793 v fanout258/X (sky130_fd_sc_hd__buf_4)
                                                         net258 (net)
                      0.064026    0.004341    5.635134 v _302_/A (sky130_fd_sc_hd__inv_2)
     1    0.004290    0.026857    0.043062    5.678196 ^ _302_/Y (sky130_fd_sc_hd__inv_2)
                                                         _017_ (net)
                      0.026860    0.000226    5.678422 ^ _497_/RESET_B (sky130_fd_sc_hd__dfrtp_1)
                                              5.678422   data arrival time

                                 25.000000   25.000000   clock clk (rise edge)
                                  0.000000   25.000000   clock source latency
     1    0.034348    0.119549    0.084553   25.084553 ^ clk (in)
                                                         clk (net)
                      0.119849    0.000000   25.084553 ^ clkbuf_0_clk/A (sky130_fd_sc_hd__clkbuf_16)
     2    0.032127    0.040487    0.116270   25.200821 ^ clkbuf_0_clk/X (sky130_fd_sc_hd__clkbuf_16)
                                                         clknet_0_clk (net)
                      0.040542    0.001533   25.202354 ^ clkbuf_1_0__f_clk/A (sky130_fd_sc_hd__clkbuf_16)
    13    0.117930    0.103410    0.133589   25.335943 ^ clkbuf_1_0__f_clk/X (sky130_fd_sc_hd__clkbuf_16)
                                                         clknet_1_0__leaf_clk (net)
                      0.104652    0.009116   25.345060 ^ clkbuf_leaf_21_clk/A (sky130_fd_sc_hd__clkbuf_8)
    10    0.036158    0.057236    0.122808   25.467869 ^ clkbuf_leaf_21_clk/X (sky130_fd_sc_hd__clkbuf_8)
                                                         clknet_leaf_21_clk (net)
                      0.057297    0.001483   25.469353 ^ _497_/CLK (sky130_fd_sc_hd__dfrtp_1)
                                 -0.250000   25.219353   clock uncertainty
                                  0.000000   25.219353   clock reconvergence pessimism
                                  0.148360   25.367712   library recovery time
                                             25.367712   data required time
---------------------------------------------------------------------------------------------
                                             25.367712   data required time
                                             -5.678422   data arrival time
---------------------------------------------------------------------------------------------
                                             19.689289   slack (MET)


Startpoint: _493_ (rising edge-triggered flip-flop clocked by clk)
Endpoint: output_ai[31] (output port clocked by clk)
Path Group: clk
Path Type: max

Fanout         Cap        Slew       Delay        Time   Description
---------------------------------------------------------------------------------------------
                                  0.000000    0.000000   clock clk (rise edge)
                                  0.000000    0.000000   clock source latency
     1    0.034348    0.119549    0.084553    0.084553 ^ clk (in)
                                                         clk (net)
                      0.119849    0.000000    0.084553 ^ clkbuf_0_clk/A (sky130_fd_sc_hd__clkbuf_16)
     2    0.032127    0.040487    0.116271    0.200823 ^ clkbuf_0_clk/X (sky130_fd_sc_hd__clkbuf_16)
                                                         clknet_0_clk (net)
                      0.040542    0.001533    0.202356 ^ clkbuf_1_0__f_clk/A (sky130_fd_sc_hd__clkbuf_16)
    13    0.117930    0.103410    0.133589    0.335945 ^ clkbuf_1_0__f_clk/X (sky130_fd_sc_hd__clkbuf_16)
                                                         clknet_1_0__leaf_clk (net)
                      0.106597    0.014202    0.350147 ^ clkbuf_leaf_4_clk/A (sky130_fd_sc_hd__clkbuf_8)
    14    0.051721    0.076153    0.136920    0.487067 ^ clkbuf_leaf_4_clk/X (sky130_fd_sc_hd__clkbuf_8)
                                                         clknet_leaf_4_clk (net)
                      0.076209    0.001713    0.488779 ^ _493_/CLK (sky130_fd_sc_hd__dfrtp_1)
     2    0.027997    0.188157    0.325450    0.814230 ^ _493_/Q (sky130_fd_sc_hd__dfrtp_1)
                                                         net182 (net)
                      0.188190    0.002070    0.816300 ^ output182/A (sky130_fd_sc_hd__buf_2)
     1    0.036562    0.136179    0.171339    0.987638 ^ output182/X (sky130_fd_sc_hd__buf_2)
                                                         output_ai[31] (net)
                      0.136227    0.002100    0.989738 ^ output_ai[31] (out)
                                              0.989738   data arrival time

                                 25.000000   25.000000   clock clk (rise edge)
                                  0.000000   25.000000   clock network delay (propagated)
                                 -0.250000   24.750000   clock uncertainty
                                  0.000000   24.750000   clock reconvergence pessimism
                                 -5.000000   19.750000   output external delay
                                             19.750000   data required time
---------------------------------------------------------------------------------------------
                                             19.750000   data required time
                                             -0.989738   data arrival time
---------------------------------------------------------------------------------------------
                                             18.760262   slack (MET)




===========================================================================
report_checks --slack_max -0.01
============================================================================
======================= max_ff_n40C_1v95 Corner ===================================

No paths found.


===========================================================================
 report_check_types -max_slew -max_cap -max_fanout -violators
============================================================================
======================= max_ff_n40C_1v95 Corner ===================================

max fanout

Pin                                   Limit Fanout  Slack
---------------------------------------------------------
clkbuf_leaf_13_clk/X                     10     17     -7 (VIOLATED)
clkbuf_leaf_8_clk/X                      10     16     -6 (VIOLATED)
clkbuf_leaf_19_clk/X                     10     15     -5 (VIOLATED)
clkbuf_leaf_20_clk/X                     10     15     -5 (VIOLATED)
clkbuf_leaf_0_clk/X                      10     14     -4 (VIOLATED)
clkbuf_leaf_15_clk/X                     10     14     -4 (VIOLATED)
clkbuf_leaf_4_clk/X                      10     14     -4 (VIOLATED)
clkbuf_1_0__f_clk/X                      10     13     -3 (VIOLATED)
clkbuf_leaf_11_clk/X                     10     13     -3 (VIOLATED)
clkbuf_leaf_12_clk/X                     10     11        (VIOLATED)



===========================================================================
report_parasitic_annotation -report_unannotated
============================================================================
Found 0 unannotated drivers.
Found 0 partially unannotated drivers.

===========================================================================
max slew violation count 0
max fanout violation count 10
max cap violation count 0
============================================================================

===========================================================================
check_setup -verbose -unconstrained_endpoints -multiple_clock -no_clock -no_input_delay -loops -generated_clocks
===========================================================================
