
===========================================================================
report_checks -unconstrained
===========================================================================
======================= min_ff_n40C_1v95 Corner ===================================

Startpoint: reset (input port clocked by clk)
Endpoint: _498_ (recovery check against rising-edge clock clk)
Path Group: asynchronous
Path Type: max

Fanout         Cap        Slew       Delay        Time   Description
---------------------------------------------------------------------------------------------
                                  0.000000    0.000000   clock clk (rise edge)
                                  0.000000    0.000000   clock network delay (propagated)
                                  5.000000    5.000000 v input external delay
     2    0.003461    0.005702    0.002837    5.002837 v reset (in)
                                                         reset (net)
                      0.005702    0.000000    5.002837 v input17/A (sky130_fd_sc_hd__buf_2)
     2    0.037576    0.068580    0.110030    5.112868 v input17/X (sky130_fd_sc_hd__buf_2)
                                                         net17 (net)
                      0.069341    0.005837    5.118704 v fanout293/A (sky130_fd_sc_hd__buf_6)
    16    0.107211    0.070387    0.129113    5.247817 v fanout293/X (sky130_fd_sc_hd__buf_6)
                                                         net293 (net)
                      0.070389    0.000416    5.248233 v fanout267/A (sky130_fd_sc_hd__buf_4)
    18    0.069105    0.068072    0.152447    5.400679 v fanout267/X (sky130_fd_sc_hd__buf_4)
                                                         net267 (net)
                      0.068366    0.003570    5.404249 v fanout266/A (sky130_fd_sc_hd__buf_4)
    18    0.060155    0.064402    0.144755    5.549004 v fanout266/X (sky130_fd_sc_hd__buf_4)
                                                         net266 (net)
                      0.064629    0.003171    5.552176 v fanout265/A (sky130_fd_sc_hd__buf_4)
    20    0.068511    0.067541    0.149799    5.701974 v fanout265/X (sky130_fd_sc_hd__buf_4)
                                                         net265 (net)
                      0.067612    0.001824    5.703799 v _303_/A (sky130_fd_sc_hd__inv_2)
     1    0.003990    0.026711    0.043100    5.746899 ^ _303_/Y (sky130_fd_sc_hd__inv_2)
                                                         _018_ (net)
                      0.026711    0.000029    5.746928 ^ _498_/RESET_B (sky130_fd_sc_hd__dfrtp_1)
                                              5.746928   data arrival time

                                 25.000000   25.000000   clock clk (rise edge)
                                  0.000000   25.000000   clock source latency
     2    0.074714    0.252478    0.181014   25.181013 ^ clk (in)
                                                         clk (net)
                      0.252906    0.000000   25.181013 ^ clkbuf_0_clk/A (sky130_fd_sc_hd__clkbuf_16)
     4    0.050545    0.056752    0.144903   25.325916 ^ clkbuf_0_clk/X (sky130_fd_sc_hd__clkbuf_16)
                                                         clknet_0_clk (net)
                      0.056942    0.002478   25.328394 ^ clkbuf_1_0__f_clk/A (sky130_fd_sc_hd__clkbuf_16)
    16    0.098919    0.088231    0.134440   25.462833 ^ clkbuf_1_0__f_clk/X (sky130_fd_sc_hd__clkbuf_16)
                                                         clknet_1_0__leaf_clk (net)
                      0.089055    0.006779   25.469612 ^ clkbuf_leaf_13_clk/A (sky130_fd_sc_hd__clkbuf_8)
     9    0.033755    0.054082    0.117009   25.586622 ^ clkbuf_leaf_13_clk/X (sky130_fd_sc_hd__clkbuf_8)
                                                         clknet_leaf_13_clk (net)
                      0.054092    0.000572   25.587194 ^ _498_/CLK (sky130_fd_sc_hd__dfrtp_1)
                                 -0.250000   25.337194   clock uncertainty
                                  0.000000   25.337194   clock reconvergence pessimism
                                  0.147910   25.485104   library recovery time
                                             25.485104   data required time
---------------------------------------------------------------------------------------------
                                             25.485104   data required time
                                             -5.746928   data arrival time
---------------------------------------------------------------------------------------------
                                             19.738176   slack (MET)


Startpoint: _706_ (rising edge-triggered flip-flop clocked by clk)
Endpoint: output_ai[4] (output port clocked by clk)
Path Group: clk
Path Type: max

Fanout         Cap        Slew       Delay        Time   Description
---------------------------------------------------------------------------------------------
                                  0.000000    0.000000   clock clk (rise edge)
                                  0.000000    0.000000   clock source latency
     2    0.074714    0.252478    0.181014    0.181014 ^ clk (in)
                                                         clk (net)
                      0.252906    0.000000    0.181014 ^ clkbuf_0_clk/A (sky130_fd_sc_hd__clkbuf_16)
     4    0.050545    0.056752    0.144903    0.325917 ^ clkbuf_0_clk/X (sky130_fd_sc_hd__clkbuf_16)
                                                         clknet_0_clk (net)
                      0.056942    0.002477    0.328394 ^ clkbuf_1_0__f_clk/A (sky130_fd_sc_hd__clkbuf_16)
    16    0.098919    0.088231    0.134442    0.462836 ^ clkbuf_1_0__f_clk/X (sky130_fd_sc_hd__clkbuf_16)
                                                         clknet_1_0__leaf_clk (net)
                      0.088895    0.006097    0.468933 ^ clkbuf_leaf_2_clk/A (sky130_fd_sc_hd__clkbuf_8)
    26    0.070766    0.099040    0.149386    0.618319 ^ clkbuf_leaf_2_clk/X (sky130_fd_sc_hd__clkbuf_8)
                                                         clknet_leaf_2_clk (net)
                      0.099158    0.002784    0.621102 ^ _706_/CLK (sky130_fd_sc_hd__dfrtp_4)
     4    0.038208    0.074741    0.350583    0.971685 v _706_/Q (sky130_fd_sc_hd__dfrtp_4)
                                                         net202 (net)
                      0.074993    0.003498    0.975183 v output202/A (sky130_fd_sc_hd__clkbuf_4)
     1    0.034327    0.056575    0.141640    1.116823 v output202/X (sky130_fd_sc_hd__clkbuf_4)
                                                         output_ai[4] (net)
                      0.056578    0.000364    1.117187 v output_ai[4] (out)
                                              1.117187   data arrival time

                                 25.000000   25.000000   clock clk (rise edge)
                                  0.000000   25.000000   clock network delay (propagated)
                                 -0.250000   24.750000   clock uncertainty
                                  0.000000   24.750000   clock reconvergence pessimism
                                 -5.000000   19.750000   output external delay
                                             19.750000   data required time
---------------------------------------------------------------------------------------------
                                             19.750000   data required time
                                             -1.117187   data arrival time
---------------------------------------------------------------------------------------------
                                             18.632812   slack (MET)




===========================================================================
report_checks --slack_max -0.01
============================================================================
======================= min_ff_n40C_1v95 Corner ===================================

No paths found.


===========================================================================
 report_check_types -max_slew -max_cap -max_fanout -violators
============================================================================
======================= min_ff_n40C_1v95 Corner ===================================

max fanout

Pin                                   Limit Fanout  Slack
---------------------------------------------------------
clkbuf_leaf_0_clk/X                      10     50    -40 (VIOLATED)
clkbuf_leaf_4_clk/X                      10     48    -38 (VIOLATED)
clkbuf_leaf_6_clk/X                      10     44    -34 (VIOLATED)
clkbuf_leaf_7_clk/X                      10     42    -32 (VIOLATED)
clkbuf_leaf_12_clk/X                     10     40    -30 (VIOLATED)
clkbuf_leaf_8_clk/X                      10     40    -30 (VIOLATED)
clkbuf_leaf_11_clk/X                     10     38    -28 (VIOLATED)
clkbuf_leaf_5_clk/X                      10     38    -28 (VIOLATED)
clkbuf_leaf_1_clk/X                      10     34    -24 (VIOLATED)
clkbuf_leaf_9_clk/X                      10     32    -22 (VIOLATED)
clkbuf_leaf_2_clk/X                      10     26    -16 (VIOLATED)
clkbuf_leaf_10_clk/X                     10     24    -14 (VIOLATED)
fanout265/X                              10     20    -10 (VIOLATED)
fanout268/X                              10     20    -10 (VIOLATED)
fanout276/X                              10     20    -10 (VIOLATED)
fanout278/X                              10     20    -10 (VIOLATED)
fanout280/X                              10     20    -10 (VIOLATED)
fanout286/X                              10     20    -10 (VIOLATED)
fanout287/X                              10     20    -10 (VIOLATED)
fanout288/X                              10     20    -10 (VIOLATED)
fanout289/X                              10     20    -10 (VIOLATED)
fanout266/X                              10     18     -8 (VIOLATED)
fanout267/X                              10     18     -8 (VIOLATED)
fanout272/X                              10     18     -8 (VIOLATED)
fanout275/X                              10     18     -8 (VIOLATED)
clkbuf_1_0__f_clk/X                      10     16     -6 (VIOLATED)
fanout292/X                              10     16     -6 (VIOLATED)
fanout293/X                              10     16     -6 (VIOLATED)
fanout279/X                              10     14     -4 (VIOLATED)
input1/X                                 10     14     -4 (VIOLATED)
clkbuf_1_1__f_clk/X                      10     12     -2 (VIOLATED)
input10/X                                10     11        (VIOLATED)
input11/X                                10     11        (VIOLATED)
input8/X                                 10     11        (VIOLATED)
input9/X                                 10     11        (VIOLATED)



===========================================================================
report_parasitic_annotation -report_unannotated
============================================================================
Found 0 unannotated drivers.
Found 0 partially unannotated drivers.

===========================================================================
max slew violation count 0
max fanout violation count 35
max cap violation count 0
============================================================================

===========================================================================
check_setup -verbose -unconstrained_endpoints -multiple_clock -no_clock -no_input_delay -loops -generated_clocks
===========================================================================
