
===========================================================================
report_checks -path_delay min (Hold)
============================================================================
======================= nom_ff_n40C_1v95 Corner ===================================

Startpoint: tap[0] (input port clocked by clk)
Endpoint: _22395_ (rising edge-triggered flip-flop clocked by clk)
Path Group: clk
Path Type: min

Fanout         Cap        Slew       Delay        Time   Description
---------------------------------------------------------------------------------------------
                                  0.000000    0.000000   clock clk (rise edge)
                                  0.000000    0.000000   clock network delay (propagated)
                                  5.000000    5.000000 ^ input external delay
     2    0.003996    0.018203    0.010377    5.010377 ^ tap[0] (in)
                                                         tap[0] (net)
                      0.018204    0.000000    5.010377 ^ input218/A (sky130_fd_sc_hd__clkbuf_4)
     4    0.063343    0.147065    0.159304    5.169681 ^ input218/X (sky130_fd_sc_hd__clkbuf_4)
                                                         net218 (net)
                      0.149746    0.015777    5.185459 ^ _22245_/A2 (sky130_fd_sc_hd__o32a_1)
     1    0.002486    0.028829    0.093505    5.278963 ^ _22245_/X (sky130_fd_sc_hd__o32a_1)
                                                         _00005_ (net)
                      0.028830    0.000075    5.279038 ^ _22395_/D (sky130_fd_sc_hd__dfxtp_4)
                                              5.279038   data arrival time

                                  0.000000    0.000000   clock clk (rise edge)
                                  0.000000    0.000000   clock source latency
     2    0.097610    0.331431    0.242413    0.242413 ^ clk (in)
                                                         clk (net)
                      0.335712    0.000000    0.242413 ^ clkbuf_0_clk/A (sky130_fd_sc_hd__clkbuf_16)
     2    0.029280    0.044901    0.138749    0.381162 ^ clkbuf_0_clk/X (sky130_fd_sc_hd__clkbuf_16)
                                                         clknet_0_clk (net)
                      0.044956    0.001199    0.382361 ^ clkbuf_1_1__f_clk/A (sky130_fd_sc_hd__clkbuf_16)
    18    0.050165    0.052350    0.105513    0.487874 ^ clkbuf_1_1__f_clk/X (sky130_fd_sc_hd__clkbuf_16)
                                                         clknet_1_1__leaf_clk (net)
                      0.052495    0.002114    0.489988 ^ _22395_/CLK (sky130_fd_sc_hd__dfxtp_4)
                                  0.250000    0.739988   clock uncertainty
                                  0.000000    0.739988   clock reconvergence pessimism
                                 -0.015668    0.724320   library hold time
                                              0.724320   data required time
---------------------------------------------------------------------------------------------
                                              0.724320   data required time
                                             -5.279038   data arrival time
---------------------------------------------------------------------------------------------
                                              4.554718   slack (MET)


Startpoint: input_data[2] (input port clocked by clk)
Endpoint: _22392_ (rising edge-triggered flip-flop clocked by clk)
Path Group: clk
Path Type: min

Fanout         Cap        Slew       Delay        Time   Description
---------------------------------------------------------------------------------------------
                                  0.000000    0.000000   clock clk (rise edge)
                                  0.000000    0.000000   clock network delay (propagated)
                                  5.000000    5.000000 v input external delay
     2    0.004860    0.007993    0.004111    5.004111 v input_data[2] (in)
                                                         input_data[2] (net)
                      0.007995    0.000000    5.004111 v input142/A (sky130_fd_sc_hd__buf_4)
     4    0.104711    0.096900    0.128809    5.132920 v input142/X (sky130_fd_sc_hd__buf_4)
                                                         net142 (net)
                      0.120721    0.036823    5.169744 v _18950_/A1 (sky130_fd_sc_hd__a22o_1)
     1    0.004430    0.028229    0.143298    5.313042 v _18950_/X (sky130_fd_sc_hd__a22o_1)
                                                         _00002_ (net)
                      0.028230    0.000157    5.313199 v _22392_/D (sky130_fd_sc_hd__dfxtp_2)
                                              5.313199   data arrival time

                                  0.000000    0.000000   clock clk (rise edge)
                                  0.000000    0.000000   clock source latency
     2    0.097610    0.331431    0.242413    0.242413 ^ clk (in)
                                                         clk (net)
                      0.335712    0.000000    0.242413 ^ clkbuf_0_clk/A (sky130_fd_sc_hd__clkbuf_16)
     2    0.029280    0.044901    0.138749    0.381162 ^ clkbuf_0_clk/X (sky130_fd_sc_hd__clkbuf_16)
                                                         clknet_0_clk (net)
                      0.044956    0.001199    0.382361 ^ clkbuf_1_1__f_clk/A (sky130_fd_sc_hd__clkbuf_16)
    18    0.050165    0.052350    0.105513    0.487874 ^ clkbuf_1_1__f_clk/X (sky130_fd_sc_hd__clkbuf_16)
                                                         clknet_1_1__leaf_clk (net)
                      0.052617    0.002897    0.490771 ^ _22392_/CLK (sky130_fd_sc_hd__dfxtp_2)
                                  0.250000    0.740771   clock uncertainty
                                  0.000000    0.740771   clock reconvergence pessimism
                                 -0.031612    0.709159   library hold time
                                              0.709159   data required time
---------------------------------------------------------------------------------------------
                                              0.709159   data required time
                                             -5.313199   data arrival time
---------------------------------------------------------------------------------------------
                                              4.604041   slack (MET)


Startpoint: input_data[0] (input port clocked by clk)
Endpoint: _22396_ (rising edge-triggered flip-flop clocked by clk)
Path Group: clk
Path Type: min

Fanout         Cap        Slew       Delay        Time   Description
---------------------------------------------------------------------------------------------
                                  0.000000    0.000000   clock clk (rise edge)
                                  0.000000    0.000000   clock network delay (propagated)
                                  5.000000    5.000000 ^ input external delay
     2    0.006523    0.026794    0.016681    5.016682 ^ input_data[0] (in)
                                                         input_data[0] (net)
                      0.026795    0.000000    5.016682 ^ input1/A (sky130_fd_sc_hd__clkbuf_8)
     4    0.113546    0.152038    0.148835    5.165516 ^ input1/X (sky130_fd_sc_hd__clkbuf_8)
                                                         net1 (net)
                      0.167905    0.037505    5.203021 ^ _22247_/B (sky130_fd_sc_hd__or2_1)
     1    0.003593    0.035841    0.080122    5.283143 ^ _22247_/X (sky130_fd_sc_hd__or2_1)
                                                         _01434_ (net)
                      0.035841    0.000106    5.283249 ^ _22252_/A3 (sky130_fd_sc_hd__a31o_1)
     1    0.005328    0.044436    0.092645    5.375895 ^ _22252_/X (sky130_fd_sc_hd__a31o_1)
                                                         _00006_ (net)
                      0.044437    0.000187    5.376082 ^ _22396_/D (sky130_fd_sc_hd__dfxtp_4)
                                              5.376082   data arrival time

                                  0.000000    0.000000   clock clk (rise edge)
                                  0.000000    0.000000   clock source latency
     2    0.097610    0.331431    0.242413    0.242413 ^ clk (in)
                                                         clk (net)
                      0.335712    0.000000    0.242413 ^ clkbuf_0_clk/A (sky130_fd_sc_hd__clkbuf_16)
     2    0.029280    0.044901    0.138749    0.381162 ^ clkbuf_0_clk/X (sky130_fd_sc_hd__clkbuf_16)
                                                         clknet_0_clk (net)
                      0.044963    0.001274    0.382436 ^ clkbuf_1_0__f_clk/A (sky130_fd_sc_hd__clkbuf_16)
    14    0.058701    0.058574    0.110401    0.492838 ^ clkbuf_1_0__f_clk/X (sky130_fd_sc_hd__clkbuf_16)
                                                         clknet_1_0__leaf_clk (net)
                      0.058679    0.001955    0.494793 ^ _22396_/CLK (sky130_fd_sc_hd__dfxtp_4)
                                  0.250000    0.744793   clock uncertainty
                                  0.000000    0.744793   clock reconvergence pessimism
                                 -0.016686    0.728107   library hold time
                                              0.728107   data required time
---------------------------------------------------------------------------------------------
                                              0.728107   data required time
                                             -5.376082   data arrival time
---------------------------------------------------------------------------------------------
                                              4.647974   slack (MET)


Startpoint: tap[2] (input port clocked by clk)
Endpoint: _22393_ (rising edge-triggered flip-flop clocked by clk)
Path Group: clk
Path Type: min

Fanout         Cap        Slew       Delay        Time   Description
---------------------------------------------------------------------------------------------
                                  0.000000    0.000000   clock clk (rise edge)
                                  0.000000    0.000000   clock network delay (propagated)
                                  5.000000    5.000000 v input external delay
     2    0.006161    0.010109    0.005573    5.005573 v tap[2] (in)
                                                         tap[2] (net)
                      0.010111    0.000000    5.005573 v input220/A (sky130_fd_sc_hd__buf_6)
    16    0.137645    0.084482    0.100619    5.106192 v input220/X (sky130_fd_sc_hd__buf_6)
                                                         net220 (net)
                      0.130495    0.050490    5.156682 v _16073_/B (sky130_fd_sc_hd__nand2b_4)
     8    0.043867    0.103912    0.142254    5.298936 ^ _16073_/Y (sky130_fd_sc_hd__nand2b_4)
                                                         _05827_ (net)
                      0.103946    0.001541    5.300478 ^ _20160_/A1 (sky130_fd_sc_hd__a211o_1)
     1    0.004598    0.037280    0.088930    5.389407 ^ _20160_/X (sky130_fd_sc_hd__a211o_1)
                                                         _10320_ (net)
                      0.037281    0.000160    5.389567 ^ _20202_/B1 (sky130_fd_sc_hd__a221o_1)
     1    0.003933    0.035945    0.079039    5.468607 ^ _20202_/X (sky130_fd_sc_hd__a221o_1)
                                                         _00003_ (net)
                      0.035946    0.000138    5.468745 ^ _22393_/D (sky130_fd_sc_hd__dfxtp_4)
                                              5.468745   data arrival time

                                  0.000000    0.000000   clock clk (rise edge)
                                  0.000000    0.000000   clock source latency
     2    0.097610    0.331431    0.242413    0.242413 ^ clk (in)
                                                         clk (net)
                      0.335712    0.000000    0.242413 ^ clkbuf_0_clk/A (sky130_fd_sc_hd__clkbuf_16)
     2    0.029280    0.044901    0.138749    0.381162 ^ clkbuf_0_clk/X (sky130_fd_sc_hd__clkbuf_16)
                                                         clknet_0_clk (net)
                      0.044956    0.001199    0.382361 ^ clkbuf_1_1__f_clk/A (sky130_fd_sc_hd__clkbuf_16)
    18    0.050165    0.052350    0.105513    0.487874 ^ clkbuf_1_1__f_clk/X (sky130_fd_sc_hd__clkbuf_16)
                                                         clknet_1_1__leaf_clk (net)
                      0.052411    0.001383    0.489257 ^ _22393_/CLK (sky130_fd_sc_hd__dfxtp_4)
                                  0.250000    0.739257   clock uncertainty
                                  0.000000    0.739257   clock reconvergence pessimism
                                 -0.016188    0.723069   library hold time
                                              0.723069   data required time
---------------------------------------------------------------------------------------------
                                              0.723069   data required time
                                             -5.468745   data arrival time
---------------------------------------------------------------------------------------------
                                              4.745675   slack (MET)


Startpoint: tap[2] (input port clocked by clk)
Endpoint: _22405_ (rising edge-triggered flip-flop clocked by clk)
Path Group: clk
Path Type: min

Fanout         Cap        Slew       Delay        Time   Description
---------------------------------------------------------------------------------------------
                                  0.000000    0.000000   clock clk (rise edge)
                                  0.000000    0.000000   clock network delay (propagated)
                                  5.000000    5.000000 ^ input external delay
     2    0.006682    0.027328    0.017060    5.017060 ^ tap[2] (in)
                                                         tap[2] (net)
                      0.027329    0.000000    5.017060 ^ input220/A (sky130_fd_sc_hd__buf_6)
    16    0.141102    0.210133    0.156784    5.173844 ^ input220/X (sky130_fd_sc_hd__buf_6)
                                                         net220 (net)
                      0.233339    0.053255    5.227099 ^ _16522_/B (sky130_fd_sc_hd__or2_2)
     5    0.023939    0.098702    0.151676    5.378775 ^ _16522_/X (sky130_fd_sc_hd__or2_2)
                                                         _06321_ (net)
                      0.098721    0.001147    5.379921 ^ _22389_/B2 (sky130_fd_sc_hd__a32o_1)
     1    0.006958    0.060050    0.095844    5.475765 ^ _22389_/X (sky130_fd_sc_hd__a32o_1)
                                                         _00015_ (net)
                      0.060053    0.000332    5.476097 ^ _22405_/D (sky130_fd_sc_hd__dfxtp_2)
                                              5.476097   data arrival time

                                  0.000000    0.000000   clock clk (rise edge)
                                  0.000000    0.000000   clock source latency
     2    0.097610    0.331431    0.242413    0.242413 ^ clk (in)
                                                         clk (net)
                      0.335712    0.000000    0.242413 ^ clkbuf_0_clk/A (sky130_fd_sc_hd__clkbuf_16)
     2    0.029280    0.044901    0.138749    0.381162 ^ clkbuf_0_clk/X (sky130_fd_sc_hd__clkbuf_16)
                                                         clknet_0_clk (net)
                      0.044956    0.001199    0.382361 ^ clkbuf_1_1__f_clk/A (sky130_fd_sc_hd__clkbuf_16)
    18    0.050165    0.052350    0.105513    0.487874 ^ clkbuf_1_1__f_clk/X (sky130_fd_sc_hd__clkbuf_16)
                                                         clknet_1_1__leaf_clk (net)
                      0.052630    0.002968    0.490842 ^ _22405_/CLK (sky130_fd_sc_hd__dfxtp_2)
                                  0.250000    0.740842   clock uncertainty
                                  0.000000    0.740842   clock reconvergence pessimism
                                 -0.018834    0.722009   library hold time
                                              0.722009   data required time
---------------------------------------------------------------------------------------------
                                              0.722009   data required time
                                             -5.476097   data arrival time
---------------------------------------------------------------------------------------------
                                              4.754088   slack (MET)


Startpoint: tap[2] (input port clocked by clk)
Endpoint: _22403_ (rising edge-triggered flip-flop clocked by clk)
Path Group: clk
Path Type: min

Fanout         Cap        Slew       Delay        Time   Description
---------------------------------------------------------------------------------------------
                                  0.000000    0.000000   clock clk (rise edge)
                                  0.000000    0.000000   clock network delay (propagated)
                                  5.000000    5.000000 ^ input external delay
     2    0.006682    0.027328    0.017060    5.017060 ^ tap[2] (in)
                                                         tap[2] (net)
                      0.027329    0.000000    5.017060 ^ input220/A (sky130_fd_sc_hd__buf_6)
    16    0.141102    0.210133    0.156784    5.173844 ^ input220/X (sky130_fd_sc_hd__buf_6)
                                                         net220 (net)
                      0.233339    0.053255    5.227099 ^ _16522_/B (sky130_fd_sc_hd__or2_2)
     5    0.023939    0.098702    0.151676    5.378775 ^ _16522_/X (sky130_fd_sc_hd__or2_2)
                                                         _06321_ (net)
                      0.098730    0.001379    5.380153 ^ _22359_/B2 (sky130_fd_sc_hd__a2bb2o_1)
     1    0.007639    0.064017    0.114548    5.494702 ^ _22359_/X (sky130_fd_sc_hd__a2bb2o_1)
                                                         _00013_ (net)
                      0.064021    0.000403    5.495105 ^ _22403_/D (sky130_fd_sc_hd__dfxtp_1)
                                              5.495105   data arrival time

                                  0.000000    0.000000   clock clk (rise edge)
                                  0.000000    0.000000   clock source latency
     2    0.097610    0.331431    0.242413    0.242413 ^ clk (in)
                                                         clk (net)
                      0.335712    0.000000    0.242413 ^ clkbuf_0_clk/A (sky130_fd_sc_hd__clkbuf_16)
     2    0.029280    0.044901    0.138749    0.381162 ^ clkbuf_0_clk/X (sky130_fd_sc_hd__clkbuf_16)
                                                         clknet_0_clk (net)
                      0.044956    0.001199    0.382361 ^ clkbuf_1_1__f_clk/A (sky130_fd_sc_hd__clkbuf_16)
    18    0.050165    0.052350    0.105513    0.487874 ^ clkbuf_1_1__f_clk/X (sky130_fd_sc_hd__clkbuf_16)
                                                         clknet_1_1__leaf_clk (net)
                      0.052652    0.003089    0.490963 ^ _22403_/CLK (sky130_fd_sc_hd__dfxtp_1)
                                  0.250000    0.740963   clock uncertainty
                                  0.000000    0.740963   clock reconvergence pessimism
                                 -0.019113    0.721850   library hold time
                                              0.721850   data required time
---------------------------------------------------------------------------------------------
                                              0.721850   data required time
                                             -5.495105   data arrival time
---------------------------------------------------------------------------------------------
                                              4.773255   slack (MET)


Startpoint: tap[2] (input port clocked by clk)
Endpoint: _22404_ (rising edge-triggered flip-flop clocked by clk)
Path Group: clk
Path Type: min

Fanout         Cap        Slew       Delay        Time   Description
---------------------------------------------------------------------------------------------
                                  0.000000    0.000000   clock clk (rise edge)
                                  0.000000    0.000000   clock network delay (propagated)
                                  5.000000    5.000000 ^ input external delay
     2    0.006682    0.027328    0.017060    5.017060 ^ tap[2] (in)
                                                         tap[2] (net)
                      0.027329    0.000000    5.017060 ^ input220/A (sky130_fd_sc_hd__buf_6)
    16    0.141102    0.210133    0.156784    5.173844 ^ input220/X (sky130_fd_sc_hd__buf_6)
                                                         net220 (net)
                      0.233339    0.053255    5.227099 ^ _16522_/B (sky130_fd_sc_hd__or2_2)
     5    0.023939    0.098702    0.151676    5.378775 ^ _16522_/X (sky130_fd_sc_hd__or2_2)
                                                         _06321_ (net)
                      0.098726    0.001276    5.380051 ^ _22374_/B2 (sky130_fd_sc_hd__a2bb2o_1)
     1    0.008155    0.067646    0.117260    5.497311 ^ _22374_/X (sky130_fd_sc_hd__a2bb2o_1)
                                                         _00014_ (net)
                      0.067649    0.000372    5.497683 ^ _22404_/D (sky130_fd_sc_hd__dfxtp_1)
                                              5.497683   data arrival time

                                  0.000000    0.000000   clock clk (rise edge)
                                  0.000000    0.000000   clock source latency
     2    0.097610    0.331431    0.242413    0.242413 ^ clk (in)
                                                         clk (net)
                      0.335712    0.000000    0.242413 ^ clkbuf_0_clk/A (sky130_fd_sc_hd__clkbuf_16)
     2    0.029280    0.044901    0.138749    0.381162 ^ clkbuf_0_clk/X (sky130_fd_sc_hd__clkbuf_16)
                                                         clknet_0_clk (net)
                      0.044956    0.001199    0.382361 ^ clkbuf_1_1__f_clk/A (sky130_fd_sc_hd__clkbuf_16)
    18    0.050165    0.052350    0.105513    0.487874 ^ clkbuf_1_1__f_clk/X (sky130_fd_sc_hd__clkbuf_16)
                                                         clknet_1_1__leaf_clk (net)
                      0.052668    0.003178    0.491052 ^ _22404_/CLK (sky130_fd_sc_hd__dfxtp_1)
                                  0.250000    0.741052   clock uncertainty
                                  0.000000    0.741052   clock reconvergence pessimism
                                 -0.019369    0.721684   library hold time
                                              0.721684   data required time
---------------------------------------------------------------------------------------------
                                              0.721684   data required time
                                             -5.497683   data arrival time
---------------------------------------------------------------------------------------------
                                              4.775999   slack (MET)


Startpoint: tap[2] (input port clocked by clk)
Endpoint: _22394_ (rising edge-triggered flip-flop clocked by clk)
Path Group: clk
Path Type: min

Fanout         Cap        Slew       Delay        Time   Description
---------------------------------------------------------------------------------------------
                                  0.000000    0.000000   clock clk (rise edge)
                                  0.000000    0.000000   clock network delay (propagated)
                                  5.000000    5.000000 v input external delay
     2    0.006161    0.010109    0.005573    5.005573 v tap[2] (in)
                                                         tap[2] (net)
                      0.010111    0.000000    5.005573 v input220/A (sky130_fd_sc_hd__buf_6)
    16    0.137645    0.084482    0.100619    5.106192 v input220/X (sky130_fd_sc_hd__buf_6)
                                                         net220 (net)
                      0.130828    0.050739    5.156931 v _16521_/B (sky130_fd_sc_hd__nor2_1)
     4    0.019527    0.251581    0.235681    5.392612 ^ _16521_/Y (sky130_fd_sc_hd__nor2_1)
                                                         _06320_ (net)
                      0.251587    0.001047    5.393660 ^ _21384_/B1 (sky130_fd_sc_hd__a21o_1)
     1    0.006433    0.049155    0.066147    5.459806 ^ _21384_/X (sky130_fd_sc_hd__a21o_1)
                                                         _00486_ (net)
                      0.049158    0.000273    5.460079 ^ _21426_/A2 (sky130_fd_sc_hd__o21ai_1)
     1    0.004245    0.026654    0.039692    5.499772 v _21426_/Y (sky130_fd_sc_hd__o21ai_1)
                                                         _00004_ (net)
                      0.026655    0.000136    5.499908 v _22394_/D (sky130_fd_sc_hd__dfxtp_4)
                                              5.499908   data arrival time

                                  0.000000    0.000000   clock clk (rise edge)
                                  0.000000    0.000000   clock source latency
     2    0.097610    0.331431    0.242413    0.242413 ^ clk (in)
                                                         clk (net)
                      0.335712    0.000000    0.242413 ^ clkbuf_0_clk/A (sky130_fd_sc_hd__clkbuf_16)
     2    0.029280    0.044901    0.138749    0.381162 ^ clkbuf_0_clk/X (sky130_fd_sc_hd__clkbuf_16)
                                                         clknet_0_clk (net)
                      0.044956    0.001199    0.382361 ^ clkbuf_1_1__f_clk/A (sky130_fd_sc_hd__clkbuf_16)
    18    0.050165    0.052350    0.105513    0.487874 ^ clkbuf_1_1__f_clk/X (sky130_fd_sc_hd__clkbuf_16)
                                                         clknet_1_1__leaf_clk (net)
                      0.052688    0.003284    0.491158 ^ _22394_/CLK (sky130_fd_sc_hd__dfxtp_4)
                                  0.250000    0.741158   clock uncertainty
                                  0.000000    0.741158   clock reconvergence pessimism
                                 -0.030199    0.710960   library hold time
                                              0.710960   data required time
---------------------------------------------------------------------------------------------
                                              0.710960   data required time
                                             -5.499908   data arrival time
---------------------------------------------------------------------------------------------
                                              4.788948   slack (MET)


Startpoint: tap[2] (input port clocked by clk)
Endpoint: _22397_ (rising edge-triggered flip-flop clocked by clk)
Path Group: clk
Path Type: min

Fanout         Cap        Slew       Delay        Time   Description
---------------------------------------------------------------------------------------------
                                  0.000000    0.000000   clock clk (rise edge)
                                  0.000000    0.000000   clock network delay (propagated)
                                  5.000000    5.000000 v input external delay
     2    0.006161    0.010109    0.005573    5.005573 v tap[2] (in)
                                                         tap[2] (net)
                      0.010111    0.000000    5.005573 v input220/A (sky130_fd_sc_hd__buf_6)
    16    0.137645    0.084482    0.100619    5.106192 v input220/X (sky130_fd_sc_hd__buf_6)
                                                         net220 (net)
                      0.130634    0.050594    5.156786 v _16072_/B (sky130_fd_sc_hd__and2b_4)
    14    0.069873    0.074053    0.203999    5.360785 v _16072_/X (sky130_fd_sc_hd__and2b_4)
                                                         _05826_ (net)
                      0.074121    0.001883    5.362668 v _22265_/A1 (sky130_fd_sc_hd__o21a_1)
     1    0.013685    0.049986    0.162668    5.525335 v _22265_/X (sky130_fd_sc_hd__o21a_1)
                                                         _00007_ (net)
                      0.050011    0.000935    5.526270 v _22397_/D (sky130_fd_sc_hd__dfxtp_2)
                                              5.526270   data arrival time

                                  0.000000    0.000000   clock clk (rise edge)
                                  0.000000    0.000000   clock source latency
     2    0.097610    0.331431    0.242413    0.242413 ^ clk (in)
                                                         clk (net)
                      0.335712    0.000000    0.242413 ^ clkbuf_0_clk/A (sky130_fd_sc_hd__clkbuf_16)
     2    0.029280    0.044901    0.138749    0.381162 ^ clkbuf_0_clk/X (sky130_fd_sc_hd__clkbuf_16)
                                                         clknet_0_clk (net)
                      0.044963    0.001274    0.382436 ^ clkbuf_1_0__f_clk/A (sky130_fd_sc_hd__clkbuf_16)
    14    0.058701    0.058574    0.110401    0.492838 ^ clkbuf_1_0__f_clk/X (sky130_fd_sc_hd__clkbuf_16)
                                                         clknet_1_0__leaf_clk (net)
                      0.058655    0.001725    0.494562 ^ _22397_/CLK (sky130_fd_sc_hd__dfxtp_2)
                                  0.250000    0.744562   clock uncertainty
                                  0.000000    0.744562   clock reconvergence pessimism
                                 -0.038267    0.706295   library hold time
                                              0.706295   data required time
---------------------------------------------------------------------------------------------
                                              0.706295   data required time
                                             -5.526270   data arrival time
---------------------------------------------------------------------------------------------
                                              4.819975   slack (MET)


Startpoint: tap[0] (input port clocked by clk)
Endpoint: _22390_ (rising edge-triggered flip-flop clocked by clk)
Path Group: clk
Path Type: min

Fanout         Cap        Slew       Delay        Time   Description
---------------------------------------------------------------------------------------------
                                  0.000000    0.000000   clock clk (rise edge)
                                  0.000000    0.000000   clock network delay (propagated)
                                  5.000000    5.000000 ^ input external delay
     2    0.003996    0.018203    0.010377    5.010377 ^ tap[0] (in)
                                                         tap[0] (net)
                      0.018204    0.000000    5.010377 ^ input218/A (sky130_fd_sc_hd__clkbuf_4)
     4    0.063343    0.147065    0.159304    5.169681 ^ input218/X (sky130_fd_sc_hd__clkbuf_4)
                                                         net218 (net)
                      0.149730    0.015732    5.185413 ^ _16524_/B (sky130_fd_sc_hd__and3_1)
     6    0.025058    0.189060    0.220252    5.405665 ^ _16524_/X (sky130_fd_sc_hd__and3_1)
                                                         _06323_ (net)
                      0.189061    0.000495    5.406160 ^ _16597_/B1 (sky130_fd_sc_hd__a32o_1)
     1    0.003449    0.036706    0.074848    5.481008 ^ _16597_/X (sky130_fd_sc_hd__a32o_1)
                                                         _06404_ (net)
                      0.036707    0.000112    5.481120 ^ _16598_/C (sky130_fd_sc_hd__or4b_1)
     1    0.006626    0.052319    0.083192    5.564312 ^ _16598_/X (sky130_fd_sc_hd__or4b_1)
                                                         _00000_ (net)
                      0.052320    0.000247    5.564559 ^ _22390_/D (sky130_fd_sc_hd__dfxtp_2)
                                              5.564559   data arrival time

                                  0.000000    0.000000   clock clk (rise edge)
                                  0.000000    0.000000   clock source latency
     2    0.097610    0.331431    0.242413    0.242413 ^ clk (in)
                                                         clk (net)
                      0.335712    0.000000    0.242413 ^ clkbuf_0_clk/A (sky130_fd_sc_hd__clkbuf_16)
     2    0.029280    0.044901    0.138749    0.381162 ^ clkbuf_0_clk/X (sky130_fd_sc_hd__clkbuf_16)
                                                         clknet_0_clk (net)
                      0.044956    0.001199    0.382361 ^ clkbuf_1_1__f_clk/A (sky130_fd_sc_hd__clkbuf_16)
    18    0.050165    0.052350    0.105513    0.487874 ^ clkbuf_1_1__f_clk/X (sky130_fd_sc_hd__clkbuf_16)
                                                         clknet_1_1__leaf_clk (net)
                      0.052552    0.002501    0.490375 ^ _22390_/CLK (sky130_fd_sc_hd__dfxtp_2)
                                  0.250000    0.740375   clock uncertainty
                                  0.000000    0.740375   clock reconvergence pessimism
                                 -0.018290    0.722085   library hold time
                                              0.722085   data required time
---------------------------------------------------------------------------------------------
                                              0.722085   data required time
                                             -5.564559   data arrival time
---------------------------------------------------------------------------------------------
                                              4.842473   slack (MET)


Startpoint: tap[0] (input port clocked by clk)
Endpoint: _22391_ (rising edge-triggered flip-flop clocked by clk)
Path Group: clk
Path Type: min

Fanout         Cap        Slew       Delay        Time   Description
---------------------------------------------------------------------------------------------
                                  0.000000    0.000000   clock clk (rise edge)
                                  0.000000    0.000000   clock network delay (propagated)
                                  5.000000    5.000000 ^ input external delay
     2    0.003996    0.018203    0.010377    5.010377 ^ tap[0] (in)
                                                         tap[0] (net)
                      0.018204    0.000000    5.010377 ^ input218/A (sky130_fd_sc_hd__clkbuf_4)
     4    0.063343    0.147065    0.159304    5.169681 ^ input218/X (sky130_fd_sc_hd__clkbuf_4)
                                                         net218 (net)
                      0.149730    0.015732    5.185413 ^ _16524_/B (sky130_fd_sc_hd__and3_1)
     6    0.025058    0.189060    0.220252    5.405665 ^ _16524_/X (sky130_fd_sc_hd__and3_1)
                                                         _06323_ (net)
                      0.189061    0.000392    5.406057 ^ _17724_/B2 (sky130_fd_sc_hd__a2bb2o_1)
     1    0.004778    0.043939    0.110166    5.516223 ^ _17724_/X (sky130_fd_sc_hd__a2bb2o_1)
                                                         _07642_ (net)
                      0.043941    0.000181    5.516404 ^ _17725_/B (sky130_fd_sc_hd__or2_1)
     1    0.005965    0.049537    0.076758    5.593162 ^ _17725_/X (sky130_fd_sc_hd__or2_1)
                                                         _00001_ (net)
                      0.049538    0.000228    5.593390 ^ _22391_/D (sky130_fd_sc_hd__dfxtp_2)
                                              5.593390   data arrival time

                                  0.000000    0.000000   clock clk (rise edge)
                                  0.000000    0.000000   clock source latency
     2    0.097610    0.331431    0.242413    0.242413 ^ clk (in)
                                                         clk (net)
                      0.335712    0.000000    0.242413 ^ clkbuf_0_clk/A (sky130_fd_sc_hd__clkbuf_16)
     2    0.029280    0.044901    0.138749    0.381162 ^ clkbuf_0_clk/X (sky130_fd_sc_hd__clkbuf_16)
                                                         clknet_0_clk (net)
                      0.044956    0.001199    0.382361 ^ clkbuf_1_1__f_clk/A (sky130_fd_sc_hd__clkbuf_16)
    18    0.050165    0.052350    0.105513    0.487874 ^ clkbuf_1_1__f_clk/X (sky130_fd_sc_hd__clkbuf_16)
                                                         clknet_1_1__leaf_clk (net)
                      0.052652    0.003094    0.490968 ^ _22391_/CLK (sky130_fd_sc_hd__dfxtp_2)
                                  0.250000    0.740968   clock uncertainty
                                  0.000000    0.740968   clock reconvergence pessimism
                                 -0.018091    0.722877   library hold time
                                              0.722877   data required time
---------------------------------------------------------------------------------------------
                                              0.722877   data required time
                                             -5.593390   data arrival time
---------------------------------------------------------------------------------------------
                                              4.870513   slack (MET)


Startpoint: tap[2] (input port clocked by clk)
Endpoint: _22401_ (rising edge-triggered flip-flop clocked by clk)
Path Group: clk
Path Type: min

Fanout         Cap        Slew       Delay        Time   Description
---------------------------------------------------------------------------------------------
                                  0.000000    0.000000   clock clk (rise edge)
                                  0.000000    0.000000   clock network delay (propagated)
                                  5.000000    5.000000 v input external delay
     2    0.006161    0.010109    0.005573    5.005573 v tap[2] (in)
                                                         tap[2] (net)
                      0.010111    0.000000    5.005573 v input220/A (sky130_fd_sc_hd__buf_6)
    16    0.137645    0.084482    0.100619    5.106192 v input220/X (sky130_fd_sc_hd__buf_6)
                                                         net220 (net)
                      0.130495    0.050490    5.156682 v _16073_/B (sky130_fd_sc_hd__nand2b_4)
     8    0.043867    0.103912    0.142254    5.298936 ^ _16073_/Y (sky130_fd_sc_hd__nand2b_4)
                                                         _05827_ (net)
                      0.103947    0.001571    5.300508 ^ _22323_/A (sky130_fd_sc_hd__or3_1)
     1    0.008433    0.064118    0.106118    5.406626 ^ _22323_/X (sky130_fd_sc_hd__or3_1)
                                                         _01512_ (net)
                      0.064121    0.000357    5.406982 ^ _22326_/A3 (sky130_fd_sc_hd__a31oi_2)
     1    0.011164    0.055796    0.072845    5.479828 v _22326_/Y (sky130_fd_sc_hd__a31oi_2)
                                                         _01515_ (net)
                      0.055812    0.000699    5.480527 v _22327_/B1 (sky130_fd_sc_hd__a22o_1)
     1    0.010109    0.045269    0.115127    5.595654 v _22327_/X (sky130_fd_sc_hd__a22o_1)
                                                         _00011_ (net)
                      0.045280    0.000573    5.596227 v _22401_/D (sky130_fd_sc_hd__dfxtp_1)
                                              5.596227   data arrival time

                                  0.000000    0.000000   clock clk (rise edge)
                                  0.000000    0.000000   clock source latency
     2    0.097610    0.331431    0.242413    0.242413 ^ clk (in)
                                                         clk (net)
                      0.335712    0.000000    0.242413 ^ clkbuf_0_clk/A (sky130_fd_sc_hd__clkbuf_16)
     2    0.029280    0.044901    0.138749    0.381162 ^ clkbuf_0_clk/X (sky130_fd_sc_hd__clkbuf_16)
                                                         clknet_0_clk (net)
                      0.044963    0.001274    0.382436 ^ clkbuf_1_0__f_clk/A (sky130_fd_sc_hd__clkbuf_16)
    14    0.058701    0.058574    0.110401    0.492838 ^ clkbuf_1_0__f_clk/X (sky130_fd_sc_hd__clkbuf_16)
                                                         clknet_1_0__leaf_clk (net)
                      0.058813    0.002952    0.495790 ^ _22401_/CLK (sky130_fd_sc_hd__dfxtp_1)
                                  0.250000    0.745790   clock uncertainty
                                  0.000000    0.745790   clock reconvergence pessimism
                                 -0.041806    0.703983   library hold time
                                              0.703983   data required time
---------------------------------------------------------------------------------------------
                                              0.703983   data required time
                                             -5.596227   data arrival time
---------------------------------------------------------------------------------------------
                                              4.892244   slack (MET)


Startpoint: tap[2] (input port clocked by clk)
Endpoint: _22402_ (rising edge-triggered flip-flop clocked by clk)
Path Group: clk
Path Type: min

Fanout         Cap        Slew       Delay        Time   Description
---------------------------------------------------------------------------------------------
                                  0.000000    0.000000   clock clk (rise edge)
                                  0.000000    0.000000   clock network delay (propagated)
                                  5.000000    5.000000 v input external delay
     2    0.006161    0.010109    0.005573    5.005573 v tap[2] (in)
                                                         tap[2] (net)
                      0.010111    0.000000    5.005573 v input220/A (sky130_fd_sc_hd__buf_6)
    16    0.137645    0.084482    0.100619    5.106192 v input220/X (sky130_fd_sc_hd__buf_6)
                                                         net220 (net)
                      0.130495    0.050490    5.156682 v _16073_/B (sky130_fd_sc_hd__nand2b_4)
     8    0.043867    0.103912    0.142254    5.298936 ^ _16073_/Y (sky130_fd_sc_hd__nand2b_4)
                                                         _05827_ (net)
                      0.103945    0.001525    5.300462 ^ _22340_/B2 (sky130_fd_sc_hd__o2bb2a_1)
     2    0.021284    0.162326    0.186382    5.486845 ^ _22340_/X (sky130_fd_sc_hd__o2bb2a_1)
                                                         _01530_ (net)
                      0.162357    0.001859    5.488703 ^ _22341_/B1 (sky130_fd_sc_hd__a31o_1)
     1    0.003681    0.034276    0.064434    5.553138 ^ _22341_/X (sky130_fd_sc_hd__a31o_1)
                                                         _01531_ (net)
                      0.034276    0.000116    5.553254 ^ _22343_/B1 (sky130_fd_sc_hd__a32o_1)
     1    0.005579    0.050099    0.075940    5.629194 ^ _22343_/X (sky130_fd_sc_hd__a32o_1)
                                                         _00012_ (net)
                      0.050100    0.000208    5.629403 ^ _22402_/D (sky130_fd_sc_hd__dfxtp_1)
                                              5.629403   data arrival time

                                  0.000000    0.000000   clock clk (rise edge)
                                  0.000000    0.000000   clock source latency
     2    0.097610    0.331431    0.242413    0.242413 ^ clk (in)
                                                         clk (net)
                      0.335712    0.000000    0.242413 ^ clkbuf_0_clk/A (sky130_fd_sc_hd__clkbuf_16)
     2    0.029280    0.044901    0.138749    0.381162 ^ clkbuf_0_clk/X (sky130_fd_sc_hd__clkbuf_16)
                                                         clknet_0_clk (net)
                      0.044963    0.001274    0.382436 ^ clkbuf_1_0__f_clk/A (sky130_fd_sc_hd__clkbuf_16)
    14    0.058701    0.058574    0.110401    0.492838 ^ clkbuf_1_0__f_clk/X (sky130_fd_sc_hd__clkbuf_16)
                                                         clknet_1_0__leaf_clk (net)
                      0.058892    0.003422    0.496259 ^ _22402_/CLK (sky130_fd_sc_hd__dfxtp_1)
                                  0.250000    0.746259   clock uncertainty
                                  0.000000    0.746259   clock reconvergence pessimism
                                 -0.017981    0.728279   library hold time
                                              0.728279   data required time
---------------------------------------------------------------------------------------------
                                              0.728279   data required time
                                             -5.629403   data arrival time
---------------------------------------------------------------------------------------------
                                              4.901124   slack (MET)


Startpoint: tap[2] (input port clocked by clk)
Endpoint: _22399_ (rising edge-triggered flip-flop clocked by clk)
Path Group: clk
Path Type: min

Fanout         Cap        Slew       Delay        Time   Description
---------------------------------------------------------------------------------------------
                                  0.000000    0.000000   clock clk (rise edge)
                                  0.000000    0.000000   clock network delay (propagated)
                                  5.000000    5.000000 v input external delay
     2    0.006161    0.010109    0.005573    5.005573 v tap[2] (in)
                                                         tap[2] (net)
                      0.010111    0.000000    5.005573 v input220/A (sky130_fd_sc_hd__buf_6)
    16    0.137645    0.084482    0.100619    5.106192 v input220/X (sky130_fd_sc_hd__buf_6)
                                                         net220 (net)
                      0.130704    0.050647    5.156839 v _16522_/B (sky130_fd_sc_hd__or2_2)
     5    0.023030    0.072249    0.239009    5.395848 v _16522_/X (sky130_fd_sc_hd__or2_2)
                                                         _06321_ (net)
                      0.072255    0.000527    5.396375 v fanout282/A (sky130_fd_sc_hd__buf_2)
    20    0.057017    0.094706    0.160635    5.557010 v fanout282/X (sky130_fd_sc_hd__buf_2)
                                                         net282 (net)
                      0.094865    0.003201    5.560211 v _22294_/C1 (sky130_fd_sc_hd__o211a_1)
     1    0.007483    0.032071    0.103182    5.663393 v _22294_/X (sky130_fd_sc_hd__o211a_1)
                                                         _00009_ (net)
                      0.032076    0.000348    5.663742 v _22399_/D (sky130_fd_sc_hd__dfxtp_2)
                                              5.663742   data arrival time

                                  0.000000    0.000000   clock clk (rise edge)
                                  0.000000    0.000000   clock source latency
     2    0.097610    0.331431    0.242413    0.242413 ^ clk (in)
                                                         clk (net)
                      0.335712    0.000000    0.242413 ^ clkbuf_0_clk/A (sky130_fd_sc_hd__clkbuf_16)
     2    0.029280    0.044901    0.138749    0.381162 ^ clkbuf_0_clk/X (sky130_fd_sc_hd__clkbuf_16)
                                                         clknet_0_clk (net)
                      0.044963    0.001274    0.382436 ^ clkbuf_1_0__f_clk/A (sky130_fd_sc_hd__clkbuf_16)
    14    0.058701    0.058574    0.110401    0.492838 ^ clkbuf_1_0__f_clk/X (sky130_fd_sc_hd__clkbuf_16)
                                                         clknet_1_0__leaf_clk (net)
                      0.058776    0.002710    0.495548 ^ _22399_/CLK (sky130_fd_sc_hd__dfxtp_2)
                                  0.250000    0.745548   clock uncertainty
                                  0.000000    0.745548   clock reconvergence pessimism
                                 -0.032287    0.713261   library hold time
                                              0.713261   data required time
---------------------------------------------------------------------------------------------
                                              0.713261   data required time
                                             -5.663742   data arrival time
---------------------------------------------------------------------------------------------
                                              4.950480   slack (MET)


Startpoint: input_data[16] (input port clocked by clk)
Endpoint: _22400_ (rising edge-triggered flip-flop clocked by clk)
Path Group: clk
Path Type: min

Fanout         Cap        Slew       Delay        Time   Description
---------------------------------------------------------------------------------------------
                                  0.000000    0.000000   clock clk (rise edge)
                                  0.000000    0.000000   clock network delay (propagated)
                                  5.000000    5.000000 v input external delay
     2    0.006418    0.010527    0.005870    5.005870 v input_data[16] (in)
                                                         input_data[16] (net)
                      0.010529    0.000000    5.005870 v input77/A (sky130_fd_sc_hd__clkbuf_8)
     6    0.147108    0.113799    0.140151    5.146021 v input77/X (sky130_fd_sc_hd__clkbuf_8)
                                                         net77 (net)
                      0.125888    0.028083    5.174104 v fanout322/A (sky130_fd_sc_hd__clkbuf_4)
    16    0.071982    0.102745    0.196627    5.370731 v fanout322/X (sky130_fd_sc_hd__clkbuf_4)
                                                         net322 (net)
                      0.102758    0.000984    5.371715 v fanout321/A (sky130_fd_sc_hd__buf_2)
    12    0.048687    0.082739    0.163032    5.534747 v fanout321/X (sky130_fd_sc_hd__buf_2)
                                                         net321 (net)
                      0.082743    0.000479    5.535226 v _22311_/B2 (sky130_fd_sc_hd__a32o_1)
     1    0.011295    0.045219    0.129254    5.664480 v _22311_/X (sky130_fd_sc_hd__a32o_1)
                                                         _00010_ (net)
                      0.045234    0.000680    5.665160 v _22400_/D (sky130_fd_sc_hd__dfxtp_1)
                                              5.665160   data arrival time

                                  0.000000    0.000000   clock clk (rise edge)
                                  0.000000    0.000000   clock source latency
     2    0.097610    0.331431    0.242413    0.242413 ^ clk (in)
                                                         clk (net)
                      0.335712    0.000000    0.242413 ^ clkbuf_0_clk/A (sky130_fd_sc_hd__clkbuf_16)
     2    0.029280    0.044901    0.138749    0.381162 ^ clkbuf_0_clk/X (sky130_fd_sc_hd__clkbuf_16)
                                                         clknet_0_clk (net)
                      0.044963    0.001274    0.382436 ^ clkbuf_1_0__f_clk/A (sky130_fd_sc_hd__clkbuf_16)
    14    0.058701    0.058574    0.110401    0.492838 ^ clkbuf_1_0__f_clk/X (sky130_fd_sc_hd__clkbuf_16)
                                                         clknet_1_0__leaf_clk (net)
                      0.058793    0.002827    0.495664 ^ _22400_/CLK (sky130_fd_sc_hd__dfxtp_1)
                                  0.250000    0.745664   clock uncertainty
                                  0.000000    0.745664   clock reconvergence pessimism
                                 -0.041793    0.703872   library hold time
                                              0.703872   data required time
---------------------------------------------------------------------------------------------
                                              0.703872   data required time
                                             -5.665160   data arrival time
---------------------------------------------------------------------------------------------
                                              4.961288   slack (MET)


Startpoint: tap[2] (input port clocked by clk)
Endpoint: _22398_ (rising edge-triggered flip-flop clocked by clk)
Path Group: clk
Path Type: min

Fanout         Cap        Slew       Delay        Time   Description
---------------------------------------------------------------------------------------------
                                  0.000000    0.000000   clock clk (rise edge)
                                  0.000000    0.000000   clock network delay (propagated)
                                  5.000000    5.000000 v input external delay
     2    0.006161    0.010109    0.005573    5.005573 v tap[2] (in)
                                                         tap[2] (net)
                      0.010111    0.000000    5.005573 v input220/A (sky130_fd_sc_hd__buf_6)
    16    0.137645    0.084482    0.100619    5.106192 v input220/X (sky130_fd_sc_hd__buf_6)
                                                         net220 (net)
                      0.130704    0.050647    5.156839 v _16522_/B (sky130_fd_sc_hd__or2_2)
     5    0.023030    0.072249    0.239009    5.395848 v _16522_/X (sky130_fd_sc_hd__or2_2)
                                                         _06321_ (net)
                      0.072255    0.000527    5.396375 v fanout282/A (sky130_fd_sc_hd__buf_2)
    20    0.057017    0.094706    0.160635    5.557010 v fanout282/X (sky130_fd_sc_hd__buf_2)
                                                         net282 (net)
                      0.094765    0.001980    5.558990 v _22279_/C1 (sky130_fd_sc_hd__o221a_1)
     1    0.010147    0.039263    0.114318    5.673308 v _22279_/X (sky130_fd_sc_hd__o221a_1)
                                                         _00008_ (net)
                      0.039278    0.000615    5.673923 v _22398_/D (sky130_fd_sc_hd__dfxtp_2)
                                              5.673923   data arrival time

                                  0.000000    0.000000   clock clk (rise edge)
                                  0.000000    0.000000   clock source latency
     2    0.097610    0.331431    0.242413    0.242413 ^ clk (in)
                                                         clk (net)
                      0.335712    0.000000    0.242413 ^ clkbuf_0_clk/A (sky130_fd_sc_hd__clkbuf_16)
     2    0.029280    0.044901    0.138749    0.381162 ^ clkbuf_0_clk/X (sky130_fd_sc_hd__clkbuf_16)
                                                         clknet_0_clk (net)
                      0.044963    0.001274    0.382436 ^ clkbuf_1_0__f_clk/A (sky130_fd_sc_hd__clkbuf_16)
    14    0.058701    0.058574    0.110401    0.492838 ^ clkbuf_1_0__f_clk/X (sky130_fd_sc_hd__clkbuf_16)
                                                         clknet_1_0__leaf_clk (net)
                      0.058684    0.002005    0.494843 ^ _22398_/CLK (sky130_fd_sc_hd__dfxtp_2)
                                  0.250000    0.744843   clock uncertainty
                                  0.000000    0.744843   clock reconvergence pessimism
                                 -0.034692    0.710151   library hold time
                                              0.710151   data required time
---------------------------------------------------------------------------------------------
                                              0.710151   data required time
                                             -5.673923   data arrival time
---------------------------------------------------------------------------------------------
                                              4.963773   slack (MET)


Startpoint: _22399_ (rising edge-triggered flip-flop clocked by clk)
Endpoint: output_high[3] (output port clocked by clk)
Path Group: clk
Path Type: min

Fanout         Cap        Slew       Delay        Time   Description
---------------------------------------------------------------------------------------------
                                  0.000000    0.000000   clock clk (rise edge)
                                  0.000000    0.000000   clock source latency
     2    0.097610    0.331431    0.242413    0.242413 ^ clk (in)
                                                         clk (net)
                      0.335712    0.000000    0.242413 ^ clkbuf_0_clk/A (sky130_fd_sc_hd__clkbuf_16)
     2    0.029280    0.044901    0.138749    0.381162 ^ clkbuf_0_clk/X (sky130_fd_sc_hd__clkbuf_16)
                                                         clknet_0_clk (net)
                      0.044963    0.001274    0.382436 ^ clkbuf_1_0__f_clk/A (sky130_fd_sc_hd__clkbuf_16)
    14    0.058701    0.058574    0.110401    0.492838 ^ clkbuf_1_0__f_clk/X (sky130_fd_sc_hd__clkbuf_16)
                                                         clknet_1_0__leaf_clk (net)
                      0.058776    0.002710    0.495548 ^ _22399_/CLK (sky130_fd_sc_hd__dfxtp_2)
     2    0.030214    0.057816    0.238696    0.734243 v _22399_/Q (sky130_fd_sc_hd__dfxtp_2)
                                                         net231 (net)
                      0.058302    0.004292    0.738536 v output231/A (sky130_fd_sc_hd__buf_2)
     1    0.034085    0.062534    0.128362    0.866898 v output231/X (sky130_fd_sc_hd__buf_2)
                                                         output_high[3] (net)
                      0.062543    0.000639    0.867537 v output_high[3] (out)
                                              0.867537   data arrival time

                                  0.000000    0.000000   clock clk (rise edge)
                                  0.000000    0.000000   clock network delay (propagated)
                                  0.250000    0.250000   clock uncertainty
                                  0.000000    0.250000   clock reconvergence pessimism
                                 -5.000000   -4.750000   output external delay
                                             -4.750000   data required time
---------------------------------------------------------------------------------------------
                                             -4.750000   data required time
                                             -0.867537   data arrival time
---------------------------------------------------------------------------------------------
                                              5.617537   slack (MET)


Startpoint: _22398_ (rising edge-triggered flip-flop clocked by clk)
Endpoint: output_high[2] (output port clocked by clk)
Path Group: clk
Path Type: min

Fanout         Cap        Slew       Delay        Time   Description
---------------------------------------------------------------------------------------------
                                  0.000000    0.000000   clock clk (rise edge)
                                  0.000000    0.000000   clock source latency
     2    0.097610    0.331431    0.242413    0.242413 ^ clk (in)
                                                         clk (net)
                      0.335712    0.000000    0.242413 ^ clkbuf_0_clk/A (sky130_fd_sc_hd__clkbuf_16)
     2    0.029280    0.044901    0.138749    0.381162 ^ clkbuf_0_clk/X (sky130_fd_sc_hd__clkbuf_16)
                                                         clknet_0_clk (net)
                      0.044963    0.001274    0.382436 ^ clkbuf_1_0__f_clk/A (sky130_fd_sc_hd__clkbuf_16)
    14    0.058701    0.058574    0.110401    0.492838 ^ clkbuf_1_0__f_clk/X (sky130_fd_sc_hd__clkbuf_16)
                                                         clknet_1_0__leaf_clk (net)
                      0.058684    0.002005    0.494843 ^ _22398_/CLK (sky130_fd_sc_hd__dfxtp_2)
     2    0.038252    0.070498    0.247699    0.742542 v _22398_/Q (sky130_fd_sc_hd__dfxtp_2)
                                                         net230 (net)
                      0.071442    0.006668    0.749210 v output230/A (sky130_fd_sc_hd__buf_2)
     1    0.034063    0.062545    0.133661    0.882871 v output230/X (sky130_fd_sc_hd__buf_2)
                                                         output_high[2] (net)
                      0.062554    0.000654    0.883526 v output_high[2] (out)
                                              0.883526   data arrival time

                                  0.000000    0.000000   clock clk (rise edge)
                                  0.000000    0.000000   clock network delay (propagated)
                                  0.250000    0.250000   clock uncertainty
                                  0.000000    0.250000   clock reconvergence pessimism
                                 -5.000000   -4.750000   output external delay
                                             -4.750000   data required time
---------------------------------------------------------------------------------------------
                                             -4.750000   data required time
                                             -0.883526   data arrival time
---------------------------------------------------------------------------------------------
                                              5.633526   slack (MET)


Startpoint: _22400_ (rising edge-triggered flip-flop clocked by clk)
Endpoint: output_high[4] (output port clocked by clk)
Path Group: clk
Path Type: min

Fanout         Cap        Slew       Delay        Time   Description
---------------------------------------------------------------------------------------------
                                  0.000000    0.000000   clock clk (rise edge)
                                  0.000000    0.000000   clock source latency
     2    0.097610    0.331431    0.242413    0.242413 ^ clk (in)
                                                         clk (net)
                      0.335712    0.000000    0.242413 ^ clkbuf_0_clk/A (sky130_fd_sc_hd__clkbuf_16)
     2    0.029280    0.044901    0.138749    0.381162 ^ clkbuf_0_clk/X (sky130_fd_sc_hd__clkbuf_16)
                                                         clknet_0_clk (net)
                      0.044963    0.001274    0.382436 ^ clkbuf_1_0__f_clk/A (sky130_fd_sc_hd__clkbuf_16)
    14    0.058701    0.058574    0.110401    0.492838 ^ clkbuf_1_0__f_clk/X (sky130_fd_sc_hd__clkbuf_16)
                                                         clknet_1_0__leaf_clk (net)
                      0.058793    0.002827    0.495664 ^ _22400_/CLK (sky130_fd_sc_hd__dfxtp_1)
     2    0.024633    0.083343    0.247012    0.742676 v _22400_/Q (sky130_fd_sc_hd__dfxtp_1)
                                                         net232 (net)
                      0.083476    0.002768    0.745445 v output232/A (sky130_fd_sc_hd__buf_2)
     1    0.034045    0.062552    0.138527    0.883972 v output232/X (sky130_fd_sc_hd__buf_2)
                                                         output_high[4] (net)
                      0.062562    0.000654    0.884626 v output_high[4] (out)
                                              0.884626   data arrival time

                                  0.000000    0.000000   clock clk (rise edge)
                                  0.000000    0.000000   clock network delay (propagated)
                                  0.250000    0.250000   clock uncertainty
                                  0.000000    0.250000   clock reconvergence pessimism
                                 -5.000000   -4.750000   output external delay
                                             -4.750000   data required time
---------------------------------------------------------------------------------------------
                                             -4.750000   data required time
                                             -0.884626   data arrival time
---------------------------------------------------------------------------------------------
                                              5.634626   slack (MET)


Startpoint: _22403_ (rising edge-triggered flip-flop clocked by clk)
Endpoint: output_high[7] (output port clocked by clk)
Path Group: clk
Path Type: min

Fanout         Cap        Slew       Delay        Time   Description
---------------------------------------------------------------------------------------------
                                  0.000000    0.000000   clock clk (rise edge)
                                  0.000000    0.000000   clock source latency
     2    0.097610    0.331431    0.242413    0.242413 ^ clk (in)
                                                         clk (net)
                      0.335712    0.000000    0.242413 ^ clkbuf_0_clk/A (sky130_fd_sc_hd__clkbuf_16)
     2    0.029280    0.044901    0.138749    0.381162 ^ clkbuf_0_clk/X (sky130_fd_sc_hd__clkbuf_16)
                                                         clknet_0_clk (net)
                      0.044956    0.001199    0.382361 ^ clkbuf_1_1__f_clk/A (sky130_fd_sc_hd__clkbuf_16)
    18    0.050165    0.052350    0.105513    0.487874 ^ clkbuf_1_1__f_clk/X (sky130_fd_sc_hd__clkbuf_16)
                                                         clknet_1_1__leaf_clk (net)
                      0.052652    0.003089    0.490963 ^ _22403_/CLK (sky130_fd_sc_hd__dfxtp_1)
     2    0.028561    0.094687    0.254429    0.745392 v _22403_/Q (sky130_fd_sc_hd__dfxtp_1)
                                                         net235 (net)
                      0.094824    0.003000    0.748392 v output235/A (sky130_fd_sc_hd__buf_2)
     1    0.034127    0.062706    0.143239    0.891632 v output235/X (sky130_fd_sc_hd__buf_2)
                                                         output_high[7] (net)
                      0.062716    0.000656    0.892288 v output_high[7] (out)
                                              0.892288   data arrival time

                                  0.000000    0.000000   clock clk (rise edge)
                                  0.000000    0.000000   clock network delay (propagated)
                                  0.250000    0.250000   clock uncertainty
                                  0.000000    0.250000   clock reconvergence pessimism
                                 -5.000000   -4.750000   output external delay
                                             -4.750000   data required time
---------------------------------------------------------------------------------------------
                                             -4.750000   data required time
                                             -0.892288   data arrival time
---------------------------------------------------------------------------------------------
                                              5.642288   slack (MET)


Startpoint: _22402_ (rising edge-triggered flip-flop clocked by clk)
Endpoint: output_high[6] (output port clocked by clk)
Path Group: clk
Path Type: min

Fanout         Cap        Slew       Delay        Time   Description
---------------------------------------------------------------------------------------------
                                  0.000000    0.000000   clock clk (rise edge)
                                  0.000000    0.000000   clock source latency
     2    0.097610    0.331431    0.242413    0.242413 ^ clk (in)
                                                         clk (net)
                      0.335712    0.000000    0.242413 ^ clkbuf_0_clk/A (sky130_fd_sc_hd__clkbuf_16)
     2    0.029280    0.044901    0.138749    0.381162 ^ clkbuf_0_clk/X (sky130_fd_sc_hd__clkbuf_16)
                                                         clknet_0_clk (net)
                      0.044963    0.001274    0.382436 ^ clkbuf_1_0__f_clk/A (sky130_fd_sc_hd__clkbuf_16)
    14    0.058701    0.058574    0.110401    0.492838 ^ clkbuf_1_0__f_clk/X (sky130_fd_sc_hd__clkbuf_16)
                                                         clknet_1_0__leaf_clk (net)
                      0.058892    0.003422    0.496259 ^ _22402_/CLK (sky130_fd_sc_hd__dfxtp_1)
     2    0.027004    0.090526    0.252817    0.749077 v _22402_/Q (sky130_fd_sc_hd__dfxtp_1)
                                                         net234 (net)
                      0.090614    0.002363    0.751440 v output234/A (sky130_fd_sc_hd__buf_2)
     1    0.034063    0.062599    0.141450    0.892890 v output234/X (sky130_fd_sc_hd__buf_2)
                                                         output_high[6] (net)
                      0.062609    0.000654    0.893544 v output_high[6] (out)
                                              0.893544   data arrival time

                                  0.000000    0.000000   clock clk (rise edge)
                                  0.000000    0.000000   clock network delay (propagated)
                                  0.250000    0.250000   clock uncertainty
                                  0.000000    0.250000   clock reconvergence pessimism
                                 -5.000000   -4.750000   output external delay
                                             -4.750000   data required time
---------------------------------------------------------------------------------------------
                                             -4.750000   data required time
                                             -0.893544   data arrival time
---------------------------------------------------------------------------------------------
                                              5.643545   slack (MET)


Startpoint: _22397_ (rising edge-triggered flip-flop clocked by clk)
Endpoint: output_high[1] (output port clocked by clk)
Path Group: clk
Path Type: min

Fanout         Cap        Slew       Delay        Time   Description
---------------------------------------------------------------------------------------------
                                  0.000000    0.000000   clock clk (rise edge)
                                  0.000000    0.000000   clock source latency
     2    0.097610    0.331431    0.242413    0.242413 ^ clk (in)
                                                         clk (net)
                      0.335712    0.000000    0.242413 ^ clkbuf_0_clk/A (sky130_fd_sc_hd__clkbuf_16)
     2    0.029280    0.044901    0.138749    0.381162 ^ clkbuf_0_clk/X (sky130_fd_sc_hd__clkbuf_16)
                                                         clknet_0_clk (net)
                      0.044963    0.001274    0.382436 ^ clkbuf_1_0__f_clk/A (sky130_fd_sc_hd__clkbuf_16)
    14    0.058701    0.058574    0.110401    0.492838 ^ clkbuf_1_0__f_clk/X (sky130_fd_sc_hd__clkbuf_16)
                                                         clknet_1_0__leaf_clk (net)
                      0.058655    0.001725    0.494562 ^ _22397_/CLK (sky130_fd_sc_hd__dfxtp_2)
     2    0.044795    0.078019    0.254787    0.749349 v _22397_/Q (sky130_fd_sc_hd__dfxtp_2)
                                                         net229 (net)
                      0.079658    0.009054    0.758403 v output229/A (sky130_fd_sc_hd__buf_2)
     1    0.034230    0.062842    0.137158    0.895561 v output229/X (sky130_fd_sc_hd__buf_2)
                                                         output_high[1] (net)
                      0.062854    0.000726    0.896288 v output_high[1] (out)
                                              0.896288   data arrival time

                                  0.000000    0.000000   clock clk (rise edge)
                                  0.000000    0.000000   clock network delay (propagated)
                                  0.250000    0.250000   clock uncertainty
                                  0.000000    0.250000   clock reconvergence pessimism
                                 -5.000000   -4.750000   output external delay
                                             -4.750000   data required time
---------------------------------------------------------------------------------------------
                                             -4.750000   data required time
                                             -0.896288   data arrival time
---------------------------------------------------------------------------------------------
                                              5.646288   slack (MET)


Startpoint: _22405_ (rising edge-triggered flip-flop clocked by clk)
Endpoint: output_high[9] (output port clocked by clk)
Path Group: clk
Path Type: min

Fanout         Cap        Slew       Delay        Time   Description
---------------------------------------------------------------------------------------------
                                  0.000000    0.000000   clock clk (rise edge)
                                  0.000000    0.000000   clock source latency
     2    0.097610    0.331431    0.242413    0.242413 ^ clk (in)
                                                         clk (net)
                      0.335712    0.000000    0.242413 ^ clkbuf_0_clk/A (sky130_fd_sc_hd__clkbuf_16)
     2    0.029280    0.044901    0.138749    0.381162 ^ clkbuf_0_clk/X (sky130_fd_sc_hd__clkbuf_16)
                                                         clknet_0_clk (net)
                      0.044956    0.001199    0.382361 ^ clkbuf_1_1__f_clk/A (sky130_fd_sc_hd__clkbuf_16)
    18    0.050165    0.052350    0.105513    0.487874 ^ clkbuf_1_1__f_clk/X (sky130_fd_sc_hd__clkbuf_16)
                                                         clknet_1_1__leaf_clk (net)
                      0.052630    0.002968    0.490842 ^ _22405_/CLK (sky130_fd_sc_hd__dfxtp_2)
     2    0.049174    0.084505    0.258965    0.749807 v _22405_/Q (sky130_fd_sc_hd__dfxtp_2)
                                                         net237 (net)
                      0.085607    0.007766    0.757573 v output237/A (sky130_fd_sc_hd__buf_2)
     1    0.034395    0.063186    0.139614    0.897187 v output237/X (sky130_fd_sc_hd__buf_2)
                                                         output_high[9] (net)
                      0.063207    0.000956    0.898143 v output_high[9] (out)
                                              0.898143   data arrival time

                                  0.000000    0.000000   clock clk (rise edge)
                                  0.000000    0.000000   clock network delay (propagated)
                                  0.250000    0.250000   clock uncertainty
                                  0.000000    0.250000   clock reconvergence pessimism
                                 -5.000000   -4.750000   output external delay
                                             -4.750000   data required time
---------------------------------------------------------------------------------------------
                                             -4.750000   data required time
                                             -0.898143   data arrival time
---------------------------------------------------------------------------------------------
                                              5.648142   slack (MET)


Startpoint: _22401_ (rising edge-triggered flip-flop clocked by clk)
Endpoint: output_high[5] (output port clocked by clk)
Path Group: clk
Path Type: min

Fanout         Cap        Slew       Delay        Time   Description
---------------------------------------------------------------------------------------------
                                  0.000000    0.000000   clock clk (rise edge)
                                  0.000000    0.000000   clock source latency
     2    0.097610    0.331431    0.242413    0.242413 ^ clk (in)
                                                         clk (net)
                      0.335712    0.000000    0.242413 ^ clkbuf_0_clk/A (sky130_fd_sc_hd__clkbuf_16)
     2    0.029280    0.044901    0.138749    0.381162 ^ clkbuf_0_clk/X (sky130_fd_sc_hd__clkbuf_16)
                                                         clknet_0_clk (net)
                      0.044963    0.001274    0.382436 ^ clkbuf_1_0__f_clk/A (sky130_fd_sc_hd__clkbuf_16)
    14    0.058701    0.058574    0.110401    0.492838 ^ clkbuf_1_0__f_clk/X (sky130_fd_sc_hd__clkbuf_16)
                                                         clknet_1_0__leaf_clk (net)
                      0.058813    0.002952    0.495790 ^ _22401_/CLK (sky130_fd_sc_hd__dfxtp_1)
     2    0.029439    0.097326    0.258078    0.753868 v _22401_/Q (sky130_fd_sc_hd__dfxtp_1)
                                                         net233 (net)
                      0.097474    0.003165    0.757033 v output233/A (sky130_fd_sc_hd__buf_2)
     1    0.034063    0.062619    0.144237    0.901270 v output233/X (sky130_fd_sc_hd__buf_2)
                                                         output_high[5] (net)
                      0.062629    0.000654    0.901924 v output_high[5] (out)
                                              0.901924   data arrival time

                                  0.000000    0.000000   clock clk (rise edge)
                                  0.000000    0.000000   clock network delay (propagated)
                                  0.250000    0.250000   clock uncertainty
                                  0.000000    0.250000   clock reconvergence pessimism
                                 -5.000000   -4.750000   output external delay
                                             -4.750000   data required time
---------------------------------------------------------------------------------------------
                                             -4.750000   data required time
                                             -0.901924   data arrival time
---------------------------------------------------------------------------------------------
                                              5.651925   slack (MET)


Startpoint: _22390_ (rising edge-triggered flip-flop clocked by clk)
Endpoint: output_high[10] (output port clocked by clk)
Path Group: clk
Path Type: min

Fanout         Cap        Slew       Delay        Time   Description
---------------------------------------------------------------------------------------------
                                  0.000000    0.000000   clock clk (rise edge)
                                  0.000000    0.000000   clock source latency
     2    0.097610    0.331431    0.242413    0.242413 ^ clk (in)
                                                         clk (net)
                      0.335712    0.000000    0.242413 ^ clkbuf_0_clk/A (sky130_fd_sc_hd__clkbuf_16)
     2    0.029280    0.044901    0.138749    0.381162 ^ clkbuf_0_clk/X (sky130_fd_sc_hd__clkbuf_16)
                                                         clknet_0_clk (net)
                      0.044956    0.001199    0.382361 ^ clkbuf_1_1__f_clk/A (sky130_fd_sc_hd__clkbuf_16)
    18    0.050165    0.052350    0.105513    0.487874 ^ clkbuf_1_1__f_clk/X (sky130_fd_sc_hd__clkbuf_16)
                                                         clknet_1_1__leaf_clk (net)
                      0.052552    0.002501    0.490375 ^ _22390_/CLK (sky130_fd_sc_hd__dfxtp_2)
     2    0.051448    0.088256    0.260452    0.750827 v _22390_/Q (sky130_fd_sc_hd__dfxtp_2)
                                                         net223 (net)
                      0.089950    0.009832    0.760659 v output223/A (sky130_fd_sc_hd__buf_2)
     1    0.034186    0.062781    0.141333    0.901993 v output223/X (sky130_fd_sc_hd__buf_2)
                                                         output_high[10] (net)
                      0.062791    0.000658    0.902651 v output_high[10] (out)
                                              0.902651   data arrival time

                                  0.000000    0.000000   clock clk (rise edge)
                                  0.000000    0.000000   clock network delay (propagated)
                                  0.250000    0.250000   clock uncertainty
                                  0.000000    0.250000   clock reconvergence pessimism
                                 -5.000000   -4.750000   output external delay
                                             -4.750000   data required time
---------------------------------------------------------------------------------------------
                                             -4.750000   data required time
                                             -0.902651   data arrival time
---------------------------------------------------------------------------------------------
                                              5.652650   slack (MET)


Startpoint: _22393_ (rising edge-triggered flip-flop clocked by clk)
Endpoint: output_high[13] (output port clocked by clk)
Path Group: clk
Path Type: min

Fanout         Cap        Slew       Delay        Time   Description
---------------------------------------------------------------------------------------------
                                  0.000000    0.000000   clock clk (rise edge)
                                  0.000000    0.000000   clock source latency
     2    0.097610    0.331431    0.242413    0.242413 ^ clk (in)
                                                         clk (net)
                      0.335712    0.000000    0.242413 ^ clkbuf_0_clk/A (sky130_fd_sc_hd__clkbuf_16)
     2    0.029280    0.044901    0.138749    0.381162 ^ clkbuf_0_clk/X (sky130_fd_sc_hd__clkbuf_16)
                                                         clknet_0_clk (net)
                      0.044956    0.001199    0.382361 ^ clkbuf_1_1__f_clk/A (sky130_fd_sc_hd__clkbuf_16)
    18    0.050165    0.052350    0.105513    0.487874 ^ clkbuf_1_1__f_clk/X (sky130_fd_sc_hd__clkbuf_16)
                                                         clknet_1_1__leaf_clk (net)
                      0.052411    0.001383    0.489257 ^ _22393_/CLK (sky130_fd_sc_hd__dfxtp_4)
     5    0.077466    0.080072    0.276602    0.765859 v _22393_/Q (sky130_fd_sc_hd__dfxtp_4)
                                                         net226 (net)
                      0.080904    0.005977    0.771836 v output226/A (sky130_fd_sc_hd__buf_2)
     1    0.034166    0.062720    0.137645    0.909481 v output226/X (sky130_fd_sc_hd__buf_2)
                                                         output_high[13] (net)
                      0.062729    0.000643    0.910124 v output_high[13] (out)
                                              0.910124   data arrival time

                                  0.000000    0.000000   clock clk (rise edge)
                                  0.000000    0.000000   clock network delay (propagated)
                                  0.250000    0.250000   clock uncertainty
                                  0.000000    0.250000   clock reconvergence pessimism
                                 -5.000000   -4.750000   output external delay
                                             -4.750000   data required time
---------------------------------------------------------------------------------------------
                                             -4.750000   data required time
                                             -0.910124   data arrival time
---------------------------------------------------------------------------------------------
                                              5.660124   slack (MET)


Startpoint: _22391_ (rising edge-triggered flip-flop clocked by clk)
Endpoint: output_high[11] (output port clocked by clk)
Path Group: clk
Path Type: min

Fanout         Cap        Slew       Delay        Time   Description
---------------------------------------------------------------------------------------------
                                  0.000000    0.000000   clock clk (rise edge)
                                  0.000000    0.000000   clock source latency
     2    0.097610    0.331431    0.242413    0.242413 ^ clk (in)
                                                         clk (net)
                      0.335712    0.000000    0.242413 ^ clkbuf_0_clk/A (sky130_fd_sc_hd__clkbuf_16)
     2    0.029280    0.044901    0.138749    0.381162 ^ clkbuf_0_clk/X (sky130_fd_sc_hd__clkbuf_16)
                                                         clknet_0_clk (net)
                      0.044956    0.001199    0.382361 ^ clkbuf_1_1__f_clk/A (sky130_fd_sc_hd__clkbuf_16)
    18    0.050165    0.052350    0.105513    0.487874 ^ clkbuf_1_1__f_clk/X (sky130_fd_sc_hd__clkbuf_16)
                                                         clknet_1_1__leaf_clk (net)
                      0.052652    0.003094    0.490968 ^ _22391_/CLK (sky130_fd_sc_hd__dfxtp_2)
     2    0.055533    0.094571    0.264835    0.755803 v _22391_/Q (sky130_fd_sc_hd__dfxtp_2)
                                                         net224 (net)
                      0.096495    0.010803    0.766606 v output224/A (sky130_fd_sc_hd__buf_2)
     1    0.034186    0.062799    0.143992    0.910598 v output224/X (sky130_fd_sc_hd__buf_2)
                                                         output_high[11] (net)
                      0.062809    0.000658    0.911256 v output_high[11] (out)
                                              0.911256   data arrival time

                                  0.000000    0.000000   clock clk (rise edge)
                                  0.000000    0.000000   clock network delay (propagated)
                                  0.250000    0.250000   clock uncertainty
                                  0.000000    0.250000   clock reconvergence pessimism
                                 -5.000000   -4.750000   output external delay
                                             -4.750000   data required time
---------------------------------------------------------------------------------------------
                                             -4.750000   data required time
                                             -0.911256   data arrival time
---------------------------------------------------------------------------------------------
                                              5.661256   slack (MET)


Startpoint: _22394_ (rising edge-triggered flip-flop clocked by clk)
Endpoint: output_high[14] (output port clocked by clk)
Path Group: clk
Path Type: min

Fanout         Cap        Slew       Delay        Time   Description
---------------------------------------------------------------------------------------------
                                  0.000000    0.000000   clock clk (rise edge)
                                  0.000000    0.000000   clock source latency
     2    0.097610    0.331431    0.242413    0.242413 ^ clk (in)
                                                         clk (net)
                      0.335712    0.000000    0.242413 ^ clkbuf_0_clk/A (sky130_fd_sc_hd__clkbuf_16)
     2    0.029280    0.044901    0.138749    0.381162 ^ clkbuf_0_clk/X (sky130_fd_sc_hd__clkbuf_16)
                                                         clknet_0_clk (net)
                      0.044956    0.001199    0.382361 ^ clkbuf_1_1__f_clk/A (sky130_fd_sc_hd__clkbuf_16)
    18    0.050165    0.052350    0.105513    0.487874 ^ clkbuf_1_1__f_clk/X (sky130_fd_sc_hd__clkbuf_16)
                                                         clknet_1_1__leaf_clk (net)
                      0.052688    0.003284    0.491158 ^ _22394_/CLK (sky130_fd_sc_hd__dfxtp_4)
     2    0.071873    0.076664    0.267422    0.758580 v _22394_/Q (sky130_fd_sc_hd__dfxtp_4)
                                                         net227 (net)
                      0.083811    0.018212    0.776792 v output227/A (sky130_fd_sc_hd__buf_2)
     1    0.034186    0.062763    0.138839    0.915632 v output227/X (sky130_fd_sc_hd__buf_2)
                                                         output_high[14] (net)
                      0.062773    0.000658    0.916289 v output_high[14] (out)
                                              0.916289   data arrival time

                                  0.000000    0.000000   clock clk (rise edge)
                                  0.000000    0.000000   clock network delay (propagated)
                                  0.250000    0.250000   clock uncertainty
                                  0.000000    0.250000   clock reconvergence pessimism
                                 -5.000000   -4.750000   output external delay
                                             -4.750000   data required time
---------------------------------------------------------------------------------------------
                                             -4.750000   data required time
                                             -0.916289   data arrival time
---------------------------------------------------------------------------------------------
                                              5.666289   slack (MET)


Startpoint: _22404_ (rising edge-triggered flip-flop clocked by clk)
Endpoint: output_high[8] (output port clocked by clk)
Path Group: clk
Path Type: min

Fanout         Cap        Slew       Delay        Time   Description
---------------------------------------------------------------------------------------------
                                  0.000000    0.000000   clock clk (rise edge)
                                  0.000000    0.000000   clock source latency
     2    0.097610    0.331431    0.242413    0.242413 ^ clk (in)
                                                         clk (net)
                      0.335712    0.000000    0.242413 ^ clkbuf_0_clk/A (sky130_fd_sc_hd__clkbuf_16)
     2    0.029280    0.044901    0.138749    0.381162 ^ clkbuf_0_clk/X (sky130_fd_sc_hd__clkbuf_16)
                                                         clknet_0_clk (net)
                      0.044956    0.001199    0.382361 ^ clkbuf_1_1__f_clk/A (sky130_fd_sc_hd__clkbuf_16)
    18    0.050165    0.052350    0.105513    0.487874 ^ clkbuf_1_1__f_clk/X (sky130_fd_sc_hd__clkbuf_16)
                                                         clknet_1_1__leaf_clk (net)
                      0.052668    0.003178    0.491052 ^ _22404_/CLK (sky130_fd_sc_hd__dfxtp_1)
     2    0.035530    0.116363    0.270249    0.761301 v _22404_/Q (sky130_fd_sc_hd__dfxtp_1)
                                                         net236 (net)
                      0.116593    0.004310    0.765611 v output236/A (sky130_fd_sc_hd__buf_2)
     1    0.034280    0.063025    0.152217    0.917829 v output236/X (sky130_fd_sc_hd__buf_2)
                                                         output_high[8] (net)
                      0.063037    0.000740    0.918569 v output_high[8] (out)
                                              0.918569   data arrival time

                                  0.000000    0.000000   clock clk (rise edge)
                                  0.000000    0.000000   clock network delay (propagated)
                                  0.250000    0.250000   clock uncertainty
                                  0.000000    0.250000   clock reconvergence pessimism
                                 -5.000000   -4.750000   output external delay
                                             -4.750000   data required time
---------------------------------------------------------------------------------------------
                                             -4.750000   data required time
                                             -0.918569   data arrival time
---------------------------------------------------------------------------------------------
                                              5.668569   slack (MET)


Startpoint: _22395_ (rising edge-triggered flip-flop clocked by clk)
Endpoint: output_high[15] (output port clocked by clk)
Path Group: clk
Path Type: min

Fanout         Cap        Slew       Delay        Time   Description
---------------------------------------------------------------------------------------------
                                  0.000000    0.000000   clock clk (rise edge)
                                  0.000000    0.000000   clock source latency
     2    0.097610    0.331431    0.242413    0.242413 ^ clk (in)
                                                         clk (net)
                      0.335712    0.000000    0.242413 ^ clkbuf_0_clk/A (sky130_fd_sc_hd__clkbuf_16)
     2    0.029280    0.044901    0.138749    0.381162 ^ clkbuf_0_clk/X (sky130_fd_sc_hd__clkbuf_16)
                                                         clknet_0_clk (net)
                      0.044956    0.001199    0.382361 ^ clkbuf_1_1__f_clk/A (sky130_fd_sc_hd__clkbuf_16)
    18    0.050165    0.052350    0.105513    0.487874 ^ clkbuf_1_1__f_clk/X (sky130_fd_sc_hd__clkbuf_16)
                                                         clknet_1_1__leaf_clk (net)
                      0.052495    0.002114    0.489988 ^ _22395_/CLK (sky130_fd_sc_hd__dfxtp_4)
     2    0.081575    0.084052    0.272189    0.762177 v _22395_/Q (sky130_fd_sc_hd__dfxtp_4)
                                                         net228 (net)
                      0.094892    0.023158    0.785334 v output228/A (sky130_fd_sc_hd__buf_2)
     1    0.034228    0.062883    0.143342    0.928676 v output228/X (sky130_fd_sc_hd__buf_2)
                                                         output_high[15] (net)
                      0.062895    0.000729    0.929406 v output_high[15] (out)
                                              0.929406   data arrival time

                                  0.000000    0.000000   clock clk (rise edge)
                                  0.000000    0.000000   clock network delay (propagated)
                                  0.250000    0.250000   clock uncertainty
                                  0.000000    0.250000   clock reconvergence pessimism
                                 -5.000000   -4.750000   output external delay
                                             -4.750000   data required time
---------------------------------------------------------------------------------------------
                                             -4.750000   data required time
                                             -0.929406   data arrival time
---------------------------------------------------------------------------------------------
                                              5.679406   slack (MET)


Startpoint: _22396_ (rising edge-triggered flip-flop clocked by clk)
Endpoint: output_high[0] (output port clocked by clk)
Path Group: clk
Path Type: min

Fanout         Cap        Slew       Delay        Time   Description
---------------------------------------------------------------------------------------------
                                  0.000000    0.000000   clock clk (rise edge)
                                  0.000000    0.000000   clock source latency
     2    0.097610    0.331431    0.242413    0.242413 ^ clk (in)
                                                         clk (net)
                      0.335712    0.000000    0.242413 ^ clkbuf_0_clk/A (sky130_fd_sc_hd__clkbuf_16)
     2    0.029280    0.044901    0.138749    0.381162 ^ clkbuf_0_clk/X (sky130_fd_sc_hd__clkbuf_16)
                                                         clknet_0_clk (net)
                      0.044963    0.001274    0.382436 ^ clkbuf_1_0__f_clk/A (sky130_fd_sc_hd__clkbuf_16)
    14    0.058701    0.058574    0.110401    0.492838 ^ clkbuf_1_0__f_clk/X (sky130_fd_sc_hd__clkbuf_16)
                                                         clknet_1_0__leaf_clk (net)
                      0.058679    0.001955    0.494793 ^ _22396_/CLK (sky130_fd_sc_hd__dfxtp_4)
     2    0.079742    0.083014    0.271077    0.765869 v _22396_/Q (sky130_fd_sc_hd__dfxtp_4)
                                                         net222 (net)
                      0.094214    0.023307    0.789176 v output222/A (sky130_fd_sc_hd__buf_2)
     1    0.034216    0.062861    0.143053    0.932229 v output222/X (sky130_fd_sc_hd__buf_2)
                                                         output_high[0] (net)
                      0.062873    0.000726    0.932956 v output_high[0] (out)
                                              0.932956   data arrival time

                                  0.000000    0.000000   clock clk (rise edge)
                                  0.000000    0.000000   clock network delay (propagated)
                                  0.250000    0.250000   clock uncertainty
                                  0.000000    0.250000   clock reconvergence pessimism
                                 -5.000000   -4.750000   output external delay
                                             -4.750000   data required time
---------------------------------------------------------------------------------------------
                                             -4.750000   data required time
                                             -0.932956   data arrival time
---------------------------------------------------------------------------------------------
                                              5.682956   slack (MET)


Startpoint: _22392_ (rising edge-triggered flip-flop clocked by clk)
Endpoint: output_high[12] (output port clocked by clk)
Path Group: clk
Path Type: min

Fanout         Cap        Slew       Delay        Time   Description
---------------------------------------------------------------------------------------------
                                  0.000000    0.000000   clock clk (rise edge)
                                  0.000000    0.000000   clock source latency
     2    0.097610    0.331431    0.242413    0.242413 ^ clk (in)
                                                         clk (net)
                      0.335712    0.000000    0.242413 ^ clkbuf_0_clk/A (sky130_fd_sc_hd__clkbuf_16)
     2    0.029280    0.044901    0.138749    0.381162 ^ clkbuf_0_clk/X (sky130_fd_sc_hd__clkbuf_16)
                                                         clknet_0_clk (net)
                      0.044956    0.001199    0.382361 ^ clkbuf_1_1__f_clk/A (sky130_fd_sc_hd__clkbuf_16)
    18    0.050165    0.052350    0.105513    0.487874 ^ clkbuf_1_1__f_clk/X (sky130_fd_sc_hd__clkbuf_16)
                                                         clknet_1_1__leaf_clk (net)
                      0.052617    0.002897    0.490771 ^ _22392_/CLK (sky130_fd_sc_hd__dfxtp_2)
     2    0.070074    0.117911    0.277531    0.768302 v _22392_/Q (sky130_fd_sc_hd__dfxtp_2)
                                                         net225 (net)
                      0.121640    0.016596    0.784898 v output225/A (sky130_fd_sc_hd__buf_2)
     1    0.034144    0.062796    0.154179    0.939077 v output225/X (sky130_fd_sc_hd__buf_2)
                                                         output_high[12] (net)
                      0.062804    0.000625    0.939702 v output_high[12] (out)
                                              0.939702   data arrival time

                                  0.000000    0.000000   clock clk (rise edge)
                                  0.000000    0.000000   clock network delay (propagated)
                                  0.250000    0.250000   clock uncertainty
                                  0.000000    0.250000   clock reconvergence pessimism
                                 -5.000000   -4.750000   output external delay
                                             -4.750000   data required time
---------------------------------------------------------------------------------------------
                                             -4.750000   data required time
                                             -0.939702   data arrival time
---------------------------------------------------------------------------------------------
                                              5.689702   slack (MET)



