Using 12 threads…
Using a tile size of (500 µm)²…
Reading /mnt/d/APIC/FIR_Openlane/Highpass/runs/RUN_2024-06-17_17-46-17/54-magic-streamout/highpass.magic.gds ..
Reading /mnt/d/APIC/FIR_Openlane/Highpass/runs/RUN_2024-06-17_17-46-17/55-klayout-streamout/highpass.klayout.gds ..
--- Running XOR for layer 122/16 ---
"input" in: xor.drc:109
    Polygons (raw): 67494 (flat)  173 (hierarchical)
    Elapsed: 0.000s  Memory: 401.00M
"input" in: xor.drc:109
    Polygons (raw): 67494 (flat)  173 (hierarchical)
    Elapsed: 0.000s  Memory: 401.00M
"^" in: xor.drc:109
    Polygons (raw): 0 (flat)  0 (hierarchical)
    Elapsed: 0.740s  Memory: 1233.00M
XOR differences: 0
"output" in: xor.drc:86
    Polygons (raw): 0 (flat)  0 (hierarchical)
    Elapsed: 0.000s  Memory: 1201.00M
--- Running XOR for layer 235/4 ---
"input" in: xor.drc:109
    Polygons (raw): 1 (flat)  1 (hierarchical)
    Elapsed: 0.000s  Memory: 1201.00M
"input" in: xor.drc:109
    Polygons (raw): 1 (flat)  1 (hierarchical)
    Elapsed: 0.000s  Memory: 1201.00M
"^" in: xor.drc:109
    Polygons (raw): 0 (flat)  0 (hierarchical)
    Elapsed: 0.110s  Memory: 1217.00M
XOR differences: 0
"output" in: xor.drc:86
    Polygons (raw): 0 (flat)  0 (hierarchical)
    Elapsed: 0.000s  Memory: 1201.00M
--- Running XOR for layer 236/0 ---
"input" in: xor.drc:109
    Polygons (raw): 56857 (flat)  166 (hierarchical)
    Elapsed: 0.000s  Memory: 1201.00M
"input" in: xor.drc:109
    Polygons (raw): 56857 (flat)  166 (hierarchical)
    Elapsed: 0.000s  Memory: 1201.00M
"^" in: xor.drc:109
    Polygons (raw): 0 (flat)  0 (hierarchical)
    Elapsed: 0.730s  Memory: 1265.00M
XOR differences: 0
"output" in: xor.drc:86
    Polygons (raw): 0 (flat)  0 (hierarchical)
    Elapsed: 0.010s  Memory: 1201.00M
--- Running XOR for layer 64/16 ---
"input" in: xor.drc:109
    Polygons (raw): 67494 (flat)  173 (hierarchical)
    Elapsed: 0.000s  Memory: 1201.00M
"input" in: xor.drc:109
    Polygons (raw): 67494 (flat)  173 (hierarchical)
    Elapsed: 0.000s  Memory: 1201.00M
"^" in: xor.drc:109
    Polygons (raw): 0 (flat)  0 (hierarchical)
    Elapsed: 0.710s  Memory: 1225.00M
XOR differences: 0
"output" in: xor.drc:86
    Polygons (raw): 0 (flat)  0 (hierarchical)
    Elapsed: 0.000s  Memory: 1201.00M
--- Running XOR for layer 64/20 ---
"input" in: xor.drc:109
    Polygons (raw): 76258 (flat)  169 (hierarchical)
    Elapsed: 0.000s  Memory: 1201.00M
"input" in: xor.drc:109
    Polygons (raw): 76258 (flat)  169 (hierarchical)
    Elapsed: 0.000s  Memory: 1201.00M
"^" in: xor.drc:109
    Polygons (raw): 0 (flat)  0 (hierarchical)
    Elapsed: 1.150s  Memory: 1225.00M
XOR differences: 0
"output" in: xor.drc:86
    Polygons (raw): 0 (flat)  0 (hierarchical)
    Elapsed: 0.010s  Memory: 1201.00M
--- Running XOR for layer 64/5 ---
"input" in: xor.drc:109
    Polygons (raw): 0 (flat)  0 (hierarchical)
    Elapsed: 0.000s  Memory: 1201.00M
"input" in: xor.drc:109
    Polygons (raw): 0 (flat)  0 (hierarchical)
    Elapsed: 0.000s  Memory: 1201.00M
"^" in: xor.drc:109
    Polygons (raw): 0 (flat)  0 (hierarchical)
    Elapsed: 0.330s  Memory: 1225.00M
XOR differences: 0
"output" in: xor.drc:86
    Polygons (raw): 0 (flat)  0 (hierarchical)
    Elapsed: 0.000s  Memory: 1201.00M
--- Running XOR for layer 64/59 ---
"input" in: xor.drc:109
    Polygons (raw): 0 (flat)  0 (hierarchical)
    Elapsed: 0.000s  Memory: 1201.00M
"input" in: xor.drc:109
    Polygons (raw): 0 (flat)  0 (hierarchical)
    Elapsed: 0.000s  Memory: 1201.00M
"^" in: xor.drc:109
    Polygons (raw): 0 (flat)  0 (hierarchical)
    Elapsed: 0.320s  Memory: 1241.00M
XOR differences: 0
"output" in: xor.drc:86
    Polygons (raw): 0 (flat)  0 (hierarchical)
    Elapsed: 0.000s  Memory: 1201.00M
--- Running XOR for layer 65/20 ---
"input" in: xor.drc:109
    Polygons (raw): 117525 (flat)  485 (hierarchical)
    Elapsed: 0.000s  Memory: 1201.00M
"input" in: xor.drc:109
    Polygons (raw): 117525 (flat)  485 (hierarchical)
    Elapsed: 0.000s  Memory: 1201.00M
"^" in: xor.drc:109
    Polygons (raw): 0 (flat)  0 (hierarchical)
    Elapsed: 0.920s  Memory: 1249.00M
XOR differences: 0
"output" in: xor.drc:86
    Polygons (raw): 0 (flat)  0 (hierarchical)
    Elapsed: 0.010s  Memory: 1201.00M
--- Running XOR for layer 65/44 ---
"input" in: xor.drc:109
    Polygons (raw): 17568 (flat)  2 (hierarchical)
    Elapsed: 0.000s  Memory: 1201.00M
"input" in: xor.drc:109
    Polygons (raw): 17568 (flat)  2 (hierarchical)
    Elapsed: 0.000s  Memory: 1201.00M
"^" in: xor.drc:109
    Polygons (raw): 0 (flat)  0 (hierarchical)
    Elapsed: 0.210s  Memory: 1217.00M
XOR differences: 0
"output" in: xor.drc:86
    Polygons (raw): 0 (flat)  0 (hierarchical)
    Elapsed: 0.000s  Memory: 1201.00M
--- Running XOR for layer 66/20 ---
"input" in: xor.drc:109
    Polygons (raw): 122708 (flat)  779 (hierarchical)
    Elapsed: 0.000s  Memory: 1201.00M
"input" in: xor.drc:109
    Polygons (raw): 122708 (flat)  779 (hierarchical)
    Elapsed: 0.000s  Memory: 1201.00M
"^" in: xor.drc:109
    Polygons (raw): 0 (flat)  0 (hierarchical)
    Elapsed: 1.510s  Memory: 1241.00M
XOR differences: 0
"output" in: xor.drc:86
    Polygons (raw): 0 (flat)  0 (hierarchical)
    Elapsed: 0.010s  Memory: 1201.00M
--- Running XOR for layer 66/44 ---
"input" in: xor.drc:109
    Polygons (raw): 598118 (flat)  5319 (hierarchical)
    Elapsed: 0.000s  Memory: 1201.00M
"input" in: xor.drc:109
    Polygons (raw): 598118 (flat)  5319 (hierarchical)
    Elapsed: 0.000s  Memory: 1201.00M
"^" in: xor.drc:109
    Polygons (raw): 0 (flat)  0 (hierarchical)
    Elapsed: 3.500s  Memory: 1225.00M
XOR differences: 0
"output" in: xor.drc:86
    Polygons (raw): 0 (flat)  0 (hierarchical)
    Elapsed: 0.000s  Memory: 1201.00M
--- Running XOR for layer 67/16 ---
"input" in: xor.drc:109
    Polygons (raw): 131557 (flat)  1332 (hierarchical)
    Elapsed: 0.000s  Memory: 1201.00M
"input" in: xor.drc:109
    Polygons (raw): 131557 (flat)  1332 (hierarchical)
    Elapsed: 0.000s  Memory: 1201.00M
"^" in: xor.drc:109
    Polygons (raw): 0 (flat)  0 (hierarchical)
    Elapsed: 0.720s  Memory: 1217.00M
XOR differences: 0
"output" in: xor.drc:86
    Polygons (raw): 0 (flat)  0 (hierarchical)
    Elapsed: 0.000s  Memory: 1201.00M
--- Running XOR for layer 67/20 ---
"input" in: xor.drc:109
    Polygons (raw): 382272 (flat)  44933 (hierarchical)
    Elapsed: 0.000s  Memory: 1201.00M
"input" in: xor.drc:109
    Polygons (raw): 382272 (flat)  1377 (hierarchical)
    Elapsed: 0.000s  Memory: 1201.00M
"^" in: xor.drc:109
    Polygons (raw): 0 (flat)  0 (hierarchical)
    Elapsed: 4.390s  Memory: 1209.00M
XOR differences: 0
"output" in: xor.drc:86
    Polygons (raw): 0 (flat)  0 (hierarchical)
    Elapsed: 0.010s  Memory: 1201.00M
--- Running XOR for layer 67/44 ---
"input" in: xor.drc:109
    Polygons (raw): 1027191 (flat)  46633 (hierarchical)
    Elapsed: 0.000s  Memory: 1201.00M
"input" in: xor.drc:109
    Polygons (raw): 1027191 (flat)  3077 (hierarchical)
    Elapsed: 0.000s  Memory: 1201.00M
"^" in: xor.drc:109
    Polygons (raw): 0 (flat)  0 (hierarchical)
    Elapsed: 6.360s  Memory: 1241.00M
XOR differences: 0
"output" in: xor.drc:86
    Polygons (raw): 0 (flat)  0 (hierarchical)
    Elapsed: 0.000s  Memory: 1201.00M
--- Running XOR for layer 67/5 ---
"input" in: xor.drc:109
    Polygons (raw): 0 (flat)  0 (hierarchical)
    Elapsed: 0.000s  Memory: 1201.00M
"input" in: xor.drc:109
    Polygons (raw): 0 (flat)  0 (hierarchical)
    Elapsed: 0.000s  Memory: 1201.00M
"^" in: xor.drc:109
    Polygons (raw): 0 (flat)  0 (hierarchical)
    Elapsed: 0.170s  Memory: 1225.00M
XOR differences: 0
"output" in: xor.drc:86
    Polygons (raw): 0 (flat)  0 (hierarchical)
    Elapsed: 0.000s  Memory: 1201.00M
--- Running XOR for layer 68/16 ---
"input" in: xor.drc:109
    Polygons (raw): 152675 (flat)  345 (hierarchical)
    Elapsed: 0.000s  Memory: 1201.00M
"input" in: xor.drc:109
    Polygons (raw): 152675 (flat)  345 (hierarchical)
    Elapsed: 0.000s  Memory: 1201.00M
"^" in: xor.drc:109
    Polygons (raw): 0 (flat)  0 (hierarchical)
    Elapsed: 1.200s  Memory: 1209.00M
XOR differences: 0
"output" in: xor.drc:86
    Polygons (raw): 0 (flat)  0 (hierarchical)
    Elapsed: 0.000s  Memory: 1201.00M
--- Running XOR for layer 68/20 ---
"input" in: xor.drc:109
    Polygons (raw): 338411 (flat)  184937 (hierarchical)
    Elapsed: 0.000s  Memory: 1201.00M
"input" in: xor.drc:109
    Polygons (raw): 303082 (flat)  61722 (hierarchical)
    Elapsed: 0.000s  Memory: 1201.00M
"^" in: xor.drc:109
    Polygons (raw): 0 (flat)  0 (hierarchical)
    Elapsed: 3.070s  Memory: 1209.00M
XOR differences: 0
"output" in: xor.drc:86
    Polygons (raw): 0 (flat)  0 (hierarchical)
    Elapsed: 0.000s  Memory: 1201.00M
--- Running XOR for layer 68/44 ---
"input" in: xor.drc:109
    Polygons (raw): 51221 (flat)  51221 (hierarchical)
    Elapsed: 0.000s  Memory: 1201.00M
"input" in: xor.drc:109
    Polygons (raw): 51221 (flat)  7 (hierarchical)
    Elapsed: 0.000s  Memory: 1201.00M
"^" in: xor.drc:109
    Polygons (raw): 0 (flat)  0 (hierarchical)
    Elapsed: 0.390s  Memory: 1217.00M
XOR differences: 0
"output" in: xor.drc:86
    Polygons (raw): 0 (flat)  0 (hierarchical)
    Elapsed: 0.000s  Memory: 1201.00M
--- Running XOR for layer 68/5 ---
"input" in: xor.drc:109
    Polygons (raw): 0 (flat)  0 (hierarchical)
    Elapsed: 0.000s  Memory: 1201.00M
"input" in: xor.drc:109
    Polygons (raw): 0 (flat)  0 (hierarchical)
    Elapsed: 0.000s  Memory: 1201.00M
"^" in: xor.drc:109
    Polygons (raw): 0 (flat)  0 (hierarchical)
    Elapsed: 0.380s  Memory: 1201.00M
XOR differences: 0
"output" in: xor.drc:86
    Polygons (raw): 0 (flat)  0 (hierarchical)
    Elapsed: 0.000s  Memory: 1201.00M
--- Running XOR for layer 69/16 ---
"input" in: xor.drc:109
    Polygons (raw): 244 (flat)  244 (hierarchical)
    Elapsed: 0.000s  Memory: 1201.00M
"input" in: xor.drc:109
    Polygons (raw): 244 (flat)  244 (hierarchical)
    Elapsed: 0.000s  Memory: 1201.00M
"^" in: xor.drc:109
    Polygons (raw): 0 (flat)  0 (hierarchical)
    Elapsed: 0.120s  Memory: 1209.00M
XOR differences: 0
"output" in: xor.drc:86
    Polygons (raw): 0 (flat)  0 (hierarchical)
    Elapsed: 0.000s  Memory: 1201.00M
--- Running XOR for layer 69/20 ---
"input" in: xor.drc:109
    Polygons (raw): 74914 (flat)  74914 (hierarchical)
    Elapsed: 0.000s  Memory: 1201.00M
"input" in: xor.drc:109
    Polygons (raw): 76647 (flat)  30059 (hierarchical)
    Elapsed: 0.000s  Memory: 1201.00M
"^" in: xor.drc:109
    Polygons (raw): 0 (flat)  0 (hierarchical)
    Elapsed: 0.870s  Memory: 1209.00M
XOR differences: 0
"output" in: xor.drc:86
    Polygons (raw): 0 (flat)  0 (hierarchical)
    Elapsed: 0.010s  Memory: 1201.00M
--- Running XOR for layer 69/44 ---
"input" in: xor.drc:109
    Polygons (raw): 7426 (flat)  7426 (hierarchical)
    Elapsed: 0.000s  Memory: 1201.00M
"input" in: xor.drc:109
    Polygons (raw): 7426 (flat)  5 (hierarchical)
    Elapsed: 0.000s  Memory: 1201.00M
"^" in: xor.drc:109
    Polygons (raw): 0 (flat)  0 (hierarchical)
    Elapsed: 0.150s  Memory: 1217.00M
XOR differences: 0
"output" in: xor.drc:86
    Polygons (raw): 0 (flat)  0 (hierarchical)
    Elapsed: 0.000s  Memory: 1201.00M
--- Running XOR for layer 69/5 ---
"input" in: xor.drc:109
    Polygons (raw): 0 (flat)  0 (hierarchical)
    Elapsed: 0.000s  Memory: 1201.00M
"input" in: xor.drc:109
    Polygons (raw): 0 (flat)  0 (hierarchical)
    Elapsed: 0.000s  Memory: 1201.00M
"^" in: xor.drc:109
    Polygons (raw): 0 (flat)  0 (hierarchical)
    Elapsed: 0.120s  Memory: 1217.00M
XOR differences: 0
"output" in: xor.drc:86
    Polygons (raw): 0 (flat)  0 (hierarchical)
    Elapsed: 0.000s  Memory: 1201.00M
--- Running XOR for layer 70/16 ---
"input" in: xor.drc:109
    Polygons (raw): 17 (flat)  17 (hierarchical)
    Elapsed: 0.000s  Memory: 1201.00M
"input" in: xor.drc:109
    Polygons (raw): 17 (flat)  17 (hierarchical)
    Elapsed: 0.000s  Memory: 1201.00M
"^" in: xor.drc:109
    Polygons (raw): 0 (flat)  0 (hierarchical)
    Elapsed: 0.090s  Memory: 1249.00M
XOR differences: 0
"output" in: xor.drc:86
    Polygons (raw): 0 (flat)  0 (hierarchical)
    Elapsed: 0.000s  Memory: 1201.00M
--- Running XOR for layer 70/20 ---
"input" in: xor.drc:109
    Polygons (raw): 3304 (flat)  3304 (hierarchical)
    Elapsed: 0.000s  Memory: 1201.00M
"input" in: xor.drc:109
    Polygons (raw): 6171 (flat)  2119 (hierarchical)
    Elapsed: 0.000s  Memory: 1201.00M
"^" in: xor.drc:109
    Polygons (raw): 0 (flat)  0 (hierarchical)
    Elapsed: 0.160s  Memory: 1225.00M
XOR differences: 0
"output" in: xor.drc:86
    Polygons (raw): 0 (flat)  0 (hierarchical)
    Elapsed: 0.000s  Memory: 1201.00M
--- Running XOR for layer 70/44 ---
"input" in: xor.drc:109
    Polygons (raw): 6962 (flat)  6962 (hierarchical)
    Elapsed: 0.000s  Memory: 1201.00M
"input" in: xor.drc:109
    Polygons (raw): 6962 (flat)  5 (hierarchical)
    Elapsed: 0.000s  Memory: 1201.00M
"^" in: xor.drc:109
    Polygons (raw): 0 (flat)  0 (hierarchical)
    Elapsed: 0.150s  Memory: 1201.00M
XOR differences: 0
"output" in: xor.drc:86
    Polygons (raw): 0 (flat)  0 (hierarchical)
    Elapsed: 0.000s  Memory: 1201.00M
--- Running XOR for layer 70/5 ---
"input" in: xor.drc:109
    Polygons (raw): 0 (flat)  0 (hierarchical)
    Elapsed: 0.000s  Memory: 1201.00M
"input" in: xor.drc:109
    Polygons (raw): 0 (flat)  0 (hierarchical)
    Elapsed: 0.000s  Memory: 1201.00M
"^" in: xor.drc:109
    Polygons (raw): 0 (flat)  0 (hierarchical)
    Elapsed: 0.110s  Memory: 1201.00M
XOR differences: 0
"output" in: xor.drc:86
    Polygons (raw): 0 (flat)  0 (hierarchical)
    Elapsed: 0.000s  Memory: 1201.00M
--- Running XOR for layer 71/16 ---
"input" in: xor.drc:109
    Polygons (raw): 12 (flat)  12 (hierarchical)
    Elapsed: 0.000s  Memory: 1201.00M
"input" in: xor.drc:109
    Polygons (raw): 12 (flat)  12 (hierarchical)
    Elapsed: 0.000s  Memory: 1201.00M
"^" in: xor.drc:109
    Polygons (raw): 0 (flat)  0 (hierarchical)
    Elapsed: 0.120s  Memory: 1209.00M
XOR differences: 0
"output" in: xor.drc:86
    Polygons (raw): 0 (flat)  0 (hierarchical)
    Elapsed: 0.000s  Memory: 1201.00M
--- Running XOR for layer 71/20 ---
"input" in: xor.drc:109
    Polygons (raw): 124 (flat)  124 (hierarchical)
    Elapsed: 0.000s  Memory: 1201.00M
"input" in: xor.drc:109
    Polygons (raw): 1858 (flat)  64 (hierarchical)
    Elapsed: 0.000s  Memory: 1201.00M
"^" in: xor.drc:109
    Polygons (raw): 0 (flat)  0 (hierarchical)
    Elapsed: 0.130s  Memory: 1209.00M
XOR differences: 0
"output" in: xor.drc:86
    Polygons (raw): 0 (flat)  0 (hierarchical)
    Elapsed: 0.000s  Memory: 1201.00M
--- Running XOR for layer 71/5 ---
"input" in: xor.drc:109
    Polygons (raw): 0 (flat)  0 (hierarchical)
    Elapsed: 0.000s  Memory: 1201.00M
"input" in: xor.drc:109
    Polygons (raw): 0 (flat)  0 (hierarchical)
    Elapsed: 0.000s  Memory: 1201.00M
"^" in: xor.drc:109
    Polygons (raw): 0 (flat)  0 (hierarchical)
    Elapsed: 0.050s  Memory: 1217.00M
XOR differences: 0
"output" in: xor.drc:86
    Polygons (raw): 0 (flat)  0 (hierarchical)
    Elapsed: 0.010s  Memory: 1201.00M
--- Running XOR for layer 78/44 ---
"input" in: xor.drc:109
    Polygons (raw): 76384 (flat)  171 (hierarchical)
    Elapsed: 0.000s  Memory: 1201.00M
"input" in: xor.drc:109
    Polygons (raw): 76384 (flat)  171 (hierarchical)
    Elapsed: 0.000s  Memory: 1201.00M
"^" in: xor.drc:109
    Polygons (raw): 0 (flat)  0 (hierarchical)
    Elapsed: 0.830s  Memory: 1257.00M
XOR differences: 0
"output" in: xor.drc:86
    Polygons (raw): 0 (flat)  0 (hierarchical)
    Elapsed: 0.000s  Memory: 1201.00M
Warning: --- Skipping 81/14… ---
--- Running XOR for layer 81/23 ---
"input" in: xor.drc:109
    Polygons (raw): 5484 (flat)  1 (hierarchical)
    Elapsed: 0.000s  Memory: 1201.00M
"input" in: xor.drc:109
    Polygons (raw): 5484 (flat)  1 (hierarchical)
    Elapsed: 0.000s  Memory: 1201.00M
"^" in: xor.drc:109
    Polygons (raw): 0 (flat)  0 (hierarchical)
    Elapsed: 0.130s  Memory: 1209.00M
XOR differences: 0
"output" in: xor.drc:86
    Polygons (raw): 0 (flat)  0 (hierarchical)
    Elapsed: 0.000s  Memory: 1201.00M
--- Running XOR for layer 81/4 ---
"input" in: xor.drc:109
    Polygons (raw): 76258 (flat)  169 (hierarchical)
    Elapsed: 0.000s  Memory: 1201.00M
"input" in: xor.drc:109
    Polygons (raw): 76258 (flat)  169 (hierarchical)
    Elapsed: 0.000s  Memory: 1201.00M
"^" in: xor.drc:109
    Polygons (raw): 0 (flat)  0 (hierarchical)
    Elapsed: 0.890s  Memory: 1265.00M
XOR differences: 0
"output" in: xor.drc:86
    Polygons (raw): 0 (flat)  0 (hierarchical)
    Elapsed: 0.000s  Memory: 1201.00M
--- Running XOR for layer 83/44 ---
"input" in: xor.drc:109
    Polygons (raw): 0 (flat)  0 (hierarchical)
    Elapsed: 0.000s  Memory: 1201.00M
"input" in: xor.drc:109
    Polygons (raw): 0 (flat)  0 (hierarchical)
    Elapsed: 0.000s  Memory: 1201.00M
"^" in: xor.drc:109
    Polygons (raw): 0 (flat)  0 (hierarchical)
    Elapsed: 0.330s  Memory: 1201.00M
XOR differences: 0
"output" in: xor.drc:86
    Polygons (raw): 0 (flat)  0 (hierarchical)
    Elapsed: 0.000s  Memory: 1201.00M
--- Running XOR for layer 93/44 ---
"input" in: xor.drc:109
    Polygons (raw): 85042 (flat)  170 (hierarchical)
    Elapsed: 0.000s  Memory: 1201.00M
"input" in: xor.drc:109
    Polygons (raw): 85042 (flat)  170 (hierarchical)
    Elapsed: 0.000s  Memory: 1201.00M
"^" in: xor.drc:109
    Polygons (raw): 0 (flat)  0 (hierarchical)
    Elapsed: 0.930s  Memory: 1201.00M
XOR differences: 0
"output" in: xor.drc:86
    Polygons (raw): 0 (flat)  0 (hierarchical)
    Elapsed: 0.000s  Memory: 1201.00M
--- Running XOR for layer 94/20 ---
"input" in: xor.drc:109
    Polygons (raw): 85042 (flat)  170 (hierarchical)
    Elapsed: 0.000s  Memory: 1201.00M
"input" in: xor.drc:109
    Polygons (raw): 85042 (flat)  170 (hierarchical)
    Elapsed: 0.000s  Memory: 1201.00M
"^" in: xor.drc:109
    Polygons (raw): 0 (flat)  0 (hierarchical)
    Elapsed: 1.020s  Memory: 1249.00M
XOR differences: 0
"output" in: xor.drc:86
    Polygons (raw): 0 (flat)  0 (hierarchical)
    Elapsed: 0.000s  Memory: 1201.00M
--- Running XOR for layer 95/20 ---
"input" in: xor.drc:109
    Polygons (raw): 52524 (flat)  180 (hierarchical)
    Elapsed: 0.000s  Memory: 1201.00M
"input" in: xor.drc:109
    Polygons (raw): 52524 (flat)  180 (hierarchical)
    Elapsed: 0.000s  Memory: 1201.00M
"^" in: xor.drc:109
    Polygons (raw): 0 (flat)  0 (hierarchical)
    Elapsed: 0.660s  Memory: 1225.00M
XOR differences: 0
"output" in: xor.drc:86
    Polygons (raw): 0 (flat)  0 (hierarchical)
    Elapsed: 0.000s  Memory: 1201.00M
---
Total XOR differences: 0
Writing report database: /mnt/d/APIC/FIR_Openlane/Highpass/runs/RUN_2024-06-17_17-46-17/58-klayout-xor/xor.xml ..
Total elapsed: 35.370s  Memory: 1201.00M
/mnt/d/APIC/FIR_Openlane/Highpass/runs/RUN_2024-06-17_17-46-17/54-magic-streamout/highpass.magic.gds
/mnt/d/APIC/FIR_Openlane/Highpass/runs/RUN_2024-06-17_17-46-17/55-klayout-streamout/highpass.klayout.gds
%OL_METRIC_I design__xor_difference__count 0
