[INFO GRT-0043] No OR_DEFAULT vias defined.
Net: _02181_
  Pin: _21992_/B (sky130_fd_sc_hd__nand2_1)
    Layer: met4
      Partial area ratio:    3.22
      Required ratio:    0.00 (Gate area) 
      Partial area ratio:   17.48
      Required ratio: 5042.96 (Side area) 
      Cumulative area ratio:   96.17
      Required ratio:    0.00 (Cumulative area) 
      Cumulative area ratio:  486.14
      Required ratio:    0.00 (Cumulative side area) 

    Layer: met3
      Partial area ratio:    3.48
      Required ratio:    0.00 (Gate area) 
      Partial area ratio:   19.32
      Required ratio: 2947.76 (Side area) 
      Cumulative area ratio:   92.95
      Required ratio:    0.00 (Cumulative area) 
      Cumulative area ratio:  468.66
      Required ratio:    0.00 (Cumulative side area) 

    Layer: met2
      Partial area ratio:   87.99
      Required ratio:    0.00 (Gate area) 
      Partial area ratio:  441.16
      Required ratio:  400.00 (Side area) (VIOLATED)
      Cumulative area ratio:   89.47
      Required ratio:    0.00 (Cumulative area) 
      Cumulative area ratio:  449.34
      Required ratio:    0.00 (Cumulative side area) 

    Layer: met1
      Partial area ratio:    1.48
      Required ratio:    0.00 (Gate area) 
      Partial area ratio:    8.18
      Required ratio:  400.00 (Side area) 
      Cumulative area ratio:    1.48
      Required ratio:    0.00 (Cumulative area) 
      Cumulative area ratio:    8.18
      Required ratio:    0.00 (Cumulative side area) 

    Layer: li1
      Partial area ratio:    0.00
      Required ratio:    0.00 (Gate area) 
      Partial area ratio:    0.00
      Required ratio:   75.00 (Side area) 
      Cumulative area ratio:    0.00
      Required ratio:    0.00 (Cumulative area) 
      Cumulative area ratio:    0.00
      Required ratio:    0.00 (Cumulative side area) 

    Via: M3M4_PR
      Partial area ratio:    0.13
      Required ratio:    6.00 (Gate area) 
      Cumulative area ratio:    0.66
      Required ratio:    0.00 (Cumulative area) 

    Via: M2M3_PR
      Partial area ratio:    0.32
      Required ratio:    6.00 (Gate area) 
      Cumulative area ratio:    0.53
      Required ratio:    0.00 (Cumulative area) 

    Via: M1M2_PR
      Partial area ratio:    0.09
      Required ratio:    6.00 (Gate area) 
      Cumulative area ratio:    0.21
      Required ratio:    0.00 (Cumulative area) 

    Via: L1M1_PR
      Partial area ratio:    0.12
      Required ratio:    3.00 (Gate area) 
      Cumulative area ratio:    0.12
      Required ratio:    0.00 (Cumulative area) 

  Pin: _21721_/B (sky130_fd_sc_hd__xnor2_1)
    Layer: met4
      Partial area ratio:    3.22
      Required ratio:    0.00 (Gate area) 
      Partial area ratio:   17.48
      Required ratio: 5042.96 (Side area) 
      Cumulative area ratio:  118.16
      Required ratio:    0.00 (Cumulative area) 
      Cumulative area ratio:  603.30
      Required ratio:    0.00 (Cumulative side area) 

    Layer: met3
      Partial area ratio:   18.41
      Required ratio:    0.00 (Gate area) 
      Partial area ratio:   98.55
      Required ratio: 3643.28 (Side area) 
      Cumulative area ratio:   23.47
      Required ratio:    0.00 (Cumulative area) 
      Cumulative area ratio:  125.34
      Required ratio:    0.00 (Cumulative side area) 

    Layer: met2
      Partial area ratio:    4.21
      Required ratio:    0.00 (Gate area) 
      Partial area ratio:   22.29
      Required ratio: 3643.28 (Side area) 
      Cumulative area ratio:    5.07
      Required ratio:    0.00 (Cumulative area) 
      Cumulative area ratio:   26.79
      Required ratio:    0.00 (Cumulative side area) 

    Layer: met1
      Partial area ratio:    0.86
      Required ratio:    0.00 (Gate area) 
      Partial area ratio:    4.50
      Required ratio:  400.00 (Side area) 
      Cumulative area ratio:    0.86
      Required ratio:    0.00 (Cumulative area) 
      Cumulative area ratio:    4.50
      Required ratio:    0.00 (Cumulative side area) 

    Layer: li1
      Partial area ratio:    0.00
      Required ratio:    0.00 (Gate area) 
      Partial area ratio:    0.00
      Required ratio:   75.00 (Side area) 
      Cumulative area ratio:    0.00
      Required ratio:    0.00 (Cumulative area) 
      Cumulative area ratio:    0.00
      Required ratio:    0.00 (Cumulative side area) 

    Via: M3M4_PR
      Partial area ratio:    0.03
      Required ratio:    6.00 (Gate area) 
      Cumulative area ratio:    0.17
      Required ratio:    0.00 (Cumulative area) 

    Via: M2M3_PR
      Partial area ratio:    0.03
      Required ratio:    6.00 (Gate area) 
      Cumulative area ratio:    0.14
      Required ratio:    0.00 (Cumulative area) 

    Via: M1M2_PR
      Partial area ratio:    0.05
      Required ratio:    6.00 (Gate area) 
      Cumulative area ratio:    0.10
      Required ratio:    0.00 (Cumulative area) 

    Via: L1M1_PR
      Partial area ratio:    0.06
      Required ratio:    3.00 (Gate area) 
      Cumulative area ratio:    0.06
      Required ratio:    0.00 (Cumulative area) 

  Pin: _21921_/B (sky130_fd_sc_hd__and2_1)
    Layer: met4
      Partial area ratio:    3.22
      Required ratio:    0.00 (Gate area) 
      Partial area ratio:   17.48
      Required ratio: 5042.96 (Side area) 
      Cumulative area ratio:  119.52
      Required ratio:    0.00 (Cumulative area) 
      Cumulative area ratio:  610.66
      Required ratio:    0.00 (Cumulative side area) 

    Layer: met3
      Partial area ratio:   18.41
      Required ratio:    0.00 (Gate area) 
      Partial area ratio:   98.55
      Required ratio: 3643.28 (Side area) 
      Cumulative area ratio:   24.83
      Required ratio:    0.00 (Cumulative area) 
      Cumulative area ratio:  132.70
      Required ratio:    0.00 (Cumulative side area) 

    Layer: met2
      Partial area ratio:    4.21
      Required ratio:    0.00 (Gate area) 
      Partial area ratio:   22.29
      Required ratio: 3643.28 (Side area) 
      Cumulative area ratio:    6.42
      Required ratio:    0.00 (Cumulative area) 
      Cumulative area ratio:   34.15
      Required ratio:    0.00 (Cumulative side area) 

    Layer: met1
      Partial area ratio:    2.22
      Required ratio:    0.00 (Gate area) 
      Partial area ratio:   11.86
      Required ratio:  400.00 (Side area) 
      Cumulative area ratio:    2.22
      Required ratio:    0.00 (Cumulative area) 
      Cumulative area ratio:   11.86
      Required ratio:    0.00 (Cumulative side area) 

    Layer: li1
      Partial area ratio:    0.00
      Required ratio:    0.00 (Gate area) 
      Partial area ratio:    0.00
      Required ratio:   75.00 (Side area) 
      Cumulative area ratio:    0.00
      Required ratio:    0.00 (Cumulative area) 
      Cumulative area ratio:    0.00
      Required ratio:    0.00 (Cumulative side area) 

    Via: M3M4_PR
      Partial area ratio:    0.03
      Required ratio:    6.00 (Gate area) 
      Cumulative area ratio:    0.47
      Required ratio:    0.00 (Cumulative area) 

    Via: M2M3_PR
      Partial area ratio:    0.03
      Required ratio:    6.00 (Gate area) 
      Cumulative area ratio:    0.44
      Required ratio:    0.00 (Cumulative area) 

    Via: M1M2_PR
      Partial area ratio:    0.18
      Required ratio:    6.00 (Gate area) 
      Cumulative area ratio:    0.41
      Required ratio:    0.00 (Cumulative area) 

    Via: L1M1_PR
      Partial area ratio:    0.23
      Required ratio:    3.00 (Gate area) 
      Cumulative area ratio:    0.23
      Required ratio:    0.00 (Cumulative area) 

  Pin: _21921_/B (sky130_fd_sc_hd__and2_1)
    Layer: met4
      Partial area ratio:    3.22
      Required ratio:    0.00 (Gate area) 
      Partial area ratio:   17.48
      Required ratio: 5042.96 (Side area) 
      Cumulative area ratio:  119.52
      Required ratio:    0.00 (Cumulative area) 
      Cumulative area ratio:  610.66
      Required ratio:    0.00 (Cumulative side area) 

    Layer: met3
      Partial area ratio:   18.41
      Required ratio:    0.00 (Gate area) 
      Partial area ratio:   98.55
      Required ratio: 3643.28 (Side area) 
      Cumulative area ratio:   24.83
      Required ratio:    0.00 (Cumulative area) 
      Cumulative area ratio:  132.70
      Required ratio:    0.00 (Cumulative side area) 

    Layer: met2
      Partial area ratio:    4.21
      Required ratio:    0.00 (Gate area) 
      Partial area ratio:   22.29
      Required ratio: 3643.28 (Side area) 
      Cumulative area ratio:    6.42
      Required ratio:    0.00 (Cumulative area) 
      Cumulative area ratio:   34.15
      Required ratio:    0.00 (Cumulative side area) 

    Layer: met1
      Partial area ratio:    2.22
      Required ratio:    0.00 (Gate area) 
      Partial area ratio:   11.86
      Required ratio:  400.00 (Side area) 
      Cumulative area ratio:    2.22
      Required ratio:    0.00 (Cumulative area) 
      Cumulative area ratio:   11.86
      Required ratio:    0.00 (Cumulative side area) 

    Layer: li1
      Partial area ratio:    0.00
      Required ratio:    0.00 (Gate area) 
      Partial area ratio:    0.00
      Required ratio:   75.00 (Side area) 
      Cumulative area ratio:    0.00
      Required ratio:    0.00 (Cumulative area) 
      Cumulative area ratio:    0.00
      Required ratio:    0.00 (Cumulative side area) 

    Via: M3M4_PR
      Partial area ratio:    0.03
      Required ratio:    6.00 (Gate area) 
      Cumulative area ratio:    0.47
      Required ratio:    0.00 (Cumulative area) 

    Via: M2M3_PR
      Partial area ratio:    0.03
      Required ratio:    6.00 (Gate area) 
      Cumulative area ratio:    0.44
      Required ratio:    0.00 (Cumulative area) 

    Via: M1M2_PR
      Partial area ratio:    0.18
      Required ratio:    6.00 (Gate area) 
      Cumulative area ratio:    0.41
      Required ratio:    0.00 (Cumulative area) 

    Via: L1M1_PR
      Partial area ratio:    0.23
      Required ratio:    3.00 (Gate area) 
      Cumulative area ratio:    0.23
      Required ratio:    0.00 (Cumulative area) 

  Pin: _21920_/B (sky130_fd_sc_hd__nor2_1)
    Layer: met4
      Partial area ratio:    3.22
      Required ratio:    0.00 (Gate area) 
      Partial area ratio:   17.48
      Required ratio: 5042.96 (Side area) 
      Cumulative area ratio:  118.74
      Required ratio:    0.00 (Cumulative area) 
      Cumulative area ratio:  606.81
      Required ratio:    0.00 (Cumulative side area) 

    Layer: met3
      Partial area ratio:   18.41
      Required ratio:    0.00 (Gate area) 
      Partial area ratio:   98.55
      Required ratio: 3643.28 (Side area) 
      Cumulative area ratio:   24.05
      Required ratio:    0.00 (Cumulative area) 
      Cumulative area ratio:  128.85
      Required ratio:    0.00 (Cumulative side area) 

    Layer: met2
      Partial area ratio:    4.21
      Required ratio:    0.00 (Gate area) 
      Partial area ratio:   22.29
      Required ratio: 3643.28 (Side area) 
      Cumulative area ratio:    5.65
      Required ratio:    0.00 (Cumulative area) 
      Cumulative area ratio:   30.29
      Required ratio:    0.00 (Cumulative side area) 

    Layer: met1
      Partial area ratio:    1.44
      Required ratio:    0.00 (Gate area) 
      Partial area ratio:    8.00
      Required ratio:  400.00 (Side area) 
      Cumulative area ratio:    1.44
      Required ratio:    0.00 (Cumulative area) 
      Cumulative area ratio:    8.00
      Required ratio:    0.00 (Cumulative side area) 

    Layer: li1
      Partial area ratio:    0.00
      Required ratio:    0.00 (Gate area) 
      Partial area ratio:    0.00
      Required ratio:   75.00 (Side area) 
      Cumulative area ratio:    0.00
      Required ratio:    0.00 (Cumulative area) 
      Cumulative area ratio:    0.00
      Required ratio:    0.00 (Cumulative side area) 

    Via: M3M4_PR
      Partial area ratio:    0.03
      Required ratio:    6.00 (Gate area) 
      Cumulative area ratio:    0.27
      Required ratio:    0.00 (Cumulative area) 

    Via: M2M3_PR
      Partial area ratio:    0.03
      Required ratio:    6.00 (Gate area) 
      Cumulative area ratio:    0.24
      Required ratio:    0.00 (Cumulative area) 

    Via: M1M2_PR
      Partial area ratio:    0.09
      Required ratio:    6.00 (Gate area) 
      Cumulative area ratio:    0.21
      Required ratio:    0.00 (Cumulative area) 

    Via: L1M1_PR
      Partial area ratio:    0.12
      Required ratio:    3.00 (Gate area) 
      Cumulative area ratio:    0.12
      Required ratio:    0.00 (Cumulative area) 

  Pin: _21920_/B (sky130_fd_sc_hd__nor2_1)
    Layer: met4
      Partial area ratio:    3.22
      Required ratio:    0.00 (Gate area) 
      Partial area ratio:   17.48
      Required ratio: 5042.96 (Side area) 
      Cumulative area ratio:  118.74
      Required ratio:    0.00 (Cumulative area) 
      Cumulative area ratio:  606.81
      Required ratio:    0.00 (Cumulative side area) 

    Layer: met3
      Partial area ratio:   18.41
      Required ratio:    0.00 (Gate area) 
      Partial area ratio:   98.55
      Required ratio: 3643.28 (Side area) 
      Cumulative area ratio:   24.05
      Required ratio:    0.00 (Cumulative area) 
      Cumulative area ratio:  128.85
      Required ratio:    0.00 (Cumulative side area) 

    Layer: met2
      Partial area ratio:    4.21
      Required ratio:    0.00 (Gate area) 
      Partial area ratio:   22.29
      Required ratio: 3643.28 (Side area) 
      Cumulative area ratio:    5.65
      Required ratio:    0.00 (Cumulative area) 
      Cumulative area ratio:   30.29
      Required ratio:    0.00 (Cumulative side area) 

    Layer: met1
      Partial area ratio:    1.44
      Required ratio:    0.00 (Gate area) 
      Partial area ratio:    8.00
      Required ratio:  400.00 (Side area) 
      Cumulative area ratio:    1.44
      Required ratio:    0.00 (Cumulative area) 
      Cumulative area ratio:    8.00
      Required ratio:    0.00 (Cumulative side area) 

    Layer: li1
      Partial area ratio:    0.00
      Required ratio:    0.00 (Gate area) 
      Partial area ratio:    0.00
      Required ratio:   75.00 (Side area) 
      Cumulative area ratio:    0.00
      Required ratio:    0.00 (Cumulative area) 
      Cumulative area ratio:    0.00
      Required ratio:    0.00 (Cumulative side area) 

    Via: M3M4_PR
      Partial area ratio:    0.03
      Required ratio:    6.00 (Gate area) 
      Cumulative area ratio:    0.27
      Required ratio:    0.00 (Cumulative area) 

    Via: M2M3_PR
      Partial area ratio:    0.03
      Required ratio:    6.00 (Gate area) 
      Cumulative area ratio:    0.24
      Required ratio:    0.00 (Cumulative area) 

    Via: M1M2_PR
      Partial area ratio:    0.09
      Required ratio:    6.00 (Gate area) 
      Cumulative area ratio:    0.21
      Required ratio:    0.00 (Cumulative area) 

    Via: L1M1_PR
      Partial area ratio:    0.12
      Required ratio:    3.00 (Gate area) 
      Cumulative area ratio:    0.12
      Required ratio:    0.00 (Cumulative area) 

  Pin: _29981_/A (sky130_fd_sc_hd__or2_1)
    Layer: met4
      Partial area ratio:    3.22
      Required ratio:    0.00 (Gate area) 
      Partial area ratio:   17.48
      Required ratio: 5042.96 (Side area) 
      Cumulative area ratio:   98.97
      Required ratio:    0.00 (Cumulative area) 
      Cumulative area ratio:  501.44
      Required ratio:    0.00 (Cumulative side area) 

    Layer: met3
      Partial area ratio:    3.48
      Required ratio:    0.00 (Gate area) 
      Partial area ratio:   19.32
      Required ratio: 2947.76 (Side area) 
      Cumulative area ratio:    7.76
      Required ratio:    0.00 (Cumulative area) 
      Cumulative area ratio:   42.80
      Required ratio:    0.00 (Cumulative side area) 

    Layer: met2
      Partial area ratio:    4.11
      Required ratio:    0.00 (Gate area) 
      Partial area ratio:   21.88
      Required ratio: 2947.76 (Side area) 
      Cumulative area ratio:    4.28
      Required ratio:    0.00 (Cumulative area) 
      Cumulative area ratio:   23.48
      Required ratio:    0.00 (Cumulative side area) 

    Layer: met1
      Partial area ratio:    0.16
      Required ratio:    0.00 (Gate area) 
      Partial area ratio:    1.59
      Required ratio:  400.00 (Side area) 
      Cumulative area ratio:    0.16
      Required ratio:    0.00 (Cumulative area) 
      Cumulative area ratio:    1.59
      Required ratio:    0.00 (Cumulative side area) 

    Layer: li1
      Partial area ratio:    0.00
      Required ratio:    0.00 (Gate area) 
      Partial area ratio:    0.00
      Required ratio:   75.00 (Side area) 
      Cumulative area ratio:    0.00
      Required ratio:    0.00 (Cumulative area) 
      Cumulative area ratio:    0.00
      Required ratio:    0.00 (Cumulative side area) 

    Via: M3M4_PR
      Partial area ratio:    0.13
      Required ratio:    6.00 (Gate area) 
      Cumulative area ratio:    0.64
      Required ratio:    0.00 (Cumulative area) 

    Via: M2M3_PR
      Partial area ratio:    0.11
      Required ratio:    6.00 (Gate area) 
      Cumulative area ratio:    0.52
      Required ratio:    0.00 (Cumulative area) 

    Via: M1M2_PR
      Partial area ratio:    0.18
      Required ratio:    6.00 (Gate area) 
      Cumulative area ratio:    0.41
      Required ratio:    0.00 (Cumulative area) 

    Via: L1M1_PR
      Partial area ratio:    0.23
      Required ratio:    3.00 (Gate area) 
      Cumulative area ratio:    0.23
      Required ratio:    0.00 (Cumulative area) 

  Pin: _29982_/A (sky130_fd_sc_hd__nand2_1)
    Layer: met4
      Partial area ratio:    3.22
      Required ratio:    0.00 (Gate area) 
      Partial area ratio:   17.48
      Required ratio: 5042.96 (Side area) 
      Cumulative area ratio:  100.16
      Required ratio:    0.00 (Cumulative area) 
      Cumulative area ratio:  507.02
      Required ratio:    0.00 (Cumulative side area) 

    Layer: met3
      Partial area ratio:    3.48
      Required ratio:    0.00 (Gate area) 
      Partial area ratio:   19.32
      Required ratio: 2947.76 (Side area) 
      Cumulative area ratio:    8.95
      Required ratio:    0.00 (Cumulative area) 
      Cumulative area ratio:   48.38
      Required ratio:    0.00 (Cumulative side area) 

    Layer: met2
      Partial area ratio:    4.11
      Required ratio:    0.00 (Gate area) 
      Partial area ratio:   21.88
      Required ratio: 2947.76 (Side area) 
      Cumulative area ratio:    5.47
      Required ratio:    0.00 (Cumulative area) 
      Cumulative area ratio:   29.06
      Required ratio:    0.00 (Cumulative side area) 

    Layer: met1
      Partial area ratio:    1.36
      Required ratio:    0.00 (Gate area) 
      Partial area ratio:    7.18
      Required ratio:  400.00 (Side area) 
      Cumulative area ratio:    1.36
      Required ratio:    0.00 (Cumulative area) 
      Cumulative area ratio:    7.18
      Required ratio:    0.00 (Cumulative side area) 

    Layer: li1
      Partial area ratio:    0.00
      Required ratio:    0.00 (Gate area) 
      Partial area ratio:    0.00
      Required ratio:   75.00 (Side area) 
      Cumulative area ratio:    0.00
      Required ratio:    0.00 (Cumulative area) 
      Cumulative area ratio:    0.00
      Required ratio:    0.00 (Cumulative side area) 

    Via: M3M4_PR
      Partial area ratio:    0.13
      Required ratio:    6.00 (Gate area) 
      Cumulative area ratio:    0.44
      Required ratio:    0.00 (Cumulative area) 

    Via: M2M3_PR
      Partial area ratio:    0.11
      Required ratio:    6.00 (Gate area) 
      Cumulative area ratio:    0.31
      Required ratio:    0.00 (Cumulative area) 

    Via: M1M2_PR
      Partial area ratio:    0.09
      Required ratio:    6.00 (Gate area) 
      Cumulative area ratio:    0.21
      Required ratio:    0.00 (Cumulative area) 

    Via: L1M1_PR
      Partial area ratio:    0.12
      Required ratio:    3.00 (Gate area) 
      Cumulative area ratio:    0.12
      Required ratio:    0.00 (Cumulative area) 

  Pin: _41291_/A (sky130_fd_sc_hd__xnor2_1)
    Layer: met2
      Partial area ratio:    3.16
      Required ratio:    0.00 (Gate area) 
      Partial area ratio:   16.37
      Required ratio: 3478.04 (Side area) 
      Cumulative area ratio:    3.49
      Required ratio:    0.00 (Cumulative area) 
      Cumulative area ratio:   18.25
      Required ratio:    0.00 (Cumulative side area) 

    Layer: met3
      Partial area ratio:    0.00
      Required ratio:    0.00 (Gate area) 
      Partial area ratio:    0.00
      Required ratio: 3478.04 (Side area) 
      Cumulative area ratio:    3.49
      Required ratio:    0.00 (Cumulative area) 
      Cumulative area ratio:   18.25
      Required ratio:    0.00 (Cumulative side area) 

    Layer: met4
      Partial area ratio:    3.22
      Required ratio:    0.00 (Gate area) 
      Partial area ratio:   17.48
      Required ratio: 5042.96 (Side area) 
      Cumulative area ratio:    6.71
      Required ratio:    0.00 (Cumulative area) 
      Cumulative area ratio:   35.73
      Required ratio:    0.00 (Cumulative side area) 

    Layer: met1
      Partial area ratio:    0.34
      Required ratio:    0.00 (Gate area) 
      Partial area ratio:    1.88
      Required ratio:  400.00 (Side area) 
      Cumulative area ratio:    0.34
      Required ratio:    0.00 (Cumulative area) 
      Cumulative area ratio:    1.88
      Required ratio:    0.00 (Cumulative side area) 

    Layer: li1
      Partial area ratio:    0.00
      Required ratio:    0.00 (Gate area) 
      Partial area ratio:    0.00
      Required ratio:   75.00 (Side area) 
      Cumulative area ratio:    0.00
      Required ratio:    0.00 (Cumulative area) 
      Cumulative area ratio:    0.00
      Required ratio:    0.00 (Cumulative side area) 

    Via: M2M3_PR
      Partial area ratio:    0.01
      Required ratio:    6.00 (Gate area) 
      Cumulative area ratio:    0.12
      Required ratio:    0.00 (Cumulative area) 

    Via: M3M4_PR
      Partial area ratio:    0.01
      Required ratio:    6.00 (Gate area) 
      Cumulative area ratio:    0.13
      Required ratio:    0.00 (Cumulative area) 

    Via: M1M2_PR
      Partial area ratio:    0.05
      Required ratio:    6.00 (Gate area) 
      Cumulative area ratio:    0.10
      Required ratio:    0.00 (Cumulative area) 

    Via: L1M1_PR
      Partial area ratio:    0.06
      Required ratio:    3.00 (Gate area) 
      Cumulative area ratio:    0.06
      Required ratio:    0.00 (Cumulative area) 

  Pin: _30184_/A1 (sky130_fd_sc_hd__o21ai_4)
    Layer: met2
      Partial area ratio:    3.16
      Required ratio:    0.00 (Gate area) 
      Partial area ratio:   16.37
      Required ratio: 3478.04 (Side area) 
      Cumulative area ratio:    3.81
      Required ratio:    0.00 (Cumulative area) 
      Cumulative area ratio:   19.74
      Required ratio:    0.00 (Cumulative side area) 

    Layer: met3
      Partial area ratio:    0.00
      Required ratio:    0.00 (Gate area) 
      Partial area ratio:    0.00
      Required ratio: 3478.04 (Side area) 
      Cumulative area ratio:    3.81
      Required ratio:    0.00 (Cumulative area) 
      Cumulative area ratio:   19.74
      Required ratio:    0.00 (Cumulative side area) 

    Layer: met4
      Partial area ratio:    3.22
      Required ratio:    0.00 (Gate area) 
      Partial area ratio:   17.48
      Required ratio: 5042.96 (Side area) 
      Cumulative area ratio:    7.03
      Required ratio:    0.00 (Cumulative area) 
      Cumulative area ratio:   37.22
      Required ratio:    0.00 (Cumulative side area) 

    Layer: met1
      Partial area ratio:    0.65
      Required ratio:    0.00 (Gate area) 
      Partial area ratio:    3.37
      Required ratio:  400.00 (Side area) 
      Cumulative area ratio:    0.65
      Required ratio:    0.00 (Cumulative area) 
      Cumulative area ratio:    3.37
      Required ratio:    0.00 (Cumulative side area) 

    Layer: li1
      Partial area ratio:    0.00
      Required ratio:    0.00 (Gate area) 
      Partial area ratio:    0.00
      Required ratio:   75.00 (Side area) 
      Cumulative area ratio:    0.00
      Required ratio:    0.00 (Cumulative area) 
      Cumulative area ratio:    0.00
      Required ratio:    0.00 (Cumulative side area) 

    Via: M2M3_PR
      Partial area ratio:    0.01
      Required ratio:    6.00 (Gate area) 
      Cumulative area ratio:    0.07
      Required ratio:    0.00 (Cumulative area) 

    Via: M3M4_PR
      Partial area ratio:    0.01
      Required ratio:    6.00 (Gate area) 
      Cumulative area ratio:    0.08
      Required ratio:    0.00 (Cumulative area) 

    Via: M1M2_PR
      Partial area ratio:    0.02
      Required ratio:    6.00 (Gate area) 
      Cumulative area ratio:    0.05
      Required ratio:    0.00 (Cumulative area) 

    Via: L1M1_PR
      Partial area ratio:    0.03
      Required ratio:    3.00 (Gate area) 
      Cumulative area ratio:    0.03
      Required ratio:    0.00 (Cumulative area) 

  Pin: _30184_/A1 (sky130_fd_sc_hd__o21ai_4)
    Layer: met2
      Partial area ratio:    3.16
      Required ratio:    0.00 (Gate area) 
      Partial area ratio:   16.37
      Required ratio: 3478.04 (Side area) 
      Cumulative area ratio:    3.81
      Required ratio:    0.00 (Cumulative area) 
      Cumulative area ratio:   19.74
      Required ratio:    0.00 (Cumulative side area) 

    Layer: met3
      Partial area ratio:    0.00
      Required ratio:    0.00 (Gate area) 
      Partial area ratio:    0.00
      Required ratio: 3478.04 (Side area) 
      Cumulative area ratio:    3.81
      Required ratio:    0.00 (Cumulative area) 
      Cumulative area ratio:   19.74
      Required ratio:    0.00 (Cumulative side area) 

    Layer: met4
      Partial area ratio:    3.22
      Required ratio:    0.00 (Gate area) 
      Partial area ratio:   17.48
      Required ratio: 5042.96 (Side area) 
      Cumulative area ratio:    7.03
      Required ratio:    0.00 (Cumulative area) 
      Cumulative area ratio:   37.22
      Required ratio:    0.00 (Cumulative side area) 

    Layer: met1
      Partial area ratio:    0.65
      Required ratio:    0.00 (Gate area) 
      Partial area ratio:    3.37
      Required ratio:  400.00 (Side area) 
      Cumulative area ratio:    0.65
      Required ratio:    0.00 (Cumulative area) 
      Cumulative area ratio:    3.37
      Required ratio:    0.00 (Cumulative side area) 

    Layer: li1
      Partial area ratio:    0.00
      Required ratio:    0.00 (Gate area) 
      Partial area ratio:    0.00
      Required ratio:   75.00 (Side area) 
      Cumulative area ratio:    0.00
      Required ratio:    0.00 (Cumulative area) 
      Cumulative area ratio:    0.00
      Required ratio:    0.00 (Cumulative side area) 

    Via: M2M3_PR
      Partial area ratio:    0.01
      Required ratio:    6.00 (Gate area) 
      Cumulative area ratio:    0.07
      Required ratio:    0.00 (Cumulative area) 

    Via: M3M4_PR
      Partial area ratio:    0.01
      Required ratio:    6.00 (Gate area) 
      Cumulative area ratio:    0.08
      Required ratio:    0.00 (Cumulative area) 

    Via: M1M2_PR
      Partial area ratio:    0.02
      Required ratio:    6.00 (Gate area) 
      Cumulative area ratio:    0.05
      Required ratio:    0.00 (Cumulative area) 

    Via: L1M1_PR
      Partial area ratio:    0.03
      Required ratio:    3.00 (Gate area) 
      Cumulative area ratio:    0.03
      Required ratio:    0.00 (Cumulative area) 

  Pin: _34172_/A (sky130_fd_sc_hd__nand2_1)
    Layer: met2
      Partial area ratio:    3.16
      Required ratio:    0.00 (Gate area) 
      Partial area ratio:   16.37
      Required ratio: 3478.04 (Side area) 
      Cumulative area ratio:    3.99
      Required ratio:    0.00 (Cumulative area) 
      Cumulative area ratio:   20.95
      Required ratio:    0.00 (Cumulative side area) 

    Layer: met3
      Partial area ratio:    0.00
      Required ratio:    0.00 (Gate area) 
      Partial area ratio:    0.00
      Required ratio: 3478.04 (Side area) 
      Cumulative area ratio:    3.99
      Required ratio:    0.00 (Cumulative area) 
      Cumulative area ratio:   20.95
      Required ratio:    0.00 (Cumulative side area) 

    Layer: met4
      Partial area ratio:    3.22
      Required ratio:    0.00 (Gate area) 
      Partial area ratio:   17.48
      Required ratio: 5042.96 (Side area) 
      Cumulative area ratio:    7.21
      Required ratio:    0.00 (Cumulative area) 
      Cumulative area ratio:   38.43
      Required ratio:    0.00 (Cumulative side area) 

    Layer: met1
      Partial area ratio:    0.84
      Required ratio:    0.00 (Gate area) 
      Partial area ratio:    4.58
      Required ratio:  400.00 (Side area) 
      Cumulative area ratio:    0.84
      Required ratio:    0.00 (Cumulative area) 
      Cumulative area ratio:    4.58
      Required ratio:    0.00 (Cumulative side area) 

    Layer: li1
      Partial area ratio:    0.00
      Required ratio:    0.00 (Gate area) 
      Partial area ratio:    0.00
      Required ratio:   75.00 (Side area) 
      Cumulative area ratio:    0.00
      Required ratio:    0.00 (Cumulative area) 
      Cumulative area ratio:    0.00
      Required ratio:    0.00 (Cumulative side area) 

    Via: M2M3_PR
      Partial area ratio:    0.01
      Required ratio:    6.00 (Gate area) 
      Cumulative area ratio:    0.22
      Required ratio:    0.00 (Cumulative area) 

    Via: M3M4_PR
      Partial area ratio:    0.01
      Required ratio:    6.00 (Gate area) 
      Cumulative area ratio:    0.24
      Required ratio:    0.00 (Cumulative area) 

    Via: M1M2_PR
      Partial area ratio:    0.09
      Required ratio:    6.00 (Gate area) 
      Cumulative area ratio:    0.21
      Required ratio:    0.00 (Cumulative area) 

    Via: L1M1_PR
      Partial area ratio:    0.12
      Required ratio:    3.00 (Gate area) 
      Cumulative area ratio:    0.12
      Required ratio:    0.00 (Cumulative area) 

  Pin: _22425_/A1 (sky130_fd_sc_hd__o21a_1)
    Layer: met2
      Partial area ratio:   18.14
      Required ratio:    0.00 (Gate area) 
      Partial area ratio:   92.30
      Required ratio: 2773.88 (Side area) 
      Cumulative area ratio:   18.47
      Required ratio:    0.00 (Cumulative area) 
      Cumulative area ratio:   94.34
      Required ratio:    0.00 (Cumulative side area) 

    Layer: met1
      Partial area ratio:    0.33
      Required ratio:    0.00 (Gate area) 
      Partial area ratio:    2.04
      Required ratio:  400.00 (Side area) 
      Cumulative area ratio:    0.33
      Required ratio:    0.00 (Cumulative area) 
      Cumulative area ratio:    2.04
      Required ratio:    0.00 (Cumulative side area) 

    Layer: li1
      Partial area ratio:    0.00
      Required ratio:    0.00 (Gate area) 
      Partial area ratio:    0.00
      Required ratio:   75.00 (Side area) 
      Cumulative area ratio:    0.00
      Required ratio:    0.00 (Cumulative area) 
      Cumulative area ratio:    0.00
      Required ratio:    0.00 (Cumulative side area) 

    Via: M1M2_PR
      Partial area ratio:    0.09
      Required ratio:    6.00 (Gate area) 
      Cumulative area ratio:    0.21
      Required ratio:    0.00 (Cumulative area) 

    Via: L1M1_PR
      Partial area ratio:    0.12
      Required ratio:    3.00 (Gate area) 
      Cumulative area ratio:    0.12
      Required ratio:    0.00 (Cumulative area) 


Net: _08874_
  Pin: _38581_/B (sky130_fd_sc_hd__and2_1)
    Layer: met4
      Partial area ratio:  838.57
      Required ratio:    0.00 (Gate area) 
      Partial area ratio: 4476.19
      Required ratio: 3304.16 (Side area) (VIOLATED)
      Cumulative area ratio:  855.88
      Required ratio:    0.00 (Cumulative area) 
      Cumulative area ratio: 4567.38
      Required ratio:    0.00 (Cumulative side area) 

    Layer: met3
      Partial area ratio:    0.00
      Required ratio:    0.00 (Gate area) 
      Partial area ratio:    0.00
      Required ratio: 2947.76 (Side area) 
      Cumulative area ratio:   17.31
      Required ratio:    0.00 (Cumulative area) 
      Cumulative area ratio:   91.19
      Required ratio:    0.00 (Cumulative side area) 

    Layer: met2
      Partial area ratio:   15.63
      Required ratio:    0.00 (Gate area) 
      Partial area ratio:   82.06
      Required ratio: 2947.76 (Side area) 
      Cumulative area ratio:   17.31
      Required ratio:    0.00 (Cumulative area) 
      Cumulative area ratio:   91.19
      Required ratio:    0.00 (Cumulative side area) 

    Layer: met1
      Partial area ratio:    1.67
      Required ratio:    0.00 (Gate area) 
      Partial area ratio:    9.14
      Required ratio:  400.00 (Side area) 
      Cumulative area ratio:    1.67
      Required ratio:    0.00 (Cumulative area) 
      Cumulative area ratio:    9.14
      Required ratio:    0.00 (Cumulative side area) 

    Layer: li1
      Partial area ratio:    0.00
      Required ratio:    0.00 (Gate area) 
      Partial area ratio:    0.00
      Required ratio:   75.00 (Side area) 
      Cumulative area ratio:    0.00
      Required ratio:    0.00 (Cumulative area) 
      Cumulative area ratio:    0.00
      Required ratio:    0.00 (Cumulative side area) 

    Via: M3M4_PR
      Partial area ratio:    0.32
      Required ratio:    6.00 (Gate area) 
      Cumulative area ratio:    1.04
      Required ratio:    0.00 (Cumulative area) 

    Via: M2M3_PR
      Partial area ratio:    0.32
      Required ratio:    6.00 (Gate area) 
      Cumulative area ratio:    0.73
      Required ratio:    0.00 (Cumulative area) 

    Via: M1M2_PR
      Partial area ratio:    0.18
      Required ratio:    6.00 (Gate area) 
      Cumulative area ratio:    0.41
      Required ratio:    0.00 (Cumulative area) 

    Via: L1M1_PR
      Partial area ratio:    0.23
      Required ratio:    3.00 (Gate area) 
      Cumulative area ratio:    0.23
      Required ratio:    0.00 (Cumulative area) 


Net: _19034_
  Pin: _30703_/A (sky130_fd_sc_hd__and2_1)
    Layer: met2
      Partial area ratio:    5.85
      Required ratio:    0.00 (Gate area) 
      Partial area ratio:   30.97
      Required ratio: 3940.08 (Side area) 
      Cumulative area ratio:  148.75
      Required ratio:    0.00 (Cumulative area) 
      Cumulative area ratio:  750.90
      Required ratio:    0.00 (Cumulative side area) 

    Layer: met1
      Partial area ratio:    4.28
      Required ratio:    0.00 (Gate area) 
      Partial area ratio:   23.71
      Required ratio:  400.00 (Side area) 
      Cumulative area ratio:    4.28
      Required ratio:    0.00 (Cumulative area) 
      Cumulative area ratio:   23.71
      Required ratio:    0.00 (Cumulative side area) 

    Layer: li1
      Partial area ratio:    0.00
      Required ratio:    0.00 (Gate area) 
      Partial area ratio:    0.00
      Required ratio:   75.00 (Side area) 
      Cumulative area ratio:    0.00
      Required ratio:    0.00 (Cumulative area) 
      Cumulative area ratio:    0.00
      Required ratio:    0.00 (Cumulative side area) 

    Via: M1M2_PR
      Partial area ratio:    0.18
      Required ratio:    6.00 (Gate area) 
      Cumulative area ratio:    0.41
      Required ratio:    0.00 (Cumulative area) 

    Via: L1M1_PR
      Partial area ratio:    0.23
      Required ratio:    3.00 (Gate area) 
      Cumulative area ratio:    0.23
      Required ratio:    0.00 (Cumulative area) 

  Pin: _30703_/A (sky130_fd_sc_hd__and2_1)
    Layer: met2
      Partial area ratio:    5.85
      Required ratio:    0.00 (Gate area) 
      Partial area ratio:   30.97
      Required ratio: 3940.08 (Side area) 
      Cumulative area ratio:  148.75
      Required ratio:    0.00 (Cumulative area) 
      Cumulative area ratio:  750.90
      Required ratio:    0.00 (Cumulative side area) 

    Layer: met1
      Partial area ratio:    4.28
      Required ratio:    0.00 (Gate area) 
      Partial area ratio:   23.71
      Required ratio:  400.00 (Side area) 
      Cumulative area ratio:    4.28
      Required ratio:    0.00 (Cumulative area) 
      Cumulative area ratio:   23.71
      Required ratio:    0.00 (Cumulative side area) 

    Layer: li1
      Partial area ratio:    0.00
      Required ratio:    0.00 (Gate area) 
      Partial area ratio:    0.00
      Required ratio:   75.00 (Side area) 
      Cumulative area ratio:    0.00
      Required ratio:    0.00 (Cumulative area) 
      Cumulative area ratio:    0.00
      Required ratio:    0.00 (Cumulative side area) 

    Via: M1M2_PR
      Partial area ratio:    0.18
      Required ratio:    6.00 (Gate area) 
      Cumulative area ratio:    0.41
      Required ratio:    0.00 (Cumulative area) 

    Via: L1M1_PR
      Partial area ratio:    0.23
      Required ratio:    3.00 (Gate area) 
      Cumulative area ratio:    0.23
      Required ratio:    0.00 (Cumulative area) 

  Pin: _30702_/A (sky130_fd_sc_hd__nor2_1)
    Layer: met2
      Partial area ratio:    5.85
      Required ratio:    0.00 (Gate area) 
      Partial area ratio:   30.97
      Required ratio: 3940.08 (Side area) 
      Cumulative area ratio:  149.59
      Required ratio:    0.00 (Cumulative area) 
      Cumulative area ratio:  755.51
      Required ratio:    0.00 (Cumulative side area) 

    Layer: met1
      Partial area ratio:    0.84
      Required ratio:    0.00 (Gate area) 
      Partial area ratio:    4.61
      Required ratio:  400.00 (Side area) 
      Cumulative area ratio:    0.84
      Required ratio:    0.00 (Cumulative area) 
      Cumulative area ratio:    4.61
      Required ratio:    0.00 (Cumulative side area) 

    Layer: li1
      Partial area ratio:    0.00
      Required ratio:    0.00 (Gate area) 
      Partial area ratio:    0.00
      Required ratio:   75.00 (Side area) 
      Cumulative area ratio:    0.00
      Required ratio:    0.00 (Cumulative area) 
      Cumulative area ratio:    0.00
      Required ratio:    0.00 (Cumulative side area) 

    Via: M1M2_PR
      Partial area ratio:    0.09
      Required ratio:    6.00 (Gate area) 
      Cumulative area ratio:    0.21
      Required ratio:    0.00 (Cumulative area) 

    Via: L1M1_PR
      Partial area ratio:    0.12
      Required ratio:    3.00 (Gate area) 
      Cumulative area ratio:    0.12
      Required ratio:    0.00 (Cumulative area) 

  Pin: _28938_/A (sky130_fd_sc_hd__and2_2)
    Layer: met2
      Partial area ratio:    5.85
      Required ratio:    0.00 (Gate area) 
      Partial area ratio:   30.97
      Required ratio: 3940.08 (Side area) 
      Cumulative area ratio:  144.63
      Required ratio:    0.00 (Cumulative area) 
      Cumulative area ratio:  728.74
      Required ratio:    0.00 (Cumulative side area) 

    Layer: met1
      Partial area ratio:    0.16
      Required ratio:    0.00 (Gate area) 
      Partial area ratio:    1.56
      Required ratio:  400.00 (Side area) 
      Cumulative area ratio:    0.16
      Required ratio:    0.00 (Cumulative area) 
      Cumulative area ratio:    1.56
      Required ratio:    0.00 (Cumulative side area) 

    Layer: li1
      Partial area ratio:    0.00
      Required ratio:    0.00 (Gate area) 
      Partial area ratio:    0.00
      Required ratio:   75.00 (Side area) 
      Cumulative area ratio:    0.00
      Required ratio:    0.00 (Cumulative area) 
      Cumulative area ratio:    0.00
      Required ratio:    0.00 (Cumulative side area) 

    Via: M1M2_PR
      Partial area ratio:    0.54
      Required ratio:    6.00 (Gate area) 
      Cumulative area ratio:    0.77
      Required ratio:    0.00 (Cumulative area) 

    Via: L1M1_PR
      Partial area ratio:    0.23
      Required ratio:    3.00 (Gate area) 
      Cumulative area ratio:    0.23
      Required ratio:    0.00 (Cumulative area) 

  Pin: _28938_/A (sky130_fd_sc_hd__and2_2)
    Layer: met2
      Partial area ratio:    5.85
      Required ratio:    0.00 (Gate area) 
      Partial area ratio:   30.97
      Required ratio: 3940.08 (Side area) 
      Cumulative area ratio:  144.48
      Required ratio:    0.00 (Cumulative area) 
      Cumulative area ratio:  727.19
      Required ratio:    0.00 (Cumulative side area) 

    Layer: met1
      Partial area ratio:  138.62
      Required ratio:    0.00 (Gate area) 
      Partial area ratio:  696.22
      Required ratio:  400.00 (Side area) (VIOLATED)
      Cumulative area ratio:  138.62
      Required ratio:    0.00 (Cumulative area) 
      Cumulative area ratio:  696.22
      Required ratio:    0.00 (Cumulative side area) 

    Layer: li1
      Partial area ratio:    0.00
      Required ratio:    0.00 (Gate area) 
      Partial area ratio:    0.00
      Required ratio:   75.00 (Side area) 
      Cumulative area ratio:    0.00
      Required ratio:    0.00 (Cumulative area) 
      Cumulative area ratio:    0.00
      Required ratio:    0.00 (Cumulative side area) 

    Via: M1M2_PR
      Partial area ratio:    0.54
      Required ratio:    6.00 (Gate area) 
      Cumulative area ratio:    0.77
      Required ratio:    0.00 (Cumulative area) 

    Via: L1M1_PR
      Partial area ratio:    0.23
      Required ratio:    3.00 (Gate area) 
      Cumulative area ratio:    0.23
      Required ratio:    0.00 (Cumulative area) 


Net: net245
  Pin: output245/A (sky130_fd_sc_hd__buf_2)
    Layer: met4
      Partial area ratio:  768.68
      Required ratio:    0.00 (Gate area) 
      Partial area ratio: 4102.64
      Required ratio: 3130.28 (Side area) (VIOLATED)
      Cumulative area ratio:  772.54
      Required ratio:    0.00 (Cumulative area) 
      Cumulative area ratio: 4123.79
      Required ratio:    0.00 (Cumulative side area) 

    Layer: met3
      Partial area ratio:    0.00
      Required ratio:    0.00 (Gate area) 
      Partial area ratio:    0.00
      Required ratio: 2773.88 (Side area) 
      Cumulative area ratio:    3.86
      Required ratio:    0.00 (Cumulative area) 
      Cumulative area ratio:   21.15
      Required ratio:    0.00 (Cumulative side area) 

    Layer: met2
      Partial area ratio:    2.09
      Required ratio:    0.00 (Gate area) 
      Partial area ratio:   11.67
      Required ratio: 2773.88 (Side area) 
      Cumulative area ratio:    3.86
      Required ratio:    0.00 (Cumulative area) 
      Cumulative area ratio:   21.15
      Required ratio:    0.00 (Cumulative side area) 

    Layer: met1
      Partial area ratio:    1.77
      Required ratio:    0.00 (Gate area) 
      Partial area ratio:    9.48
      Required ratio:  400.00 (Side area) 
      Cumulative area ratio:    1.77
      Required ratio:    0.00 (Cumulative area) 
      Cumulative area ratio:    9.48
      Required ratio:    0.00 (Cumulative side area) 

    Layer: li1
      Partial area ratio:    0.00
      Required ratio:    0.00 (Gate area) 
      Partial area ratio:    0.00
      Required ratio:   75.00 (Side area) 
      Cumulative area ratio:    0.00
      Required ratio:    0.00 (Cumulative area) 
      Cumulative area ratio:    0.00
      Required ratio:    0.00 (Cumulative side area) 

    Via: M3M4_PR
      Partial area ratio:    0.25
      Required ratio:    6.00 (Gate area) 
      Cumulative area ratio:    0.83
      Required ratio:    0.00 (Cumulative area) 

    Via: M2M3_PR
      Partial area ratio:    0.25
      Required ratio:    6.00 (Gate area) 
      Cumulative area ratio:    0.57
      Required ratio:    0.00 (Cumulative area) 

    Via: M1M2_PR
      Partial area ratio:    0.14
      Required ratio:    6.00 (Gate area) 
      Cumulative area ratio:    0.32
      Required ratio:    0.00 (Cumulative area) 

    Via: L1M1_PR
      Partial area ratio:    0.18
      Required ratio:    3.00 (Gate area) 
      Cumulative area ratio:    0.18
      Required ratio:    0.00 (Cumulative area) 


Net: net280
  Pin: _28272_/A1 (sky130_fd_sc_hd__o21ai_1)
    Layer: met3
      Partial area ratio:  610.91
      Required ratio:    0.00 (Gate area) 
      Partial area ratio: 3260.12
      Required ratio: 3130.28 (Side area) (VIOLATED)
      Cumulative area ratio:  612.91
      Required ratio:    0.00 (Cumulative area) 
      Cumulative area ratio: 3271.29
      Required ratio:    0.00 (Cumulative side area) 

    Layer: met2
      Partial area ratio:    0.64
      Required ratio:    0.00 (Gate area) 
      Partial area ratio:    4.02
      Required ratio: 2773.88 (Side area) 
      Cumulative area ratio:    2.00
      Required ratio:    0.00 (Cumulative area) 
      Cumulative area ratio:   11.17
      Required ratio:    0.00 (Cumulative side area) 

    Layer: met1
      Partial area ratio:    1.35
      Required ratio:    0.00 (Gate area) 
      Partial area ratio:    7.16
      Required ratio:  400.00 (Side area) 
      Cumulative area ratio:    1.35
      Required ratio:    0.00 (Cumulative area) 
      Cumulative area ratio:    7.16
      Required ratio:    0.00 (Cumulative side area) 

    Layer: li1
      Partial area ratio:    0.00
      Required ratio:    0.00 (Gate area) 
      Partial area ratio:    0.00
      Required ratio:   75.00 (Side area) 
      Cumulative area ratio:    0.00
      Required ratio:    0.00 (Cumulative area) 
      Cumulative area ratio:    0.00
      Required ratio:    0.00 (Cumulative side area) 

    Via: M2M3_PR
      Partial area ratio:    0.16
      Required ratio:    6.00 (Gate area) 
      Cumulative area ratio:    0.37
      Required ratio:    0.00 (Cumulative area) 

    Via: M1M2_PR
      Partial area ratio:    0.09
      Required ratio:    6.00 (Gate area) 
      Cumulative area ratio:    0.21
      Required ratio:    0.00 (Cumulative area) 

    Via: L1M1_PR
      Partial area ratio:    0.12
      Required ratio:    3.00 (Gate area) 
      Cumulative area ratio:    0.12
      Required ratio:    0.00 (Cumulative area) 


Net: net1019
  Pin: fanout1017/A (sky130_fd_sc_hd__buf_6)
    Layer: met4
      Partial area ratio:  301.45
      Required ratio:    0.00 (Gate area) 
      Partial area ratio: 1609.70
      Required ratio: 3486.68 (Side area) 
      Cumulative area ratio:  304.90
      Required ratio:    0.00 (Cumulative area) 
      Cumulative area ratio: 1627.92
      Required ratio:    0.00 (Cumulative side area) 

    Layer: met3
      Partial area ratio:    0.00
      Required ratio:    0.00 (Gate area) 
      Partial area ratio:    0.00
      Required ratio: 2773.88 (Side area) 
      Cumulative area ratio:    3.45
      Required ratio:    0.00 (Cumulative area) 
      Cumulative area ratio:   18.23
      Required ratio:    0.00 (Cumulative side area) 

    Layer: met2
      Partial area ratio:    3.01
      Required ratio:    0.00 (Gate area) 
      Partial area ratio:   15.82
      Required ratio: 2773.88 (Side area) 
      Cumulative area ratio:    3.45
      Required ratio:    0.00 (Cumulative area) 
      Cumulative area ratio:   18.23
      Required ratio:    0.00 (Cumulative side area) 

    Layer: met1
      Partial area ratio:    0.44
      Required ratio:    0.00 (Gate area) 
      Partial area ratio:    2.41
      Required ratio:  400.00 (Side area) 
      Cumulative area ratio:    0.44
      Required ratio:    0.00 (Cumulative area) 
      Cumulative area ratio:    2.41
      Required ratio:    0.00 (Cumulative side area) 

    Layer: li1
      Partial area ratio:    0.00
      Required ratio:    0.00 (Gate area) 
      Partial area ratio:    0.00
      Required ratio:   75.00 (Side area) 
      Cumulative area ratio:    0.00
      Required ratio:    0.00 (Cumulative area) 
      Cumulative area ratio:    0.00
      Required ratio:    0.00 (Cumulative side area) 

    Via: M3M4_PR
      Partial area ratio:    0.08
      Required ratio:    6.00 (Gate area) 
      Cumulative area ratio:    0.27
      Required ratio:    0.00 (Cumulative area) 

    Via: M2M3_PR
      Partial area ratio:    0.08
      Required ratio:    6.00 (Gate area) 
      Cumulative area ratio:    0.18
      Required ratio:    0.00 (Cumulative area) 

    Via: M1M2_PR
      Partial area ratio:    0.05
      Required ratio:    6.00 (Gate area) 
      Cumulative area ratio:    0.10
      Required ratio:    0.00 (Cumulative area) 

    Via: L1M1_PR
      Partial area ratio:    0.06
      Required ratio:    3.00 (Gate area) 
      Cumulative area ratio:    0.06
      Required ratio:    0.00 (Cumulative area) 

  Pin: _24220_/A (sky130_fd_sc_hd__or2_1)
    Layer: met2
      Partial area ratio:    3.33
      Required ratio:    0.00 (Gate area) 
      Partial area ratio:   18.97
      Required ratio: 2773.88 (Side area) 
      Cumulative area ratio:    4.00
      Required ratio:    0.00 (Cumulative area) 
      Cumulative area ratio:   23.12
      Required ratio:    0.00 (Cumulative side area) 

    Layer: met3
      Partial area ratio: 1331.43
      Required ratio:    0.00 (Gate area) 
      Partial area ratio: 7104.76
      Required ratio: 2773.88 (Side area) (VIOLATED)
      Cumulative area ratio: 1335.43
      Required ratio:    0.00 (Cumulative area) 
      Cumulative area ratio: 7127.88
      Required ratio:    0.00 (Cumulative side area) 

    Layer: met1
      Partial area ratio:    0.67
      Required ratio:    0.00 (Gate area) 
      Partial area ratio:    4.15
      Required ratio:  400.00 (Side area) 
      Cumulative area ratio:    0.67
      Required ratio:    0.00 (Cumulative area) 
      Cumulative area ratio:    4.15
      Required ratio:    0.00 (Cumulative side area) 

    Layer: li1
      Partial area ratio:    0.00
      Required ratio:    0.00 (Gate area) 
      Partial area ratio:    0.00
      Required ratio:   75.00 (Side area) 
      Cumulative area ratio:    0.00
      Required ratio:    0.00 (Cumulative area) 
      Cumulative area ratio:    0.00
      Required ratio:    0.00 (Cumulative side area) 

    Via: M2M3_PR
      Partial area ratio:    0.32
      Required ratio:    6.00 (Gate area) 
      Cumulative area ratio:    0.73
      Required ratio:    0.00 (Cumulative area) 

    Via: M1M2_PR
      Partial area ratio:    0.18
      Required ratio:    6.00 (Gate area) 
      Cumulative area ratio:    0.41
      Required ratio:    0.00 (Cumulative area) 

    Via: L1M1_PR
      Partial area ratio:    0.23
      Required ratio:    3.00 (Gate area) 
      Cumulative area ratio:    0.23
      Required ratio:    0.00 (Cumulative area) 


[INFO ANT-0002] Found 6 net violations.
[INFO ANT-0001] Found 6 pin violations.
