
===========================================================================
report_checks -unconstrained
===========================================================================
======================= nom_tt_025C_1v80 Corner ===================================

Startpoint: reset (input port clocked by clk)
Endpoint: _497_ (recovery check against rising-edge clock clk)
Path Group: asynchronous
Path Type: max

Fanout         Cap        Slew       Delay        Time   Description
---------------------------------------------------------------------------------------------
                                  0.000000    0.000000   clock clk (rise edge)
                                  0.000000    0.000000   clock network delay (propagated)
                                  5.000000    5.000000 v input external delay
     1    0.002559    0.008070    0.004026    5.004026 v reset (in)
                                                         reset (net)
                      0.008070    0.000000    5.004026 v input17/A (sky130_fd_sc_hd__clkbuf_1)
     1    0.005371    0.039892    0.084088    5.088115 v input17/X (sky130_fd_sc_hd__clkbuf_1)
                                                         net17 (net)
                      0.039893    0.000190    5.088305 v fanout288/A (sky130_fd_sc_hd__buf_4)
     8    0.083728    0.111156    0.209310    5.297615 v fanout288/X (sky130_fd_sc_hd__buf_4)
                                                         net288 (net)
                      0.111227    0.002383    5.299998 v fanout261/A (sky130_fd_sc_hd__buf_2)
     5    0.035063    0.091582    0.210879    5.510877 v fanout261/X (sky130_fd_sc_hd__buf_2)
                                                         net261 (net)
                      0.091596    0.000950    5.511827 v fanout259/A (sky130_fd_sc_hd__buf_4)
    10    0.057967    0.082896    0.211973    5.723801 v fanout259/X (sky130_fd_sc_hd__buf_4)
                                                         net259 (net)
                      0.083000    0.001043    5.724844 v fanout258/A (sky130_fd_sc_hd__buf_4)
    10    0.056989    0.081382    0.208643    5.933487 v fanout258/X (sky130_fd_sc_hd__buf_4)
                                                         net258 (net)
                      0.081463    0.002101    5.935588 v _302_/A (sky130_fd_sc_hd__inv_2)
     1    0.004238    0.034651    0.059228    5.994816 ^ _302_/Y (sky130_fd_sc_hd__inv_2)
                                                         _017_ (net)
                      0.034651    0.000089    5.994905 ^ _497_/RESET_B (sky130_fd_sc_hd__dfrtp_1)
                                              5.994905   data arrival time

                                 25.000000   25.000000   clock clk (rise edge)
                                  0.000000   25.000000   clock source latency
     1    0.032601    0.151529    0.106706   25.106705 ^ clk (in)
                                                         clk (net)
                      0.151658    0.000000   25.106705 ^ clkbuf_0_clk/A (sky130_fd_sc_hd__clkbuf_16)
     2    0.030881    0.052475    0.172154   25.278858 ^ clkbuf_0_clk/X (sky130_fd_sc_hd__clkbuf_16)
                                                         clknet_0_clk (net)
                      0.052476    0.000876   25.279734 ^ clkbuf_1_0__f_clk/A (sky130_fd_sc_hd__clkbuf_16)
    13    0.112287    0.125846    0.193610   25.473345 ^ clkbuf_1_0__f_clk/X (sky130_fd_sc_hd__clkbuf_16)
                                                         clknet_1_0__leaf_clk (net)
                      0.126104    0.004640   25.477985 ^ clkbuf_leaf_21_clk/A (sky130_fd_sc_hd__clkbuf_8)
    10    0.034101    0.072777    0.179176   25.657160 ^ clkbuf_leaf_21_clk/X (sky130_fd_sc_hd__clkbuf_8)
                                                         clknet_leaf_21_clk (net)
                      0.072787    0.000666   25.657827 ^ _497_/CLK (sky130_fd_sc_hd__dfrtp_1)
                                 -0.250000   25.407827   clock uncertainty
                                  0.000000   25.407827   clock reconvergence pessimism
                                  0.241519   25.649347   library recovery time
                                             25.649347   data required time
---------------------------------------------------------------------------------------------
                                             25.649347   data required time
                                             -5.994905   data arrival time
---------------------------------------------------------------------------------------------
                                             19.654440   slack (MET)


Startpoint: _716_ (rising edge-triggered flip-flop clocked by clk)
Endpoint: output_ai[14] (output port clocked by clk)
Path Group: clk
Path Type: max

Fanout         Cap        Slew       Delay        Time   Description
---------------------------------------------------------------------------------------------
                                  0.000000    0.000000   clock clk (rise edge)
                                  0.000000    0.000000   clock source latency
     1    0.032601    0.151529    0.106705    0.106705 ^ clk (in)
                                                         clk (net)
                      0.151658    0.000000    0.106705 ^ clkbuf_0_clk/A (sky130_fd_sc_hd__clkbuf_16)
     2    0.030881    0.052475    0.172154    0.278860 ^ clkbuf_0_clk/X (sky130_fd_sc_hd__clkbuf_16)
                                                         clknet_0_clk (net)
                      0.052484    0.001180    0.280039 ^ clkbuf_1_1__f_clk/A (sky130_fd_sc_hd__clkbuf_16)
    10    0.096840    0.113494    0.183125    0.463165 ^ clkbuf_1_1__f_clk/X (sky130_fd_sc_hd__clkbuf_16)
                                                         clknet_1_1__leaf_clk (net)
                      0.113827    0.005033    0.468197 ^ clkbuf_leaf_11_clk/A (sky130_fd_sc_hd__clkbuf_8)
    13    0.049528    0.096902    0.193241    0.661438 ^ clkbuf_leaf_11_clk/X (sky130_fd_sc_hd__clkbuf_8)
                                                         clknet_leaf_11_clk (net)
                      0.096915    0.000920    0.662358 ^ _716_/CLK (sky130_fd_sc_hd__dfrtp_4)
     2    0.047397    0.119898    0.561365    1.223723 v _716_/Q (sky130_fd_sc_hd__dfrtp_4)
                                                         net73 (net)
                      0.120605    0.007510    1.231233 v output73/A (sky130_fd_sc_hd__buf_2)
     1    0.035905    0.092948    0.217056    1.448289 v output73/X (sky130_fd_sc_hd__buf_2)
                                                         output_ai[14] (net)
                      0.092964    0.001043    1.449332 v output_ai[14] (out)
                                              1.449332   data arrival time

                                 25.000000   25.000000   clock clk (rise edge)
                                  0.000000   25.000000   clock network delay (propagated)
                                 -0.250000   24.750000   clock uncertainty
                                  0.000000   24.750000   clock reconvergence pessimism
                                 -5.000000   19.750000   output external delay
                                             19.750000   data required time
---------------------------------------------------------------------------------------------
                                             19.750000   data required time
                                             -1.449332   data arrival time
---------------------------------------------------------------------------------------------
                                             18.300669   slack (MET)




===========================================================================
report_checks --slack_max -0.01
============================================================================
======================= nom_tt_025C_1v80 Corner ===================================

No paths found.


===========================================================================
 report_check_types -max_slew -max_cap -max_fanout -violators
============================================================================
======================= nom_tt_025C_1v80 Corner ===================================

max fanout

Pin                                   Limit Fanout  Slack
---------------------------------------------------------
clkbuf_leaf_13_clk/X                     10     17     -7 (VIOLATED)
clkbuf_leaf_8_clk/X                      10     16     -6 (VIOLATED)
clkbuf_leaf_19_clk/X                     10     15     -5 (VIOLATED)
clkbuf_leaf_20_clk/X                     10     15     -5 (VIOLATED)
clkbuf_leaf_0_clk/X                      10     14     -4 (VIOLATED)
clkbuf_leaf_15_clk/X                     10     14     -4 (VIOLATED)
clkbuf_leaf_4_clk/X                      10     14     -4 (VIOLATED)
clkbuf_1_0__f_clk/X                      10     13     -3 (VIOLATED)
clkbuf_leaf_11_clk/X                     10     13     -3 (VIOLATED)
clkbuf_leaf_12_clk/X                     10     11        (VIOLATED)



===========================================================================
report_parasitic_annotation -report_unannotated
============================================================================
Found 0 unannotated drivers.
Found 0 partially unannotated drivers.

===========================================================================
max slew violation count 0
max fanout violation count 10
max cap violation count 0
============================================================================

===========================================================================
check_setup -verbose -unconstrained_endpoints -multiple_clock -no_clock -no_input_delay -loops -generated_clocks
===========================================================================
