
===========================================================================
report_checks -unconstrained
===========================================================================
======================= max_ff_n40C_1v95 Corner ===================================

Startpoint: input_data[0] (input port clocked by clk)
Endpoint: _22395_ (rising edge-triggered flip-flop clocked by clk)
Path Group: clk
Path Type: max

Fanout         Cap        Slew       Delay        Time   Description
---------------------------------------------------------------------------------------------
                                  0.000000    0.000000   clock clk (rise edge)
                                  0.000000    0.000000   clock network delay (propagated)
                                  5.000000    5.000000 ^ input external delay
     3    0.041231    0.141747    0.099482    5.099482 ^ input_data[0] (in)
                                                         input_data[0] (net)
                      0.141885    0.000000    5.099482 ^ input1/A (sky130_fd_sc_hd__clkbuf_4)
    10    0.098436    0.224888    0.243483    5.342965 ^ input1/X (sky130_fd_sc_hd__clkbuf_4)
                                                         net1 (net)
                      0.225464    0.009441    5.352406 ^ fanout555/A (sky130_fd_sc_hd__buf_4)
    20    0.123844    0.258000    0.244094    5.596500 ^ fanout555/X (sky130_fd_sc_hd__buf_4)
                                                         net555 (net)
                      0.258049    0.003096    5.599596 ^ fanout554/A (sky130_fd_sc_hd__buf_4)
    10    0.074300    0.157694    0.183733    5.783328 ^ fanout554/X (sky130_fd_sc_hd__buf_4)
                                                         net554 (net)
                      0.157720    0.001773    5.785101 ^ fanout553/A (sky130_fd_sc_hd__buf_2)
    14    0.067128    0.245917    0.240054    6.025155 ^ fanout553/X (sky130_fd_sc_hd__buf_2)
                                                         net553 (net)
                      0.246236    0.007302    6.032456 ^ fanout551/A (sky130_fd_sc_hd__clkbuf_4)
    10    0.053405    0.127038    0.199827    6.232283 ^ fanout551/X (sky130_fd_sc_hd__clkbuf_4)
                                                         net551 (net)
                      0.127205    0.003765    6.236048 ^ _13151_/A (sky130_fd_sc_hd__and2_1)
     4    0.018046    0.137494    0.162939    6.398987 ^ _13151_/X (sky130_fd_sc_hd__and2_1)
                                                         _02631_ (net)
                      0.137500    0.000718    6.399704 ^ _13344_/A1 (sky130_fd_sc_hd__o211a_1)
     3    0.011484    0.079569    0.141374    6.541078 ^ _13344_/X (sky130_fd_sc_hd__o211a_1)
                                                         _02825_ (net)
                      0.079578    0.000713    6.541791 ^ _13347_/A_N (sky130_fd_sc_hd__and4bb_1)
     3    0.007799    0.045819    0.132745    6.674537 v _13347_/X (sky130_fd_sc_hd__and4bb_1)
                                                         _02829_ (net)
                      0.045826    0.000465    6.675002 v _13352_/A (sky130_fd_sc_hd__or3_1)
     2    0.004253    0.049092    0.220538    6.895540 v _13352_/X (sky130_fd_sc_hd__or3_1)
                                                         _02834_ (net)
                      0.049092    0.000249    6.895789 v _13353_/B (sky130_fd_sc_hd__and2b_1)
     2    0.011482    0.048924    0.128821    7.024610 v _13353_/X (sky130_fd_sc_hd__and2b_1)
                                                         _02835_ (net)
                      0.048946    0.000840    7.025450 v _13368_/A (sky130_fd_sc_hd__xor2_2)
     2    0.011771    0.074563    0.128589    7.154038 v _13368_/X (sky130_fd_sc_hd__xor2_2)
                                                         _02852_ (net)
                      0.074564    0.000503    7.154541 v _13377_/A (sky130_fd_sc_hd__xor2_2)
     2    0.012038    0.059291    0.137974    7.292515 v _13377_/X (sky130_fd_sc_hd__xor2_2)
                                                         _02862_ (net)
                      0.059312    0.000822    7.293337 v _13379_/B (sky130_fd_sc_hd__xnor2_2)
     2    0.015629    0.180011    0.163422    7.456759 ^ _13379_/Y (sky130_fd_sc_hd__xnor2_2)
                                                         _02864_ (net)
                      0.180013    0.000540    7.457299 ^ _13387_/A (sky130_fd_sc_hd__xnor2_1)
     2    0.007159    0.141891    0.104972    7.562271 ^ _13387_/Y (sky130_fd_sc_hd__xnor2_1)
                                                         _02873_ (net)
                      0.141892    0.000252    7.562523 ^ _13404_/B1 (sky130_fd_sc_hd__a21o_1)
     2    0.020093    0.134930    0.128975    7.691498 ^ _13404_/X (sky130_fd_sc_hd__a21o_1)
                                                         _02891_ (net)
                      0.134944    0.001155    7.692653 ^ _13405_/B1 (sky130_fd_sc_hd__o21ai_4)
     2    0.022046    0.061648    0.049053    7.741706 v _13405_/Y (sky130_fd_sc_hd__o21ai_4)
                                                         _02892_ (net)
                      0.061709    0.001458    7.743165 v _17079_/A1 (sky130_fd_sc_hd__a21o_1)
     1    0.002930    0.024360    0.106469    7.849633 v _17079_/X (sky130_fd_sc_hd__a21o_1)
                                                         _06933_ (net)
                      0.024363    0.000197    7.849830 v _17080_/A2 (sky130_fd_sc_hd__a21oi_1)
     2    0.007787    0.143428    0.141322    7.991152 ^ _17080_/Y (sky130_fd_sc_hd__a21oi_1)
                                                         _06934_ (net)
                      0.143431    0.000567    7.991719 ^ _17081_/B (sky130_fd_sc_hd__or2_1)
     3    0.014550    0.107828    0.131489    8.123207 ^ _17081_/X (sky130_fd_sc_hd__or2_1)
                                                         _06935_ (net)
                      0.107837    0.000853    8.124060 ^ _17083_/A (sky130_fd_sc_hd__nand2_2)
     8    0.047604    0.125352    0.116681    8.240741 v _17083_/Y (sky130_fd_sc_hd__nand2_2)
                                                         _06937_ (net)
                      0.126396    0.009238    8.249979 v _17093_/A (sky130_fd_sc_hd__xnor2_1)
     2    0.004542    0.054370    0.123095    8.373074 v _17093_/Y (sky130_fd_sc_hd__xnor2_1)
                                                         _06948_ (net)
                      0.054371    0.000142    8.373216 v _17094_/B (sky130_fd_sc_hd__or2_2)
     3    0.017635    0.063895    0.200859    8.574075 v _17094_/X (sky130_fd_sc_hd__or2_2)
                                                         _06949_ (net)
                      0.063901    0.000486    8.574561 v _17097_/A1 (sky130_fd_sc_hd__a211oi_1)
     1    0.020000    0.466936    0.384652    8.959213 ^ _17097_/Y (sky130_fd_sc_hd__a211oi_1)
                                                         _06953_ (net)
                      0.466950    0.002132    8.961345 ^ wire240/A (sky130_fd_sc_hd__buf_2)
     4    0.070177    0.256886    0.262811    9.224156 ^ wire240/X (sky130_fd_sc_hd__buf_2)
                                                         net240 (net)
                      0.257406    0.009511    9.233666 ^ _17098_/C (sky130_fd_sc_hd__nor3_1)
     3    0.009164    0.078649    0.062762    9.296429 v _17098_/Y (sky130_fd_sc_hd__nor3_1)
                                                         _06954_ (net)
                      0.078653    0.000457    9.296885 v _17100_/B1 (sky130_fd_sc_hd__a211o_1)
     3    0.010939    0.059400    0.167304    9.464190 v _17100_/X (sky130_fd_sc_hd__a211o_1)
                                                         _06956_ (net)
                      0.059417    0.000770    9.464960 v _17103_/B1 (sky130_fd_sc_hd__a22o_1)
     2    0.005952    0.036695    0.103149    9.568109 v _17103_/X (sky130_fd_sc_hd__a22o_1)
                                                         _06959_ (net)
                      0.036700    0.000333    9.568441 v _17105_/A2 (sky130_fd_sc_hd__a211oi_1)
     2    0.007633    0.220060    0.222727    9.791168 ^ _17105_/Y (sky130_fd_sc_hd__a211oi_1)
                                                         _06961_ (net)
                      0.220062    0.000513    9.791681 ^ _17106_/C (sky130_fd_sc_hd__nor3_1)
     3    0.011165    0.079936    0.070128    9.861810 v _17106_/Y (sky130_fd_sc_hd__nor3_1)
                                                         _06962_ (net)
                      0.079947    0.000735    9.862545 v _17108_/B1 (sky130_fd_sc_hd__a211o_1)
     3    0.013704    0.067146    0.174992   10.037538 v _17108_/X (sky130_fd_sc_hd__a211o_1)
                                                         _06965_ (net)
                      0.067176    0.001154   10.038692 v _17111_/A1 (sky130_fd_sc_hd__a211o_1)
     3    0.012350    0.063399    0.201323   10.240014 v _17111_/X (sky130_fd_sc_hd__a211o_1)
                                                         _06968_ (net)
                      0.063414    0.000773   10.240788 v _17113_/B (sky130_fd_sc_hd__and3_1)
     2    0.007493    0.041207    0.129169   10.369956 v _17113_/X (sky130_fd_sc_hd__and3_1)
                                                         _06970_ (net)
                      0.041215    0.000483   10.370439 v _17116_/B1 (sky130_fd_sc_hd__a211o_2)
     6    0.064994    0.128916    0.240123   10.610562 v _17116_/X (sky130_fd_sc_hd__a211o_2)
                                                         _06973_ (net)
                      0.128947    0.001669   10.612231 v _18257_/A2 (sky130_fd_sc_hd__a21o_1)
     3    0.012862    0.052416    0.174941   10.787172 v _18257_/X (sky130_fd_sc_hd__a21o_1)
                                                         _08228_ (net)
                      0.052425    0.000551   10.787723 v _19506_/A2 (sky130_fd_sc_hd__a21oi_1)
     3    0.012548    0.208929    0.199699   10.987422 ^ _19506_/Y (sky130_fd_sc_hd__a21oi_1)
                                                         _09600_ (net)
                      0.208937    0.001076   10.988499 ^ _21134_/A2 (sky130_fd_sc_hd__o21ai_1)
     3    0.012061    0.081706    0.087217   11.075716 v _21134_/Y (sky130_fd_sc_hd__o21ai_1)
                                                         _00211_ (net)
                      0.081715    0.000735   11.076450 v _21911_/B (sky130_fd_sc_hd__and3_1)
     1    0.002719    0.026964    0.119850   11.196301 v _21911_/X (sky130_fd_sc_hd__and3_1)
                                                         _01065_ (net)
                      0.026965    0.000103   11.196404 v _21913_/B (sky130_fd_sc_hd__or3_2)
     2    0.088561    0.195748    0.413031   11.609435 v _21913_/X (sky130_fd_sc_hd__or3_2)
                                                         _01067_ (net)
                      0.196833    0.011866   11.621301 v _21914_/A3 (sky130_fd_sc_hd__a31o_1)
     1    0.007277    0.042001    0.210546   11.831847 v _21914_/X (sky130_fd_sc_hd__a31o_1)
                                                         _01068_ (net)
                      0.042013    0.000600   11.832447 v _22033_/A2 (sky130_fd_sc_hd__o21a_1)
     2    0.026897    0.098824    0.174174   12.006621 v _22033_/X (sky130_fd_sc_hd__o21a_1)
                                                         _01199_ (net)
                      0.098908    0.002416   12.009037 v _22196_/A1 (sky130_fd_sc_hd__o22a_1)
     1    0.004121    0.030976    0.150014   12.159051 v _22196_/X (sky130_fd_sc_hd__o22a_1)
                                                         _01378_ (net)
                      0.030980    0.000263   12.159314 v _22243_/A2 (sky130_fd_sc_hd__o21ba_1)
     1    0.003327    0.027394    0.103616   12.262930 v _22243_/X (sky130_fd_sc_hd__o21ba_1)
                                                         _01430_ (net)
                      0.027397    0.000220   12.263150 v _22245_/B1 (sky130_fd_sc_hd__o32a_1)
     1    0.003408    0.039935    0.100663   12.363813 v _22245_/X (sky130_fd_sc_hd__o32a_1)
                                                         _00005_ (net)
                      0.039936    0.000219   12.364033 v _22395_/D (sky130_fd_sc_hd__dfxtp_2)
                                             12.364033   data arrival time

                                 25.000000   25.000000   clock clk (rise edge)
                                  0.000000   25.000000   clock source latency
     2    0.101011    0.343467    0.255490   25.255489 ^ clk (in)
                                                         clk (net)
                      0.354621    0.000000   25.255489 ^ clkbuf_0_clk/A (sky130_fd_sc_hd__clkbuf_16)
     2    0.022561    0.041349    0.134076   25.389565 ^ clkbuf_0_clk/X (sky130_fd_sc_hd__clkbuf_16)
                                                         clknet_0_clk (net)
                      0.041375    0.001464   25.391029 ^ clkbuf_1_0__f_clk/A (sky130_fd_sc_hd__clkbuf_16)
     9    0.033917    0.040602    0.095636   25.486664 ^ clkbuf_1_0__f_clk/X (sky130_fd_sc_hd__clkbuf_16)
                                                         clknet_1_0__leaf_clk (net)
                      0.040946    0.002643   25.489307 ^ _22395_/CLK (sky130_fd_sc_hd__dfxtp_2)
                                 -0.250000   25.239307   clock uncertainty
                                  0.000000   25.239307   clock reconvergence pessimism
                                 -0.073196   25.166111   library setup time
                                             25.166111   data required time
---------------------------------------------------------------------------------------------
                                             25.166111   data required time
                                            -12.364033   data arrival time
---------------------------------------------------------------------------------------------
                                             12.802079   slack (MET)




===========================================================================
report_checks --slack_max -0.01
============================================================================
======================= max_ff_n40C_1v95 Corner ===================================

No paths found.


===========================================================================
 report_check_types -max_slew -max_cap -max_fanout -violators
============================================================================
======================= max_ff_n40C_1v95 Corner ===================================

max fanout

Pin                                   Limit Fanout  Slack
---------------------------------------------------------
input139/X                               10     39    -29 (VIOLATED)
fanout542/X                              10     21    -11 (VIOLATED)
_11446_/Y                                10     20    -10 (VIOLATED)
_11543_/Y                                10     20    -10 (VIOLATED)
_11758_/Y                                10     20    -10 (VIOLATED)
_12250_/X                                10     20    -10 (VIOLATED)
_13155_/Y                                10     20    -10 (VIOLATED)
_14753_/Y                                10     20    -10 (VIOLATED)
_15566_/Y                                10     20    -10 (VIOLATED)
_16075_/Y                                10     20    -10 (VIOLATED)
_16517_/Y                                10     20    -10 (VIOLATED)
fanout244/X                              10     20    -10 (VIOLATED)
fanout245/X                              10     20    -10 (VIOLATED)
fanout246/X                              10     20    -10 (VIOLATED)
fanout248/X                              10     20    -10 (VIOLATED)
fanout249/X                              10     20    -10 (VIOLATED)
fanout253/X                              10     20    -10 (VIOLATED)
fanout255/X                              10     20    -10 (VIOLATED)
fanout257/X                              10     20    -10 (VIOLATED)
fanout259/X                              10     20    -10 (VIOLATED)
fanout260/X                              10     20    -10 (VIOLATED)
fanout263/X                              10     20    -10 (VIOLATED)
fanout265/X                              10     20    -10 (VIOLATED)
fanout267/X                              10     20    -10 (VIOLATED)
fanout271/X                              10     20    -10 (VIOLATED)
fanout277/X                              10     20    -10 (VIOLATED)
fanout278/X                              10     20    -10 (VIOLATED)
fanout279/X                              10     20    -10 (VIOLATED)
fanout280/X                              10     20    -10 (VIOLATED)
fanout281/X                              10     20    -10 (VIOLATED)
fanout283/X                              10     20    -10 (VIOLATED)
fanout284/X                              10     20    -10 (VIOLATED)
fanout286/X                              10     20    -10 (VIOLATED)
fanout287/X                              10     20    -10 (VIOLATED)
fanout288/X                              10     20    -10 (VIOLATED)
fanout291/X                              10     20    -10 (VIOLATED)
fanout295/X                              10     20    -10 (VIOLATED)
fanout296/X                              10     20    -10 (VIOLATED)
fanout297/X                              10     20    -10 (VIOLATED)
fanout298/X                              10     20    -10 (VIOLATED)
fanout300/X                              10     20    -10 (VIOLATED)
fanout306/X                              10     20    -10 (VIOLATED)
fanout308/X                              10     20    -10 (VIOLATED)
fanout309/X                              10     20    -10 (VIOLATED)
fanout310/X                              10     20    -10 (VIOLATED)
fanout312/X                              10     20    -10 (VIOLATED)
fanout313/X                              10     20    -10 (VIOLATED)
fanout322/X                              10     20    -10 (VIOLATED)
fanout326/X                              10     20    -10 (VIOLATED)
fanout328/X                              10     20    -10 (VIOLATED)
fanout329/X                              10     20    -10 (VIOLATED)
fanout330/X                              10     20    -10 (VIOLATED)
fanout331/X                              10     20    -10 (VIOLATED)
fanout345/X                              10     20    -10 (VIOLATED)
fanout351/X                              10     20    -10 (VIOLATED)
fanout354/X                              10     20    -10 (VIOLATED)
fanout355/X                              10     20    -10 (VIOLATED)
fanout372/X                              10     20    -10 (VIOLATED)
fanout375/X                              10     20    -10 (VIOLATED)
fanout376/X                              10     20    -10 (VIOLATED)
fanout384/X                              10     20    -10 (VIOLATED)
fanout389/X                              10     20    -10 (VIOLATED)
fanout427/X                              10     20    -10 (VIOLATED)
fanout428/X                              10     20    -10 (VIOLATED)
fanout430/X                              10     20    -10 (VIOLATED)
fanout440/X                              10     20    -10 (VIOLATED)
fanout451/X                              10     20    -10 (VIOLATED)
fanout463/X                              10     20    -10 (VIOLATED)
fanout478/X                              10     20    -10 (VIOLATED)
fanout487/X                              10     20    -10 (VIOLATED)
fanout488/X                              10     20    -10 (VIOLATED)
fanout490/X                              10     20    -10 (VIOLATED)
fanout496/X                              10     20    -10 (VIOLATED)
fanout499/X                              10     20    -10 (VIOLATED)
fanout500/X                              10     20    -10 (VIOLATED)
fanout501/X                              10     20    -10 (VIOLATED)
fanout504/X                              10     20    -10 (VIOLATED)
fanout517/X                              10     20    -10 (VIOLATED)
fanout518/X                              10     20    -10 (VIOLATED)
fanout528/X                              10     20    -10 (VIOLATED)
fanout531/X                              10     20    -10 (VIOLATED)
fanout533/X                              10     20    -10 (VIOLATED)
fanout534/X                              10     20    -10 (VIOLATED)
fanout535/X                              10     20    -10 (VIOLATED)
fanout540/X                              10     20    -10 (VIOLATED)
fanout541/X                              10     20    -10 (VIOLATED)
fanout546/X                              10     20    -10 (VIOLATED)
fanout550/X                              10     20    -10 (VIOLATED)
fanout555/X                              10     20    -10 (VIOLATED)
input174/X                               10     20    -10 (VIOLATED)
input27/X                                10     20    -10 (VIOLATED)
input40/X                                10     20    -10 (VIOLATED)
input67/X                                10     20    -10 (VIOLATED)
input69/X                                10     20    -10 (VIOLATED)
input70/X                                10     20    -10 (VIOLATED)
input95/X                                10     20    -10 (VIOLATED)
_11241_/Y                                10     18     -8 (VIOLATED)
_11299_/Y                                10     18     -8 (VIOLATED)
_11449_/Y                                10     18     -8 (VIOLATED)
_11450_/X                                10     18     -8 (VIOLATED)
_11544_/X                                10     18     -8 (VIOLATED)
_11656_/X                                10     18     -8 (VIOLATED)
_12083_/Y                                10     18     -8 (VIOLATED)
_12314_/X                                10     18     -8 (VIOLATED)
_13074_/X                                10     18     -8 (VIOLATED)
_13655_/Y                                10     18     -8 (VIOLATED)
_13713_/Y                                10     18     -8 (VIOLATED)
_15567_/Y                                10     18     -8 (VIOLATED)
fanout318/X                              10     18     -8 (VIOLATED)
fanout320/X                              10     18     -8 (VIOLATED)
fanout325/X                              10     18     -8 (VIOLATED)
fanout336/X                              10     18     -8 (VIOLATED)
fanout380/X                              10     18     -8 (VIOLATED)
fanout387/X                              10     18     -8 (VIOLATED)
fanout404/X                              10     18     -8 (VIOLATED)
fanout414/X                              10     18     -8 (VIOLATED)
fanout435/X                              10     18     -8 (VIOLATED)
fanout445/X                              10     18     -8 (VIOLATED)
fanout453/X                              10     18     -8 (VIOLATED)
fanout455/X                              10     18     -8 (VIOLATED)
fanout498/X                              10     18     -8 (VIOLATED)
fanout503/X                              10     18     -8 (VIOLATED)
fanout522/X                              10     18     -8 (VIOLATED)
fanout532/X                              10     18     -8 (VIOLATED)
fanout544/X                              10     18     -8 (VIOLATED)
fanout547/X                              10     18     -8 (VIOLATED)
input221/X                               10     18     -8 (VIOLATED)
input26/X                                10     18     -8 (VIOLATED)
input33/X                                10     18     -8 (VIOLATED)
input43/X                                10     18     -8 (VIOLATED)
input62/X                                10     18     -8 (VIOLATED)
input68/X                                10     18     -8 (VIOLATED)
input79/X                                10     18     -8 (VIOLATED)
input86/X                                10     18     -8 (VIOLATED)
input87/X                                10     18     -8 (VIOLATED)
input89/X                                10     18     -8 (VIOLATED)
input94/X                                10     18     -8 (VIOLATED)
_11197_/Y                                10     16     -6 (VIOLATED)
_11203_/Y                                10     16     -6 (VIOLATED)
_11204_/Y                                10     16     -6 (VIOLATED)
_11207_/Y                                10     16     -6 (VIOLATED)
_11250_/Y                                10     16     -6 (VIOLATED)
_11444_/X                                10     16     -6 (VIOLATED)
_11828_/X                                10     16     -6 (VIOLATED)
_12092_/X                                10     16     -6 (VIOLATED)
_12421_/Y                                10     16     -6 (VIOLATED)
_12650_/Y                                10     16     -6 (VIOLATED)
_13709_/X                                10     16     -6 (VIOLATED)
_15196_/Y                                10     16     -6 (VIOLATED)
_15609_/Y                                10     16     -6 (VIOLATED)
_16518_/Y                                10     16     -6 (VIOLATED)
fanout294/X                              10     16     -6 (VIOLATED)
fanout342/X                              10     16     -6 (VIOLATED)
fanout344/X                              10     16     -6 (VIOLATED)
fanout370/X                              10     16     -6 (VIOLATED)
fanout398/X                              10     16     -6 (VIOLATED)
fanout401/X                              10     16     -6 (VIOLATED)
fanout407/X                              10     16     -6 (VIOLATED)
fanout410/X                              10     16     -6 (VIOLATED)
fanout433/X                              10     16     -6 (VIOLATED)
fanout477/X                              10     16     -6 (VIOLATED)
fanout484/X                              10     16     -6 (VIOLATED)
fanout506/X                              10     16     -6 (VIOLATED)
fanout514/X                              10     16     -6 (VIOLATED)
input158/X                               10     16     -6 (VIOLATED)
input210/X                               10     16     -6 (VIOLATED)
input220/X                               10     16     -6 (VIOLATED)
input41/X                                10     16     -6 (VIOLATED)
input77/X                                10     16     -6 (VIOLATED)
input85/X                                10     16     -6 (VIOLATED)
_13154_/X                                10     15     -5 (VIOLATED)
_11211_/Y                                10     14     -4 (VIOLATED)
_11238_/X                                10     14     -4 (VIOLATED)
_11358_/Y                                10     14     -4 (VIOLATED)
_11421_/X                                10     14     -4 (VIOLATED)
_12176_/Y                                10     14     -4 (VIOLATED)
_12177_/X                                10     14     -4 (VIOLATED)
_13325_/Y                                10     14     -4 (VIOLATED)
_14734_/Y                                10     14     -4 (VIOLATED)
_14754_/Y                                10     14     -4 (VIOLATED)
_15237_/Y                                10     14     -4 (VIOLATED)
_15573_/X                                10     14     -4 (VIOLATED)
_16072_/X                                10     14     -4 (VIOLATED)
_16687_/X                                10     14     -4 (VIOLATED)
clkbuf_1_1__f_clk/X                      10     14     -4 (VIOLATED)
fanout334/X                              10     14     -4 (VIOLATED)
fanout348/X                              10     14     -4 (VIOLATED)
fanout359/X                              10     14     -4 (VIOLATED)
fanout432/X                              10     14     -4 (VIOLATED)
fanout486/X                              10     14     -4 (VIOLATED)
fanout494/X                              10     14     -4 (VIOLATED)
fanout508/X                              10     14     -4 (VIOLATED)
fanout537/X                              10     14     -4 (VIOLATED)
fanout553/X                              10     14     -4 (VIOLATED)
input141/X                               10     14     -4 (VIOLATED)
input176/X                               10     14     -4 (VIOLATED)
input28/X                                10     14     -4 (VIOLATED)
input45/X                                10     14     -4 (VIOLATED)
input80/X                                10     14     -4 (VIOLATED)
input92/X                                10     14     -4 (VIOLATED)
input93/X                                10     14     -4 (VIOLATED)
input96/X                                10     14     -4 (VIOLATED)
max_cap275/X                             10     14     -4 (VIOLATED)
_11242_/Y                                10     12     -2 (VIOLATED)
_11323_/X                                10     12     -2 (VIOLATED)
_11342_/X                                10     12     -2 (VIOLATED)
_11343_/Y                                10     12     -2 (VIOLATED)
_11359_/X                                10     12     -2 (VIOLATED)
_11991_/Y                                10     12     -2 (VIOLATED)
_12333_/Y                                10     12     -2 (VIOLATED)
_12334_/X                                10     12     -2 (VIOLATED)
_13235_/Y                                10     12     -2 (VIOLATED)
_13278_/Y                                10     12     -2 (VIOLATED)
_13433_/Y                                10     12     -2 (VIOLATED)
_13447_/Y                                10     12     -2 (VIOLATED)
_13465_/X                                10     12     -2 (VIOLATED)
_13490_/Y                                10     12     -2 (VIOLATED)
_13521_/Y                                10     12     -2 (VIOLATED)
_14674_/X                                10     12     -2 (VIOLATED)
_14841_/X                                10     12     -2 (VIOLATED)
_15027_/Y                                10     12     -2 (VIOLATED)
_15351_/Y                                10     12     -2 (VIOLATED)
_15610_/X                                10     12     -2 (VIOLATED)
_16608_/X                                10     12     -2 (VIOLATED)
fanout262/X                              10     12     -2 (VIOLATED)
fanout268/X                              10     12     -2 (VIOLATED)
fanout339/X                              10     12     -2 (VIOLATED)
fanout366/X                              10     12     -2 (VIOLATED)
fanout371/X                              10     12     -2 (VIOLATED)
fanout392/X                              10     12     -2 (VIOLATED)
fanout396/X                              10     12     -2 (VIOLATED)
fanout415/X                              10     12     -2 (VIOLATED)
fanout418/X                              10     12     -2 (VIOLATED)
fanout516/X                              10     12     -2 (VIOLATED)
fanout527/X                              10     12     -2 (VIOLATED)
input159/X                               10     12     -2 (VIOLATED)
input63/X                                10     12     -2 (VIOLATED)
input90/X                                10     12     -2 (VIOLATED)
input91/X                                10     12     -2 (VIOLATED)
max_cap276/X                             10     12     -2 (VIOLATED)
fanout254/X                              10     11        (VIOLATED)
fanout524/X                              10     11        (VIOLATED)

max capacitance

Pin                                        Limit         Cap       Slack
------------------------------------------------------------------------
input139/X                              0.200000    0.213991   -0.013991 (VIOLATED)



===========================================================================
report_parasitic_annotation -report_unannotated
============================================================================
Found 23 unannotated drivers.
 input_data[127]
 input_data[191]
 input_data[207]
 input_data[208]
 input_data[209]
 input_data[210]
 input_data[211]
 input_data[212]
 input_data[213]
 input_data[214]
 input_data[215]
 input_data[216]
 input_data[217]
 input_data[218]
 input_data[219]
 input_data[220]
 input_data[221]
 input_data[222]
 input_data[223]
 input_data[238]
 input_data[239]
 input_data[63]
 input_data[79]
Found 0 partially unannotated drivers.

===========================================================================
max slew violation count 0
max fanout violation count 242
max cap violation count 1
============================================================================

===========================================================================
check_setup -verbose -unconstrained_endpoints -multiple_clock -no_clock -no_input_delay -loops -generated_clocks
===========================================================================
