
===========================================================================
report_checks -path_delay min (Hold)
============================================================================
======================= nom_tt_025C_1v80 Corner ===================================

Startpoint: input_data[2] (input port clocked by clk)
Endpoint: _22392_ (rising edge-triggered flip-flop clocked by clk)
Path Group: clk
Path Type: min

Fanout         Cap        Slew       Delay        Time   Description
---------------------------------------------------------------------------------------------
                                  0.000000    0.000000   clock clk (rise edge)
                                  0.000000    0.000000   clock network delay (propagated)
                                  5.000000    5.000000 ^ input external delay
     1    0.004859    0.029707    0.017354    5.017354 ^ input_data[2] (in)
                                                         input_data[2] (net)
                      0.029707    0.000000    5.017354 ^ input142/A (sky130_fd_sc_hd__buf_6)
     4    0.010509    0.035151    0.085578    5.102932 ^ input142/X (sky130_fd_sc_hd__buf_6)
                                                         net142 (net)
                      0.035151    0.000000    5.102932 ^ _18950_/A1 (sky130_fd_sc_hd__a22o_1)
     1    0.001674    0.034946    0.108793    5.211725 ^ _18950_/X (sky130_fd_sc_hd__a22o_1)
                                                         _00002_ (net)
                      0.034946    0.000000    5.211725 ^ _22392_/D (sky130_fd_sc_hd__dfxtp_2)
                                              5.211725   data arrival time

                                  0.000000    0.000000   clock clk (rise edge)
                                  0.000000    0.000000   clock source latency
     1    0.007894    0.043275    0.027159    0.027159 ^ clk (in)
                                                         clk (net)
                      0.043275    0.000000    0.027159 ^ clkbuf_0_clk/A (sky130_fd_sc_hd__clkbuf_16)
     2    0.015788    0.039241    0.120826    0.147985 ^ clkbuf_0_clk/X (sky130_fd_sc_hd__clkbuf_16)
                                                         clknet_0_clk (net)
                      0.039241    0.000000    0.147985 ^ clkbuf_1_0__f_clk/A (sky130_fd_sc_hd__clkbuf_16)
     9    0.016806    0.040206    0.120341    0.268325 ^ clkbuf_1_0__f_clk/X (sky130_fd_sc_hd__clkbuf_16)
                                                         clknet_1_0__leaf_clk (net)
                      0.040206    0.000000    0.268325 ^ _22392_/CLK (sky130_fd_sc_hd__dfxtp_2)
                                  0.250000    0.518325   clock uncertainty
                                  0.000000    0.518325   clock reconvergence pessimism
                                 -0.029737    0.488588   library hold time
                                              0.488588   data required time
---------------------------------------------------------------------------------------------
                                              0.488588   data required time
                                             -5.211725   data arrival time
---------------------------------------------------------------------------------------------
                                              4.723137   slack (MET)


Startpoint: tap[0] (input port clocked by clk)
Endpoint: _22395_ (rising edge-triggered flip-flop clocked by clk)
Path Group: clk
Path Type: min

Fanout         Cap        Slew       Delay        Time   Description
---------------------------------------------------------------------------------------------
                                  0.000000    0.000000   clock clk (rise edge)
                                  0.000000    0.000000   clock network delay (propagated)
                                  5.000000    5.000000 ^ input external delay
     1    0.002228    0.017869    0.008288    5.008288 ^ tap[0] (in)
                                                         tap[0] (net)
                      0.017869    0.000000    5.008288 ^ input218/A (sky130_fd_sc_hd__clkbuf_4)
     2    0.004105    0.032530    0.106672    5.114960 ^ input218/X (sky130_fd_sc_hd__clkbuf_4)
                                                         net218 (net)
                      0.032530    0.000000    5.114960 ^ _22245_/A2 (sky130_fd_sc_hd__o32a_1)
     1    0.001597    0.036619    0.124468    5.239429 ^ _22245_/X (sky130_fd_sc_hd__o32a_1)
                                                         _00005_ (net)
                      0.036619    0.000000    5.239429 ^ _22395_/D (sky130_fd_sc_hd__dfxtp_4)
                                              5.239429   data arrival time

                                  0.000000    0.000000   clock clk (rise edge)
                                  0.000000    0.000000   clock source latency
     1    0.007894    0.043275    0.027159    0.027159 ^ clk (in)
                                                         clk (net)
                      0.043275    0.000000    0.027159 ^ clkbuf_0_clk/A (sky130_fd_sc_hd__clkbuf_16)
     2    0.015788    0.039241    0.120826    0.147985 ^ clkbuf_0_clk/X (sky130_fd_sc_hd__clkbuf_16)
                                                         clknet_0_clk (net)
                      0.039241    0.000000    0.147985 ^ clkbuf_1_0__f_clk/A (sky130_fd_sc_hd__clkbuf_16)
     9    0.016806    0.040206    0.120341    0.268325 ^ clkbuf_1_0__f_clk/X (sky130_fd_sc_hd__clkbuf_16)
                                                         clknet_1_0__leaf_clk (net)
                      0.040206    0.000000    0.268325 ^ _22395_/CLK (sky130_fd_sc_hd__dfxtp_4)
                                  0.250000    0.518325   clock uncertainty
                                  0.000000    0.518325   clock reconvergence pessimism
                                 -0.030221    0.488104   library hold time
                                              0.488104   data required time
---------------------------------------------------------------------------------------------
                                              0.488104   data required time
                                             -5.239429   data arrival time
---------------------------------------------------------------------------------------------
                                              4.751324   slack (MET)


Startpoint: input_data[0] (input port clocked by clk)
Endpoint: _22396_ (rising edge-triggered flip-flop clocked by clk)
Path Group: clk
Path Type: min

Fanout         Cap        Slew       Delay        Time   Description
---------------------------------------------------------------------------------------------
                                  0.000000    0.000000   clock clk (rise edge)
                                  0.000000    0.000000   clock network delay (propagated)
                                  5.000000    5.000000 ^ input external delay
     1    0.004157    0.026561    0.015032    5.015033 ^ input_data[0] (in)
                                                         input_data[0] (net)
                      0.026561    0.000000    5.015033 ^ input1/A (sky130_fd_sc_hd__clkbuf_8)
     2    0.005704    0.030807    0.103559    5.118592 ^ input1/X (sky130_fd_sc_hd__clkbuf_8)
                                                         net1 (net)
                      0.030807    0.000000    5.118592 ^ _22247_/B (sky130_fd_sc_hd__or2_1)
     1    0.002507    0.038261    0.080346    5.198937 ^ _22247_/X (sky130_fd_sc_hd__or2_1)
                                                         _01434_ (net)
                      0.038261    0.000000    5.198937 ^ _22252_/A3 (sky130_fd_sc_hd__a31o_1)
     1    0.001597    0.031522    0.122374    5.321311 ^ _22252_/X (sky130_fd_sc_hd__a31o_1)
                                                         _00006_ (net)
                      0.031522    0.000000    5.321311 ^ _22396_/D (sky130_fd_sc_hd__dfxtp_4)
                                              5.321311   data arrival time

                                  0.000000    0.000000   clock clk (rise edge)
                                  0.000000    0.000000   clock source latency
     1    0.007894    0.043275    0.027159    0.027159 ^ clk (in)
                                                         clk (net)
                      0.043275    0.000000    0.027159 ^ clkbuf_0_clk/A (sky130_fd_sc_hd__clkbuf_16)
     2    0.015788    0.039241    0.120826    0.147985 ^ clkbuf_0_clk/X (sky130_fd_sc_hd__clkbuf_16)
                                                         clknet_0_clk (net)
                      0.039241    0.000000    0.147985 ^ clkbuf_1_1__f_clk/A (sky130_fd_sc_hd__clkbuf_16)
     7    0.013081    0.036681    0.116757    0.264742 ^ clkbuf_1_1__f_clk/X (sky130_fd_sc_hd__clkbuf_16)
                                                         clknet_1_1__leaf_clk (net)
                      0.036681    0.000000    0.264742 ^ _22396_/CLK (sky130_fd_sc_hd__dfxtp_4)
                                  0.250000    0.514742   clock uncertainty
                                  0.000000    0.514742   clock reconvergence pessimism
                                 -0.029608    0.485135   library hold time
                                              0.485135   data required time
---------------------------------------------------------------------------------------------
                                              0.485135   data required time
                                             -5.321311   data arrival time
---------------------------------------------------------------------------------------------
                                              4.836176   slack (MET)


Startpoint: tap[3] (input port clocked by clk)
Endpoint: _22390_ (rising edge-triggered flip-flop clocked by clk)
Path Group: clk
Path Type: min

Fanout         Cap        Slew       Delay        Time   Description
---------------------------------------------------------------------------------------------
                                  0.000000    0.000000   clock clk (rise edge)
                                  0.000000    0.000000   clock network delay (propagated)
                                  5.000000    5.000000 ^ input external delay
     1    0.007337    0.040785    0.025359    5.025359 ^ tap[3] (in)
                                                         tap[3] (net)
                      0.040785    0.000000    5.025359 ^ input221/A (sky130_fd_sc_hd__buf_8)
     9    0.035944    0.070082    0.116529    5.141888 ^ input221/X (sky130_fd_sc_hd__buf_8)
                                                         net221 (net)
                      0.070082    0.000000    5.141888 ^ _15570_/B1 (sky130_fd_sc_hd__o21a_2)
     1    0.001533    0.024362    0.115236    5.257124 ^ _15570_/X (sky130_fd_sc_hd__o21a_2)
                                                         _05274_ (net)
                      0.024362    0.000000    5.257124 ^ _16598_/A (sky130_fd_sc_hd__or4b_1)
     1    0.001674    0.029991    0.080622    5.337746 ^ _16598_/X (sky130_fd_sc_hd__or4b_1)
                                                         _00000_ (net)
                      0.029991    0.000000    5.337746 ^ _22390_/D (sky130_fd_sc_hd__dfxtp_2)
                                              5.337746   data arrival time

                                  0.000000    0.000000   clock clk (rise edge)
                                  0.000000    0.000000   clock source latency
     1    0.007894    0.043275    0.027159    0.027159 ^ clk (in)
                                                         clk (net)
                      0.043275    0.000000    0.027159 ^ clkbuf_0_clk/A (sky130_fd_sc_hd__clkbuf_16)
     2    0.015788    0.039241    0.120826    0.147985 ^ clkbuf_0_clk/X (sky130_fd_sc_hd__clkbuf_16)
                                                         clknet_0_clk (net)
                      0.039241    0.000000    0.147985 ^ clkbuf_1_0__f_clk/A (sky130_fd_sc_hd__clkbuf_16)
     9    0.016806    0.040206    0.120341    0.268325 ^ clkbuf_1_0__f_clk/X (sky130_fd_sc_hd__clkbuf_16)
                                                         clknet_1_0__leaf_clk (net)
                      0.040206    0.000000    0.268325 ^ _22390_/CLK (sky130_fd_sc_hd__dfxtp_2)
                                  0.250000    0.518325   clock uncertainty
                                  0.000000    0.518325   clock reconvergence pessimism
                                 -0.028710    0.489615   library hold time
                                              0.489615   data required time
---------------------------------------------------------------------------------------------
                                              0.489615   data required time
                                             -5.337746   data arrival time
---------------------------------------------------------------------------------------------
                                              4.848131   slack (MET)


Startpoint: input_data[16] (input port clocked by clk)
Endpoint: _22400_ (rising edge-triggered flip-flop clocked by clk)
Path Group: clk
Path Type: min

Fanout         Cap        Slew       Delay        Time   Description
---------------------------------------------------------------------------------------------
                                  0.000000    0.000000   clock clk (rise edge)
                                  0.000000    0.000000   clock network delay (propagated)
                                  5.000000    5.000000 ^ input external delay
     1    0.004157    0.026561    0.015032    5.015033 ^ input_data[16] (in)
                                                         input_data[16] (net)
                      0.026561    0.000000    5.015033 ^ input77/A (sky130_fd_sc_hd__clkbuf_8)
     2    0.006624    0.032263    0.105113    5.120145 ^ input77/X (sky130_fd_sc_hd__clkbuf_8)
                                                         net77 (net)
                      0.032263    0.000000    5.120145 ^ fanout326/A (sky130_fd_sc_hd__clkbuf_8)
    10    0.024506    0.060001    0.133301    5.253446 ^ fanout326/X (sky130_fd_sc_hd__clkbuf_8)
                                                         net326 (net)
                      0.060001    0.000000    5.253446 ^ _22311_/B2 (sky130_fd_sc_hd__a32o_1)
     1    0.001674    0.040418    0.108922    5.362369 ^ _22311_/X (sky130_fd_sc_hd__a32o_1)
                                                         _00010_ (net)
                      0.040418    0.000000    5.362369 ^ _22400_/D (sky130_fd_sc_hd__dfxtp_2)
                                              5.362369   data arrival time

                                  0.000000    0.000000   clock clk (rise edge)
                                  0.000000    0.000000   clock source latency
     1    0.007894    0.043275    0.027159    0.027159 ^ clk (in)
                                                         clk (net)
                      0.043275    0.000000    0.027159 ^ clkbuf_0_clk/A (sky130_fd_sc_hd__clkbuf_16)
     2    0.015788    0.039241    0.120826    0.147985 ^ clkbuf_0_clk/X (sky130_fd_sc_hd__clkbuf_16)
                                                         clknet_0_clk (net)
                      0.039241    0.000000    0.147985 ^ clkbuf_1_1__f_clk/A (sky130_fd_sc_hd__clkbuf_16)
     7    0.013081    0.036681    0.116757    0.264742 ^ clkbuf_1_1__f_clk/X (sky130_fd_sc_hd__clkbuf_16)
                                                         clknet_1_1__leaf_clk (net)
                      0.036681    0.000000    0.264742 ^ _22400_/CLK (sky130_fd_sc_hd__dfxtp_2)
                                  0.250000    0.514742   clock uncertainty
                                  0.000000    0.514742   clock reconvergence pessimism
                                 -0.031335    0.483407   library hold time
                                              0.483407   data required time
---------------------------------------------------------------------------------------------
                                              0.483407   data required time
                                             -5.362369   data arrival time
---------------------------------------------------------------------------------------------
                                              4.878961   slack (MET)


Startpoint: tap[2] (input port clocked by clk)
Endpoint: _22394_ (rising edge-triggered flip-flop clocked by clk)
Path Group: clk
Path Type: min

Fanout         Cap        Slew       Delay        Time   Description
---------------------------------------------------------------------------------------------
                                  0.000000    0.000000   clock clk (rise edge)
                                  0.000000    0.000000   clock network delay (propagated)
                                  5.000000    5.000000 v input external delay
     1    0.004380    0.012700    0.007062    5.007062 v tap[2] (in)
                                                         tap[2] (net)
                      0.012700    0.000000    5.007062 v input220/A (sky130_fd_sc_hd__buf_6)
     8    0.030451    0.042271    0.120181    5.127243 v input220/X (sky130_fd_sc_hd__buf_6)
                                                         net220 (net)
                      0.042271    0.000000    5.127243 v _16521_/B (sky130_fd_sc_hd__nor2_2)
     4    0.008239    0.117349    0.109727    5.236970 ^ _16521_/Y (sky130_fd_sc_hd__nor2_2)
                                                         _06320_ (net)
                      0.117349    0.000000    5.236970 ^ _21384_/B1 (sky130_fd_sc_hd__a21o_1)
     1    0.002617    0.035990    0.094480    5.331451 ^ _21384_/X (sky130_fd_sc_hd__a21o_1)
                                                         _00486_ (net)
                      0.035990    0.000000    5.331451 ^ _21426_/A2 (sky130_fd_sc_hd__o21ai_1)
     1    0.001509    0.022224    0.042349    5.373800 v _21426_/Y (sky130_fd_sc_hd__o21ai_1)
                                                         _00004_ (net)
                      0.022224    0.000000    5.373800 v _22394_/D (sky130_fd_sc_hd__dfxtp_4)
                                              5.373800   data arrival time

                                  0.000000    0.000000   clock clk (rise edge)
                                  0.000000    0.000000   clock source latency
     1    0.007894    0.043275    0.027159    0.027159 ^ clk (in)
                                                         clk (net)
                      0.043275    0.000000    0.027159 ^ clkbuf_0_clk/A (sky130_fd_sc_hd__clkbuf_16)
     2    0.015788    0.039241    0.120826    0.147985 ^ clkbuf_0_clk/X (sky130_fd_sc_hd__clkbuf_16)
                                                         clknet_0_clk (net)
                      0.039241    0.000000    0.147985 ^ clkbuf_1_0__f_clk/A (sky130_fd_sc_hd__clkbuf_16)
     9    0.016806    0.040206    0.120341    0.268325 ^ clkbuf_1_0__f_clk/X (sky130_fd_sc_hd__clkbuf_16)
                                                         clknet_1_0__leaf_clk (net)
                      0.040206    0.000000    0.268325 ^ _22394_/CLK (sky130_fd_sc_hd__dfxtp_4)
                                  0.250000    0.518325   clock uncertainty
                                  0.000000    0.518325   clock reconvergence pessimism
                                 -0.036904    0.481421   library hold time
                                              0.481421   data required time
---------------------------------------------------------------------------------------------
                                              0.481421   data required time
                                             -5.373800   data arrival time
---------------------------------------------------------------------------------------------
                                              4.892378   slack (MET)


Startpoint: tap[2] (input port clocked by clk)
Endpoint: _22399_ (rising edge-triggered flip-flop clocked by clk)
Path Group: clk
Path Type: min

Fanout         Cap        Slew       Delay        Time   Description
---------------------------------------------------------------------------------------------
                                  0.000000    0.000000   clock clk (rise edge)
                                  0.000000    0.000000   clock network delay (propagated)
                                  5.000000    5.000000 ^ input external delay
     1    0.004859    0.029707    0.017354    5.017354 ^ tap[2] (in)
                                                         tap[2] (net)
                      0.029707    0.000000    5.017354 ^ input220/A (sky130_fd_sc_hd__buf_6)
     8    0.033906    0.078316    0.119367    5.136722 ^ input220/X (sky130_fd_sc_hd__buf_6)
                                                         net220 (net)
                      0.078316    0.000000    5.136722 ^ _16522_/B (sky130_fd_sc_hd__or2_2)
     5    0.011429    0.070512    0.139371    5.276092 ^ _16522_/X (sky130_fd_sc_hd__or2_2)
                                                         _06321_ (net)
                      0.070512    0.000000    5.276092 ^ _22294_/C1 (sky130_fd_sc_hd__o211a_1)
     1    0.001674    0.033234    0.126446    5.402539 ^ _22294_/X (sky130_fd_sc_hd__o211a_1)
                                                         _00009_ (net)
                      0.033234    0.000000    5.402539 ^ _22399_/D (sky130_fd_sc_hd__dfxtp_2)
                                              5.402539   data arrival time

                                  0.000000    0.000000   clock clk (rise edge)
                                  0.000000    0.000000   clock source latency
     1    0.007894    0.043275    0.027159    0.027159 ^ clk (in)
                                                         clk (net)
                      0.043275    0.000000    0.027159 ^ clkbuf_0_clk/A (sky130_fd_sc_hd__clkbuf_16)
     2    0.015788    0.039241    0.120826    0.147985 ^ clkbuf_0_clk/X (sky130_fd_sc_hd__clkbuf_16)
                                                         clknet_0_clk (net)
                      0.039241    0.000000    0.147985 ^ clkbuf_1_1__f_clk/A (sky130_fd_sc_hd__clkbuf_16)
     7    0.013081    0.036681    0.116757    0.264742 ^ clkbuf_1_1__f_clk/X (sky130_fd_sc_hd__clkbuf_16)
                                                         clknet_1_1__leaf_clk (net)
                      0.036681    0.000000    0.264742 ^ _22399_/CLK (sky130_fd_sc_hd__dfxtp_2)
                                  0.250000    0.514742   clock uncertainty
                                  0.000000    0.514742   clock reconvergence pessimism
                                 -0.029845    0.484897   library hold time
                                              0.484897   data required time
---------------------------------------------------------------------------------------------
                                              0.484897   data required time
                                             -5.402539   data arrival time
---------------------------------------------------------------------------------------------
                                              4.917642   slack (MET)


Startpoint: input_data[1] (input port clocked by clk)
Endpoint: _22391_ (rising edge-triggered flip-flop clocked by clk)
Path Group: clk
Path Type: min

Fanout         Cap        Slew       Delay        Time   Description
---------------------------------------------------------------------------------------------
                                  0.000000    0.000000   clock clk (rise edge)
                                  0.000000    0.000000   clock network delay (propagated)
                                  5.000000    5.000000 ^ input external delay
     1    0.001807    0.015971    0.006817    5.006817 ^ input_data[1] (in)
                                                         input_data[1] (net)
                      0.015971    0.000000    5.006817 ^ input110/A (sky130_fd_sc_hd__buf_2)
     1    0.004157    0.033691    0.085607    5.092424 ^ input110/X (sky130_fd_sc_hd__buf_2)
                                                         net110 (net)
                      0.033691    0.000000    5.092424 ^ fanout581/A (sky130_fd_sc_hd__clkbuf_8)
     9    0.018978    0.051357    0.126387    5.218812 ^ fanout581/X (sky130_fd_sc_hd__clkbuf_8)
                                                         net581 (net)
                      0.051357    0.000000    5.218812 ^ _17724_/B1 (sky130_fd_sc_hd__a2bb2o_1)
     1    0.001547    0.033833    0.112656    5.331468 ^ _17724_/X (sky130_fd_sc_hd__a2bb2o_1)
                                                         _07642_ (net)
                      0.033833    0.000000    5.331468 ^ _17725_/B (sky130_fd_sc_hd__or2_1)
     1    0.001674    0.031033    0.075699    5.407167 ^ _17725_/X (sky130_fd_sc_hd__or2_1)
                                                         _00001_ (net)
                      0.031033    0.000000    5.407167 ^ _22391_/D (sky130_fd_sc_hd__dfxtp_2)
                                              5.407167   data arrival time

                                  0.000000    0.000000   clock clk (rise edge)
                                  0.000000    0.000000   clock source latency
     1    0.007894    0.043275    0.027159    0.027159 ^ clk (in)
                                                         clk (net)
                      0.043275    0.000000    0.027159 ^ clkbuf_0_clk/A (sky130_fd_sc_hd__clkbuf_16)
     2    0.015788    0.039241    0.120826    0.147985 ^ clkbuf_0_clk/X (sky130_fd_sc_hd__clkbuf_16)
                                                         clknet_0_clk (net)
                      0.039241    0.000000    0.147985 ^ clkbuf_1_0__f_clk/A (sky130_fd_sc_hd__clkbuf_16)
     9    0.016806    0.040206    0.120341    0.268325 ^ clkbuf_1_0__f_clk/X (sky130_fd_sc_hd__clkbuf_16)
                                                         clknet_1_0__leaf_clk (net)
                      0.040206    0.000000    0.268325 ^ _22391_/CLK (sky130_fd_sc_hd__dfxtp_2)
                                  0.250000    0.518325   clock uncertainty
                                  0.000000    0.518325   clock reconvergence pessimism
                                 -0.028926    0.489399   library hold time
                                              0.489399   data required time
---------------------------------------------------------------------------------------------
                                              0.489399   data required time
                                             -5.407167   data arrival time
---------------------------------------------------------------------------------------------
                                              4.917768   slack (MET)


Startpoint: tap[2] (input port clocked by clk)
Endpoint: _22398_ (rising edge-triggered flip-flop clocked by clk)
Path Group: clk
Path Type: min

Fanout         Cap        Slew       Delay        Time   Description
---------------------------------------------------------------------------------------------
                                  0.000000    0.000000   clock clk (rise edge)
                                  0.000000    0.000000   clock network delay (propagated)
                                  5.000000    5.000000 ^ input external delay
     1    0.004859    0.029707    0.017354    5.017354 ^ tap[2] (in)
                                                         tap[2] (net)
                      0.029707    0.000000    5.017354 ^ input220/A (sky130_fd_sc_hd__buf_6)
     8    0.033906    0.078316    0.119367    5.136722 ^ input220/X (sky130_fd_sc_hd__buf_6)
                                                         net220 (net)
                      0.078316    0.000000    5.136722 ^ _16522_/B (sky130_fd_sc_hd__or2_2)
     5    0.011429    0.070512    0.139371    5.276092 ^ _16522_/X (sky130_fd_sc_hd__or2_2)
                                                         _06321_ (net)
                      0.070512    0.000000    5.276092 ^ _22279_/C1 (sky130_fd_sc_hd__o221a_1)
     1    0.001674    0.043140    0.153111    5.429203 ^ _22279_/X (sky130_fd_sc_hd__o221a_1)
                                                         _00008_ (net)
                      0.043140    0.000000    5.429203 ^ _22398_/D (sky130_fd_sc_hd__dfxtp_2)
                                              5.429203   data arrival time

                                  0.000000    0.000000   clock clk (rise edge)
                                  0.000000    0.000000   clock source latency
     1    0.007894    0.043275    0.027159    0.027159 ^ clk (in)
                                                         clk (net)
                      0.043275    0.000000    0.027159 ^ clkbuf_0_clk/A (sky130_fd_sc_hd__clkbuf_16)
     2    0.015788    0.039241    0.120826    0.147985 ^ clkbuf_0_clk/X (sky130_fd_sc_hd__clkbuf_16)
                                                         clknet_0_clk (net)
                      0.039241    0.000000    0.147985 ^ clkbuf_1_1__f_clk/A (sky130_fd_sc_hd__clkbuf_16)
     7    0.013081    0.036681    0.116757    0.264742 ^ clkbuf_1_1__f_clk/X (sky130_fd_sc_hd__clkbuf_16)
                                                         clknet_1_1__leaf_clk (net)
                      0.036681    0.000000    0.264742 ^ _22398_/CLK (sky130_fd_sc_hd__dfxtp_2)
                                  0.250000    0.514742   clock uncertainty
                                  0.000000    0.514742   clock reconvergence pessimism
                                 -0.031899    0.482843   library hold time
                                              0.482843   data required time
---------------------------------------------------------------------------------------------
                                              0.482843   data required time
                                             -5.429203   data arrival time
---------------------------------------------------------------------------------------------
                                              4.946360   slack (MET)


Startpoint: tap[1] (input port clocked by clk)
Endpoint: _22397_ (rising edge-triggered flip-flop clocked by clk)
Path Group: clk
Path Type: min

Fanout         Cap        Slew       Delay        Time   Description
---------------------------------------------------------------------------------------------
                                  0.000000    0.000000   clock clk (rise edge)
                                  0.000000    0.000000   clock network delay (propagated)
                                  5.000000    5.000000 ^ input external delay
     1    0.002228    0.017869    0.008288    5.008288 ^ tap[1] (in)
                                                         tap[1] (net)
                      0.017869    0.000000    5.008288 ^ input219/A (sky130_fd_sc_hd__clkbuf_4)
     3    0.009082    0.045959    0.119803    5.128091 ^ input219/X (sky130_fd_sc_hd__clkbuf_4)
                                                         net219 (net)
                      0.045959    0.000000    5.128091 ^ _22257_/A1 (sky130_fd_sc_hd__o22a_1)
     1    0.001611    0.032663    0.121530    5.249621 ^ _22257_/X (sky130_fd_sc_hd__o22a_1)
                                                         _01444_ (net)
                      0.032663    0.000000    5.249621 ^ _22262_/A0 (sky130_fd_sc_hd__mux2_1)
     1    0.002565    0.040942    0.108295    5.357916 ^ _22262_/X (sky130_fd_sc_hd__mux2_1)
                                                         _01449_ (net)
                      0.040942    0.000000    5.357916 ^ _22265_/A2 (sky130_fd_sc_hd__o21a_1)
     1    0.001597    0.030520    0.089165    5.447082 ^ _22265_/X (sky130_fd_sc_hd__o21a_1)
                                                         _00007_ (net)
                      0.030520    0.000000    5.447082 ^ _22397_/D (sky130_fd_sc_hd__dfxtp_4)
                                              5.447082   data arrival time

                                  0.000000    0.000000   clock clk (rise edge)
                                  0.000000    0.000000   clock source latency
     1    0.007894    0.043275    0.027159    0.027159 ^ clk (in)
                                                         clk (net)
                      0.043275    0.000000    0.027159 ^ clkbuf_0_clk/A (sky130_fd_sc_hd__clkbuf_16)
     2    0.015788    0.039241    0.120826    0.147985 ^ clkbuf_0_clk/X (sky130_fd_sc_hd__clkbuf_16)
                                                         clknet_0_clk (net)
                      0.039241    0.000000    0.147985 ^ clkbuf_1_1__f_clk/A (sky130_fd_sc_hd__clkbuf_16)
     7    0.013081    0.036681    0.116757    0.264742 ^ clkbuf_1_1__f_clk/X (sky130_fd_sc_hd__clkbuf_16)
                                                         clknet_1_1__leaf_clk (net)
                      0.036681    0.000000    0.264742 ^ _22397_/CLK (sky130_fd_sc_hd__dfxtp_4)
                                  0.250000    0.514742   clock uncertainty
                                  0.000000    0.514742   clock reconvergence pessimism
                                 -0.029398    0.485345   library hold time
                                              0.485345   data required time
---------------------------------------------------------------------------------------------
                                              0.485345   data required time
                                             -5.447082   data arrival time
---------------------------------------------------------------------------------------------
                                              4.961737   slack (MET)


Startpoint: tap[0] (input port clocked by clk)
Endpoint: _22393_ (rising edge-triggered flip-flop clocked by clk)
Path Group: clk
Path Type: min

Fanout         Cap        Slew       Delay        Time   Description
---------------------------------------------------------------------------------------------
                                  0.000000    0.000000   clock clk (rise edge)
                                  0.000000    0.000000   clock network delay (propagated)
                                  5.000000    5.000000 ^ input external delay
     1    0.002228    0.017869    0.008288    5.008288 ^ tap[0] (in)
                                                         tap[0] (net)
                      0.017869    0.000000    5.008288 ^ input218/A (sky130_fd_sc_hd__clkbuf_4)
     2    0.004105    0.032530    0.106672    5.114960 ^ input218/X (sky130_fd_sc_hd__clkbuf_4)
                                                         net218 (net)
                      0.032530    0.000000    5.114960 ^ _16524_/B (sky130_fd_sc_hd__and3_2)
     6    0.013189    0.090825    0.205117    5.320077 ^ _16524_/X (sky130_fd_sc_hd__and3_2)
                                                         _06323_ (net)
                      0.090825    0.000000    5.320077 ^ _20202_/A2 (sky130_fd_sc_hd__a221o_1)
     1    0.001597    0.032391    0.136610    5.456687 ^ _20202_/X (sky130_fd_sc_hd__a221o_1)
                                                         _00003_ (net)
                      0.032391    0.000000    5.456687 ^ _22393_/D (sky130_fd_sc_hd__dfxtp_4)
                                              5.456687   data arrival time

                                  0.000000    0.000000   clock clk (rise edge)
                                  0.000000    0.000000   clock source latency
     1    0.007894    0.043275    0.027159    0.027159 ^ clk (in)
                                                         clk (net)
                      0.043275    0.000000    0.027159 ^ clkbuf_0_clk/A (sky130_fd_sc_hd__clkbuf_16)
     2    0.015788    0.039241    0.120826    0.147985 ^ clkbuf_0_clk/X (sky130_fd_sc_hd__clkbuf_16)
                                                         clknet_0_clk (net)
                      0.039241    0.000000    0.147985 ^ clkbuf_1_0__f_clk/A (sky130_fd_sc_hd__clkbuf_16)
     9    0.016806    0.040206    0.120341    0.268325 ^ clkbuf_1_0__f_clk/X (sky130_fd_sc_hd__clkbuf_16)
                                                         clknet_1_0__leaf_clk (net)
                      0.040206    0.000000    0.268325 ^ _22393_/CLK (sky130_fd_sc_hd__dfxtp_4)
                                  0.250000    0.518325   clock uncertainty
                                  0.000000    0.518325   clock reconvergence pessimism
                                 -0.029335    0.488990   library hold time
                                              0.488990   data required time
---------------------------------------------------------------------------------------------
                                              0.488990   data required time
                                             -5.456687   data arrival time
---------------------------------------------------------------------------------------------
                                              4.967697   slack (MET)


Startpoint: tap[1] (input port clocked by clk)
Endpoint: _22405_ (rising edge-triggered flip-flop clocked by clk)
Path Group: clk
Path Type: min

Fanout         Cap        Slew       Delay        Time   Description
---------------------------------------------------------------------------------------------
                                  0.000000    0.000000   clock clk (rise edge)
                                  0.000000    0.000000   clock network delay (propagated)
                                  5.000000    5.000000 ^ input external delay
     1    0.002228    0.017869    0.008288    5.008288 ^ tap[1] (in)
                                                         tap[1] (net)
                      0.017869    0.000000    5.008288 ^ input219/A (sky130_fd_sc_hd__clkbuf_4)
     3    0.009082    0.045959    0.119803    5.128091 ^ input219/X (sky130_fd_sc_hd__clkbuf_4)
                                                         net219 (net)
                      0.045959    0.000000    5.128091 ^ _22379_/A1 (sky130_fd_sc_hd__a21o_1)
     1    0.002471    0.035115    0.096278    5.224370 ^ _22379_/X (sky130_fd_sc_hd__a21o_1)
                                                         _01570_ (net)
                      0.035115    0.000000    5.224370 ^ _22386_/A1 (sky130_fd_sc_hd__a21o_1)
     1    0.001532    0.026034    0.086305    5.310675 ^ _22386_/X (sky130_fd_sc_hd__a21o_1)
                                                         _01577_ (net)
                      0.026034    0.000000    5.310675 ^ _22388_/B1 (sky130_fd_sc_hd__a2bb2o_1)
     1    0.002519    0.041978    0.112407    5.423081 ^ _22388_/X (sky130_fd_sc_hd__a2bb2o_1)
                                                         _01580_ (net)
                      0.041978    0.000000    5.423081 ^ _22389_/B1 (sky130_fd_sc_hd__a32o_1)
     1    0.001674    0.040374    0.099652    5.522733 ^ _22389_/X (sky130_fd_sc_hd__a32o_1)
                                                         _00015_ (net)
                      0.040374    0.000000    5.522733 ^ _22405_/D (sky130_fd_sc_hd__dfxtp_2)
                                              5.522733   data arrival time

                                  0.000000    0.000000   clock clk (rise edge)
                                  0.000000    0.000000   clock source latency
     1    0.007894    0.043275    0.027159    0.027159 ^ clk (in)
                                                         clk (net)
                      0.043275    0.000000    0.027159 ^ clkbuf_0_clk/A (sky130_fd_sc_hd__clkbuf_16)
     2    0.015788    0.039241    0.120826    0.147985 ^ clkbuf_0_clk/X (sky130_fd_sc_hd__clkbuf_16)
                                                         clknet_0_clk (net)
                      0.039241    0.000000    0.147985 ^ clkbuf_1_0__f_clk/A (sky130_fd_sc_hd__clkbuf_16)
     9    0.016806    0.040206    0.120341    0.268325 ^ clkbuf_1_0__f_clk/X (sky130_fd_sc_hd__clkbuf_16)
                                                         clknet_1_0__leaf_clk (net)
                      0.040206    0.000000    0.268325 ^ _22405_/CLK (sky130_fd_sc_hd__dfxtp_2)
                                  0.250000    0.518325   clock uncertainty
                                  0.000000    0.518325   clock reconvergence pessimism
                                 -0.030862    0.487463   library hold time
                                              0.487463   data required time
---------------------------------------------------------------------------------------------
                                              0.487463   data required time
                                             -5.522733   data arrival time
---------------------------------------------------------------------------------------------
                                              5.035270   slack (MET)


Startpoint: input_data[0] (input port clocked by clk)
Endpoint: _22402_ (rising edge-triggered flip-flop clocked by clk)
Path Group: clk
Path Type: min

Fanout         Cap        Slew       Delay        Time   Description
---------------------------------------------------------------------------------------------
                                  0.000000    0.000000   clock clk (rise edge)
                                  0.000000    0.000000   clock network delay (propagated)
                                  5.000000    5.000000 ^ input external delay
     1    0.004157    0.026561    0.015032    5.015033 ^ input_data[0] (in)
                                                         input_data[0] (net)
                      0.026561    0.000000    5.015033 ^ input1/A (sky130_fd_sc_hd__clkbuf_8)
     2    0.005704    0.030807    0.103559    5.118592 ^ input1/X (sky130_fd_sc_hd__clkbuf_8)
                                                         net1 (net)
                      0.030807    0.000000    5.118592 ^ fanout588/A (sky130_fd_sc_hd__clkbuf_8)
    10    0.024395    0.059829    0.132633    5.251225 ^ fanout588/X (sky130_fd_sc_hd__clkbuf_8)
                                                         net588 (net)
                      0.059829    0.000000    5.251225 ^ _16588_/A (sky130_fd_sc_hd__xnor2_1)
     2    0.003592    0.042380    0.072166    5.323391 v _16588_/Y (sky130_fd_sc_hd__xnor2_1)
                                                         _06394_ (net)
                      0.042380    0.000000    5.323391 v _16589_/B (sky130_fd_sc_hd__nand2_1)
     2    0.004874    0.057287    0.072907    5.396298 ^ _16589_/Y (sky130_fd_sc_hd__nand2_1)
                                                         _06395_ (net)
                      0.057287    0.000000    5.396298 ^ _22343_/A1 (sky130_fd_sc_hd__a32o_1)
     1    0.001674    0.040366    0.135060    5.531357 ^ _22343_/X (sky130_fd_sc_hd__a32o_1)
                                                         _00012_ (net)
                      0.040366    0.000000    5.531357 ^ _22402_/D (sky130_fd_sc_hd__dfxtp_2)
                                              5.531357   data arrival time

                                  0.000000    0.000000   clock clk (rise edge)
                                  0.000000    0.000000   clock source latency
     1    0.007894    0.043275    0.027159    0.027159 ^ clk (in)
                                                         clk (net)
                      0.043275    0.000000    0.027159 ^ clkbuf_0_clk/A (sky130_fd_sc_hd__clkbuf_16)
     2    0.015788    0.039241    0.120826    0.147985 ^ clkbuf_0_clk/X (sky130_fd_sc_hd__clkbuf_16)
                                                         clknet_0_clk (net)
                      0.039241    0.000000    0.147985 ^ clkbuf_1_1__f_clk/A (sky130_fd_sc_hd__clkbuf_16)
     7    0.013081    0.036681    0.116757    0.264742 ^ clkbuf_1_1__f_clk/X (sky130_fd_sc_hd__clkbuf_16)
                                                         clknet_1_1__leaf_clk (net)
                      0.036681    0.000000    0.264742 ^ _22402_/CLK (sky130_fd_sc_hd__dfxtp_2)
                                  0.250000    0.514742   clock uncertainty
                                  0.000000    0.514742   clock reconvergence pessimism
                                 -0.031324    0.483418   library hold time
                                              0.483418   data required time
---------------------------------------------------------------------------------------------
                                              0.483418   data required time
                                             -5.531357   data arrival time
---------------------------------------------------------------------------------------------
                                              5.047939   slack (MET)


Startpoint: tap[2] (input port clocked by clk)
Endpoint: _22401_ (rising edge-triggered flip-flop clocked by clk)
Path Group: clk
Path Type: min

Fanout         Cap        Slew       Delay        Time   Description
---------------------------------------------------------------------------------------------
                                  0.000000    0.000000   clock clk (rise edge)
                                  0.000000    0.000000   clock network delay (propagated)
                                  5.000000    5.000000 ^ input external delay
     1    0.004859    0.029707    0.017354    5.017354 ^ tap[2] (in)
                                                         tap[2] (net)
                      0.029707    0.000000    5.017354 ^ input220/A (sky130_fd_sc_hd__buf_6)
     8    0.033906    0.078316    0.119367    5.136722 ^ input220/X (sky130_fd_sc_hd__buf_6)
                                                         net220 (net)
                      0.078316    0.000000    5.136722 ^ _16522_/B (sky130_fd_sc_hd__or2_2)
     5    0.011429    0.070512    0.139371    5.276092 ^ _16522_/X (sky130_fd_sc_hd__or2_2)
                                                         _06321_ (net)
                      0.070512    0.000000    5.276092 ^ fanout289/A (sky130_fd_sc_hd__buf_2)
    10    0.023067    0.120393    0.170752    5.446844 ^ fanout289/X (sky130_fd_sc_hd__buf_2)
                                                         net289 (net)
                      0.120393    0.000000    5.446844 ^ _22327_/B2 (sky130_fd_sc_hd__a22o_1)
     1    0.001674    0.034963    0.127330    5.574174 ^ _22327_/X (sky130_fd_sc_hd__a22o_1)
                                                         _00011_ (net)
                      0.034963    0.000000    5.574174 ^ _22401_/D (sky130_fd_sc_hd__dfxtp_1)
                                              5.574174   data arrival time

                                  0.000000    0.000000   clock clk (rise edge)
                                  0.000000    0.000000   clock source latency
     1    0.007894    0.043275    0.027159    0.027159 ^ clk (in)
                                                         clk (net)
                      0.043275    0.000000    0.027159 ^ clkbuf_0_clk/A (sky130_fd_sc_hd__clkbuf_16)
     2    0.015788    0.039241    0.120826    0.147985 ^ clkbuf_0_clk/X (sky130_fd_sc_hd__clkbuf_16)
                                                         clknet_0_clk (net)
                      0.039241    0.000000    0.147985 ^ clkbuf_1_1__f_clk/A (sky130_fd_sc_hd__clkbuf_16)
     7    0.013081    0.036681    0.116757    0.264742 ^ clkbuf_1_1__f_clk/X (sky130_fd_sc_hd__clkbuf_16)
                                                         clknet_1_1__leaf_clk (net)
                      0.036681    0.000000    0.264742 ^ _22401_/CLK (sky130_fd_sc_hd__dfxtp_1)
                                  0.250000    0.514742   clock uncertainty
                                  0.000000    0.514742   clock reconvergence pessimism
                                 -0.030263    0.484480   library hold time
                                              0.484480   data required time
---------------------------------------------------------------------------------------------
                                              0.484480   data required time
                                             -5.574174   data arrival time
---------------------------------------------------------------------------------------------
                                              5.089694   slack (MET)


Startpoint: tap[2] (input port clocked by clk)
Endpoint: _22404_ (rising edge-triggered flip-flop clocked by clk)
Path Group: clk
Path Type: min

Fanout         Cap        Slew       Delay        Time   Description
---------------------------------------------------------------------------------------------
                                  0.000000    0.000000   clock clk (rise edge)
                                  0.000000    0.000000   clock network delay (propagated)
                                  5.000000    5.000000 ^ input external delay
     1    0.004859    0.029707    0.017354    5.017354 ^ tap[2] (in)
                                                         tap[2] (net)
                      0.029707    0.000000    5.017354 ^ input220/A (sky130_fd_sc_hd__buf_6)
     8    0.033906    0.078316    0.119367    5.136722 ^ input220/X (sky130_fd_sc_hd__buf_6)
                                                         net220 (net)
                      0.078316    0.000000    5.136722 ^ _16522_/B (sky130_fd_sc_hd__or2_2)
     5    0.011429    0.070512    0.139371    5.276092 ^ _16522_/X (sky130_fd_sc_hd__or2_2)
                                                         _06321_ (net)
                      0.070512    0.000000    5.276092 ^ fanout289/A (sky130_fd_sc_hd__buf_2)
    10    0.023067    0.120393    0.170752    5.446844 ^ fanout289/X (sky130_fd_sc_hd__buf_2)
                                                         net289 (net)
                      0.120393    0.000000    5.446844 ^ _22374_/B2 (sky130_fd_sc_hd__a2bb2o_1)
     1    0.001674    0.034903    0.134211    5.581055 ^ _22374_/X (sky130_fd_sc_hd__a2bb2o_1)
                                                         _00014_ (net)
                      0.034903    0.000000    5.581055 ^ _22404_/D (sky130_fd_sc_hd__dfxtp_2)
                                              5.581055   data arrival time

                                  0.000000    0.000000   clock clk (rise edge)
                                  0.000000    0.000000   clock source latency
     1    0.007894    0.043275    0.027159    0.027159 ^ clk (in)
                                                         clk (net)
                      0.043275    0.000000    0.027159 ^ clkbuf_0_clk/A (sky130_fd_sc_hd__clkbuf_16)
     2    0.015788    0.039241    0.120826    0.147985 ^ clkbuf_0_clk/X (sky130_fd_sc_hd__clkbuf_16)
                                                         clknet_0_clk (net)
                      0.039241    0.000000    0.147985 ^ clkbuf_1_0__f_clk/A (sky130_fd_sc_hd__clkbuf_16)
     9    0.016806    0.040206    0.120341    0.268325 ^ clkbuf_1_0__f_clk/X (sky130_fd_sc_hd__clkbuf_16)
                                                         clknet_1_0__leaf_clk (net)
                      0.040206    0.000000    0.268325 ^ _22404_/CLK (sky130_fd_sc_hd__dfxtp_2)
                                  0.250000    0.518325   clock uncertainty
                                  0.000000    0.518325   clock reconvergence pessimism
                                 -0.029728    0.488597   library hold time
                                              0.488597   data required time
---------------------------------------------------------------------------------------------
                                              0.488597   data required time
                                             -5.581055   data arrival time
---------------------------------------------------------------------------------------------
                                              5.092458   slack (MET)


Startpoint: tap[2] (input port clocked by clk)
Endpoint: _22403_ (rising edge-triggered flip-flop clocked by clk)
Path Group: clk
Path Type: min

Fanout         Cap        Slew       Delay        Time   Description
---------------------------------------------------------------------------------------------
                                  0.000000    0.000000   clock clk (rise edge)
                                  0.000000    0.000000   clock network delay (propagated)
                                  5.000000    5.000000 ^ input external delay
     1    0.004859    0.029707    0.017354    5.017354 ^ tap[2] (in)
                                                         tap[2] (net)
                      0.029707    0.000000    5.017354 ^ input220/A (sky130_fd_sc_hd__buf_6)
     8    0.033906    0.078316    0.119367    5.136722 ^ input220/X (sky130_fd_sc_hd__buf_6)
                                                         net220 (net)
                      0.078316    0.000000    5.136722 ^ _16522_/B (sky130_fd_sc_hd__or2_2)
     5    0.011429    0.070512    0.139371    5.276092 ^ _16522_/X (sky130_fd_sc_hd__or2_2)
                                                         _06321_ (net)
                      0.070512    0.000000    5.276092 ^ fanout289/A (sky130_fd_sc_hd__buf_2)
    10    0.023067    0.120393    0.170752    5.446844 ^ fanout289/X (sky130_fd_sc_hd__buf_2)
                                                         net289 (net)
                      0.120393    0.000000    5.446844 ^ _22359_/B2 (sky130_fd_sc_hd__a2bb2o_1)
     1    0.001674    0.034899    0.134211    5.581055 ^ _22359_/X (sky130_fd_sc_hd__a2bb2o_1)
                                                         _00013_ (net)
                      0.034899    0.000000    5.581055 ^ _22403_/D (sky130_fd_sc_hd__dfxtp_1)
                                              5.581055   data arrival time

                                  0.000000    0.000000   clock clk (rise edge)
                                  0.000000    0.000000   clock source latency
     1    0.007894    0.043275    0.027159    0.027159 ^ clk (in)
                                                         clk (net)
                      0.043275    0.000000    0.027159 ^ clkbuf_0_clk/A (sky130_fd_sc_hd__clkbuf_16)
     2    0.015788    0.039241    0.120826    0.147985 ^ clkbuf_0_clk/X (sky130_fd_sc_hd__clkbuf_16)
                                                         clknet_0_clk (net)
                      0.039241    0.000000    0.147985 ^ clkbuf_1_0__f_clk/A (sky130_fd_sc_hd__clkbuf_16)
     9    0.016806    0.040206    0.120341    0.268325 ^ clkbuf_1_0__f_clk/X (sky130_fd_sc_hd__clkbuf_16)
                                                         clknet_1_0__leaf_clk (net)
                      0.040206    0.000000    0.268325 ^ _22403_/CLK (sky130_fd_sc_hd__dfxtp_1)
                                  0.250000    0.518325   clock uncertainty
                                  0.000000    0.518325   clock reconvergence pessimism
                                 -0.029786    0.488540   library hold time
                                              0.488540   data required time
---------------------------------------------------------------------------------------------
                                              0.488540   data required time
                                             -5.581055   data arrival time
---------------------------------------------------------------------------------------------
                                              5.092515   slack (MET)


Startpoint: _22401_ (rising edge-triggered flip-flop clocked by clk)
Endpoint: output_high[5] (output port clocked by clk)
Path Group: clk
Path Type: min

Fanout         Cap        Slew       Delay        Time   Description
---------------------------------------------------------------------------------------------
                                  0.000000    0.000000   clock clk (rise edge)
                                  0.000000    0.000000   clock source latency
     1    0.007894    0.043275    0.027159    0.027159 ^ clk (in)
                                                         clk (net)
                      0.043275    0.000000    0.027159 ^ clkbuf_0_clk/A (sky130_fd_sc_hd__clkbuf_16)
     2    0.015788    0.039241    0.120826    0.147985 ^ clkbuf_0_clk/X (sky130_fd_sc_hd__clkbuf_16)
                                                         clknet_0_clk (net)
                      0.039241    0.000000    0.147985 ^ clkbuf_1_1__f_clk/A (sky130_fd_sc_hd__clkbuf_16)
     7    0.013081    0.036681    0.116757    0.264742 ^ clkbuf_1_1__f_clk/X (sky130_fd_sc_hd__clkbuf_16)
                                                         clknet_1_1__leaf_clk (net)
                      0.036681    0.000000    0.264742 ^ _22401_/CLK (sky130_fd_sc_hd__dfxtp_1)
     1    0.001647    0.022406    0.281864    0.546606 v _22401_/Q (sky130_fd_sc_hd__dfxtp_1)
                                                         net233 (net)
                      0.022406    0.000000    0.546606 v output233/A (sky130_fd_sc_hd__buf_2)
     1    0.033442    0.087356    0.169367    0.715973 v output233/X (sky130_fd_sc_hd__buf_2)
                                                         output_high[5] (net)
                      0.087356    0.000000    0.715973 v output_high[5] (out)
                                              0.715973   data arrival time

                                  0.000000    0.000000   clock clk (rise edge)
                                  0.000000    0.000000   clock network delay (propagated)
                                  0.250000    0.250000   clock uncertainty
                                  0.000000    0.250000   clock reconvergence pessimism
                                 -5.000000   -4.750000   output external delay
                                             -4.750000   data required time
---------------------------------------------------------------------------------------------
                                             -4.750000   data required time
                                             -0.715973   data arrival time
---------------------------------------------------------------------------------------------
                                              5.465973   slack (MET)


Startpoint: _22403_ (rising edge-triggered flip-flop clocked by clk)
Endpoint: output_high[7] (output port clocked by clk)
Path Group: clk
Path Type: min

Fanout         Cap        Slew       Delay        Time   Description
---------------------------------------------------------------------------------------------
                                  0.000000    0.000000   clock clk (rise edge)
                                  0.000000    0.000000   clock source latency
     1    0.007894    0.043275    0.027159    0.027159 ^ clk (in)
                                                         clk (net)
                      0.043275    0.000000    0.027159 ^ clkbuf_0_clk/A (sky130_fd_sc_hd__clkbuf_16)
     2    0.015788    0.039241    0.120826    0.147985 ^ clkbuf_0_clk/X (sky130_fd_sc_hd__clkbuf_16)
                                                         clknet_0_clk (net)
                      0.039241    0.000000    0.147985 ^ clkbuf_1_0__f_clk/A (sky130_fd_sc_hd__clkbuf_16)
     9    0.016806    0.040206    0.120341    0.268325 ^ clkbuf_1_0__f_clk/X (sky130_fd_sc_hd__clkbuf_16)
                                                         clknet_1_0__leaf_clk (net)
                      0.040206    0.000000    0.268325 ^ _22403_/CLK (sky130_fd_sc_hd__dfxtp_1)
     1    0.001647    0.022406    0.283164    0.551490 v _22403_/Q (sky130_fd_sc_hd__dfxtp_1)
                                                         net235 (net)
                      0.022406    0.000000    0.551490 v output235/A (sky130_fd_sc_hd__buf_2)
     1    0.033442    0.087356    0.169367    0.720857 v output235/X (sky130_fd_sc_hd__buf_2)
                                                         output_high[7] (net)
                      0.087356    0.000000    0.720857 v output_high[7] (out)
                                              0.720857   data arrival time

                                  0.000000    0.000000   clock clk (rise edge)
                                  0.000000    0.000000   clock network delay (propagated)
                                  0.250000    0.250000   clock uncertainty
                                  0.000000    0.250000   clock reconvergence pessimism
                                 -5.000000   -4.750000   output external delay
                                             -4.750000   data required time
---------------------------------------------------------------------------------------------
                                             -4.750000   data required time
                                             -0.720857   data arrival time
---------------------------------------------------------------------------------------------
                                              5.470857   slack (MET)


Startpoint: _22398_ (rising edge-triggered flip-flop clocked by clk)
Endpoint: output_high[2] (output port clocked by clk)
Path Group: clk
Path Type: min

Fanout         Cap        Slew       Delay        Time   Description
---------------------------------------------------------------------------------------------
                                  0.000000    0.000000   clock clk (rise edge)
                                  0.000000    0.000000   clock source latency
     1    0.007894    0.043275    0.027159    0.027159 ^ clk (in)
                                                         clk (net)
                      0.043275    0.000000    0.027159 ^ clkbuf_0_clk/A (sky130_fd_sc_hd__clkbuf_16)
     2    0.015788    0.039241    0.120826    0.147985 ^ clkbuf_0_clk/X (sky130_fd_sc_hd__clkbuf_16)
                                                         clknet_0_clk (net)
                      0.039241    0.000000    0.147985 ^ clkbuf_1_1__f_clk/A (sky130_fd_sc_hd__clkbuf_16)
     7    0.013081    0.036681    0.116757    0.264742 ^ clkbuf_1_1__f_clk/X (sky130_fd_sc_hd__clkbuf_16)
                                                         clknet_1_1__leaf_clk (net)
                      0.036681    0.000000    0.264742 ^ _22398_/CLK (sky130_fd_sc_hd__dfxtp_2)
     1    0.001647    0.020519    0.294528    0.559270 v _22398_/Q (sky130_fd_sc_hd__dfxtp_2)
                                                         net230 (net)
                      0.020519    0.000000    0.559270 v output230/A (sky130_fd_sc_hd__buf_2)
     1    0.033442    0.087339    0.168605    0.727875 v output230/X (sky130_fd_sc_hd__buf_2)
                                                         output_high[2] (net)
                      0.087339    0.000000    0.727875 v output_high[2] (out)
                                              0.727875   data arrival time

                                  0.000000    0.000000   clock clk (rise edge)
                                  0.000000    0.000000   clock network delay (propagated)
                                  0.250000    0.250000   clock uncertainty
                                  0.000000    0.250000   clock reconvergence pessimism
                                 -5.000000   -4.750000   output external delay
                                             -4.750000   data required time
---------------------------------------------------------------------------------------------
                                             -4.750000   data required time
                                             -0.727875   data arrival time
---------------------------------------------------------------------------------------------
                                              5.477875   slack (MET)


Startpoint: _22399_ (rising edge-triggered flip-flop clocked by clk)
Endpoint: output_high[3] (output port clocked by clk)
Path Group: clk
Path Type: min

Fanout         Cap        Slew       Delay        Time   Description
---------------------------------------------------------------------------------------------
                                  0.000000    0.000000   clock clk (rise edge)
                                  0.000000    0.000000   clock source latency
     1    0.007894    0.043275    0.027159    0.027159 ^ clk (in)
                                                         clk (net)
                      0.043275    0.000000    0.027159 ^ clkbuf_0_clk/A (sky130_fd_sc_hd__clkbuf_16)
     2    0.015788    0.039241    0.120826    0.147985 ^ clkbuf_0_clk/X (sky130_fd_sc_hd__clkbuf_16)
                                                         clknet_0_clk (net)
                      0.039241    0.000000    0.147985 ^ clkbuf_1_1__f_clk/A (sky130_fd_sc_hd__clkbuf_16)
     7    0.013081    0.036681    0.116757    0.264742 ^ clkbuf_1_1__f_clk/X (sky130_fd_sc_hd__clkbuf_16)
                                                         clknet_1_1__leaf_clk (net)
                      0.036681    0.000000    0.264742 ^ _22399_/CLK (sky130_fd_sc_hd__dfxtp_2)
     1    0.001647    0.020519    0.294528    0.559270 v _22399_/Q (sky130_fd_sc_hd__dfxtp_2)
                                                         net231 (net)
                      0.020519    0.000000    0.559270 v output231/A (sky130_fd_sc_hd__buf_2)
     1    0.033442    0.087339    0.168605    0.727875 v output231/X (sky130_fd_sc_hd__buf_2)
                                                         output_high[3] (net)
                      0.087339    0.000000    0.727875 v output_high[3] (out)
                                              0.727875   data arrival time

                                  0.000000    0.000000   clock clk (rise edge)
                                  0.000000    0.000000   clock network delay (propagated)
                                  0.250000    0.250000   clock uncertainty
                                  0.000000    0.250000   clock reconvergence pessimism
                                 -5.000000   -4.750000   output external delay
                                             -4.750000   data required time
---------------------------------------------------------------------------------------------
                                             -4.750000   data required time
                                             -0.727875   data arrival time
---------------------------------------------------------------------------------------------
                                              5.477875   slack (MET)


Startpoint: _22400_ (rising edge-triggered flip-flop clocked by clk)
Endpoint: output_high[4] (output port clocked by clk)
Path Group: clk
Path Type: min

Fanout         Cap        Slew       Delay        Time   Description
---------------------------------------------------------------------------------------------
                                  0.000000    0.000000   clock clk (rise edge)
                                  0.000000    0.000000   clock source latency
     1    0.007894    0.043275    0.027159    0.027159 ^ clk (in)
                                                         clk (net)
                      0.043275    0.000000    0.027159 ^ clkbuf_0_clk/A (sky130_fd_sc_hd__clkbuf_16)
     2    0.015788    0.039241    0.120826    0.147985 ^ clkbuf_0_clk/X (sky130_fd_sc_hd__clkbuf_16)
                                                         clknet_0_clk (net)
                      0.039241    0.000000    0.147985 ^ clkbuf_1_1__f_clk/A (sky130_fd_sc_hd__clkbuf_16)
     7    0.013081    0.036681    0.116757    0.264742 ^ clkbuf_1_1__f_clk/X (sky130_fd_sc_hd__clkbuf_16)
                                                         clknet_1_1__leaf_clk (net)
                      0.036681    0.000000    0.264742 ^ _22400_/CLK (sky130_fd_sc_hd__dfxtp_2)
     1    0.001647    0.020519    0.294528    0.559270 v _22400_/Q (sky130_fd_sc_hd__dfxtp_2)
                                                         net232 (net)
                      0.020519    0.000000    0.559270 v output232/A (sky130_fd_sc_hd__buf_2)
     1    0.033442    0.087339    0.168605    0.727875 v output232/X (sky130_fd_sc_hd__buf_2)
                                                         output_high[4] (net)
                      0.087339    0.000000    0.727875 v output_high[4] (out)
                                              0.727875   data arrival time

                                  0.000000    0.000000   clock clk (rise edge)
                                  0.000000    0.000000   clock network delay (propagated)
                                  0.250000    0.250000   clock uncertainty
                                  0.000000    0.250000   clock reconvergence pessimism
                                 -5.000000   -4.750000   output external delay
                                             -4.750000   data required time
---------------------------------------------------------------------------------------------
                                             -4.750000   data required time
                                             -0.727875   data arrival time
---------------------------------------------------------------------------------------------
                                              5.477875   slack (MET)


Startpoint: _22402_ (rising edge-triggered flip-flop clocked by clk)
Endpoint: output_high[6] (output port clocked by clk)
Path Group: clk
Path Type: min

Fanout         Cap        Slew       Delay        Time   Description
---------------------------------------------------------------------------------------------
                                  0.000000    0.000000   clock clk (rise edge)
                                  0.000000    0.000000   clock source latency
     1    0.007894    0.043275    0.027159    0.027159 ^ clk (in)
                                                         clk (net)
                      0.043275    0.000000    0.027159 ^ clkbuf_0_clk/A (sky130_fd_sc_hd__clkbuf_16)
     2    0.015788    0.039241    0.120826    0.147985 ^ clkbuf_0_clk/X (sky130_fd_sc_hd__clkbuf_16)
                                                         clknet_0_clk (net)
                      0.039241    0.000000    0.147985 ^ clkbuf_1_1__f_clk/A (sky130_fd_sc_hd__clkbuf_16)
     7    0.013081    0.036681    0.116757    0.264742 ^ clkbuf_1_1__f_clk/X (sky130_fd_sc_hd__clkbuf_16)
                                                         clknet_1_1__leaf_clk (net)
                      0.036681    0.000000    0.264742 ^ _22402_/CLK (sky130_fd_sc_hd__dfxtp_2)
     1    0.001647    0.020519    0.294528    0.559270 v _22402_/Q (sky130_fd_sc_hd__dfxtp_2)
                                                         net234 (net)
                      0.020519    0.000000    0.559270 v output234/A (sky130_fd_sc_hd__buf_2)
     1    0.033442    0.087339    0.168605    0.727875 v output234/X (sky130_fd_sc_hd__buf_2)
                                                         output_high[6] (net)
                      0.087339    0.000000    0.727875 v output_high[6] (out)
                                              0.727875   data arrival time

                                  0.000000    0.000000   clock clk (rise edge)
                                  0.000000    0.000000   clock network delay (propagated)
                                  0.250000    0.250000   clock uncertainty
                                  0.000000    0.250000   clock reconvergence pessimism
                                 -5.000000   -4.750000   output external delay
                                             -4.750000   data required time
---------------------------------------------------------------------------------------------
                                             -4.750000   data required time
                                             -0.727875   data arrival time
---------------------------------------------------------------------------------------------
                                              5.477875   slack (MET)


Startpoint: _22390_ (rising edge-triggered flip-flop clocked by clk)
Endpoint: output_high[10] (output port clocked by clk)
Path Group: clk
Path Type: min

Fanout         Cap        Slew       Delay        Time   Description
---------------------------------------------------------------------------------------------
                                  0.000000    0.000000   clock clk (rise edge)
                                  0.000000    0.000000   clock source latency
     1    0.007894    0.043275    0.027159    0.027159 ^ clk (in)
                                                         clk (net)
                      0.043275    0.000000    0.027159 ^ clkbuf_0_clk/A (sky130_fd_sc_hd__clkbuf_16)
     2    0.015788    0.039241    0.120826    0.147985 ^ clkbuf_0_clk/X (sky130_fd_sc_hd__clkbuf_16)
                                                         clknet_0_clk (net)
                      0.039241    0.000000    0.147985 ^ clkbuf_1_0__f_clk/A (sky130_fd_sc_hd__clkbuf_16)
     9    0.016806    0.040206    0.120341    0.268325 ^ clkbuf_1_0__f_clk/X (sky130_fd_sc_hd__clkbuf_16)
                                                         clknet_1_0__leaf_clk (net)
                      0.040206    0.000000    0.268325 ^ _22390_/CLK (sky130_fd_sc_hd__dfxtp_2)
     1    0.001647    0.020519    0.295825    0.564150 v _22390_/Q (sky130_fd_sc_hd__dfxtp_2)
                                                         net223 (net)
                      0.020519    0.000000    0.564150 v output223/A (sky130_fd_sc_hd__buf_2)
     1    0.033442    0.087339    0.168605    0.732756 v output223/X (sky130_fd_sc_hd__buf_2)
                                                         output_high[10] (net)
                      0.087339    0.000000    0.732756 v output_high[10] (out)
                                              0.732756   data arrival time

                                  0.000000    0.000000   clock clk (rise edge)
                                  0.000000    0.000000   clock network delay (propagated)
                                  0.250000    0.250000   clock uncertainty
                                  0.000000    0.250000   clock reconvergence pessimism
                                 -5.000000   -4.750000   output external delay
                                             -4.750000   data required time
---------------------------------------------------------------------------------------------
                                             -4.750000   data required time
                                             -0.732756   data arrival time
---------------------------------------------------------------------------------------------
                                              5.482756   slack (MET)


Startpoint: _22391_ (rising edge-triggered flip-flop clocked by clk)
Endpoint: output_high[11] (output port clocked by clk)
Path Group: clk
Path Type: min

Fanout         Cap        Slew       Delay        Time   Description
---------------------------------------------------------------------------------------------
                                  0.000000    0.000000   clock clk (rise edge)
                                  0.000000    0.000000   clock source latency
     1    0.007894    0.043275    0.027159    0.027159 ^ clk (in)
                                                         clk (net)
                      0.043275    0.000000    0.027159 ^ clkbuf_0_clk/A (sky130_fd_sc_hd__clkbuf_16)
     2    0.015788    0.039241    0.120826    0.147985 ^ clkbuf_0_clk/X (sky130_fd_sc_hd__clkbuf_16)
                                                         clknet_0_clk (net)
                      0.039241    0.000000    0.147985 ^ clkbuf_1_0__f_clk/A (sky130_fd_sc_hd__clkbuf_16)
     9    0.016806    0.040206    0.120341    0.268325 ^ clkbuf_1_0__f_clk/X (sky130_fd_sc_hd__clkbuf_16)
                                                         clknet_1_0__leaf_clk (net)
                      0.040206    0.000000    0.268325 ^ _22391_/CLK (sky130_fd_sc_hd__dfxtp_2)
     1    0.001647    0.020519    0.295825    0.564150 v _22391_/Q (sky130_fd_sc_hd__dfxtp_2)
                                                         net224 (net)
                      0.020519    0.000000    0.564150 v output224/A (sky130_fd_sc_hd__buf_2)
     1    0.033442    0.087339    0.168605    0.732756 v output224/X (sky130_fd_sc_hd__buf_2)
                                                         output_high[11] (net)
                      0.087339    0.000000    0.732756 v output_high[11] (out)
                                              0.732756   data arrival time

                                  0.000000    0.000000   clock clk (rise edge)
                                  0.000000    0.000000   clock network delay (propagated)
                                  0.250000    0.250000   clock uncertainty
                                  0.000000    0.250000   clock reconvergence pessimism
                                 -5.000000   -4.750000   output external delay
                                             -4.750000   data required time
---------------------------------------------------------------------------------------------
                                             -4.750000   data required time
                                             -0.732756   data arrival time
---------------------------------------------------------------------------------------------
                                              5.482756   slack (MET)


Startpoint: _22392_ (rising edge-triggered flip-flop clocked by clk)
Endpoint: output_high[12] (output port clocked by clk)
Path Group: clk
Path Type: min

Fanout         Cap        Slew       Delay        Time   Description
---------------------------------------------------------------------------------------------
                                  0.000000    0.000000   clock clk (rise edge)
                                  0.000000    0.000000   clock source latency
     1    0.007894    0.043275    0.027159    0.027159 ^ clk (in)
                                                         clk (net)
                      0.043275    0.000000    0.027159 ^ clkbuf_0_clk/A (sky130_fd_sc_hd__clkbuf_16)
     2    0.015788    0.039241    0.120826    0.147985 ^ clkbuf_0_clk/X (sky130_fd_sc_hd__clkbuf_16)
                                                         clknet_0_clk (net)
                      0.039241    0.000000    0.147985 ^ clkbuf_1_0__f_clk/A (sky130_fd_sc_hd__clkbuf_16)
     9    0.016806    0.040206    0.120341    0.268325 ^ clkbuf_1_0__f_clk/X (sky130_fd_sc_hd__clkbuf_16)
                                                         clknet_1_0__leaf_clk (net)
                      0.040206    0.000000    0.268325 ^ _22392_/CLK (sky130_fd_sc_hd__dfxtp_2)
     1    0.001647    0.020519    0.295825    0.564150 v _22392_/Q (sky130_fd_sc_hd__dfxtp_2)
                                                         net225 (net)
                      0.020519    0.000000    0.564150 v output225/A (sky130_fd_sc_hd__buf_2)
     1    0.033442    0.087339    0.168605    0.732756 v output225/X (sky130_fd_sc_hd__buf_2)
                                                         output_high[12] (net)
                      0.087339    0.000000    0.732756 v output_high[12] (out)
                                              0.732756   data arrival time

                                  0.000000    0.000000   clock clk (rise edge)
                                  0.000000    0.000000   clock network delay (propagated)
                                  0.250000    0.250000   clock uncertainty
                                  0.000000    0.250000   clock reconvergence pessimism
                                 -5.000000   -4.750000   output external delay
                                             -4.750000   data required time
---------------------------------------------------------------------------------------------
                                             -4.750000   data required time
                                             -0.732756   data arrival time
---------------------------------------------------------------------------------------------
                                              5.482756   slack (MET)


Startpoint: _22404_ (rising edge-triggered flip-flop clocked by clk)
Endpoint: output_high[8] (output port clocked by clk)
Path Group: clk
Path Type: min

Fanout         Cap        Slew       Delay        Time   Description
---------------------------------------------------------------------------------------------
                                  0.000000    0.000000   clock clk (rise edge)
                                  0.000000    0.000000   clock source latency
     1    0.007894    0.043275    0.027159    0.027159 ^ clk (in)
                                                         clk (net)
                      0.043275    0.000000    0.027159 ^ clkbuf_0_clk/A (sky130_fd_sc_hd__clkbuf_16)
     2    0.015788    0.039241    0.120826    0.147985 ^ clkbuf_0_clk/X (sky130_fd_sc_hd__clkbuf_16)
                                                         clknet_0_clk (net)
                      0.039241    0.000000    0.147985 ^ clkbuf_1_0__f_clk/A (sky130_fd_sc_hd__clkbuf_16)
     9    0.016806    0.040206    0.120341    0.268325 ^ clkbuf_1_0__f_clk/X (sky130_fd_sc_hd__clkbuf_16)
                                                         clknet_1_0__leaf_clk (net)
                      0.040206    0.000000    0.268325 ^ _22404_/CLK (sky130_fd_sc_hd__dfxtp_2)
     1    0.001647    0.020519    0.295825    0.564150 v _22404_/Q (sky130_fd_sc_hd__dfxtp_2)
                                                         net236 (net)
                      0.020519    0.000000    0.564150 v output236/A (sky130_fd_sc_hd__buf_2)
     1    0.033442    0.087339    0.168605    0.732756 v output236/X (sky130_fd_sc_hd__buf_2)
                                                         output_high[8] (net)
                      0.087339    0.000000    0.732756 v output_high[8] (out)
                                              0.732756   data arrival time

                                  0.000000    0.000000   clock clk (rise edge)
                                  0.000000    0.000000   clock network delay (propagated)
                                  0.250000    0.250000   clock uncertainty
                                  0.000000    0.250000   clock reconvergence pessimism
                                 -5.000000   -4.750000   output external delay
                                             -4.750000   data required time
---------------------------------------------------------------------------------------------
                                             -4.750000   data required time
                                             -0.732756   data arrival time
---------------------------------------------------------------------------------------------
                                              5.482756   slack (MET)


Startpoint: _22405_ (rising edge-triggered flip-flop clocked by clk)
Endpoint: output_high[9] (output port clocked by clk)
Path Group: clk
Path Type: min

Fanout         Cap        Slew       Delay        Time   Description
---------------------------------------------------------------------------------------------
                                  0.000000    0.000000   clock clk (rise edge)
                                  0.000000    0.000000   clock source latency
     1    0.007894    0.043275    0.027159    0.027159 ^ clk (in)
                                                         clk (net)
                      0.043275    0.000000    0.027159 ^ clkbuf_0_clk/A (sky130_fd_sc_hd__clkbuf_16)
     2    0.015788    0.039241    0.120826    0.147985 ^ clkbuf_0_clk/X (sky130_fd_sc_hd__clkbuf_16)
                                                         clknet_0_clk (net)
                      0.039241    0.000000    0.147985 ^ clkbuf_1_0__f_clk/A (sky130_fd_sc_hd__clkbuf_16)
     9    0.016806    0.040206    0.120341    0.268325 ^ clkbuf_1_0__f_clk/X (sky130_fd_sc_hd__clkbuf_16)
                                                         clknet_1_0__leaf_clk (net)
                      0.040206    0.000000    0.268325 ^ _22405_/CLK (sky130_fd_sc_hd__dfxtp_2)
     1    0.001647    0.020519    0.295825    0.564150 v _22405_/Q (sky130_fd_sc_hd__dfxtp_2)
                                                         net237 (net)
                      0.020519    0.000000    0.564150 v output237/A (sky130_fd_sc_hd__buf_2)
     1    0.033442    0.087339    0.168605    0.732756 v output237/X (sky130_fd_sc_hd__buf_2)
                                                         output_high[9] (net)
                      0.087339    0.000000    0.732756 v output_high[9] (out)
                                              0.732756   data arrival time

                                  0.000000    0.000000   clock clk (rise edge)
                                  0.000000    0.000000   clock network delay (propagated)
                                  0.250000    0.250000   clock uncertainty
                                  0.000000    0.250000   clock reconvergence pessimism
                                 -5.000000   -4.750000   output external delay
                                             -4.750000   data required time
---------------------------------------------------------------------------------------------
                                             -4.750000   data required time
                                             -0.732756   data arrival time
---------------------------------------------------------------------------------------------
                                              5.482756   slack (MET)


Startpoint: _22396_ (rising edge-triggered flip-flop clocked by clk)
Endpoint: output_high[0] (output port clocked by clk)
Path Group: clk
Path Type: min

Fanout         Cap        Slew       Delay        Time   Description
---------------------------------------------------------------------------------------------
                                  0.000000    0.000000   clock clk (rise edge)
                                  0.000000    0.000000   clock source latency
     1    0.007894    0.043275    0.027159    0.027159 ^ clk (in)
                                                         clk (net)
                      0.043275    0.000000    0.027159 ^ clkbuf_0_clk/A (sky130_fd_sc_hd__clkbuf_16)
     2    0.015788    0.039241    0.120826    0.147985 ^ clkbuf_0_clk/X (sky130_fd_sc_hd__clkbuf_16)
                                                         clknet_0_clk (net)
                      0.039241    0.000000    0.147985 ^ clkbuf_1_1__f_clk/A (sky130_fd_sc_hd__clkbuf_16)
     7    0.013081    0.036681    0.116757    0.264742 ^ clkbuf_1_1__f_clk/X (sky130_fd_sc_hd__clkbuf_16)
                                                         clknet_1_1__leaf_clk (net)
                      0.036681    0.000000    0.264742 ^ _22396_/CLK (sky130_fd_sc_hd__dfxtp_4)
     1    0.001647    0.027210    0.318370    0.583112 v _22396_/Q (sky130_fd_sc_hd__dfxtp_4)
                                                         net222 (net)
                      0.027210    0.000000    0.583112 v output222/A (sky130_fd_sc_hd__buf_2)
     1    0.033442    0.087333    0.171419    0.754531 v output222/X (sky130_fd_sc_hd__buf_2)
                                                         output_high[0] (net)
                      0.087333    0.000000    0.754531 v output_high[0] (out)
                                              0.754531   data arrival time

                                  0.000000    0.000000   clock clk (rise edge)
                                  0.000000    0.000000   clock network delay (propagated)
                                  0.250000    0.250000   clock uncertainty
                                  0.000000    0.250000   clock reconvergence pessimism
                                 -5.000000   -4.750000   output external delay
                                             -4.750000   data required time
---------------------------------------------------------------------------------------------
                                             -4.750000   data required time
                                             -0.754531   data arrival time
---------------------------------------------------------------------------------------------
                                              5.504531   slack (MET)


Startpoint: _22397_ (rising edge-triggered flip-flop clocked by clk)
Endpoint: output_high[1] (output port clocked by clk)
Path Group: clk
Path Type: min

Fanout         Cap        Slew       Delay        Time   Description
---------------------------------------------------------------------------------------------
                                  0.000000    0.000000   clock clk (rise edge)
                                  0.000000    0.000000   clock source latency
     1    0.007894    0.043275    0.027159    0.027159 ^ clk (in)
                                                         clk (net)
                      0.043275    0.000000    0.027159 ^ clkbuf_0_clk/A (sky130_fd_sc_hd__clkbuf_16)
     2    0.015788    0.039241    0.120826    0.147985 ^ clkbuf_0_clk/X (sky130_fd_sc_hd__clkbuf_16)
                                                         clknet_0_clk (net)
                      0.039241    0.000000    0.147985 ^ clkbuf_1_1__f_clk/A (sky130_fd_sc_hd__clkbuf_16)
     7    0.013081    0.036681    0.116757    0.264742 ^ clkbuf_1_1__f_clk/X (sky130_fd_sc_hd__clkbuf_16)
                                                         clknet_1_1__leaf_clk (net)
                      0.036681    0.000000    0.264742 ^ _22397_/CLK (sky130_fd_sc_hd__dfxtp_4)
     1    0.001647    0.027210    0.318370    0.583112 v _22397_/Q (sky130_fd_sc_hd__dfxtp_4)
                                                         net229 (net)
                      0.027210    0.000000    0.583112 v output229/A (sky130_fd_sc_hd__buf_2)
     1    0.033442    0.087333    0.171419    0.754531 v output229/X (sky130_fd_sc_hd__buf_2)
                                                         output_high[1] (net)
                      0.087333    0.000000    0.754531 v output_high[1] (out)
                                              0.754531   data arrival time

                                  0.000000    0.000000   clock clk (rise edge)
                                  0.000000    0.000000   clock network delay (propagated)
                                  0.250000    0.250000   clock uncertainty
                                  0.000000    0.250000   clock reconvergence pessimism
                                 -5.000000   -4.750000   output external delay
                                             -4.750000   data required time
---------------------------------------------------------------------------------------------
                                             -4.750000   data required time
                                             -0.754531   data arrival time
---------------------------------------------------------------------------------------------
                                              5.504531   slack (MET)


Startpoint: _22393_ (rising edge-triggered flip-flop clocked by clk)
Endpoint: output_high[13] (output port clocked by clk)
Path Group: clk
Path Type: min

Fanout         Cap        Slew       Delay        Time   Description
---------------------------------------------------------------------------------------------
                                  0.000000    0.000000   clock clk (rise edge)
                                  0.000000    0.000000   clock source latency
     1    0.007894    0.043275    0.027159    0.027159 ^ clk (in)
                                                         clk (net)
                      0.043275    0.000000    0.027159 ^ clkbuf_0_clk/A (sky130_fd_sc_hd__clkbuf_16)
     2    0.015788    0.039241    0.120826    0.147985 ^ clkbuf_0_clk/X (sky130_fd_sc_hd__clkbuf_16)
                                                         clknet_0_clk (net)
                      0.039241    0.000000    0.147985 ^ clkbuf_1_0__f_clk/A (sky130_fd_sc_hd__clkbuf_16)
     9    0.016806    0.040206    0.120341    0.268325 ^ clkbuf_1_0__f_clk/X (sky130_fd_sc_hd__clkbuf_16)
                                                         clknet_1_0__leaf_clk (net)
                      0.040206    0.000000    0.268325 ^ _22393_/CLK (sky130_fd_sc_hd__dfxtp_4)
     1    0.001647    0.027198    0.319677    0.588003 v _22393_/Q (sky130_fd_sc_hd__dfxtp_4)
                                                         net226 (net)
                      0.027198    0.000000    0.588003 v output226/A (sky130_fd_sc_hd__buf_2)
     1    0.033442    0.087333    0.171414    0.759417 v output226/X (sky130_fd_sc_hd__buf_2)
                                                         output_high[13] (net)
                      0.087333    0.000000    0.759417 v output_high[13] (out)
                                              0.759417   data arrival time

                                  0.000000    0.000000   clock clk (rise edge)
                                  0.000000    0.000000   clock network delay (propagated)
                                  0.250000    0.250000   clock uncertainty
                                  0.000000    0.250000   clock reconvergence pessimism
                                 -5.000000   -4.750000   output external delay
                                             -4.750000   data required time
---------------------------------------------------------------------------------------------
                                             -4.750000   data required time
                                             -0.759417   data arrival time
---------------------------------------------------------------------------------------------
                                              5.509417   slack (MET)


Startpoint: _22394_ (rising edge-triggered flip-flop clocked by clk)
Endpoint: output_high[14] (output port clocked by clk)
Path Group: clk
Path Type: min

Fanout         Cap        Slew       Delay        Time   Description
---------------------------------------------------------------------------------------------
                                  0.000000    0.000000   clock clk (rise edge)
                                  0.000000    0.000000   clock source latency
     1    0.007894    0.043275    0.027159    0.027159 ^ clk (in)
                                                         clk (net)
                      0.043275    0.000000    0.027159 ^ clkbuf_0_clk/A (sky130_fd_sc_hd__clkbuf_16)
     2    0.015788    0.039241    0.120826    0.147985 ^ clkbuf_0_clk/X (sky130_fd_sc_hd__clkbuf_16)
                                                         clknet_0_clk (net)
                      0.039241    0.000000    0.147985 ^ clkbuf_1_0__f_clk/A (sky130_fd_sc_hd__clkbuf_16)
     9    0.016806    0.040206    0.120341    0.268325 ^ clkbuf_1_0__f_clk/X (sky130_fd_sc_hd__clkbuf_16)
                                                         clknet_1_0__leaf_clk (net)
                      0.040206    0.000000    0.268325 ^ _22394_/CLK (sky130_fd_sc_hd__dfxtp_4)
     1    0.001647    0.027198    0.319677    0.588003 v _22394_/Q (sky130_fd_sc_hd__dfxtp_4)
                                                         net227 (net)
                      0.027198    0.000000    0.588003 v output227/A (sky130_fd_sc_hd__buf_2)
     1    0.033442    0.087333    0.171414    0.759417 v output227/X (sky130_fd_sc_hd__buf_2)
                                                         output_high[14] (net)
                      0.087333    0.000000    0.759417 v output_high[14] (out)
                                              0.759417   data arrival time

                                  0.000000    0.000000   clock clk (rise edge)
                                  0.000000    0.000000   clock network delay (propagated)
                                  0.250000    0.250000   clock uncertainty
                                  0.000000    0.250000   clock reconvergence pessimism
                                 -5.000000   -4.750000   output external delay
                                             -4.750000   data required time
---------------------------------------------------------------------------------------------
                                             -4.750000   data required time
                                             -0.759417   data arrival time
---------------------------------------------------------------------------------------------
                                              5.509417   slack (MET)


Startpoint: _22395_ (rising edge-triggered flip-flop clocked by clk)
Endpoint: output_high[15] (output port clocked by clk)
Path Group: clk
Path Type: min

Fanout         Cap        Slew       Delay        Time   Description
---------------------------------------------------------------------------------------------
                                  0.000000    0.000000   clock clk (rise edge)
                                  0.000000    0.000000   clock source latency
     1    0.007894    0.043275    0.027159    0.027159 ^ clk (in)
                                                         clk (net)
                      0.043275    0.000000    0.027159 ^ clkbuf_0_clk/A (sky130_fd_sc_hd__clkbuf_16)
     2    0.015788    0.039241    0.120826    0.147985 ^ clkbuf_0_clk/X (sky130_fd_sc_hd__clkbuf_16)
                                                         clknet_0_clk (net)
                      0.039241    0.000000    0.147985 ^ clkbuf_1_0__f_clk/A (sky130_fd_sc_hd__clkbuf_16)
     9    0.016806    0.040206    0.120341    0.268325 ^ clkbuf_1_0__f_clk/X (sky130_fd_sc_hd__clkbuf_16)
                                                         clknet_1_0__leaf_clk (net)
                      0.040206    0.000000    0.268325 ^ _22395_/CLK (sky130_fd_sc_hd__dfxtp_4)
     1    0.001647    0.027198    0.319677    0.588003 v _22395_/Q (sky130_fd_sc_hd__dfxtp_4)
                                                         net228 (net)
                      0.027198    0.000000    0.588003 v output228/A (sky130_fd_sc_hd__buf_2)
     1    0.033442    0.087333    0.171414    0.759417 v output228/X (sky130_fd_sc_hd__buf_2)
                                                         output_high[15] (net)
                      0.087333    0.000000    0.759417 v output_high[15] (out)
                                              0.759417   data arrival time

                                  0.000000    0.000000   clock clk (rise edge)
                                  0.000000    0.000000   clock network delay (propagated)
                                  0.250000    0.250000   clock uncertainty
                                  0.000000    0.250000   clock reconvergence pessimism
                                 -5.000000   -4.750000   output external delay
                                             -4.750000   data required time
---------------------------------------------------------------------------------------------
                                             -4.750000   data required time
                                             -0.759417   data arrival time
---------------------------------------------------------------------------------------------
                                              5.509417   slack (MET)



