Reading OpenROAD database at '/mnt/d/APIC/FIR_Openlane/shifter/runs/RUN_2024-06-17_07-21-45/19-openroad-generatepdn/shifter.odb'…
Reading library file at '/home/nurwiyoso14/.volare/volare/sky130/versions/bdc9412b3e468c102d01b7cf6337be06ec6e9c9a/sky130A/libs.ref/sky130_fd_sc_hd/lib/sky130_fd_sc_hd__tt_025C_1v80.lib'…
Reading design constraints file at '/nix/store/ly0xjc8f0gmgmckxcrs0bw8vqc9gf9bk-python3-3.11.6-env/lib/python3.11/site-packages/openlane/scripts/base.sdc'…
[INFO] Using clock clk…
[INFO] Setting output delay to: 5
[INFO] Setting input delay to: 5
[INFO] Setting load to: 0.033442
[INFO] Setting clock uncertainty to: 0.25
[INFO] Setting clock transition to: 0.1499999999999999944488848768742172978818416595458984375
[INFO] Setting timing derate to: 5%
[INFO] Setting RC values…
[INFO] Setting signal min routing layer to: met1 and clock min routing layer to met1. 
[INFO] Setting signal max routing layer to: met5 and clock max routing layer to met5. 
{*}-density 0.621591 -timing_driven -routability_driven -skip_io -pad_right 0 -pad_left 0 -init_wirelength_coef 0.25
[WARNING GPL-0150] -skip_io will disable timing driven mode.
[WARNING GPL-0151] -skip_io will disable routability driven mode.
[INFO GPL-0002] DBU: 1000
[INFO GPL-0003] SiteSize: 460 2720
[INFO GPL-0004] CoreAreaLxLy: 5520 10880
[INFO GPL-0005] CoreAreaUxUy: 125120 130560
[INFO GPL-0006] NumInstances: 775
[INFO GPL-0007] NumPlaceInstances: 480
[INFO GPL-0008] NumFixedInstances: 295
[INFO GPL-0009] NumDummyInstances: 0
[INFO GPL-0010] NumNets: 498
[INFO GPL-0011] NumPins: 1440
[INFO GPL-0012] DieAreaLxLy: 0 0
[INFO GPL-0013] DieAreaUxUy: 131095 141815
[INFO GPL-0014] CoreAreaLxLy: 5520 10880
[INFO GPL-0015] CoreAreaUxUy: 125120 130560
[INFO GPL-0016] CoreArea: 14313728000
[INFO GPL-0017] NonPlaceInstsArea: 589315200
[INFO GPL-0018] PlaceInstsArea: 7206912000
[INFO GPL-0019] Util(%): 52.51
[INFO GPL-0020] StdInstsArea: 7206912000
[INFO GPL-0021] MacroInstsArea: 0
[INFO GPL-0031] FillerInit: NumGCells: 568
[INFO GPL-0032] FillerInit: NumGNets: 498
[INFO GPL-0033] FillerInit: NumGPins: 1440
[INFO GPL-0023] TargetDensity: 0.62
[INFO GPL-0024] AveragePlaceInstArea: 15014400
[INFO GPL-0025] IdealBinArea: 24154790
[INFO GPL-0026] IdealBinCnt: 592
[INFO GPL-0027] TotalBinArea: 14313728000
[INFO GPL-0028] BinCnt: 16 16
[INFO GPL-0029] BinSize: 7475 7480
[INFO GPL-0030] NumBins: 256
[NesterovSolve] Iter: 1 overflow: 0.980859 HPWL: 2064591
[NesterovSolve] Iter: 10 overflow: 0.94317 HPWL: 1609240
[NesterovSolve] Iter: 20 overflow: 0.92388 HPWL: 1297161
[NesterovSolve] Iter: 30 overflow: 0.905183 HPWL: 999367
[NesterovSolve] Iter: 40 overflow: 0.88619 HPWL: 781869
[NesterovSolve] Iter: 50 overflow: 0.888357 HPWL: 809417
[NesterovSolve] Iter: 60 overflow: 0.905183 HPWL: 872942
[NesterovSolve] Iter: 70 overflow: 0.905183 HPWL: 872695
[NesterovSolve] Iter: 80 overflow: 0.905183 HPWL: 861453
[NesterovSolve] Iter: 90 overflow: 0.897351 HPWL: 831437
[NesterovSolve] Iter: 100 overflow: 0.892285 HPWL: 821434
[NesterovSolve] Iter: 110 overflow: 0.893495 HPWL: 840164
[NesterovSolve] Iter: 120 overflow: 0.89255 HPWL: 859323
[NesterovSolve] Iter: 130 overflow: 0.886712 HPWL: 857339
[NesterovSolve] Iter: 140 overflow: 0.88619 HPWL: 821812
[NesterovSolve] Iter: 150 overflow: 0.88619 HPWL: 752663
[NesterovSolve] Iter: 160 overflow: 0.882074 HPWL: 676410
[NesterovSolve] Iter: 170 overflow: 0.867197 HPWL: 587661
[NesterovSolve] Iter: 180 overflow: 0.86209 HPWL: 543615
[NesterovSolve] Iter: 190 overflow: 0.692339 HPWL: 669332
[NesterovSolve] Iter: 200 overflow: 0.506123 HPWL: 804013
[NesterovSolve] Iter: 210 overflow: 0.431903 HPWL: 923250
[NesterovSolve] Iter: 220 overflow: 0.399081 HPWL: 897740
[NesterovSolve] Iter: 230 overflow: 0.374396 HPWL: 814999
[NesterovSolve] Iter: 240 overflow: 0.273198 HPWL: 593236
[NesterovSolve] Iter: 250 overflow: 0.232338 HPWL: 647269
[NesterovSolve] Iter: 260 overflow: 0.24486 HPWL: 696266
[NesterovSolve] Iter: 270 overflow: 0.238058 HPWL: 658069
[NesterovSolve] Iter: 280 overflow: 0.15419 HPWL: 634284
[NesterovSolve] Iter: 290 overflow: 0.131286 HPWL: 611980
[NesterovSolve] Iter: 300 overflow: 0.169622 HPWL: 585501
[NesterovSolve] Iter: 310 overflow: 0.170439 HPWL: 596908
[NesterovSolve] Iter: 320 overflow: 0.12377 HPWL: 602293
[NesterovSolve] Finished with Overflow: 0.098729
[INFO] Setting RC values…
Setting global connections for newly added cells…
[INFO] Setting global connections...
Writing OpenROAD database to '/mnt/d/APIC/FIR_Openlane/shifter/runs/RUN_2024-06-17_07-21-45/22-openroad-globalplacementskipio/shifter.odb'…
Writing netlist to '/mnt/d/APIC/FIR_Openlane/shifter/runs/RUN_2024-06-17_07-21-45/22-openroad-globalplacementskipio/shifter.nl.v'…
Writing powered netlist to '/mnt/d/APIC/FIR_Openlane/shifter/runs/RUN_2024-06-17_07-21-45/22-openroad-globalplacementskipio/shifter.pnl.v'…
Writing layout to '/mnt/d/APIC/FIR_Openlane/shifter/runs/RUN_2024-06-17_07-21-45/22-openroad-globalplacementskipio/shifter.def'…
Writing timing constraints to '/mnt/d/APIC/FIR_Openlane/shifter/runs/RUN_2024-06-17_07-21-45/22-openroad-globalplacementskipio/shifter.sdc'…
