
===========================================================================
report_checks -unconstrained
===========================================================================
======================= min_ff_n40C_1v95 Corner ===================================

Startpoint: input_data[64] (input port clocked by clk)
Endpoint: _22395_ (rising edge-triggered flip-flop clocked by clk)
Path Group: clk
Path Type: max

Fanout         Cap        Slew       Delay        Time   Description
---------------------------------------------------------------------------------------------
                                  0.000000    0.000000   clock clk (rise edge)
                                  0.000000    0.000000   clock network delay (propagated)
                                  5.000000    5.000000 ^ input external delay
     2    0.011447    0.043441    0.028857    5.028858 ^ input_data[64] (in)
                                                         input_data[64] (net)
                      0.043452    0.000000    5.028858 ^ input179/A (sky130_fd_sc_hd__clkbuf_1)
     1    0.010683    0.098493    0.100467    5.129324 ^ input179/X (sky130_fd_sc_hd__clkbuf_1)
                                                         net179 (net)
                      0.098496    0.000443    5.129767 ^ fanout466/A (sky130_fd_sc_hd__buf_4)
    18    0.109945    0.228116    0.223913    5.353680 ^ fanout466/X (sky130_fd_sc_hd__buf_4)
                                                         net466 (net)
                      0.228120    0.000886    5.354566 ^ fanout465/A (sky130_fd_sc_hd__buf_4)
    18    0.085212    0.178630    0.203247    5.557813 ^ fanout465/X (sky130_fd_sc_hd__buf_4)
                                                         net465 (net)
                      0.178630    0.000184    5.557997 ^ fanout464/A (sky130_fd_sc_hd__clkbuf_2)
    10    0.036026    0.152162    0.177032    5.735029 ^ fanout464/X (sky130_fd_sc_hd__clkbuf_2)
                                                         net464 (net)
                      0.152162    0.000066    5.735095 ^ fanout463/A (sky130_fd_sc_hd__clkbuf_4)
    16    0.064355    0.148665    0.201744    5.936840 ^ fanout463/X (sky130_fd_sc_hd__clkbuf_4)
                                                         net463 (net)
                      0.148733    0.002615    5.939455 ^ fanout462/A (sky130_fd_sc_hd__buf_4)
    20    0.085391    0.178286    0.199838    6.139293 ^ fanout462/X (sky130_fd_sc_hd__buf_4)
                                                         net462 (net)
                      0.178346    0.002709    6.142002 ^ _11710_/A (sky130_fd_sc_hd__nand2_4)
     5    0.035534    0.079710    0.073922    6.215924 v _11710_/Y (sky130_fd_sc_hd__nand2_4)
                                                         _08480_ (net)
                      0.079710    0.000120    6.216045 v fanout284/A (sky130_fd_sc_hd__clkbuf_4)
    20    0.061829    0.088403    0.172035    6.388080 v fanout284/X (sky130_fd_sc_hd__clkbuf_4)
                                                         net284 (net)
                      0.088445    0.001604    6.389683 v _11713_/A (sky130_fd_sc_hd__nand2_2)
     8    0.045301    0.180158    0.167168    6.556851 ^ _11713_/Y (sky130_fd_sc_hd__nand2_2)
                                                         _08513_ (net)
                      0.180162    0.000663    6.557514 ^ fanout266/A (sky130_fd_sc_hd__clkbuf_8)
    20    0.128482    0.170490    0.217452    6.774966 ^ fanout266/X (sky130_fd_sc_hd__clkbuf_8)
                                                         net266 (net)
                      0.170490    0.000312    6.775278 ^ _14835_/A (sky130_fd_sc_hd__nor2_1)
     3    0.016972    0.082927    0.087064    6.862341 v _14835_/Y (sky130_fd_sc_hd__nor2_1)
                                                         _04465_ (net)
                      0.082928    0.000233    6.862575 v _14837_/A (sky130_fd_sc_hd__nor2_1)
     2    0.016151    0.211187    0.197800    7.060375 ^ _14837_/Y (sky130_fd_sc_hd__nor2_1)
                                                         _04468_ (net)
                      0.211187    0.000231    7.060606 ^ _14846_/A (sky130_fd_sc_hd__xnor2_2)
     2    0.013479    0.071422    0.076744    7.137350 v _14846_/Y (sky130_fd_sc_hd__xnor2_2)
                                                         _04477_ (net)
                      0.071423    0.000282    7.137632 v _14849_/A (sky130_fd_sc_hd__xor2_2)
     2    0.014695    0.068595    0.141546    7.279179 v _14849_/X (sky130_fd_sc_hd__xor2_2)
                                                         _04481_ (net)
                      0.068596    0.000240    7.279418 v _14850_/B (sky130_fd_sc_hd__xnor2_2)
     2    0.013616    0.074913    0.114228    7.393647 v _14850_/Y (sky130_fd_sc_hd__xnor2_2)
                                                         _04482_ (net)
                      0.074914    0.000234    7.393881 v _14852_/B (sky130_fd_sc_hd__xnor2_2)
     4    0.020149    0.077756    0.129898    7.523779 v _14852_/Y (sky130_fd_sc_hd__xnor2_2)
                                                         _04484_ (net)
                      0.077760    0.000427    7.524206 v _14924_/A2 (sky130_fd_sc_hd__a211o_1)
     2    0.008322    0.052118    0.215524    7.739730 v _14924_/X (sky130_fd_sc_hd__a211o_1)
                                                         _04563_ (net)
                      0.052118    0.000113    7.739843 v _14925_/C (sky130_fd_sc_hd__nand3b_2)
     1    0.018386    0.103523    0.105323    7.845166 ^ _14925_/Y (sky130_fd_sc_hd__nand3b_2)
                                                         _04564_ (net)
                      0.103526    0.000370    7.845536 ^ _14926_/B (sky130_fd_sc_hd__xor2_4)
     4    0.034984    0.214438    0.194782    8.040318 ^ _14926_/X (sky130_fd_sc_hd__xor2_4)
                                                         _04565_ (net)
                      0.214499    0.002832    8.043150 ^ _14965_/A (sky130_fd_sc_hd__xor2_1)
     2    0.009011    0.074498    0.081221    8.124372 v _14965_/X (sky130_fd_sc_hd__xor2_1)
                                                         _04608_ (net)
                      0.074499    0.000241    8.124612 v _14966_/B (sky130_fd_sc_hd__and2_1)
     4    0.014420    0.058113    0.146939    8.271552 v _14966_/X (sky130_fd_sc_hd__and2_1)
                                                         _04609_ (net)
                      0.058116    0.000350    8.271902 v _15103_/A (sky130_fd_sc_hd__or3_2)
     3    0.014785    0.077416    0.313110    8.585011 v _15103_/X (sky130_fd_sc_hd__or3_2)
                                                         _04760_ (net)
                      0.077416    0.000296    8.585307 v _15124_/A1 (sky130_fd_sc_hd__a21o_1)
     2    0.010586    0.046152    0.136510    8.721817 v _15124_/X (sky130_fd_sc_hd__a21o_1)
                                                         _04783_ (net)
                      0.046154    0.000234    8.722051 v _15125_/C (sky130_fd_sc_hd__and3_2)
     3    0.020927    0.056191    0.169914    8.891965 v _15125_/X (sky130_fd_sc_hd__and3_2)
                                                         _04784_ (net)
                      0.056201    0.000586    8.892551 v _15151_/A1 (sky130_fd_sc_hd__o211a_1)
     2    0.017386    0.070008    0.191788    9.084339 v _15151_/X (sky130_fd_sc_hd__o211a_1)
                                                         _04813_ (net)
                      0.070017    0.000649    9.084989 v _15157_/A2 (sky130_fd_sc_hd__o21ba_1)
     2    0.007549    0.040377    0.133387    9.218375 v _15157_/X (sky130_fd_sc_hd__o21ba_1)
                                                         _04820_ (net)
                      0.040378    0.000160    9.218534 v _15179_/B (sky130_fd_sc_hd__or3_2)
     4    0.017154    0.081238    0.298385    9.516920 v _15179_/X (sky130_fd_sc_hd__or3_2)
                                                         _04844_ (net)
                      0.081244    0.000513    9.517433 v _15183_/A (sky130_fd_sc_hd__and3_1)
     4    0.014102    0.059360    0.141026    9.658460 v _15183_/X (sky130_fd_sc_hd__and3_1)
                                                         _04848_ (net)
                      0.059361    0.000211    9.658670 v _15255_/A (sky130_fd_sc_hd__or3_1)
     2    0.004677    0.050441    0.226335    9.885005 v _15255_/X (sky130_fd_sc_hd__or3_1)
                                                         _04927_ (net)
                      0.050441    0.000044    9.885049 v _15258_/A (sky130_fd_sc_hd__and3_1)
     3    0.009138    0.046245    0.115471   10.000520 v _15258_/X (sky130_fd_sc_hd__and3_1)
                                                         _04931_ (net)
                      0.046245    0.000126   10.000646 v _15331_/A (sky130_fd_sc_hd__or3_4)
     4    0.015580    0.058078    0.253793   10.254439 v _15331_/X (sky130_fd_sc_hd__or3_4)
                                                         _05011_ (net)
                      0.058079    0.000195   10.254635 v _15406_/A1 (sky130_fd_sc_hd__a211o_1)
     2    0.005913    0.043768    0.175495   10.430130 v _15406_/X (sky130_fd_sc_hd__a211o_1)
                                                         _05093_ (net)
                      0.043768    0.000051   10.430181 v _15408_/A2 (sky130_fd_sc_hd__a211o_1)
     2    0.008157    0.051526    0.203630   10.633811 v _15408_/X (sky130_fd_sc_hd__a211o_1)
                                                         _05096_ (net)
                      0.051526    0.000142   10.633953 v _15564_/A1 (sky130_fd_sc_hd__a21o_1)
     3    0.011426    0.048221    0.129177   10.763129 v _15564_/X (sky130_fd_sc_hd__a21o_1)
                                                         _05267_ (net)
                      0.048221    0.000143   10.763272 v _17294_/A2 (sky130_fd_sc_hd__a21o_1)
     2    0.008252    0.040073    0.134224   10.897496 v _17294_/X (sky130_fd_sc_hd__a21o_1)
                                                         _07169_ (net)
                      0.040073    0.000113   10.897610 v _18463_/A2 (sky130_fd_sc_hd__a21bo_1)
     3    0.011342    0.049514    0.149710   11.047318 v _18463_/X (sky130_fd_sc_hd__a21bo_1)
                                                         _08454_ (net)
                      0.049515    0.000216   11.047535 v _19719_/A2 (sky130_fd_sc_hd__a21o_1)
     3    0.009961    0.045200    0.140079   11.187613 v _19719_/X (sky130_fd_sc_hd__a21o_1)
                                                         _09835_ (net)
                      0.045201    0.000215   11.187829 v _20203_/A2 (sky130_fd_sc_hd__a21o_1)
     3    0.013679    0.054465    0.148331   11.336160 v _20203_/X (sky130_fd_sc_hd__a21o_1)
                                                         _10366_ (net)
                      0.054467    0.000252   11.336412 v _21561_/A1 (sky130_fd_sc_hd__a221o_1)
     1    0.003322    0.035035    0.169513   11.505925 v _21561_/X (sky130_fd_sc_hd__a221o_1)
                                                         _00680_ (net)
                      0.035035    0.000038   11.505963 v _21562_/B1 (sky130_fd_sc_hd__o311a_1)
     1    0.008176    0.056188    0.090400   11.596363 v _21562_/X (sky130_fd_sc_hd__o311a_1)
                                                         _00681_ (net)
                      0.056189    0.000240   11.596603 v _22033_/A1 (sky130_fd_sc_hd__o21a_1)
     2    0.020965    0.079949    0.175450   11.772053 v _22033_/X (sky130_fd_sc_hd__o21a_1)
                                                         _01199_ (net)
                      0.079978    0.001287   11.773340 v _22196_/A1 (sky130_fd_sc_hd__o22a_1)
     1    0.006035    0.036570    0.150160   11.923500 v _22196_/X (sky130_fd_sc_hd__o22a_1)
                                                         _01378_ (net)
                      0.036570    0.000126   11.923626 v _22243_/A2 (sky130_fd_sc_hd__o21ba_1)
     1    0.003077    0.026570    0.104486   12.028112 v _22243_/X (sky130_fd_sc_hd__o21ba_1)
                                                         _01430_ (net)
                      0.026570    0.000032   12.028144 v _22245_/B1 (sky130_fd_sc_hd__o32a_1)
     1    0.003466    0.040232    0.100691   12.128835 v _22245_/X (sky130_fd_sc_hd__o32a_1)
                                                         _00005_ (net)
                      0.040232    0.000052   12.128886 v _22395_/D (sky130_fd_sc_hd__dfxtp_4)
                                             12.128886   data arrival time

                                 25.000000   25.000000   clock clk (rise edge)
                                  0.000000   25.000000   clock source latency
     2    0.079214    0.269681    0.195509   25.195509 ^ clk (in)
                                                         clk (net)
                      0.272175    0.000000   25.195509 ^ clkbuf_0_clk/A (sky130_fd_sc_hd__clkbuf_16)
     2    0.022860    0.039182    0.131241   25.326750 ^ clkbuf_0_clk/X (sky130_fd_sc_hd__clkbuf_16)
                                                         clknet_0_clk (net)
                      0.039182    0.000258   25.327007 ^ clkbuf_1_1__f_clk/A (sky130_fd_sc_hd__clkbuf_16)
     9    0.035671    0.042089    0.096700   25.423706 ^ clkbuf_1_1__f_clk/X (sky130_fd_sc_hd__clkbuf_16)
                                                         clknet_1_1__leaf_clk (net)
                      0.042109    0.000549   25.424255 ^ _22395_/CLK (sky130_fd_sc_hd__dfxtp_4)
                                 -0.250000   25.174255   clock uncertainty
                                  0.000000   25.174255   clock reconvergence pessimism
                                 -0.072063   25.102194   library setup time
                                             25.102194   data required time
---------------------------------------------------------------------------------------------
                                             25.102194   data required time
                                            -12.128886   data arrival time
---------------------------------------------------------------------------------------------
                                             12.973307   slack (MET)




===========================================================================
report_checks --slack_max -0.01
============================================================================
======================= min_ff_n40C_1v95 Corner ===================================

No paths found.


===========================================================================
 report_check_types -max_slew -max_cap -max_fanout -violators
============================================================================
======================= min_ff_n40C_1v95 Corner ===================================

max fanout

Pin                                   Limit Fanout  Slack
---------------------------------------------------------
_11446_/Y                                10     20    -10 (VIOLATED)
_11543_/Y                                10     20    -10 (VIOLATED)
_11758_/Y                                10     20    -10 (VIOLATED)
_12250_/X                                10     20    -10 (VIOLATED)
_13115_/X                                10     20    -10 (VIOLATED)
_13155_/Y                                10     20    -10 (VIOLATED)
_14753_/Y                                10     20    -10 (VIOLATED)
_15566_/Y                                10     20    -10 (VIOLATED)
_16075_/Y                                10     20    -10 (VIOLATED)
_16517_/Y                                10     20    -10 (VIOLATED)
fanout251/X                              10     20    -10 (VIOLATED)
fanout252/X                              10     20    -10 (VIOLATED)
fanout253/X                              10     20    -10 (VIOLATED)
fanout255/X                              10     20    -10 (VIOLATED)
fanout256/X                              10     20    -10 (VIOLATED)
fanout258/X                              10     20    -10 (VIOLATED)
fanout259/X                              10     20    -10 (VIOLATED)
fanout260/X                              10     20    -10 (VIOLATED)
fanout261/X                              10     20    -10 (VIOLATED)
fanout262/X                              10     20    -10 (VIOLATED)
fanout264/X                              10     20    -10 (VIOLATED)
fanout266/X                              10     20    -10 (VIOLATED)
fanout267/X                              10     20    -10 (VIOLATED)
fanout268/X                              10     20    -10 (VIOLATED)
fanout270/X                              10     20    -10 (VIOLATED)
fanout272/X                              10     20    -10 (VIOLATED)
fanout275/X                              10     20    -10 (VIOLATED)
fanout276/X                              10     20    -10 (VIOLATED)
fanout283/X                              10     20    -10 (VIOLATED)
fanout284/X                              10     20    -10 (VIOLATED)
fanout288/X                              10     20    -10 (VIOLATED)
fanout291/X                              10     20    -10 (VIOLATED)
fanout292/X                              10     20    -10 (VIOLATED)
fanout293/X                              10     20    -10 (VIOLATED)
fanout294/X                              10     20    -10 (VIOLATED)
fanout295/X                              10     20    -10 (VIOLATED)
fanout297/X                              10     20    -10 (VIOLATED)
fanout300/X                              10     20    -10 (VIOLATED)
fanout303/X                              10     20    -10 (VIOLATED)
fanout306/X                              10     20    -10 (VIOLATED)
fanout307/X                              10     20    -10 (VIOLATED)
fanout311/X                              10     20    -10 (VIOLATED)
fanout312/X                              10     20    -10 (VIOLATED)
fanout313/X                              10     20    -10 (VIOLATED)
fanout314/X                              10     20    -10 (VIOLATED)
fanout315/X                              10     20    -10 (VIOLATED)
fanout316/X                              10     20    -10 (VIOLATED)
fanout321/X                              10     20    -10 (VIOLATED)
fanout322/X                              10     20    -10 (VIOLATED)
fanout324/X                              10     20    -10 (VIOLATED)
fanout325/X                              10     20    -10 (VIOLATED)
fanout326/X                              10     20    -10 (VIOLATED)
fanout328/X                              10     20    -10 (VIOLATED)
fanout329/X                              10     20    -10 (VIOLATED)
fanout331/X                              10     20    -10 (VIOLATED)
fanout337/X                              10     20    -10 (VIOLATED)
fanout338/X                              10     20    -10 (VIOLATED)
fanout342/X                              10     20    -10 (VIOLATED)
fanout346/X                              10     20    -10 (VIOLATED)
fanout347/X                              10     20    -10 (VIOLATED)
fanout348/X                              10     20    -10 (VIOLATED)
fanout349/X                              10     20    -10 (VIOLATED)
fanout352/X                              10     20    -10 (VIOLATED)
fanout360/X                              10     20    -10 (VIOLATED)
fanout361/X                              10     20    -10 (VIOLATED)
fanout364/X                              10     20    -10 (VIOLATED)
fanout365/X                              10     20    -10 (VIOLATED)
fanout366/X                              10     20    -10 (VIOLATED)
fanout367/X                              10     20    -10 (VIOLATED)
fanout370/X                              10     20    -10 (VIOLATED)
fanout371/X                              10     20    -10 (VIOLATED)
fanout373/X                              10     20    -10 (VIOLATED)
fanout377/X                              10     20    -10 (VIOLATED)
fanout380/X                              10     20    -10 (VIOLATED)
fanout381/X                              10     20    -10 (VIOLATED)
fanout382/X                              10     20    -10 (VIOLATED)
fanout383/X                              10     20    -10 (VIOLATED)
fanout386/X                              10     20    -10 (VIOLATED)
fanout389/X                              10     20    -10 (VIOLATED)
fanout390/X                              10     20    -10 (VIOLATED)
fanout392/X                              10     20    -10 (VIOLATED)
fanout398/X                              10     20    -10 (VIOLATED)
fanout400/X                              10     20    -10 (VIOLATED)
fanout402/X                              10     20    -10 (VIOLATED)
fanout405/X                              10     20    -10 (VIOLATED)
fanout406/X                              10     20    -10 (VIOLATED)
fanout408/X                              10     20    -10 (VIOLATED)
fanout412/X                              10     20    -10 (VIOLATED)
fanout413/X                              10     20    -10 (VIOLATED)
fanout421/X                              10     20    -10 (VIOLATED)
fanout425/X                              10     20    -10 (VIOLATED)
fanout427/X                              10     20    -10 (VIOLATED)
fanout429/X                              10     20    -10 (VIOLATED)
fanout434/X                              10     20    -10 (VIOLATED)
fanout435/X                              10     20    -10 (VIOLATED)
fanout437/X                              10     20    -10 (VIOLATED)
fanout440/X                              10     20    -10 (VIOLATED)
fanout443/X                              10     20    -10 (VIOLATED)
fanout444/X                              10     20    -10 (VIOLATED)
fanout445/X                              10     20    -10 (VIOLATED)
fanout448/X                              10     20    -10 (VIOLATED)
fanout450/X                              10     20    -10 (VIOLATED)
fanout451/X                              10     20    -10 (VIOLATED)
fanout452/X                              10     20    -10 (VIOLATED)
fanout453/X                              10     20    -10 (VIOLATED)
fanout455/X                              10     20    -10 (VIOLATED)
fanout457/X                              10     20    -10 (VIOLATED)
fanout458/X                              10     20    -10 (VIOLATED)
fanout459/X                              10     20    -10 (VIOLATED)
fanout460/X                              10     20    -10 (VIOLATED)
fanout462/X                              10     20    -10 (VIOLATED)
fanout467/X                              10     20    -10 (VIOLATED)
fanout475/X                              10     20    -10 (VIOLATED)
fanout479/X                              10     20    -10 (VIOLATED)
fanout481/X                              10     20    -10 (VIOLATED)
fanout487/X                              10     20    -10 (VIOLATED)
fanout490/X                              10     20    -10 (VIOLATED)
fanout493/X                              10     20    -10 (VIOLATED)
fanout497/X                              10     20    -10 (VIOLATED)
fanout498/X                              10     20    -10 (VIOLATED)
fanout500/X                              10     20    -10 (VIOLATED)
fanout501/X                              10     20    -10 (VIOLATED)
fanout503/X                              10     20    -10 (VIOLATED)
fanout504/X                              10     20    -10 (VIOLATED)
fanout506/X                              10     20    -10 (VIOLATED)
fanout508/X                              10     20    -10 (VIOLATED)
fanout510/X                              10     20    -10 (VIOLATED)
fanout512/X                              10     20    -10 (VIOLATED)
fanout514/X                              10     20    -10 (VIOLATED)
fanout517/X                              10     20    -10 (VIOLATED)
fanout520/X                              10     20    -10 (VIOLATED)
fanout521/X                              10     20    -10 (VIOLATED)
fanout522/X                              10     20    -10 (VIOLATED)
fanout523/X                              10     20    -10 (VIOLATED)
fanout526/X                              10     20    -10 (VIOLATED)
fanout528/X                              10     20    -10 (VIOLATED)
fanout529/X                              10     20    -10 (VIOLATED)
fanout533/X                              10     20    -10 (VIOLATED)
fanout535/X                              10     20    -10 (VIOLATED)
fanout536/X                              10     20    -10 (VIOLATED)
fanout540/X                              10     20    -10 (VIOLATED)
fanout559/X                              10     20    -10 (VIOLATED)
fanout560/X                              10     20    -10 (VIOLATED)
fanout563/X                              10     20    -10 (VIOLATED)
fanout565/X                              10     20    -10 (VIOLATED)
fanout566/X                              10     20    -10 (VIOLATED)
fanout571/X                              10     20    -10 (VIOLATED)
fanout574/X                              10     20    -10 (VIOLATED)
input121/X                               10     20    -10 (VIOLATED)
input122/X                               10     20    -10 (VIOLATED)
input174/X                               10     20    -10 (VIOLATED)
input27/X                                10     20    -10 (VIOLATED)
input40/X                                10     20    -10 (VIOLATED)
input67/X                                10     20    -10 (VIOLATED)
input69/X                                10     20    -10 (VIOLATED)
input70/X                                10     20    -10 (VIOLATED)
input95/X                                10     20    -10 (VIOLATED)
_11241_/Y                                10     18     -8 (VIOLATED)
_11286_/Y                                10     18     -8 (VIOLATED)
_11299_/Y                                10     18     -8 (VIOLATED)
_11449_/Y                                10     18     -8 (VIOLATED)
_11544_/X                                10     18     -8 (VIOLATED)
_11656_/X                                10     18     -8 (VIOLATED)
_12083_/Y                                10     18     -8 (VIOLATED)
_12314_/X                                10     18     -8 (VIOLATED)
_13074_/X                                10     18     -8 (VIOLATED)
_13086_/X                                10     18     -8 (VIOLATED)
_13135_/Y                                10     18     -8 (VIOLATED)
_13655_/Y                                10     18     -8 (VIOLATED)
_13713_/Y                                10     18     -8 (VIOLATED)
_14670_/Y                                10     18     -8 (VIOLATED)
_15567_/Y                                10     18     -8 (VIOLATED)
fanout336/X                              10     18     -8 (VIOLATED)
fanout341/X                              10     18     -8 (VIOLATED)
fanout353/X                              10     18     -8 (VIOLATED)
fanout362/X                              10     18     -8 (VIOLATED)
fanout378/X                              10     18     -8 (VIOLATED)
fanout394/X                              10     18     -8 (VIOLATED)
fanout396/X                              10     18     -8 (VIOLATED)
fanout428/X                              10     18     -8 (VIOLATED)
fanout465/X                              10     18     -8 (VIOLATED)
fanout466/X                              10     18     -8 (VIOLATED)
fanout470/X                              10     18     -8 (VIOLATED)
fanout486/X                              10     18     -8 (VIOLATED)
fanout489/X                              10     18     -8 (VIOLATED)
fanout494/X                              10     18     -8 (VIOLATED)
fanout495/X                              10     18     -8 (VIOLATED)
fanout499/X                              10     18     -8 (VIOLATED)
fanout509/X                              10     18     -8 (VIOLATED)
fanout513/X                              10     18     -8 (VIOLATED)
fanout539/X                              10     18     -8 (VIOLATED)
fanout556/X                              10     18     -8 (VIOLATED)
fanout567/X                              10     18     -8 (VIOLATED)
fanout572/X                              10     18     -8 (VIOLATED)
input221/X                               10     18     -8 (VIOLATED)
input26/X                                10     18     -8 (VIOLATED)
input33/X                                10     18     -8 (VIOLATED)
input43/X                                10     18     -8 (VIOLATED)
input62/X                                10     18     -8 (VIOLATED)
input68/X                                10     18     -8 (VIOLATED)
input79/X                                10     18     -8 (VIOLATED)
input86/X                                10     18     -8 (VIOLATED)
input87/X                                10     18     -8 (VIOLATED)
input89/X                                10     18     -8 (VIOLATED)
input94/X                                10     18     -8 (VIOLATED)
_11197_/Y                                10     16     -6 (VIOLATED)
_11203_/Y                                10     16     -6 (VIOLATED)
_11204_/Y                                10     16     -6 (VIOLATED)
_11207_/Y                                10     16     -6 (VIOLATED)
_11217_/Y                                10     16     -6 (VIOLATED)
_11250_/Y                                10     16     -6 (VIOLATED)
_11444_/X                                10     16     -6 (VIOLATED)
_11828_/X                                10     16     -6 (VIOLATED)
_12092_/X                                10     16     -6 (VIOLATED)
_12421_/Y                                10     16     -6 (VIOLATED)
_12650_/Y                                10     16     -6 (VIOLATED)
_13062_/Y                                10     16     -6 (VIOLATED)
_13598_/Y                                10     16     -6 (VIOLATED)
_13709_/X                                10     16     -6 (VIOLATED)
_13876_/X                                10     16     -6 (VIOLATED)
_14620_/Y                                10     16     -6 (VIOLATED)
_15196_/Y                                10     16     -6 (VIOLATED)
_15609_/Y                                10     16     -6 (VIOLATED)
_16518_/Y                                10     16     -6 (VIOLATED)
fanout298/X                              10     16     -6 (VIOLATED)
fanout369/X                              10     16     -6 (VIOLATED)
fanout391/X                              10     16     -6 (VIOLATED)
fanout411/X                              10     16     -6 (VIOLATED)
fanout439/X                              10     16     -6 (VIOLATED)
fanout447/X                              10     16     -6 (VIOLATED)
fanout449/X                              10     16     -6 (VIOLATED)
fanout461/X                              10     16     -6 (VIOLATED)
fanout463/X                              10     16     -6 (VIOLATED)
fanout468/X                              10     16     -6 (VIOLATED)
fanout507/X                              10     16     -6 (VIOLATED)
fanout518/X                              10     16     -6 (VIOLATED)
fanout538/X                              10     16     -6 (VIOLATED)
fanout564/X                              10     16     -6 (VIOLATED)
input104/X                               10     16     -6 (VIOLATED)
input138/X                               10     16     -6 (VIOLATED)
input158/X                               10     16     -6 (VIOLATED)
input210/X                               10     16     -6 (VIOLATED)
input220/X                               10     16     -6 (VIOLATED)
input41/X                                10     16     -6 (VIOLATED)
input85/X                                10     16     -6 (VIOLATED)
max_cap286/X                             10     16     -6 (VIOLATED)
_11208_/Y                                10     14     -4 (VIOLATED)
_11211_/Y                                10     14     -4 (VIOLATED)
_11238_/X                                10     14     -4 (VIOLATED)
_11358_/Y                                10     14     -4 (VIOLATED)
_11421_/X                                10     14     -4 (VIOLATED)
_11760_/X                                10     14     -4 (VIOLATED)
_12176_/Y                                10     14     -4 (VIOLATED)
_12177_/X                                10     14     -4 (VIOLATED)
_12224_/Y                                10     14     -4 (VIOLATED)
_13088_/Y                                10     14     -4 (VIOLATED)
_13104_/Y                                10     14     -4 (VIOLATED)
_13132_/Y                                10     14     -4 (VIOLATED)
_13154_/X                                10     14     -4 (VIOLATED)
_13872_/Y                                10     14     -4 (VIOLATED)
_14636_/X                                10     14     -4 (VIOLATED)
_14734_/Y                                10     14     -4 (VIOLATED)
_14754_/Y                                10     14     -4 (VIOLATED)
_14759_/X                                10     14     -4 (VIOLATED)
_15237_/Y                                10     14     -4 (VIOLATED)
_15278_/X                                10     14     -4 (VIOLATED)
_15573_/X                                10     14     -4 (VIOLATED)
_16072_/X                                10     14     -4 (VIOLATED)
_16687_/X                                10     14     -4 (VIOLATED)
clkbuf_1_0__f_clk/X                      10     14     -4 (VIOLATED)
fanout344/X                              10     14     -4 (VIOLATED)
fanout345/X                              10     14     -4 (VIOLATED)
fanout351/X                              10     14     -4 (VIOLATED)
fanout355/X                              10     14     -4 (VIOLATED)
fanout358/X                              10     14     -4 (VIOLATED)
fanout359/X                              10     14     -4 (VIOLATED)
fanout375/X                              10     14     -4 (VIOLATED)
fanout384/X                              10     14     -4 (VIOLATED)
fanout385/X                              10     14     -4 (VIOLATED)
fanout423/X                              10     14     -4 (VIOLATED)
fanout436/X                              10     14     -4 (VIOLATED)
fanout446/X                              10     14     -4 (VIOLATED)
fanout454/X                              10     14     -4 (VIOLATED)
fanout502/X                              10     14     -4 (VIOLATED)
fanout524/X                              10     14     -4 (VIOLATED)
fanout537/X                              10     14     -4 (VIOLATED)
fanout570/X                              10     14     -4 (VIOLATED)
input123/X                               10     14     -4 (VIOLATED)
input141/X                               10     14     -4 (VIOLATED)
input176/X                               10     14     -4 (VIOLATED)
input45/X                                10     14     -4 (VIOLATED)
input80/X                                10     14     -4 (VIOLATED)
input92/X                                10     14     -4 (VIOLATED)
input93/X                                10     14     -4 (VIOLATED)
input96/X                                10     14     -4 (VIOLATED)
_11242_/Y                                10     12     -2 (VIOLATED)
_11323_/X                                10     12     -2 (VIOLATED)
_11342_/X                                10     12     -2 (VIOLATED)
_11343_/Y                                10     12     -2 (VIOLATED)
_11360_/Y                                10     12     -2 (VIOLATED)
_11445_/Y                                10     12     -2 (VIOLATED)
_11506_/Y                                10     12     -2 (VIOLATED)
_11681_/Y                                10     12     -2 (VIOLATED)
_11991_/Y                                10     12     -2 (VIOLATED)
_12226_/Y                                10     12     -2 (VIOLATED)
_12333_/Y                                10     12     -2 (VIOLATED)
_12334_/X                                10     12     -2 (VIOLATED)
_13197_/X                                10     12     -2 (VIOLATED)
_13235_/Y                                10     12     -2 (VIOLATED)
_13447_/Y                                10     12     -2 (VIOLATED)
_13465_/X                                10     12     -2 (VIOLATED)
_13490_/Y                                10     12     -2 (VIOLATED)
_13521_/Y                                10     12     -2 (VIOLATED)
_13858_/Y                                10     12     -2 (VIOLATED)
_13862_/Y                                10     12     -2 (VIOLATED)
_13873_/Y                                10     12     -2 (VIOLATED)
_14674_/X                                10     12     -2 (VIOLATED)
_14841_/X                                10     12     -2 (VIOLATED)
_15027_/Y                                10     12     -2 (VIOLATED)
_15351_/Y                                10     12     -2 (VIOLATED)
_15610_/X                                10     12     -2 (VIOLATED)
_16608_/X                                10     12     -2 (VIOLATED)
_17774_/X                                10     12     -2 (VIOLATED)
_19723_/X                                10     12     -2 (VIOLATED)
fanout263/X                              10     12     -2 (VIOLATED)
fanout265/X                              10     12     -2 (VIOLATED)
fanout269/X                              10     12     -2 (VIOLATED)
fanout302/X                              10     12     -2 (VIOLATED)
fanout310/X                              10     12     -2 (VIOLATED)
fanout356/X                              10     12     -2 (VIOLATED)
fanout372/X                              10     12     -2 (VIOLATED)
fanout407/X                              10     12     -2 (VIOLATED)
fanout416/X                              10     12     -2 (VIOLATED)
fanout417/X                              10     12     -2 (VIOLATED)
fanout422/X                              10     12     -2 (VIOLATED)
fanout426/X                              10     12     -2 (VIOLATED)
fanout431/X                              10     12     -2 (VIOLATED)
fanout492/X                              10     12     -2 (VIOLATED)
fanout515/X                              10     12     -2 (VIOLATED)
fanout519/X                              10     12     -2 (VIOLATED)
fanout531/X                              10     12     -2 (VIOLATED)
fanout545/X                              10     12     -2 (VIOLATED)
fanout548/X                              10     12     -2 (VIOLATED)
fanout554/X                              10     12     -2 (VIOLATED)
fanout569/X                              10     12     -2 (VIOLATED)
fanout573/X                              10     12     -2 (VIOLATED)
input159/X                               10     12     -2 (VIOLATED)
input177/X                               10     12     -2 (VIOLATED)
input193/X                               10     12     -2 (VIOLATED)
input63/X                                10     12     -2 (VIOLATED)
input90/X                                10     12     -2 (VIOLATED)
input91/X                                10     12     -2 (VIOLATED)



===========================================================================
report_parasitic_annotation -report_unannotated
============================================================================
Found 23 unannotated drivers.
 input_data[127]
 input_data[191]
 input_data[207]
 input_data[208]
 input_data[209]
 input_data[210]
 input_data[211]
 input_data[212]
 input_data[213]
 input_data[214]
 input_data[215]
 input_data[216]
 input_data[217]
 input_data[218]
 input_data[219]
 input_data[220]
 input_data[221]
 input_data[222]
 input_data[223]
 input_data[238]
 input_data[239]
 input_data[63]
 input_data[79]
Found 0 partially unannotated drivers.

===========================================================================
max slew violation count 0
max fanout violation count 352
max cap violation count 0
============================================================================

===========================================================================
check_setup -verbose -unconstrained_endpoints -multiple_clock -no_clock -no_input_delay -loops -generated_clocks
===========================================================================
