Reading OpenROAD database at '/mnt/d/APIC/FIR_Openlane/All/runs/RUN_2024-06-17_08-49-04/19-openroad-generatepdn/top.odb'…
Reading library file at '/home/nurwiyoso14/.volare/volare/sky130/versions/bdc9412b3e468c102d01b7cf6337be06ec6e9c9a/sky130A/libs.ref/sky130_fd_sc_hd/lib/sky130_fd_sc_hd__tt_025C_1v80.lib'…
Reading design constraints file at '/nix/store/ly0xjc8f0gmgmckxcrs0bw8vqc9gf9bk-python3-3.11.6-env/lib/python3.11/site-packages/openlane/scripts/base.sdc'…
[INFO] Using clock clk…
[INFO] Setting output delay to: 5
[INFO] Setting input delay to: 5
[INFO] Setting load to: 0.033442
[INFO] Setting clock uncertainty to: 0.25
[INFO] Setting clock transition to: 0.1499999999999999944488848768742172978818416595458984375
[INFO] Setting timing derate to: 5%
[INFO] Setting RC values…
[INFO] Setting signal min routing layer to: met1 and clock min routing layer to met1. 
[INFO] Setting signal max routing layer to: met5 and clock max routing layer to met5. 
{*}-density 0.61903 -timing_driven -routability_driven -skip_io -pad_right 0 -pad_left 0 -init_wirelength_coef 0.25
[WARNING GPL-0150] -skip_io will disable timing driven mode.
[WARNING GPL-0151] -skip_io will disable routability driven mode.
[INFO GPL-0002] DBU: 1000
[INFO GPL-0003] SiteSize: 460 2720
[INFO GPL-0004] CoreAreaLxLy: 5520 10880
[INFO GPL-0005] CoreAreaUxUy: 826160 829600
[INFO GPL-0006] NumInstances: 43346
[INFO GPL-0007] NumPlaceInstances: 33200
[INFO GPL-0008] NumFixedInstances: 10146
[INFO GPL-0009] NumDummyInstances: 0
[INFO GPL-0010] NumNets: 33222
[INFO GPL-0011] NumPins: 109060
[INFO GPL-0012] DieAreaLxLy: 0 0
[INFO GPL-0013] DieAreaUxUy: 831750 842470
[INFO GPL-0014] CoreAreaLxLy: 5520 10880
[INFO GPL-0015] CoreAreaUxUy: 826160 829600
[INFO GPL-0016] CoreArea: 671874380800
[INFO GPL-0017] NonPlaceInstsArea: 14201120000
[INFO GPL-0018] PlaceInstsArea: 336781750400
[INFO GPL-0019] Util(%): 51.21
[INFO GPL-0020] StdInstsArea: 336781750400
[INFO GPL-0021] MacroInstsArea: 0
[INFO GPL-0031] FillerInit: NumGCells: 40278
[INFO GPL-0032] FillerInit: NumGNets: 33222
[INFO GPL-0033] FillerInit: NumGPins: 109060
[INFO GPL-0023] TargetDensity: 0.62
[INFO GPL-0024] AveragePlaceInstArea: 10144028
[INFO GPL-0025] IdealBinArea: 16386973
[INFO GPL-0026] IdealBinCnt: 41000
[INFO GPL-0027] TotalBinArea: 671874380800
[INFO GPL-0028] BinCnt: 128 128
[INFO GPL-0029] BinSize: 6412 6397
[INFO GPL-0030] NumBins: 16384
[NesterovSolve] Iter: 1 overflow: 0.999417 HPWL: 84718575
[NesterovSolve] Iter: 10 overflow: 0.999114 HPWL: 55256671
[NesterovSolve] Iter: 20 overflow: 0.999051 HPWL: 53801971
[NesterovSolve] Iter: 30 overflow: 0.999014 HPWL: 53356654
[NesterovSolve] Iter: 40 overflow: 0.999011 HPWL: 53207447
[NesterovSolve] Iter: 50 overflow: 0.999006 HPWL: 53141059
[NesterovSolve] Iter: 60 overflow: 0.998983 HPWL: 53119515
[NesterovSolve] Iter: 70 overflow: 0.998955 HPWL: 53129981
[NesterovSolve] Iter: 80 overflow: 0.998883 HPWL: 53180678
[NesterovSolve] Iter: 90 overflow: 0.998795 HPWL: 53352396
[NesterovSolve] Iter: 100 overflow: 0.998782 HPWL: 53861381
[NesterovSolve] Iter: 110 overflow: 0.998585 HPWL: 55232403
[NesterovSolve] Iter: 120 overflow: 0.997946 HPWL: 58443765
[NesterovSolve] Iter: 130 overflow: 0.997019 HPWL: 64357458
[NesterovSolve] Iter: 140 overflow: 0.995729 HPWL: 73831172
[NesterovSolve] Iter: 150 overflow: 0.99261 HPWL: 90053182
[NesterovSolve] Iter: 160 overflow: 0.988116 HPWL: 116798779
[NesterovSolve] Iter: 170 overflow: 0.981264 HPWL: 151202393
[NesterovSolve] Iter: 180 overflow: 0.972466 HPWL: 188871000
[NesterovSolve] Iter: 190 overflow: 0.961576 HPWL: 229323729
[NesterovSolve] Iter: 200 overflow: 0.946957 HPWL: 274664541
[NesterovSolve] Iter: 210 overflow: 0.927381 HPWL: 327412326
[NesterovSolve] Iter: 220 overflow: 0.901484 HPWL: 385761034
[NesterovSolve] Iter: 230 overflow: 0.869535 HPWL: 445696223
[NesterovSolve] Iter: 240 overflow: 0.835211 HPWL: 503431602
[NesterovSolve] Iter: 250 overflow: 0.798438 HPWL: 560432126
[NesterovSolve] Iter: 260 overflow: 0.75818 HPWL: 621357355
[NesterovSolve] Iter: 270 overflow: 0.714009 HPWL: 683882747
[NesterovSolve] Iter: 280 overflow: 0.665155 HPWL: 739082138
[NesterovSolve] Iter: 290 overflow: 0.609731 HPWL: 784824667
[NesterovSolve] Iter: 300 overflow: 0.549282 HPWL: 825419960
[NesterovSolve] Iter: 310 overflow: 0.487985 HPWL: 866743591
[NesterovSolve] Iter: 320 overflow: 0.43178 HPWL: 901942632
[NesterovSolve] Iter: 330 overflow: 0.387582 HPWL: 922838306
[NesterovSolve] Iter: 340 overflow: 0.356093 HPWL: 929440185
[NesterovSolve] Iter: 350 overflow: 0.319746 HPWL: 928886123
[NesterovSolve] Iter: 360 overflow: 0.289658 HPWL: 933580360
[NesterovSolve] Iter: 370 overflow: 0.260657 HPWL: 933541664
[NesterovSolve] Iter: 380 overflow: 0.233834 HPWL: 933647832
[NesterovSolve] Iter: 390 overflow: 0.209559 HPWL: 933523575
[NesterovSolve] Iter: 400 overflow: 0.18771 HPWL: 931949355
[NesterovSolve] Iter: 410 overflow: 0.165979 HPWL: 930584552
[NesterovSolve] Iter: 420 overflow: 0.147329 HPWL: 929787462
[NesterovSolve] Iter: 430 overflow: 0.129241 HPWL: 929070194
[NesterovSolve] Iter: 440 overflow: 0.112511 HPWL: 928337206
[NesterovSolve] Finished with Overflow: 0.099064
[INFO] Setting RC values…
Setting global connections for newly added cells…
[INFO] Setting global connections...
Writing OpenROAD database to '/mnt/d/APIC/FIR_Openlane/All/runs/RUN_2024-06-17_08-49-04/22-openroad-globalplacementskipio/top.odb'…
Writing netlist to '/mnt/d/APIC/FIR_Openlane/All/runs/RUN_2024-06-17_08-49-04/22-openroad-globalplacementskipio/top.nl.v'…
Writing powered netlist to '/mnt/d/APIC/FIR_Openlane/All/runs/RUN_2024-06-17_08-49-04/22-openroad-globalplacementskipio/top.pnl.v'…
Writing layout to '/mnt/d/APIC/FIR_Openlane/All/runs/RUN_2024-06-17_08-49-04/22-openroad-globalplacementskipio/top.def'…
Writing timing constraints to '/mnt/d/APIC/FIR_Openlane/All/runs/RUN_2024-06-17_08-49-04/22-openroad-globalplacementskipio/top.sdc'…
