
===========================================================================
report_checks -unconstrained
===========================================================================
======================= min_ss_100C_1v60 Corner ===================================

Startpoint: input_data[51] (input port clocked by clk)
Endpoint: _41568_ (rising edge-triggered flip-flop clocked by clk)
Path Group: clk
Path Type: max

Fanout         Cap        Slew       Delay        Time   Description
---------------------------------------------------------------------------------------------
                                  0.000000    0.000000   clock clk (rise edge)
                                  0.000000    0.000000   clock network delay (propagated)
                                  5.000000    5.000000 ^ input external delay
     2    0.004929    0.046701    0.026999    5.026999 ^ input_data[51] (in)
                                                         input_data[51] (net)
                      0.046701    0.000000    5.026999 ^ input181/A (sky130_fd_sc_hd__clkbuf_2)
     2    0.046554    0.394491    0.412350    5.439350 ^ input181/X (sky130_fd_sc_hd__clkbuf_2)
                                                         net181 (net)
                      0.394500    0.001635    5.440984 ^ fanout959/A (sky130_fd_sc_hd__clkbuf_8)
    16    0.096319    0.268776    0.522011    5.962996 ^ fanout959/X (sky130_fd_sc_hd__clkbuf_8)
                                                         net959 (net)
                      0.269159    0.008320    5.971315 ^ fanout958/A (sky130_fd_sc_hd__buf_6)
    20    0.111800    0.352257    0.474895    6.446211 ^ fanout958/X (sky130_fd_sc_hd__buf_6)
                                                         net958 (net)
                      0.352277    0.002230    6.448441 ^ fanout957/A (sky130_fd_sc_hd__buf_6)
    20    0.087737    0.281374    0.449283    6.897724 ^ fanout957/X (sky130_fd_sc_hd__buf_6)
                                                         net957 (net)
                      0.281495    0.004865    6.902588 ^ _21671_/B (sky130_fd_sc_hd__xor2_4)
     5    0.031755    0.407206    0.493558    7.396147 ^ _21671_/X (sky130_fd_sc_hd__xor2_4)
                                                         _01653_ (net)
                      0.407206    0.000181    7.396328 ^ _21672_/B (sky130_fd_sc_hd__and2_1)
     3    0.014003    0.235870    0.467932    7.864260 ^ _21672_/X (sky130_fd_sc_hd__and2_1)
                                                         _01664_ (net)
                      0.235870    0.000131    7.864391 ^ _22504_/A_N (sky130_fd_sc_hd__and2b_1)
     4    0.014931    0.161164    0.523336    8.387727 v _22504_/X (sky130_fd_sc_hd__and2b_1)
                                                         _10811_ (net)
                      0.161164    0.000143    8.387870 v _22506_/B (sky130_fd_sc_hd__and2_1)
     3    0.010162    0.126970    0.420529    8.808399 v _22506_/X (sky130_fd_sc_hd__and2_1)
                                                         _10833_ (net)
                      0.126970    0.000068    8.808468 v _22930_/A1 (sky130_fd_sc_hd__o21a_2)
     4    0.020782    0.135696    0.499851    9.308319 v _22930_/X (sky130_fd_sc_hd__o21a_2)
                                                         _12447_ (net)
                      0.135697    0.000335    9.308654 v _22932_/C (sky130_fd_sc_hd__or4_2)
     3    0.016002    0.312672    1.644591   10.953245 v _22932_/X (sky130_fd_sc_hd__or4_2)
                                                         _12449_ (net)
                      0.312672    0.000143   10.953388 v _23923_/A (sky130_fd_sc_hd__or2_1)
     3    0.011859    0.178050    0.692614   11.646002 v _23923_/X (sky130_fd_sc_hd__or2_1)
                                                         _13525_ (net)
                      0.178050    0.000206   11.646208 v _25794_/B (sky130_fd_sc_hd__and3_1)
     1    0.003087    0.073174    0.385799   12.032007 v _25794_/X (sky130_fd_sc_hd__and3_1)
                                                         _15581_ (net)
                      0.073174    0.000043   12.032049 v _25797_/A (sky130_fd_sc_hd__or3_2)
     2    0.023922    0.277095    1.294742   13.326792 v _25797_/X (sky130_fd_sc_hd__or3_2)
                                                         _15584_ (net)
                      0.277101    0.000939   13.327730 v _25798_/B (sky130_fd_sc_hd__xnor2_1)
     2    0.006387    0.175207    0.336903   13.664634 v _25798_/Y (sky130_fd_sc_hd__xnor2_1)
                                                         _15585_ (net)
                      0.175207    0.000075   13.664709 v _25820_/A (sky130_fd_sc_hd__or2_1)
     3    0.011491    0.174165    0.631495   14.296204 v _25820_/X (sky130_fd_sc_hd__or2_1)
                                                         _15609_ (net)
                      0.174165    0.000102   14.296306 v _25822_/B1 (sky130_fd_sc_hd__o211a_1)
     3    0.010226    0.136074    0.339677   14.635983 v _25822_/X (sky130_fd_sc_hd__o211a_1)
                                                         _15612_ (net)
                      0.136075    0.000272   14.636254 v _25861_/A (sky130_fd_sc_hd__or3_2)
     4    0.011395    0.213791    1.217390   15.853644 v _25861_/X (sky130_fd_sc_hd__or3_2)
                                                         _15654_ (net)
                      0.213791    0.000188   15.853832 v _25866_/A1 (sky130_fd_sc_hd__a21o_1)
     2    0.005767    0.083401    0.372680   16.226513 v _25866_/X (sky130_fd_sc_hd__a21o_1)
                                                         _15660_ (net)
                      0.083401    0.000080   16.226593 v _25870_/B (sky130_fd_sc_hd__and3_1)
     4    0.016360    0.177830    0.449322   16.675915 v _25870_/X (sky130_fd_sc_hd__and3_1)
                                                         _15664_ (net)
                      0.177831    0.000243   16.676157 v _25872_/B1 (sky130_fd_sc_hd__a211o_1)
     3    0.012300    0.170780    0.637533   17.313690 v _25872_/X (sky130_fd_sc_hd__a211o_1)
                                                         _15667_ (net)
                      0.170781    0.000208   17.313898 v _25884_/A1 (sky130_fd_sc_hd__a21o_1)
     2    0.009069    0.109030    0.379103   17.693001 v _25884_/X (sky130_fd_sc_hd__a21o_1)
                                                         _15680_ (net)
                      0.109030    0.000128   17.693129 v _25886_/A2 (sky130_fd_sc_hd__a211o_1)
     3    0.010968    0.158052    0.637725   18.330854 v _25886_/X (sky130_fd_sc_hd__a211o_1)
                                                         _15682_ (net)
                      0.158052    0.000250   18.331104 v _25906_/B (sky130_fd_sc_hd__and3_1)
     2    0.009451    0.125089    0.433833   18.764936 v _25906_/X (sky130_fd_sc_hd__and3_1)
                                                         _15704_ (net)
                      0.125089    0.000133   18.765070 v _25908_/B1 (sky130_fd_sc_hd__a211o_1)
     3    0.008918    0.138985    0.583794   19.348864 v _25908_/X (sky130_fd_sc_hd__a211o_1)
                                                         _15706_ (net)
                      0.138985    0.000073   19.348938 v _25915_/A1 (sky130_fd_sc_hd__a21o_1)
     2    0.008508    0.104529    0.361080   19.710018 v _25915_/X (sky130_fd_sc_hd__a21o_1)
                                                         _15714_ (net)
                      0.104529    0.000105   19.710121 v _25917_/A2 (sky130_fd_sc_hd__a211o_1)
     2    0.005807    0.112630    0.585194   20.295317 v _25917_/X (sky130_fd_sc_hd__a211o_1)
                                                         _15716_ (net)
                      0.112630    0.000041   20.295357 v _25918_/C (sky130_fd_sc_hd__nand3_1)
     2    0.006844    0.156866    0.184414   20.479771 ^ _25918_/Y (sky130_fd_sc_hd__nand3_1)
                                                         _15717_ (net)
                      0.156866    0.000066   20.479837 ^ _25920_/A (sky130_fd_sc_hd__nand2_1)
     2    0.007269    0.140616    0.185265   20.665102 v _25920_/Y (sky130_fd_sc_hd__nand2_1)
                                                         _15719_ (net)
                      0.140616    0.000091   20.665194 v _25923_/A (sky130_fd_sc_hd__xor2_1)
     2    0.005436    0.142728    0.343567   21.008760 v _25923_/X (sky130_fd_sc_hd__xor2_1)
                                                         _15723_ (net)
                      0.142728    0.000057   21.008816 v _25925_/A (sky130_fd_sc_hd__or2_1)
     3    0.009951    0.159523    0.602324   21.611139 v _25925_/X (sky130_fd_sc_hd__or2_1)
                                                         _15725_ (net)
                      0.159523    0.000176   21.611317 v _27424_/A2 (sky130_fd_sc_hd__a21o_1)
     3    0.011730    0.130679    0.424661   22.035976 v _27424_/X (sky130_fd_sc_hd__a21o_1)
                                                         _17372_ (net)
                      0.130679    0.000174   22.036152 v _29090_/A2 (sky130_fd_sc_hd__a21o_1)
     3    0.010227    0.118322    0.400988   22.437140 v _29090_/X (sky130_fd_sc_hd__a21o_1)
                                                         _19203_ (net)
                      0.118322    0.000174   22.437313 v _30869_/A2 (sky130_fd_sc_hd__a21o_1)
     4    0.014604    0.148914    0.428299   22.865612 v _30869_/X (sky130_fd_sc_hd__a21o_1)
                                                         _00397_ (net)
                      0.148915    0.000425   22.866037 v _32847_/A2 (sky130_fd_sc_hd__a21o_1)
     2    0.008807    0.106952    0.397648   23.263685 v _32847_/X (sky130_fd_sc_hd__a21o_1)
                                                         _02572_ (net)
                      0.106953    0.000227   23.263912 v _34969_/A2 (sky130_fd_sc_hd__a21o_1)
     3    0.012461    0.136789    0.408182   23.672094 v _34969_/X (sky130_fd_sc_hd__a21o_1)
                                                         _04905_ (net)
                      0.136790    0.000275   23.672369 v _37120_/A2 (sky130_fd_sc_hd__a21o_1)
     3    0.010245    0.118468    0.403695   24.076065 v _37120_/X (sky130_fd_sc_hd__a21o_1)
                                                         _07269_ (net)
                      0.118468    0.000178   24.076242 v _39323_/A2 (sky130_fd_sc_hd__a21o_1)
     3    0.008730    0.106342    0.384366   24.460608 v _39323_/X (sky130_fd_sc_hd__a21o_1)
                                                         _09692_ (net)
                      0.106342    0.000096   24.460705 v _39325_/A1 (sky130_fd_sc_hd__a21oi_1)
     1    0.004844    0.227952    0.264547   24.725252 ^ _39325_/Y (sky130_fd_sc_hd__a21oi_1)
                                                         _09694_ (net)
                      0.227952    0.000082   24.725334 ^ _39514_/A3 (sky130_fd_sc_hd__o31ai_1)
     1    0.007329    0.172362    0.234651   24.959986 v _39514_/Y (sky130_fd_sc_hd__o31ai_1)
                                                         _09902_ (net)
                      0.172362    0.000204   24.960190 v _39679_/B (sky130_fd_sc_hd__and3_1)
     2    0.023613    0.237400    0.541339   25.501528 v _39679_/X (sky130_fd_sc_hd__and3_1)
                                                         _10083_ (net)
                      0.237405    0.000945   25.502474 v _39882_/A2 (sky130_fd_sc_hd__o311a_1)
     2    0.025537    0.274484    0.884302   26.386776 v _39882_/X (sky130_fd_sc_hd__o311a_1)
                                                         _10307_ (net)
                      0.274506    0.002085   26.388861 v _40082_/A1 (sky130_fd_sc_hd__o211a_1)
     1    0.004827    0.090225    0.506077   26.894939 v _40082_/X (sky130_fd_sc_hd__o211a_1)
                                                         _10527_ (net)
                      0.090226    0.000121   26.895060 v _40169_/A1_N (sky130_fd_sc_hd__a2bb2o_1)
     1    0.002609    0.079558    0.508148   27.403208 ^ _40169_/X (sky130_fd_sc_hd__a2bb2o_1)
                                                         _10622_ (net)
                      0.079558    0.000011   27.403217 ^ _40170_/B (sky130_fd_sc_hd__nand2_1)
     1    0.003882    0.092221    0.122046   27.525265 v _40170_/Y (sky130_fd_sc_hd__nand2_1)
                                                         _10623_ (net)
                      0.092221    0.000050   27.525314 v _40177_/A2 (sky130_fd_sc_hd__a32o_1)
     1    0.003229    0.074994    0.446606   27.971920 v _40177_/X (sky130_fd_sc_hd__a32o_1)
                                                         _00014_ (net)
                      0.074994    0.000044   27.971966 v _41568_/D (sky130_fd_sc_hd__dfxtp_1)
                                             27.971966   data arrival time

                                 25.000000   25.000000   clock clk (rise edge)
                                  0.000000   25.000000   clock source latency
     2    0.146746    1.053823    0.742050   25.742050 ^ clk (in)
                                                         clk (net)
                      1.054050    0.000000   25.742050 ^ clkbuf_0_clk/A (sky130_fd_sc_hd__clkbuf_16)
     4    0.033108    0.102058    0.589539   26.331589 ^ clkbuf_0_clk/X (sky130_fd_sc_hd__clkbuf_16)
                                                         clknet_0_clk (net)
                      0.102066    0.000711   26.332298 ^ clkbuf_1_1__f_clk/A (sky130_fd_sc_hd__clkbuf_16)
    16    0.052441    0.110454    0.278545   26.610844 ^ clkbuf_1_1__f_clk/X (sky130_fd_sc_hd__clkbuf_16)
                                                         clknet_1_1__leaf_clk (net)
                      0.110475    0.001142   26.611986 ^ _41568_/CLK (sky130_fd_sc_hd__dfxtp_1)
                                 -0.250000   26.361988   clock uncertainty
                                  0.000000   26.361988   clock reconvergence pessimism
                                 -0.260152   26.101835   library setup time
                                             26.101835   data required time
---------------------------------------------------------------------------------------------
                                             26.101835   data required time
                                            -27.971966   data arrival time
---------------------------------------------------------------------------------------------
                                             -1.870129   slack (VIOLATED)




===========================================================================
report_checks --slack_max -0.01
============================================================================
======================= min_ss_100C_1v60 Corner ===================================

Startpoint: input_data[51] (input port clocked by clk)
Endpoint: _41568_ (rising edge-triggered flip-flop clocked by clk)
Path Group: clk
Path Type: max

Fanout         Cap        Slew       Delay        Time   Description
---------------------------------------------------------------------------------------------
                                  0.000000    0.000000   clock clk (rise edge)
                                  0.000000    0.000000   clock network delay (propagated)
                                  5.000000    5.000000 ^ input external delay
     2    0.004929    0.046701    0.026999    5.026999 ^ input_data[51] (in)
                                                         input_data[51] (net)
                      0.046701    0.000000    5.026999 ^ input181/A (sky130_fd_sc_hd__clkbuf_2)
     2    0.046554    0.394491    0.412350    5.439350 ^ input181/X (sky130_fd_sc_hd__clkbuf_2)
                                                         net181 (net)
                      0.394500    0.001635    5.440984 ^ fanout959/A (sky130_fd_sc_hd__clkbuf_8)
    16    0.096319    0.268776    0.522011    5.962996 ^ fanout959/X (sky130_fd_sc_hd__clkbuf_8)
                                                         net959 (net)
                      0.269159    0.008320    5.971315 ^ fanout958/A (sky130_fd_sc_hd__buf_6)
    20    0.111800    0.352257    0.474895    6.446211 ^ fanout958/X (sky130_fd_sc_hd__buf_6)
                                                         net958 (net)
                      0.352277    0.002230    6.448441 ^ fanout957/A (sky130_fd_sc_hd__buf_6)
    20    0.087737    0.281374    0.449283    6.897724 ^ fanout957/X (sky130_fd_sc_hd__buf_6)
                                                         net957 (net)
                      0.281495    0.004865    6.902588 ^ _21671_/B (sky130_fd_sc_hd__xor2_4)
     5    0.031755    0.407206    0.493558    7.396147 ^ _21671_/X (sky130_fd_sc_hd__xor2_4)
                                                         _01653_ (net)
                      0.407206    0.000181    7.396328 ^ _21672_/B (sky130_fd_sc_hd__and2_1)
     3    0.014003    0.235870    0.467932    7.864260 ^ _21672_/X (sky130_fd_sc_hd__and2_1)
                                                         _01664_ (net)
                      0.235870    0.000131    7.864391 ^ _22504_/A_N (sky130_fd_sc_hd__and2b_1)
     4    0.014931    0.161164    0.523336    8.387727 v _22504_/X (sky130_fd_sc_hd__and2b_1)
                                                         _10811_ (net)
                      0.161164    0.000143    8.387870 v _22506_/B (sky130_fd_sc_hd__and2_1)
     3    0.010162    0.126970    0.420529    8.808399 v _22506_/X (sky130_fd_sc_hd__and2_1)
                                                         _10833_ (net)
                      0.126970    0.000068    8.808468 v _22930_/A1 (sky130_fd_sc_hd__o21a_2)
     4    0.020782    0.135696    0.499851    9.308319 v _22930_/X (sky130_fd_sc_hd__o21a_2)
                                                         _12447_ (net)
                      0.135697    0.000335    9.308654 v _22932_/C (sky130_fd_sc_hd__or4_2)
     3    0.016002    0.312672    1.644591   10.953245 v _22932_/X (sky130_fd_sc_hd__or4_2)
                                                         _12449_ (net)
                      0.312672    0.000143   10.953388 v _23923_/A (sky130_fd_sc_hd__or2_1)
     3    0.011859    0.178050    0.692614   11.646002 v _23923_/X (sky130_fd_sc_hd__or2_1)
                                                         _13525_ (net)
                      0.178050    0.000206   11.646208 v _25794_/B (sky130_fd_sc_hd__and3_1)
     1    0.003087    0.073174    0.385799   12.032007 v _25794_/X (sky130_fd_sc_hd__and3_1)
                                                         _15581_ (net)
                      0.073174    0.000043   12.032049 v _25797_/A (sky130_fd_sc_hd__or3_2)
     2    0.023922    0.277095    1.294742   13.326792 v _25797_/X (sky130_fd_sc_hd__or3_2)
                                                         _15584_ (net)
                      0.277101    0.000939   13.327730 v _25798_/B (sky130_fd_sc_hd__xnor2_1)
     2    0.006387    0.175207    0.336903   13.664634 v _25798_/Y (sky130_fd_sc_hd__xnor2_1)
                                                         _15585_ (net)
                      0.175207    0.000075   13.664709 v _25820_/A (sky130_fd_sc_hd__or2_1)
     3    0.011491    0.174165    0.631495   14.296204 v _25820_/X (sky130_fd_sc_hd__or2_1)
                                                         _15609_ (net)
                      0.174165    0.000102   14.296306 v _25822_/B1 (sky130_fd_sc_hd__o211a_1)
     3    0.010226    0.136074    0.339677   14.635983 v _25822_/X (sky130_fd_sc_hd__o211a_1)
                                                         _15612_ (net)
                      0.136075    0.000272   14.636254 v _25861_/A (sky130_fd_sc_hd__or3_2)
     4    0.011395    0.213791    1.217390   15.853644 v _25861_/X (sky130_fd_sc_hd__or3_2)
                                                         _15654_ (net)
                      0.213791    0.000188   15.853832 v _25866_/A1 (sky130_fd_sc_hd__a21o_1)
     2    0.005767    0.083401    0.372680   16.226513 v _25866_/X (sky130_fd_sc_hd__a21o_1)
                                                         _15660_ (net)
                      0.083401    0.000080   16.226593 v _25870_/B (sky130_fd_sc_hd__and3_1)
     4    0.016360    0.177830    0.449322   16.675915 v _25870_/X (sky130_fd_sc_hd__and3_1)
                                                         _15664_ (net)
                      0.177831    0.000243   16.676157 v _25872_/B1 (sky130_fd_sc_hd__a211o_1)
     3    0.012300    0.170780    0.637533   17.313690 v _25872_/X (sky130_fd_sc_hd__a211o_1)
                                                         _15667_ (net)
                      0.170781    0.000208   17.313898 v _25884_/A1 (sky130_fd_sc_hd__a21o_1)
     2    0.009069    0.109030    0.379103   17.693001 v _25884_/X (sky130_fd_sc_hd__a21o_1)
                                                         _15680_ (net)
                      0.109030    0.000128   17.693129 v _25886_/A2 (sky130_fd_sc_hd__a211o_1)
     3    0.010968    0.158052    0.637725   18.330854 v _25886_/X (sky130_fd_sc_hd__a211o_1)
                                                         _15682_ (net)
                      0.158052    0.000250   18.331104 v _25906_/B (sky130_fd_sc_hd__and3_1)
     2    0.009451    0.125089    0.433833   18.764936 v _25906_/X (sky130_fd_sc_hd__and3_1)
                                                         _15704_ (net)
                      0.125089    0.000133   18.765070 v _25908_/B1 (sky130_fd_sc_hd__a211o_1)
     3    0.008918    0.138985    0.583794   19.348864 v _25908_/X (sky130_fd_sc_hd__a211o_1)
                                                         _15706_ (net)
                      0.138985    0.000073   19.348938 v _25915_/A1 (sky130_fd_sc_hd__a21o_1)
     2    0.008508    0.104529    0.361080   19.710018 v _25915_/X (sky130_fd_sc_hd__a21o_1)
                                                         _15714_ (net)
                      0.104529    0.000105   19.710121 v _25917_/A2 (sky130_fd_sc_hd__a211o_1)
     2    0.005807    0.112630    0.585194   20.295317 v _25917_/X (sky130_fd_sc_hd__a211o_1)
                                                         _15716_ (net)
                      0.112630    0.000041   20.295357 v _25918_/C (sky130_fd_sc_hd__nand3_1)
     2    0.006844    0.156866    0.184414   20.479771 ^ _25918_/Y (sky130_fd_sc_hd__nand3_1)
                                                         _15717_ (net)
                      0.156866    0.000066   20.479837 ^ _25920_/A (sky130_fd_sc_hd__nand2_1)
     2    0.007269    0.140616    0.185265   20.665102 v _25920_/Y (sky130_fd_sc_hd__nand2_1)
                                                         _15719_ (net)
                      0.140616    0.000091   20.665194 v _25923_/A (sky130_fd_sc_hd__xor2_1)
     2    0.005436    0.142728    0.343567   21.008760 v _25923_/X (sky130_fd_sc_hd__xor2_1)
                                                         _15723_ (net)
                      0.142728    0.000057   21.008816 v _25925_/A (sky130_fd_sc_hd__or2_1)
     3    0.009951    0.159523    0.602324   21.611139 v _25925_/X (sky130_fd_sc_hd__or2_1)
                                                         _15725_ (net)
                      0.159523    0.000176   21.611317 v _27424_/A2 (sky130_fd_sc_hd__a21o_1)
     3    0.011730    0.130679    0.424661   22.035976 v _27424_/X (sky130_fd_sc_hd__a21o_1)
                                                         _17372_ (net)
                      0.130679    0.000174   22.036152 v _29090_/A2 (sky130_fd_sc_hd__a21o_1)
     3    0.010227    0.118322    0.400988   22.437140 v _29090_/X (sky130_fd_sc_hd__a21o_1)
                                                         _19203_ (net)
                      0.118322    0.000174   22.437313 v _30869_/A2 (sky130_fd_sc_hd__a21o_1)
     4    0.014604    0.148914    0.428299   22.865612 v _30869_/X (sky130_fd_sc_hd__a21o_1)
                                                         _00397_ (net)
                      0.148915    0.000425   22.866037 v _32847_/A2 (sky130_fd_sc_hd__a21o_1)
     2    0.008807    0.106952    0.397648   23.263685 v _32847_/X (sky130_fd_sc_hd__a21o_1)
                                                         _02572_ (net)
                      0.106953    0.000227   23.263912 v _34969_/A2 (sky130_fd_sc_hd__a21o_1)
     3    0.012461    0.136789    0.408182   23.672094 v _34969_/X (sky130_fd_sc_hd__a21o_1)
                                                         _04905_ (net)
                      0.136790    0.000275   23.672369 v _37120_/A2 (sky130_fd_sc_hd__a21o_1)
     3    0.010245    0.118468    0.403695   24.076065 v _37120_/X (sky130_fd_sc_hd__a21o_1)
                                                         _07269_ (net)
                      0.118468    0.000178   24.076242 v _39323_/A2 (sky130_fd_sc_hd__a21o_1)
     3    0.008730    0.106342    0.384366   24.460608 v _39323_/X (sky130_fd_sc_hd__a21o_1)
                                                         _09692_ (net)
                      0.106342    0.000096   24.460705 v _39325_/A1 (sky130_fd_sc_hd__a21oi_1)
     1    0.004844    0.227952    0.264547   24.725252 ^ _39325_/Y (sky130_fd_sc_hd__a21oi_1)
                                                         _09694_ (net)
                      0.227952    0.000082   24.725334 ^ _39514_/A3 (sky130_fd_sc_hd__o31ai_1)
     1    0.007329    0.172362    0.234651   24.959986 v _39514_/Y (sky130_fd_sc_hd__o31ai_1)
                                                         _09902_ (net)
                      0.172362    0.000204   24.960190 v _39679_/B (sky130_fd_sc_hd__and3_1)
     2    0.023613    0.237400    0.541339   25.501528 v _39679_/X (sky130_fd_sc_hd__and3_1)
                                                         _10083_ (net)
                      0.237405    0.000945   25.502474 v _39882_/A2 (sky130_fd_sc_hd__o311a_1)
     2    0.025537    0.274484    0.884302   26.386776 v _39882_/X (sky130_fd_sc_hd__o311a_1)
                                                         _10307_ (net)
                      0.274506    0.002085   26.388861 v _40082_/A1 (sky130_fd_sc_hd__o211a_1)
     1    0.004827    0.090225    0.506077   26.894939 v _40082_/X (sky130_fd_sc_hd__o211a_1)
                                                         _10527_ (net)
                      0.090226    0.000121   26.895060 v _40169_/A1_N (sky130_fd_sc_hd__a2bb2o_1)
     1    0.002609    0.079558    0.508148   27.403208 ^ _40169_/X (sky130_fd_sc_hd__a2bb2o_1)
                                                         _10622_ (net)
                      0.079558    0.000011   27.403217 ^ _40170_/B (sky130_fd_sc_hd__nand2_1)
     1    0.003882    0.092221    0.122046   27.525265 v _40170_/Y (sky130_fd_sc_hd__nand2_1)
                                                         _10623_ (net)
                      0.092221    0.000050   27.525314 v _40177_/A2 (sky130_fd_sc_hd__a32o_1)
     1    0.003229    0.074994    0.446606   27.971920 v _40177_/X (sky130_fd_sc_hd__a32o_1)
                                                         _00014_ (net)
                      0.074994    0.000044   27.971966 v _41568_/D (sky130_fd_sc_hd__dfxtp_1)
                                             27.971966   data arrival time

                                 25.000000   25.000000   clock clk (rise edge)
                                  0.000000   25.000000   clock source latency
     2    0.146746    1.053823    0.742050   25.742050 ^ clk (in)
                                                         clk (net)
                      1.054050    0.000000   25.742050 ^ clkbuf_0_clk/A (sky130_fd_sc_hd__clkbuf_16)
     4    0.033108    0.102058    0.589539   26.331589 ^ clkbuf_0_clk/X (sky130_fd_sc_hd__clkbuf_16)
                                                         clknet_0_clk (net)
                      0.102066    0.000711   26.332298 ^ clkbuf_1_1__f_clk/A (sky130_fd_sc_hd__clkbuf_16)
    16    0.052441    0.110454    0.278545   26.610844 ^ clkbuf_1_1__f_clk/X (sky130_fd_sc_hd__clkbuf_16)
                                                         clknet_1_1__leaf_clk (net)
                      0.110475    0.001142   26.611986 ^ _41568_/CLK (sky130_fd_sc_hd__dfxtp_1)
                                 -0.250000   26.361988   clock uncertainty
                                  0.000000   26.361988   clock reconvergence pessimism
                                 -0.260152   26.101835   library setup time
                                             26.101835   data required time
---------------------------------------------------------------------------------------------
                                             26.101835   data required time
                                            -27.971966   data arrival time
---------------------------------------------------------------------------------------------
                                             -1.870129   slack (VIOLATED)




===========================================================================
 report_check_types -max_slew -max_cap -max_fanout -violators
============================================================================
======================= min_ss_100C_1v60 Corner ===================================

max fanout

Pin                                   Limit Fanout  Slack
---------------------------------------------------------
_20789_/Y                                10     20    -10 (VIOLATED)
_20799_/Y                                10     20    -10 (VIOLATED)
_20906_/Y                                10     20    -10 (VIOLATED)
_21566_/Y                                10     20    -10 (VIOLATED)
_21599_/Y                                10     20    -10 (VIOLATED)
_21949_/Y                                10     20    -10 (VIOLATED)
_22288_/Y                                10     20    -10 (VIOLATED)
_23075_/X                                10     20    -10 (VIOLATED)
_23505_/X                                10     20    -10 (VIOLATED)
_24616_/Y                                10     20    -10 (VIOLATED)
_24617_/Y                                10     20    -10 (VIOLATED)
_25008_/Y                                10     20    -10 (VIOLATED)
_25784_/X                                10     20    -10 (VIOLATED)
_25951_/Y                                10     20    -10 (VIOLATED)
_27275_/X                                10     20    -10 (VIOLATED)
_27701_/X                                10     20    -10 (VIOLATED)
_30818_/Y                                10     20    -10 (VIOLATED)
fanout1003/X                             10     20    -10 (VIOLATED)
fanout1005/X                             10     20    -10 (VIOLATED)
fanout1009/X                             10     20    -10 (VIOLATED)
fanout1014/X                             10     20    -10 (VIOLATED)
fanout1018/X                             10     20    -10 (VIOLATED)
fanout1023/X                             10     20    -10 (VIOLATED)
fanout1036/X                             10     20    -10 (VIOLATED)
fanout1040/X                             10     20    -10 (VIOLATED)
fanout1041/X                             10     20    -10 (VIOLATED)
fanout1042/X                             10     20    -10 (VIOLATED)
fanout1048/X                             10     20    -10 (VIOLATED)
fanout1049/X                             10     20    -10 (VIOLATED)
fanout1054/X                             10     20    -10 (VIOLATED)
fanout1055/X                             10     20    -10 (VIOLATED)
fanout1056/X                             10     20    -10 (VIOLATED)
fanout1061/X                             10     20    -10 (VIOLATED)
fanout1063/X                             10     20    -10 (VIOLATED)
fanout1065/X                             10     20    -10 (VIOLATED)
fanout1066/X                             10     20    -10 (VIOLATED)
fanout1067/X                             10     20    -10 (VIOLATED)
fanout1071/X                             10     20    -10 (VIOLATED)
fanout1072/X                             10     20    -10 (VIOLATED)
fanout1074/X                             10     20    -10 (VIOLATED)
fanout1079/X                             10     20    -10 (VIOLATED)
fanout1082/X                             10     20    -10 (VIOLATED)
fanout1083/X                             10     20    -10 (VIOLATED)
fanout1088/X                             10     20    -10 (VIOLATED)
fanout1091/X                             10     20    -10 (VIOLATED)
fanout1093/X                             10     20    -10 (VIOLATED)
fanout1099/X                             10     20    -10 (VIOLATED)
fanout1100/X                             10     20    -10 (VIOLATED)
fanout1105/X                             10     20    -10 (VIOLATED)
fanout1109/X                             10     20    -10 (VIOLATED)
fanout1111/X                             10     20    -10 (VIOLATED)
fanout1115/X                             10     20    -10 (VIOLATED)
fanout1125/X                             10     20    -10 (VIOLATED)
fanout1132/X                             10     20    -10 (VIOLATED)
fanout1138/X                             10     20    -10 (VIOLATED)
fanout1139/X                             10     20    -10 (VIOLATED)
fanout1145/X                             10     20    -10 (VIOLATED)
fanout1154/X                             10     20    -10 (VIOLATED)
fanout1155/X                             10     20    -10 (VIOLATED)
fanout1162/X                             10     20    -10 (VIOLATED)
fanout1165/X                             10     20    -10 (VIOLATED)
fanout1169/X                             10     20    -10 (VIOLATED)
fanout1171/X                             10     20    -10 (VIOLATED)
fanout1172/X                             10     20    -10 (VIOLATED)
fanout1183/X                             10     20    -10 (VIOLATED)
fanout1184/X                             10     20    -10 (VIOLATED)
fanout1193/X                             10     20    -10 (VIOLATED)
fanout1194/X                             10     20    -10 (VIOLATED)
fanout1196/X                             10     20    -10 (VIOLATED)
fanout1222/X                             10     20    -10 (VIOLATED)
fanout1225/X                             10     20    -10 (VIOLATED)
fanout1241/X                             10     20    -10 (VIOLATED)
fanout1244/X                             10     20    -10 (VIOLATED)
fanout1245/X                             10     20    -10 (VIOLATED)
fanout334/X                              10     20    -10 (VIOLATED)
fanout338/X                              10     20    -10 (VIOLATED)
fanout339/X                              10     20    -10 (VIOLATED)
fanout340/X                              10     20    -10 (VIOLATED)
fanout341/X                              10     20    -10 (VIOLATED)
fanout342/X                              10     20    -10 (VIOLATED)
fanout343/X                              10     20    -10 (VIOLATED)
fanout350/X                              10     20    -10 (VIOLATED)
fanout352/X                              10     20    -10 (VIOLATED)
fanout354/X                              10     20    -10 (VIOLATED)
fanout355/X                              10     20    -10 (VIOLATED)
fanout357/X                              10     20    -10 (VIOLATED)
fanout359/X                              10     20    -10 (VIOLATED)
fanout361/X                              10     20    -10 (VIOLATED)
fanout363/X                              10     20    -10 (VIOLATED)
fanout365/X                              10     20    -10 (VIOLATED)
fanout366/X                              10     20    -10 (VIOLATED)
fanout367/X                              10     20    -10 (VIOLATED)
fanout368/X                              10     20    -10 (VIOLATED)
fanout370/X                              10     20    -10 (VIOLATED)
fanout377/X                              10     20    -10 (VIOLATED)
fanout378/X                              10     20    -10 (VIOLATED)
fanout379/X                              10     20    -10 (VIOLATED)
fanout380/X                              10     20    -10 (VIOLATED)
fanout381/X                              10     20    -10 (VIOLATED)
fanout382/X                              10     20    -10 (VIOLATED)
fanout383/X                              10     20    -10 (VIOLATED)
fanout385/X                              10     20    -10 (VIOLATED)
fanout397/X                              10     20    -10 (VIOLATED)
fanout398/X                              10     20    -10 (VIOLATED)
fanout399/X                              10     20    -10 (VIOLATED)
fanout401/X                              10     20    -10 (VIOLATED)
fanout406/X                              10     20    -10 (VIOLATED)
fanout408/X                              10     20    -10 (VIOLATED)
fanout410/X                              10     20    -10 (VIOLATED)
fanout412/X                              10     20    -10 (VIOLATED)
fanout415/X                              10     20    -10 (VIOLATED)
fanout417/X                              10     20    -10 (VIOLATED)
fanout419/X                              10     20    -10 (VIOLATED)
fanout421/X                              10     20    -10 (VIOLATED)
fanout423/X                              10     20    -10 (VIOLATED)
fanout425/X                              10     20    -10 (VIOLATED)
fanout429/X                              10     20    -10 (VIOLATED)
fanout431/X                              10     20    -10 (VIOLATED)
fanout433/X                              10     20    -10 (VIOLATED)
fanout444/X                              10     20    -10 (VIOLATED)
fanout446/X                              10     20    -10 (VIOLATED)
fanout448/X                              10     20    -10 (VIOLATED)
fanout449/X                              10     20    -10 (VIOLATED)
fanout450/X                              10     20    -10 (VIOLATED)
fanout451/X                              10     20    -10 (VIOLATED)
fanout452/X                              10     20    -10 (VIOLATED)
fanout453/X                              10     20    -10 (VIOLATED)
fanout454/X                              10     20    -10 (VIOLATED)
fanout456/X                              10     20    -10 (VIOLATED)
fanout458/X                              10     20    -10 (VIOLATED)
fanout459/X                              10     20    -10 (VIOLATED)
fanout460/X                              10     20    -10 (VIOLATED)
fanout461/X                              10     20    -10 (VIOLATED)
fanout463/X                              10     20    -10 (VIOLATED)
fanout464/X                              10     20    -10 (VIOLATED)
fanout466/X                              10     20    -10 (VIOLATED)
fanout467/X                              10     20    -10 (VIOLATED)
fanout468/X                              10     20    -10 (VIOLATED)
fanout469/X                              10     20    -10 (VIOLATED)
fanout470/X                              10     20    -10 (VIOLATED)
fanout473/X                              10     20    -10 (VIOLATED)
fanout474/X                              10     20    -10 (VIOLATED)
fanout478/X                              10     20    -10 (VIOLATED)
fanout481/X                              10     20    -10 (VIOLATED)
fanout484/X                              10     20    -10 (VIOLATED)
fanout486/X                              10     20    -10 (VIOLATED)
fanout489/X                              10     20    -10 (VIOLATED)
fanout495/X                              10     20    -10 (VIOLATED)
fanout500/X                              10     20    -10 (VIOLATED)
fanout503/X                              10     20    -10 (VIOLATED)
fanout516/X                              10     20    -10 (VIOLATED)
fanout522/X                              10     20    -10 (VIOLATED)
fanout524/X                              10     20    -10 (VIOLATED)
fanout526/X                              10     20    -10 (VIOLATED)
fanout528/X                              10     20    -10 (VIOLATED)
fanout530/X                              10     20    -10 (VIOLATED)
fanout532/X                              10     20    -10 (VIOLATED)
fanout534/X                              10     20    -10 (VIOLATED)
fanout536/X                              10     20    -10 (VIOLATED)
fanout537/X                              10     20    -10 (VIOLATED)
fanout541/X                              10     20    -10 (VIOLATED)
fanout553/X                              10     20    -10 (VIOLATED)
fanout558/X                              10     20    -10 (VIOLATED)
fanout562/X                              10     20    -10 (VIOLATED)
fanout563/X                              10     20    -10 (VIOLATED)
fanout565/X                              10     20    -10 (VIOLATED)
fanout585/X                              10     20    -10 (VIOLATED)
fanout592/X                              10     20    -10 (VIOLATED)
fanout594/X                              10     20    -10 (VIOLATED)
fanout598/X                              10     20    -10 (VIOLATED)
fanout602/X                              10     20    -10 (VIOLATED)
fanout605/X                              10     20    -10 (VIOLATED)
fanout610/X                              10     20    -10 (VIOLATED)
fanout611/X                              10     20    -10 (VIOLATED)
fanout614/X                              10     20    -10 (VIOLATED)
fanout615/X                              10     20    -10 (VIOLATED)
fanout620/X                              10     20    -10 (VIOLATED)
fanout623/X                              10     20    -10 (VIOLATED)
fanout626/X                              10     20    -10 (VIOLATED)
fanout629/X                              10     20    -10 (VIOLATED)
fanout632/X                              10     20    -10 (VIOLATED)
fanout633/X                              10     20    -10 (VIOLATED)
fanout635/X                              10     20    -10 (VIOLATED)
fanout636/X                              10     20    -10 (VIOLATED)
fanout637/X                              10     20    -10 (VIOLATED)
fanout640/X                              10     20    -10 (VIOLATED)
fanout641/X                              10     20    -10 (VIOLATED)
fanout642/X                              10     20    -10 (VIOLATED)
fanout644/X                              10     20    -10 (VIOLATED)
fanout660/X                              10     20    -10 (VIOLATED)
fanout666/X                              10     20    -10 (VIOLATED)
fanout670/X                              10     20    -10 (VIOLATED)
fanout673/X                              10     20    -10 (VIOLATED)
fanout680/X                              10     20    -10 (VIOLATED)
fanout683/X                              10     20    -10 (VIOLATED)
fanout686/X                              10     20    -10 (VIOLATED)
fanout689/X                              10     20    -10 (VIOLATED)
fanout692/X                              10     20    -10 (VIOLATED)
fanout695/X                              10     20    -10 (VIOLATED)
fanout698/X                              10     20    -10 (VIOLATED)
fanout700/X                              10     20    -10 (VIOLATED)
fanout702/X                              10     20    -10 (VIOLATED)
fanout708/X                              10     20    -10 (VIOLATED)
fanout709/X                              10     20    -10 (VIOLATED)
fanout713/X                              10     20    -10 (VIOLATED)
fanout714/X                              10     20    -10 (VIOLATED)
fanout716/X                              10     20    -10 (VIOLATED)
fanout719/X                              10     20    -10 (VIOLATED)
fanout722/X                              10     20    -10 (VIOLATED)
fanout726/X                              10     20    -10 (VIOLATED)
fanout727/X                              10     20    -10 (VIOLATED)
fanout731/X                              10     20    -10 (VIOLATED)
fanout736/X                              10     20    -10 (VIOLATED)
fanout741/X                              10     20    -10 (VIOLATED)
fanout744/X                              10     20    -10 (VIOLATED)
fanout745/X                              10     20    -10 (VIOLATED)
fanout748/X                              10     20    -10 (VIOLATED)
fanout751/X                              10     20    -10 (VIOLATED)
fanout755/X                              10     20    -10 (VIOLATED)
fanout759/X                              10     20    -10 (VIOLATED)
fanout761/X                              10     20    -10 (VIOLATED)
fanout764/X                              10     20    -10 (VIOLATED)
fanout772/X                              10     20    -10 (VIOLATED)
fanout773/X                              10     20    -10 (VIOLATED)
fanout776/X                              10     20    -10 (VIOLATED)
fanout777/X                              10     20    -10 (VIOLATED)
fanout788/X                              10     20    -10 (VIOLATED)
fanout790/X                              10     20    -10 (VIOLATED)
fanout791/X                              10     20    -10 (VIOLATED)
fanout792/X                              10     20    -10 (VIOLATED)
fanout793/X                              10     20    -10 (VIOLATED)
fanout794/X                              10     20    -10 (VIOLATED)
fanout796/X                              10     20    -10 (VIOLATED)
fanout797/X                              10     20    -10 (VIOLATED)
fanout798/X                              10     20    -10 (VIOLATED)
fanout802/X                              10     20    -10 (VIOLATED)
fanout810/X                              10     20    -10 (VIOLATED)
fanout811/X                              10     20    -10 (VIOLATED)
fanout813/X                              10     20    -10 (VIOLATED)
fanout817/X                              10     20    -10 (VIOLATED)
fanout821/X                              10     20    -10 (VIOLATED)
fanout823/X                              10     20    -10 (VIOLATED)
fanout829/X                              10     20    -10 (VIOLATED)
fanout832/X                              10     20    -10 (VIOLATED)
fanout837/X                              10     20    -10 (VIOLATED)
fanout839/X                              10     20    -10 (VIOLATED)
fanout840/X                              10     20    -10 (VIOLATED)
fanout848/X                              10     20    -10 (VIOLATED)
fanout850/X                              10     20    -10 (VIOLATED)
fanout851/X                              10     20    -10 (VIOLATED)
fanout853/X                              10     20    -10 (VIOLATED)
fanout863/X                              10     20    -10 (VIOLATED)
fanout865/X                              10     20    -10 (VIOLATED)
fanout866/X                              10     20    -10 (VIOLATED)
fanout867/X                              10     20    -10 (VIOLATED)
fanout873/X                              10     20    -10 (VIOLATED)
fanout876/X                              10     20    -10 (VIOLATED)
fanout878/X                              10     20    -10 (VIOLATED)
fanout879/X                              10     20    -10 (VIOLATED)
fanout882/X                              10     20    -10 (VIOLATED)
fanout885/X                              10     20    -10 (VIOLATED)
fanout886/X                              10     20    -10 (VIOLATED)
fanout889/X                              10     20    -10 (VIOLATED)
fanout897/X                              10     20    -10 (VIOLATED)
fanout904/X                              10     20    -10 (VIOLATED)
fanout908/X                              10     20    -10 (VIOLATED)
fanout912/X                              10     20    -10 (VIOLATED)
fanout922/X                              10     20    -10 (VIOLATED)
fanout926/X                              10     20    -10 (VIOLATED)
fanout929/X                              10     20    -10 (VIOLATED)
fanout932/X                              10     20    -10 (VIOLATED)
fanout934/X                              10     20    -10 (VIOLATED)
fanout935/X                              10     20    -10 (VIOLATED)
fanout936/X                              10     20    -10 (VIOLATED)
fanout937/X                              10     20    -10 (VIOLATED)
fanout939/X                              10     20    -10 (VIOLATED)
fanout940/X                              10     20    -10 (VIOLATED)
fanout943/X                              10     20    -10 (VIOLATED)
fanout946/X                              10     20    -10 (VIOLATED)
fanout948/X                              10     20    -10 (VIOLATED)
fanout949/X                              10     20    -10 (VIOLATED)
fanout951/X                              10     20    -10 (VIOLATED)
fanout952/X                              10     20    -10 (VIOLATED)
fanout953/X                              10     20    -10 (VIOLATED)
fanout957/X                              10     20    -10 (VIOLATED)
fanout958/X                              10     20    -10 (VIOLATED)
fanout960/X                              10     20    -10 (VIOLATED)
fanout961/X                              10     20    -10 (VIOLATED)
fanout962/X                              10     20    -10 (VIOLATED)
fanout964/X                              10     20    -10 (VIOLATED)
fanout968/X                              10     20    -10 (VIOLATED)
fanout974/X                              10     20    -10 (VIOLATED)
fanout975/X                              10     20    -10 (VIOLATED)
fanout978/X                              10     20    -10 (VIOLATED)
fanout979/X                              10     20    -10 (VIOLATED)
fanout980/X                              10     20    -10 (VIOLATED)
fanout982/X                              10     20    -10 (VIOLATED)
input95/X                                10     20    -10 (VIOLATED)
wire1192/X                               10     20    -10 (VIOLATED)
wire1215/X                               10     20    -10 (VIOLATED)
wire1238/X                               10     20    -10 (VIOLATED)
wire1240/X                               10     20    -10 (VIOLATED)
fanout625/X                              10     19     -9 (VIOLATED)
_20800_/Y                                10     18     -8 (VIOLATED)
_20816_/Y                                10     18     -8 (VIOLATED)
_20849_/Y                                10     18     -8 (VIOLATED)
_20956_/Y                                10     18     -8 (VIOLATED)
_21228_/X                                10     18     -8 (VIOLATED)
_21330_/X                                10     18     -8 (VIOLATED)
_21331_/Y                                10     18     -8 (VIOLATED)
_21798_/Y                                10     18     -8 (VIOLATED)
_22306_/Y                                10     18     -8 (VIOLATED)
_22386_/Y                                10     18     -8 (VIOLATED)
_22404_/X                                10     18     -8 (VIOLATED)
_22546_/X                                10     18     -8 (VIOLATED)
_22597_/Y                                10     18     -8 (VIOLATED)
_22943_/Y                                10     18     -8 (VIOLATED)
_22990_/X                                10     18     -8 (VIOLATED)
_23933_/Y                                10     18     -8 (VIOLATED)
_23934_/X                                10     18     -8 (VIOLATED)
_24100_/Y                                10     18     -8 (VIOLATED)
_25351_/X                                10     18     -8 (VIOLATED)
_25414_/X                                10     18     -8 (VIOLATED)
_25473_/Y                                10     18     -8 (VIOLATED)
_26675_/X                                10     18     -8 (VIOLATED)
_27454_/Y                                10     18     -8 (VIOLATED)
_29411_/X                                10     18     -8 (VIOLATED)
_31511_/Y                                10     18     -8 (VIOLATED)
fanout1094/X                             10     18     -8 (VIOLATED)
fanout1133/X                             10     18     -8 (VIOLATED)
fanout418/X                              10     18     -8 (VIOLATED)
fanout515/X                              10     18     -8 (VIOLATED)
fanout566/X                              10     18     -8 (VIOLATED)
fanout606/X                              10     18     -8 (VIOLATED)
fanout622/X                              10     18     -8 (VIOLATED)
fanout627/X                              10     18     -8 (VIOLATED)
fanout631/X                              10     18     -8 (VIOLATED)
fanout639/X                              10     18     -8 (VIOLATED)
fanout693/X                              10     18     -8 (VIOLATED)
fanout721/X                              10     18     -8 (VIOLATED)
fanout725/X                              10     18     -8 (VIOLATED)
fanout728/X                              10     18     -8 (VIOLATED)
fanout763/X                              10     18     -8 (VIOLATED)
fanout795/X                              10     18     -8 (VIOLATED)
fanout809/X                              10     18     -8 (VIOLATED)
fanout812/X                              10     18     -8 (VIOLATED)
fanout836/X                              10     18     -8 (VIOLATED)
fanout849/X                              10     18     -8 (VIOLATED)
fanout855/X                              10     18     -8 (VIOLATED)
fanout858/X                              10     18     -8 (VIOLATED)
fanout899/X                              10     18     -8 (VIOLATED)
fanout909/X                              10     18     -8 (VIOLATED)
fanout925/X                              10     18     -8 (VIOLATED)
fanout942/X                              10     18     -8 (VIOLATED)
input64/X                                10     18     -8 (VIOLATED)
wire1205/X                               10     18     -8 (VIOLATED)
wire476/X                                10     18     -8 (VIOLATED)
wire480/X                                10     18     -8 (VIOLATED)
wire507/X                                10     18     -8 (VIOLATED)
wire663/X                                10     18     -8 (VIOLATED)
wire747/X                                10     18     -8 (VIOLATED)
wire888/X                                10     18     -8 (VIOLATED)
max_length498/X                          10     17     -7 (VIOLATED)
_20814_/Y                                10     16     -6 (VIOLATED)
_20853_/Y                                10     16     -6 (VIOLATED)
_20854_/Y                                10     16     -6 (VIOLATED)
_20878_/Y                                10     16     -6 (VIOLATED)
_20955_/X                                10     16     -6 (VIOLATED)
_21016_/Y                                10     16     -6 (VIOLATED)
_21141_/Y                                10     16     -6 (VIOLATED)
_21144_/Y                                10     16     -6 (VIOLATED)
_21208_/X                                10     16     -6 (VIOLATED)
_21252_/Y                                10     16     -6 (VIOLATED)
_21542_/Y                                10     16     -6 (VIOLATED)
_21620_/Y                                10     16     -6 (VIOLATED)
_21748_/Y                                10     16     -6 (VIOLATED)
_21821_/Y                                10     16     -6 (VIOLATED)
_21824_/X                                10     16     -6 (VIOLATED)
_22060_/Y                                10     16     -6 (VIOLATED)
_22159_/Y                                10     16     -6 (VIOLATED)
_22353_/Y                                10     16     -6 (VIOLATED)
_22813_/X                                10     16     -6 (VIOLATED)
_22815_/Y                                10     16     -6 (VIOLATED)
_22960_/X                                10     16     -6 (VIOLATED)
_23071_/Y                                10     16     -6 (VIOLATED)
_23225_/Y                                10     16     -6 (VIOLATED)
_23646_/Y                                10     16     -6 (VIOLATED)
_23796_/Y                                10     16     -6 (VIOLATED)
_24293_/X                                10     16     -6 (VIOLATED)
_24314_/Y                                10     16     -6 (VIOLATED)
_24819_/Y                                10     16     -6 (VIOLATED)
_25010_/X                                10     16     -6 (VIOLATED)
_25054_/Y                                10     16     -6 (VIOLATED)
_25470_/X                                10     16     -6 (VIOLATED)
_25799_/Y                                10     16     -6 (VIOLATED)
_25806_/X                                10     16     -6 (VIOLATED)
_27455_/Y                                10     16     -6 (VIOLATED)
_28926_/Y                                10     16     -6 (VIOLATED)
_32753_/X                                10     16     -6 (VIOLATED)
_32788_/Y                                10     16     -6 (VIOLATED)
_32789_/X                                10     16     -6 (VIOLATED)
clkbuf_1_0__f_clk/X                      10     16     -6 (VIOLATED)
clkbuf_1_1__f_clk/X                      10     16     -6 (VIOLATED)
fanout1027/X                             10     16     -6 (VIOLATED)
fanout1030/X                             10     16     -6 (VIOLATED)
fanout1059/X                             10     16     -6 (VIOLATED)
fanout1064/X                             10     16     -6 (VIOLATED)
fanout1140/X                             10     16     -6 (VIOLATED)
fanout1146/X                             10     16     -6 (VIOLATED)
fanout1147/X                             10     16     -6 (VIOLATED)
fanout1156/X                             10     16     -6 (VIOLATED)
fanout1202/X                             10     16     -6 (VIOLATED)
fanout1224/X                             10     16     -6 (VIOLATED)
fanout349/X                              10     16     -6 (VIOLATED)
fanout390/X                              10     16     -6 (VIOLATED)
fanout409/X                              10     16     -6 (VIOLATED)
fanout420/X                              10     16     -6 (VIOLATED)
fanout428/X                              10     16     -6 (VIOLATED)
fanout432/X                              10     16     -6 (VIOLATED)
fanout435/X                              10     16     -6 (VIOLATED)
fanout465/X                              10     16     -6 (VIOLATED)
fanout483/X                              10     16     -6 (VIOLATED)
fanout485/X                              10     16     -6 (VIOLATED)
fanout555/X                              10     16     -6 (VIOLATED)
fanout573/X                              10     16     -6 (VIOLATED)
fanout576/X                              10     16     -6 (VIOLATED)
fanout579/X                              10     16     -6 (VIOLATED)
fanout616/X                              10     16     -6 (VIOLATED)
fanout661/X                              10     16     -6 (VIOLATED)
fanout715/X                              10     16     -6 (VIOLATED)
fanout718/X                              10     16     -6 (VIOLATED)
fanout752/X                              10     16     -6 (VIOLATED)
fanout779/X                              10     16     -6 (VIOLATED)
fanout786/X                              10     16     -6 (VIOLATED)
fanout789/X                              10     16     -6 (VIOLATED)
fanout808/X                              10     16     -6 (VIOLATED)
fanout822/X                              10     16     -6 (VIOLATED)
fanout833/X                              10     16     -6 (VIOLATED)
fanout835/X                              10     16     -6 (VIOLATED)
fanout854/X                              10     16     -6 (VIOLATED)
fanout868/X                              10     16     -6 (VIOLATED)
fanout870/X                              10     16     -6 (VIOLATED)
fanout910/X                              10     16     -6 (VIOLATED)
fanout914/X                              10     16     -6 (VIOLATED)
fanout920/X                              10     16     -6 (VIOLATED)
fanout921/X                              10     16     -6 (VIOLATED)
fanout959/X                              10     16     -6 (VIOLATED)
input124/X                               10     16     -6 (VIOLATED)
input126/X                               10     16     -6 (VIOLATED)
input127/X                               10     16     -6 (VIOLATED)
input128/X                               10     16     -6 (VIOLATED)
input129/X                               10     16     -6 (VIOLATED)
input96/X                                10     16     -6 (VIOLATED)
wire1149/X                               10     16     -6 (VIOLATED)
wire1164/X                               10     16     -6 (VIOLATED)
wire1189/X                               10     16     -6 (VIOLATED)
wire1190/X                               10     16     -6 (VIOLATED)
wire1191/X                               10     16     -6 (VIOLATED)
wire1199/X                               10     16     -6 (VIOLATED)
wire1239/X                               10     16     -6 (VIOLATED)
wire348/X                                10     16     -6 (VIOLATED)
wire414/X                                10     16     -6 (VIOLATED)
wire494/X                                10     16     -6 (VIOLATED)
wire604/X                                10     16     -6 (VIOLATED)
wire609/X                                10     16     -6 (VIOLATED)
wire654/X                                10     16     -6 (VIOLATED)
wire657/X                                10     16     -6 (VIOLATED)
wire672/X                                10     16     -6 (VIOLATED)
wire894/X                                10     16     -6 (VIOLATED)
wire972/X                                10     16     -6 (VIOLATED)
_20803_/Y                                10     14     -4 (VIOLATED)
_20807_/Y                                10     14     -4 (VIOLATED)
_20815_/Y                                10     14     -4 (VIOLATED)
_20830_/Y                                10     14     -4 (VIOLATED)
_20856_/Y                                10     14     -4 (VIOLATED)
_20907_/Y                                10     14     -4 (VIOLATED)
_21205_/Y                                10     14     -4 (VIOLATED)
_21207_/X                                10     14     -4 (VIOLATED)
_21322_/Y                                10     14     -4 (VIOLATED)
_22040_/Y                                10     14     -4 (VIOLATED)
_22206_/X                                10     14     -4 (VIOLATED)
_22419_/Y                                10     14     -4 (VIOLATED)
_22518_/Y                                10     14     -4 (VIOLATED)
_22519_/X                                10     14     -4 (VIOLATED)
_22547_/X                                10     14     -4 (VIOLATED)
_22772_/X                                10     14     -4 (VIOLATED)
_22940_/Y                                10     14     -4 (VIOLATED)
_22941_/X                                10     14     -4 (VIOLATED)
_23257_/Y                                10     14     -4 (VIOLATED)
_23424_/X                                10     14     -4 (VIOLATED)
_23524_/Y                                10     14     -4 (VIOLATED)
_23747_/Y                                10     14     -4 (VIOLATED)
_24291_/Y                                10     14     -4 (VIOLATED)
_24316_/X                                10     14     -4 (VIOLATED)
_24771_/X                                10     14     -4 (VIOLATED)
_25169_/Y                                10     14     -4 (VIOLATED)
_25441_/Y                                10     14     -4 (VIOLATED)
_25472_/X                                10     14     -4 (VIOLATED)
_25643_/Y                                10     14     -4 (VIOLATED)
_26390_/Y                                10     14     -4 (VIOLATED)
_27573_/Y                                10     14     -4 (VIOLATED)
_27952_/Y                                10     14     -4 (VIOLATED)
_28449_/X                                10     14     -4 (VIOLATED)
_28738_/X                                10     14     -4 (VIOLATED)
_29415_/Y                                10     14     -4 (VIOLATED)
_30328_/X                                10     14     -4 (VIOLATED)
_31689_/Y                                10     14     -4 (VIOLATED)
_33580_/Y                                10     14     -4 (VIOLATED)
_34908_/X                                10     14     -4 (VIOLATED)
fanout1012/X                             10     14     -4 (VIOLATED)
fanout1016/X                             10     14     -4 (VIOLATED)
fanout1022/X                             10     14     -4 (VIOLATED)
fanout1075/X                             10     14     -4 (VIOLATED)
fanout1084/X                             10     14     -4 (VIOLATED)
fanout1141/X                             10     14     -4 (VIOLATED)
fanout1166/X                             10     14     -4 (VIOLATED)
fanout1207/X                             10     14     -4 (VIOLATED)
fanout1216/X                             10     14     -4 (VIOLATED)
fanout345/X                              10     14     -4 (VIOLATED)
fanout353/X                              10     14     -4 (VIOLATED)
fanout369/X                              10     14     -4 (VIOLATED)
fanout400/X                              10     14     -4 (VIOLATED)
fanout482/X                              10     14     -4 (VIOLATED)
fanout529/X                              10     14     -4 (VIOLATED)
fanout564/X                              10     14     -4 (VIOLATED)
fanout588/X                              10     14     -4 (VIOLATED)
fanout619/X                              10     14     -4 (VIOLATED)
fanout706/X                              10     14     -4 (VIOLATED)
fanout723/X                              10     14     -4 (VIOLATED)
fanout765/X                              10     14     -4 (VIOLATED)
fanout770/X                              10     14     -4 (VIOLATED)
fanout784/X                              10     14     -4 (VIOLATED)
fanout799/X                              10     14     -4 (VIOLATED)
fanout803/X                              10     14     -4 (VIOLATED)
fanout820/X                              10     14     -4 (VIOLATED)
fanout827/X                              10     14     -4 (VIOLATED)
fanout828/X                              10     14     -4 (VIOLATED)
fanout838/X                              10     14     -4 (VIOLATED)
fanout871/X                              10     14     -4 (VIOLATED)
fanout901/X                              10     14     -4 (VIOLATED)
fanout931/X                              10     14     -4 (VIOLATED)
fanout947/X                              10     14     -4 (VIOLATED)
fanout954/X                              10     14     -4 (VIOLATED)
fanout965/X                              10     14     -4 (VIOLATED)
input130/X                               10     14     -4 (VIOLATED)
input45/X                                10     14     -4 (VIOLATED)
input65/X                                10     14     -4 (VIOLATED)
input81/X                                10     14     -4 (VIOLATED)
wire1186/X                               10     14     -4 (VIOLATED)
wire296/X                                10     14     -4 (VIOLATED)
wire331/X                                10     14     -4 (VIOLATED)
wire403/X                                10     14     -4 (VIOLATED)
wire510/X                                10     14     -4 (VIOLATED)
wire682/X                                10     14     -4 (VIOLATED)
wire688/X                                10     14     -4 (VIOLATED)
wire697/X                                10     14     -4 (VIOLATED)
wire711/X                                10     14     -4 (VIOLATED)
wire738/X                                10     14     -4 (VIOLATED)
wire843/X                                10     14     -4 (VIOLATED)
wire903/X                                10     14     -4 (VIOLATED)
wire928/X                                10     14     -4 (VIOLATED)
wire945/X                                10     14     -4 (VIOLATED)
_20779_/Y                                10     12     -2 (VIOLATED)
_20797_/Y                                10     12     -2 (VIOLATED)
_20804_/Y                                10     12     -2 (VIOLATED)
_20812_/Y                                10     12     -2 (VIOLATED)
_20813_/Y                                10     12     -2 (VIOLATED)
_20818_/Y                                10     12     -2 (VIOLATED)
_20836_/Y                                10     12     -2 (VIOLATED)
_20860_/X                                10     12     -2 (VIOLATED)
_20861_/X                                10     12     -2 (VIOLATED)
_20865_/X                                10     12     -2 (VIOLATED)
_21143_/X                                10     12     -2 (VIOLATED)
_21244_/X                                10     12     -2 (VIOLATED)
_21245_/Y                                10     12     -2 (VIOLATED)
_21248_/Y                                10     12     -2 (VIOLATED)
_21251_/X                                10     12     -2 (VIOLATED)
_21279_/Y                                10     12     -2 (VIOLATED)
_21553_/Y                                10     12     -2 (VIOLATED)
_21578_/X                                10     12     -2 (VIOLATED)
_21683_/Y                                10     12     -2 (VIOLATED)
_21718_/Y                                10     12     -2 (VIOLATED)
_21739_/Y                                10     12     -2 (VIOLATED)
_21842_/Y                                10     12     -2 (VIOLATED)
_21875_/X                                10     12     -2 (VIOLATED)
_22056_/Y                                10     12     -2 (VIOLATED)
_22112_/Y                                10     12     -2 (VIOLATED)
_22251_/Y                                10     12     -2 (VIOLATED)
_22387_/Y                                10     12     -2 (VIOLATED)
_22393_/X                                10     12     -2 (VIOLATED)
_22430_/Y                                10     12     -2 (VIOLATED)
_22511_/Y                                10     12     -2 (VIOLATED)
_22592_/Y                                10     12     -2 (VIOLATED)
_22751_/X                                10     12     -2 (VIOLATED)
_22770_/Y                                10     12     -2 (VIOLATED)
_22946_/Y                                10     12     -2 (VIOLATED)
_22953_/Y                                10     12     -2 (VIOLATED)
_22991_/Y                                10     12     -2 (VIOLATED)
_23074_/X                                10     12     -2 (VIOLATED)
_23232_/Y                                10     12     -2 (VIOLATED)
_24497_/X                                10     12     -2 (VIOLATED)
_24620_/Y                                10     12     -2 (VIOLATED)
_24820_/Y                                10     12     -2 (VIOLATED)
_25804_/Y                                10     12     -2 (VIOLATED)
_25807_/Y                                10     12     -2 (VIOLATED)
_25847_/X                                10     12     -2 (VIOLATED)
_25875_/X                                10     12     -2 (VIOLATED)
_25876_/X                                10     12     -2 (VIOLATED)
_25955_/Y                                10     12     -2 (VIOLATED)
_26393_/Y                                10     12     -2 (VIOLATED)
_26794_/Y                                10     12     -2 (VIOLATED)
_27380_/Y                                10     12     -2 (VIOLATED)
_28397_/X                                10     12     -2 (VIOLATED)
_28573_/X                                10     12     -2 (VIOLATED)
_28808_/Y                                10     12     -2 (VIOLATED)
_29004_/Y                                10     12     -2 (VIOLATED)
_29127_/X                                10     12     -2 (VIOLATED)
_29567_/Y                                10     12     -2 (VIOLATED)
_30809_/X                                10     12     -2 (VIOLATED)
_31200_/X                                10     12     -2 (VIOLATED)
_32253_/Y                                10     12     -2 (VIOLATED)
_34417_/X                                10     12     -2 (VIOLATED)
_34418_/Y                                10     12     -2 (VIOLATED)
_34906_/Y                                10     12     -2 (VIOLATED)
_38683_/Y                                10     12     -2 (VIOLATED)
_38731_/X                                10     12     -2 (VIOLATED)
fanout1004/X                             10     12     -2 (VIOLATED)
fanout1006/X                             10     12     -2 (VIOLATED)
fanout1010/X                             10     12     -2 (VIOLATED)
fanout1011/X                             10     12     -2 (VIOLATED)
fanout1019/X                             10     12     -2 (VIOLATED)
fanout1028/X                             10     12     -2 (VIOLATED)
fanout1034/X                             10     12     -2 (VIOLATED)
fanout1081/X                             10     12     -2 (VIOLATED)
fanout1090/X                             10     12     -2 (VIOLATED)
fanout1092/X                             10     12     -2 (VIOLATED)
fanout1110/X                             10     12     -2 (VIOLATED)
fanout1116/X                             10     12     -2 (VIOLATED)
fanout1120/X                             10     12     -2 (VIOLATED)
fanout1126/X                             10     12     -2 (VIOLATED)
fanout1134/X                             10     12     -2 (VIOLATED)
fanout1197/X                             10     12     -2 (VIOLATED)
fanout1218/X                             10     12     -2 (VIOLATED)
fanout1223/X                             10     12     -2 (VIOLATED)
fanout1226/X                             10     12     -2 (VIOLATED)
fanout356/X                              10     12     -2 (VIOLATED)
fanout358/X                              10     12     -2 (VIOLATED)
fanout388/X                              10     12     -2 (VIOLATED)
fanout404/X                              10     12     -2 (VIOLATED)
fanout407/X                              10     12     -2 (VIOLATED)
fanout411/X                              10     12     -2 (VIOLATED)
fanout424/X                              10     12     -2 (VIOLATED)
fanout455/X                              10     12     -2 (VIOLATED)
fanout457/X                              10     12     -2 (VIOLATED)
fanout544/X                              10     12     -2 (VIOLATED)
fanout550/X                              10     12     -2 (VIOLATED)
fanout582/X                              10     12     -2 (VIOLATED)
fanout613/X                              10     12     -2 (VIOLATED)
fanout621/X                              10     12     -2 (VIOLATED)
fanout624/X                              10     12     -2 (VIOLATED)
fanout630/X                              10     12     -2 (VIOLATED)
fanout645/X                              10     12     -2 (VIOLATED)
fanout679/X                              10     12     -2 (VIOLATED)
fanout684/X                              10     12     -2 (VIOLATED)
fanout703/X                              10     12     -2 (VIOLATED)
fanout749/X                              10     12     -2 (VIOLATED)
fanout750/X                              10     12     -2 (VIOLATED)
fanout783/X                              10     12     -2 (VIOLATED)
fanout787/X                              10     12     -2 (VIOLATED)
fanout816/X                              10     12     -2 (VIOLATED)
fanout825/X                              10     12     -2 (VIOLATED)
fanout830/X                              10     12     -2 (VIOLATED)
fanout831/X                              10     12     -2 (VIOLATED)
fanout864/X                              10     12     -2 (VIOLATED)
fanout911/X                              10     12     -2 (VIOLATED)
fanout918/X                              10     12     -2 (VIOLATED)
fanout933/X                              10     12     -2 (VIOLATED)
fanout938/X                              10     12     -2 (VIOLATED)
fanout963/X                              10     12     -2 (VIOLATED)
fanout966/X                              10     12     -2 (VIOLATED)
fanout967/X                              10     12     -2 (VIOLATED)
fanout981/X                              10     12     -2 (VIOLATED)
input114/X                               10     12     -2 (VIOLATED)
input132/X                               10     12     -2 (VIOLATED)
input210/X                               10     12     -2 (VIOLATED)
input236/X                               10     12     -2 (VIOLATED)
max_length1044/X                         10     12     -2 (VIOLATED)
max_length1152/X                         10     12     -2 (VIOLATED)
max_length1174/X                         10     12     -2 (VIOLATED)
max_length1232/X                         10     12     -2 (VIOLATED)
wire1123/X                               10     12     -2 (VIOLATED)
wire1129/X                               10     12     -2 (VIOLATED)
wire1136/X                               10     12     -2 (VIOLATED)
wire1143/X                               10     12     -2 (VIOLATED)
wire1159/X                               10     12     -2 (VIOLATED)
wire1204/X                               10     12     -2 (VIOLATED)
wire1211/X                               10     12     -2 (VIOLATED)
wire1212/X                               10     12     -2 (VIOLATED)
wire1213/X                               10     12     -2 (VIOLATED)
wire1214/X                               10     12     -2 (VIOLATED)
wire1230/X                               10     12     -2 (VIOLATED)
wire1231/X                               10     12     -2 (VIOLATED)
wire1234/X                               10     12     -2 (VIOLATED)
wire1236/X                               10     12     -2 (VIOLATED)
wire305/X                                10     12     -2 (VIOLATED)
wire321/X                                10     12     -2 (VIOLATED)
wire324/X                                10     12     -2 (VIOLATED)
wire327/X                                10     12     -2 (VIOLATED)
wire387/X                                10     12     -2 (VIOLATED)
wire479/X                                10     12     -2 (VIOLATED)
wire552/X                                10     12     -2 (VIOLATED)
wire652/X                                10     12     -2 (VIOLATED)
wire734/X                                10     12     -2 (VIOLATED)
wire743/X                                10     12     -2 (VIOLATED)
wire758/X                                10     12     -2 (VIOLATED)
wire767/X                                10     12     -2 (VIOLATED)
wire805/X                                10     12     -2 (VIOLATED)
wire846/X                                10     12     -2 (VIOLATED)
wire881/X                                10     12     -2 (VIOLATED)
wire997/X                                10     12     -2 (VIOLATED)



===========================================================================
report_parasitic_annotation -report_unannotated
============================================================================
Found 6 unannotated drivers.
 input_data[15]
 input_data[175]
 input_data[191]
 input_data[223]
 input_data[238]
 input_data[239]
Found 0 partially unannotated drivers.

===========================================================================
max slew violation count 0
max fanout violation count 720
max cap violation count 0
============================================================================

===========================================================================
check_setup -verbose -unconstrained_endpoints -multiple_clock -no_clock -no_input_delay -loops -generated_clocks
===========================================================================
