Reading OpenROAD database at '/mnt/d/APIC/FIR_Openlane/highpass/runs/RUN_2024-06-16_22-52-55/17-openroad-tapendcapinsertion/highpass.odb'…
Reading library file at '/home/nurwiyoso14/.volare/volare/sky130/versions/bdc9412b3e468c102d01b7cf6337be06ec6e9c9a/sky130A/libs.ref/sky130_fd_sc_hd/lib/sky130_fd_sc_hd__tt_025C_1v80.lib'…
Reading design constraints file at '/nix/store/ly0xjc8f0gmgmckxcrs0bw8vqc9gf9bk-python3-3.11.6-env/lib/python3.11/site-packages/openlane/scripts/base.sdc'…
[INFO] Using clock clk…
[INFO] Setting output delay to: 5
[INFO] Setting input delay to: 5
[INFO] Setting load to: 0.033442
[INFO] Setting clock uncertainty to: 0.25
[INFO] Setting clock transition to: 0.1499999999999999944488848768742172978818416595458984375
[INFO] Setting timing derate to: 5%
[INFO] Setting global connections...
[INFO PDN-0001] Inserting grid: stdcell_grid
Setting global connections for newly added cells…
[INFO] Setting global connections...
Writing OpenROAD database to '/mnt/d/APIC/FIR_Openlane/highpass/runs/RUN_2024-06-16_22-52-55/19-openroad-generatepdn/highpass.odb'…
Writing netlist to '/mnt/d/APIC/FIR_Openlane/highpass/runs/RUN_2024-06-16_22-52-55/19-openroad-generatepdn/highpass.nl.v'…
Writing powered netlist to '/mnt/d/APIC/FIR_Openlane/highpass/runs/RUN_2024-06-16_22-52-55/19-openroad-generatepdn/highpass.pnl.v'…
Writing layout to '/mnt/d/APIC/FIR_Openlane/highpass/runs/RUN_2024-06-16_22-52-55/19-openroad-generatepdn/highpass.def'…
Writing timing constraints to '/mnt/d/APIC/FIR_Openlane/highpass/runs/RUN_2024-06-16_22-52-55/19-openroad-generatepdn/highpass.sdc'…
[INFO PSM-0076] Setting metal node density to be standard cell height times 5.
[INFO PSM-0031] Number of PDN nodes on net VPWR = 5163.
[INFO PSM-0064] Number of voltage sources = 129.
[INFO PSM-0040] All PDN stripes on net VPWR are connected.
[INFO PSM-0076] Setting metal node density to be standard cell height times 5.
[INFO PSM-0031] Number of PDN nodes on net VGND = 5163.
[INFO PSM-0064] Number of voltage sources = 129.
[INFO PSM-0040] All PDN stripes on net VGND are connected.
