
===========================================================================
report_checks -unconstrained
===========================================================================
======================= nom_tt_025C_1v80 Corner ===================================

Startpoint: input_data[2] (input port clocked by clk)
Endpoint: _22395_ (rising edge-triggered flip-flop clocked by clk)
Path Group: clk
Path Type: max

Fanout         Cap        Slew       Delay        Time   Description
---------------------------------------------------------------------------------------------
                                  0.000000    0.000000   clock clk (rise edge)
                                  0.000000    0.000000   clock network delay (propagated)
                                  5.000000    5.000000 ^ input external delay
     2    0.024765    0.116638    0.081913    5.081913 ^ input_data[2] (in)
                                                         input_data[2] (net)
                      0.116753    0.000000    5.081913 ^ input142/A (sky130_fd_sc_hd__clkbuf_4)
     5    0.076884    0.231683    0.296037    5.377949 ^ input142/X (sky130_fd_sc_hd__clkbuf_4)
                                                         net142 (net)
                      0.231851    0.005151    5.383101 ^ fanout539/A (sky130_fd_sc_hd__clkbuf_4)
    18    0.091151    0.274683    0.355680    5.738780 ^ fanout539/X (sky130_fd_sc_hd__clkbuf_4)
                                                         net539 (net)
                      0.274688    0.001010    5.739790 ^ fanout538/A (sky130_fd_sc_hd__clkbuf_4)
    16    0.062645    0.192130    0.318697    6.058487 ^ fanout538/X (sky130_fd_sc_hd__clkbuf_4)
                                                         net538 (net)
                      0.192144    0.001362    6.059849 ^ fanout537/A (sky130_fd_sc_hd__buf_2)
    14    0.053682    0.261937    0.307638    6.367487 ^ fanout537/X (sky130_fd_sc_hd__buf_2)
                                                         net537 (net)
                      0.262024    0.003952    6.371439 ^ fanout536/A (sky130_fd_sc_hd__buf_6)
    20    0.102509    0.206083    0.266644    6.638083 ^ fanout536/X (sky130_fd_sc_hd__buf_6)
                                                         net536 (net)
                      0.207184    0.012227    6.650310 ^ _13197_/B (sky130_fd_sc_hd__xor2_4)
    12    0.063199    0.459180    0.425046    7.075356 ^ _13197_/X (sky130_fd_sc_hd__xor2_4)
                                                         _02677_ (net)
                      0.459186    0.001396    7.076752 ^ _13344_/A2 (sky130_fd_sc_hd__o211a_1)
     3    0.012447    0.116208    0.254634    7.331386 ^ _13344_/X (sky130_fd_sc_hd__o211a_1)
                                                         _02825_ (net)
                      0.116209    0.000298    7.331684 ^ _13347_/A_N (sky130_fd_sc_hd__and4bb_1)
     3    0.008930    0.066114    0.224306    7.555990 v _13347_/X (sky130_fd_sc_hd__and4bb_1)
                                                         _02829_ (net)
                      0.066116    0.000260    7.556250 v _13352_/A (sky130_fd_sc_hd__or3_1)
     2    0.004686    0.075406    0.384317    7.940567 v _13352_/X (sky130_fd_sc_hd__or3_1)
                                                         _02834_ (net)
                      0.075406    0.000122    7.940689 v _13374_/A (sky130_fd_sc_hd__and2_1)
     2    0.008174    0.057490    0.169947    8.110636 v _13374_/X (sky130_fd_sc_hd__and2_1)
                                                         _02858_ (net)
                      0.057492    0.000276    8.110912 v _13383_/B (sky130_fd_sc_hd__xor2_1)
     2    0.008278    0.207833    0.202913    8.313826 ^ _13383_/X (sky130_fd_sc_hd__xor2_1)
                                                         _02868_ (net)
                      0.207833    0.000182    8.314008 ^ _13385_/B (sky130_fd_sc_hd__xor2_1)
     2    0.010595    0.249845    0.267992    8.582000 ^ _13385_/X (sky130_fd_sc_hd__xor2_1)
                                                         _02870_ (net)
                      0.249845    0.000238    8.582237 ^ _13388_/B (sky130_fd_sc_hd__xnor2_1)
     2    0.005802    0.078739    0.121848    8.704085 v _13388_/Y (sky130_fd_sc_hd__xnor2_1)
                                                         _02874_ (net)
                      0.078739    0.000147    8.704233 v _13403_/A1 (sky130_fd_sc_hd__a211o_1)
     2    0.004950    0.057602    0.275327    8.979561 v _13403_/X (sky130_fd_sc_hd__a211o_1)
                                                         _02890_ (net)
                      0.057603    0.000123    8.979683 v _13404_/A2 (sky130_fd_sc_hd__a21o_1)
     2    0.019017    0.099333    0.242724    9.222407 v _13404_/X (sky130_fd_sc_hd__a21o_1)
                                                         _02891_ (net)
                      0.099335    0.000369    9.222775 v _13405_/B1 (sky130_fd_sc_hd__o21ai_4)
     2    0.023597    0.210273    0.116634    9.339410 ^ _13405_/Y (sky130_fd_sc_hd__o21ai_4)
                                                         _02892_ (net)
                      0.210276    0.000608    9.340017 ^ _17079_/A1 (sky130_fd_sc_hd__a21o_1)
     1    0.004121    0.048897    0.149269    9.489286 ^ _17079_/X (sky130_fd_sc_hd__a21o_1)
                                                         _06933_ (net)
                      0.048898    0.000142    9.489429 ^ _17080_/A2 (sky130_fd_sc_hd__a21oi_1)
     2    0.008354    0.075861    0.088855    9.578283 v _17080_/Y (sky130_fd_sc_hd__a21oi_1)
                                                         _06934_ (net)
                      0.075863    0.000361    9.578645 v _17081_/B (sky130_fd_sc_hd__or2_2)
     3    0.023248    0.105789    0.351890    9.930535 v _17081_/X (sky130_fd_sc_hd__or2_2)
                                                         _06935_ (net)
                      0.105799    0.000846    9.931381 v _17083_/A (sky130_fd_sc_hd__nand2_4)
     8    0.066254    0.201272    0.195115   10.126496 ^ _17083_/Y (sky130_fd_sc_hd__nand2_4)
                                                         _06937_ (net)
                      0.201434    0.004639   10.131135 ^ _17093_/A (sky130_fd_sc_hd__xnor2_1)
     2    0.006518    0.080782    0.125443   10.256578 v _17093_/Y (sky130_fd_sc_hd__xnor2_1)
                                                         _06948_ (net)
                      0.080782    0.000118   10.256697 v _17094_/B (sky130_fd_sc_hd__or2_2)
     3    0.022504    0.103860    0.351896   10.608593 v _17094_/X (sky130_fd_sc_hd__or2_2)
                                                         _06949_ (net)
                      0.103865    0.000632   10.609225 v _17097_/A1 (sky130_fd_sc_hd__a211oi_4)
     4    0.057114    0.645618    0.600060   11.209286 ^ _17097_/Y (sky130_fd_sc_hd__a211oi_4)
                                                         _06953_ (net)
                      0.645636    0.002855   11.212141 ^ _17098_/C (sky130_fd_sc_hd__nor3_1)
     2    0.007804    0.144669    0.152622   11.364763 v _17098_/Y (sky130_fd_sc_hd__nor3_1)
                                                         _06954_ (net)
                      0.144669    0.000234   11.364997 v max_cap241/A (sky130_fd_sc_hd__buf_1)
     2    0.009195    0.060674    0.158713   11.523710 v max_cap241/X (sky130_fd_sc_hd__buf_1)
                                                         net241 (net)
                      0.060675    0.000220   11.523931 v _17100_/B1 (sky130_fd_sc_hd__a211o_1)
     3    0.013791    0.096005    0.325746   11.849676 v _17100_/X (sky130_fd_sc_hd__a211o_1)
                                                         _06956_ (net)
                      0.096013    0.000749   11.850425 v _17103_/B1 (sky130_fd_sc_hd__a22o_1)
     2    0.008349    0.065449    0.222833   12.073258 v _17103_/X (sky130_fd_sc_hd__a22o_1)
                                                         _06959_ (net)
                      0.065451    0.000290   12.073548 v _17105_/A2 (sky130_fd_sc_hd__a211oi_1)
     2    0.009022    0.350842    0.364019   12.437568 ^ _17105_/Y (sky130_fd_sc_hd__a211oi_1)
                                                         _06961_ (net)
                      0.350842    0.000354   12.437922 ^ _17106_/C (sky130_fd_sc_hd__nor3_1)
     2    0.006592    0.093766    0.114206   12.552128 v _17106_/Y (sky130_fd_sc_hd__nor3_1)
                                                         _06962_ (net)
                      0.093766    0.000148   12.552276 v max_cap238/A (sky130_fd_sc_hd__buf_1)
     2    0.009441    0.061504    0.139396   12.691672 v max_cap238/X (sky130_fd_sc_hd__buf_1)
                                                         net238 (net)
                      0.061506    0.000338   12.692011 v _17108_/B1 (sky130_fd_sc_hd__a211o_1)
     3    0.011368    0.085783    0.315672   13.007683 v _17108_/X (sky130_fd_sc_hd__a211o_1)
                                                         _06965_ (net)
                      0.085784    0.000265   13.007947 v _17111_/A1 (sky130_fd_sc_hd__a211o_1)
     3    0.013128    0.093047    0.320005   13.327952 v _17111_/X (sky130_fd_sc_hd__a211o_1)
                                                         _06968_ (net)
                      0.093052    0.000544   13.328497 v _17113_/B (sky130_fd_sc_hd__and3_1)
     2    0.006747    0.053947    0.199798   13.528296 v _17113_/X (sky130_fd_sc_hd__and3_1)
                                                         _06970_ (net)
                      0.053948    0.000209   13.528504 v _17116_/B1 (sky130_fd_sc_hd__a211o_2)
     6    0.048489    0.147796    0.429312   13.957816 v _17116_/X (sky130_fd_sc_hd__a211o_2)
                                                         _06973_ (net)
                      0.147805    0.000969   13.958785 v _18257_/A2 (sky130_fd_sc_hd__a21o_1)
     3    0.009174    0.059649    0.241277   14.200062 v _18257_/X (sky130_fd_sc_hd__a21o_1)
                                                         _08228_ (net)
                      0.059650    0.000187   14.200249 v _19506_/A2 (sky130_fd_sc_hd__a21oi_1)
     3    0.014062    0.315950    0.300782   14.501030 ^ _19506_/Y (sky130_fd_sc_hd__a21oi_1)
                                                         _09600_ (net)
                      0.315951    0.000389   14.501419 ^ _21134_/A2 (sky130_fd_sc_hd__o21ai_2)
     3    0.013798    0.102741    0.127797   14.629216 v _21134_/Y (sky130_fd_sc_hd__o21ai_2)
                                                         _00211_ (net)
                      0.102742    0.000251   14.629468 v _21911_/B (sky130_fd_sc_hd__and3_1)
     1    0.004536    0.044246    0.193437   14.822906 v _21911_/X (sky130_fd_sc_hd__and3_1)
                                                         _01065_ (net)
                      0.044247    0.000153   14.823058 v _21913_/B (sky130_fd_sc_hd__or3_2)
     2    0.034658    0.171662    0.572590   15.395648 v _21913_/X (sky130_fd_sc_hd__or3_2)
                                                         _01067_ (net)
                      0.171824    0.004423   15.400071 v _21914_/A3 (sky130_fd_sc_hd__a31o_1)
     1    0.012564    0.078403    0.306859   15.706929 v _21914_/X (sky130_fd_sc_hd__a31o_1)
                                                         _01068_ (net)
                      0.078413    0.000737   15.707666 v _22033_/A2 (sky130_fd_sc_hd__o21a_1)
     2    0.023424    0.125613    0.263089   15.970756 v _22033_/X (sky130_fd_sc_hd__o21a_1)
                                                         _01199_ (net)
                      0.125659    0.002002   15.972757 v _22196_/A1 (sky130_fd_sc_hd__o22a_1)
     1    0.006456    0.062201    0.253515   16.226273 v _22196_/X (sky130_fd_sc_hd__o22a_1)
                                                         _01378_ (net)
                      0.062203    0.000265   16.226538 v _22243_/A2 (sky130_fd_sc_hd__o21ba_1)
     1    0.003161    0.037096    0.171257   16.397795 v _22243_/X (sky130_fd_sc_hd__o21ba_1)
                                                         _01430_ (net)
                      0.037097    0.000094   16.397888 v _22245_/B1 (sky130_fd_sc_hd__o32a_1)
     1    0.003591    0.055865    0.168123   16.566011 v _22245_/X (sky130_fd_sc_hd__o32a_1)
                                                         _00005_ (net)
                      0.055865    0.000121   16.566132 v _22395_/D (sky130_fd_sc_hd__dfxtp_4)
                                             16.566132   data arrival time

                                 25.000000   25.000000   clock clk (rise edge)
                                  0.000000   25.000000   clock source latency
     2    0.086185    0.392344    0.282578   25.282578 ^ clk (in)
                                                         clk (net)
                      0.395337    0.000000   25.282578 ^ clkbuf_0_clk/A (sky130_fd_sc_hd__clkbuf_16)
     2    0.023510    0.051792    0.225404   25.507980 ^ clkbuf_0_clk/X (sky130_fd_sc_hd__clkbuf_16)
                                                         clknet_0_clk (net)
                      0.051805    0.000604   25.508585 ^ clkbuf_1_1__f_clk/A (sky130_fd_sc_hd__clkbuf_16)
     9    0.037030    0.057122    0.141466   25.650049 ^ clkbuf_1_1__f_clk/X (sky130_fd_sc_hd__clkbuf_16)
                                                         clknet_1_1__leaf_clk (net)
                      0.057179    0.001240   25.651289 ^ _22395_/CLK (sky130_fd_sc_hd__dfxtp_4)
                                 -0.250000   25.401291   clock uncertainty
                                  0.000000   25.401291   clock reconvergence pessimism
                                 -0.113900   25.287390   library setup time
                                             25.287390   data required time
---------------------------------------------------------------------------------------------
                                             25.287390   data required time
                                            -16.566132   data arrival time
---------------------------------------------------------------------------------------------
                                              8.721258   slack (MET)




===========================================================================
report_checks --slack_max -0.01
============================================================================
======================= nom_tt_025C_1v80 Corner ===================================

No paths found.


===========================================================================
 report_check_types -max_slew -max_cap -max_fanout -violators
============================================================================
======================= nom_tt_025C_1v80 Corner ===================================

max fanout

Pin                                   Limit Fanout  Slack
---------------------------------------------------------
_11446_/Y                                10     20    -10 (VIOLATED)
_11543_/Y                                10     20    -10 (VIOLATED)
_11758_/Y                                10     20    -10 (VIOLATED)
_12250_/X                                10     20    -10 (VIOLATED)
_13115_/X                                10     20    -10 (VIOLATED)
_13155_/Y                                10     20    -10 (VIOLATED)
_14753_/Y                                10     20    -10 (VIOLATED)
_15566_/Y                                10     20    -10 (VIOLATED)
_16075_/Y                                10     20    -10 (VIOLATED)
_16517_/Y                                10     20    -10 (VIOLATED)
fanout251/X                              10     20    -10 (VIOLATED)
fanout252/X                              10     20    -10 (VIOLATED)
fanout253/X                              10     20    -10 (VIOLATED)
fanout255/X                              10     20    -10 (VIOLATED)
fanout256/X                              10     20    -10 (VIOLATED)
fanout258/X                              10     20    -10 (VIOLATED)
fanout259/X                              10     20    -10 (VIOLATED)
fanout260/X                              10     20    -10 (VIOLATED)
fanout261/X                              10     20    -10 (VIOLATED)
fanout262/X                              10     20    -10 (VIOLATED)
fanout264/X                              10     20    -10 (VIOLATED)
fanout266/X                              10     20    -10 (VIOLATED)
fanout267/X                              10     20    -10 (VIOLATED)
fanout268/X                              10     20    -10 (VIOLATED)
fanout270/X                              10     20    -10 (VIOLATED)
fanout272/X                              10     20    -10 (VIOLATED)
fanout275/X                              10     20    -10 (VIOLATED)
fanout276/X                              10     20    -10 (VIOLATED)
fanout283/X                              10     20    -10 (VIOLATED)
fanout284/X                              10     20    -10 (VIOLATED)
fanout288/X                              10     20    -10 (VIOLATED)
fanout291/X                              10     20    -10 (VIOLATED)
fanout292/X                              10     20    -10 (VIOLATED)
fanout293/X                              10     20    -10 (VIOLATED)
fanout294/X                              10     20    -10 (VIOLATED)
fanout295/X                              10     20    -10 (VIOLATED)
fanout297/X                              10     20    -10 (VIOLATED)
fanout300/X                              10     20    -10 (VIOLATED)
fanout303/X                              10     20    -10 (VIOLATED)
fanout306/X                              10     20    -10 (VIOLATED)
fanout307/X                              10     20    -10 (VIOLATED)
fanout311/X                              10     20    -10 (VIOLATED)
fanout312/X                              10     20    -10 (VIOLATED)
fanout313/X                              10     20    -10 (VIOLATED)
fanout314/X                              10     20    -10 (VIOLATED)
fanout315/X                              10     20    -10 (VIOLATED)
fanout316/X                              10     20    -10 (VIOLATED)
fanout321/X                              10     20    -10 (VIOLATED)
fanout322/X                              10     20    -10 (VIOLATED)
fanout324/X                              10     20    -10 (VIOLATED)
fanout325/X                              10     20    -10 (VIOLATED)
fanout326/X                              10     20    -10 (VIOLATED)
fanout328/X                              10     20    -10 (VIOLATED)
fanout329/X                              10     20    -10 (VIOLATED)
fanout331/X                              10     20    -10 (VIOLATED)
fanout337/X                              10     20    -10 (VIOLATED)
fanout338/X                              10     20    -10 (VIOLATED)
fanout342/X                              10     20    -10 (VIOLATED)
fanout346/X                              10     20    -10 (VIOLATED)
fanout347/X                              10     20    -10 (VIOLATED)
fanout348/X                              10     20    -10 (VIOLATED)
fanout349/X                              10     20    -10 (VIOLATED)
fanout352/X                              10     20    -10 (VIOLATED)
fanout360/X                              10     20    -10 (VIOLATED)
fanout361/X                              10     20    -10 (VIOLATED)
fanout364/X                              10     20    -10 (VIOLATED)
fanout365/X                              10     20    -10 (VIOLATED)
fanout366/X                              10     20    -10 (VIOLATED)
fanout367/X                              10     20    -10 (VIOLATED)
fanout370/X                              10     20    -10 (VIOLATED)
fanout371/X                              10     20    -10 (VIOLATED)
fanout373/X                              10     20    -10 (VIOLATED)
fanout377/X                              10     20    -10 (VIOLATED)
fanout380/X                              10     20    -10 (VIOLATED)
fanout381/X                              10     20    -10 (VIOLATED)
fanout382/X                              10     20    -10 (VIOLATED)
fanout383/X                              10     20    -10 (VIOLATED)
fanout386/X                              10     20    -10 (VIOLATED)
fanout389/X                              10     20    -10 (VIOLATED)
fanout390/X                              10     20    -10 (VIOLATED)
fanout392/X                              10     20    -10 (VIOLATED)
fanout398/X                              10     20    -10 (VIOLATED)
fanout400/X                              10     20    -10 (VIOLATED)
fanout402/X                              10     20    -10 (VIOLATED)
fanout405/X                              10     20    -10 (VIOLATED)
fanout406/X                              10     20    -10 (VIOLATED)
fanout408/X                              10     20    -10 (VIOLATED)
fanout412/X                              10     20    -10 (VIOLATED)
fanout413/X                              10     20    -10 (VIOLATED)
fanout421/X                              10     20    -10 (VIOLATED)
fanout425/X                              10     20    -10 (VIOLATED)
fanout427/X                              10     20    -10 (VIOLATED)
fanout429/X                              10     20    -10 (VIOLATED)
fanout434/X                              10     20    -10 (VIOLATED)
fanout435/X                              10     20    -10 (VIOLATED)
fanout437/X                              10     20    -10 (VIOLATED)
fanout440/X                              10     20    -10 (VIOLATED)
fanout443/X                              10     20    -10 (VIOLATED)
fanout444/X                              10     20    -10 (VIOLATED)
fanout445/X                              10     20    -10 (VIOLATED)
fanout448/X                              10     20    -10 (VIOLATED)
fanout450/X                              10     20    -10 (VIOLATED)
fanout451/X                              10     20    -10 (VIOLATED)
fanout452/X                              10     20    -10 (VIOLATED)
fanout453/X                              10     20    -10 (VIOLATED)
fanout455/X                              10     20    -10 (VIOLATED)
fanout457/X                              10     20    -10 (VIOLATED)
fanout458/X                              10     20    -10 (VIOLATED)
fanout459/X                              10     20    -10 (VIOLATED)
fanout460/X                              10     20    -10 (VIOLATED)
fanout462/X                              10     20    -10 (VIOLATED)
fanout467/X                              10     20    -10 (VIOLATED)
fanout475/X                              10     20    -10 (VIOLATED)
fanout479/X                              10     20    -10 (VIOLATED)
fanout481/X                              10     20    -10 (VIOLATED)
fanout487/X                              10     20    -10 (VIOLATED)
fanout490/X                              10     20    -10 (VIOLATED)
fanout493/X                              10     20    -10 (VIOLATED)
fanout497/X                              10     20    -10 (VIOLATED)
fanout498/X                              10     20    -10 (VIOLATED)
fanout500/X                              10     20    -10 (VIOLATED)
fanout501/X                              10     20    -10 (VIOLATED)
fanout503/X                              10     20    -10 (VIOLATED)
fanout504/X                              10     20    -10 (VIOLATED)
fanout506/X                              10     20    -10 (VIOLATED)
fanout508/X                              10     20    -10 (VIOLATED)
fanout510/X                              10     20    -10 (VIOLATED)
fanout512/X                              10     20    -10 (VIOLATED)
fanout514/X                              10     20    -10 (VIOLATED)
fanout517/X                              10     20    -10 (VIOLATED)
fanout520/X                              10     20    -10 (VIOLATED)
fanout521/X                              10     20    -10 (VIOLATED)
fanout522/X                              10     20    -10 (VIOLATED)
fanout523/X                              10     20    -10 (VIOLATED)
fanout526/X                              10     20    -10 (VIOLATED)
fanout528/X                              10     20    -10 (VIOLATED)
fanout529/X                              10     20    -10 (VIOLATED)
fanout533/X                              10     20    -10 (VIOLATED)
fanout535/X                              10     20    -10 (VIOLATED)
fanout536/X                              10     20    -10 (VIOLATED)
fanout540/X                              10     20    -10 (VIOLATED)
fanout559/X                              10     20    -10 (VIOLATED)
fanout560/X                              10     20    -10 (VIOLATED)
fanout563/X                              10     20    -10 (VIOLATED)
fanout565/X                              10     20    -10 (VIOLATED)
fanout566/X                              10     20    -10 (VIOLATED)
fanout571/X                              10     20    -10 (VIOLATED)
fanout574/X                              10     20    -10 (VIOLATED)
input121/X                               10     20    -10 (VIOLATED)
input122/X                               10     20    -10 (VIOLATED)
input174/X                               10     20    -10 (VIOLATED)
input27/X                                10     20    -10 (VIOLATED)
input40/X                                10     20    -10 (VIOLATED)
input67/X                                10     20    -10 (VIOLATED)
input69/X                                10     20    -10 (VIOLATED)
input70/X                                10     20    -10 (VIOLATED)
input95/X                                10     20    -10 (VIOLATED)
_11241_/Y                                10     18     -8 (VIOLATED)
_11286_/Y                                10     18     -8 (VIOLATED)
_11299_/Y                                10     18     -8 (VIOLATED)
_11449_/Y                                10     18     -8 (VIOLATED)
_11544_/X                                10     18     -8 (VIOLATED)
_11656_/X                                10     18     -8 (VIOLATED)
_12083_/Y                                10     18     -8 (VIOLATED)
_12314_/X                                10     18     -8 (VIOLATED)
_13074_/X                                10     18     -8 (VIOLATED)
_13086_/X                                10     18     -8 (VIOLATED)
_13135_/Y                                10     18     -8 (VIOLATED)
_13655_/Y                                10     18     -8 (VIOLATED)
_13713_/Y                                10     18     -8 (VIOLATED)
_14670_/Y                                10     18     -8 (VIOLATED)
_15567_/Y                                10     18     -8 (VIOLATED)
fanout336/X                              10     18     -8 (VIOLATED)
fanout341/X                              10     18     -8 (VIOLATED)
fanout353/X                              10     18     -8 (VIOLATED)
fanout362/X                              10     18     -8 (VIOLATED)
fanout378/X                              10     18     -8 (VIOLATED)
fanout394/X                              10     18     -8 (VIOLATED)
fanout396/X                              10     18     -8 (VIOLATED)
fanout428/X                              10     18     -8 (VIOLATED)
fanout465/X                              10     18     -8 (VIOLATED)
fanout466/X                              10     18     -8 (VIOLATED)
fanout470/X                              10     18     -8 (VIOLATED)
fanout486/X                              10     18     -8 (VIOLATED)
fanout489/X                              10     18     -8 (VIOLATED)
fanout494/X                              10     18     -8 (VIOLATED)
fanout495/X                              10     18     -8 (VIOLATED)
fanout499/X                              10     18     -8 (VIOLATED)
fanout509/X                              10     18     -8 (VIOLATED)
fanout513/X                              10     18     -8 (VIOLATED)
fanout539/X                              10     18     -8 (VIOLATED)
fanout556/X                              10     18     -8 (VIOLATED)
fanout567/X                              10     18     -8 (VIOLATED)
fanout572/X                              10     18     -8 (VIOLATED)
input221/X                               10     18     -8 (VIOLATED)
input26/X                                10     18     -8 (VIOLATED)
input33/X                                10     18     -8 (VIOLATED)
input43/X                                10     18     -8 (VIOLATED)
input62/X                                10     18     -8 (VIOLATED)
input68/X                                10     18     -8 (VIOLATED)
input79/X                                10     18     -8 (VIOLATED)
input86/X                                10     18     -8 (VIOLATED)
input87/X                                10     18     -8 (VIOLATED)
input89/X                                10     18     -8 (VIOLATED)
input94/X                                10     18     -8 (VIOLATED)
_11197_/Y                                10     16     -6 (VIOLATED)
_11203_/Y                                10     16     -6 (VIOLATED)
_11204_/Y                                10     16     -6 (VIOLATED)
_11207_/Y                                10     16     -6 (VIOLATED)
_11217_/Y                                10     16     -6 (VIOLATED)
_11250_/Y                                10     16     -6 (VIOLATED)
_11444_/X                                10     16     -6 (VIOLATED)
_11828_/X                                10     16     -6 (VIOLATED)
_12092_/X                                10     16     -6 (VIOLATED)
_12421_/Y                                10     16     -6 (VIOLATED)
_12650_/Y                                10     16     -6 (VIOLATED)
_13062_/Y                                10     16     -6 (VIOLATED)
_13598_/Y                                10     16     -6 (VIOLATED)
_13709_/X                                10     16     -6 (VIOLATED)
_13876_/X                                10     16     -6 (VIOLATED)
_14620_/Y                                10     16     -6 (VIOLATED)
_15196_/Y                                10     16     -6 (VIOLATED)
_15609_/Y                                10     16     -6 (VIOLATED)
_16518_/Y                                10     16     -6 (VIOLATED)
fanout298/X                              10     16     -6 (VIOLATED)
fanout369/X                              10     16     -6 (VIOLATED)
fanout391/X                              10     16     -6 (VIOLATED)
fanout411/X                              10     16     -6 (VIOLATED)
fanout439/X                              10     16     -6 (VIOLATED)
fanout447/X                              10     16     -6 (VIOLATED)
fanout449/X                              10     16     -6 (VIOLATED)
fanout461/X                              10     16     -6 (VIOLATED)
fanout463/X                              10     16     -6 (VIOLATED)
fanout468/X                              10     16     -6 (VIOLATED)
fanout507/X                              10     16     -6 (VIOLATED)
fanout518/X                              10     16     -6 (VIOLATED)
fanout538/X                              10     16     -6 (VIOLATED)
fanout564/X                              10     16     -6 (VIOLATED)
input104/X                               10     16     -6 (VIOLATED)
input138/X                               10     16     -6 (VIOLATED)
input158/X                               10     16     -6 (VIOLATED)
input210/X                               10     16     -6 (VIOLATED)
input220/X                               10     16     -6 (VIOLATED)
input41/X                                10     16     -6 (VIOLATED)
input85/X                                10     16     -6 (VIOLATED)
max_cap286/X                             10     16     -6 (VIOLATED)
_11208_/Y                                10     14     -4 (VIOLATED)
_11211_/Y                                10     14     -4 (VIOLATED)
_11238_/X                                10     14     -4 (VIOLATED)
_11358_/Y                                10     14     -4 (VIOLATED)
_11421_/X                                10     14     -4 (VIOLATED)
_11760_/X                                10     14     -4 (VIOLATED)
_12176_/Y                                10     14     -4 (VIOLATED)
_12177_/X                                10     14     -4 (VIOLATED)
_12224_/Y                                10     14     -4 (VIOLATED)
_13088_/Y                                10     14     -4 (VIOLATED)
_13104_/Y                                10     14     -4 (VIOLATED)
_13132_/Y                                10     14     -4 (VIOLATED)
_13154_/X                                10     14     -4 (VIOLATED)
_13872_/Y                                10     14     -4 (VIOLATED)
_14636_/X                                10     14     -4 (VIOLATED)
_14734_/Y                                10     14     -4 (VIOLATED)
_14754_/Y                                10     14     -4 (VIOLATED)
_14759_/X                                10     14     -4 (VIOLATED)
_15237_/Y                                10     14     -4 (VIOLATED)
_15278_/X                                10     14     -4 (VIOLATED)
_15573_/X                                10     14     -4 (VIOLATED)
_16072_/X                                10     14     -4 (VIOLATED)
_16687_/X                                10     14     -4 (VIOLATED)
clkbuf_1_0__f_clk/X                      10     14     -4 (VIOLATED)
fanout344/X                              10     14     -4 (VIOLATED)
fanout345/X                              10     14     -4 (VIOLATED)
fanout351/X                              10     14     -4 (VIOLATED)
fanout355/X                              10     14     -4 (VIOLATED)
fanout358/X                              10     14     -4 (VIOLATED)
fanout359/X                              10     14     -4 (VIOLATED)
fanout375/X                              10     14     -4 (VIOLATED)
fanout384/X                              10     14     -4 (VIOLATED)
fanout385/X                              10     14     -4 (VIOLATED)
fanout423/X                              10     14     -4 (VIOLATED)
fanout436/X                              10     14     -4 (VIOLATED)
fanout446/X                              10     14     -4 (VIOLATED)
fanout454/X                              10     14     -4 (VIOLATED)
fanout502/X                              10     14     -4 (VIOLATED)
fanout524/X                              10     14     -4 (VIOLATED)
fanout537/X                              10     14     -4 (VIOLATED)
fanout570/X                              10     14     -4 (VIOLATED)
input123/X                               10     14     -4 (VIOLATED)
input141/X                               10     14     -4 (VIOLATED)
input176/X                               10     14     -4 (VIOLATED)
input45/X                                10     14     -4 (VIOLATED)
input80/X                                10     14     -4 (VIOLATED)
input92/X                                10     14     -4 (VIOLATED)
input93/X                                10     14     -4 (VIOLATED)
input96/X                                10     14     -4 (VIOLATED)
_11242_/Y                                10     12     -2 (VIOLATED)
_11323_/X                                10     12     -2 (VIOLATED)
_11342_/X                                10     12     -2 (VIOLATED)
_11343_/Y                                10     12     -2 (VIOLATED)
_11360_/Y                                10     12     -2 (VIOLATED)
_11445_/Y                                10     12     -2 (VIOLATED)
_11506_/Y                                10     12     -2 (VIOLATED)
_11681_/Y                                10     12     -2 (VIOLATED)
_11991_/Y                                10     12     -2 (VIOLATED)
_12226_/Y                                10     12     -2 (VIOLATED)
_12333_/Y                                10     12     -2 (VIOLATED)
_12334_/X                                10     12     -2 (VIOLATED)
_13197_/X                                10     12     -2 (VIOLATED)
_13235_/Y                                10     12     -2 (VIOLATED)
_13447_/Y                                10     12     -2 (VIOLATED)
_13465_/X                                10     12     -2 (VIOLATED)
_13490_/Y                                10     12     -2 (VIOLATED)
_13521_/Y                                10     12     -2 (VIOLATED)
_13858_/Y                                10     12     -2 (VIOLATED)
_13862_/Y                                10     12     -2 (VIOLATED)
_13873_/Y                                10     12     -2 (VIOLATED)
_14674_/X                                10     12     -2 (VIOLATED)
_14841_/X                                10     12     -2 (VIOLATED)
_15027_/Y                                10     12     -2 (VIOLATED)
_15351_/Y                                10     12     -2 (VIOLATED)
_15610_/X                                10     12     -2 (VIOLATED)
_16608_/X                                10     12     -2 (VIOLATED)
_17774_/X                                10     12     -2 (VIOLATED)
_19723_/X                                10     12     -2 (VIOLATED)
fanout263/X                              10     12     -2 (VIOLATED)
fanout265/X                              10     12     -2 (VIOLATED)
fanout269/X                              10     12     -2 (VIOLATED)
fanout302/X                              10     12     -2 (VIOLATED)
fanout310/X                              10     12     -2 (VIOLATED)
fanout356/X                              10     12     -2 (VIOLATED)
fanout372/X                              10     12     -2 (VIOLATED)
fanout407/X                              10     12     -2 (VIOLATED)
fanout416/X                              10     12     -2 (VIOLATED)
fanout417/X                              10     12     -2 (VIOLATED)
fanout422/X                              10     12     -2 (VIOLATED)
fanout426/X                              10     12     -2 (VIOLATED)
fanout431/X                              10     12     -2 (VIOLATED)
fanout492/X                              10     12     -2 (VIOLATED)
fanout515/X                              10     12     -2 (VIOLATED)
fanout519/X                              10     12     -2 (VIOLATED)
fanout531/X                              10     12     -2 (VIOLATED)
fanout545/X                              10     12     -2 (VIOLATED)
fanout548/X                              10     12     -2 (VIOLATED)
fanout554/X                              10     12     -2 (VIOLATED)
fanout569/X                              10     12     -2 (VIOLATED)
fanout573/X                              10     12     -2 (VIOLATED)
input159/X                               10     12     -2 (VIOLATED)
input177/X                               10     12     -2 (VIOLATED)
input193/X                               10     12     -2 (VIOLATED)
input63/X                                10     12     -2 (VIOLATED)
input90/X                                10     12     -2 (VIOLATED)
input91/X                                10     12     -2 (VIOLATED)



===========================================================================
report_parasitic_annotation -report_unannotated
============================================================================
Found 23 unannotated drivers.
 input_data[127]
 input_data[191]
 input_data[207]
 input_data[208]
 input_data[209]
 input_data[210]
 input_data[211]
 input_data[212]
 input_data[213]
 input_data[214]
 input_data[215]
 input_data[216]
 input_data[217]
 input_data[218]
 input_data[219]
 input_data[220]
 input_data[221]
 input_data[222]
 input_data[223]
 input_data[238]
 input_data[239]
 input_data[63]
 input_data[79]
Found 0 partially unannotated drivers.

===========================================================================
max slew violation count 0
max fanout violation count 352
max cap violation count 0
============================================================================

===========================================================================
check_setup -verbose -unconstrained_endpoints -multiple_clock -no_clock -no_input_delay -loops -generated_clocks
===========================================================================
