[INFO PSM-0022] Using 1.600V for VPWR
[INFO PSM-0076] Setting metal node density to be standard cell height times 5.
[INFO PSM-0031] Number of PDN nodes on net VPWR = 16404.
[INFO PSM-0064] Number of voltage sources = 450.
[INFO PSM-0040] All PDN stripes on net VPWR are connected.
########## IR report #################
Corner: max_ss_100C_1v60
Worstcase voltage: 1.58e+00 V
Average IR drop  : 1.02e-03 V
Worstcase IR drop: 1.69e-02 V
######################################
[INFO PSM-0022] Using 0.000V for VGND
[INFO PSM-0076] Setting metal node density to be standard cell height times 5.
[INFO PSM-0031] Number of PDN nodes on net VGND = 16404.
[INFO PSM-0064] Number of voltage sources = 450.
[INFO PSM-0040] All PDN stripes on net VGND are connected.
########## IR report #################
Corner: max_ss_100C_1v60
Worstcase voltage: 1.84e-02 V
Average IR drop  : 1.01e-03 V
Worstcase IR drop: 1.84e-02 V
######################################
