[INFO GRT-0043] No OR_DEFAULT vias defined.
Net: _03182_
  Pin: _13669_/B (sky130_fd_sc_hd__or2_1)
    Layer: met2
      Partial area ratio:    0.41
      Required ratio:    0.00 (Gate area) 
      Partial area ratio:    3.01
      Required ratio: 3301.24 (Side area) 
      Cumulative area ratio:  169.86
      Required ratio:    0.00 (Cumulative area) 
      Cumulative area ratio:  854.12
      Required ratio:    0.00 (Cumulative side area) 

    Layer: met1
      Partial area ratio:  169.44
      Required ratio:    0.00 (Gate area) 
      Partial area ratio:  851.11
      Required ratio:  400.00 (Side area) (VIOLATED)
      Cumulative area ratio:  169.44
      Required ratio:    0.00 (Cumulative area) 
      Cumulative area ratio:  851.11
      Required ratio:    0.00 (Cumulative side area) 

    Layer: li1
      Partial area ratio:    0.00
      Required ratio:    0.00 (Gate area) 
      Partial area ratio:    0.00
      Required ratio:   75.00 (Side area) 
      Cumulative area ratio:    0.00
      Required ratio:    0.00 (Cumulative area) 
      Cumulative area ratio:    0.00
      Required ratio:    0.00 (Cumulative side area) 

    Via: M1M2_PR
      Partial area ratio:    0.71
      Required ratio:    6.00 (Gate area) 
      Cumulative area ratio:    0.94
      Required ratio:    0.00 (Cumulative area) 

    Via: L1M1_PR
      Partial area ratio:    0.23
      Required ratio:    3.00 (Gate area) 
      Cumulative area ratio:    0.23
      Required ratio:    0.00 (Cumulative area) 

  Pin: _13670_/B (sky130_fd_sc_hd__xnor2_1)
    Layer: met2
      Partial area ratio:    0.41
      Required ratio:    0.00 (Gate area) 
      Partial area ratio:    3.01
      Required ratio: 3301.24 (Side area) 
      Cumulative area ratio:  170.72
      Required ratio:    0.00 (Cumulative area) 
      Cumulative area ratio:  858.62
      Required ratio:    0.00 (Cumulative side area) 

    Layer: met1
      Partial area ratio:    0.86
      Required ratio:    0.00 (Gate area) 
      Partial area ratio:    4.50
      Required ratio:  400.00 (Side area) 
      Cumulative area ratio:    0.86
      Required ratio:    0.00 (Cumulative area) 
      Cumulative area ratio:    4.50
      Required ratio:    0.00 (Cumulative side area) 

    Layer: li1
      Partial area ratio:    0.00
      Required ratio:    0.00 (Gate area) 
      Partial area ratio:    0.00
      Required ratio:   75.00 (Side area) 
      Cumulative area ratio:    0.00
      Required ratio:    0.00 (Cumulative area) 
      Cumulative area ratio:    0.00
      Required ratio:    0.00 (Cumulative side area) 

    Via: M1M2_PR
      Partial area ratio:    0.05
      Required ratio:    6.00 (Gate area) 
      Cumulative area ratio:    0.10
      Required ratio:    0.00 (Cumulative area) 

    Via: L1M1_PR
      Partial area ratio:    0.06
      Required ratio:    3.00 (Gate area) 
      Cumulative area ratio:    0.06
      Required ratio:    0.00 (Cumulative area) 


[INFO ANT-0002] Found 1 net violations.
[INFO ANT-0001] Found 1 pin violations.
