
===========================================================================
report_checks -unconstrained
===========================================================================
======================= min_ff_n40C_1v95 Corner ===================================

Startpoint: input_data[19] (input port clocked by clk)
Endpoint: _41569_ (rising edge-triggered flip-flop clocked by clk)
Path Group: clk
Path Type: max

Fanout         Cap        Slew       Delay        Time   Description
---------------------------------------------------------------------------------------------
                                  0.000000    0.000000   clock clk (rise edge)
                                  0.000000    0.000000   clock network delay (propagated)
                                  5.000000    5.000000 ^ input external delay
     1    0.003202    0.015356    0.008279    5.008279 ^ input_data[19] (in)
                                                         input_data[19] (net)
                      0.015356    0.000000    5.008279 ^ input108/A (sky130_fd_sc_hd__clkbuf_4)
     1    0.073921    0.170019    0.178183    5.186462 ^ input108/X (sky130_fd_sc_hd__clkbuf_4)
                                                         net108 (net)
                      0.170435    0.006852    5.193315 ^ fanout990/A (sky130_fd_sc_hd__buf_6)
     6    0.159515    0.238398    0.214107    5.407422 ^ fanout990/X (sky130_fd_sc_hd__buf_6)
                                                         net990 (net)
                      0.238398    0.000266    5.407688 ^ fanout989/A (sky130_fd_sc_hd__clkbuf_4)
    10    0.069112    0.160054    0.222365    5.630053 ^ fanout989/X (sky130_fd_sc_hd__clkbuf_4)
                                                         net989 (net)
                      0.160055    0.000187    5.630239 ^ fanout988/A (sky130_fd_sc_hd__clkbuf_4)
     8    0.062062    0.144132    0.200064    5.830303 ^ fanout988/X (sky130_fd_sc_hd__clkbuf_4)
                                                         net988 (net)
                      0.144162    0.001702    5.832005 ^ fanout987/A (sky130_fd_sc_hd__buf_6)
    10    0.105140    0.158542    0.169955    6.001959 ^ fanout987/X (sky130_fd_sc_hd__buf_6)
                                                         net987 (net)
                      0.158821    0.005465    6.007424 ^ fanout986/A (sky130_fd_sc_hd__buf_4)
    10    0.062870    0.133476    0.169984    6.177408 ^ fanout986/X (sky130_fd_sc_hd__buf_4)
                                                         net986 (net)
                      0.133502    0.001545    6.178953 ^ _23574_/B (sky130_fd_sc_hd__xnor2_4)
     7    0.043529    0.100015    0.094824    6.273777 v _23574_/Y (sky130_fd_sc_hd__xnor2_4)
                                                         _13142_ (net)
                      0.100072    0.001871    6.275647 v _23749_/B (sky130_fd_sc_hd__xnor2_4)
     6    0.043136    0.266650    0.246431    6.522079 ^ _23749_/Y (sky130_fd_sc_hd__xnor2_4)
                                                         _13334_ (net)
                      0.266668    0.001778    6.523857 ^ _23750_/A (sky130_fd_sc_hd__inv_2)
     3    0.010577    0.059549    0.031650    6.555507 v _23750_/Y (sky130_fd_sc_hd__inv_2)
                                                         _13335_ (net)
                      0.059550    0.000202    6.555708 v _27116_/A (sky130_fd_sc_hd__and2_1)
     3    0.008898    0.042988    0.113437    6.669146 v _27116_/X (sky130_fd_sc_hd__and2_1)
                                                         _17033_ (net)
                      0.042989    0.000119    6.669265 v _28779_/B (sky130_fd_sc_hd__or3_1)
     1    0.003518    0.045999    0.201258    6.870523 v _28779_/X (sky130_fd_sc_hd__or3_1)
                                                         _18861_ (net)
                      0.045999    0.000051    6.870574 v _28780_/B (sky130_fd_sc_hd__and2_1)
     2    0.011235    0.048863    0.127273    6.997847 v _28780_/X (sky130_fd_sc_hd__and2_1)
                                                         _18862_ (net)
                      0.048863    0.000104    6.997952 v _28785_/A (sky130_fd_sc_hd__xnor2_2)
     2    0.019859    0.215562    0.204496    7.202447 ^ _28785_/Y (sky130_fd_sc_hd__xnor2_2)
                                                         _18868_ (net)
                      0.215562    0.000105    7.202552 ^ _28788_/A (sky130_fd_sc_hd__xnor2_4)
     2    0.019545    0.072209    0.074490    7.277042 v _28788_/Y (sky130_fd_sc_hd__xnor2_4)
                                                         _18871_ (net)
                      0.072210    0.000210    7.277253 v _28790_/B (sky130_fd_sc_hd__xnor2_4)
     2    0.018740    0.056572    0.112202    7.389455 v _28790_/Y (sky130_fd_sc_hd__xnor2_4)
                                                         _18873_ (net)
                      0.056572    0.000169    7.389624 v _28793_/A (sky130_fd_sc_hd__xnor2_4)
     2    0.065087    0.375206    0.325540    7.715164 ^ _28793_/Y (sky130_fd_sc_hd__xnor2_4)
                                                         _18877_ (net)
                      0.375230    0.002464    7.717628 ^ _28794_/B (sky130_fd_sc_hd__xor2_4)
     6    0.046414    0.147065    0.126796    7.844424 v _28794_/X (sky130_fd_sc_hd__xor2_4)
                                                         _18878_ (net)
                      0.147137    0.002496    7.846920 v _28795_/C (sky130_fd_sc_hd__and3_1)
     2    0.016438    0.066490    0.199542    8.046461 v _28795_/X (sky130_fd_sc_hd__and3_1)
                                                         _18879_ (net)
                      0.066490    0.000140    8.046602 v _28797_/A (sky130_fd_sc_hd__nor2_1)
     2    0.020403    0.262276    0.228483    8.275084 ^ _28797_/Y (sky130_fd_sc_hd__nor2_1)
                                                         _18881_ (net)
                      0.262278    0.000692    8.275777 ^ _28798_/B (sky130_fd_sc_hd__xor2_1)
     2    0.005837    0.118871    0.119135    8.394912 ^ _28798_/X (sky130_fd_sc_hd__xor2_1)
                                                         _18882_ (net)
                      0.118871    0.000063    8.394975 ^ _28799_/B (sky130_fd_sc_hd__and2_1)
     4    0.013481    0.105255    0.141918    8.536892 ^ _28799_/X (sky130_fd_sc_hd__and2_1)
                                                         _18883_ (net)
                      0.105255    0.000111    8.537004 ^ _28801_/B1 (sky130_fd_sc_hd__a211o_1)
     3    0.014418    0.099984    0.119679    8.656683 ^ _28801_/X (sky130_fd_sc_hd__a211o_1)
                                                         _18885_ (net)
                      0.099985    0.000149    8.656832 ^ _28802_/A (sky130_fd_sc_hd__inv_2)
     2    0.007629    0.029810    0.026360    8.683192 v _28802_/Y (sky130_fd_sc_hd__inv_2)
                                                         _18887_ (net)
                      0.029810    0.000064    8.683256 v _28862_/A (sky130_fd_sc_hd__nor3_2)
     3    0.015324    0.211154    0.205478    8.888735 ^ _28862_/Y (sky130_fd_sc_hd__nor3_2)
                                                         _18953_ (net)
                      0.211154    0.000106    8.888840 ^ _28863_/A (sky130_fd_sc_hd__inv_2)
     2    0.007772    0.045285    0.024155    8.912995 v _28863_/Y (sky130_fd_sc_hd__inv_2)
                                                         _18954_ (net)
                      0.045285    0.000056    8.913051 v _30654_/A2 (sky130_fd_sc_hd__a211oi_2)
     3    0.010048    0.179110    0.199443    9.112494 ^ _30654_/Y (sky130_fd_sc_hd__a211oi_2)
                                                         _00161_ (net)
                      0.179110    0.000145    9.112638 ^ _30656_/B (sky130_fd_sc_hd__nor3_1)
     2    0.005363    0.054348    0.048607    9.161246 v _30656_/Y (sky130_fd_sc_hd__nor3_1)
                                                         _00163_ (net)
                      0.054348    0.000033    9.161279 v max_cap255/A (sky130_fd_sc_hd__buf_1)
     2    0.010729    0.046716    0.090843    9.252122 v max_cap255/X (sky130_fd_sc_hd__buf_1)
                                                         net255 (net)
                      0.046718    0.000264    9.252386 v _30659_/A (sky130_fd_sc_hd__or3_1)
     3    0.010312    0.070721    0.249938    9.502324 v _30659_/X (sky130_fd_sc_hd__or3_1)
                                                         _00166_ (net)
                      0.070721    0.000106    9.502429 v _30661_/B (sky130_fd_sc_hd__and3_1)
     2    0.014046    0.059204    0.151207    9.653636 v _30661_/X (sky130_fd_sc_hd__and3_1)
                                                         _00168_ (net)
                      0.059211    0.000516    9.654153 v _30663_/B1 (sky130_fd_sc_hd__a211o_1)
     3    0.015362    0.071803    0.172343    9.826495 v _30663_/X (sky130_fd_sc_hd__a211o_1)
                                                         _00171_ (net)
                      0.071804    0.000232    9.826727 v _30666_/A1 (sky130_fd_sc_hd__a211o_2)
     3    0.047710    0.104906    0.273243   10.099970 v _30666_/X (sky130_fd_sc_hd__a211o_2)
                                                         _00174_ (net)
                      0.105318    0.005255   10.105226 v _30669_/A2 (sky130_fd_sc_hd__a211oi_1)
     2    0.006400    0.196334    0.227109   10.332335 ^ _30669_/Y (sky130_fd_sc_hd__a211oi_1)
                                                         _00177_ (net)
                      0.196334    0.000071   10.332405 ^ _30670_/C1 (sky130_fd_sc_hd__a211o_1)
     3    0.015612    0.107649    0.121892   10.454297 ^ _30670_/X (sky130_fd_sc_hd__a211o_1)
                                                         _00178_ (net)
                      0.107653    0.000549   10.454846 ^ _32640_/A2 (sky130_fd_sc_hd__a21o_1)
     3    0.022296    0.149037    0.165872   10.620718 ^ _32640_/X (sky130_fd_sc_hd__a21o_1)
                                                         _02344_ (net)
                      0.149055    0.001354   10.622071 ^ _34751_/A2 (sky130_fd_sc_hd__a21o_1)
     3    0.010049    0.071719    0.115375   10.737447 ^ _34751_/X (sky130_fd_sc_hd__a21o_1)
                                                         _04665_ (net)
                      0.071719    0.000091   10.737538 ^ _36907_/A2 (sky130_fd_sc_hd__a21o_1)
     3    0.009378    0.067515    0.103001   10.840539 ^ _36907_/X (sky130_fd_sc_hd__a21o_1)
                                                         _07035_ (net)
                      0.067515    0.000036   10.840575 ^ _39111_/A2 (sky130_fd_sc_hd__a21oi_1)
     2    0.005682    0.059201    0.052632   10.893207 v _39111_/Y (sky130_fd_sc_hd__a21oi_1)
                                                         _09458_ (net)
                      0.059201    0.000049   10.893255 v _40675_/B (sky130_fd_sc_hd__or2_1)
     2    0.005599    0.041520    0.139826   11.033081 v _40675_/X (sky130_fd_sc_hd__or2_1)
                                                         _11178_ (net)
                      0.041520    0.000048   11.033130 v _40828_/A1 (sky130_fd_sc_hd__a21oi_1)
     1    0.002513    0.075649    0.080470   11.113599 ^ _40828_/Y (sky130_fd_sc_hd__a21oi_1)
                                                         _11346_ (net)
                      0.075649    0.000013   11.113612 ^ _40829_/B1 (sky130_fd_sc_hd__o21ai_1)
     1    0.002823    0.054698    0.028217   11.141829 v _40829_/Y (sky130_fd_sc_hd__o21ai_1)
                                                         _11347_ (net)
                      0.054698    0.000028   11.141857 v _40830_/A2 (sky130_fd_sc_hd__a21o_1)
     1    0.025769    0.089673    0.180867   11.322724 v _40830_/X (sky130_fd_sc_hd__a21o_1)
                                                         _11348_ (net)
                      0.089742    0.002092   11.324816 v _41078_/A1 (sky130_fd_sc_hd__a211oi_2)
     1    0.029872    0.393889    0.349734   11.674551 ^ _41078_/Y (sky130_fd_sc_hd__a211oi_2)
                                                         _11621_ (net)
                      0.393891    0.000679   11.675229 ^ _41277_/A1 (sky130_fd_sc_hd__o21ba_1)
     1    0.030267    0.227026    0.237026   11.912254 ^ _41277_/X (sky130_fd_sc_hd__o21ba_1)
                                                         _11840_ (net)
                      0.227029    0.000732   11.912987 ^ _41396_/A1 (sky130_fd_sc_hd__o21bai_1)
     1    0.006221    0.073911    0.074015   11.987002 v _41396_/Y (sky130_fd_sc_hd__o21bai_1)
                                                         _11971_ (net)
                      0.073911    0.000099   11.987102 v _41516_/A1 (sky130_fd_sc_hd__a21oi_1)
     1    0.008971    0.159694    0.157211   12.144313 ^ _41516_/Y (sky130_fd_sc_hd__a21oi_1)
                                                         _12103_ (net)
                      0.159695    0.000313   12.144626 ^ _41551_/A1 (sky130_fd_sc_hd__o21a_1)
     1    0.003005    0.031652    0.088847   12.233473 ^ _41551_/X (sky130_fd_sc_hd__o21a_1)
                                                         _12141_ (net)
                      0.031652    0.000028   12.233500 ^ _41553_/A1 (sky130_fd_sc_hd__o21a_1)
     1    0.003300    0.032148    0.073038   12.306539 ^ _41553_/X (sky130_fd_sc_hd__o21a_1)
                                                         _00015_ (net)
                      0.032148    0.000044   12.306581 ^ _41569_/D (sky130_fd_sc_hd__dfxtp_4)
                                             12.306581   data arrival time

                                 25.000000   25.000000   clock clk (rise edge)
                                  0.000000   25.000000   clock source latency
     2    0.096857    0.328441    0.233154   25.233152 ^ clk (in)
                                                         clk (net)
                      0.329888    0.000000   25.233152 ^ clkbuf_0_clk/A (sky130_fd_sc_hd__clkbuf_16)
     2    0.022598    0.040631    0.133795   25.366949 ^ clkbuf_0_clk/X (sky130_fd_sc_hd__clkbuf_16)
                                                         clknet_0_clk (net)
                      0.040632    0.000316   25.367264 ^ clkbuf_1_1__f_clk/A (sky130_fd_sc_hd__clkbuf_16)
     9    0.031249    0.039084    0.094866   25.462132 ^ clkbuf_1_1__f_clk/X (sky130_fd_sc_hd__clkbuf_16)
                                                         clknet_1_1__leaf_clk (net)
                      0.039089    0.000796   25.462927 ^ _41569_/CLK (sky130_fd_sc_hd__dfxtp_4)
                                 -0.250000   25.212927   clock uncertainty
                                  0.000000   25.212927   clock reconvergence pessimism
                                 -0.031445   25.181482   library setup time
                                             25.181482   data required time
---------------------------------------------------------------------------------------------
                                             25.181482   data required time
                                            -12.306581   data arrival time
---------------------------------------------------------------------------------------------
                                             12.874901   slack (MET)




===========================================================================
report_checks --slack_max -0.01
============================================================================
======================= min_ff_n40C_1v95 Corner ===================================

No paths found.


===========================================================================
 report_check_types -max_slew -max_cap -max_fanout -violators
============================================================================
======================= min_ff_n40C_1v95 Corner ===================================

max fanout

Pin                                   Limit Fanout  Slack
---------------------------------------------------------
fanout851/X                              10     19     -9 (VIOLATED)
fanout519/X                              10     16     -6 (VIOLATED)
_41569_/Q                                10     15     -5 (VIOLATED)
fanout918/X                              10     15     -5 (VIOLATED)
fanout566/X                              10     14     -4 (VIOLATED)
fanout880/X                              10     14     -4 (VIOLATED)
_27952_/Y                                10     12     -2 (VIOLATED)
fanout895/X                              10     12     -2 (VIOLATED)
fanout914/X                              10     12     -2 (VIOLATED)
fanout982/X                              10     12     -2 (VIOLATED)
input102/X                               10     12     -2 (VIOLATED)
_21352_/X                                10     11        (VIOLATED)
fanout275/X                              10     11        (VIOLATED)
fanout367/X                              10     11        (VIOLATED)
fanout434/X                              10     11        (VIOLATED)
fanout481/X                              10     11        (VIOLATED)
fanout540/X                              10     11        (VIOLATED)
fanout551/X                              10     11        (VIOLATED)
fanout840/X                              10     11        (VIOLATED)
fanout868/X                              10     11        (VIOLATED)
fanout937/X                              10     11        (VIOLATED)

max capacitance

Pin                                        Limit         Cap       Slack
------------------------------------------------------------------------
wire271/X                               0.200000    0.203709   -0.003709 (VIOLATED)
fanout925/X                             0.200000    0.202172   -0.002172 (VIOLATED)
fanout275/X                             0.200000    0.200419   -0.000419 (VIOLATED)



===========================================================================
report_parasitic_annotation -report_unannotated
============================================================================
Found 6 unannotated drivers.
 input_data[15]
 input_data[175]
 input_data[191]
 input_data[223]
 input_data[238]
 input_data[239]
Found 0 partially unannotated drivers.

===========================================================================
max slew violation count 0
max fanout violation count 21
max cap violation count 3
============================================================================

===========================================================================
check_setup -verbose -unconstrained_endpoints -multiple_clock -no_clock -no_input_delay -loops -generated_clocks
===========================================================================
