[INFO GRT-0043] No OR_DEFAULT vias defined.
Net: _15192_
  Pin: _25442_/B (sky130_fd_sc_hd__and2_1)
    Layer: met3
      Partial area ratio:  740.00
      Required ratio:    0.00 (Gate area) 
      Partial area ratio: 3950.48
      Required ratio: 3367.48 (Side area) (VIOLATED)
      Cumulative area ratio:  745.37
      Required ratio:    0.00 (Cumulative area) 
      Cumulative area ratio: 3979.67
      Required ratio:    0.00 (Cumulative side area) 

    Layer: met2
      Partial area ratio:    3.16
      Required ratio:    0.00 (Gate area) 
      Partial area ratio:   17.33
      Required ratio: 2773.88 (Side area) 
      Cumulative area ratio:    5.37
      Required ratio:    0.00 (Cumulative area) 
      Cumulative area ratio:   29.19
      Required ratio:    0.00 (Cumulative side area) 

    Layer: met1
      Partial area ratio:    2.22
      Required ratio:    0.00 (Gate area) 
      Partial area ratio:   11.86
      Required ratio:  400.00 (Side area) 
      Cumulative area ratio:    2.22
      Required ratio:    0.00 (Cumulative area) 
      Cumulative area ratio:   11.86
      Required ratio:    0.00 (Cumulative side area) 

    Layer: li1
      Partial area ratio:    0.00
      Required ratio:    0.00 (Gate area) 
      Partial area ratio:    0.00
      Required ratio:   75.00 (Side area) 
      Cumulative area ratio:    0.00
      Required ratio:    0.00 (Cumulative area) 
      Cumulative area ratio:    0.00
      Required ratio:    0.00 (Cumulative side area) 

    Via: M2M3_PR
      Partial area ratio:    0.32
      Required ratio:    6.00 (Gate area) 
      Cumulative area ratio:    0.73
      Required ratio:    0.00 (Cumulative area) 

    Via: M1M2_PR
      Partial area ratio:    0.18
      Required ratio:    6.00 (Gate area) 
      Cumulative area ratio:    0.41
      Required ratio:    0.00 (Cumulative area) 

    Via: L1M1_PR
      Partial area ratio:    0.23
      Required ratio:    3.00 (Gate area) 
      Cumulative area ratio:    0.23
      Required ratio:    0.00 (Cumulative area) 


Net: net36
  Pin: fanout690/A (sky130_fd_sc_hd__buf_1)
    Layer: met4
      Partial area ratio:  590.38
      Required ratio:    0.00 (Gate area) 
      Partial area ratio: 3151.15
      Required ratio: 2952.08 (Side area) (VIOLATED)
      Cumulative area ratio:  595.05
      Required ratio:    0.00 (Cumulative area) 
      Cumulative area ratio: 3175.99
      Required ratio:    0.00 (Cumulative side area) 

    Layer: met3
      Partial area ratio:    0.00
      Required ratio:    0.00 (Gate area) 
      Partial area ratio:    0.00
      Required ratio: 2773.88 (Side area) 
      Cumulative area ratio:    4.67
      Required ratio:    0.00 (Cumulative area) 
      Cumulative area ratio:   24.85
      Required ratio:    0.00 (Cumulative side area) 

    Layer: met2
      Partial area ratio:    3.56
      Required ratio:    0.00 (Gate area) 
      Partial area ratio:   18.77
      Required ratio: 2773.88 (Side area) 
      Cumulative area ratio:    4.67
      Required ratio:    0.00 (Cumulative area) 
      Cumulative area ratio:   24.85
      Required ratio:    0.00 (Cumulative side area) 

    Layer: met1
      Partial area ratio:    1.12
      Required ratio:    0.00 (Gate area) 
      Partial area ratio:    6.07
      Required ratio:  400.00 (Side area) 
      Cumulative area ratio:    1.12
      Required ratio:    0.00 (Cumulative area) 
      Cumulative area ratio:    6.07
      Required ratio:    0.00 (Cumulative side area) 

    Layer: li1
      Partial area ratio:    0.00
      Required ratio:    0.00 (Gate area) 
      Partial area ratio:    0.00
      Required ratio:   75.00 (Side area) 
      Cumulative area ratio:    0.00
      Required ratio:    0.00 (Cumulative area) 
      Cumulative area ratio:    0.00
      Required ratio:    0.00 (Cumulative side area) 

    Via: M3M4_PR
      Partial area ratio:    0.20
      Required ratio:    6.00 (Gate area) 
      Cumulative area ratio:    0.67
      Required ratio:    0.00 (Cumulative area) 

    Via: M2M3_PR
      Partial area ratio:    0.20
      Required ratio:    6.00 (Gate area) 
      Cumulative area ratio:    0.47
      Required ratio:    0.00 (Cumulative area) 

    Via: M1M2_PR
      Partial area ratio:    0.11
      Required ratio:    6.00 (Gate area) 
      Cumulative area ratio:    0.26
      Required ratio:    0.00 (Cumulative area) 

    Via: L1M1_PR
      Partial area ratio:    0.15
      Required ratio:    3.00 (Gate area) 
      Cumulative area ratio:    0.15
      Required ratio:    0.00 (Cumulative area) 


Net: net304
  Pin: _31044_/A (sky130_fd_sc_hd__and2_1)
    Layer: met2
      Partial area ratio:   21.71
      Required ratio:    0.00 (Gate area) 
      Partial area ratio:  110.38
      Required ratio: 4279.44 (Side area) 
      Cumulative area ratio:   21.86
      Required ratio:    0.00 (Cumulative area) 
      Cumulative area ratio:  111.93
      Required ratio:    0.00 (Cumulative side area) 

    Layer: met1
      Partial area ratio:    0.16
      Required ratio:    0.00 (Gate area) 
      Partial area ratio:    1.56
      Required ratio:  400.00 (Side area) 
      Cumulative area ratio:    0.16
      Required ratio:    0.00 (Cumulative area) 
      Cumulative area ratio:    1.56
      Required ratio:    0.00 (Cumulative side area) 

    Layer: li1
      Partial area ratio:    0.00
      Required ratio:    0.00 (Gate area) 
      Partial area ratio:    0.00
      Required ratio:   75.00 (Side area) 
      Cumulative area ratio:    0.00
      Required ratio:    0.00 (Cumulative area) 
      Cumulative area ratio:    0.00
      Required ratio:    0.00 (Cumulative side area) 

    Via: M1M2_PR
      Partial area ratio:    0.36
      Required ratio:    6.00 (Gate area) 
      Cumulative area ratio:    0.59
      Required ratio:    0.00 (Cumulative area) 

    Via: L1M1_PR
      Partial area ratio:    0.23
      Required ratio:    3.00 (Gate area) 
      Cumulative area ratio:    0.23
      Required ratio:    0.00 (Cumulative area) 

  Pin: _31044_/A (sky130_fd_sc_hd__and2_1)
    Layer: met2
      Partial area ratio:   21.71
      Required ratio:    0.00 (Gate area) 
      Partial area ratio:  110.38
      Required ratio: 4279.44 (Side area) 
      Cumulative area ratio:  322.02
      Required ratio:    0.00 (Cumulative area) 
      Cumulative area ratio: 1614.65
      Required ratio:    0.00 (Cumulative side area) 

    Layer: met1
      Partial area ratio:  299.31
      Required ratio:    0.00 (Gate area) 
      Partial area ratio: 1498.11
      Required ratio:  400.00 (Side area) (VIOLATED)
      Cumulative area ratio:  299.31
      Required ratio:    0.00 (Cumulative area) 
      Cumulative area ratio: 1498.11
      Required ratio:    0.00 (Cumulative side area) 

    Layer: li1
      Partial area ratio:    0.00
      Required ratio:    0.00 (Gate area) 
      Partial area ratio:    0.00
      Required ratio:   75.00 (Side area) 
      Cumulative area ratio:    0.00
      Required ratio:    0.00 (Cumulative area) 
      Cumulative area ratio:    0.00
      Required ratio:    0.00 (Cumulative side area) 

    Via: M1M2_PR
      Partial area ratio:    0.54
      Required ratio:    6.00 (Gate area) 
      Cumulative area ratio:    0.77
      Required ratio:    0.00 (Cumulative area) 

    Via: L1M1_PR
      Partial area ratio:    0.23
      Required ratio:    3.00 (Gate area) 
      Cumulative area ratio:    0.23
      Required ratio:    0.00 (Cumulative area) 

  Pin: _31043_/A (sky130_fd_sc_hd__nor2_1)
    Layer: met2
      Partial area ratio:   21.71
      Required ratio:    0.00 (Gate area) 
      Partial area ratio:  110.38
      Required ratio: 4279.44 (Side area) 
      Cumulative area ratio:   22.71
      Required ratio:    0.00 (Cumulative area) 
      Cumulative area ratio:  116.54
      Required ratio:    0.00 (Cumulative side area) 

    Layer: met1
      Partial area ratio:    0.84
      Required ratio:    0.00 (Gate area) 
      Partial area ratio:    4.61
      Required ratio:  400.00 (Side area) 
      Cumulative area ratio:    0.84
      Required ratio:    0.00 (Cumulative area) 
      Cumulative area ratio:    4.61
      Required ratio:    0.00 (Cumulative side area) 

    Layer: li1
      Partial area ratio:    0.00
      Required ratio:    0.00 (Gate area) 
      Partial area ratio:    0.00
      Required ratio:   75.00 (Side area) 
      Cumulative area ratio:    0.00
      Required ratio:    0.00 (Cumulative area) 
      Cumulative area ratio:    0.00
      Required ratio:    0.00 (Cumulative side area) 

    Via: M1M2_PR
      Partial area ratio:    0.09
      Required ratio:    6.00 (Gate area) 
      Cumulative area ratio:    0.21
      Required ratio:    0.00 (Cumulative area) 

    Via: L1M1_PR
      Partial area ratio:    0.12
      Required ratio:    3.00 (Gate area) 
      Cumulative area ratio:    0.12
      Required ratio:    0.00 (Cumulative area) 

  Pin: _31043_/A (sky130_fd_sc_hd__nor2_1)
    Layer: met2
      Partial area ratio:   21.71
      Required ratio:    0.00 (Gate area) 
      Partial area ratio:  110.38
      Required ratio: 4279.44 (Side area) 
      Cumulative area ratio:   22.71
      Required ratio:    0.00 (Cumulative area) 
      Cumulative area ratio:  116.54
      Required ratio:    0.00 (Cumulative side area) 

    Layer: met1
      Partial area ratio:    0.84
      Required ratio:    0.00 (Gate area) 
      Partial area ratio:    4.61
      Required ratio:  400.00 (Side area) 
      Cumulative area ratio:    0.84
      Required ratio:    0.00 (Cumulative area) 
      Cumulative area ratio:    4.61
      Required ratio:    0.00 (Cumulative side area) 

    Layer: li1
      Partial area ratio:    0.00
      Required ratio:    0.00 (Gate area) 
      Partial area ratio:    0.00
      Required ratio:   75.00 (Side area) 
      Cumulative area ratio:    0.00
      Required ratio:    0.00 (Cumulative area) 
      Cumulative area ratio:    0.00
      Required ratio:    0.00 (Cumulative side area) 

    Via: M1M2_PR
      Partial area ratio:    0.09
      Required ratio:    6.00 (Gate area) 
      Cumulative area ratio:    0.21
      Required ratio:    0.00 (Cumulative area) 

    Via: L1M1_PR
      Partial area ratio:    0.12
      Required ratio:    3.00 (Gate area) 
      Cumulative area ratio:    0.12
      Required ratio:    0.00 (Cumulative area) 

  Pin: _28519_/B (sky130_fd_sc_hd__xnor2_2)
    Layer: met2
      Partial area ratio:    1.01
      Required ratio:    0.00 (Gate area) 
      Partial area ratio:    5.31
      Required ratio: 2773.88 (Side area) 
      Cumulative area ratio:    1.42
      Required ratio:    0.00 (Cumulative area) 
      Cumulative area ratio:    7.44
      Required ratio:    0.00 (Cumulative side area) 

    Layer: met1
      Partial area ratio:    0.41
      Required ratio:    0.00 (Gate area) 
      Partial area ratio:    2.13
      Required ratio:  400.00 (Side area) 
      Cumulative area ratio:    0.41
      Required ratio:    0.00 (Cumulative area) 
      Cumulative area ratio:    2.13
      Required ratio:    0.00 (Cumulative side area) 

    Layer: li1
      Partial area ratio:    0.00
      Required ratio:    0.00 (Gate area) 
      Partial area ratio:    0.00
      Required ratio:   75.00 (Side area) 
      Cumulative area ratio:    0.00
      Required ratio:    0.00 (Cumulative area) 
      Cumulative area ratio:    0.00
      Required ratio:    0.00 (Cumulative side area) 

    Via: M1M2_PR
      Partial area ratio:    0.02
      Required ratio:    6.00 (Gate area) 
      Cumulative area ratio:    0.05
      Required ratio:    0.00 (Cumulative area) 

    Via: L1M1_PR
      Partial area ratio:    0.03
      Required ratio:    3.00 (Gate area) 
      Cumulative area ratio:    0.03
      Required ratio:    0.00 (Cumulative area) 

  Pin: _28518_/B (sky130_fd_sc_hd__nor2_1)
    Layer: met2
      Partial area ratio:    1.01
      Required ratio:    0.00 (Gate area) 
      Partial area ratio:    5.31
      Required ratio: 2773.88 (Side area) 
      Cumulative area ratio:    2.49
      Required ratio:    0.00 (Cumulative area) 
      Cumulative area ratio:   13.49
      Required ratio:    0.00 (Cumulative side area) 

    Layer: met1
      Partial area ratio:    1.48
      Required ratio:    0.00 (Gate area) 
      Partial area ratio:    8.17
      Required ratio:  400.00 (Side area) 
      Cumulative area ratio:    1.48
      Required ratio:    0.00 (Cumulative area) 
      Cumulative area ratio:    8.17
      Required ratio:    0.00 (Cumulative side area) 

    Layer: li1
      Partial area ratio:    0.00
      Required ratio:    0.00 (Gate area) 
      Partial area ratio:    0.00
      Required ratio:   75.00 (Side area) 
      Cumulative area ratio:    0.00
      Required ratio:    0.00 (Cumulative area) 
      Cumulative area ratio:    0.00
      Required ratio:    0.00 (Cumulative side area) 

    Via: M1M2_PR
      Partial area ratio:    0.09
      Required ratio:    6.00 (Gate area) 
      Cumulative area ratio:    0.21
      Required ratio:    0.00 (Cumulative area) 

    Via: L1M1_PR
      Partial area ratio:    0.12
      Required ratio:    3.00 (Gate area) 
      Cumulative area ratio:    0.12
      Required ratio:    0.00 (Cumulative area) 


Net: net498
  Pin: _26506_/B1 (sky130_fd_sc_hd__o2bb2a_1)
    Layer: met4
      Partial area ratio:  805.71
      Required ratio:    0.00 (Gate area) 
      Partial area ratio: 4300.95
      Required ratio: 3130.28 (Side area) (VIOLATED)
      Cumulative area ratio:  814.53
      Required ratio:    0.00 (Cumulative area) 
      Cumulative area ratio: 4348.94
      Required ratio:    0.00 (Cumulative side area) 

    Layer: met3
      Partial area ratio:    0.00
      Required ratio:    0.00 (Gate area) 
      Partial area ratio:    0.00
      Required ratio: 2773.88 (Side area) 
      Cumulative area ratio:    8.82
      Required ratio:    0.00 (Cumulative area) 
      Cumulative area ratio:   47.99
      Required ratio:    0.00 (Cumulative side area) 

    Layer: met2
      Partial area ratio:    2.96
      Required ratio:    0.00 (Gate area) 
      Partial area ratio:   16.33
      Required ratio: 2773.88 (Side area) 
      Cumulative area ratio:    8.82
      Required ratio:    0.00 (Cumulative area) 
      Cumulative area ratio:   47.99
      Required ratio:    0.00 (Cumulative side area) 

    Layer: met1
      Partial area ratio:    5.86
      Required ratio:    0.00 (Gate area) 
      Partial area ratio:   31.66
      Required ratio: 2773.88 (Side area) 
      Cumulative area ratio:    5.86
      Required ratio:    0.00 (Cumulative area) 
      Cumulative area ratio:   31.66
      Required ratio:    0.00 (Cumulative side area) 

    Layer: li1
      Partial area ratio:    0.00
      Required ratio:    0.00 (Gate area) 
      Partial area ratio:    0.00
      Required ratio:   75.00 (Side area) 
      Cumulative area ratio:    0.00
      Required ratio:    0.00 (Cumulative area) 
      Cumulative area ratio:    0.00
      Required ratio:    0.00 (Cumulative side area) 

    Via: M3M4_PR
      Partial area ratio:    0.32
      Required ratio:    6.00 (Gate area) 
      Cumulative area ratio:    1.22
      Required ratio:    0.00 (Cumulative area) 

    Via: M2M3_PR
      Partial area ratio:    0.32
      Required ratio:    6.00 (Gate area) 
      Cumulative area ratio:    0.90
      Required ratio:    0.00 (Cumulative area) 

    Via: M1M2_PR
      Partial area ratio:    0.36
      Required ratio:    6.00 (Gate area) 
      Cumulative area ratio:    0.59
      Required ratio:    0.00 (Cumulative area) 

    Via: L1M1_PR
      Partial area ratio:    0.23
      Required ratio:    3.00 (Gate area) 
      Cumulative area ratio:    0.23
      Required ratio:    0.00 (Cumulative area) 


[INFO ANT-0002] Found 4 net violations.
[INFO ANT-0001] Found 4 pin violations.
