Reading OpenROAD database at '/mnt/d/APIC/FIR_Openlane/Lowpass/runs/RUN_2024-06-17_19-19-26/40-odb-heuristicdiodeinsertion/1-odb-fuzzydiodeplacement/lowpass.odb'…
Reading library file at '/home/nurwiyoso14/.volare/volare/sky130/versions/bdc9412b3e468c102d01b7cf6337be06ec6e9c9a/sky130A/libs.ref/sky130_fd_sc_hd/lib/sky130_fd_sc_hd__ss_100C_1v60.lib'…
Reading design constraints file at '/nix/store/ly0xjc8f0gmgmckxcrs0bw8vqc9gf9bk-python3-3.11.6-env/lib/python3.11/site-packages/openlane/scripts/base.sdc'…
[INFO] Using clock clk…
[INFO] Setting output delay to: 5
[INFO] Setting input delay to: 5
[INFO] Setting load to: 0.033442
[INFO] Setting clock uncertainty to: 0.25
[INFO] Setting clock transition to: 0.1499999999999999944488848768742172978818416595458984375
[INFO] Setting timing derate to: 5%
Placement Analysis
---------------------------------
total displacement      15159.7 u
average displacement        0.4 u
max displacement           13.8 u
original HPWL          889091.7 u
legalized HPWL         912312.7 u
delta HPWL                    3 %

[INFO DPL-0020] Mirrored 12605 instances
[INFO DPL-0021] HPWL before          912312.7 u
[INFO DPL-0022] HPWL after           892031.0 u
[INFO DPL-0023] HPWL delta               -2.2 %
Setting global connections for newly added cells…
[INFO] Setting global connections...
Writing OpenROAD database to '/mnt/d/APIC/FIR_Openlane/Lowpass/runs/RUN_2024-06-17_19-19-26/40-odb-heuristicdiodeinsertion/2-openroad-detailedplacement/lowpass.odb'…
Writing netlist to '/mnt/d/APIC/FIR_Openlane/Lowpass/runs/RUN_2024-06-17_19-19-26/40-odb-heuristicdiodeinsertion/2-openroad-detailedplacement/lowpass.nl.v'…
Writing powered netlist to '/mnt/d/APIC/FIR_Openlane/Lowpass/runs/RUN_2024-06-17_19-19-26/40-odb-heuristicdiodeinsertion/2-openroad-detailedplacement/lowpass.pnl.v'…
Writing layout to '/mnt/d/APIC/FIR_Openlane/Lowpass/runs/RUN_2024-06-17_19-19-26/40-odb-heuristicdiodeinsertion/2-openroad-detailedplacement/lowpass.def'…
Writing timing constraints to '/mnt/d/APIC/FIR_Openlane/Lowpass/runs/RUN_2024-06-17_19-19-26/40-odb-heuristicdiodeinsertion/2-openroad-detailedplacement/lowpass.sdc'…
