
===========================================================================
report_checks -unconstrained
===========================================================================
======================= max_ff_n40C_1v95 Corner ===================================

Startpoint: input_data[0] (input port clocked by clk)
Endpoint: _22395_ (rising edge-triggered flip-flop clocked by clk)
Path Group: clk
Path Type: max

Fanout         Cap        Slew       Delay        Time   Description
---------------------------------------------------------------------------------------------
                                  0.000000    0.000000   clock clk (rise edge)
                                  0.000000    0.000000   clock network delay (propagated)
                                  5.000000    5.000000 ^ input external delay
     1    0.005357    0.022861    0.013913    5.013914 ^ input_data[0] (in)
                                                         input_data[0] (net)
                      0.022865    0.000000    5.013914 ^ input1/A (sky130_fd_sc_hd__clkbuf_8)
     2    0.145689    0.192262    0.159060    5.172974 ^ input1/X (sky130_fd_sc_hd__clkbuf_8)
                                                         net1 (net)
                      0.218192    0.053426    5.226399 ^ fanout588/A (sky130_fd_sc_hd__clkbuf_8)
    10    0.125442    0.168417    0.206584    5.432983 ^ fanout588/X (sky130_fd_sc_hd__clkbuf_8)
                                                         net588 (net)
                      0.168602    0.004856    5.437840 ^ fanout587/A (sky130_fd_sc_hd__clkbuf_4)
     6    0.062518    0.146195    0.195379    5.633218 ^ fanout587/X (sky130_fd_sc_hd__clkbuf_4)
                                                         net587 (net)
                      0.148145    0.013515    5.646733 ^ fanout586/A (sky130_fd_sc_hd__buf_4)
    10    0.070900    0.149963    0.173351    5.820084 ^ fanout586/X (sky130_fd_sc_hd__buf_4)
                                                         net586 (net)
                      0.152145    0.014480    5.834565 ^ _13154_/A (sky130_fd_sc_hd__xor2_4)
     3    0.032062    0.201057    0.185612    6.020177 ^ _13154_/X (sky130_fd_sc_hd__xor2_4)
                                                         _02634_ (net)
                      0.201068    0.001161    6.021338 ^ max_cap299/A (sky130_fd_sc_hd__buf_4)
     5    0.052135    0.113053    0.156056    6.177393 ^ max_cap299/X (sky130_fd_sc_hd__buf_4)
                                                         net299 (net)
                      0.113493    0.005728    6.183122 ^ _13215_/A2 (sky130_fd_sc_hd__a21oi_2)
     2    0.016435    0.059742    0.065956    6.249078 v _13215_/Y (sky130_fd_sc_hd__a21oi_2)
                                                         _02695_ (net)
                      0.059800    0.001479    6.250556 v _13217_/B (sky130_fd_sc_hd__xnor2_2)
     5    0.022406    0.237272    0.204639    6.455196 ^ _13217_/Y (sky130_fd_sc_hd__xnor2_2)
                                                         _02697_ (net)
                      0.237279    0.001055    6.456251 ^ _13233_/B (sky130_fd_sc_hd__xor2_1)
     2    0.018730    0.289097    0.242549    6.698800 ^ _13233_/X (sky130_fd_sc_hd__xor2_1)
                                                         _02713_ (net)
                      0.289122    0.002179    6.700979 ^ _13240_/A (sky130_fd_sc_hd__xor2_1)
     2    0.006126    0.123002    0.123790    6.824769 ^ _13240_/X (sky130_fd_sc_hd__xor2_1)
                                                         _02720_ (net)
                      0.123003    0.000270    6.825038 ^ _13241_/B (sky130_fd_sc_hd__nor2_1)
     2    0.005204    0.048497    0.037660    6.862698 v _13241_/Y (sky130_fd_sc_hd__nor2_1)
                                                         _02721_ (net)
                      0.048500    0.000258    6.862957 v _13264_/A (sky130_fd_sc_hd__nor2_1)
     3    0.018996    0.244278    0.210187    7.073143 ^ _13264_/Y (sky130_fd_sc_hd__nor2_1)
                                                         _02744_ (net)
                      0.244290    0.001405    7.074548 ^ _13266_/A (sky130_fd_sc_hd__xnor2_2)
     2    0.016967    0.084519    0.088148    7.162696 v _13266_/Y (sky130_fd_sc_hd__xnor2_2)
                                                         _02746_ (net)
                      0.084552    0.001336    7.164032 v _13267_/B (sky130_fd_sc_hd__xnor2_2)
     2    0.018410    0.203400    0.189553    7.353586 ^ _13267_/Y (sky130_fd_sc_hd__xnor2_2)
                                                         _02747_ (net)
                      0.203416    0.001406    7.354992 ^ _13465_/B (sky130_fd_sc_hd__xor2_4)
     6    0.061444    0.338003    0.277484    7.632476 ^ _13465_/X (sky130_fd_sc_hd__xor2_4)
                                                         _02958_ (net)
                      0.338600    0.011384    7.643860 ^ _13468_/A (sky130_fd_sc_hd__xnor2_4)
     2    0.024872    0.178430    0.110979    7.754839 ^ _13468_/Y (sky130_fd_sc_hd__xnor2_4)
                                                         _02962_ (net)
                      0.178460    0.001750    7.756588 ^ _13488_/A (sky130_fd_sc_hd__xor2_4)
     4    0.103544    0.543854    0.436486    8.193075 ^ _13488_/X (sky130_fd_sc_hd__xor2_4)
                                                         _02984_ (net)
                      0.544058    0.008704    8.201779 ^ _13499_/A (sky130_fd_sc_hd__xnor2_1)
     2    0.007809    0.112486    0.080609    8.282389 v _13499_/Y (sky130_fd_sc_hd__xnor2_1)
                                                         _02996_ (net)
                      0.112488    0.000335    8.282723 v _13518_/A (sky130_fd_sc_hd__xnor2_1)
     2    0.018207    0.299247    0.288082    8.570806 ^ _13518_/Y (sky130_fd_sc_hd__xnor2_1)
                                                         _03017_ (net)
                      0.299260    0.001624    8.572430 ^ _13540_/A (sky130_fd_sc_hd__xor2_1)
     2    0.009649    0.168371    0.157463    8.729894 ^ _13540_/X (sky130_fd_sc_hd__xor2_1)
                                                         _03041_ (net)
                      0.168375    0.000607    8.730500 ^ _13577_/A (sky130_fd_sc_hd__xor2_1)
     2    0.009566    0.167200    0.159483    8.889983 ^ _13577_/X (sky130_fd_sc_hd__xor2_1)
                                                         _03082_ (net)
                      0.167205    0.000701    8.890684 ^ _13630_/A (sky130_fd_sc_hd__xnor2_1)
     2    0.004902    0.110880    0.091656    8.982340 ^ _13630_/Y (sky130_fd_sc_hd__xnor2_1)
                                                         _03140_ (net)
                      0.110882    0.000312    8.982652 ^ _13649_/A (sky130_fd_sc_hd__or2_1)
     2    0.009139    0.071013    0.105380    9.088031 ^ _13649_/X (sky130_fd_sc_hd__or2_1)
                                                         _03161_ (net)
                      0.071019    0.000536    9.088568 ^ _13650_/B (sky130_fd_sc_hd__nand2_1)
     1    0.005185    0.039167    0.042779    9.131347 v _13650_/Y (sky130_fd_sc_hd__nand2_1)
                                                         _03162_ (net)
                      0.039173    0.000373    9.131720 v _13698_/A (sky130_fd_sc_hd__xnor2_1)
     2    0.008485    0.160497    0.159865    9.291585 ^ _13698_/Y (sky130_fd_sc_hd__xnor2_1)
                                                         _03215_ (net)
                      0.160503    0.000782    9.292367 ^ _13703_/A (sky130_fd_sc_hd__xnor2_1)
     2    0.008604    0.065785    0.078856    9.371223 v _13703_/Y (sky130_fd_sc_hd__xnor2_1)
                                                         _03220_ (net)
                      0.065801    0.000786    9.372009 v _13758_/A (sky130_fd_sc_hd__xnor2_1)
     2    0.010650    0.191094    0.192520    9.564529 ^ _13758_/Y (sky130_fd_sc_hd__xnor2_1)
                                                         _03281_ (net)
                      0.191100    0.000834    9.565363 ^ _13850_/B1 (sky130_fd_sc_hd__o21ai_1)
     3    0.009299    0.070852    0.063570    9.628933 v _13850_/Y (sky130_fd_sc_hd__o21ai_1)
                                                         _03382_ (net)
                      0.070859    0.000560    9.629492 v _13852_/A2 (sky130_fd_sc_hd__a21oi_1)
     3    0.013639    0.224276    0.217280    9.846772 ^ _13852_/Y (sky130_fd_sc_hd__a21oi_1)
                                                         _03384_ (net)
                      0.224282    0.000961    9.847733 ^ _13853_/A2 (sky130_fd_sc_hd__o21ai_2)
     3    0.014098    0.070890    0.061811    9.909545 v _13853_/Y (sky130_fd_sc_hd__o21ai_2)
                                                         _03385_ (net)
                      0.070903    0.000740    9.910284 v _13854_/A2 (sky130_fd_sc_hd__a21o_2)
     3    0.068169    0.126190    0.237297   10.147582 v _13854_/X (sky130_fd_sc_hd__a21o_2)
                                                         _03386_ (net)
                      0.126389    0.004272   10.151854 v _17116_/A2 (sky130_fd_sc_hd__a211o_4)
     3    0.059454    0.095242    0.298487   10.450340 v _17116_/X (sky130_fd_sc_hd__a211o_4)
                                                         _06973_ (net)
                      0.095437    0.003666   10.454007 v _18257_/A2 (sky130_fd_sc_hd__a21o_1)
     3    0.008746    0.041808    0.151987   10.605993 v _18257_/X (sky130_fd_sc_hd__a21o_1)
                                                         _08228_ (net)
                      0.041816    0.000512   10.606506 v _19506_/A2 (sky130_fd_sc_hd__a21oi_1)
     3    0.009698    0.169554    0.167140   10.773646 ^ _19506_/Y (sky130_fd_sc_hd__a21oi_1)
                                                         _09600_ (net)
                      0.169557    0.000569   10.774216 ^ _21134_/A2 (sky130_fd_sc_hd__o21ai_1)
     3    0.008550    0.061325    0.069679   10.843895 v _21134_/Y (sky130_fd_sc_hd__o21ai_1)
                                                         _00211_ (net)
                      0.061327    0.000316   10.844212 v _21911_/B (sky130_fd_sc_hd__and3_1)
     1    0.001903    0.024661    0.107542   10.951754 v _21911_/X (sky130_fd_sc_hd__and3_1)
                                                         _01065_ (net)
                      0.024661    0.000137   10.951890 v _21913_/B (sky130_fd_sc_hd__or3_2)
     1    0.047413    0.131459    0.355143   11.307034 v _21913_/X (sky130_fd_sc_hd__or3_2)
                                                         _01067_ (net)
                      0.132449    0.008959   11.315993 v _21914_/A3 (sky130_fd_sc_hd__a31o_1)
     1    0.032560    0.113057    0.254235   11.570228 v _21914_/X (sky130_fd_sc_hd__a31o_1)
                                                         _01068_ (net)
                      0.113392    0.005046   11.575274 v _22033_/A2 (sky130_fd_sc_hd__o21a_2)
     1    0.042896    0.084993    0.213165   11.788438 v _22033_/X (sky130_fd_sc_hd__o21a_2)
                                                         _01199_ (net)
                      0.086263    0.008233   11.796671 v _22196_/A1 (sky130_fd_sc_hd__o22a_1)
     1    0.006220    0.037258    0.152797   11.949468 v _22196_/X (sky130_fd_sc_hd__o22a_1)
                                                         _01378_ (net)
                      0.037268    0.000484   11.949951 v _22243_/A2 (sky130_fd_sc_hd__o21ba_1)
     1    0.002895    0.025976    0.103790   12.053741 v _22243_/X (sky130_fd_sc_hd__o21ba_1)
                                                         _01430_ (net)
                      0.025978    0.000200   12.053942 v _22245_/B1 (sky130_fd_sc_hd__o32a_1)
     1    0.002664    0.036784    0.096975   12.150916 v _22245_/X (sky130_fd_sc_hd__o32a_1)
                                                         _00005_ (net)
                      0.036784    0.000107   12.151024 v _22395_/D (sky130_fd_sc_hd__dfxtp_4)
                                             12.151024   data arrival time

                                 25.000000   25.000000   clock clk (rise edge)
                                  0.000000   25.000000   clock source latency
     1    0.107268    0.364870    0.271953   25.271952 ^ clk (in)
                                                         clk (net)
                      0.374772    0.000000   25.271952 ^ clkbuf_0_clk/A (sky130_fd_sc_hd__clkbuf_16)
     2    0.032488    0.048410    0.142244   25.414196 ^ clkbuf_0_clk/X (sky130_fd_sc_hd__clkbuf_16)
                                                         clknet_0_clk (net)
                      0.048436    0.002014   25.416210 ^ clkbuf_1_0__f_clk/A (sky130_fd_sc_hd__clkbuf_16)
     9    0.039487    0.044504    0.100263   25.516474 ^ clkbuf_1_0__f_clk/X (sky130_fd_sc_hd__clkbuf_16)
                                                         clknet_1_0__leaf_clk (net)
                      0.045129    0.003981   25.520454 ^ _22395_/CLK (sky130_fd_sc_hd__dfxtp_4)
                                 -0.250000   25.270454   clock uncertainty
                                  0.000000   25.270454   clock reconvergence pessimism
                                 -0.070581   25.199873   library setup time
                                             25.199873   data required time
---------------------------------------------------------------------------------------------
                                             25.199873   data required time
                                            -12.151024   data arrival time
---------------------------------------------------------------------------------------------
                                             13.048849   slack (MET)




===========================================================================
report_checks --slack_max -0.01
============================================================================
======================= max_ff_n40C_1v95 Corner ===================================

No paths found.


===========================================================================
 report_check_types -max_slew -max_cap -max_fanout -violators
============================================================================
======================= max_ff_n40C_1v95 Corner ===================================

max fanout

Pin                                   Limit Fanout  Slack
---------------------------------------------------------
_13529_/Y                                10     23    -13 (VIOLATED)
_13718_/Y                                10     21    -11 (VIOLATED)
fanout568/X                              10     15     -5 (VIOLATED)
_22260_/Y                                10     13     -3 (VIOLATED)
fanout507/X                              10     13     -3 (VIOLATED)



===========================================================================
report_parasitic_annotation -report_unannotated
============================================================================
Found 23 unannotated drivers.
 input_data[127]
 input_data[191]
 input_data[207]
 input_data[208]
 input_data[209]
 input_data[210]
 input_data[211]
 input_data[212]
 input_data[213]
 input_data[214]
 input_data[215]
 input_data[216]
 input_data[217]
 input_data[218]
 input_data[219]
 input_data[220]
 input_data[221]
 input_data[222]
 input_data[223]
 input_data[238]
 input_data[239]
 input_data[63]
 input_data[79]
Found 0 partially unannotated drivers.

===========================================================================
max slew violation count 0
max fanout violation count 5
max cap violation count 0
============================================================================

===========================================================================
check_setup -verbose -unconstrained_endpoints -multiple_clock -no_clock -no_input_delay -loops -generated_clocks
===========================================================================
