
===========================================================================
report_checks -unconstrained
===========================================================================
======================= nom_ss_100C_1v60 Corner ===================================

Startpoint: input_data[81] (input port clocked by clk)
Endpoint: _22395_ (rising edge-triggered flip-flop clocked by clk)
Path Group: clk
Path Type: max

Fanout         Cap        Slew       Delay        Time   Description
---------------------------------------------------------------------------------------------
                                  0.000000    0.000000   clock clk (rise edge)
                                  0.000000    0.000000   clock network delay (propagated)
                                  5.000000    5.000000 ^ input external delay
     2    0.004070    0.040811    0.022487    5.022488 ^ input_data[81] (in)
                                                         input_data[81] (net)
                      0.040812    0.000000    5.022488 ^ input197/A (sky130_fd_sc_hd__buf_2)
     2    0.062347    0.479091    0.472192    5.494679 ^ input197/X (sky130_fd_sc_hd__buf_2)
                                                         net197 (net)
                      0.479739    0.014565    5.509244 ^ fanout419/A (sky130_fd_sc_hd__clkbuf_4)
    12    0.077253    0.367580    0.646758    6.156002 ^ fanout419/X (sky130_fd_sc_hd__clkbuf_4)
                                                         net419 (net)
                      0.368006    0.010343    6.166345 ^ fanout418/A (sky130_fd_sc_hd__buf_2)
    12    0.054885    0.426386    0.579078    6.745423 ^ fanout418/X (sky130_fd_sc_hd__buf_2)
                                                         net418 (net)
                      0.426425    0.003437    6.748860 ^ fanout417/A (sky130_fd_sc_hd__buf_2)
    12    0.050243    0.391683    0.578320    7.327180 ^ fanout417/X (sky130_fd_sc_hd__buf_2)
                                                         net417 (net)
                      0.391698    0.002078    7.329258 ^ fanout416/A (sky130_fd_sc_hd__buf_6)
    10    0.086510    0.278800    0.461722    7.790980 ^ fanout416/X (sky130_fd_sc_hd__buf_6)
                                                         net416 (net)
                      0.278880    0.003911    7.794891 ^ _11244_/B (sky130_fd_sc_hd__nor2_1)
     4    0.017597    0.173583    0.256498    8.051389 v _11244_/Y (sky130_fd_sc_hd__nor2_1)
                                                         _03356_ (net)
                      0.173584    0.000308    8.051698 v _11246_/B (sky130_fd_sc_hd__or2_1)
     1    0.005734    0.123113    0.534249    8.585946 v _11246_/X (sky130_fd_sc_hd__or2_1)
                                                         _03378_ (net)
                      0.123113    0.000194    8.586140 v fanout270/A (sky130_fd_sc_hd__clkbuf_4)
    10    0.090337    0.313967    0.488011    9.074151 v fanout270/X (sky130_fd_sc_hd__clkbuf_4)
                                                         net270 (net)
                      0.313975    0.001368    9.075519 v fanout269/A (sky130_fd_sc_hd__buf_6)
    20    0.107970    0.178115    0.445143    9.520662 v fanout269/X (sky130_fd_sc_hd__buf_6)
                                                         net269 (net)
                      0.178345    0.005377    9.526039 v _11539_/A (sky130_fd_sc_hd__nor2_1)
     3    0.020058    0.606651    0.564985   10.091024 ^ _11539_/Y (sky130_fd_sc_hd__nor2_1)
                                                         _06600_ (net)
                      0.606651    0.000403   10.091428 ^ _11541_/A (sky130_fd_sc_hd__nor2_2)
     2    0.028304    0.207513    0.370104   10.461532 v _11541_/Y (sky130_fd_sc_hd__nor2_2)
                                                         _06622_ (net)
                      0.207517    0.000788   10.462319 v _11663_/A1 (sky130_fd_sc_hd__a21oi_2)
     2    0.017378    0.372991    0.439462   10.901781 ^ _11663_/Y (sky130_fd_sc_hd__a21oi_2)
                                                         _07963_ (net)
                      0.372993    0.000719   10.902500 ^ _11665_/B (sky130_fd_sc_hd__xor2_1)
     2    0.013769    0.501420    0.584413   11.486914 ^ _11665_/X (sky130_fd_sc_hd__xor2_1)
                                                         _07985_ (net)
                      0.501420    0.000465   11.487379 ^ _11666_/B (sky130_fd_sc_hd__xnor2_1)
     2    0.011351    0.464291    0.437928   11.925307 ^ _11666_/Y (sky130_fd_sc_hd__xnor2_1)
                                                         _07996_ (net)
                      0.464291    0.000340   11.925648 ^ _11668_/B (sky130_fd_sc_hd__xnor2_1)
     2    0.011916    0.228234    0.368938   12.294585 v _11668_/Y (sky130_fd_sc_hd__xnor2_1)
                                                         _08018_ (net)
                      0.228235    0.000407   12.294992 v _11670_/B (sky130_fd_sc_hd__or2_1)
     1    0.009755    0.158132    0.597388   12.892380 v _11670_/X (sky130_fd_sc_hd__or2_1)
                                                         _08040_ (net)
                      0.158134    0.000557   12.892937 v _11671_/B (sky130_fd_sc_hd__and2_2)
     4    0.030448    0.178129    0.564667   13.457604 v _11671_/X (sky130_fd_sc_hd__and2_2)
                                                         _08051_ (net)
                      0.178145    0.001423   13.459027 v _11845_/A (sky130_fd_sc_hd__and3_1)
     4    0.034786    0.330010    0.572589   14.031616 v _11845_/X (sky130_fd_sc_hd__and3_1)
                                                         _09964_ (net)
                      0.330020    0.001571   14.033188 v _11878_/A (sky130_fd_sc_hd__or4bb_4)
     3    0.013139    0.183023    1.206052   15.239240 v _11878_/X (sky130_fd_sc_hd__or4bb_4)
                                                         _10327_ (net)
                      0.183024    0.000703   15.239944 v _11880_/B (sky130_fd_sc_hd__and3_1)
     2    0.009639    0.126741    0.447626   15.687569 v _11880_/X (sky130_fd_sc_hd__and3_1)
                                                         _10349_ (net)
                      0.126743    0.000430   15.687999 v _11882_/B (sky130_fd_sc_hd__or3_1)
     3    0.013796    0.242650    0.966612   16.654610 v _11882_/X (sky130_fd_sc_hd__or3_1)
                                                         _10370_ (net)
                      0.242652    0.000444   16.655054 v _11897_/A1 (sky130_fd_sc_hd__a211o_1)
     3    0.008877    0.138914    0.618064   17.273119 v _11897_/X (sky130_fd_sc_hd__a211o_1)
                                                         _10535_ (net)
                      0.138915    0.000306   17.273424 v _11898_/C (sky130_fd_sc_hd__and3_1)
     2    0.006978    0.104601    0.432156   17.705580 v _11898_/X (sky130_fd_sc_hd__and3_1)
                                                         _10546_ (net)
                      0.104601    0.000217   17.705797 v _11917_/B1 (sky130_fd_sc_hd__a211o_1)
     3    0.011958    0.167651    0.605764   18.311562 v _11917_/X (sky130_fd_sc_hd__a211o_1)
                                                         _10755_ (net)
                      0.167652    0.000348   18.311909 v _11920_/B (sky130_fd_sc_hd__and3_2)
     4    0.023492    0.156989    0.559416   18.871325 v _11920_/X (sky130_fd_sc_hd__and3_2)
                                                         _10788_ (net)
                      0.156997    0.000892   18.872217 v _11947_/A (sky130_fd_sc_hd__or3_4)
     5    0.025455    0.177931    0.885150   19.757366 v _11947_/X (sky130_fd_sc_hd__or3_4)
                                                         _11085_ (net)
                      0.177934    0.001549   19.758915 v _11949_/B (sky130_fd_sc_hd__and3_1)
     2    0.007074    0.105378    0.423613   20.182528 v _11949_/X (sky130_fd_sc_hd__and3_1)
                                                         _11107_ (net)
                      0.105379    0.000252   20.182781 v _11979_/A (sky130_fd_sc_hd__or3_2)
     5    0.020746    0.264700    1.288248   21.471027 v _11979_/X (sky130_fd_sc_hd__or3_2)
                                                         _00258_ (net)
                      0.264700    0.001048   21.472076 v _11981_/B (sky130_fd_sc_hd__and3_1)
     2    0.009233    0.123260    0.485404   21.957479 v _11981_/X (sky130_fd_sc_hd__and3_1)
                                                         _00280_ (net)
                      0.123261    0.000291   21.957771 v _12019_/A1 (sky130_fd_sc_hd__o211a_1)
     2    0.008812    0.123526    0.482379   22.440149 v _12019_/X (sky130_fd_sc_hd__o211a_1)
                                                         _00697_ (net)
                      0.123527    0.000254   22.440405 v _12021_/A2 (sky130_fd_sc_hd__o21a_1)
     2    0.010298    0.131031    0.396350   22.836754 v _12021_/X (sky130_fd_sc_hd__o21a_1)
                                                         _00719_ (net)
                      0.131033    0.000359   22.837112 v _12118_/B (sky130_fd_sc_hd__nor3_2)
     3    0.011194    0.383985    0.421547   23.258659 ^ _12118_/Y (sky130_fd_sc_hd__nor3_2)
                                                         _01598_ (net)
                      0.383985    0.000247   23.258907 ^ _16802_/B1_N (sky130_fd_sc_hd__o21ba_1)
     2    0.010509    0.129879    0.443455   23.702362 v _16802_/X (sky130_fd_sc_hd__o21ba_1)
                                                         _06628_ (net)
                      0.129880    0.000268   23.702629 v _17945_/A2 (sky130_fd_sc_hd__o21bai_1)
     2    0.010484    0.403202    0.403308   24.105938 ^ _17945_/Y (sky130_fd_sc_hd__o21bai_1)
                                                         _07884_ (net)
                      0.403202    0.000201   24.106138 ^ _19186_/A2 (sky130_fd_sc_hd__a21o_1)
     3    0.011518    0.173053    0.417307   24.523445 ^ _19186_/X (sky130_fd_sc_hd__a21o_1)
                                                         _09248_ (net)
                      0.173054    0.000274   24.523720 ^ _20615_/A2 (sky130_fd_sc_hd__a21o_1)
     3    0.014048    0.204813    0.361290   24.885008 ^ _20615_/X (sky130_fd_sc_hd__a21o_1)
                                                         _10819_ (net)
                      0.204814    0.000380   24.885389 ^ _21715_/A1 (sky130_fd_sc_hd__a221o_1)
     1    0.005998    0.129014    0.371806   25.257195 ^ _21715_/X (sky130_fd_sc_hd__a221o_1)
                                                         _00849_ (net)
                      0.129015    0.000199   25.257393 ^ _21716_/B1 (sky130_fd_sc_hd__o311ai_2)
     1    0.011934    0.279039    0.320506   25.577900 v _21716_/Y (sky130_fd_sc_hd__o311ai_2)
                                                         _00850_ (net)
                      0.279040    0.000714   25.578613 v _21914_/A2 (sky130_fd_sc_hd__a31o_1)
     1    0.012240    0.143284    0.539174   26.117788 v _21914_/X (sky130_fd_sc_hd__a31o_1)
                                                         _01068_ (net)
                      0.143289    0.000723   26.118511 v _22033_/A2 (sky130_fd_sc_hd__o21a_1)
     2    0.021079    0.222018    0.483743   26.602253 v _22033_/X (sky130_fd_sc_hd__o21a_1)
                                                         _01199_ (net)
                      0.222036    0.001677   26.603931 v _22196_/A1 (sky130_fd_sc_hd__o22a_1)
     1    0.005474    0.110920    0.473118   27.077049 v _22196_/X (sky130_fd_sc_hd__o22a_1)
                                                         _01378_ (net)
                      0.110921    0.000215   27.077265 v _22243_/A2 (sky130_fd_sc_hd__o21ba_1)
     1    0.003113    0.066716    0.326059   27.403322 v _22243_/X (sky130_fd_sc_hd__o21ba_1)
                                                         _01430_ (net)
                      0.066716    0.000092   27.403416 v _22245_/B1 (sky130_fd_sc_hd__o32a_1)
     1    0.003431    0.119888    0.332076   27.735491 v _22245_/X (sky130_fd_sc_hd__o32a_1)
                                                         _00005_ (net)
                      0.119888    0.000108   27.735600 v _22395_/D (sky130_fd_sc_hd__dfxtp_4)
                                             27.735600   data arrival time

                                 25.000000   25.000000   clock clk (rise edge)
                                  0.000000   25.000000   clock source latency
     2    0.093449    0.673389    0.480227   25.480227 ^ clk (in)
                                                         clk (net)
                      0.675050    0.000000   25.480227 ^ clkbuf_0_clk/A (sky130_fd_sc_hd__clkbuf_16)
     4    0.034493    0.094701    0.490337   25.970564 ^ clkbuf_0_clk/X (sky130_fd_sc_hd__clkbuf_16)
                                                         clknet_0_clk (net)
                      0.094727    0.001231   25.971794 ^ clkbuf_1_1__f_clk/A (sky130_fd_sc_hd__clkbuf_16)
    14    0.058544    0.118661    0.281300   26.253094 ^ clkbuf_1_1__f_clk/X (sky130_fd_sc_hd__clkbuf_16)
                                                         clknet_1_1__leaf_clk (net)
                      0.118716    0.001988   26.255083 ^ _22395_/CLK (sky130_fd_sc_hd__dfxtp_4)
                                 -0.250000   26.005083   clock uncertainty
                                  0.000000   26.005083   clock reconvergence pessimism
                                 -0.280390   25.724693   library setup time
                                             25.724693   data required time
---------------------------------------------------------------------------------------------
                                             25.724693   data required time
                                            -27.735600   data arrival time
---------------------------------------------------------------------------------------------
                                             -2.010907   slack (VIOLATED)




===========================================================================
report_checks --slack_max -0.01
============================================================================
======================= nom_ss_100C_1v60 Corner ===================================

Startpoint: input_data[81] (input port clocked by clk)
Endpoint: _22395_ (rising edge-triggered flip-flop clocked by clk)
Path Group: clk
Path Type: max

Fanout         Cap        Slew       Delay        Time   Description
---------------------------------------------------------------------------------------------
                                  0.000000    0.000000   clock clk (rise edge)
                                  0.000000    0.000000   clock network delay (propagated)
                                  5.000000    5.000000 ^ input external delay
     2    0.004070    0.040811    0.022487    5.022488 ^ input_data[81] (in)
                                                         input_data[81] (net)
                      0.040812    0.000000    5.022488 ^ input197/A (sky130_fd_sc_hd__buf_2)
     2    0.062347    0.479091    0.472192    5.494679 ^ input197/X (sky130_fd_sc_hd__buf_2)
                                                         net197 (net)
                      0.479739    0.014565    5.509244 ^ fanout419/A (sky130_fd_sc_hd__clkbuf_4)
    12    0.077253    0.367580    0.646758    6.156002 ^ fanout419/X (sky130_fd_sc_hd__clkbuf_4)
                                                         net419 (net)
                      0.368006    0.010343    6.166345 ^ fanout418/A (sky130_fd_sc_hd__buf_2)
    12    0.054885    0.426386    0.579078    6.745423 ^ fanout418/X (sky130_fd_sc_hd__buf_2)
                                                         net418 (net)
                      0.426425    0.003437    6.748860 ^ fanout417/A (sky130_fd_sc_hd__buf_2)
    12    0.050243    0.391683    0.578320    7.327180 ^ fanout417/X (sky130_fd_sc_hd__buf_2)
                                                         net417 (net)
                      0.391698    0.002078    7.329258 ^ fanout416/A (sky130_fd_sc_hd__buf_6)
    10    0.086510    0.278800    0.461722    7.790980 ^ fanout416/X (sky130_fd_sc_hd__buf_6)
                                                         net416 (net)
                      0.278880    0.003911    7.794891 ^ _11244_/B (sky130_fd_sc_hd__nor2_1)
     4    0.017597    0.173583    0.256498    8.051389 v _11244_/Y (sky130_fd_sc_hd__nor2_1)
                                                         _03356_ (net)
                      0.173584    0.000308    8.051698 v _11246_/B (sky130_fd_sc_hd__or2_1)
     1    0.005734    0.123113    0.534249    8.585946 v _11246_/X (sky130_fd_sc_hd__or2_1)
                                                         _03378_ (net)
                      0.123113    0.000194    8.586140 v fanout270/A (sky130_fd_sc_hd__clkbuf_4)
    10    0.090337    0.313967    0.488011    9.074151 v fanout270/X (sky130_fd_sc_hd__clkbuf_4)
                                                         net270 (net)
                      0.313975    0.001368    9.075519 v fanout269/A (sky130_fd_sc_hd__buf_6)
    20    0.107970    0.178115    0.445143    9.520662 v fanout269/X (sky130_fd_sc_hd__buf_6)
                                                         net269 (net)
                      0.178345    0.005377    9.526039 v _11539_/A (sky130_fd_sc_hd__nor2_1)
     3    0.020058    0.606651    0.564985   10.091024 ^ _11539_/Y (sky130_fd_sc_hd__nor2_1)
                                                         _06600_ (net)
                      0.606651    0.000403   10.091428 ^ _11541_/A (sky130_fd_sc_hd__nor2_2)
     2    0.028304    0.207513    0.370104   10.461532 v _11541_/Y (sky130_fd_sc_hd__nor2_2)
                                                         _06622_ (net)
                      0.207517    0.000788   10.462319 v _11663_/A1 (sky130_fd_sc_hd__a21oi_2)
     2    0.017378    0.372991    0.439462   10.901781 ^ _11663_/Y (sky130_fd_sc_hd__a21oi_2)
                                                         _07963_ (net)
                      0.372993    0.000719   10.902500 ^ _11665_/B (sky130_fd_sc_hd__xor2_1)
     2    0.013769    0.501420    0.584413   11.486914 ^ _11665_/X (sky130_fd_sc_hd__xor2_1)
                                                         _07985_ (net)
                      0.501420    0.000465   11.487379 ^ _11666_/B (sky130_fd_sc_hd__xnor2_1)
     2    0.011351    0.464291    0.437928   11.925307 ^ _11666_/Y (sky130_fd_sc_hd__xnor2_1)
                                                         _07996_ (net)
                      0.464291    0.000340   11.925648 ^ _11668_/B (sky130_fd_sc_hd__xnor2_1)
     2    0.011916    0.228234    0.368938   12.294585 v _11668_/Y (sky130_fd_sc_hd__xnor2_1)
                                                         _08018_ (net)
                      0.228235    0.000407   12.294992 v _11670_/B (sky130_fd_sc_hd__or2_1)
     1    0.009755    0.158132    0.597388   12.892380 v _11670_/X (sky130_fd_sc_hd__or2_1)
                                                         _08040_ (net)
                      0.158134    0.000557   12.892937 v _11671_/B (sky130_fd_sc_hd__and2_2)
     4    0.030448    0.178129    0.564667   13.457604 v _11671_/X (sky130_fd_sc_hd__and2_2)
                                                         _08051_ (net)
                      0.178145    0.001423   13.459027 v _11845_/A (sky130_fd_sc_hd__and3_1)
     4    0.034786    0.330010    0.572589   14.031616 v _11845_/X (sky130_fd_sc_hd__and3_1)
                                                         _09964_ (net)
                      0.330020    0.001571   14.033188 v _11878_/A (sky130_fd_sc_hd__or4bb_4)
     3    0.013139    0.183023    1.206052   15.239240 v _11878_/X (sky130_fd_sc_hd__or4bb_4)
                                                         _10327_ (net)
                      0.183024    0.000703   15.239944 v _11880_/B (sky130_fd_sc_hd__and3_1)
     2    0.009639    0.126741    0.447626   15.687569 v _11880_/X (sky130_fd_sc_hd__and3_1)
                                                         _10349_ (net)
                      0.126743    0.000430   15.687999 v _11882_/B (sky130_fd_sc_hd__or3_1)
     3    0.013796    0.242650    0.966612   16.654610 v _11882_/X (sky130_fd_sc_hd__or3_1)
                                                         _10370_ (net)
                      0.242652    0.000444   16.655054 v _11897_/A1 (sky130_fd_sc_hd__a211o_1)
     3    0.008877    0.138914    0.618064   17.273119 v _11897_/X (sky130_fd_sc_hd__a211o_1)
                                                         _10535_ (net)
                      0.138915    0.000306   17.273424 v _11898_/C (sky130_fd_sc_hd__and3_1)
     2    0.006978    0.104601    0.432156   17.705580 v _11898_/X (sky130_fd_sc_hd__and3_1)
                                                         _10546_ (net)
                      0.104601    0.000217   17.705797 v _11917_/B1 (sky130_fd_sc_hd__a211o_1)
     3    0.011958    0.167651    0.605764   18.311562 v _11917_/X (sky130_fd_sc_hd__a211o_1)
                                                         _10755_ (net)
                      0.167652    0.000348   18.311909 v _11920_/B (sky130_fd_sc_hd__and3_2)
     4    0.023492    0.156989    0.559416   18.871325 v _11920_/X (sky130_fd_sc_hd__and3_2)
                                                         _10788_ (net)
                      0.156997    0.000892   18.872217 v _11947_/A (sky130_fd_sc_hd__or3_4)
     5    0.025455    0.177931    0.885150   19.757366 v _11947_/X (sky130_fd_sc_hd__or3_4)
                                                         _11085_ (net)
                      0.177934    0.001549   19.758915 v _11949_/B (sky130_fd_sc_hd__and3_1)
     2    0.007074    0.105378    0.423613   20.182528 v _11949_/X (sky130_fd_sc_hd__and3_1)
                                                         _11107_ (net)
                      0.105379    0.000252   20.182781 v _11979_/A (sky130_fd_sc_hd__or3_2)
     5    0.020746    0.264700    1.288248   21.471027 v _11979_/X (sky130_fd_sc_hd__or3_2)
                                                         _00258_ (net)
                      0.264700    0.001048   21.472076 v _11981_/B (sky130_fd_sc_hd__and3_1)
     2    0.009233    0.123260    0.485404   21.957479 v _11981_/X (sky130_fd_sc_hd__and3_1)
                                                         _00280_ (net)
                      0.123261    0.000291   21.957771 v _12019_/A1 (sky130_fd_sc_hd__o211a_1)
     2    0.008812    0.123526    0.482379   22.440149 v _12019_/X (sky130_fd_sc_hd__o211a_1)
                                                         _00697_ (net)
                      0.123527    0.000254   22.440405 v _12021_/A2 (sky130_fd_sc_hd__o21a_1)
     2    0.010298    0.131031    0.396350   22.836754 v _12021_/X (sky130_fd_sc_hd__o21a_1)
                                                         _00719_ (net)
                      0.131033    0.000359   22.837112 v _12118_/B (sky130_fd_sc_hd__nor3_2)
     3    0.011194    0.383985    0.421547   23.258659 ^ _12118_/Y (sky130_fd_sc_hd__nor3_2)
                                                         _01598_ (net)
                      0.383985    0.000247   23.258907 ^ _16802_/B1_N (sky130_fd_sc_hd__o21ba_1)
     2    0.010509    0.129879    0.443455   23.702362 v _16802_/X (sky130_fd_sc_hd__o21ba_1)
                                                         _06628_ (net)
                      0.129880    0.000268   23.702629 v _17945_/A2 (sky130_fd_sc_hd__o21bai_1)
     2    0.010484    0.403202    0.403308   24.105938 ^ _17945_/Y (sky130_fd_sc_hd__o21bai_1)
                                                         _07884_ (net)
                      0.403202    0.000201   24.106138 ^ _19186_/A2 (sky130_fd_sc_hd__a21o_1)
     3    0.011518    0.173053    0.417307   24.523445 ^ _19186_/X (sky130_fd_sc_hd__a21o_1)
                                                         _09248_ (net)
                      0.173054    0.000274   24.523720 ^ _20615_/A2 (sky130_fd_sc_hd__a21o_1)
     3    0.014048    0.204813    0.361290   24.885008 ^ _20615_/X (sky130_fd_sc_hd__a21o_1)
                                                         _10819_ (net)
                      0.204814    0.000380   24.885389 ^ _21715_/A1 (sky130_fd_sc_hd__a221o_1)
     1    0.005998    0.129014    0.371806   25.257195 ^ _21715_/X (sky130_fd_sc_hd__a221o_1)
                                                         _00849_ (net)
                      0.129015    0.000199   25.257393 ^ _21716_/B1 (sky130_fd_sc_hd__o311ai_2)
     1    0.011934    0.279039    0.320506   25.577900 v _21716_/Y (sky130_fd_sc_hd__o311ai_2)
                                                         _00850_ (net)
                      0.279040    0.000714   25.578613 v _21914_/A2 (sky130_fd_sc_hd__a31o_1)
     1    0.012240    0.143284    0.539174   26.117788 v _21914_/X (sky130_fd_sc_hd__a31o_1)
                                                         _01068_ (net)
                      0.143289    0.000723   26.118511 v _22033_/A2 (sky130_fd_sc_hd__o21a_1)
     2    0.021079    0.222018    0.483743   26.602253 v _22033_/X (sky130_fd_sc_hd__o21a_1)
                                                         _01199_ (net)
                      0.222036    0.001677   26.603931 v _22196_/A1 (sky130_fd_sc_hd__o22a_1)
     1    0.005474    0.110920    0.473118   27.077049 v _22196_/X (sky130_fd_sc_hd__o22a_1)
                                                         _01378_ (net)
                      0.110921    0.000215   27.077265 v _22243_/A2 (sky130_fd_sc_hd__o21ba_1)
     1    0.003113    0.066716    0.326059   27.403322 v _22243_/X (sky130_fd_sc_hd__o21ba_1)
                                                         _01430_ (net)
                      0.066716    0.000092   27.403416 v _22245_/B1 (sky130_fd_sc_hd__o32a_1)
     1    0.003431    0.119888    0.332076   27.735491 v _22245_/X (sky130_fd_sc_hd__o32a_1)
                                                         _00005_ (net)
                      0.119888    0.000108   27.735600 v _22395_/D (sky130_fd_sc_hd__dfxtp_4)
                                             27.735600   data arrival time

                                 25.000000   25.000000   clock clk (rise edge)
                                  0.000000   25.000000   clock source latency
     2    0.093449    0.673389    0.480227   25.480227 ^ clk (in)
                                                         clk (net)
                      0.675050    0.000000   25.480227 ^ clkbuf_0_clk/A (sky130_fd_sc_hd__clkbuf_16)
     4    0.034493    0.094701    0.490337   25.970564 ^ clkbuf_0_clk/X (sky130_fd_sc_hd__clkbuf_16)
                                                         clknet_0_clk (net)
                      0.094727    0.001231   25.971794 ^ clkbuf_1_1__f_clk/A (sky130_fd_sc_hd__clkbuf_16)
    14    0.058544    0.118661    0.281300   26.253094 ^ clkbuf_1_1__f_clk/X (sky130_fd_sc_hd__clkbuf_16)
                                                         clknet_1_1__leaf_clk (net)
                      0.118716    0.001988   26.255083 ^ _22395_/CLK (sky130_fd_sc_hd__dfxtp_4)
                                 -0.250000   26.005083   clock uncertainty
                                  0.000000   26.005083   clock reconvergence pessimism
                                 -0.280390   25.724693   library setup time
                                             25.724693   data required time
---------------------------------------------------------------------------------------------
                                             25.724693   data required time
                                            -27.735600   data arrival time
---------------------------------------------------------------------------------------------
                                             -2.010907   slack (VIOLATED)




===========================================================================
 report_check_types -max_slew -max_cap -max_fanout -violators
============================================================================
======================= nom_ss_100C_1v60 Corner ===================================

max slew

Pin                                        Limit        Slew       Slack
------------------------------------------------------------------------
_21532_/B                               0.750000    1.077155   -0.327155 (VIOLATED)
ANTENNA__21532__B/DIODE                 0.750000    1.077154   -0.327154 (VIOLATED)
_21531_/X                               0.750000    1.076988   -0.326988 (VIOLATED)
ANTENNA__17098__C/DIODE                 0.750000    1.042540   -0.292540 (VIOLATED)
_17098_/C                               0.750000    1.042541   -0.292541 (VIOLATED)
_17099_/A2                              0.750000    1.042540   -0.292540 (VIOLATED)
ANTENNA__17099__A2/DIODE                0.750000    1.042540   -0.292540 (VIOLATED)
_17097_/Y                               0.750000    1.042525   -0.292525 (VIOLATED)
_21904_/B                               0.750000    0.983227   -0.233227 (VIOLATED)
ANTENNA__21904__B/DIODE                 0.750000    0.983223   -0.233223 (VIOLATED)
_21903_/Y                               0.750000    0.982561   -0.232561 (VIOLATED)
ANTENNA__19898__A/DIODE                 0.750000    0.942675   -0.192675 (VIOLATED)
_19898_/A                               0.750000    0.942675   -0.192675 (VIOLATED)
ANTENNA__17459__A/DIODE                 0.750000    0.942674   -0.192674 (VIOLATED)
_17459_/A                               0.750000    0.942674   -0.192674 (VIOLATED)
ANTENNA_fanout259_A/DIODE               0.750000    0.942668   -0.192668 (VIOLATED)
_14619_/Y                               0.750000    0.942668   -0.192668 (VIOLATED)
fanout259/A                             0.750000    0.942668   -0.192668 (VIOLATED)
_14468_/A                               0.750000    0.913767   -0.163767 (VIOLATED)
ANTENNA__14468__A/DIODE                 0.750000    0.913767   -0.163767 (VIOLATED)
_12227_/A                               0.750000    0.913766   -0.163766 (VIOLATED)
ANTENNA__12227__A/DIODE                 0.750000    0.913765   -0.163765 (VIOLATED)
ANTENNA__13665__B/DIODE                 0.750000    0.913764   -0.163764 (VIOLATED)
ANTENNA__13664__B/DIODE                 0.750000    0.913764   -0.163764 (VIOLATED)
_13664_/B                               0.750000    0.913764   -0.163764 (VIOLATED)
_13665_/B                               0.750000    0.913764   -0.163764 (VIOLATED)
ANTENNA__12386__A/DIODE                 0.750000    0.913762   -0.163762 (VIOLATED)
ANTENNA__12387__A/DIODE                 0.750000    0.913762   -0.163762 (VIOLATED)
_12226_/Y                               0.750000    0.913762   -0.163762 (VIOLATED)
_12386_/A                               0.750000    0.913762   -0.163762 (VIOLATED)
_12387_/A                               0.750000    0.913762   -0.163762 (VIOLATED)
_15923_/B1                              0.750000    0.909503   -0.159503 (VIOLATED)
_15917_/C                               0.750000    0.909503   -0.159503 (VIOLATED)
ANTENNA__15917__C/DIODE                 0.750000    0.909502   -0.159502 (VIOLATED)
ANTENNA__15918__A2/DIODE                0.750000    0.909502   -0.159502 (VIOLATED)
ANTENNA__15923__B1/DIODE                0.750000    0.909502   -0.159502 (VIOLATED)
_15918_/A2                              0.750000    0.909502   -0.159502 (VIOLATED)
_15916_/Y                               0.750000    0.909490   -0.159490 (VIOLATED)
_11884_/B                               0.750000    0.907826   -0.157826 (VIOLATED)
ANTENNA__11884__B/DIODE                 0.750000    0.907826   -0.157826 (VIOLATED)
ANTENNA__11791__A2/DIODE                0.750000    0.907826   -0.157826 (VIOLATED)
_11791_/A2                              0.750000    0.907826   -0.157826 (VIOLATED)
_11790_/Y                               0.750000    0.907809   -0.157809 (VIOLATED)
_13594_/A1                              0.750000    0.898245   -0.148245 (VIOLATED)
_12046_/A1                              0.750000    0.898244   -0.148244 (VIOLATED)
_12405_/B                               0.750000    0.898242   -0.148242 (VIOLATED)
ANTENNA__12405__B/DIODE                 0.750000    0.898242   -0.148242 (VIOLATED)
ANTENNA__12046__A1/DIODE                0.750000    0.898242   -0.148242 (VIOLATED)
ANTENNA__13594__A1/DIODE                0.750000    0.898242   -0.148242 (VIOLATED)
_12044_/B                               0.750000    0.898242   -0.148242 (VIOLATED)
ANTENNA__12044__B/DIODE                 0.750000    0.898241   -0.148241 (VIOLATED)
ANTENNA__15374__A/DIODE                 0.750000    0.898223   -0.148223 (VIOLATED)
ANTENNA__15375__A/DIODE                 0.750000    0.898223   -0.148223 (VIOLATED)
_15374_/A                               0.750000    0.898223   -0.148223 (VIOLATED)
_15375_/A                               0.750000    0.898223   -0.148223 (VIOLATED)
_11242_/Y                               0.750000    0.898217   -0.148217 (VIOLATED)
ANTENNA__16487__B1/DIODE                0.750000    0.884002   -0.134002 (VIOLATED)
_16487_/B1                              0.750000    0.884002   -0.134002 (VIOLATED)
_16475_/C                               0.750000    0.884001   -0.134002 (VIOLATED)
ANTENNA__16475__C/DIODE                 0.750000    0.884001   -0.134001 (VIOLATED)
_16474_/Y                               0.750000    0.883982   -0.133982 (VIOLATED)
_20909_/A                               0.750000    0.882167   -0.132167 (VIOLATED)
ANTENNA__20908__A/DIODE                 0.750000    0.882167   -0.132167 (VIOLATED)
ANTENNA__20909__A/DIODE                 0.750000    0.882167   -0.132167 (VIOLATED)
_20908_/A                               0.750000    0.882167   -0.132167 (VIOLATED)
_20910_/A                               0.750000    0.882167   -0.132167 (VIOLATED)
ANTENNA__20910__A/DIODE                 0.750000    0.882166   -0.132166 (VIOLATED)
_20906_/Y                               0.750000    0.882132   -0.132132 (VIOLATED)
_14807_/A                               0.750000    0.873757   -0.123757 (VIOLATED)
ANTENNA__14807__A/DIODE                 0.750000    0.873755   -0.123755 (VIOLATED)
_14834_/A1                              0.750000    0.873754   -0.123754 (VIOLATED)
ANTENNA__14834__A1/DIODE                0.750000    0.873753   -0.123753 (VIOLATED)
_11545_/A1                              0.750000    0.873742   -0.123742 (VIOLATED)
ANTENNA__11545__A1/DIODE                0.750000    0.873737   -0.123737 (VIOLATED)
ANTENNA__14154__B/DIODE                 0.750000    0.873722   -0.123722 (VIOLATED)
_14154_/B                               0.750000    0.873722   -0.123722 (VIOLATED)
_14155_/B                               0.750000    0.873719   -0.123719 (VIOLATED)
ANTENNA__14155__B/DIODE                 0.750000    0.873718   -0.123718 (VIOLATED)
ANTENNA__16689__A/DIODE                 0.750000    0.873718   -0.123718 (VIOLATED)
ANTENNA__17823__A1/DIODE                0.750000    0.873718   -0.123718 (VIOLATED)
ANTENNA__20122__A/DIODE                 0.750000    0.873718   -0.123718 (VIOLATED)
ANTENNA__21237__A1/DIODE                0.750000    0.873718   -0.123718 (VIOLATED)
_11544_/X                               0.750000    0.873718   -0.123718 (VIOLATED)
_16689_/A                               0.750000    0.873718   -0.123718 (VIOLATED)
_17823_/A1                              0.750000    0.873718   -0.123718 (VIOLATED)
_20122_/A                               0.750000    0.873718   -0.123718 (VIOLATED)
_21237_/A1                              0.750000    0.873718   -0.123718 (VIOLATED)
_21817_/A                               0.750000    0.866066   -0.116066 (VIOLATED)
ANTENNA__21817__A/DIODE                 0.750000    0.866066   -0.116066 (VIOLATED)
_21769_/Y                               0.750000    0.866003   -0.116003 (VIOLATED)
_19491_/A2                              0.750000    0.857646   -0.107646 (VIOLATED)
ANTENNA__19491__A2/DIODE                0.750000    0.857645   -0.107645 (VIOLATED)
_18239_/B                               0.750000    0.857645   -0.107645 (VIOLATED)
ANTENNA__18239__B/DIODE                 0.750000    0.857642   -0.107642 (VIOLATED)
_18238_/Y                               0.750000    0.857182   -0.107182 (VIOLATED)
_16442_/A                               0.750000    0.857128   -0.107128 (VIOLATED)
ANTENNA__16442__A/DIODE                 0.750000    0.857127   -0.107127 (VIOLATED)
_16450_/A                               0.750000    0.857127   -0.107127 (VIOLATED)
ANTENNA__16450__A/DIODE                 0.750000    0.857127   -0.107127 (VIOLATED)
_11988_/A                               0.750000    0.857084   -0.107084 (VIOLATED)
ANTENNA__11988__A/DIODE                 0.750000    0.857083   -0.107083 (VIOLATED)
_11960_/A1                              0.750000    0.857079   -0.107079 (VIOLATED)
ANTENNA__11960__A1/DIODE                0.750000    0.857077   -0.107077 (VIOLATED)
_11957_/Y                               0.750000    0.856982   -0.106982 (VIOLATED)
_16576_/A                               0.750000    0.855106   -0.105106 (VIOLATED)
_16572_/A_N                             0.750000    0.855106   -0.105106 (VIOLATED)
ANTENNA__16572__A_N/DIODE               0.750000    0.855105   -0.105105 (VIOLATED)
ANTENNA__16576__A/DIODE                 0.750000    0.855105   -0.105105 (VIOLATED)
_13656_/B                               0.750000    0.855101   -0.105101 (VIOLATED)
ANTENNA__13656__B/DIODE                 0.750000    0.855101   -0.105101 (VIOLATED)
_13659_/B                               0.750000    0.855101   -0.105101 (VIOLATED)
ANTENNA__13659__B/DIODE                 0.750000    0.855101   -0.105101 (VIOLATED)
_21395_/B                               0.750000    0.855096   -0.105096 (VIOLATED)
_22207_/B                               0.750000    0.855095   -0.105095 (VIOLATED)
ANTENNA__22207__B/DIODE                 0.750000    0.855095   -0.105095 (VIOLATED)
ANTENNA__21395__B/DIODE                 0.750000    0.855095   -0.105095 (VIOLATED)
_16530_/B                               0.750000    0.855093   -0.105093 (VIOLATED)
ANTENNA__16530__B/DIODE                 0.750000    0.855091   -0.105091 (VIOLATED)
ANTENNA__19737__B1/DIODE                0.750000    0.855088   -0.105088 (VIOLATED)
_19737_/B1                              0.750000    0.855088   -0.105088 (VIOLATED)
_19738_/A                               0.750000    0.855088   -0.105088 (VIOLATED)
ANTENNA__19738__A/DIODE                 0.750000    0.855088   -0.105088 (VIOLATED)
_13655_/Y                               0.750000    0.855086   -0.105086 (VIOLATED)
_22103_/A                               0.750000    0.853552   -0.103552 (VIOLATED)
ANTENNA__22103__A/DIODE                 0.750000    0.853552   -0.103552 (VIOLATED)
_22101_/Y                               0.750000    0.853496   -0.103496 (VIOLATED)
_20649_/A_N                             0.750000    0.842156   -0.092156 (VIOLATED)
_19113_/Y                               0.750000    0.842155   -0.092155 (VIOLATED)
_19115_/B                               0.750000    0.842155   -0.092155 (VIOLATED)
_19116_/A1                              0.750000    0.842155   -0.092155 (VIOLATED)
_13468_/A                               0.750000    0.840079   -0.090079 (VIOLATED)
_13467_/A                               0.750000    0.840076   -0.090076 (VIOLATED)
ANTENNA__13467__A/DIODE                 0.750000    0.840075   -0.090075 (VIOLATED)
ANTENNA__13468__A/DIODE                 0.750000    0.840074   -0.090074 (VIOLATED)
ANTENNA__17704__B/DIODE                 0.750000    0.839926   -0.089927 (VIOLATED)
_17704_/B                               0.750000    0.839925   -0.089925 (VIOLATED)
_17705_/A_N                             0.750000    0.839914   -0.089914 (VIOLATED)
ANTENNA__17705__A_N/DIODE               0.750000    0.839913   -0.089913 (VIOLATED)
ANTENNA__15984__A/DIODE                 0.750000    0.839895   -0.089895 (VIOLATED)
_15984_/A                               0.750000    0.839895   -0.089895 (VIOLATED)
ANTENNA__15986__A/DIODE                 0.750000    0.839895   -0.089895 (VIOLATED)
_15986_/A                               0.750000    0.839895   -0.089895 (VIOLATED)
_13465_/X                               0.750000    0.839893   -0.089893 (VIOLATED)
_13767_/B1                              0.750000    0.831777   -0.081777 (VIOLATED)
ANTENNA__13767__B1/DIODE                0.750000    0.831777   -0.081777 (VIOLATED)
_13766_/A                               0.750000    0.831774   -0.081774 (VIOLATED)
ANTENNA__13766__A/DIODE                 0.750000    0.831773   -0.081773 (VIOLATED)
_13764_/Y                               0.750000    0.831723   -0.081723 (VIOLATED)
_18239_/A                               0.750000    0.826605   -0.076605 (VIOLATED)
_19491_/A1                              0.750000    0.826603   -0.076603 (VIOLATED)
ANTENNA__19491__A1/DIODE                0.750000    0.826602   -0.076602 (VIOLATED)
ANTENNA__18239__A/DIODE                 0.750000    0.826598   -0.076598 (VIOLATED)
_18237_/X                               0.750000    0.826522   -0.076522 (VIOLATED)
_11998_/A                               0.750000    0.822101   -0.072101 (VIOLATED)
ANTENNA__11998__A/DIODE                 0.750000    0.822098   -0.072098 (VIOLATED)
_11291_/B1                              0.750000    0.822094   -0.072094 (VIOLATED)
ANTENNA__11291__B1/DIODE                0.750000    0.822088   -0.072088 (VIOLATED)
_13608_/A2                              0.750000    0.822035   -0.072035 (VIOLATED)
ANTENNA__13608__A2/DIODE                0.750000    0.822035   -0.072035 (VIOLATED)
_11289_/Y                               0.750000    0.822030   -0.072030 (VIOLATED)
ANTENNA__22261__B1/DIODE                0.750000    0.820189   -0.070189 (VIOLATED)
_22261_/B1                              0.750000    0.820189   -0.070189 (VIOLATED)
_22260_/Y                               0.750000    0.820188   -0.070188 (VIOLATED)
_19046_/A                               0.750000    0.818055   -0.068055 (VIOLATED)
ANTENNA__19046__A/DIODE                 0.750000    0.818051   -0.068051 (VIOLATED)
_19045_/A                               0.750000    0.818044   -0.068044 (VIOLATED)
ANTENNA__19045__A/DIODE                 0.750000    0.818044   -0.068044 (VIOLATED)
ANTENNA__11829__A1/DIODE                0.750000    0.818044   -0.068044 (VIOLATED)
_11829_/A1                              0.750000    0.818044   -0.068044 (VIOLATED)
_14180_/B                               0.750000    0.818042   -0.068042 (VIOLATED)
ANTENNA__14180__B/DIODE                 0.750000    0.818042   -0.068042 (VIOLATED)
ANTENNA__14181__B/DIODE                 0.750000    0.818041   -0.068041 (VIOLATED)
_14181_/B                               0.750000    0.818041   -0.068041 (VIOLATED)
_22077_/A                               0.750000    0.818034   -0.068034 (VIOLATED)
ANTENNA__22077__A/DIODE                 0.750000    0.818033   -0.068033 (VIOLATED)
ANTENNA__17149__A/DIODE                 0.750000    0.818030   -0.068031 (VIOLATED)
ANTENNA__17150__A/DIODE                 0.750000    0.818030   -0.068031 (VIOLATED)
_17149_/A                               0.750000    0.818031   -0.068031 (VIOLATED)
_17150_/A                               0.750000    0.818031   -0.068031 (VIOLATED)
_11828_/X                               0.750000    0.818026   -0.068026 (VIOLATED)
_17095_/A                               0.750000    0.817708   -0.067708 (VIOLATED)
ANTENNA__17095__A/DIODE                 0.750000    0.817708   -0.067708 (VIOLATED)
_17094_/A                               0.750000    0.817708   -0.067708 (VIOLATED)
ANTENNA__17094__A/DIODE                 0.750000    0.817708   -0.067708 (VIOLATED)
_17009_/Y                               0.750000    0.817704   -0.067705 (VIOLATED)
_22102_/B                               0.750000    0.816360   -0.066360 (VIOLATED)
ANTENNA__22102__B/DIODE                 0.750000    0.816359   -0.066359 (VIOLATED)
_21261_/A                               0.750000    0.816307   -0.066307 (VIOLATED)
ANTENNA__21261__A/DIODE                 0.750000    0.816306   -0.066306 (VIOLATED)
_21259_/Y                               0.750000    0.816303   -0.066303 (VIOLATED)
_14183_/A2                              0.750000    0.815448   -0.065448 (VIOLATED)
ANTENNA__14183__A2/DIODE                0.750000    0.815447   -0.065447 (VIOLATED)
_19047_/A1                              0.750000    0.815446   -0.065446 (VIOLATED)
ANTENNA__19047__A1/DIODE                0.750000    0.815446   -0.065446 (VIOLATED)
_17822_/A                               0.750000    0.815442   -0.065442 (VIOLATED)
_21236_/A                               0.750000    0.815441   -0.065442 (VIOLATED)
ANTENNA__17822__A/DIODE                 0.750000    0.815441   -0.065441 (VIOLATED)
ANTENNA__21236__A/DIODE                 0.750000    0.815441   -0.065441 (VIOLATED)
_22076_/A1                              0.750000    0.815439   -0.065439 (VIOLATED)
ANTENNA__22076__A1/DIODE                0.750000    0.815438   -0.065438 (VIOLATED)
ANTENNA__14167__B/DIODE                 0.750000    0.815430   -0.065430 (VIOLATED)
_14167_/B                               0.750000    0.815425   -0.065425 (VIOLATED)
ANTENNA__11657__A1/DIODE                0.750000    0.815414   -0.065414 (VIOLATED)
_11657_/A1                              0.750000    0.815412   -0.065412 (VIOLATED)
_14896_/A                               0.750000    0.815410   -0.065410 (VIOLATED)
_17144_/A1                              0.750000    0.815410   -0.065410 (VIOLATED)
ANTENNA__14896__A/DIODE                 0.750000    0.815410   -0.065410 (VIOLATED)
ANTENNA__17144__A1/DIODE                0.750000    0.815410   -0.065410 (VIOLATED)
_11656_/X                               0.750000    0.815406   -0.065406 (VIOLATED)
ANTENNA__14996__A/DIODE                 0.750000    0.814333   -0.064333 (VIOLATED)
_14996_/A                               0.750000    0.814333   -0.064333 (VIOLATED)
ANTENNA__14995__A/DIODE                 0.750000    0.814333   -0.064333 (VIOLATED)
_14995_/A                               0.750000    0.814333   -0.064333 (VIOLATED)
_22125_/B                               0.750000    0.814333   -0.064333 (VIOLATED)
ANTENNA__22125__B/DIODE                 0.750000    0.814333   -0.064333 (VIOLATED)
_13131_/Y                               0.750000    0.814330   -0.064330 (VIOLATED)
_19489_/A                               0.750000    0.806285   -0.056285 (VIOLATED)
_19488_/B                               0.750000    0.806284   -0.056285 (VIOLATED)
ANTENNA__19488__B/DIODE                 0.750000    0.806279   -0.056279 (VIOLATED)
ANTENNA__19489__A/DIODE                 0.750000    0.806278   -0.056278 (VIOLATED)
_19486_/X                               0.750000    0.805882   -0.055882 (VIOLATED)
_21983_/B                               0.750000    0.803683   -0.053683 (VIOLATED)
ANTENNA__21983__B/DIODE                 0.750000    0.803679   -0.053679 (VIOLATED)
_21982_/Y                               0.750000    0.803188   -0.053188 (VIOLATED)
_20899_/A                               0.750000    0.790506   -0.040506 (VIOLATED)
ANTENNA__20899__A/DIODE                 0.750000    0.790498   -0.040498 (VIOLATED)
_20898_/A                               0.750000    0.790492   -0.040492 (VIOLATED)
ANTENNA__20898__A/DIODE                 0.750000    0.790492   -0.040492 (VIOLATED)
_21376_/A                               0.750000    0.790264   -0.040264 (VIOLATED)
ANTENNA__21376__A/DIODE                 0.750000    0.790262   -0.040262 (VIOLATED)
_22118_/A1                              0.750000    0.790245   -0.040245 (VIOLATED)
ANTENNA__22118__A1/DIODE                0.750000    0.790245   -0.040245 (VIOLATED)
_20890_/Y                               0.750000    0.790230   -0.040230 (VIOLATED)
_21524_/B                               0.750000    0.787224   -0.037224 (VIOLATED)
ANTENNA__21524__B/DIODE                 0.750000    0.787223   -0.037223 (VIOLATED)
_21523_/Y                               0.750000    0.787184   -0.037184 (VIOLATED)
_16482_/B                               0.750000    0.786537   -0.036537 (VIOLATED)
_16485_/B                               0.750000    0.786537   -0.036537 (VIOLATED)
ANTENNA__16485__B/DIODE                 0.750000    0.786537   -0.036537 (VIOLATED)
ANTENNA__16482__B/DIODE                 0.750000    0.786537   -0.036537 (VIOLATED)
_16481_/Y                               0.750000    0.786526   -0.036526 (VIOLATED)
_14226_/B                               0.750000    0.784733   -0.034733 (VIOLATED)
ANTENNA__14226__B/DIODE                 0.750000    0.784733   -0.034733 (VIOLATED)
_11338_/A                               0.750000    0.784731   -0.034731 (VIOLATED)
ANTENNA__11338__A/DIODE                 0.750000    0.784731   -0.034731 (VIOLATED)
_14774_/B                               0.750000    0.784731   -0.034731 (VIOLATED)
ANTENNA__14774__B/DIODE                 0.750000    0.784731   -0.034731 (VIOLATED)
_21886_/A                               0.750000    0.784731   -0.034731 (VIOLATED)
ANTENNA__21886__A/DIODE                 0.750000    0.784730   -0.034730 (VIOLATED)
clone1/X                                0.750000    0.784728   -0.034728 (VIOLATED)
_21357_/A                               0.750000    0.777780   -0.027780 (VIOLATED)
ANTENNA__19635__A/DIODE                 0.750000    0.777779   -0.027779 (VIOLATED)
ANTENNA__21357__A/DIODE                 0.750000    0.777779   -0.027779 (VIOLATED)
_19635_/A                               0.750000    0.777778   -0.027778 (VIOLATED)
_19634_/A                               0.750000    0.777778   -0.027778 (VIOLATED)
ANTENNA__21356__B1/DIODE                0.750000    0.777778   -0.027778 (VIOLATED)
_21356_/B1                              0.750000    0.777778   -0.027778 (VIOLATED)
ANTENNA__19634__A/DIODE                 0.750000    0.777776   -0.027776 (VIOLATED)
_22042_/A                               0.750000    0.777760   -0.027760 (VIOLATED)
ANTENNA__22042__A/DIODE                 0.750000    0.777757   -0.027757 (VIOLATED)
_21614_/A3                              0.750000    0.777723   -0.027723 (VIOLATED)
ANTENNA__21614__A3/DIODE                0.750000    0.777723   -0.027723 (VIOLATED)
_20794_/B                               0.750000    0.777720   -0.027720 (VIOLATED)
ANTENNA__20794__B/DIODE                 0.750000    0.777718   -0.027718 (VIOLATED)
_15197_/A2                              0.750000    0.777714   -0.027714 (VIOLATED)
ANTENNA__15197__A2/DIODE                0.750000    0.777714   -0.027714 (VIOLATED)
_15196_/Y                               0.750000    0.777707   -0.027707 (VIOLATED)
_16285_/B1                              0.750000    0.774728   -0.024728 (VIOLATED)
_17653_/A2                              0.750000    0.774728   -0.024728 (VIOLATED)
_16284_/C                               0.750000    0.774728   -0.024728 (VIOLATED)
ANTENNA__17653__A2/DIODE                0.750000    0.774727   -0.024727 (VIOLATED)
ANTENNA__16284__C/DIODE                 0.750000    0.774727   -0.024727 (VIOLATED)
ANTENNA__16285__B1/DIODE                0.750000    0.774727   -0.024727 (VIOLATED)
_16283_/Y                               0.750000    0.774715   -0.024715 (VIOLATED)
_21690_/A                               0.750000    0.772355   -0.022355 (VIOLATED)
ANTENNA__21690__A/DIODE                 0.750000    0.772354   -0.022354 (VIOLATED)
_21618_/Y                               0.750000    0.771981   -0.021981 (VIOLATED)
_22349_/B1                              0.750000    0.770113   -0.020113 (VIOLATED)
ANTENNA__22349__B1/DIODE                0.750000    0.770112   -0.020112 (VIOLATED)
_17119_/B1                              0.750000    0.770111   -0.020111 (VIOLATED)
ANTENNA__17119__B1/DIODE                0.750000    0.770110   -0.020110 (VIOLATED)
ANTENNA__22383__C1/DIODE                0.750000    0.770082   -0.020082 (VIOLATED)
_22383_/C1                              0.750000    0.770080   -0.020080 (VIOLATED)
_18467_/A1                              0.750000    0.770059   -0.020059 (VIOLATED)
ANTENNA__18467__A1/DIODE                0.750000    0.770058   -0.020058 (VIOLATED)
ANTENNA__22365__A1/DIODE                0.750000    0.770037   -0.020037 (VIOLATED)
_22365_/A1                              0.750000    0.770031   -0.020031 (VIOLATED)
_21562_/C1                              0.750000    0.770027   -0.020027 (VIOLATED)
ANTENNA__21562__C1/DIODE                0.750000    0.770026   -0.020026 (VIOLATED)
_17458_/A1                              0.750000    0.770014   -0.020014 (VIOLATED)
ANTENNA__17458__A1/DIODE                0.750000    0.770012   -0.020012 (VIOLATED)
_22319_/B1                              0.750000    0.770007   -0.020007 (VIOLATED)
ANTENNA__22319__B1/DIODE                0.750000    0.770007   -0.020007 (VIOLATED)
_22271_/A1                              0.750000    0.770007   -0.020007 (VIOLATED)
ANTENNA__22271__A1/DIODE                0.750000    0.770007   -0.020007 (VIOLATED)
ANTENNA__22338__A1/DIODE                0.750000    0.770006   -0.020006 (VIOLATED)
_22338_/A1                              0.750000    0.770005   -0.020005 (VIOLATED)
_15566_/Y                               0.750000    0.770001   -0.020001 (VIOLATED)
_21766_/B                               0.750000    0.765447   -0.015447 (VIOLATED)
ANTENNA__21766__B/DIODE                 0.750000    0.765447   -0.015447 (VIOLATED)
_21765_/Y                               0.750000    0.765442   -0.015442 (VIOLATED)
_15116_/A1                              0.750000    0.762316   -0.012316 (VIOLATED)
ANTENNA__15116__A1/DIODE                0.750000    0.762316   -0.012316 (VIOLATED)
_15115_/A                               0.750000    0.762316   -0.012316 (VIOLATED)
ANTENNA__15115__A/DIODE                 0.750000    0.762316   -0.012316 (VIOLATED)
_13129_/Y                               0.750000    0.762310   -0.012310 (VIOLATED)
_17879_/B1                              0.750000    0.757223   -0.007223 (VIOLATED)
_17878_/A                               0.750000    0.757222   -0.007222 (VIOLATED)
ANTENNA__17878__A/DIODE                 0.750000    0.757222   -0.007222 (VIOLATED)
ANTENNA__17879__B1/DIODE                0.750000    0.757222   -0.007222 (VIOLATED)
_17841_/Y                               0.750000    0.757167   -0.007167 (VIOLATED)
_13188_/B                               0.750000    0.756068   -0.006068 (VIOLATED)
ANTENNA__13188__B/DIODE                 0.750000    0.756067   -0.006067 (VIOLATED)
_17044_/A                               0.750000    0.756066   -0.006066 (VIOLATED)
ANTENNA__17044__A/DIODE                 0.750000    0.756065   -0.006065 (VIOLATED)
_13215_/A2                              0.750000    0.756057   -0.006057 (VIOLATED)
ANTENNA__13215__A2/DIODE                0.750000    0.756052   -0.006052 (VIOLATED)
_13369_/B                               0.750000    0.756039   -0.006039 (VIOLATED)
ANTENNA__13369__B/DIODE                 0.750000    0.756038   -0.006038 (VIOLATED)
_13347_/D                               0.750000    0.756038   -0.006038 (VIOLATED)
ANTENNA__13347__D/DIODE                 0.750000    0.756038   -0.006038 (VIOLATED)
_16052_/A                               0.750000    0.756029   -0.006029 (VIOLATED)
ANTENNA__16052__A/DIODE                 0.750000    0.756029   -0.006029 (VIOLATED)
_16050_/A                               0.750000    0.756028   -0.006028 (VIOLATED)
ANTENNA__16050__A/DIODE                 0.750000    0.756028   -0.006028 (VIOLATED)
_13154_/X                               0.750000    0.756022   -0.006022 (VIOLATED)
_19485_/A                               0.750000    0.752698   -0.002698 (VIOLATED)
_19484_/A                               0.750000    0.752693   -0.002693 (VIOLATED)
ANTENNA__19484__A/DIODE                 0.750000    0.752692   -0.002692 (VIOLATED)
ANTENNA__19485__A/DIODE                 0.750000    0.752688   -0.002688 (VIOLATED)
_16404_/B                               0.750000    0.752642   -0.002642 (VIOLATED)
_16401_/B                               0.750000    0.752642   -0.002642 (VIOLATED)
ANTENNA__16401__B/DIODE                 0.750000    0.752641   -0.002641 (VIOLATED)
ANTENNA__16404__B/DIODE                 0.750000    0.752640   -0.002640 (VIOLATED)
_16400_/Y                               0.750000    0.752593   -0.002593 (VIOLATED)
_21377_/A1                              0.750000    0.752494   -0.002494 (VIOLATED)
ANTENNA__21377__A1/DIODE                0.750000    0.752493   -0.002493 (VIOLATED)
_20018_/A                               0.750000    0.752488   -0.002488 (VIOLATED)
ANTENNA__20018__A/DIODE                 0.750000    0.752487   -0.002487 (VIOLATED)
_19473_/Y                               0.750000    0.752476   -0.002476 (VIOLATED)

max fanout

Pin                                   Limit Fanout  Slack
---------------------------------------------------------
fanout342/X                              10     22    -12 (VIOLATED)
_11446_/Y                                10     20    -10 (VIOLATED)
_11543_/Y                                10     20    -10 (VIOLATED)
_11758_/Y                                10     20    -10 (VIOLATED)
_12250_/X                                10     20    -10 (VIOLATED)
_13115_/X                                10     20    -10 (VIOLATED)
_13155_/Y                                10     20    -10 (VIOLATED)
_14753_/Y                                10     20    -10 (VIOLATED)
_15566_/Y                                10     20    -10 (VIOLATED)
_16075_/Y                                10     20    -10 (VIOLATED)
_16517_/Y                                10     20    -10 (VIOLATED)
fanout250/X                              10     20    -10 (VIOLATED)
fanout251/X                              10     20    -10 (VIOLATED)
fanout252/X                              10     20    -10 (VIOLATED)
fanout254/X                              10     20    -10 (VIOLATED)
fanout255/X                              10     20    -10 (VIOLATED)
fanout257/X                              10     20    -10 (VIOLATED)
fanout258/X                              10     20    -10 (VIOLATED)
fanout259/X                              10     20    -10 (VIOLATED)
fanout260/X                              10     20    -10 (VIOLATED)
fanout261/X                              10     20    -10 (VIOLATED)
fanout263/X                              10     20    -10 (VIOLATED)
fanout265/X                              10     20    -10 (VIOLATED)
fanout266/X                              10     20    -10 (VIOLATED)
fanout267/X                              10     20    -10 (VIOLATED)
fanout269/X                              10     20    -10 (VIOLATED)
fanout271/X                              10     20    -10 (VIOLATED)
fanout273/X                              10     20    -10 (VIOLATED)
fanout279/X                              10     20    -10 (VIOLATED)
fanout280/X                              10     20    -10 (VIOLATED)
fanout284/X                              10     20    -10 (VIOLATED)
fanout287/X                              10     20    -10 (VIOLATED)
fanout288/X                              10     20    -10 (VIOLATED)
fanout289/X                              10     20    -10 (VIOLATED)
fanout290/X                              10     20    -10 (VIOLATED)
fanout291/X                              10     20    -10 (VIOLATED)
fanout293/X                              10     20    -10 (VIOLATED)
fanout296/X                              10     20    -10 (VIOLATED)
fanout299/X                              10     20    -10 (VIOLATED)
fanout302/X                              10     20    -10 (VIOLATED)
fanout306/X                              10     20    -10 (VIOLATED)
fanout307/X                              10     20    -10 (VIOLATED)
fanout308/X                              10     20    -10 (VIOLATED)
fanout309/X                              10     20    -10 (VIOLATED)
fanout310/X                              10     20    -10 (VIOLATED)
fanout311/X                              10     20    -10 (VIOLATED)
fanout316/X                              10     20    -10 (VIOLATED)
fanout317/X                              10     20    -10 (VIOLATED)
fanout319/X                              10     20    -10 (VIOLATED)
fanout320/X                              10     20    -10 (VIOLATED)
fanout321/X                              10     20    -10 (VIOLATED)
fanout323/X                              10     20    -10 (VIOLATED)
fanout324/X                              10     20    -10 (VIOLATED)
fanout326/X                              10     20    -10 (VIOLATED)
fanout331/X                              10     20    -10 (VIOLATED)
fanout332/X                              10     20    -10 (VIOLATED)
fanout336/X                              10     20    -10 (VIOLATED)
fanout340/X                              10     20    -10 (VIOLATED)
fanout341/X                              10     20    -10 (VIOLATED)
fanout343/X                              10     20    -10 (VIOLATED)
fanout346/X                              10     20    -10 (VIOLATED)
fanout348/X                              10     20    -10 (VIOLATED)
fanout354/X                              10     20    -10 (VIOLATED)
fanout356/X                              10     20    -10 (VIOLATED)
fanout358/X                              10     20    -10 (VIOLATED)
fanout359/X                              10     20    -10 (VIOLATED)
fanout361/X                              10     20    -10 (VIOLATED)
fanout362/X                              10     20    -10 (VIOLATED)
fanout364/X                              10     20    -10 (VIOLATED)
fanout365/X                              10     20    -10 (VIOLATED)
fanout367/X                              10     20    -10 (VIOLATED)
fanout377/X                              10     20    -10 (VIOLATED)
fanout379/X                              10     20    -10 (VIOLATED)
fanout383/X                              10     20    -10 (VIOLATED)
fanout384/X                              10     20    -10 (VIOLATED)
fanout385/X                              10     20    -10 (VIOLATED)
fanout390/X                              10     20    -10 (VIOLATED)
fanout392/X                              10     20    -10 (VIOLATED)
fanout393/X                              10     20    -10 (VIOLATED)
fanout395/X                              10     20    -10 (VIOLATED)
fanout397/X                              10     20    -10 (VIOLATED)
fanout401/X                              10     20    -10 (VIOLATED)
fanout407/X                              10     20    -10 (VIOLATED)
fanout408/X                              10     20    -10 (VIOLATED)
fanout420/X                              10     20    -10 (VIOLATED)
fanout422/X                              10     20    -10 (VIOLATED)
fanout424/X                              10     20    -10 (VIOLATED)
fanout430/X                              10     20    -10 (VIOLATED)
fanout436/X                              10     20    -10 (VIOLATED)
fanout442/X                              10     20    -10 (VIOLATED)
fanout447/X                              10     20    -10 (VIOLATED)
fanout448/X                              10     20    -10 (VIOLATED)
fanout449/X                              10     20    -10 (VIOLATED)
fanout450/X                              10     20    -10 (VIOLATED)
fanout452/X                              10     20    -10 (VIOLATED)
fanout453/X                              10     20    -10 (VIOLATED)
fanout455/X                              10     20    -10 (VIOLATED)
fanout458/X                              10     20    -10 (VIOLATED)
fanout464/X                              10     20    -10 (VIOLATED)
fanout473/X                              10     20    -10 (VIOLATED)
fanout477/X                              10     20    -10 (VIOLATED)
fanout479/X                              10     20    -10 (VIOLATED)
fanout483/X                              10     20    -10 (VIOLATED)
fanout491/X                              10     20    -10 (VIOLATED)
fanout495/X                              10     20    -10 (VIOLATED)
fanout496/X                              10     20    -10 (VIOLATED)
fanout498/X                              10     20    -10 (VIOLATED)
fanout499/X                              10     20    -10 (VIOLATED)
fanout501/X                              10     20    -10 (VIOLATED)
fanout502/X                              10     20    -10 (VIOLATED)
fanout504/X                              10     20    -10 (VIOLATED)
fanout506/X                              10     20    -10 (VIOLATED)
fanout513/X                              10     20    -10 (VIOLATED)
fanout515/X                              10     20    -10 (VIOLATED)
fanout518/X                              10     20    -10 (VIOLATED)
fanout519/X                              10     20    -10 (VIOLATED)
fanout520/X                              10     20    -10 (VIOLATED)
fanout521/X                              10     20    -10 (VIOLATED)
fanout535/X                              10     20    -10 (VIOLATED)
fanout539/X                              10     20    -10 (VIOLATED)
fanout544/X                              10     20    -10 (VIOLATED)
fanout553/X                              10     20    -10 (VIOLATED)
fanout557/X                              10     20    -10 (VIOLATED)
fanout558/X                              10     20    -10 (VIOLATED)
fanout561/X                              10     20    -10 (VIOLATED)
fanout563/X                              10     20    -10 (VIOLATED)
fanout565/X                              10     20    -10 (VIOLATED)
fanout569/X                              10     20    -10 (VIOLATED)
fanout572/X                              10     20    -10 (VIOLATED)
input122/X                               10     20    -10 (VIOLATED)
input174/X                               10     20    -10 (VIOLATED)
input40/X                                10     20    -10 (VIOLATED)
input67/X                                10     20    -10 (VIOLATED)
input69/X                                10     20    -10 (VIOLATED)
input70/X                                10     20    -10 (VIOLATED)
input95/X                                10     20    -10 (VIOLATED)
_11241_/Y                                10     18     -8 (VIOLATED)
_11286_/Y                                10     18     -8 (VIOLATED)
_11299_/Y                                10     18     -8 (VIOLATED)
_11449_/Y                                10     18     -8 (VIOLATED)
_11544_/X                                10     18     -8 (VIOLATED)
_11656_/X                                10     18     -8 (VIOLATED)
_12083_/Y                                10     18     -8 (VIOLATED)
_12314_/X                                10     18     -8 (VIOLATED)
_13074_/X                                10     18     -8 (VIOLATED)
_13086_/X                                10     18     -8 (VIOLATED)
_13135_/Y                                10     18     -8 (VIOLATED)
_13655_/Y                                10     18     -8 (VIOLATED)
_13713_/Y                                10     18     -8 (VIOLATED)
_14670_/Y                                10     18     -8 (VIOLATED)
_15567_/Y                                10     18     -8 (VIOLATED)
clkbuf_1_0__f_clk/X                      10     18     -8 (VIOLATED)
fanout328/X                              10     18     -8 (VIOLATED)
fanout330/X                              10     18     -8 (VIOLATED)
fanout335/X                              10     18     -8 (VIOLATED)
fanout347/X                              10     18     -8 (VIOLATED)
fanout353/X                              10     18     -8 (VIOLATED)
fanout369/X                              10     18     -8 (VIOLATED)
fanout372/X                              10     18     -8 (VIOLATED)
fanout389/X                              10     18     -8 (VIOLATED)
fanout391/X                              10     18     -8 (VIOLATED)
fanout400/X                              10     18     -8 (VIOLATED)
fanout444/X                              10     18     -8 (VIOLATED)
fanout446/X                              10     18     -8 (VIOLATED)
fanout459/X                              10     18     -8 (VIOLATED)
fanout468/X                              10     18     -8 (VIOLATED)
fanout478/X                              10     18     -8 (VIOLATED)
fanout489/X                              10     18     -8 (VIOLATED)
fanout492/X                              10     18     -8 (VIOLATED)
fanout493/X                              10     18     -8 (VIOLATED)
fanout511/X                              10     18     -8 (VIOLATED)
fanout512/X                              10     18     -8 (VIOLATED)
fanout538/X                              10     18     -8 (VIOLATED)
fanout554/X                              10     18     -8 (VIOLATED)
input221/X                               10     18     -8 (VIOLATED)
input26/X                                10     18     -8 (VIOLATED)
input33/X                                10     18     -8 (VIOLATED)
input43/X                                10     18     -8 (VIOLATED)
input62/X                                10     18     -8 (VIOLATED)
input68/X                                10     18     -8 (VIOLATED)
input79/X                                10     18     -8 (VIOLATED)
input86/X                                10     18     -8 (VIOLATED)
input87/X                                10     18     -8 (VIOLATED)
input89/X                                10     18     -8 (VIOLATED)
input94/X                                10     18     -8 (VIOLATED)
_11197_/Y                                10     16     -6 (VIOLATED)
_11203_/Y                                10     16     -6 (VIOLATED)
_11204_/Y                                10     16     -6 (VIOLATED)
_11207_/Y                                10     16     -6 (VIOLATED)
_11217_/Y                                10     16     -6 (VIOLATED)
_11250_/Y                                10     16     -6 (VIOLATED)
_11444_/X                                10     16     -6 (VIOLATED)
_11828_/X                                10     16     -6 (VIOLATED)
_12085_/Y                                10     16     -6 (VIOLATED)
_12092_/X                                10     16     -6 (VIOLATED)
_12421_/Y                                10     16     -6 (VIOLATED)
_12650_/Y                                10     16     -6 (VIOLATED)
_13062_/Y                                10     16     -6 (VIOLATED)
_13101_/X                                10     16     -6 (VIOLATED)
_13709_/X                                10     16     -6 (VIOLATED)
_13876_/X                                10     16     -6 (VIOLATED)
_14620_/Y                                10     16     -6 (VIOLATED)
_15196_/Y                                10     16     -6 (VIOLATED)
_15609_/Y                                10     16     -6 (VIOLATED)
_16518_/Y                                10     16     -6 (VIOLATED)
fanout294/X                              10     16     -6 (VIOLATED)
fanout297/X                              10     16     -6 (VIOLATED)
fanout305/X                              10     16     -6 (VIOLATED)
fanout339/X                              10     16     -6 (VIOLATED)
fanout355/X                              10     16     -6 (VIOLATED)
fanout378/X                              10     16     -6 (VIOLATED)
fanout386/X                              10     16     -6 (VIOLATED)
fanout406/X                              10     16     -6 (VIOLATED)
fanout411/X                              10     16     -6 (VIOLATED)
fanout423/X                              10     16     -6 (VIOLATED)
fanout435/X                              10     16     -6 (VIOLATED)
fanout462/X                              10     16     -6 (VIOLATED)
fanout466/X                              10     16     -6 (VIOLATED)
fanout486/X                              10     16     -6 (VIOLATED)
fanout497/X                              10     16     -6 (VIOLATED)
fanout505/X                              10     16     -6 (VIOLATED)
fanout537/X                              10     16     -6 (VIOLATED)
fanout562/X                              10     16     -6 (VIOLATED)
fanout568/X                              10     16     -6 (VIOLATED)
input158/X                               10     16     -6 (VIOLATED)
input210/X                               10     16     -6 (VIOLATED)
input220/X                               10     16     -6 (VIOLATED)
input41/X                                10     16     -6 (VIOLATED)
input85/X                                10     16     -6 (VIOLATED)
_11208_/Y                                10     14     -4 (VIOLATED)
_11211_/Y                                10     14     -4 (VIOLATED)
_11238_/X                                10     14     -4 (VIOLATED)
_11358_/Y                                10     14     -4 (VIOLATED)
_11421_/X                                10     14     -4 (VIOLATED)
_11760_/X                                10     14     -4 (VIOLATED)
_12176_/Y                                10     14     -4 (VIOLATED)
_12177_/X                                10     14     -4 (VIOLATED)
_12224_/Y                                10     14     -4 (VIOLATED)
_13088_/Y                                10     14     -4 (VIOLATED)
_13104_/Y                                10     14     -4 (VIOLATED)
_13154_/X                                10     14     -4 (VIOLATED)
_13872_/Y                                10     14     -4 (VIOLATED)
_13880_/Y                                10     14     -4 (VIOLATED)
_14636_/X                                10     14     -4 (VIOLATED)
_14734_/Y                                10     14     -4 (VIOLATED)
_14754_/Y                                10     14     -4 (VIOLATED)
_15278_/X                                10     14     -4 (VIOLATED)
_15573_/X                                10     14     -4 (VIOLATED)
_16687_/X                                10     14     -4 (VIOLATED)
clkbuf_1_1__f_clk/X                      10     14     -4 (VIOLATED)
fanout264/X                              10     14     -4 (VIOLATED)
fanout345/X                              10     14     -4 (VIOLATED)
fanout350/X                              10     14     -4 (VIOLATED)
fanout363/X                              10     14     -4 (VIOLATED)
fanout375/X                              10     14     -4 (VIOLATED)
fanout421/X                              10     14     -4 (VIOLATED)
fanout431/X                              10     14     -4 (VIOLATED)
fanout437/X                              10     14     -4 (VIOLATED)
fanout451/X                              10     14     -4 (VIOLATED)
fanout461/X                              10     14     -4 (VIOLATED)
fanout476/X                              10     14     -4 (VIOLATED)
fanout500/X                              10     14     -4 (VIOLATED)
fanout514/X                              10     14     -4 (VIOLATED)
fanout516/X                              10     14     -4 (VIOLATED)
fanout517/X                              10     14     -4 (VIOLATED)
fanout522/X                              10     14     -4 (VIOLATED)
fanout532/X                              10     14     -4 (VIOLATED)
fanout536/X                              10     14     -4 (VIOLATED)
input141/X                               10     14     -4 (VIOLATED)
input176/X                               10     14     -4 (VIOLATED)
input45/X                                10     14     -4 (VIOLATED)
input80/X                                10     14     -4 (VIOLATED)
input92/X                                10     14     -4 (VIOLATED)
input93/X                                10     14     -4 (VIOLATED)
input96/X                                10     14     -4 (VIOLATED)
_11196_/Y                                10     12     -2 (VIOLATED)
_11242_/Y                                10     12     -2 (VIOLATED)
_11323_/X                                10     12     -2 (VIOLATED)
_11342_/X                                10     12     -2 (VIOLATED)
_11343_/Y                                10     12     -2 (VIOLATED)
_11360_/Y                                10     12     -2 (VIOLATED)
_11445_/Y                                10     12     -2 (VIOLATED)
_11991_/Y                                10     12     -2 (VIOLATED)
_12226_/Y                                10     12     -2 (VIOLATED)
_12334_/X                                10     12     -2 (VIOLATED)
_13197_/X                                10     12     -2 (VIOLATED)
_13235_/Y                                10     12     -2 (VIOLATED)
_13447_/Y                                10     12     -2 (VIOLATED)
_13465_/X                                10     12     -2 (VIOLATED)
_13490_/Y                                10     12     -2 (VIOLATED)
_13521_/Y                                10     12     -2 (VIOLATED)
_13858_/Y                                10     12     -2 (VIOLATED)
_13862_/Y                                10     12     -2 (VIOLATED)
_13873_/Y                                10     12     -2 (VIOLATED)
_14674_/X                                10     12     -2 (VIOLATED)
_14841_/X                                10     12     -2 (VIOLATED)
_15027_/Y                                10     12     -2 (VIOLATED)
_15351_/Y                                10     12     -2 (VIOLATED)
_15610_/X                                10     12     -2 (VIOLATED)
_16608_/X                                10     12     -2 (VIOLATED)
_17774_/X                                10     12     -2 (VIOLATED)
_19058_/Y                                10     12     -2 (VIOLATED)
fanout262/X                              10     12     -2 (VIOLATED)
fanout268/X                              10     12     -2 (VIOLATED)
fanout304/X                              10     12     -2 (VIOLATED)
fanout349/X                              10     12     -2 (VIOLATED)
fanout366/X                              10     12     -2 (VIOLATED)
fanout380/X                              10     12     -2 (VIOLATED)
fanout382/X                              10     12     -2 (VIOLATED)
fanout412/X                              10     12     -2 (VIOLATED)
fanout415/X                              10     12     -2 (VIOLATED)
fanout417/X                              10     12     -2 (VIOLATED)
fanout418/X                              10     12     -2 (VIOLATED)
fanout419/X                              10     12     -2 (VIOLATED)
fanout425/X                              10     12     -2 (VIOLATED)
fanout457/X                              10     12     -2 (VIOLATED)
fanout463/X                              10     12     -2 (VIOLATED)
fanout487/X                              10     12     -2 (VIOLATED)
fanout490/X                              10     12     -2 (VIOLATED)
fanout507/X                              10     12     -2 (VIOLATED)
fanout508/X                              10     12     -2 (VIOLATED)
fanout510/X                              10     12     -2 (VIOLATED)
fanout528/X                              10     12     -2 (VIOLATED)
fanout534/X                              10     12     -2 (VIOLATED)
fanout543/X                              10     12     -2 (VIOLATED)
fanout546/X                              10     12     -2 (VIOLATED)
fanout548/X                              10     12     -2 (VIOLATED)
fanout551/X                              10     12     -2 (VIOLATED)
fanout571/X                              10     12     -2 (VIOLATED)
input177/X                               10     12     -2 (VIOLATED)
input63/X                                10     12     -2 (VIOLATED)
input90/X                                10     12     -2 (VIOLATED)
input91/X                                10     12     -2 (VIOLATED)
max_cap281/X                             10     12     -2 (VIOLATED)
input146/X                               10     11        (VIOLATED)



===========================================================================
report_parasitic_annotation -report_unannotated
============================================================================
Found 23 unannotated drivers.
 input_data[127]
 input_data[191]
 input_data[207]
 input_data[208]
 input_data[209]
 input_data[210]
 input_data[211]
 input_data[212]
 input_data[213]
 input_data[214]
 input_data[215]
 input_data[216]
 input_data[217]
 input_data[218]
 input_data[219]
 input_data[220]
 input_data[221]
 input_data[222]
 input_data[223]
 input_data[238]
 input_data[239]
 input_data[63]
 input_data[79]
Found 0 partially unannotated drivers.

===========================================================================
max slew violation count 340
max fanout violation count 335
max cap violation count 0
============================================================================

===========================================================================
check_setup -verbose -unconstrained_endpoints -multiple_clock -no_clock -no_input_delay -loops -generated_clocks
===========================================================================
