Using 12 threads…
Using a tile size of (500 µm)²…
Reading /mnt/d/APIC/FIR_Openlane/Highpass/runs/RUN_2024-06-17_12-37-29/53-magic-streamout/highpass.magic.gds ..
Reading /mnt/d/APIC/FIR_Openlane/Highpass/runs/RUN_2024-06-17_12-37-29/54-klayout-streamout/highpass.klayout.gds ..
--- Running XOR for layer 122/16 ---
"input" in: xor.drc:109
    Polygons (raw): 66887 (flat)  176 (hierarchical)
    Elapsed: 0.010s  Memory: 400.00M
"input" in: xor.drc:109
    Polygons (raw): 66887 (flat)  176 (hierarchical)
    Elapsed: 0.000s  Memory: 400.00M
"^" in: xor.drc:109
    Polygons (raw): 0 (flat)  0 (hierarchical)
    Elapsed: 0.680s  Memory: 1264.00M
XOR differences: 0
"output" in: xor.drc:86
    Polygons (raw): 0 (flat)  0 (hierarchical)
    Elapsed: 0.000s  Memory: 1200.00M
--- Running XOR for layer 235/4 ---
"input" in: xor.drc:109
    Polygons (raw): 1 (flat)  1 (hierarchical)
    Elapsed: 0.000s  Memory: 1200.00M
"input" in: xor.drc:109
    Polygons (raw): 1 (flat)  1 (hierarchical)
    Elapsed: 0.000s  Memory: 1200.00M
"^" in: xor.drc:109
    Polygons (raw): 0 (flat)  0 (hierarchical)
    Elapsed: 0.100s  Memory: 1256.00M
XOR differences: 0
"output" in: xor.drc:86
    Polygons (raw): 0 (flat)  0 (hierarchical)
    Elapsed: 0.000s  Memory: 1200.00M
--- Running XOR for layer 236/0 ---
"input" in: xor.drc:109
    Polygons (raw): 55976 (flat)  169 (hierarchical)
    Elapsed: 0.000s  Memory: 1200.00M
"input" in: xor.drc:109
    Polygons (raw): 55976 (flat)  169 (hierarchical)
    Elapsed: 0.000s  Memory: 1200.00M
"^" in: xor.drc:109
    Polygons (raw): 0 (flat)  0 (hierarchical)
    Elapsed: 0.620s  Memory: 1240.00M
XOR differences: 0
"output" in: xor.drc:86
    Polygons (raw): 0 (flat)  0 (hierarchical)
    Elapsed: 0.000s  Memory: 1240.00M
--- Running XOR for layer 64/16 ---
"input" in: xor.drc:109
    Polygons (raw): 66887 (flat)  176 (hierarchical)
    Elapsed: 0.000s  Memory: 1200.00M
"input" in: xor.drc:109
    Polygons (raw): 66887 (flat)  176 (hierarchical)
    Elapsed: 0.000s  Memory: 1200.00M
"^" in: xor.drc:109
    Polygons (raw): 0 (flat)  0 (hierarchical)
    Elapsed: 0.710s  Memory: 1208.00M
XOR differences: 0
"output" in: xor.drc:86
    Polygons (raw): 0 (flat)  0 (hierarchical)
    Elapsed: 0.000s  Memory: 1200.00M
--- Running XOR for layer 64/20 ---
"input" in: xor.drc:109
    Polygons (raw): 76402 (flat)  172 (hierarchical)
    Elapsed: 0.000s  Memory: 1200.00M
"input" in: xor.drc:109
    Polygons (raw): 76402 (flat)  172 (hierarchical)
    Elapsed: 0.000s  Memory: 1200.00M
"^" in: xor.drc:109
    Polygons (raw): 0 (flat)  0 (hierarchical)
    Elapsed: 1.130s  Memory: 1200.00M
XOR differences: 0
"output" in: xor.drc:86
    Polygons (raw): 0 (flat)  0 (hierarchical)
    Elapsed: 0.000s  Memory: 1200.00M
--- Running XOR for layer 64/5 ---
"input" in: xor.drc:109
    Polygons (raw): 0 (flat)  0 (hierarchical)
    Elapsed: 0.000s  Memory: 1200.00M
"input" in: xor.drc:109
    Polygons (raw): 0 (flat)  0 (hierarchical)
    Elapsed: 0.000s  Memory: 1200.00M
"^" in: xor.drc:109
    Polygons (raw): 0 (flat)  0 (hierarchical)
    Elapsed: 0.330s  Memory: 1200.00M
XOR differences: 0
"output" in: xor.drc:86
    Polygons (raw): 0 (flat)  0 (hierarchical)
    Elapsed: 0.000s  Memory: 1200.00M
--- Running XOR for layer 64/59 ---
"input" in: xor.drc:109
    Polygons (raw): 0 (flat)  0 (hierarchical)
    Elapsed: 0.000s  Memory: 1200.00M
"input" in: xor.drc:109
    Polygons (raw): 0 (flat)  0 (hierarchical)
    Elapsed: 0.000s  Memory: 1200.00M
"^" in: xor.drc:109
    Polygons (raw): 0 (flat)  0 (hierarchical)
    Elapsed: 0.310s  Memory: 1216.00M
XOR differences: 0
"output" in: xor.drc:86
    Polygons (raw): 0 (flat)  0 (hierarchical)
    Elapsed: 0.010s  Memory: 1200.00M
--- Running XOR for layer 65/20 ---
"input" in: xor.drc:109
    Polygons (raw): 121104 (flat)  495 (hierarchical)
    Elapsed: 0.000s  Memory: 1200.00M
"input" in: xor.drc:109
    Polygons (raw): 121104 (flat)  495 (hierarchical)
    Elapsed: 0.000s  Memory: 1200.00M
"^" in: xor.drc:109
    Polygons (raw): 0 (flat)  0 (hierarchical)
    Elapsed: 0.890s  Memory: 1216.00M
XOR differences: 0
"output" in: xor.drc:86
    Polygons (raw): 0 (flat)  0 (hierarchical)
    Elapsed: 0.000s  Memory: 1200.00M
--- Running XOR for layer 65/44 ---
"input" in: xor.drc:109
    Polygons (raw): 19076 (flat)  2 (hierarchical)
    Elapsed: 0.000s  Memory: 1200.00M
"input" in: xor.drc:109
    Polygons (raw): 19076 (flat)  2 (hierarchical)
    Elapsed: 0.000s  Memory: 1200.00M
"^" in: xor.drc:109
    Polygons (raw): 0 (flat)  0 (hierarchical)
    Elapsed: 0.210s  Memory: 1216.00M
XOR differences: 0
"output" in: xor.drc:86
    Polygons (raw): 0 (flat)  0 (hierarchical)
    Elapsed: 0.000s  Memory: 1200.00M
--- Running XOR for layer 66/20 ---
"input" in: xor.drc:109
    Polygons (raw): 131597 (flat)  794 (hierarchical)
    Elapsed: 0.000s  Memory: 1200.00M
"input" in: xor.drc:109
    Polygons (raw): 131597 (flat)  794 (hierarchical)
    Elapsed: 0.000s  Memory: 1200.00M
"^" in: xor.drc:109
    Polygons (raw): 0 (flat)  0 (hierarchical)
    Elapsed: 1.650s  Memory: 1200.00M
XOR differences: 0
"output" in: xor.drc:86
    Polygons (raw): 0 (flat)  0 (hierarchical)
    Elapsed: 0.010s  Memory: 1200.00M
--- Running XOR for layer 66/44 ---
"input" in: xor.drc:109
    Polygons (raw): 606445 (flat)  5447 (hierarchical)
    Elapsed: 0.000s  Memory: 1200.00M
"input" in: xor.drc:109
    Polygons (raw): 606445 (flat)  5447 (hierarchical)
    Elapsed: 0.000s  Memory: 1200.00M
"^" in: xor.drc:109
    Polygons (raw): 0 (flat)  0 (hierarchical)
    Elapsed: 3.640s  Memory: 1208.00M
XOR differences: 0
"output" in: xor.drc:86
    Polygons (raw): 0 (flat)  0 (hierarchical)
    Elapsed: 0.010s  Memory: 1200.00M
--- Running XOR for layer 67/16 ---
"input" in: xor.drc:109
    Polygons (raw): 67083 (flat)  1377 (hierarchical)
    Elapsed: 0.000s  Memory: 1200.00M
"input" in: xor.drc:109
    Polygons (raw): 67083 (flat)  1377 (hierarchical)
    Elapsed: 0.000s  Memory: 1200.00M
"^" in: xor.drc:109
    Polygons (raw): 0 (flat)  0 (hierarchical)
    Elapsed: 0.420s  Memory: 1200.00M
XOR differences: 0
"output" in: xor.drc:86
    Polygons (raw): 0 (flat)  0 (hierarchical)
    Elapsed: 0.000s  Memory: 1200.00M
--- Running XOR for layer 67/20 ---
"input" in: xor.drc:109
    Polygons (raw): 390905 (flat)  39581 (hierarchical)
    Elapsed: 0.000s  Memory: 1200.00M
"input" in: xor.drc:109
    Polygons (raw): 390905 (flat)  1409 (hierarchical)
    Elapsed: 0.000s  Memory: 1200.00M
"^" in: xor.drc:109
    Polygons (raw): 0 (flat)  0 (hierarchical)
    Elapsed: 4.740s  Memory: 1216.00M
XOR differences: 0
"output" in: xor.drc:86
    Polygons (raw): 0 (flat)  0 (hierarchical)
    Elapsed: 0.010s  Memory: 1200.00M
--- Running XOR for layer 67/44 ---
"input" in: xor.drc:109
    Polygons (raw): 1110993 (flat)  41315 (hierarchical)
    Elapsed: 0.000s  Memory: 1200.00M
"input" in: xor.drc:109
    Polygons (raw): 1110993 (flat)  3143 (hierarchical)
    Elapsed: 0.000s  Memory: 1200.00M
"^" in: xor.drc:109
    Polygons (raw): 0 (flat)  0 (hierarchical)
    Elapsed: 6.950s  Memory: 1200.00M
XOR differences: 0
"output" in: xor.drc:86
    Polygons (raw): 0 (flat)  0 (hierarchical)
    Elapsed: 0.010s  Memory: 1200.00M
--- Running XOR for layer 67/5 ---
"input" in: xor.drc:109
    Polygons (raw): 0 (flat)  0 (hierarchical)
    Elapsed: 0.000s  Memory: 1200.00M
"input" in: xor.drc:109
    Polygons (raw): 0 (flat)  0 (hierarchical)
    Elapsed: 0.000s  Memory: 1200.00M
"^" in: xor.drc:109
    Polygons (raw): 0 (flat)  0 (hierarchical)
    Elapsed: 0.180s  Memory: 1208.00M
XOR differences: 0
"output" in: xor.drc:86
    Polygons (raw): 0 (flat)  0 (hierarchical)
    Elapsed: 0.000s  Memory: 1200.00M
--- Running XOR for layer 68/16 ---
"input" in: xor.drc:109
    Polygons (raw): 153007 (flat)  351 (hierarchical)
    Elapsed: 0.000s  Memory: 1200.00M
"input" in: xor.drc:109
    Polygons (raw): 153007 (flat)  351 (hierarchical)
    Elapsed: 0.000s  Memory: 1200.00M
"^" in: xor.drc:109
    Polygons (raw): 0 (flat)  0 (hierarchical)
    Elapsed: 1.190s  Memory: 1216.00M
XOR differences: 0
"output" in: xor.drc:86
    Polygons (raw): 0 (flat)  0 (hierarchical)
    Elapsed: 0.000s  Memory: 1200.00M
--- Running XOR for layer 68/20 ---
"input" in: xor.drc:109
    Polygons (raw): 313925 (flat)  160188 (hierarchical)
    Elapsed: 0.000s  Memory: 1200.00M
"input" in: xor.drc:109
    Polygons (raw): 286500 (flat)  56207 (hierarchical)
    Elapsed: 0.000s  Memory: 1200.00M
"^" in: xor.drc:109
    Polygons (raw): 0 (flat)  0 (hierarchical)
    Elapsed: 2.920s  Memory: 1228.00M
XOR differences: 0
"output" in: xor.drc:86
    Polygons (raw): 0 (flat)  0 (hierarchical)
    Elapsed: 0.010s  Memory: 1228.00M
--- Running XOR for layer 68/44 ---
"input" in: xor.drc:109
    Polygons (raw): 45387 (flat)  45387 (hierarchical)
    Elapsed: 0.000s  Memory: 1228.00M
"input" in: xor.drc:109
    Polygons (raw): 45387 (flat)  7 (hierarchical)
    Elapsed: 0.000s  Memory: 1228.00M
"^" in: xor.drc:109
    Polygons (raw): 0 (flat)  0 (hierarchical)
    Elapsed: 0.360s  Memory: 1252.00M
XOR differences: 0
"output" in: xor.drc:86
    Polygons (raw): 0 (flat)  0 (hierarchical)
    Elapsed: 0.000s  Memory: 1228.00M
--- Running XOR for layer 68/5 ---
"input" in: xor.drc:109
    Polygons (raw): 0 (flat)  0 (hierarchical)
    Elapsed: 0.000s  Memory: 1228.00M
"input" in: xor.drc:109
    Polygons (raw): 0 (flat)  0 (hierarchical)
    Elapsed: 0.000s  Memory: 1228.00M
"^" in: xor.drc:109
    Polygons (raw): 0 (flat)  0 (hierarchical)
    Elapsed: 0.460s  Memory: 1228.00M
XOR differences: 0
"output" in: xor.drc:86
    Polygons (raw): 0 (flat)  0 (hierarchical)
    Elapsed: 0.000s  Memory: 1228.00M
--- Running XOR for layer 69/16 ---
"input" in: xor.drc:109
    Polygons (raw): 244 (flat)  244 (hierarchical)
    Elapsed: 0.000s  Memory: 1228.00M
"input" in: xor.drc:109
    Polygons (raw): 244 (flat)  244 (hierarchical)
    Elapsed: 0.000s  Memory: 1228.00M
"^" in: xor.drc:109
    Polygons (raw): 0 (flat)  0 (hierarchical)
    Elapsed: 0.120s  Memory: 1268.00M
XOR differences: 0
"output" in: xor.drc:86
    Polygons (raw): 0 (flat)  0 (hierarchical)
    Elapsed: 0.000s  Memory: 1228.00M
--- Running XOR for layer 69/20 ---
"input" in: xor.drc:109
    Polygons (raw): 64912 (flat)  64912 (hierarchical)
    Elapsed: 0.000s  Memory: 1228.00M
"input" in: xor.drc:109
    Polygons (raw): 67144 (flat)  26188 (hierarchical)
    Elapsed: 0.000s  Memory: 1228.00M
"^" in: xor.drc:109
    Polygons (raw): 0 (flat)  0 (hierarchical)
    Elapsed: 0.860s  Memory: 1244.00M
XOR differences: 0
"output" in: xor.drc:86
    Polygons (raw): 0 (flat)  0 (hierarchical)
    Elapsed: 0.000s  Memory: 1228.00M
--- Running XOR for layer 69/44 ---
"input" in: xor.drc:109
    Polygons (raw): 7824 (flat)  7824 (hierarchical)
    Elapsed: 0.000s  Memory: 1228.00M
"input" in: xor.drc:109
    Polygons (raw): 7824 (flat)  5 (hierarchical)
    Elapsed: 0.000s  Memory: 1228.00M
"^" in: xor.drc:109
    Polygons (raw): 0 (flat)  0 (hierarchical)
    Elapsed: 0.130s  Memory: 1284.00M
XOR differences: 0
"output" in: xor.drc:86
    Polygons (raw): 0 (flat)  0 (hierarchical)
    Elapsed: 0.000s  Memory: 1228.00M
--- Running XOR for layer 69/5 ---
"input" in: xor.drc:109
    Polygons (raw): 0 (flat)  0 (hierarchical)
    Elapsed: 0.000s  Memory: 1228.00M
"input" in: xor.drc:109
    Polygons (raw): 0 (flat)  0 (hierarchical)
    Elapsed: 0.000s  Memory: 1228.00M
"^" in: xor.drc:109
    Polygons (raw): 0 (flat)  0 (hierarchical)
    Elapsed: 0.110s  Memory: 1236.00M
XOR differences: 0
"output" in: xor.drc:86
    Polygons (raw): 0 (flat)  0 (hierarchical)
    Elapsed: 0.000s  Memory: 1228.00M
--- Running XOR for layer 70/16 ---
"input" in: xor.drc:109
    Polygons (raw): 17 (flat)  17 (hierarchical)
    Elapsed: 0.000s  Memory: 1228.00M
"input" in: xor.drc:109
    Polygons (raw): 17 (flat)  17 (hierarchical)
    Elapsed: 0.000s  Memory: 1228.00M
"^" in: xor.drc:109
    Polygons (raw): 0 (flat)  0 (hierarchical)
    Elapsed: 0.110s  Memory: 1252.00M
XOR differences: 0
"output" in: xor.drc:86
    Polygons (raw): 0 (flat)  0 (hierarchical)
    Elapsed: 0.000s  Memory: 1228.00M
--- Running XOR for layer 70/20 ---
"input" in: xor.drc:109
    Polygons (raw): 3988 (flat)  3988 (hierarchical)
    Elapsed: 0.000s  Memory: 1228.00M
"input" in: xor.drc:109
    Polygons (raw): 6665 (flat)  2294 (hierarchical)
    Elapsed: 0.000s  Memory: 1228.00M
"^" in: xor.drc:109
    Polygons (raw): 0 (flat)  0 (hierarchical)
    Elapsed: 0.150s  Memory: 1268.00M
XOR differences: 0
"output" in: xor.drc:86
    Polygons (raw): 0 (flat)  0 (hierarchical)
    Elapsed: 0.000s  Memory: 1228.00M
--- Running XOR for layer 70/44 ---
"input" in: xor.drc:109
    Polygons (raw): 7051 (flat)  7051 (hierarchical)
    Elapsed: 0.000s  Memory: 1228.00M
"input" in: xor.drc:109
    Polygons (raw): 7051 (flat)  5 (hierarchical)
    Elapsed: 0.000s  Memory: 1228.00M
"^" in: xor.drc:109
    Polygons (raw): 0 (flat)  0 (hierarchical)
    Elapsed: 0.130s  Memory: 1260.00M
XOR differences: 0
"output" in: xor.drc:86
    Polygons (raw): 0 (flat)  0 (hierarchical)
    Elapsed: 0.000s  Memory: 1228.00M
--- Running XOR for layer 70/5 ---
"input" in: xor.drc:109
    Polygons (raw): 0 (flat)  0 (hierarchical)
    Elapsed: 0.000s  Memory: 1228.00M
"input" in: xor.drc:109
    Polygons (raw): 0 (flat)  0 (hierarchical)
    Elapsed: 0.000s  Memory: 1228.00M
"^" in: xor.drc:109
    Polygons (raw): 0 (flat)  0 (hierarchical)
    Elapsed: 0.090s  Memory: 1236.00M
XOR differences: 0
"output" in: xor.drc:86
    Polygons (raw): 0 (flat)  0 (hierarchical)
    Elapsed: 0.000s  Memory: 1228.00M
--- Running XOR for layer 71/16 ---
"input" in: xor.drc:109
    Polygons (raw): 14 (flat)  14 (hierarchical)
    Elapsed: 0.000s  Memory: 1228.00M
"input" in: xor.drc:109
    Polygons (raw): 14 (flat)  14 (hierarchical)
    Elapsed: 0.000s  Memory: 1228.00M
"^" in: xor.drc:109
    Polygons (raw): 0 (flat)  0 (hierarchical)
    Elapsed: 0.110s  Memory: 1228.00M
XOR differences: 0
"output" in: xor.drc:86
    Polygons (raw): 0 (flat)  0 (hierarchical)
    Elapsed: 0.000s  Memory: 1228.00M
--- Running XOR for layer 71/20 ---
"input" in: xor.drc:109
    Polygons (raw): 91 (flat)  91 (hierarchical)
    Elapsed: 0.000s  Memory: 1228.00M
"input" in: xor.drc:109
    Polygons (raw): 1855 (flat)  56 (hierarchical)
    Elapsed: 0.000s  Memory: 1228.00M
"^" in: xor.drc:109
    Polygons (raw): 0 (flat)  0 (hierarchical)
    Elapsed: 0.130s  Memory: 1244.00M
XOR differences: 0
"output" in: xor.drc:86
    Polygons (raw): 0 (flat)  0 (hierarchical)
    Elapsed: 0.000s  Memory: 1228.00M
--- Running XOR for layer 71/5 ---
"input" in: xor.drc:109
    Polygons (raw): 0 (flat)  0 (hierarchical)
    Elapsed: 0.000s  Memory: 1228.00M
"input" in: xor.drc:109
    Polygons (raw): 0 (flat)  0 (hierarchical)
    Elapsed: 0.000s  Memory: 1228.00M
"^" in: xor.drc:109
    Polygons (raw): 0 (flat)  0 (hierarchical)
    Elapsed: 0.040s  Memory: 1244.00M
XOR differences: 0
"output" in: xor.drc:86
    Polygons (raw): 0 (flat)  0 (hierarchical)
    Elapsed: 0.000s  Memory: 1228.00M
--- Running XOR for layer 78/44 ---
"input" in: xor.drc:109
    Polygons (raw): 76558 (flat)  174 (hierarchical)
    Elapsed: 0.000s  Memory: 1228.00M
"input" in: xor.drc:109
    Polygons (raw): 76558 (flat)  174 (hierarchical)
    Elapsed: 0.010s  Memory: 1228.00M
"^" in: xor.drc:109
    Polygons (raw): 0 (flat)  0 (hierarchical)
    Elapsed: 0.880s  Memory: 1228.00M
XOR differences: 0
"output" in: xor.drc:86
    Polygons (raw): 0 (flat)  0 (hierarchical)
    Elapsed: 0.000s  Memory: 1228.00M
Warning: --- Skipping 81/14… ---
--- Running XOR for layer 81/23 ---
"input" in: xor.drc:109
    Polygons (raw): 96 (flat)  1 (hierarchical)
    Elapsed: 0.000s  Memory: 1228.00M
"input" in: xor.drc:109
    Polygons (raw): 96 (flat)  1 (hierarchical)
    Elapsed: 0.000s  Memory: 1228.00M
"^" in: xor.drc:109
    Polygons (raw): 0 (flat)  0 (hierarchical)
    Elapsed: 0.060s  Memory: 1236.00M
XOR differences: 0
"output" in: xor.drc:86
    Polygons (raw): 0 (flat)  0 (hierarchical)
    Elapsed: 0.000s  Memory: 1228.00M
--- Running XOR for layer 81/4 ---
"input" in: xor.drc:109
    Polygons (raw): 76402 (flat)  172 (hierarchical)
    Elapsed: 0.000s  Memory: 1228.00M
"input" in: xor.drc:109
    Polygons (raw): 76402 (flat)  172 (hierarchical)
    Elapsed: 0.000s  Memory: 1228.00M
"^" in: xor.drc:109
    Polygons (raw): 0 (flat)  0 (hierarchical)
    Elapsed: 0.870s  Memory: 1228.00M
XOR differences: 0
"output" in: xor.drc:86
    Polygons (raw): 0 (flat)  0 (hierarchical)
    Elapsed: 0.010s  Memory: 1228.00M
--- Running XOR for layer 83/44 ---
"input" in: xor.drc:109
    Polygons (raw): 0 (flat)  0 (hierarchical)
    Elapsed: 0.000s  Memory: 1228.00M
"input" in: xor.drc:109
    Polygons (raw): 0 (flat)  0 (hierarchical)
    Elapsed: 0.000s  Memory: 1228.00M
"^" in: xor.drc:109
    Polygons (raw): 0 (flat)  0 (hierarchical)
    Elapsed: 0.380s  Memory: 1236.00M
XOR differences: 0
"output" in: xor.drc:86
    Polygons (raw): 0 (flat)  0 (hierarchical)
    Elapsed: 0.000s  Memory: 1228.00M
--- Running XOR for layer 93/44 ---
"input" in: xor.drc:109
    Polygons (raw): 85940 (flat)  173 (hierarchical)
    Elapsed: 0.000s  Memory: 1228.00M
"input" in: xor.drc:109
    Polygons (raw): 85940 (flat)  173 (hierarchical)
    Elapsed: 0.000s  Memory: 1228.00M
"^" in: xor.drc:109
    Polygons (raw): 0 (flat)  0 (hierarchical)
    Elapsed: 1.090s  Memory: 1244.00M
XOR differences: 0
"output" in: xor.drc:86
    Polygons (raw): 0 (flat)  0 (hierarchical)
    Elapsed: 0.000s  Memory: 1228.00M
--- Running XOR for layer 94/20 ---
"input" in: xor.drc:109
    Polygons (raw): 85940 (flat)  173 (hierarchical)
    Elapsed: 0.000s  Memory: 1228.00M
"input" in: xor.drc:109
    Polygons (raw): 85940 (flat)  173 (hierarchical)
    Elapsed: 0.000s  Memory: 1228.00M
"^" in: xor.drc:109
    Polygons (raw): 0 (flat)  0 (hierarchical)
    Elapsed: 1.070s  Memory: 1276.00M
XOR differences: 0
"output" in: xor.drc:86
    Polygons (raw): 0 (flat)  0 (hierarchical)
    Elapsed: 0.010s  Memory: 1228.00M
--- Running XOR for layer 95/20 ---
"input" in: xor.drc:109
    Polygons (raw): 57020 (flat)  183 (hierarchical)
    Elapsed: 0.000s  Memory: 1228.00M
"input" in: xor.drc:109
    Polygons (raw): 57020 (flat)  183 (hierarchical)
    Elapsed: 0.000s  Memory: 1228.00M
"^" in: xor.drc:109
    Polygons (raw): 0 (flat)  0 (hierarchical)
    Elapsed: 0.770s  Memory: 1252.00M
XOR differences: 0
"output" in: xor.drc:86
    Polygons (raw): 0 (flat)  0 (hierarchical)
    Elapsed: 0.000s  Memory: 1228.00M
---
Total XOR differences: 0
Writing report database: /mnt/d/APIC/FIR_Openlane/Highpass/runs/RUN_2024-06-17_12-37-29/57-klayout-xor/xor.xml ..
Total elapsed: 36.150s  Memory: 1228.00M
/mnt/d/APIC/FIR_Openlane/Highpass/runs/RUN_2024-06-17_12-37-29/53-magic-streamout/highpass.magic.gds
/mnt/d/APIC/FIR_Openlane/Highpass/runs/RUN_2024-06-17_12-37-29/54-klayout-streamout/highpass.klayout.gds
%OL_METRIC_I design__xor_difference__count 0
