Reading OpenROAD database at '/mnt/d/APIC/FIR_Openlane/All/runs/RUN_2024-06-17_08-49-04/36-openroad-globalrouting/top.odb'…
Reading library file at '/home/nurwiyoso14/.volare/volare/sky130/versions/bdc9412b3e468c102d01b7cf6337be06ec6e9c9a/sky130A/libs.ref/sky130_fd_sc_hd/lib/sky130_fd_sc_hd__tt_025C_1v80.lib'…
Reading design constraints file at '/nix/store/ly0xjc8f0gmgmckxcrs0bw8vqc9gf9bk-python3-3.11.6-env/lib/python3.11/site-packages/openlane/scripts/base.sdc'…
[INFO] Using clock clk…
[INFO] Setting output delay to: 5
[INFO] Setting input delay to: 5
[INFO] Setting load to: 0.033442
[INFO] Setting clock uncertainty to: 0.25
[INFO] Setting clock transition to: 0.1499999999999999944488848768742172978818416595458984375
[INFO] Setting timing derate to: 5%
%OL_CREATE_REPORT /mnt/d/APIC/FIR_Openlane/All/runs/RUN_2024-06-17_08-49-04/37-openroad-checkantennas/reports/antenna.rpt
Net: _03959_
  Pin: _46763_/B (sky130_fd_sc_hd__nor2_1)
    Layer: li1
      Partial area ratio:    0.00
      Required ratio:    0.00 (Gate area) 
      Partial area ratio:    0.00
      Required ratio:   75.00 (Side area) 
      Cumulative area ratio:    0.00
      Required ratio:    0.00 (Cumulative area) 
      Cumulative area ratio:    0.00
      Required ratio:    0.00 (Cumulative side area) 

    Layer: met1
      Partial area ratio:   82.12
      Required ratio:    0.00 (Gate area) 
      Partial area ratio:  411.40
      Required ratio:  400.00 (Side area) (VIOLATED)
      Cumulative area ratio:   82.12
      Required ratio:    0.00 (Cumulative area) 
      Cumulative area ratio:  411.40
      Required ratio:    0.00 (Cumulative side area) 

    Layer: met2
      Partial area ratio:   15.77
      Required ratio:    0.00 (Gate area) 
      Partial area ratio:   79.64
      Required ratio:  400.00 (Side area) 
      Cumulative area ratio:   97.89
      Required ratio:    0.00 (Cumulative area) 
      Cumulative area ratio:  491.05
      Required ratio:    0.00 (Cumulative side area) 

    Via: L1M1_PR
      Partial area ratio:    0.12
      Required ratio:    3.00 (Gate area) 
      Cumulative area ratio:    0.12
      Required ratio:    0.00 (Cumulative area) 

    Via: M1M2_PR
      Partial area ratio:    0.18
      Required ratio:    6.00 (Gate area) 
      Cumulative area ratio:    0.30
      Required ratio:    0.00 (Cumulative area) 


Net: highshift.data\[9\]
  Pin: _38793_/B (sky130_fd_sc_hd__xor2_2)
    Layer: met4
      Partial area ratio:   83.82
      Required ratio:    0.00 (Gate area) 
      Partial area ratio:  448.00
      Required ratio:  400.00 (Side area) (VIOLATED)
      Cumulative area ratio:  120.29
      Required ratio:    0.00 (Cumulative area) 
      Cumulative area ratio:  642.60
      Required ratio:    0.00 (Cumulative side area) 

    Layer: met3
      Partial area ratio:   33.55
      Required ratio:    0.00 (Gate area) 
      Partial area ratio:  179.39
      Required ratio:  400.00 (Side area) 
      Cumulative area ratio:   36.47
      Required ratio:    0.00 (Cumulative area) 
      Cumulative area ratio:  194.60
      Required ratio:    0.00 (Cumulative side area) 

    Layer: met2
      Partial area ratio:    1.99
      Required ratio:    0.00 (Gate area) 
      Partial area ratio:   10.15
      Required ratio:  400.00 (Side area) 
      Cumulative area ratio:    2.92
      Required ratio:    0.00 (Cumulative area) 
      Cumulative area ratio:   15.20
      Required ratio:    0.00 (Cumulative side area) 

    Layer: met1
      Partial area ratio:    0.93
      Required ratio:    0.00 (Gate area) 
      Partial area ratio:    5.05
      Required ratio:  400.00 (Side area) 
      Cumulative area ratio:    0.93
      Required ratio:    0.00 (Cumulative area) 
      Cumulative area ratio:    5.05
      Required ratio:    0.00 (Cumulative side area) 

    Via: M3M4_PR
      Partial area ratio:    0.04
      Required ratio:    6.00 (Gate area) 
      Cumulative area ratio:    0.10
      Required ratio:    0.00 (Cumulative area) 

    Via: M2M3_PR
      Partial area ratio:    0.04
      Required ratio:    6.00 (Gate area) 
      Cumulative area ratio:    0.06
      Required ratio:    0.00 (Cumulative area) 

    Via: M1M2_PR
      Partial area ratio:    0.02
      Required ratio:    6.00 (Gate area) 
      Cumulative area ratio:    0.02
      Required ratio:    0.00 (Cumulative area) 


Net: lowshift.data\[212\]
  Pin: _48576_/B (sky130_fd_sc_hd__nand2_1)
    Layer: met1
      Partial area ratio:  136.76
      Required ratio:    0.00 (Gate area) 
      Partial area ratio:  684.61
      Required ratio:  400.00 (Side area) (VIOLATED)
      Cumulative area ratio:  136.76
      Required ratio:    0.00 (Cumulative area) 
      Cumulative area ratio:  684.61
      Required ratio:    0.00 (Cumulative side area) 

    Layer: li1
      Partial area ratio:    0.00
      Required ratio:    0.00 (Gate area) 
      Partial area ratio:    0.00
      Required ratio:   75.00 (Side area) 
      Cumulative area ratio:    0.00
      Required ratio:    0.00 (Cumulative area) 
      Cumulative area ratio:    0.00
      Required ratio:    0.00 (Cumulative side area) 

    Via: L1M1_PR
      Partial area ratio:    0.12
      Required ratio:    3.00 (Gate area) 
      Cumulative area ratio:    0.12
      Required ratio:    0.00 (Cumulative area) 


Net: net130
  Pin: _53856_/A (sky130_fd_sc_hd__or2_1)
    Layer: met4
      Partial area ratio:   66.43
      Required ratio:    0.00 (Gate area) 
      Partial area ratio:  358.10
      Required ratio:  400.00 (Side area) 
      Cumulative area ratio:  241.75
      Required ratio:    0.00 (Cumulative area) 
      Cumulative area ratio: 1268.48
      Required ratio:    0.00 (Cumulative side area) 

    Layer: met3
      Partial area ratio:   82.86
      Required ratio:    0.00 (Gate area) 
      Partial area ratio:  445.71
      Required ratio:  400.00 (Side area) (VIOLATED)
      Cumulative area ratio:  175.32
      Required ratio:    0.00 (Cumulative area) 
      Cumulative area ratio:  910.38
      Required ratio:    0.00 (Cumulative side area) 

    Layer: met2
      Partial area ratio:   84.64
      Required ratio:    0.00 (Gate area) 
      Partial area ratio:  424.78
      Required ratio:  400.00 (Side area) (VIOLATED)
      Cumulative area ratio:   92.47
      Required ratio:    0.00 (Cumulative area) 
      Cumulative area ratio:  464.67
      Required ratio:    0.00 (Cumulative side area) 

    Layer: met1
      Partial area ratio:    7.82
      Required ratio:    0.00 (Gate area) 
      Partial area ratio:   39.89
      Required ratio:  400.00 (Side area) 
      Cumulative area ratio:    7.82
      Required ratio:    0.00 (Cumulative area) 
      Cumulative area ratio:   39.89
      Required ratio:    0.00 (Cumulative side area) 

    Layer: li1
      Partial area ratio:    0.00
      Required ratio:    0.00 (Gate area) 
      Partial area ratio:    0.00
      Required ratio:   75.00 (Side area) 
      Cumulative area ratio:    0.00
      Required ratio:    0.00 (Cumulative area) 
      Cumulative area ratio:    0.00
      Required ratio:    0.00 (Cumulative side area) 

    Via: M3M4_PR
      Partial area ratio:    0.32
      Required ratio:    6.00 (Gate area) 
      Cumulative area ratio:    1.22
      Required ratio:    0.00 (Cumulative area) 

    Via: M2M3_PR
      Partial area ratio:    0.32
      Required ratio:    6.00 (Gate area) 
      Cumulative area ratio:    0.90
      Required ratio:    0.00 (Cumulative area) 

    Via: M1M2_PR
      Partial area ratio:    0.36
      Required ratio:    6.00 (Gate area) 
      Cumulative area ratio:    0.59
      Required ratio:    0.00 (Cumulative area) 

    Via: L1M1_PR
      Partial area ratio:    0.23
      Required ratio:    3.00 (Gate area) 
      Cumulative area ratio:    0.23
      Required ratio:    0.00 (Cumulative area) 


Net: net216
  Pin: _38257_/A1 (sky130_fd_sc_hd__a221o_1)
    Layer: met2
      Partial area ratio:   90.40
      Required ratio:    0.00 (Gate area) 
      Partial area ratio:  455.18
      Required ratio:  400.00 (Side area) (VIOLATED)
      Cumulative area ratio:  121.87
      Required ratio:    0.00 (Cumulative area) 
      Cumulative area ratio:  613.68
      Required ratio:    0.00 (Cumulative side area) 

    Layer: met1
      Partial area ratio:   31.46
      Required ratio:    0.00 (Gate area) 
      Partial area ratio:  158.50
      Required ratio:  400.00 (Side area) 
      Cumulative area ratio:   31.46
      Required ratio:    0.00 (Cumulative area) 
      Cumulative area ratio:  158.50
      Required ratio:    0.00 (Cumulative side area) 

    Layer: li1
      Partial area ratio:    0.00
      Required ratio:    0.00 (Gate area) 
      Partial area ratio:    0.00
      Required ratio:   75.00 (Side area) 
      Cumulative area ratio:    0.00
      Required ratio:    0.00 (Cumulative area) 
      Cumulative area ratio:    0.00
      Required ratio:    0.00 (Cumulative side area) 

    Via: M1M2_PR
      Partial area ratio:    0.27
      Required ratio:    6.00 (Gate area) 
      Cumulative area ratio:    0.39
      Required ratio:    0.00 (Cumulative area) 

    Via: L1M1_PR
      Partial area ratio:    0.12
      Required ratio:    3.00 (Gate area) 
      Cumulative area ratio:    0.12
      Required ratio:    0.00 (Cumulative area) 


Net: net413
  Pin: _65833_/D (sky130_fd_sc_hd__dfrtp_4)
    Layer: met2
      Partial area ratio:  123.60
      Required ratio:    0.00 (Gate area) 
      Partial area ratio:  622.67
      Required ratio:  400.00 (Side area) (VIOLATED)
      Cumulative area ratio:  208.09
      Required ratio:    0.00 (Cumulative area) 
      Cumulative area ratio: 1045.89
      Required ratio:    0.00 (Cumulative side area) 

    Layer: met1
      Partial area ratio:   84.49
      Required ratio:    0.00 (Gate area) 
      Partial area ratio:  423.22
      Required ratio:  400.00 (Side area) (VIOLATED)
      Cumulative area ratio:   84.49
      Required ratio:    0.00 (Cumulative area) 
      Cumulative area ratio:  423.22
      Required ratio:    0.00 (Cumulative side area) 

    Layer: li1
      Partial area ratio:    0.00
      Required ratio:    0.00 (Gate area) 
      Partial area ratio:    0.00
      Required ratio:   75.00 (Side area) 
      Cumulative area ratio:    0.00
      Required ratio:    0.00 (Cumulative area) 
      Cumulative area ratio:    0.00
      Required ratio:    0.00 (Cumulative side area) 

    Via: M1M2_PR
      Partial area ratio:    0.18
      Required ratio:    6.00 (Gate area) 
      Cumulative area ratio:    0.41
      Required ratio:    0.00 (Cumulative area) 

    Via: L1M1_PR
      Partial area ratio:    0.23
      Required ratio:    3.00 (Gate area) 
      Cumulative area ratio:    0.23
      Required ratio:    0.00 (Cumulative area) 


Net: net679
  Pin: _45740_/B (sky130_fd_sc_hd__or2_1)
    Layer: li1
      Partial area ratio:    0.00
      Required ratio:    0.00 (Gate area) 
      Partial area ratio:    0.00
      Required ratio:   75.00 (Side area) 
      Cumulative area ratio:    0.00
      Required ratio:    0.00 (Cumulative area) 
      Cumulative area ratio:    0.00
      Required ratio:    0.00 (Cumulative side area) 

    Layer: met1
      Partial area ratio:   69.47
      Required ratio:    0.00 (Gate area) 
      Partial area ratio:  349.67
      Required ratio:  400.00 (Side area) 
      Cumulative area ratio:   69.47
      Required ratio:    0.00 (Cumulative area) 
      Cumulative area ratio:  349.67
      Required ratio:    0.00 (Cumulative side area) 

    Layer: met2
      Partial area ratio:  200.58
      Required ratio:    0.00 (Gate area) 
      Partial area ratio: 1009.11
      Required ratio:  400.00 (Side area) (VIOLATED)
      Cumulative area ratio:  270.04
      Required ratio:    0.00 (Cumulative area) 
      Cumulative area ratio: 1358.78
      Required ratio:    0.00 (Cumulative side area) 

    Via: L1M1_PR
      Partial area ratio:    0.23
      Required ratio:    3.00 (Gate area) 
      Cumulative area ratio:    0.23
      Required ratio:    0.00 (Cumulative area) 

    Via: M1M2_PR
      Partial area ratio:    0.54
      Required ratio:    6.00 (Gate area) 
      Cumulative area ratio:    0.77
      Required ratio:    0.00 (Cumulative area) 


[INFO ANT-0002] Found 7 net violations.
[INFO ANT-0001] Found 7 pin violations.
%OL_END_REPORT
