
===========================================================================
report_checks -unconstrained
===========================================================================
======================= nom_ff_n40C_1v95 Corner ===================================

Startpoint: input_data[50] (input port clocked by clk)
Endpoint: _41569_ (rising edge-triggered flip-flop clocked by clk)
Path Group: clk
Path Type: max

Fanout         Cap        Slew       Delay        Time   Description
---------------------------------------------------------------------------------------------
                                  0.000000    0.000000   clock clk (rise edge)
                                  0.000000    0.000000   clock network delay (propagated)
                                  5.000000    5.000000 ^ input external delay
     2    0.005379    0.022965    0.013892    5.013892 ^ input_data[50] (in)
                                                         input_data[50] (net)
                      0.022965    0.000000    5.013892 ^ input180/A (sky130_fd_sc_hd__clkbuf_2)
     2    0.041758    0.175850    0.160962    5.174854 ^ input180/X (sky130_fd_sc_hd__clkbuf_2)
                                                         net180 (net)
                      0.176223    0.006582    5.181436 ^ fanout847/A (sky130_fd_sc_hd__clkbuf_4)
    18    0.086231    0.198213    0.231307    5.412743 ^ fanout847/X (sky130_fd_sc_hd__clkbuf_4)
                                                         net847 (net)
                      0.200277    0.016279    5.429021 ^ fanout846/A (sky130_fd_sc_hd__clkbuf_8)
    20    0.112026    0.151669    0.193401    5.622422 ^ fanout846/X (sky130_fd_sc_hd__clkbuf_8)
                                                         net846 (net)
                      0.151700    0.001942    5.624364 ^ fanout845/A (sky130_fd_sc_hd__clkbuf_4)
    14    0.067960    0.157180    0.206047    5.830411 ^ fanout845/X (sky130_fd_sc_hd__clkbuf_4)
                                                         net845 (net)
                      0.157446    0.005277    5.835688 ^ fanout844/A (sky130_fd_sc_hd__clkbuf_8)
    20    0.098344    0.133182    0.187214    6.022902 ^ fanout844/X (sky130_fd_sc_hd__clkbuf_8)
                                                         net844 (net)
                      0.133240    0.002293    6.025195 ^ _22925_/A (sky130_fd_sc_hd__xor2_4)
     6    0.039530    0.092195    0.098114    6.123310 v _22925_/X (sky130_fd_sc_hd__xor2_4)
                                                         _12442_ (net)
                      0.092243    0.001561    6.124871 v _23067_/B (sky130_fd_sc_hd__xnor2_2)
     4    0.036853    0.359827    0.303011    6.427882 ^ _23067_/Y (sky130_fd_sc_hd__xnor2_2)
                                                         _12584_ (net)
                      0.359892    0.003906    6.431788 ^ fanout359/A (sky130_fd_sc_hd__clkbuf_4)
    20    0.073768    0.170934    0.239870    6.671659 ^ fanout359/X (sky130_fd_sc_hd__clkbuf_4)
                                                         net359 (net)
                      0.171481    0.007864    6.679523 ^ _23509_/A (sky130_fd_sc_hd__or2_2)
     5    0.025026    0.102534    0.150324    6.829847 ^ _23509_/X (sky130_fd_sc_hd__or2_2)
                                                         _13070_ (net)
                      0.102535    0.000321    6.830168 ^ _23511_/A (sky130_fd_sc_hd__nand2_2)
     6    0.027331    0.080987    0.081517    6.911685 v _23511_/Y (sky130_fd_sc_hd__nand2_2)
                                                         _13072_ (net)
                      0.080995    0.000687    6.912372 v _25052_/B (sky130_fd_sc_hd__and2_1)
     1    0.009045    0.043517    0.135412    7.047784 v _25052_/X (sky130_fd_sc_hd__and2_1)
                                                         _14766_ (net)
                      0.043519    0.000282    7.048066 v _25054_/A (sky130_fd_sc_hd__nor2_4)
    16    0.054020    0.247099    0.216117    7.264183 ^ _25054_/Y (sky130_fd_sc_hd__nor2_4)
                                                         _14768_ (net)
                      0.247206    0.004230    7.268413 ^ _38287_/A (sky130_fd_sc_hd__xor2_1)
     2    0.009300    0.163671    0.155910    7.424323 ^ _38287_/X (sky130_fd_sc_hd__xor2_1)
                                                         _08552_ (net)
                      0.163672    0.000309    7.424632 ^ _38288_/B (sky130_fd_sc_hd__xnor2_1)
     2    0.009972    0.181427    0.118614    7.543245 ^ _38288_/Y (sky130_fd_sc_hd__xnor2_1)
                                                         _08553_ (net)
                      0.181428    0.000305    7.543550 ^ _38289_/B (sky130_fd_sc_hd__xor2_1)
     2    0.010459    0.178819    0.165725    7.709275 ^ _38289_/X (sky130_fd_sc_hd__xor2_1)
                                                         _08554_ (net)
                      0.178820    0.000356    7.709631 ^ _38292_/A_N (sky130_fd_sc_hd__and2b_1)
     1    0.006350    0.034927    0.130855    7.840487 v _38292_/X (sky130_fd_sc_hd__and2b_1)
                                                         _08558_ (net)
                      0.034929    0.000217    7.840703 v _38293_/B (sky130_fd_sc_hd__nor2_2)
     2    0.022162    0.183403    0.151599    7.992302 ^ _38293_/Y (sky130_fd_sc_hd__nor2_2)
                                                         _08559_ (net)
                      0.183404    0.000504    7.992806 ^ _38296_/A (sky130_fd_sc_hd__xnor2_4)
     2    0.022383    0.072328    0.077249    8.070055 v _38296_/Y (sky130_fd_sc_hd__xnor2_4)
                                                         _08562_ (net)
                      0.072362    0.001186    8.071240 v _38299_/A (sky130_fd_sc_hd__xnor2_4)
     2    0.020906    0.068821    0.126839    8.198080 v _38299_/Y (sky130_fd_sc_hd__xnor2_4)
                                                         _08565_ (net)
                      0.068838    0.000798    8.198878 v _38301_/B (sky130_fd_sc_hd__xnor2_4)
     2    0.029717    0.201237    0.187955    8.386833 ^ _38301_/Y (sky130_fd_sc_hd__xnor2_4)
                                                         _08567_ (net)
                      0.201246    0.001065    8.387897 ^ _38303_/A (sky130_fd_sc_hd__xnor2_4)
     2    0.021837    0.073753    0.077356    8.465254 v _38303_/Y (sky130_fd_sc_hd__xnor2_4)
                                                         _08570_ (net)
                      0.073774    0.000935    8.466188 v _38314_/A (sky130_fd_sc_hd__xor2_4)
     2    0.030286    0.083262    0.152691    8.618880 v _38314_/X (sky130_fd_sc_hd__xor2_4)
                                                         _08582_ (net)
                      0.083297    0.001328    8.620208 v _38329_/A (sky130_fd_sc_hd__xnor2_4)
     4    0.087280    0.486010    0.403579    9.023787 ^ _38329_/Y (sky130_fd_sc_hd__xnor2_4)
                                                         _08598_ (net)
                      0.487568    0.022161    9.045947 ^ _38337_/A (sky130_fd_sc_hd__xor2_1)
     2    0.010783    0.186475    0.154865    9.200812 ^ _38337_/X (sky130_fd_sc_hd__xor2_1)
                                                         _08607_ (net)
                      0.186477    0.000452    9.201264 ^ _38340_/A (sky130_fd_sc_hd__xnor2_1)
     2    0.008425    0.068940    0.080472    9.281735 v _38340_/Y (sky130_fd_sc_hd__xnor2_1)
                                                         _08610_ (net)
                      0.068940    0.000165    9.281900 v _38341_/B (sky130_fd_sc_hd__xnor2_1)
     2    0.010305    0.186166    0.177877    9.459778 ^ _38341_/Y (sky130_fd_sc_hd__xnor2_1)
                                                         _08611_ (net)
                      0.186168    0.000430    9.460208 ^ _38343_/A (sky130_fd_sc_hd__xnor2_1)
     2    0.004830    0.054236    0.062231    9.522439 v _38343_/Y (sky130_fd_sc_hd__xnor2_1)
                                                         _08614_ (net)
                      0.054237    0.000098    9.522537 v _38344_/C (sky130_fd_sc_hd__or3_1)
     3    0.010175    0.070390    0.212879    9.735415 v _38344_/X (sky130_fd_sc_hd__or3_1)
                                                         _08615_ (net)
                      0.070392    0.000239    9.735654 v _38347_/A1 (sky130_fd_sc_hd__a211oi_1)
     2    0.007424    0.216173    0.208002    9.943656 ^ _38347_/Y (sky130_fd_sc_hd__a211oi_1)
                                                         _08618_ (net)
                      0.216173    0.000132    9.943789 ^ _38348_/B (sky130_fd_sc_hd__nor2_1)
     1    0.005204    0.053962    0.036464    9.980252 v _38348_/Y (sky130_fd_sc_hd__nor2_1)
                                                         _08619_ (net)
                      0.053963    0.000160    9.980412 v _38349_/B (sky130_fd_sc_hd__xnor2_1)
     2    0.009681    0.079128    0.108633   10.089046 v _38349_/Y (sky130_fd_sc_hd__xnor2_1)
                                                         _08620_ (net)
                      0.079130    0.000281   10.089326 v _38351_/A (sky130_fd_sc_hd__xnor2_1)
     3    0.011610    0.204644    0.207658   10.296984 ^ _38351_/Y (sky130_fd_sc_hd__xnor2_1)
                                                         _08622_ (net)
                      0.204645    0.000431   10.297415 ^ _38354_/B (sky130_fd_sc_hd__xnor2_1)
     1    0.009581    0.078114    0.081069   10.378484 v _38354_/Y (sky130_fd_sc_hd__xnor2_1)
                                                         _08626_ (net)
                      0.078116    0.000326   10.378810 v _38356_/A (sky130_fd_sc_hd__xnor2_2)
     2    0.019951    0.216412    0.215236   10.594046 ^ _38356_/Y (sky130_fd_sc_hd__xnor2_2)
                                                         _08628_ (net)
                      0.216414    0.000564   10.594610 ^ _38357_/B (sky130_fd_sc_hd__xnor2_2)
     2    0.019355    0.083276    0.084847   10.679457 v _38357_/Y (sky130_fd_sc_hd__xnor2_2)
                                                         _08629_ (net)
                      0.083313    0.001460   10.680917 v _38360_/A (sky130_fd_sc_hd__xnor2_1)
     2    0.011283    0.200052    0.205787   10.886704 ^ _38360_/Y (sky130_fd_sc_hd__xnor2_1)
                                                         _08632_ (net)
                      0.200053    0.000389   10.887094 ^ _38361_/B1 (sky130_fd_sc_hd__a21o_2)
     3    0.022682    0.090742    0.113742   11.000835 ^ _38361_/X (sky130_fd_sc_hd__a21o_2)
                                                         _08633_ (net)
                      0.090743    0.000240   11.001075 ^ _40337_/A2 (sky130_fd_sc_hd__a21oi_1)
     1    0.009090    0.066623    0.069231   11.070306 v _40337_/Y (sky130_fd_sc_hd__a21oi_1)
                                                         _10806_ (net)
                      0.066625    0.000303   11.070609 v _40338_/B1 (sky130_fd_sc_hd__a311oi_4)
     2    0.047340    0.459779    0.286970   11.357578 ^ _40338_/Y (sky130_fd_sc_hd__a311oi_4)
                                                         _10807_ (net)
                      0.459958    0.007100   11.364678 ^ _40674_/A2 (sky130_fd_sc_hd__o31ai_1)
     1    0.003223    0.081052    0.045262   11.409940 v _40674_/Y (sky130_fd_sc_hd__o31ai_1)
                                                         _11177_ (net)
                      0.081053    0.000093   11.410033 v _40830_/A1 (sky130_fd_sc_hd__a21o_1)
     1    0.010612    0.046277    0.137738   11.547771 v _40830_/X (sky130_fd_sc_hd__a21o_1)
                                                         _11348_ (net)
                      0.046288    0.000593   11.548365 v _41078_/A1 (sky130_fd_sc_hd__a211oi_2)
     2    0.030336    0.399155    0.338807   11.887172 ^ _41078_/Y (sky130_fd_sc_hd__a211oi_2)
                                                         _11621_ (net)
                      0.399199    0.003453   11.890625 ^ _41277_/A1 (sky130_fd_sc_hd__o21ba_1)
     2    0.030657    0.230046    0.237510   12.128135 ^ _41277_/X (sky130_fd_sc_hd__o21ba_1)
                                                         _11840_ (net)
                      0.230116    0.003329   12.131463 ^ _41396_/A1 (sky130_fd_sc_hd__o21bai_1)
     1    0.015390    0.106199    0.118012   12.249475 v _41396_/Y (sky130_fd_sc_hd__o21bai_1)
                                                         _11971_ (net)
                      0.106216    0.001130   12.250606 v _41516_/A1 (sky130_fd_sc_hd__a21oi_1)
     1    0.004991    0.105259    0.129529   12.380135 ^ _41516_/Y (sky130_fd_sc_hd__a21oi_1)
                                                         _12103_ (net)
                      0.105260    0.000184   12.380319 ^ _41551_/A1 (sky130_fd_sc_hd__o21a_1)
     1    0.003744    0.035406    0.088276   12.468595 ^ _41551_/X (sky130_fd_sc_hd__o21a_1)
                                                         _12141_ (net)
                      0.035406    0.000087   12.468681 ^ _41553_/A1 (sky130_fd_sc_hd__o21a_1)
     1    0.003374    0.032646    0.074243   12.542924 ^ _41553_/X (sky130_fd_sc_hd__o21a_1)
                                                         _00015_ (net)
                      0.032647    0.000107   12.543031 ^ _41569_/D (sky130_fd_sc_hd__dfxtp_4)
                                             12.543031   data arrival time

                                 25.000000   25.000000   clock clk (rise edge)
                                  0.000000   25.000000   clock source latency
     2    0.140475    0.478269    0.344953   25.344952 ^ clk (in)
                                                         clk (net)
                      0.485004    0.000000   25.344952 ^ clkbuf_0_clk/A (sky130_fd_sc_hd__clkbuf_16)
     4    0.035681    0.053403    0.147880   25.492832 ^ clkbuf_0_clk/X (sky130_fd_sc_hd__clkbuf_16)
                                                         clknet_0_clk (net)
                      0.053414    0.001407   25.494238 ^ clkbuf_1_1__f_clk/A (sky130_fd_sc_hd__clkbuf_16)
    14    0.062491    0.061347    0.114682   25.608921 ^ clkbuf_1_1__f_clk/X (sky130_fd_sc_hd__clkbuf_16)
                                                         clknet_1_1__leaf_clk (net)
                      0.061595    0.003096   25.612017 ^ _41569_/CLK (sky130_fd_sc_hd__dfxtp_4)
                                 -0.250000   25.362017   clock uncertainty
                                  0.000000   25.362017   clock reconvergence pessimism
                                 -0.030824   25.331194   library setup time
                                             25.331194   data required time
---------------------------------------------------------------------------------------------
                                             25.331194   data required time
                                            -12.543031   data arrival time
---------------------------------------------------------------------------------------------
                                             12.788163   slack (MET)




===========================================================================
report_checks --slack_max -0.01
============================================================================
======================= nom_ff_n40C_1v95 Corner ===================================

No paths found.


===========================================================================
 report_check_types -max_slew -max_cap -max_fanout -violators
============================================================================
======================= nom_ff_n40C_1v95 Corner ===================================

max fanout

Pin                                   Limit Fanout  Slack
---------------------------------------------------------
fanout796/X                              10     26    -16 (VIOLATED)
wire1019/X                               10     26    -16 (VIOLATED)
_21719_/X                                10     21    -11 (VIOLATED)
_20789_/Y                                10     20    -10 (VIOLATED)
_20799_/Y                                10     20    -10 (VIOLATED)
_20842_/Y                                10     20    -10 (VIOLATED)
_20906_/Y                                10     20    -10 (VIOLATED)
_21566_/Y                                10     20    -10 (VIOLATED)
_21599_/Y                                10     20    -10 (VIOLATED)
_21949_/Y                                10     20    -10 (VIOLATED)
_22288_/Y                                10     20    -10 (VIOLATED)
_23505_/X                                10     20    -10 (VIOLATED)
_24617_/Y                                10     20    -10 (VIOLATED)
_25008_/Y                                10     20    -10 (VIOLATED)
_25951_/Y                                10     20    -10 (VIOLATED)
_28059_/Y                                10     20    -10 (VIOLATED)
_30818_/Y                                10     20    -10 (VIOLATED)
fanout1007/X                             10     20    -10 (VIOLATED)
fanout1012/X                             10     20    -10 (VIOLATED)
fanout1014/X                             10     20    -10 (VIOLATED)
fanout1016/X                             10     20    -10 (VIOLATED)
fanout1025/X                             10     20    -10 (VIOLATED)
fanout1027/X                             10     20    -10 (VIOLATED)
fanout1029/X                             10     20    -10 (VIOLATED)
fanout1032/X                             10     20    -10 (VIOLATED)
fanout1038/X                             10     20    -10 (VIOLATED)
fanout1040/X                             10     20    -10 (VIOLATED)
fanout1043/X                             10     20    -10 (VIOLATED)
fanout279/X                              10     20    -10 (VIOLATED)
fanout300/X                              10     20    -10 (VIOLATED)
fanout306/X                              10     20    -10 (VIOLATED)
fanout307/X                              10     20    -10 (VIOLATED)
fanout309/X                              10     20    -10 (VIOLATED)
fanout311/X                              10     20    -10 (VIOLATED)
fanout318/X                              10     20    -10 (VIOLATED)
fanout319/X                              10     20    -10 (VIOLATED)
fanout321/X                              10     20    -10 (VIOLATED)
fanout322/X                              10     20    -10 (VIOLATED)
fanout324/X                              10     20    -10 (VIOLATED)
fanout326/X                              10     20    -10 (VIOLATED)
fanout328/X                              10     20    -10 (VIOLATED)
fanout329/X                              10     20    -10 (VIOLATED)
fanout331/X                              10     20    -10 (VIOLATED)
fanout333/X                              10     20    -10 (VIOLATED)
fanout335/X                              10     20    -10 (VIOLATED)
fanout337/X                              10     20    -10 (VIOLATED)
fanout339/X                              10     20    -10 (VIOLATED)
fanout340/X                              10     20    -10 (VIOLATED)
fanout343/X                              10     20    -10 (VIOLATED)
fanout345/X                              10     20    -10 (VIOLATED)
fanout349/X                              10     20    -10 (VIOLATED)
fanout358/X                              10     20    -10 (VIOLATED)
fanout359/X                              10     20    -10 (VIOLATED)
fanout361/X                              10     20    -10 (VIOLATED)
fanout363/X                              10     20    -10 (VIOLATED)
fanout364/X                              10     20    -10 (VIOLATED)
fanout366/X                              10     20    -10 (VIOLATED)
fanout367/X                              10     20    -10 (VIOLATED)
fanout368/X                              10     20    -10 (VIOLATED)
fanout369/X                              10     20    -10 (VIOLATED)
fanout370/X                              10     20    -10 (VIOLATED)
fanout375/X                              10     20    -10 (VIOLATED)
fanout376/X                              10     20    -10 (VIOLATED)
fanout377/X                              10     20    -10 (VIOLATED)
fanout379/X                              10     20    -10 (VIOLATED)
fanout380/X                              10     20    -10 (VIOLATED)
fanout381/X                              10     20    -10 (VIOLATED)
fanout382/X                              10     20    -10 (VIOLATED)
fanout384/X                              10     20    -10 (VIOLATED)
fanout386/X                              10     20    -10 (VIOLATED)
fanout388/X                              10     20    -10 (VIOLATED)
fanout389/X                              10     20    -10 (VIOLATED)
fanout390/X                              10     20    -10 (VIOLATED)
fanout391/X                              10     20    -10 (VIOLATED)
fanout393/X                              10     20    -10 (VIOLATED)
fanout395/X                              10     20    -10 (VIOLATED)
fanout397/X                              10     20    -10 (VIOLATED)
fanout399/X                              10     20    -10 (VIOLATED)
fanout401/X                              10     20    -10 (VIOLATED)
fanout403/X                              10     20    -10 (VIOLATED)
fanout405/X                              10     20    -10 (VIOLATED)
fanout407/X                              10     20    -10 (VIOLATED)
fanout411/X                              10     20    -10 (VIOLATED)
fanout412/X                              10     20    -10 (VIOLATED)
fanout416/X                              10     20    -10 (VIOLATED)
fanout420/X                              10     20    -10 (VIOLATED)
fanout421/X                              10     20    -10 (VIOLATED)
fanout423/X                              10     20    -10 (VIOLATED)
fanout424/X                              10     20    -10 (VIOLATED)
fanout425/X                              10     20    -10 (VIOLATED)
fanout428/X                              10     20    -10 (VIOLATED)
fanout431/X                              10     20    -10 (VIOLATED)
fanout433/X                              10     20    -10 (VIOLATED)
fanout436/X                              10     20    -10 (VIOLATED)
fanout437/X                              10     20    -10 (VIOLATED)
fanout438/X                              10     20    -10 (VIOLATED)
fanout440/X                              10     20    -10 (VIOLATED)
fanout441/X                              10     20    -10 (VIOLATED)
fanout443/X                              10     20    -10 (VIOLATED)
fanout444/X                              10     20    -10 (VIOLATED)
fanout445/X                              10     20    -10 (VIOLATED)
fanout446/X                              10     20    -10 (VIOLATED)
fanout447/X                              10     20    -10 (VIOLATED)
fanout450/X                              10     20    -10 (VIOLATED)
fanout451/X                              10     20    -10 (VIOLATED)
fanout452/X                              10     20    -10 (VIOLATED)
fanout453/X                              10     20    -10 (VIOLATED)
fanout454/X                              10     20    -10 (VIOLATED)
fanout460/X                              10     20    -10 (VIOLATED)
fanout462/X                              10     20    -10 (VIOLATED)
fanout465/X                              10     20    -10 (VIOLATED)
fanout467/X                              10     20    -10 (VIOLATED)
fanout468/X                              10     20    -10 (VIOLATED)
fanout470/X                              10     20    -10 (VIOLATED)
fanout472/X                              10     20    -10 (VIOLATED)
fanout473/X                              10     20    -10 (VIOLATED)
fanout477/X                              10     20    -10 (VIOLATED)
fanout479/X                              10     20    -10 (VIOLATED)
fanout481/X                              10     20    -10 (VIOLATED)
fanout483/X                              10     20    -10 (VIOLATED)
fanout485/X                              10     20    -10 (VIOLATED)
fanout487/X                              10     20    -10 (VIOLATED)
fanout489/X                              10     20    -10 (VIOLATED)
fanout492/X                              10     20    -10 (VIOLATED)
fanout494/X                              10     20    -10 (VIOLATED)
fanout501/X                              10     20    -10 (VIOLATED)
fanout505/X                              10     20    -10 (VIOLATED)
fanout506/X                              10     20    -10 (VIOLATED)
fanout509/X                              10     20    -10 (VIOLATED)
fanout512/X                              10     20    -10 (VIOLATED)
fanout513/X                              10     20    -10 (VIOLATED)
fanout516/X                              10     20    -10 (VIOLATED)
fanout524/X                              10     20    -10 (VIOLATED)
fanout534/X                              10     20    -10 (VIOLATED)
fanout543/X                              10     20    -10 (VIOLATED)
fanout544/X                              10     20    -10 (VIOLATED)
fanout550/X                              10     20    -10 (VIOLATED)
fanout554/X                              10     20    -10 (VIOLATED)
fanout555/X                              10     20    -10 (VIOLATED)
fanout558/X                              10     20    -10 (VIOLATED)
fanout559/X                              10     20    -10 (VIOLATED)
fanout561/X                              10     20    -10 (VIOLATED)
fanout562/X                              10     20    -10 (VIOLATED)
fanout569/X                              10     20    -10 (VIOLATED)
fanout571/X                              10     20    -10 (VIOLATED)
fanout574/X                              10     20    -10 (VIOLATED)
fanout575/X                              10     20    -10 (VIOLATED)
fanout576/X                              10     20    -10 (VIOLATED)
fanout577/X                              10     20    -10 (VIOLATED)
fanout578/X                              10     20    -10 (VIOLATED)
fanout581/X                              10     20    -10 (VIOLATED)
fanout582/X                              10     20    -10 (VIOLATED)
fanout583/X                              10     20    -10 (VIOLATED)
fanout585/X                              10     20    -10 (VIOLATED)
fanout590/X                              10     20    -10 (VIOLATED)
fanout591/X                              10     20    -10 (VIOLATED)
fanout593/X                              10     20    -10 (VIOLATED)
fanout595/X                              10     20    -10 (VIOLATED)
fanout597/X                              10     20    -10 (VIOLATED)
fanout600/X                              10     20    -10 (VIOLATED)
fanout602/X                              10     20    -10 (VIOLATED)
fanout604/X                              10     20    -10 (VIOLATED)
fanout608/X                              10     20    -10 (VIOLATED)
fanout610/X                              10     20    -10 (VIOLATED)
fanout612/X                              10     20    -10 (VIOLATED)
fanout614/X                              10     20    -10 (VIOLATED)
fanout616/X                              10     20    -10 (VIOLATED)
fanout618/X                              10     20    -10 (VIOLATED)
fanout620/X                              10     20    -10 (VIOLATED)
fanout623/X                              10     20    -10 (VIOLATED)
fanout628/X                              10     20    -10 (VIOLATED)
fanout632/X                              10     20    -10 (VIOLATED)
fanout633/X                              10     20    -10 (VIOLATED)
fanout635/X                              10     20    -10 (VIOLATED)
fanout638/X                              10     20    -10 (VIOLATED)
fanout641/X                              10     20    -10 (VIOLATED)
fanout643/X                              10     20    -10 (VIOLATED)
fanout644/X                              10     20    -10 (VIOLATED)
fanout645/X                              10     20    -10 (VIOLATED)
fanout647/X                              10     20    -10 (VIOLATED)
fanout649/X                              10     20    -10 (VIOLATED)
fanout650/X                              10     20    -10 (VIOLATED)
fanout651/X                              10     20    -10 (VIOLATED)
fanout652/X                              10     20    -10 (VIOLATED)
fanout653/X                              10     20    -10 (VIOLATED)
fanout656/X                              10     20    -10 (VIOLATED)
fanout659/X                              10     20    -10 (VIOLATED)
fanout660/X                              10     20    -10 (VIOLATED)
fanout663/X                              10     20    -10 (VIOLATED)
fanout666/X                              10     20    -10 (VIOLATED)
fanout669/X                              10     20    -10 (VIOLATED)
fanout671/X                              10     20    -10 (VIOLATED)
fanout675/X                              10     20    -10 (VIOLATED)
fanout683/X                              10     20    -10 (VIOLATED)
fanout686/X                              10     20    -10 (VIOLATED)
fanout687/X                              10     20    -10 (VIOLATED)
fanout691/X                              10     20    -10 (VIOLATED)
fanout697/X                              10     20    -10 (VIOLATED)
fanout699/X                              10     20    -10 (VIOLATED)
fanout700/X                              10     20    -10 (VIOLATED)
fanout701/X                              10     20    -10 (VIOLATED)
fanout702/X                              10     20    -10 (VIOLATED)
fanout703/X                              10     20    -10 (VIOLATED)
fanout705/X                              10     20    -10 (VIOLATED)
fanout706/X                              10     20    -10 (VIOLATED)
fanout707/X                              10     20    -10 (VIOLATED)
fanout709/X                              10     20    -10 (VIOLATED)
fanout716/X                              10     20    -10 (VIOLATED)
fanout717/X                              10     20    -10 (VIOLATED)
fanout718/X                              10     20    -10 (VIOLATED)
fanout721/X                              10     20    -10 (VIOLATED)
fanout725/X                              10     20    -10 (VIOLATED)
fanout726/X                              10     20    -10 (VIOLATED)
fanout727/X                              10     20    -10 (VIOLATED)
fanout728/X                              10     20    -10 (VIOLATED)
fanout731/X                              10     20    -10 (VIOLATED)
fanout734/X                              10     20    -10 (VIOLATED)
fanout736/X                              10     20    -10 (VIOLATED)
fanout738/X                              10     20    -10 (VIOLATED)
fanout739/X                              10     20    -10 (VIOLATED)
fanout741/X                              10     20    -10 (VIOLATED)
fanout743/X                              10     20    -10 (VIOLATED)
fanout746/X                              10     20    -10 (VIOLATED)
fanout749/X                              10     20    -10 (VIOLATED)
fanout750/X                              10     20    -10 (VIOLATED)
fanout752/X                              10     20    -10 (VIOLATED)
fanout754/X                              10     20    -10 (VIOLATED)
fanout759/X                              10     20    -10 (VIOLATED)
fanout761/X                              10     20    -10 (VIOLATED)
fanout762/X                              10     20    -10 (VIOLATED)
fanout763/X                              10     20    -10 (VIOLATED)
fanout765/X                              10     20    -10 (VIOLATED)
fanout767/X                              10     20    -10 (VIOLATED)
fanout771/X                              10     20    -10 (VIOLATED)
fanout773/X                              10     20    -10 (VIOLATED)
fanout777/X                              10     20    -10 (VIOLATED)
fanout778/X                              10     20    -10 (VIOLATED)
fanout779/X                              10     20    -10 (VIOLATED)
fanout781/X                              10     20    -10 (VIOLATED)
fanout783/X                              10     20    -10 (VIOLATED)
fanout784/X                              10     20    -10 (VIOLATED)
fanout787/X                              10     20    -10 (VIOLATED)
fanout790/X                              10     20    -10 (VIOLATED)
fanout792/X                              10     20    -10 (VIOLATED)
fanout793/X                              10     20    -10 (VIOLATED)
fanout794/X                              10     20    -10 (VIOLATED)
fanout795/X                              10     20    -10 (VIOLATED)
fanout797/X                              10     20    -10 (VIOLATED)
fanout799/X                              10     20    -10 (VIOLATED)
fanout801/X                              10     20    -10 (VIOLATED)
fanout802/X                              10     20    -10 (VIOLATED)
fanout805/X                              10     20    -10 (VIOLATED)
fanout810/X                              10     20    -10 (VIOLATED)
fanout812/X                              10     20    -10 (VIOLATED)
fanout816/X                              10     20    -10 (VIOLATED)
fanout818/X                              10     20    -10 (VIOLATED)
fanout820/X                              10     20    -10 (VIOLATED)
fanout821/X                              10     20    -10 (VIOLATED)
fanout822/X                              10     20    -10 (VIOLATED)
fanout823/X                              10     20    -10 (VIOLATED)
fanout825/X                              10     20    -10 (VIOLATED)
fanout826/X                              10     20    -10 (VIOLATED)
fanout827/X                              10     20    -10 (VIOLATED)
fanout828/X                              10     20    -10 (VIOLATED)
fanout830/X                              10     20    -10 (VIOLATED)
fanout831/X                              10     20    -10 (VIOLATED)
fanout832/X                              10     20    -10 (VIOLATED)
fanout834/X                              10     20    -10 (VIOLATED)
fanout835/X                              10     20    -10 (VIOLATED)
fanout836/X                              10     20    -10 (VIOLATED)
fanout837/X                              10     20    -10 (VIOLATED)
fanout840/X                              10     20    -10 (VIOLATED)
fanout841/X                              10     20    -10 (VIOLATED)
fanout844/X                              10     20    -10 (VIOLATED)
fanout846/X                              10     20    -10 (VIOLATED)
fanout848/X                              10     20    -10 (VIOLATED)
fanout852/X                              10     20    -10 (VIOLATED)
fanout854/X                              10     20    -10 (VIOLATED)
fanout855/X                              10     20    -10 (VIOLATED)
fanout856/X                              10     20    -10 (VIOLATED)
fanout858/X                              10     20    -10 (VIOLATED)
fanout860/X                              10     20    -10 (VIOLATED)
fanout862/X                              10     20    -10 (VIOLATED)
fanout866/X                              10     20    -10 (VIOLATED)
fanout869/X                              10     20    -10 (VIOLATED)
fanout873/X                              10     20    -10 (VIOLATED)
fanout876/X                              10     20    -10 (VIOLATED)
fanout877/X                              10     20    -10 (VIOLATED)
fanout879/X                              10     20    -10 (VIOLATED)
fanout881/X                              10     20    -10 (VIOLATED)
fanout883/X                              10     20    -10 (VIOLATED)
fanout884/X                              10     20    -10 (VIOLATED)
fanout886/X                              10     20    -10 (VIOLATED)
fanout888/X                              10     20    -10 (VIOLATED)
fanout890/X                              10     20    -10 (VIOLATED)
fanout892/X                              10     20    -10 (VIOLATED)
fanout893/X                              10     20    -10 (VIOLATED)
fanout895/X                              10     20    -10 (VIOLATED)
fanout896/X                              10     20    -10 (VIOLATED)
fanout899/X                              10     20    -10 (VIOLATED)
fanout901/X                              10     20    -10 (VIOLATED)
fanout902/X                              10     20    -10 (VIOLATED)
fanout904/X                              10     20    -10 (VIOLATED)
fanout908/X                              10     20    -10 (VIOLATED)
fanout909/X                              10     20    -10 (VIOLATED)
fanout910/X                              10     20    -10 (VIOLATED)
fanout912/X                              10     20    -10 (VIOLATED)
fanout913/X                              10     20    -10 (VIOLATED)
fanout917/X                              10     20    -10 (VIOLATED)
fanout918/X                              10     20    -10 (VIOLATED)
fanout919/X                              10     20    -10 (VIOLATED)
fanout922/X                              10     20    -10 (VIOLATED)
fanout923/X                              10     20    -10 (VIOLATED)
fanout924/X                              10     20    -10 (VIOLATED)
fanout928/X                              10     20    -10 (VIOLATED)
fanout930/X                              10     20    -10 (VIOLATED)
fanout931/X                              10     20    -10 (VIOLATED)
fanout934/X                              10     20    -10 (VIOLATED)
fanout935/X                              10     20    -10 (VIOLATED)
fanout936/X                              10     20    -10 (VIOLATED)
fanout937/X                              10     20    -10 (VIOLATED)
fanout941/X                              10     20    -10 (VIOLATED)
fanout942/X                              10     20    -10 (VIOLATED)
fanout945/X                              10     20    -10 (VIOLATED)
fanout947/X                              10     20    -10 (VIOLATED)
fanout949/X                              10     20    -10 (VIOLATED)
fanout952/X                              10     20    -10 (VIOLATED)
fanout956/X                              10     20    -10 (VIOLATED)
fanout966/X                              10     20    -10 (VIOLATED)
fanout968/X                              10     20    -10 (VIOLATED)
fanout973/X                              10     20    -10 (VIOLATED)
fanout978/X                              10     20    -10 (VIOLATED)
fanout979/X                              10     20    -10 (VIOLATED)
fanout982/X                              10     20    -10 (VIOLATED)
fanout985/X                              10     20    -10 (VIOLATED)
fanout986/X                              10     20    -10 (VIOLATED)
fanout991/X                              10     20    -10 (VIOLATED)
fanout992/X                              10     20    -10 (VIOLATED)
fanout993/X                              10     20    -10 (VIOLATED)
fanout995/X                              10     20    -10 (VIOLATED)
fanout997/X                              10     20    -10 (VIOLATED)
input100/X                               10     20    -10 (VIOLATED)
input11/X                                10     20    -10 (VIOLATED)
input121/X                               10     20    -10 (VIOLATED)
input45/X                                10     20    -10 (VIOLATED)
input95/X                                10     20    -10 (VIOLATED)
wire1037/X                               10     20    -10 (VIOLATED)
wire352/X                                10     20    -10 (VIOLATED)
_20779_/Y                                10     18     -8 (VIOLATED)
_20783_/Y                                10     18     -8 (VIOLATED)
_20800_/Y                                10     18     -8 (VIOLATED)
_20816_/Y                                10     18     -8 (VIOLATED)
_20831_/Y                                10     18     -8 (VIOLATED)
_20849_/Y                                10     18     -8 (VIOLATED)
_20956_/Y                                10     18     -8 (VIOLATED)
_21228_/X                                10     18     -8 (VIOLATED)
_21330_/X                                10     18     -8 (VIOLATED)
_21331_/Y                                10     18     -8 (VIOLATED)
_21798_/Y                                10     18     -8 (VIOLATED)
_22386_/Y                                10     18     -8 (VIOLATED)
_22404_/X                                10     18     -8 (VIOLATED)
_22546_/X                                10     18     -8 (VIOLATED)
_22597_/Y                                10     18     -8 (VIOLATED)
_22990_/X                                10     18     -8 (VIOLATED)
_23933_/Y                                10     18     -8 (VIOLATED)
_23934_/X                                10     18     -8 (VIOLATED)
_24100_/Y                                10     18     -8 (VIOLATED)
_25351_/X                                10     18     -8 (VIOLATED)
_25414_/X                                10     18     -8 (VIOLATED)
_26675_/X                                10     18     -8 (VIOLATED)
_27454_/Y                                10     18     -8 (VIOLATED)
_27952_/Y                                10     18     -8 (VIOLATED)
_29411_/X                                10     18     -8 (VIOLATED)
_29817_/X                                10     18     -8 (VIOLATED)
_31511_/Y                                10     18     -8 (VIOLATED)
clkbuf_1_0__f_clk/X                      10     18     -8 (VIOLATED)
fanout1031/X                             10     18     -8 (VIOLATED)
fanout392/X                              10     18     -8 (VIOLATED)
fanout456/X                              10     18     -8 (VIOLATED)
fanout490/X                              10     18     -8 (VIOLATED)
fanout491/X                              10     18     -8 (VIOLATED)
fanout517/X                              10     18     -8 (VIOLATED)
fanout541/X                              10     18     -8 (VIOLATED)
fanout549/X                              10     18     -8 (VIOLATED)
fanout553/X                              10     18     -8 (VIOLATED)
fanout565/X                              10     18     -8 (VIOLATED)
fanout568/X                              10     18     -8 (VIOLATED)
fanout570/X                              10     18     -8 (VIOLATED)
fanout573/X                              10     18     -8 (VIOLATED)
fanout580/X                              10     18     -8 (VIOLATED)
fanout594/X                              10     18     -8 (VIOLATED)
fanout601/X                              10     18     -8 (VIOLATED)
fanout617/X                              10     18     -8 (VIOLATED)
fanout619/X                              10     18     -8 (VIOLATED)
fanout626/X                              10     18     -8 (VIOLATED)
fanout642/X                              10     18     -8 (VIOLATED)
fanout646/X                              10     18     -8 (VIOLATED)
fanout658/X                              10     18     -8 (VIOLATED)
fanout682/X                              10     18     -8 (VIOLATED)
fanout690/X                              10     18     -8 (VIOLATED)
fanout696/X                              10     18     -8 (VIOLATED)
fanout704/X                              10     18     -8 (VIOLATED)
fanout715/X                              10     18     -8 (VIOLATED)
fanout720/X                              10     18     -8 (VIOLATED)
fanout747/X                              10     18     -8 (VIOLATED)
fanout756/X                              10     18     -8 (VIOLATED)
fanout764/X                              10     18     -8 (VIOLATED)
fanout782/X                              10     18     -8 (VIOLATED)
fanout804/X                              10     18     -8 (VIOLATED)
fanout833/X                              10     18     -8 (VIOLATED)
fanout842/X                              10     18     -8 (VIOLATED)
fanout843/X                              10     18     -8 (VIOLATED)
fanout847/X                              10     18     -8 (VIOLATED)
fanout875/X                              10     18     -8 (VIOLATED)
fanout900/X                              10     18     -8 (VIOLATED)
fanout903/X                              10     18     -8 (VIOLATED)
fanout938/X                              10     18     -8 (VIOLATED)
fanout957/X                              10     18     -8 (VIOLATED)
fanout967/X                              10     18     -8 (VIOLATED)
input114/X                               10     18     -8 (VIOLATED)
input119/X                               10     18     -8 (VIOLATED)
max_cap415/X                             10     18     -8 (VIOLATED)
wire1018/X                               10     18     -8 (VIOLATED)
_20814_/Y                                10     16     -6 (VIOLATED)
_20828_/Y                                10     16     -6 (VIOLATED)
_20853_/Y                                10     16     -6 (VIOLATED)
_20854_/Y                                10     16     -6 (VIOLATED)
_20878_/Y                                10     16     -6 (VIOLATED)
_20955_/X                                10     16     -6 (VIOLATED)
_21016_/Y                                10     16     -6 (VIOLATED)
_21141_/Y                                10     16     -6 (VIOLATED)
_21144_/Y                                10     16     -6 (VIOLATED)
_21208_/X                                10     16     -6 (VIOLATED)
_21542_/Y                                10     16     -6 (VIOLATED)
_21620_/Y                                10     16     -6 (VIOLATED)
_21718_/Y                                10     16     -6 (VIOLATED)
_21821_/Y                                10     16     -6 (VIOLATED)
_21824_/X                                10     16     -6 (VIOLATED)
_22060_/Y                                10     16     -6 (VIOLATED)
_22159_/Y                                10     16     -6 (VIOLATED)
_22353_/Y                                10     16     -6 (VIOLATED)
_22402_/Y                                10     16     -6 (VIOLATED)
_22695_/X                                10     16     -6 (VIOLATED)
_22813_/X                                10     16     -6 (VIOLATED)
_22815_/Y                                10     16     -6 (VIOLATED)
_22960_/X                                10     16     -6 (VIOLATED)
_23071_/Y                                10     16     -6 (VIOLATED)
_23225_/Y                                10     16     -6 (VIOLATED)
_23796_/Y                                10     16     -6 (VIOLATED)
_24314_/Y                                10     16     -6 (VIOLATED)
_24819_/Y                                10     16     -6 (VIOLATED)
_25010_/X                                10     16     -6 (VIOLATED)
_25054_/Y                                10     16     -6 (VIOLATED)
_25470_/X                                10     16     -6 (VIOLATED)
_25806_/X                                10     16     -6 (VIOLATED)
_27455_/Y                                10     16     -6 (VIOLATED)
_28926_/Y                                10     16     -6 (VIOLATED)
_28936_/Y                                10     16     -6 (VIOLATED)
_32753_/X                                10     16     -6 (VIOLATED)
_32788_/Y                                10     16     -6 (VIOLATED)
_32789_/X                                10     16     -6 (VIOLATED)
_38580_/X                                10     16     -6 (VIOLATED)
fanout1021/X                             10     16     -6 (VIOLATED)
fanout1042/X                             10     16     -6 (VIOLATED)
fanout323/X                              10     16     -6 (VIOLATED)
fanout385/X                              10     16     -6 (VIOLATED)
fanout394/X                              10     16     -6 (VIOLATED)
fanout402/X                              10     16     -6 (VIOLATED)
fanout406/X                              10     16     -6 (VIOLATED)
fanout409/X                              10     16     -6 (VIOLATED)
fanout442/X                              10     16     -6 (VIOLATED)
fanout474/X                              10     16     -6 (VIOLATED)
fanout507/X                              10     16     -6 (VIOLATED)
fanout522/X                              10     16     -6 (VIOLATED)
fanout528/X                              10     16     -6 (VIOLATED)
fanout542/X                              10     16     -6 (VIOLATED)
fanout548/X                              10     16     -6 (VIOLATED)
fanout551/X                              10     16     -6 (VIOLATED)
fanout560/X                              10     16     -6 (VIOLATED)
fanout589/X                              10     16     -6 (VIOLATED)
fanout596/X                              10     16     -6 (VIOLATED)
fanout609/X                              10     16     -6 (VIOLATED)
fanout613/X                              10     16     -6 (VIOLATED)
fanout622/X                              10     16     -6 (VIOLATED)
fanout634/X                              10     16     -6 (VIOLATED)
fanout637/X                              10     16     -6 (VIOLATED)
fanout640/X                              10     16     -6 (VIOLATED)
fanout689/X                              10     16     -6 (VIOLATED)
fanout693/X                              10     16     -6 (VIOLATED)
fanout698/X                              10     16     -6 (VIOLATED)
fanout708/X                              10     16     -6 (VIOLATED)
fanout713/X                              10     16     -6 (VIOLATED)
fanout735/X                              10     16     -6 (VIOLATED)
fanout740/X                              10     16     -6 (VIOLATED)
fanout745/X                              10     16     -6 (VIOLATED)
fanout751/X                              10     16     -6 (VIOLATED)
fanout753/X                              10     16     -6 (VIOLATED)
fanout755/X                              10     16     -6 (VIOLATED)
fanout760/X                              10     16     -6 (VIOLATED)
fanout766/X                              10     16     -6 (VIOLATED)
fanout770/X                              10     16     -6 (VIOLATED)
fanout772/X                              10     16     -6 (VIOLATED)
fanout786/X                              10     16     -6 (VIOLATED)
fanout815/X                              10     16     -6 (VIOLATED)
fanout817/X                              10     16     -6 (VIOLATED)
fanout819/X                              10     16     -6 (VIOLATED)
fanout861/X                              10     16     -6 (VIOLATED)
fanout880/X                              10     16     -6 (VIOLATED)
fanout882/X                              10     16     -6 (VIOLATED)
fanout891/X                              10     16     -6 (VIOLATED)
fanout905/X                              10     16     -6 (VIOLATED)
fanout906/X                              10     16     -6 (VIOLATED)
fanout907/X                              10     16     -6 (VIOLATED)
fanout915/X                              10     16     -6 (VIOLATED)
fanout916/X                              10     16     -6 (VIOLATED)
fanout929/X                              10     16     -6 (VIOLATED)
fanout961/X                              10     16     -6 (VIOLATED)
fanout975/X                              10     16     -6 (VIOLATED)
input101/X                               10     16     -6 (VIOLATED)
input105/X                               10     16     -6 (VIOLATED)
input106/X                               10     16     -6 (VIOLATED)
input107/X                               10     16     -6 (VIOLATED)
input110/X                               10     16     -6 (VIOLATED)
input111/X                               10     16     -6 (VIOLATED)
input112/X                               10     16     -6 (VIOLATED)
input113/X                               10     16     -6 (VIOLATED)
input122/X                               10     16     -6 (VIOLATED)
input123/X                               10     16     -6 (VIOLATED)
input124/X                               10     16     -6 (VIOLATED)
input125/X                               10     16     -6 (VIOLATED)
input126/X                               10     16     -6 (VIOLATED)
input127/X                               10     16     -6 (VIOLATED)
input128/X                               10     16     -6 (VIOLATED)
input129/X                               10     16     -6 (VIOLATED)
input96/X                                10     16     -6 (VIOLATED)
max_cap313/X                             10     16     -6 (VIOLATED)
wire1035/X                               10     16     -6 (VIOLATED)
wire1036/X                               10     16     -6 (VIOLATED)
wire898/X                                10     16     -6 (VIOLATED)
wire965/X                                10     16     -6 (VIOLATED)
wire971/X                                10     16     -6 (VIOLATED)
wire984/X                                10     16     -6 (VIOLATED)
_20784_/Y                                10     14     -4 (VIOLATED)
_20792_/Y                                10     14     -4 (VIOLATED)
_20798_/Y                                10     14     -4 (VIOLATED)
_20803_/Y                                10     14     -4 (VIOLATED)
_20807_/Y                                10     14     -4 (VIOLATED)
_20815_/Y                                10     14     -4 (VIOLATED)
_20830_/Y                                10     14     -4 (VIOLATED)
_20844_/Y                                10     14     -4 (VIOLATED)
_20856_/Y                                10     14     -4 (VIOLATED)
_20907_/Y                                10     14     -4 (VIOLATED)
_20929_/Y                                10     14     -4 (VIOLATED)
_21205_/Y                                10     14     -4 (VIOLATED)
_21322_/Y                                10     14     -4 (VIOLATED)
_21327_/X                                10     14     -4 (VIOLATED)
_21864_/Y                                10     14     -4 (VIOLATED)
_22206_/X                                10     14     -4 (VIOLATED)
_22419_/Y                                10     14     -4 (VIOLATED)
_22518_/Y                                10     14     -4 (VIOLATED)
_22772_/X                                10     14     -4 (VIOLATED)
_22941_/X                                10     14     -4 (VIOLATED)
_23257_/Y                                10     14     -4 (VIOLATED)
_23424_/X                                10     14     -4 (VIOLATED)
_23524_/Y                                10     14     -4 (VIOLATED)
_23747_/Y                                10     14     -4 (VIOLATED)
_24291_/Y                                10     14     -4 (VIOLATED)
_24316_/X                                10     14     -4 (VIOLATED)
_24771_/X                                10     14     -4 (VIOLATED)
_25472_/X                                10     14     -4 (VIOLATED)
_25643_/Y                                10     14     -4 (VIOLATED)
_25784_/X                                10     14     -4 (VIOLATED)
_26390_/Y                                10     14     -4 (VIOLATED)
_26957_/X                                10     14     -4 (VIOLATED)
_27177_/Y                                10     14     -4 (VIOLATED)
_27573_/Y                                10     14     -4 (VIOLATED)
_28738_/X                                10     14     -4 (VIOLATED)
_29415_/Y                                10     14     -4 (VIOLATED)
_29693_/Y                                10     14     -4 (VIOLATED)
_29695_/X                                10     14     -4 (VIOLATED)
_30328_/X                                10     14     -4 (VIOLATED)
_31689_/Y                                10     14     -4 (VIOLATED)
_32747_/Y                                10     14     -4 (VIOLATED)
_33580_/Y                                10     14     -4 (VIOLATED)
_34178_/X                                10     14     -4 (VIOLATED)
_34908_/X                                10     14     -4 (VIOLATED)
_35683_/Y                                10     14     -4 (VIOLATED)
_41569_/Q                                10     14     -4 (VIOLATED)
clkbuf_1_1__f_clk/X                      10     14     -4 (VIOLATED)
fanout1022/X                             10     14     -4 (VIOLATED)
fanout1024/X                             10     14     -4 (VIOLATED)
fanout1041/X                             10     14     -4 (VIOLATED)
fanout327/X                              10     14     -4 (VIOLATED)
fanout344/X                              10     14     -4 (VIOLATED)
fanout378/X                              10     14     -4 (VIOLATED)
fanout398/X                              10     14     -4 (VIOLATED)
fanout484/X                              10     14     -4 (VIOLATED)
fanout504/X                              10     14     -4 (VIOLATED)
fanout525/X                              10     14     -4 (VIOLATED)
fanout537/X                              10     14     -4 (VIOLATED)
fanout588/X                              10     14     -4 (VIOLATED)
fanout611/X                              10     14     -4 (VIOLATED)
fanout621/X                              10     14     -4 (VIOLATED)
fanout629/X                              10     14     -4 (VIOLATED)
fanout631/X                              10     14     -4 (VIOLATED)
fanout661/X                              10     14     -4 (VIOLATED)
fanout664/X                              10     14     -4 (VIOLATED)
fanout668/X                              10     14     -4 (VIOLATED)
fanout676/X                              10     14     -4 (VIOLATED)
fanout677/X                              10     14     -4 (VIOLATED)
fanout679/X                              10     14     -4 (VIOLATED)
fanout680/X                              10     14     -4 (VIOLATED)
fanout710/X                              10     14     -4 (VIOLATED)
fanout711/X                              10     14     -4 (VIOLATED)
fanout714/X                              10     14     -4 (VIOLATED)
fanout744/X                              10     14     -4 (VIOLATED)
fanout748/X                              10     14     -4 (VIOLATED)
fanout775/X                              10     14     -4 (VIOLATED)
fanout780/X                              10     14     -4 (VIOLATED)
fanout800/X                              10     14     -4 (VIOLATED)
fanout806/X                              10     14     -4 (VIOLATED)
fanout811/X                              10     14     -4 (VIOLATED)
fanout829/X                              10     14     -4 (VIOLATED)
fanout845/X                              10     14     -4 (VIOLATED)
fanout850/X                              10     14     -4 (VIOLATED)
fanout853/X                              10     14     -4 (VIOLATED)
fanout857/X                              10     14     -4 (VIOLATED)
fanout867/X                              10     14     -4 (VIOLATED)
fanout914/X                              10     14     -4 (VIOLATED)
fanout932/X                              10     14     -4 (VIOLATED)
fanout940/X                              10     14     -4 (VIOLATED)
fanout962/X                              10     14     -4 (VIOLATED)
fanout974/X                              10     14     -4 (VIOLATED)
fanout988/X                              10     14     -4 (VIOLATED)
input130/X                               10     14     -4 (VIOLATED)
input65/X                                10     14     -4 (VIOLATED)
input81/X                                10     14     -4 (VIOLATED)
max_cap314/X                             10     14     -4 (VIOLATED)
wire1001/X                               10     14     -4 (VIOLATED)
wire1011/X                               10     14     -4 (VIOLATED)
wire295/X                                10     14     -4 (VIOLATED)
wire493/X                                10     14     -4 (VIOLATED)
wire977/X                                10     14     -4 (VIOLATED)
wire990/X                                10     14     -4 (VIOLATED)
_20785_/Y                                10     12     -2 (VIOLATED)
_20791_/Y                                10     12     -2 (VIOLATED)
_20797_/Y                                10     12     -2 (VIOLATED)
_20804_/Y                                10     12     -2 (VIOLATED)
_20812_/Y                                10     12     -2 (VIOLATED)
_20813_/Y                                10     12     -2 (VIOLATED)
_20818_/Y                                10     12     -2 (VIOLATED)
_20836_/Y                                10     12     -2 (VIOLATED)
_20861_/X                                10     12     -2 (VIOLATED)
_20865_/X                                10     12     -2 (VIOLATED)
_20866_/Y                                10     12     -2 (VIOLATED)
_21244_/X                                10     12     -2 (VIOLATED)
_21245_/Y                                10     12     -2 (VIOLATED)
_21248_/Y                                10     12     -2 (VIOLATED)
_21349_/X                                10     12     -2 (VIOLATED)
_21553_/Y                                10     12     -2 (VIOLATED)
_21578_/X                                10     12     -2 (VIOLATED)
_21683_/Y                                10     12     -2 (VIOLATED)
_21743_/X                                10     12     -2 (VIOLATED)
_21875_/X                                10     12     -2 (VIOLATED)
_22056_/Y                                10     12     -2 (VIOLATED)
_22112_/Y                                10     12     -2 (VIOLATED)
_22251_/Y                                10     12     -2 (VIOLATED)
_22387_/Y                                10     12     -2 (VIOLATED)
_22393_/X                                10     12     -2 (VIOLATED)
_22430_/Y                                10     12     -2 (VIOLATED)
_22502_/Y                                10     12     -2 (VIOLATED)
_22511_/Y                                10     12     -2 (VIOLATED)
_22591_/Y                                10     12     -2 (VIOLATED)
_22592_/Y                                10     12     -2 (VIOLATED)
_22751_/X                                10     12     -2 (VIOLATED)
_22770_/Y                                10     12     -2 (VIOLATED)
_22946_/Y                                10     12     -2 (VIOLATED)
_22953_/Y                                10     12     -2 (VIOLATED)
_22991_/Y                                10     12     -2 (VIOLATED)
_23074_/X                                10     12     -2 (VIOLATED)
_23232_/Y                                10     12     -2 (VIOLATED)
_23378_/Y                                10     12     -2 (VIOLATED)
_23651_/Y                                10     12     -2 (VIOLATED)
_24620_/Y                                10     12     -2 (VIOLATED)
_24820_/Y                                10     12     -2 (VIOLATED)
_25526_/X                                10     12     -2 (VIOLATED)
_25774_/Y                                10     12     -2 (VIOLATED)
_25804_/Y                                10     12     -2 (VIOLATED)
_25807_/Y                                10     12     -2 (VIOLATED)
_25847_/X                                10     12     -2 (VIOLATED)
_25875_/X                                10     12     -2 (VIOLATED)
_25955_/Y                                10     12     -2 (VIOLATED)
_26393_/Y                                10     12     -2 (VIOLATED)
_26674_/Y                                10     12     -2 (VIOLATED)
_26794_/Y                                10     12     -2 (VIOLATED)
_28397_/X                                10     12     -2 (VIOLATED)
_28573_/X                                10     12     -2 (VIOLATED)
_28808_/Y                                10     12     -2 (VIOLATED)
_29004_/Y                                10     12     -2 (VIOLATED)
_29127_/X                                10     12     -2 (VIOLATED)
_29567_/Y                                10     12     -2 (VIOLATED)
_30809_/X                                10     12     -2 (VIOLATED)
_31030_/Y                                10     12     -2 (VIOLATED)
_31200_/X                                10     12     -2 (VIOLATED)
_32457_/Y                                10     12     -2 (VIOLATED)
_34417_/X                                10     12     -2 (VIOLATED)
_38641_/X                                10     12     -2 (VIOLATED)
_38683_/Y                                10     12     -2 (VIOLATED)
fanout1008/X                             10     12     -2 (VIOLATED)
fanout1009/X                             10     12     -2 (VIOLATED)
fanout1026/X                             10     12     -2 (VIOLATED)
fanout1030/X                             10     12     -2 (VIOLATED)
fanout330/X                              10     12     -2 (VIOLATED)
fanout332/X                              10     12     -2 (VIOLATED)
fanout334/X                              10     12     -2 (VIOLATED)
fanout342/X                              10     12     -2 (VIOLATED)
fanout383/X                              10     12     -2 (VIOLATED)
fanout387/X                              10     12     -2 (VIOLATED)
fanout429/X                              10     12     -2 (VIOLATED)
fanout432/X                              10     12     -2 (VIOLATED)
fanout455/X                              10     12     -2 (VIOLATED)
fanout458/X                              10     12     -2 (VIOLATED)
fanout459/X                              10     12     -2 (VIOLATED)
fanout463/X                              10     12     -2 (VIOLATED)
fanout469/X                              10     12     -2 (VIOLATED)
fanout497/X                              10     12     -2 (VIOLATED)
fanout508/X                              10     12     -2 (VIOLATED)
fanout515/X                              10     12     -2 (VIOLATED)
fanout531/X                              10     12     -2 (VIOLATED)
fanout545/X                              10     12     -2 (VIOLATED)
fanout552/X                              10     12     -2 (VIOLATED)
fanout557/X                              10     12     -2 (VIOLATED)
fanout564/X                              10     12     -2 (VIOLATED)
fanout567/X                              10     12     -2 (VIOLATED)
fanout572/X                              10     12     -2 (VIOLATED)
fanout584/X                              10     12     -2 (VIOLATED)
fanout599/X                              10     12     -2 (VIOLATED)
fanout607/X                              10     12     -2 (VIOLATED)
fanout639/X                              10     12     -2 (VIOLATED)
fanout662/X                              10     12     -2 (VIOLATED)
fanout729/X                              10     12     -2 (VIOLATED)
fanout737/X                              10     12     -2 (VIOLATED)
fanout758/X                              10     12     -2 (VIOLATED)
fanout785/X                              10     12     -2 (VIOLATED)
fanout798/X                              10     12     -2 (VIOLATED)
fanout824/X                              10     12     -2 (VIOLATED)
fanout838/X                              10     12     -2 (VIOLATED)
fanout839/X                              10     12     -2 (VIOLATED)
fanout849/X                              10     12     -2 (VIOLATED)
fanout851/X                              10     12     -2 (VIOLATED)
fanout863/X                              10     12     -2 (VIOLATED)
fanout870/X                              10     12     -2 (VIOLATED)
fanout874/X                              10     12     -2 (VIOLATED)
fanout878/X                              10     12     -2 (VIOLATED)
fanout885/X                              10     12     -2 (VIOLATED)
fanout887/X                              10     12     -2 (VIOLATED)
fanout889/X                              10     12     -2 (VIOLATED)
fanout894/X                              10     12     -2 (VIOLATED)
fanout920/X                              10     12     -2 (VIOLATED)
fanout925/X                              10     12     -2 (VIOLATED)
fanout927/X                              10     12     -2 (VIOLATED)
fanout939/X                              10     12     -2 (VIOLATED)
fanout948/X                              10     12     -2 (VIOLATED)
fanout953/X                              10     12     -2 (VIOLATED)
fanout963/X                              10     12     -2 (VIOLATED)
fanout987/X                              10     12     -2 (VIOLATED)
fanout994/X                              10     12     -2 (VIOLATED)
fanout998/X                              10     12     -2 (VIOLATED)
input115/X                               10     12     -2 (VIOLATED)
input132/X                               10     12     -2 (VIOLATED)
input210/X                               10     12     -2 (VIOLATED)
input236/X                               10     12     -2 (VIOLATED)
input48/X                                10     12     -2 (VIOLATED)
max_cap357/X                             10     12     -2 (VIOLATED)
max_cap413/X                             10     12     -2 (VIOLATED)
max_length466/X                          10     12     -2 (VIOLATED)
wire276/X                                10     12     -2 (VIOLATED)
wire285/X                                10     12     -2 (VIOLATED)
wire292/X                                10     12     -2 (VIOLATED)
wire373/X                                10     12     -2 (VIOLATED)
wire374/X                                10     12     -2 (VIOLATED)
wire865/X                                10     12     -2 (VIOLATED)
wire959/X                                10     12     -2 (VIOLATED)
_41567_/Q                                10     11        (VIOLATED)
_41568_/Q                                10     11        (VIOLATED)
wire372/X                                10     11        (VIOLATED)

max capacitance

Pin                                        Limit         Cap       Slack
------------------------------------------------------------------------
fanout880/X                             0.200000    0.245536   -0.045536 (VIOLATED)
wire955/X                               0.200000    0.230766   -0.030766 (VIOLATED)
fanout279/X                             0.200000    0.227329   -0.027329 (VIOLATED)
fanout903/X                             0.200000    0.224217   -0.024217 (VIOLATED)
fanout894/X                             0.200000    0.220260   -0.020260 (VIOLATED)
wire984/X                               0.200000    0.215789   -0.015789 (VIOLATED)
wire971/X                               0.200000    0.214390   -0.014390 (VIOLATED)
wire1019/X                              0.200000    0.212911   -0.012911 (VIOLATED)
fanout321/X                             0.200000    0.211816   -0.011816 (VIOLATED)
wire990/X                               0.200000    0.210157   -0.010157 (VIOLATED)
wire965/X                               0.200000    0.209197   -0.009197 (VIOLATED)
fanout748/X                             0.200000    0.208934   -0.008934 (VIOLATED)
wire977/X                               0.200000    0.208225   -0.008225 (VIOLATED)
wire493/X                               0.200000    0.206373   -0.006373 (VIOLATED)
input176/X                              0.200000    0.203907   -0.003907 (VIOLATED)
wire898/X                               0.200000    0.202217   -0.002217 (VIOLATED)
_38641_/X                               0.200000    0.200985   -0.000985 (VIOLATED)



===========================================================================
report_parasitic_annotation -report_unannotated
============================================================================
Found 6 unannotated drivers.
 input_data[15]
 input_data[175]
 input_data[191]
 input_data[223]
 input_data[238]
 input_data[239]
Found 0 partially unannotated drivers.

===========================================================================
max slew violation count 0
max fanout violation count 786
max cap violation count 17
============================================================================

===========================================================================
check_setup -verbose -unconstrained_endpoints -multiple_clock -no_clock -no_input_delay -loops -generated_clocks
===========================================================================
