
===========================================================================
report_checks -unconstrained
===========================================================================
======================= min_tt_025C_1v80 Corner ===================================

Startpoint: reset (input port clocked by clk)
Endpoint: _497_ (recovery check against rising-edge clock clk)
Path Group: asynchronous
Path Type: max

Fanout         Cap        Slew       Delay        Time   Description
---------------------------------------------------------------------------------------------
                                  0.000000    0.000000   clock clk (rise edge)
                                  0.000000    0.000000   clock network delay (propagated)
                                  5.000000    5.000000 v input external delay
     1    0.002523    0.007995    0.003949    5.003949 v reset (in)
                                                         reset (net)
                      0.007995    0.000000    5.003949 v input17/A (sky130_fd_sc_hd__clkbuf_1)
     1    0.005160    0.038750    0.083123    5.087072 v input17/X (sky130_fd_sc_hd__clkbuf_1)
                                                         net17 (net)
                      0.038751    0.000107    5.087180 v fanout288/A (sky130_fd_sc_hd__buf_4)
     8    0.077153    0.103760    0.204794    5.291973 v fanout288/X (sky130_fd_sc_hd__buf_4)
                                                         net288 (net)
                      0.103781    0.001225    5.293198 v fanout261/A (sky130_fd_sc_hd__buf_2)
     5    0.033341    0.087613    0.204774    5.497972 v fanout261/X (sky130_fd_sc_hd__buf_2)
                                                         net261 (net)
                      0.087616    0.000451    5.498423 v fanout259/A (sky130_fd_sc_hd__buf_4)
    10    0.056392    0.081099    0.209759    5.708182 v fanout259/X (sky130_fd_sc_hd__buf_4)
                                                         net259 (net)
                      0.081102    0.000384    5.708566 v fanout258/A (sky130_fd_sc_hd__buf_4)
    10    0.055657    0.079933    0.207163    5.915729 v fanout258/X (sky130_fd_sc_hd__buf_4)
                                                         net258 (net)
                      0.079958    0.001162    5.916891 v _302_/A (sky130_fd_sc_hd__inv_2)
     1    0.004180    0.034106    0.058435    5.975326 ^ _302_/Y (sky130_fd_sc_hd__inv_2)
                                                         _017_ (net)
                      0.034106    0.000035    5.975360 ^ _497_/RESET_B (sky130_fd_sc_hd__dfrtp_1)
                                              5.975360   data arrival time

                                 25.000000   25.000000   clock clk (rise edge)
                                  0.000000   25.000000   clock source latency
     1    0.030355    0.141554    0.099238   25.099237 ^ clk (in)
                                                         clk (net)
                      0.141633    0.000000   25.099237 ^ clkbuf_0_clk/A (sky130_fd_sc_hd__clkbuf_16)
     2    0.029418    0.051040    0.168178   25.267416 ^ clkbuf_0_clk/X (sky130_fd_sc_hd__clkbuf_16)
                                                         clknet_0_clk (net)
                      0.051041    0.000485   25.267900 ^ clkbuf_1_0__f_clk/A (sky130_fd_sc_hd__clkbuf_16)
    13    0.107283    0.121322    0.191204   25.459105 ^ clkbuf_1_0__f_clk/X (sky130_fd_sc_hd__clkbuf_16)
                                                         clknet_1_0__leaf_clk (net)
                      0.121410    0.002666   25.461771 ^ clkbuf_leaf_21_clk/A (sky130_fd_sc_hd__clkbuf_8)
    10    0.032668    0.070563    0.176087   25.637857 ^ clkbuf_leaf_21_clk/X (sky130_fd_sc_hd__clkbuf_8)
                                                         clknet_leaf_21_clk (net)
                      0.070565    0.000286   25.638144 ^ _497_/CLK (sky130_fd_sc_hd__dfrtp_1)
                                 -0.250000   25.388144   clock uncertainty
                                  0.000000   25.388144   clock reconvergence pessimism
                                  0.240979   25.629122   library recovery time
                                             25.629122   data required time
---------------------------------------------------------------------------------------------
                                             25.629122   data required time
                                             -5.975360   data arrival time
---------------------------------------------------------------------------------------------
                                             19.653761   slack (MET)


Startpoint: _716_ (rising edge-triggered flip-flop clocked by clk)
Endpoint: output_ai[14] (output port clocked by clk)
Path Group: clk
Path Type: max

Fanout         Cap        Slew       Delay        Time   Description
---------------------------------------------------------------------------------------------
                                  0.000000    0.000000   clock clk (rise edge)
                                  0.000000    0.000000   clock source latency
     1    0.030355    0.141554    0.099239    0.099239 ^ clk (in)
                                                         clk (net)
                      0.141633    0.000000    0.099239 ^ clkbuf_0_clk/A (sky130_fd_sc_hd__clkbuf_16)
     2    0.029418    0.051040    0.168178    0.267417 ^ clkbuf_0_clk/X (sky130_fd_sc_hd__clkbuf_16)
                                                         clknet_0_clk (net)
                      0.051042    0.000683    0.268100 ^ clkbuf_1_1__f_clk/A (sky130_fd_sc_hd__clkbuf_16)
    10    0.091796    0.108514    0.180329    0.448429 ^ clkbuf_1_1__f_clk/X (sky130_fd_sc_hd__clkbuf_16)
                                                         clknet_1_1__leaf_clk (net)
                      0.108653    0.003191    0.451620 ^ clkbuf_leaf_11_clk/A (sky130_fd_sc_hd__clkbuf_8)
    13    0.047165    0.093326    0.188849    0.640469 ^ clkbuf_leaf_11_clk/X (sky130_fd_sc_hd__clkbuf_8)
                                                         clknet_leaf_11_clk (net)
                      0.093328    0.000377    0.640846 ^ _716_/CLK (sky130_fd_sc_hd__dfrtp_4)
     2    0.043199    0.112340    0.554101    1.194947 v _716_/Q (sky130_fd_sc_hd__dfrtp_4)
                                                         net73 (net)
                      0.112702    0.005392    1.200339 v output73/A (sky130_fd_sc_hd__buf_2)
     1    0.035670    0.092524    0.213379    1.413717 v output73/X (sky130_fd_sc_hd__buf_2)
                                                         output_ai[14] (net)
                      0.092529    0.000592    1.414310 v output_ai[14] (out)
                                              1.414310   data arrival time

                                 25.000000   25.000000   clock clk (rise edge)
                                  0.000000   25.000000   clock network delay (propagated)
                                 -0.250000   24.750000   clock uncertainty
                                  0.000000   24.750000   clock reconvergence pessimism
                                 -5.000000   19.750000   output external delay
                                             19.750000   data required time
---------------------------------------------------------------------------------------------
                                             19.750000   data required time
                                             -1.414310   data arrival time
---------------------------------------------------------------------------------------------
                                             18.335691   slack (MET)




===========================================================================
report_checks --slack_max -0.01
============================================================================
======================= min_tt_025C_1v80 Corner ===================================

No paths found.


===========================================================================
 report_check_types -max_slew -max_cap -max_fanout -violators
============================================================================
======================= min_tt_025C_1v80 Corner ===================================

max fanout

Pin                                   Limit Fanout  Slack
---------------------------------------------------------
clkbuf_leaf_13_clk/X                     10     17     -7 (VIOLATED)
clkbuf_leaf_8_clk/X                      10     16     -6 (VIOLATED)
clkbuf_leaf_19_clk/X                     10     15     -5 (VIOLATED)
clkbuf_leaf_20_clk/X                     10     15     -5 (VIOLATED)
clkbuf_leaf_0_clk/X                      10     14     -4 (VIOLATED)
clkbuf_leaf_15_clk/X                     10     14     -4 (VIOLATED)
clkbuf_leaf_4_clk/X                      10     14     -4 (VIOLATED)
clkbuf_1_0__f_clk/X                      10     13     -3 (VIOLATED)
clkbuf_leaf_11_clk/X                     10     13     -3 (VIOLATED)
clkbuf_leaf_12_clk/X                     10     11        (VIOLATED)



===========================================================================
report_parasitic_annotation -report_unannotated
============================================================================
Found 0 unannotated drivers.
Found 0 partially unannotated drivers.

===========================================================================
max slew violation count 0
max fanout violation count 10
max cap violation count 0
============================================================================

===========================================================================
check_setup -verbose -unconstrained_endpoints -multiple_clock -no_clock -no_input_delay -loops -generated_clocks
===========================================================================
