Reading OpenROAD database at '/mnt/d/APIC/FIR_Openlane/shifter/runs/RUN_2024-06-17_07-29-35/34-openroad-resizertimingpostcts/shifter.odb'…
Reading library file at '/home/nurwiyoso14/.volare/volare/sky130/versions/bdc9412b3e468c102d01b7cf6337be06ec6e9c9a/sky130A/libs.ref/sky130_fd_sc_hd/lib/sky130_fd_sc_hd__tt_025C_1v80.lib'…
Reading design constraints file at '/nix/store/ly0xjc8f0gmgmckxcrs0bw8vqc9gf9bk-python3-3.11.6-env/lib/python3.11/site-packages/openlane/scripts/base.sdc'…
[INFO] Using clock clk…
[INFO] Setting output delay to: 5
[INFO] Setting input delay to: 5
[INFO] Setting load to: 0.033442
[INFO] Setting clock uncertainty to: 0.25
[INFO] Setting clock transition to: 0.1499999999999999944488848768742172978818416595458984375
[INFO] Setting timing derate to: 5%
[INFO] Setting signal min routing layer to: met1 and clock min routing layer to met1. 
[INFO] Setting signal max routing layer to: met5 and clock max routing layer to met5. 
-congestion_iterations 50 -verbose
[INFO GRT-0020] Min routing layer: met1
[INFO GRT-0021] Max routing layer: met5
[INFO GRT-0022] Global adjustment: 30%
[INFO GRT-0023] Grid origin: (0, 0)
[INFO GRT-0043] No OR_DEFAULT vias defined.
[INFO GRT-0088] Layer li1     Track-Pitch = 0.4600  line-2-Via Pitch: 0.3400
[INFO GRT-0088] Layer met1    Track-Pitch = 0.3400  line-2-Via Pitch: 0.3400
[INFO GRT-0088] Layer met2    Track-Pitch = 0.4600  line-2-Via Pitch: 0.3500
[INFO GRT-0088] Layer met3    Track-Pitch = 0.6800  line-2-Via Pitch: 0.6150
[INFO GRT-0088] Layer met4    Track-Pitch = 0.9200  line-2-Via Pitch: 1.0400
[INFO GRT-0088] Layer met5    Track-Pitch = 3.4000  line-2-Via Pitch: 3.1100
[INFO GRT-0019] Found 27 clock nets.
[INFO GRT-0001] Minimum degree: 2
[INFO GRT-0002] Maximum degree: 18
[INFO GRT-0003] Macros: 0
[INFO GRT-0004] Blockages: 3360

[INFO GRT-0053] Routing resources analysis:
          Routing      Original      Derated      Resource
Layer     Direction    Resources     Resources    Reduction (%)
---------------------------------------------------------------
li1        Vertical            0             0          0.00%
met1       Horizontal      33600         16245          51.65%
met2       Vertical        25524         16251          36.33%
met3       Horizontal      16780         11410          32.00%
met4       Vertical        10302          6410          37.78%
met5       Horizontal       3356          1560          53.52%
---------------------------------------------------------------

[INFO GRT-0101] Running extra iterations to remove overflow.
[INFO GRT-0197] Via related to pin nodes: 4209
[INFO GRT-0198] Via related Steiner nodes: 85
[INFO GRT-0199] Via filling finished.
[INFO GRT-0111] Final number of vias: 5481
[INFO GRT-0112] Final usage 3D: 21566

[INFO GRT-0096] Final congestion report:
Layer         Resource        Demand        Usage (%)    Max H / Max V / Total Overflow
---------------------------------------------------------------------------------------
li1                  0             0            0.00%             0 /  0 /  0
met1             16245          1556            9.58%             0 /  0 /  0
met2             16251          2998           18.45%             0 /  0 /  0
met3             11410           135            1.18%             0 /  0 /  0
met4              6410           434            6.77%             0 /  0 /  0
met5              1560             0            0.00%             0 /  0 /  0
---------------------------------------------------------------------------------------
Total            51876          5123            9.88%             0 /  0 /  0

[INFO GRT-0018] Total wirelength: 55662 um
[INFO GRT-0014] Routed nets: 1036
%OL_CREATE_REPORT antenna.rpt
[INFO GRT-0043] No OR_DEFAULT vias defined.
Net: net146
  Pin: hold85/A (sky130_fd_sc_hd__dlygate4sd3_1)
    Layer: met2
      Partial area ratio:   21.27
      Required ratio:    0.00 (Gate area) 
      Partial area ratio:  109.47
      Required ratio: 2771.60 (Side area) 
      Cumulative area ratio:   22.16
      Required ratio:    0.00 (Cumulative area) 
      Cumulative area ratio:  114.69
      Required ratio:    0.00 (Cumulative side area) 

    Layer: met1
      Partial area ratio:    0.89
      Required ratio:    0.00 (Gate area) 
      Partial area ratio:    5.22
      Required ratio:  400.00 (Side area) 
      Cumulative area ratio:    0.89
      Required ratio:    0.00 (Cumulative area) 
      Cumulative area ratio:    5.22
      Required ratio:    0.00 (Cumulative side area) 

    Layer: li1
      Partial area ratio:    0.00
      Required ratio:    0.00 (Gate area) 
      Partial area ratio:    0.00
      Required ratio:   75.00 (Side area) 
      Cumulative area ratio:    0.00
      Required ratio:    0.00 (Cumulative area) 
      Cumulative area ratio:    0.00
      Required ratio:    0.00 (Cumulative side area) 

    Via: M1M2_PR
      Partial area ratio:    0.18
      Required ratio:    6.00 (Gate area) 
      Cumulative area ratio:    0.41
      Required ratio:    0.00 (Cumulative area) 

    Via: L1M1_PR
      Partial area ratio:    0.23
      Required ratio:    3.00 (Gate area) 
      Cumulative area ratio:    0.23
      Required ratio:    0.00 (Cumulative area) 

  Pin: output146/A (sky130_fd_sc_hd__buf_2)
    Layer: li1
      Partial area ratio:    0.00
      Required ratio:    0.00 (Gate area) 
      Partial area ratio:    0.00
      Required ratio:   75.00 (Side area) 
      Cumulative area ratio:    0.00
      Required ratio:    0.00 (Cumulative area) 
      Cumulative area ratio:    0.00
      Required ratio:    0.00 (Cumulative side area) 

    Layer: met1
      Partial area ratio:    2.18
      Required ratio:    0.00 (Gate area) 
      Partial area ratio:   11.50
      Required ratio:  400.00 (Side area) 
      Cumulative area ratio:    2.18
      Required ratio:    0.00 (Cumulative area) 
      Cumulative area ratio:   11.50
      Required ratio:    0.00 (Cumulative side area) 

    Layer: met2
      Partial area ratio:    1.62
      Required ratio:    0.00 (Gate area) 
      Partial area ratio:    8.72
      Required ratio:  400.00 (Side area) 
      Cumulative area ratio:    3.80
      Required ratio:    0.00 (Cumulative area) 
      Cumulative area ratio:   20.22
      Required ratio:    0.00 (Cumulative side area) 

    Layer: met3
      Partial area ratio:    0.00
      Required ratio:    0.00 (Gate area) 
      Partial area ratio:    0.00
      Required ratio:  400.00 (Side area) 
      Cumulative area ratio:    3.80
      Required ratio:    0.00 (Cumulative area) 
      Cumulative area ratio:   20.22
      Required ratio:    0.00 (Cumulative side area) 

    Layer: met4
      Partial area ratio:  182.83
      Required ratio:    0.00 (Gate area) 
      Partial area ratio:  978.11
      Required ratio:  400.00 (Side area) (VIOLATED)
      Cumulative area ratio:  186.63
      Required ratio:    0.00 (Cumulative area) 
      Cumulative area ratio:  998.33
      Required ratio:    0.00 (Cumulative side area) 

    Via: L1M1_PR
      Partial area ratio:    0.18
      Required ratio:    3.00 (Gate area) 
      Cumulative area ratio:    0.18
      Required ratio:    0.00 (Cumulative area) 

    Via: M1M2_PR
      Partial area ratio:    0.14
      Required ratio:    6.00 (Gate area) 
      Cumulative area ratio:    0.32
      Required ratio:    0.00 (Cumulative area) 

    Via: M2M3_PR
      Partial area ratio:    0.25
      Required ratio:    6.00 (Gate area) 
      Cumulative area ratio:    0.57
      Required ratio:    0.00 (Cumulative area) 

    Via: M3M4_PR
      Partial area ratio:    0.25
      Required ratio:    6.00 (Gate area) 
      Cumulative area ratio:    0.83
      Required ratio:    0.00 (Cumulative area) 


Net: net244
  Pin: hold172/A (sky130_fd_sc_hd__dlygate4sd3_1)
    Layer: met2
      Partial area ratio:    4.02
      Required ratio:    0.00 (Gate area) 
      Partial area ratio:   22.42
      Required ratio: 2771.60 (Side area) 
      Cumulative area ratio:    7.46
      Required ratio:    0.00 (Cumulative area) 
      Cumulative area ratio:   40.42
      Required ratio:    0.00 (Cumulative side area) 

    Layer: met1
      Partial area ratio:    3.44
      Required ratio:    0.00 (Gate area) 
      Partial area ratio:   18.00
      Required ratio:  400.00 (Side area) 
      Cumulative area ratio:    3.44
      Required ratio:    0.00 (Cumulative area) 
      Cumulative area ratio:   18.00
      Required ratio:    0.00 (Cumulative side area) 

    Layer: li1
      Partial area ratio:    0.00
      Required ratio:    0.00 (Gate area) 
      Partial area ratio:    0.00
      Required ratio:   75.00 (Side area) 
      Cumulative area ratio:    0.00
      Required ratio:    0.00 (Cumulative area) 
      Cumulative area ratio:    0.00
      Required ratio:    0.00 (Cumulative side area) 

    Via: M1M2_PR
      Partial area ratio:    0.18
      Required ratio:    6.00 (Gate area) 
      Cumulative area ratio:    0.41
      Required ratio:    0.00 (Cumulative area) 

    Via: L1M1_PR
      Partial area ratio:    0.23
      Required ratio:    3.00 (Gate area) 
      Cumulative area ratio:    0.23
      Required ratio:    0.00 (Cumulative area) 

  Pin: output244/A (sky130_fd_sc_hd__buf_2)
    Layer: li1
      Partial area ratio:    0.00
      Required ratio:    0.00 (Gate area) 
      Partial area ratio:    0.00
      Required ratio:   75.00 (Side area) 
      Cumulative area ratio:    0.00
      Required ratio:    0.00 (Cumulative area) 
      Cumulative area ratio:    0.00
      Required ratio:    0.00 (Cumulative side area) 

    Layer: met1
      Partial area ratio:    0.56
      Required ratio:    0.00 (Gate area) 
      Partial area ratio:    3.40
      Required ratio:  400.00 (Side area) 
      Cumulative area ratio:    0.56
      Required ratio:    0.00 (Cumulative area) 
      Cumulative area ratio:    3.40
      Required ratio:    0.00 (Cumulative side area) 

    Layer: met2
      Partial area ratio:    1.62
      Required ratio:    0.00 (Gate area) 
      Partial area ratio:    8.72
      Required ratio:  400.00 (Side area) 
      Cumulative area ratio:    2.18
      Required ratio:    0.00 (Cumulative area) 
      Cumulative area ratio:   12.12
      Required ratio:    0.00 (Cumulative side area) 

    Layer: met3
      Partial area ratio:    0.00
      Required ratio:    0.00 (Gate area) 
      Partial area ratio:    0.00
      Required ratio:  400.00 (Side area) 
      Cumulative area ratio:    2.18
      Required ratio:    0.00 (Cumulative area) 
      Cumulative area ratio:   12.12
      Required ratio:    0.00 (Cumulative side area) 

    Layer: met4
      Partial area ratio:  221.89
      Required ratio:    0.00 (Gate area) 
      Partial area ratio: 1186.42
      Required ratio:  400.00 (Side area) (VIOLATED)
      Cumulative area ratio:  224.06
      Required ratio:    0.00 (Cumulative area) 
      Cumulative area ratio: 1198.54
      Required ratio:    0.00 (Cumulative side area) 

    Via: L1M1_PR
      Partial area ratio:    0.18
      Required ratio:    3.00 (Gate area) 
      Cumulative area ratio:    0.18
      Required ratio:    0.00 (Cumulative area) 

    Via: M1M2_PR
      Partial area ratio:    0.14
      Required ratio:    6.00 (Gate area) 
      Cumulative area ratio:    0.32
      Required ratio:    0.00 (Cumulative area) 

    Via: M2M3_PR
      Partial area ratio:    0.25
      Required ratio:    6.00 (Gate area) 
      Cumulative area ratio:    0.57
      Required ratio:    0.00 (Cumulative area) 

    Via: M3M4_PR
      Partial area ratio:    0.25
      Required ratio:    6.00 (Gate area) 
      Cumulative area ratio:    0.83
      Required ratio:    0.00 (Cumulative area) 


Net: net246
  Pin: hold204/A (sky130_fd_sc_hd__dlygate4sd3_1)
    Layer: met2
      Partial area ratio:   21.13
      Required ratio:    0.00 (Gate area) 
      Partial area ratio:  108.75
      Required ratio: 2771.60 (Side area) 
      Cumulative area ratio:   24.57
      Required ratio:    0.00 (Cumulative area) 
      Cumulative area ratio:  126.75
      Required ratio:    0.00 (Cumulative side area) 

    Layer: met1
      Partial area ratio:    3.44
      Required ratio:    0.00 (Gate area) 
      Partial area ratio:   18.00
      Required ratio:  400.00 (Side area) 
      Cumulative area ratio:    3.44
      Required ratio:    0.00 (Cumulative area) 
      Cumulative area ratio:   18.00
      Required ratio:    0.00 (Cumulative side area) 

    Layer: li1
      Partial area ratio:    0.00
      Required ratio:    0.00 (Gate area) 
      Partial area ratio:    0.00
      Required ratio:   75.00 (Side area) 
      Cumulative area ratio:    0.00
      Required ratio:    0.00 (Cumulative area) 
      Cumulative area ratio:    0.00
      Required ratio:    0.00 (Cumulative side area) 

    Via: M1M2_PR
      Partial area ratio:    0.18
      Required ratio:    6.00 (Gate area) 
      Cumulative area ratio:    0.41
      Required ratio:    0.00 (Cumulative area) 

    Via: L1M1_PR
      Partial area ratio:    0.23
      Required ratio:    3.00 (Gate area) 
      Cumulative area ratio:    0.23
      Required ratio:    0.00 (Cumulative area) 

  Pin: output246/A (sky130_fd_sc_hd__buf_2)
    Layer: li1
      Partial area ratio:    0.00
      Required ratio:    0.00 (Gate area) 
      Partial area ratio:    0.00
      Required ratio:   75.00 (Side area) 
      Cumulative area ratio:    0.00
      Required ratio:    0.00 (Cumulative area) 
      Cumulative area ratio:    0.00
      Required ratio:    0.00 (Cumulative side area) 

    Layer: met1
      Partial area ratio:    2.99
      Required ratio:    0.00 (Gate area) 
      Partial area ratio:   15.55
      Required ratio:  400.00 (Side area) 
      Cumulative area ratio:    2.99
      Required ratio:    0.00 (Cumulative area) 
      Cumulative area ratio:   15.55
      Required ratio:    0.00 (Cumulative side area) 

    Layer: met2
      Partial area ratio:    1.62
      Required ratio:    0.00 (Gate area) 
      Partial area ratio:    8.72
      Required ratio:  400.00 (Side area) 
      Cumulative area ratio:    4.61
      Required ratio:    0.00 (Cumulative area) 
      Cumulative area ratio:   24.27
      Required ratio:    0.00 (Cumulative side area) 

    Layer: met3
      Partial area ratio:    0.00
      Required ratio:    0.00 (Gate area) 
      Partial area ratio:    0.00
      Required ratio:  400.00 (Side area) 
      Cumulative area ratio:    4.61
      Required ratio:    0.00 (Cumulative area) 
      Cumulative area ratio:   24.27
      Required ratio:    0.00 (Cumulative side area) 

    Layer: met4
      Partial area ratio:  234.91
      Required ratio:    0.00 (Gate area) 
      Partial area ratio: 1255.85
      Required ratio:  400.00 (Side area) (VIOLATED)
      Cumulative area ratio:  239.51
      Required ratio:    0.00 (Cumulative area) 
      Cumulative area ratio: 1280.12
      Required ratio:    0.00 (Cumulative side area) 

    Via: L1M1_PR
      Partial area ratio:    0.18
      Required ratio:    3.00 (Gate area) 
      Cumulative area ratio:    0.18
      Required ratio:    0.00 (Cumulative area) 

    Via: M1M2_PR
      Partial area ratio:    0.14
      Required ratio:    6.00 (Gate area) 
      Cumulative area ratio:    0.32
      Required ratio:    0.00 (Cumulative area) 

    Via: M2M3_PR
      Partial area ratio:    0.25
      Required ratio:    6.00 (Gate area) 
      Cumulative area ratio:    0.57
      Required ratio:    0.00 (Cumulative area) 

    Via: M3M4_PR
      Partial area ratio:    0.25
      Required ratio:    6.00 (Gate area) 
      Cumulative area ratio:    0.83
      Required ratio:    0.00 (Cumulative area) 


[INFO ANT-0002] Found 3 net violations.
[INFO ANT-0001] Found 3 pin violations.
%OL_END_REPORT
[INFO] Setting RC values…
Setting global connections for newly added cells…
[INFO] Setting global connections...
Writing OpenROAD database to '/mnt/d/APIC/FIR_Openlane/shifter/runs/RUN_2024-06-17_07-29-35/36-openroad-globalrouting/shifter.odb'…
Writing layout to '/mnt/d/APIC/FIR_Openlane/shifter/runs/RUN_2024-06-17_07-29-35/36-openroad-globalrouting/shifter.def'…
