
===========================================================================
report_checks -path_delay min (Hold)
============================================================================
======================= nom_tt_025C_1v80 Corner ===================================

Startpoint: tap[0] (input port clocked by clk)
Endpoint: _41569_ (rising edge-triggered flip-flop clocked by clk)
Path Group: clk
Path Type: min

Fanout         Cap        Slew       Delay        Time   Description
---------------------------------------------------------------------------------------------
                                  0.000000    0.000000   clock clk (rise edge)
                                  0.000000    0.000000   clock network delay (propagated)
                                  5.000000    5.000000 ^ input external delay
     5    0.014700    0.073720    0.048944    5.048944 ^ tap[0] (in)
                                                         tap[0] (net)
                      0.073720    0.000000    5.048944 ^ _31681_/A (sky130_fd_sc_hd__or2_2)
     4    0.009606    0.061989    0.132473    5.181417 ^ _31681_/X (sky130_fd_sc_hd__or2_2)
                                                         _01289_ (net)
                      0.061989    0.000000    5.181417 ^ _41553_/B1 (sky130_fd_sc_hd__o21a_2)
     1    0.001674    0.025082    0.113104    5.294521 ^ _41553_/X (sky130_fd_sc_hd__o21a_2)
                                                         _00015_ (net)
                      0.025082    0.000000    5.294521 ^ _41569_/D (sky130_fd_sc_hd__dfxtp_2)
                                              5.294521   data arrival time

                                  0.000000    0.000000   clock clk (rise edge)
                                  0.000000    0.000000   clock source latency
    16    0.030032    0.142424    0.096784    0.096784 ^ clk (in)
                                                         clk (net)
                      0.142424    0.000000    0.096784 ^ _41569_/CLK (sky130_fd_sc_hd__dfxtp_2)
                                  0.250000    0.346784   clock uncertainty
                                  0.000000    0.346784   clock reconvergence pessimism
                                 -0.014286    0.332497   library hold time
                                              0.332497   data required time
---------------------------------------------------------------------------------------------
                                              0.332497   data required time
                                             -5.294521   data arrival time
---------------------------------------------------------------------------------------------
                                              4.962024   slack (MET)


Startpoint: tap[0] (input port clocked by clk)
Endpoint: _41565_ (rising edge-triggered flip-flop clocked by clk)
Path Group: clk
Path Type: min

Fanout         Cap        Slew       Delay        Time   Description
---------------------------------------------------------------------------------------------
                                  0.000000    0.000000   clock clk (rise edge)
                                  0.000000    0.000000   clock network delay (propagated)
                                  5.000000    5.000000 ^ input external delay
     5    0.014700    0.073720    0.048944    5.048944 ^ tap[0] (in)
                                                         tap[0] (net)
                      0.073720    0.000000    5.048944 ^ _31681_/A (sky130_fd_sc_hd__or2_2)
     4    0.009606    0.061989    0.132473    5.181417 ^ _31681_/X (sky130_fd_sc_hd__or2_2)
                                                         _01289_ (net)
                      0.061989    0.000000    5.181417 ^ _33766_/C1 (sky130_fd_sc_hd__o221a_2)
     1    0.001674    0.035557    0.157796    5.339213 ^ _33766_/X (sky130_fd_sc_hd__o221a_2)
                                                         _00011_ (net)
                      0.035557    0.000000    5.339213 ^ _41565_/D (sky130_fd_sc_hd__dfxtp_2)
                                              5.339213   data arrival time

                                  0.000000    0.000000   clock clk (rise edge)
                                  0.000000    0.000000   clock source latency
    16    0.030032    0.142424    0.096784    0.096784 ^ clk (in)
                                                         clk (net)
                      0.142424    0.000000    0.096784 ^ _41565_/CLK (sky130_fd_sc_hd__dfxtp_2)
                                  0.250000    0.346784   clock uncertainty
                                  0.000000    0.346784   clock reconvergence pessimism
                                 -0.016430    0.330354   library hold time
                                              0.330354   data required time
---------------------------------------------------------------------------------------------
                                              0.330354   data required time
                                             -5.339213   data arrival time
---------------------------------------------------------------------------------------------
                                              5.008859   slack (MET)


Startpoint: tap[0] (input port clocked by clk)
Endpoint: _41566_ (rising edge-triggered flip-flop clocked by clk)
Path Group: clk
Path Type: min

Fanout         Cap        Slew       Delay        Time   Description
---------------------------------------------------------------------------------------------
                                  0.000000    0.000000   clock clk (rise edge)
                                  0.000000    0.000000   clock network delay (propagated)
                                  5.000000    5.000000 ^ input external delay
     5    0.014700    0.073720    0.048944    5.048944 ^ tap[0] (in)
                                                         tap[0] (net)
                      0.073720    0.000000    5.048944 ^ _31681_/A (sky130_fd_sc_hd__or2_2)
     4    0.009606    0.061989    0.132473    5.181417 ^ _31681_/X (sky130_fd_sc_hd__or2_2)
                                                         _01289_ (net)
                      0.061989    0.000000    5.181417 ^ _35891_/C1 (sky130_fd_sc_hd__o221a_2)
     1    0.001674    0.035550    0.157796    5.339213 ^ _35891_/X (sky130_fd_sc_hd__o221a_2)
                                                         _00012_ (net)
                      0.035550    0.000000    5.339213 ^ _41566_/D (sky130_fd_sc_hd__dfxtp_2)
                                              5.339213   data arrival time

                                  0.000000    0.000000   clock clk (rise edge)
                                  0.000000    0.000000   clock source latency
    16    0.030032    0.142424    0.096784    0.096784 ^ clk (in)
                                                         clk (net)
                      0.142424    0.000000    0.096784 ^ _41566_/CLK (sky130_fd_sc_hd__dfxtp_2)
                                  0.250000    0.346784   clock uncertainty
                                  0.000000    0.346784   clock reconvergence pessimism
                                 -0.016429    0.330355   library hold time
                                              0.330355   data required time
---------------------------------------------------------------------------------------------
                                              0.330355   data required time
                                             -5.339213   data arrival time
---------------------------------------------------------------------------------------------
                                              5.008857   slack (MET)


Startpoint: tap[0] (input port clocked by clk)
Endpoint: _41567_ (rising edge-triggered flip-flop clocked by clk)
Path Group: clk
Path Type: min

Fanout         Cap        Slew       Delay        Time   Description
---------------------------------------------------------------------------------------------
                                  0.000000    0.000000   clock clk (rise edge)
                                  0.000000    0.000000   clock network delay (propagated)
                                  5.000000    5.000000 ^ input external delay
     5    0.014700    0.073720    0.048944    5.048944 ^ tap[0] (in)
                                                         tap[0] (net)
                      0.073720    0.000000    5.048944 ^ _31681_/A (sky130_fd_sc_hd__or2_2)
     4    0.009606    0.061989    0.132473    5.181417 ^ _31681_/X (sky130_fd_sc_hd__or2_2)
                                                         _01289_ (net)
                      0.061989    0.000000    5.181417 ^ _38067_/C1 (sky130_fd_sc_hd__o221a_2)
     1    0.001674    0.035683    0.157796    5.339213 ^ _38067_/X (sky130_fd_sc_hd__o221a_2)
                                                         _00013_ (net)
                      0.035683    0.000000    5.339213 ^ _41567_/D (sky130_fd_sc_hd__dfxtp_2)
                                              5.339213   data arrival time

                                  0.000000    0.000000   clock clk (rise edge)
                                  0.000000    0.000000   clock source latency
    16    0.030032    0.142424    0.096784    0.096784 ^ clk (in)
                                                         clk (net)
                      0.142424    0.000000    0.096784 ^ _41567_/CLK (sky130_fd_sc_hd__dfxtp_2)
                                  0.250000    0.346784   clock uncertainty
                                  0.000000    0.346784   clock reconvergence pessimism
                                 -0.016456    0.330328   library hold time
                                              0.330328   data required time
---------------------------------------------------------------------------------------------
                                              0.330328   data required time
                                             -5.339213   data arrival time
---------------------------------------------------------------------------------------------
                                              5.008884   slack (MET)


Startpoint: tap[0] (input port clocked by clk)
Endpoint: _41564_ (rising edge-triggered flip-flop clocked by clk)
Path Group: clk
Path Type: min

Fanout         Cap        Slew       Delay        Time   Description
---------------------------------------------------------------------------------------------
                                  0.000000    0.000000   clock clk (rise edge)
                                  0.000000    0.000000   clock network delay (propagated)
                                  5.000000    5.000000 v input external delay
     5    0.013607    0.032683    0.021977    5.021977 v tap[0] (in)
                                                         tap[0] (net)
                      0.032683    0.000000    5.021977 v _20839_/A (sky130_fd_sc_hd__inv_2)
     3    0.010738    0.056099    0.060628    5.082605 ^ _20839_/Y (sky130_fd_sc_hd__inv_2)
                                                         _13271_ (net)
                      0.056099    0.000000    5.082605 ^ _31679_/A (sky130_fd_sc_hd__nor2_2)
     6    0.015019    0.045013    0.059491    5.142096 v _31679_/Y (sky130_fd_sc_hd__nor2_2)
                                                         _01288_ (net)
                      0.045013    0.000000    5.142096 v _31680_/B1 (sky130_fd_sc_hd__a22o_2)
     1    0.001681    0.034290    0.194696    5.336792 v _31680_/X (sky130_fd_sc_hd__a22o_2)
                                                         _00010_ (net)
                      0.034290    0.000000    5.336792 v _41564_/D (sky130_fd_sc_hd__dfxtp_2)
                                              5.336792   data arrival time

                                  0.000000    0.000000   clock clk (rise edge)
                                  0.000000    0.000000   clock source latency
    16    0.030032    0.142424    0.096784    0.096784 ^ clk (in)
                                                         clk (net)
                      0.142424    0.000000    0.096784 ^ _41564_/CLK (sky130_fd_sc_hd__dfxtp_2)
                                  0.250000    0.346784   clock uncertainty
                                  0.000000    0.346784   clock reconvergence pessimism
                                 -0.019950    0.326834   library hold time
                                              0.326834   data required time
---------------------------------------------------------------------------------------------
                                              0.326834   data required time
                                             -5.336792   data arrival time
---------------------------------------------------------------------------------------------
                                              5.009958   slack (MET)


Startpoint: tap[0] (input port clocked by clk)
Endpoint: _41568_ (rising edge-triggered flip-flop clocked by clk)
Path Group: clk
Path Type: min

Fanout         Cap        Slew       Delay        Time   Description
---------------------------------------------------------------------------------------------
                                  0.000000    0.000000   clock clk (rise edge)
                                  0.000000    0.000000   clock network delay (propagated)
                                  5.000000    5.000000 v input external delay
     5    0.013607    0.032683    0.021977    5.021977 v tap[0] (in)
                                                         tap[0] (net)
                      0.032683    0.000000    5.021977 v _20839_/A (sky130_fd_sc_hd__inv_2)
     3    0.010738    0.056099    0.060628    5.082605 ^ _20839_/Y (sky130_fd_sc_hd__inv_2)
                                                         _13271_ (net)
                      0.056099    0.000000    5.082605 ^ _31679_/A (sky130_fd_sc_hd__nor2_2)
     6    0.015019    0.045013    0.059491    5.142096 v _31679_/Y (sky130_fd_sc_hd__nor2_2)
                                                         _01288_ (net)
                      0.045013    0.000000    5.142096 v _40177_/B1 (sky130_fd_sc_hd__a32o_2)
     1    0.001681    0.034617    0.206199    5.348294 v _40177_/X (sky130_fd_sc_hd__a32o_2)
                                                         _00014_ (net)
                      0.034617    0.000000    5.348294 v _41568_/D (sky130_fd_sc_hd__dfxtp_2)
                                              5.348294   data arrival time

                                  0.000000    0.000000   clock clk (rise edge)
                                  0.000000    0.000000   clock source latency
    16    0.030032    0.142424    0.096784    0.096784 ^ clk (in)
                                                         clk (net)
                      0.142424    0.000000    0.096784 ^ _41568_/CLK (sky130_fd_sc_hd__dfxtp_2)
                                  0.250000    0.346784   clock uncertainty
                                  0.000000    0.346784   clock reconvergence pessimism
                                 -0.020084    0.326699   library hold time
                                              0.326699   data required time
---------------------------------------------------------------------------------------------
                                              0.326699   data required time
                                             -5.348294   data arrival time
---------------------------------------------------------------------------------------------
                                              5.021595   slack (MET)


Startpoint: tap[2] (input port clocked by clk)
Endpoint: _41554_ (rising edge-triggered flip-flop clocked by clk)
Path Group: clk
Path Type: min

Fanout         Cap        Slew       Delay        Time   Description
---------------------------------------------------------------------------------------------
                                  0.000000    0.000000   clock clk (rise edge)
                                  0.000000    0.000000   clock network delay (propagated)
                                  5.000000    5.000000 ^ input external delay
     4    0.012331    0.063111    0.041493    5.041492 ^ tap[2] (in)
                                                         tap[2] (net)
                      0.063111    0.000000    5.041492 ^ _20857_/B (sky130_fd_sc_hd__or2_2)
    14    0.037315    0.197787    0.225113    5.266606 ^ _20857_/X (sky130_fd_sc_hd__or2_2)
                                                         _13468_ (net)
                      0.197787    0.000000    5.266606 ^ _20925_/B2 (sky130_fd_sc_hd__a22o_2)
     1    0.001674    0.029853    0.154438    5.421044 ^ _20925_/X (sky130_fd_sc_hd__a22o_2)
                                                         _00000_ (net)
                      0.029853    0.000000    5.421044 ^ _41554_/D (sky130_fd_sc_hd__dfxtp_2)
                                              5.421044   data arrival time

                                  0.000000    0.000000   clock clk (rise edge)
                                  0.000000    0.000000   clock source latency
    16    0.030032    0.142424    0.096784    0.096784 ^ clk (in)
                                                         clk (net)
                      0.142424    0.000000    0.096784 ^ _41554_/CLK (sky130_fd_sc_hd__dfxtp_2)
                                  0.250000    0.346784   clock uncertainty
                                  0.000000    0.346784   clock reconvergence pessimism
                                 -0.015263    0.331521   library hold time
                                              0.331521   data required time
---------------------------------------------------------------------------------------------
                                              0.331521   data required time
                                             -5.421044   data arrival time
---------------------------------------------------------------------------------------------
                                              5.089522   slack (MET)


Startpoint: tap[0] (input port clocked by clk)
Endpoint: _41561_ (rising edge-triggered flip-flop clocked by clk)
Path Group: clk
Path Type: min

Fanout         Cap        Slew       Delay        Time   Description
---------------------------------------------------------------------------------------------
                                  0.000000    0.000000   clock clk (rise edge)
                                  0.000000    0.000000   clock network delay (propagated)
                                  5.000000    5.000000 ^ input external delay
     5    0.014700    0.073720    0.048944    5.048944 ^ tap[0] (in)
                                                         tap[0] (net)
                      0.073720    0.000000    5.048944 ^ _20858_/A (sky130_fd_sc_hd__nand2_2)
    12    0.032141    0.132497    0.129179    5.178123 v _20858_/Y (sky130_fd_sc_hd__nand2_2)
                                                         _13479_ (net)
                      0.132497    0.000000    5.178123 v _25145_/A (sky130_fd_sc_hd__nor2_2)
     1    0.002513    0.058676    0.123777    5.301900 ^ _25145_/Y (sky130_fd_sc_hd__nor2_2)
                                                         _14867_ (net)
                      0.058676    0.000000    5.301900 ^ _26502_/A2 (sky130_fd_sc_hd__o22a_2)
     1    0.001674    0.026303    0.121128    5.423029 ^ _26502_/X (sky130_fd_sc_hd__o22a_2)
                                                         _00007_ (net)
                      0.026303    0.000000    5.423029 ^ _41561_/D (sky130_fd_sc_hd__dfxtp_2)
                                              5.423029   data arrival time

                                  0.000000    0.000000   clock clk (rise edge)
                                  0.000000    0.000000   clock source latency
    16    0.030032    0.142424    0.096784    0.096784 ^ clk (in)
                                                         clk (net)
                      0.142424    0.000000    0.096784 ^ _41561_/CLK (sky130_fd_sc_hd__dfxtp_2)
                                  0.250000    0.346784   clock uncertainty
                                  0.000000    0.346784   clock reconvergence pessimism
                                 -0.014536    0.332248   library hold time
                                              0.332248   data required time
---------------------------------------------------------------------------------------------
                                              0.332248   data required time
                                             -5.423029   data arrival time
---------------------------------------------------------------------------------------------
                                              5.090781   slack (MET)


Startpoint: tap[2] (input port clocked by clk)
Endpoint: _41556_ (rising edge-triggered flip-flop clocked by clk)
Path Group: clk
Path Type: min

Fanout         Cap        Slew       Delay        Time   Description
---------------------------------------------------------------------------------------------
                                  0.000000    0.000000   clock clk (rise edge)
                                  0.000000    0.000000   clock network delay (propagated)
                                  5.000000    5.000000 ^ input external delay
     4    0.012331    0.063111    0.041493    5.041492 ^ tap[2] (in)
                                                         tap[2] (net)
                      0.063111    0.000000    5.041492 ^ _20857_/B (sky130_fd_sc_hd__or2_2)
    14    0.037315    0.197787    0.225113    5.266606 ^ _20857_/X (sky130_fd_sc_hd__or2_2)
                                                         _13468_ (net)
                      0.197787    0.000000    5.266606 ^ _21527_/B2 (sky130_fd_sc_hd__o32a_2)
     1    0.001674    0.027406    0.156950    5.423556 ^ _21527_/X (sky130_fd_sc_hd__o32a_2)
                                                         _00002_ (net)
                      0.027406    0.000000    5.423556 ^ _41556_/D (sky130_fd_sc_hd__dfxtp_2)
                                              5.423556   data arrival time

                                  0.000000    0.000000   clock clk (rise edge)
                                  0.000000    0.000000   clock source latency
    16    0.030032    0.142424    0.096784    0.096784 ^ clk (in)
                                                         clk (net)
                      0.142424    0.000000    0.096784 ^ _41556_/CLK (sky130_fd_sc_hd__dfxtp_2)
                                  0.250000    0.346784   clock uncertainty
                                  0.000000    0.346784   clock reconvergence pessimism
                                 -0.014762    0.332022   library hold time
                                              0.332022   data required time
---------------------------------------------------------------------------------------------
                                              0.332022   data required time
                                             -5.423556   data arrival time
---------------------------------------------------------------------------------------------
                                              5.091535   slack (MET)


Startpoint: tap[2] (input port clocked by clk)
Endpoint: _41557_ (rising edge-triggered flip-flop clocked by clk)
Path Group: clk
Path Type: min

Fanout         Cap        Slew       Delay        Time   Description
---------------------------------------------------------------------------------------------
                                  0.000000    0.000000   clock clk (rise edge)
                                  0.000000    0.000000   clock network delay (propagated)
                                  5.000000    5.000000 ^ input external delay
     4    0.012331    0.063111    0.041493    5.041492 ^ tap[2] (in)
                                                         tap[2] (net)
                      0.063111    0.000000    5.041492 ^ _20857_/B (sky130_fd_sc_hd__or2_2)
    14    0.037315    0.197787    0.225113    5.266606 ^ _20857_/X (sky130_fd_sc_hd__or2_2)
                                                         _13468_ (net)
                      0.197787    0.000000    5.266606 ^ _22123_/B2 (sky130_fd_sc_hd__o32a_2)
     1    0.001674    0.027401    0.156950    5.423556 ^ _22123_/X (sky130_fd_sc_hd__o32a_2)
                                                         _00003_ (net)
                      0.027401    0.000000    5.423556 ^ _41557_/D (sky130_fd_sc_hd__dfxtp_2)
                                              5.423556   data arrival time

                                  0.000000    0.000000   clock clk (rise edge)
                                  0.000000    0.000000   clock source latency
    16    0.030032    0.142424    0.096784    0.096784 ^ clk (in)
                                                         clk (net)
                      0.142424    0.000000    0.096784 ^ _41557_/CLK (sky130_fd_sc_hd__dfxtp_2)
                                  0.250000    0.346784   clock uncertainty
                                  0.000000    0.346784   clock reconvergence pessimism
                                 -0.014761    0.332023   library hold time
                                              0.332023   data required time
---------------------------------------------------------------------------------------------
                                              0.332023   data required time
                                             -5.423556   data arrival time
---------------------------------------------------------------------------------------------
                                              5.091534   slack (MET)


Startpoint: tap[2] (input port clocked by clk)
Endpoint: _41560_ (rising edge-triggered flip-flop clocked by clk)
Path Group: clk
Path Type: min

Fanout         Cap        Slew       Delay        Time   Description
---------------------------------------------------------------------------------------------
                                  0.000000    0.000000   clock clk (rise edge)
                                  0.000000    0.000000   clock network delay (propagated)
                                  5.000000    5.000000 ^ input external delay
     4    0.012331    0.063111    0.041493    5.041492 ^ tap[2] (in)
                                                         tap[2] (net)
                      0.063111    0.000000    5.041492 ^ _20857_/B (sky130_fd_sc_hd__or2_2)
    14    0.037315    0.197787    0.225113    5.266606 ^ _20857_/X (sky130_fd_sc_hd__or2_2)
                                                         _13468_ (net)
                      0.197787    0.000000    5.266606 ^ _25104_/B2 (sky130_fd_sc_hd__o32a_2)
     1    0.001674    0.027386    0.156950    5.423556 ^ _25104_/X (sky130_fd_sc_hd__o32a_2)
                                                         _00006_ (net)
                      0.027386    0.000000    5.423556 ^ _41560_/D (sky130_fd_sc_hd__dfxtp_2)
                                              5.423556   data arrival time

                                  0.000000    0.000000   clock clk (rise edge)
                                  0.000000    0.000000   clock source latency
    16    0.030032    0.142424    0.096784    0.096784 ^ clk (in)
                                                         clk (net)
                      0.142424    0.000000    0.096784 ^ _41560_/CLK (sky130_fd_sc_hd__dfxtp_2)
                                  0.250000    0.346784   clock uncertainty
                                  0.000000    0.346784   clock reconvergence pessimism
                                 -0.014758    0.332026   library hold time
                                              0.332026   data required time
---------------------------------------------------------------------------------------------
                                              0.332026   data required time
                                             -5.423556   data arrival time
---------------------------------------------------------------------------------------------
                                              5.091530   slack (MET)


Startpoint: tap[2] (input port clocked by clk)
Endpoint: _41562_ (rising edge-triggered flip-flop clocked by clk)
Path Group: clk
Path Type: min

Fanout         Cap        Slew       Delay        Time   Description
---------------------------------------------------------------------------------------------
                                  0.000000    0.000000   clock clk (rise edge)
                                  0.000000    0.000000   clock network delay (propagated)
                                  5.000000    5.000000 ^ input external delay
     4    0.012331    0.063111    0.041493    5.041492 ^ tap[2] (in)
                                                         tap[2] (net)
                      0.063111    0.000000    5.041492 ^ _20857_/B (sky130_fd_sc_hd__or2_2)
    14    0.037315    0.197787    0.225113    5.266606 ^ _20857_/X (sky130_fd_sc_hd__or2_2)
                                                         _13468_ (net)
                      0.197787    0.000000    5.266606 ^ _28058_/B2 (sky130_fd_sc_hd__o32a_2)
     1    0.001674    0.027405    0.156950    5.423556 ^ _28058_/X (sky130_fd_sc_hd__o32a_2)
                                                         _00008_ (net)
                      0.027405    0.000000    5.423556 ^ _41562_/D (sky130_fd_sc_hd__dfxtp_2)
                                              5.423556   data arrival time

                                  0.000000    0.000000   clock clk (rise edge)
                                  0.000000    0.000000   clock source latency
    16    0.030032    0.142424    0.096784    0.096784 ^ clk (in)
                                                         clk (net)
                      0.142424    0.000000    0.096784 ^ _41562_/CLK (sky130_fd_sc_hd__dfxtp_2)
                                  0.250000    0.346784   clock uncertainty
                                  0.000000    0.346784   clock reconvergence pessimism
                                 -0.014762    0.332022   library hold time
                                              0.332022   data required time
---------------------------------------------------------------------------------------------
                                              0.332022   data required time
                                             -5.423556   data arrival time
---------------------------------------------------------------------------------------------
                                              5.091535   slack (MET)


Startpoint: tap[1] (input port clocked by clk)
Endpoint: _41563_ (rising edge-triggered flip-flop clocked by clk)
Path Group: clk
Path Type: min

Fanout         Cap        Slew       Delay        Time   Description
---------------------------------------------------------------------------------------------
                                  0.000000    0.000000   clock clk (rise edge)
                                  0.000000    0.000000   clock network delay (propagated)
                                  5.000000    5.000000 ^ input external delay
     6    0.016238    0.080612    0.053743    5.053743 ^ tap[1] (in)
                                                         tap[1] (net)
                      0.080612    0.000000    5.053743 ^ _29817_/A (sky130_fd_sc_hd__or2_2)
     9    0.025829    0.141347    0.192327    5.246070 ^ _29817_/X (sky130_fd_sc_hd__or2_2)
                                                         _20003_ (net)
                      0.141347    0.000000    5.246070 ^ _29818_/C1 (sky130_fd_sc_hd__o211a_2)
     1    0.001674    0.035578    0.176005    5.422075 ^ _29818_/X (sky130_fd_sc_hd__o211a_2)
                                                         _00009_ (net)
                      0.035578    0.000000    5.422075 ^ _41563_/D (sky130_fd_sc_hd__dfxtp_2)
                                              5.422075   data arrival time

                                  0.000000    0.000000   clock clk (rise edge)
                                  0.000000    0.000000   clock source latency
    16    0.030032    0.142424    0.096784    0.096784 ^ clk (in)
                                                         clk (net)
                      0.142424    0.000000    0.096784 ^ _41563_/CLK (sky130_fd_sc_hd__dfxtp_2)
                                  0.250000    0.346784   clock uncertainty
                                  0.000000    0.346784   clock reconvergence pessimism
                                 -0.016434    0.330350   library hold time
                                              0.330350   data required time
---------------------------------------------------------------------------------------------
                                              0.330350   data required time
                                             -5.422075   data arrival time
---------------------------------------------------------------------------------------------
                                              5.091726   slack (MET)


Startpoint: tap[1] (input port clocked by clk)
Endpoint: _41559_ (rising edge-triggered flip-flop clocked by clk)
Path Group: clk
Path Type: min

Fanout         Cap        Slew       Delay        Time   Description
---------------------------------------------------------------------------------------------
                                  0.000000    0.000000   clock clk (rise edge)
                                  0.000000    0.000000   clock network delay (propagated)
                                  5.000000    5.000000 ^ input external delay
     6    0.016238    0.080612    0.053743    5.053743 ^ tap[1] (in)
                                                         tap[1] (net)
                      0.080612    0.000000    5.053743 ^ _23824_/B1 (sky130_fd_sc_hd__a311o_2)
     1    0.004522    0.039086    0.116607    5.170350 ^ _23824_/X (sky130_fd_sc_hd__a311o_2)
                                                         _13417_ (net)
                      0.039086    0.000000    5.170350 ^ _23825_/B1 (sky130_fd_sc_hd__o21ai_2)
     1    0.001599    0.018686    0.037714    5.208064 v _23825_/Y (sky130_fd_sc_hd__o21ai_2)
                                                         _13418_ (net)
                      0.018686    0.000000    5.208064 v _23868_/A1_N (sky130_fd_sc_hd__o2bb2a_2)
     1    0.001674    0.032538    0.217611    5.425675 ^ _23868_/X (sky130_fd_sc_hd__o2bb2a_2)
                                                         _00005_ (net)
                      0.032538    0.000000    5.425675 ^ _41559_/D (sky130_fd_sc_hd__dfxtp_2)
                                              5.425675   data arrival time

                                  0.000000    0.000000   clock clk (rise edge)
                                  0.000000    0.000000   clock source latency
    16    0.030032    0.142424    0.096784    0.096784 ^ clk (in)
                                                         clk (net)
                      0.142424    0.000000    0.096784 ^ _41559_/CLK (sky130_fd_sc_hd__dfxtp_2)
                                  0.250000    0.346784   clock uncertainty
                                  0.000000    0.346784   clock reconvergence pessimism
                                 -0.015812    0.330972   library hold time
                                              0.330972   data required time
---------------------------------------------------------------------------------------------
                                              0.330972   data required time
                                             -5.425675   data arrival time
---------------------------------------------------------------------------------------------
                                              5.094703   slack (MET)


Startpoint: tap[2] (input port clocked by clk)
Endpoint: _41555_ (rising edge-triggered flip-flop clocked by clk)
Path Group: clk
Path Type: min

Fanout         Cap        Slew       Delay        Time   Description
---------------------------------------------------------------------------------------------
                                  0.000000    0.000000   clock clk (rise edge)
                                  0.000000    0.000000   clock network delay (propagated)
                                  5.000000    5.000000 ^ input external delay
     4    0.012331    0.063111    0.041493    5.041492 ^ tap[2] (in)
                                                         tap[2] (net)
                      0.063111    0.000000    5.041492 ^ _20857_/B (sky130_fd_sc_hd__or2_2)
    14    0.037315    0.197787    0.225113    5.266606 ^ _20857_/X (sky130_fd_sc_hd__or2_2)
                                                         _13468_ (net)
                      0.197787    0.000000    5.266606 ^ _21129_/A1 (sky130_fd_sc_hd__a31o_2)
     1    0.001674    0.026612    0.169688    5.436294 ^ _21129_/X (sky130_fd_sc_hd__a31o_2)
                                                         _00001_ (net)
                      0.026612    0.000000    5.436294 ^ _41555_/D (sky130_fd_sc_hd__dfxtp_2)
                                              5.436294   data arrival time

                                  0.000000    0.000000   clock clk (rise edge)
                                  0.000000    0.000000   clock source latency
    16    0.030032    0.142424    0.096784    0.096784 ^ clk (in)
                                                         clk (net)
                      0.142424    0.000000    0.096784 ^ _41555_/CLK (sky130_fd_sc_hd__dfxtp_2)
                                  0.250000    0.346784   clock uncertainty
                                  0.000000    0.346784   clock reconvergence pessimism
                                 -0.014599    0.332184   library hold time
                                              0.332184   data required time
---------------------------------------------------------------------------------------------
                                              0.332184   data required time
                                             -5.436294   data arrival time
---------------------------------------------------------------------------------------------
                                              5.104109   slack (MET)


Startpoint: tap[2] (input port clocked by clk)
Endpoint: _41558_ (rising edge-triggered flip-flop clocked by clk)
Path Group: clk
Path Type: min

Fanout         Cap        Slew       Delay        Time   Description
---------------------------------------------------------------------------------------------
                                  0.000000    0.000000   clock clk (rise edge)
                                  0.000000    0.000000   clock network delay (propagated)
                                  5.000000    5.000000 ^ input external delay
     4    0.012331    0.063111    0.041493    5.041492 ^ tap[2] (in)
                                                         tap[2] (net)
                      0.063111    0.000000    5.041492 ^ _20857_/B (sky130_fd_sc_hd__or2_2)
    14    0.037315    0.197787    0.225113    5.266606 ^ _20857_/X (sky130_fd_sc_hd__or2_2)
                                                         _13468_ (net)
                      0.197787    0.000000    5.266606 ^ _22875_/B1 (sky130_fd_sc_hd__o21ai_2)
     1    0.001591    0.018143    0.067621    5.334228 v _22875_/Y (sky130_fd_sc_hd__o21ai_2)
                                                         _12393_ (net)
                      0.018143    0.000000    5.334228 v _22895_/A2_N (sky130_fd_sc_hd__a2bb2o_2)
     1    0.001674    0.027519    0.200624    5.534852 ^ _22895_/X (sky130_fd_sc_hd__a2bb2o_2)
                                                         _00004_ (net)
                      0.027519    0.000000    5.534852 ^ _41558_/D (sky130_fd_sc_hd__dfxtp_2)
                                              5.534852   data arrival time

                                  0.000000    0.000000   clock clk (rise edge)
                                  0.000000    0.000000   clock source latency
    16    0.030032    0.142424    0.096784    0.096784 ^ clk (in)
                                                         clk (net)
                      0.142424    0.000000    0.096784 ^ _41558_/CLK (sky130_fd_sc_hd__dfxtp_2)
                                  0.250000    0.346784   clock uncertainty
                                  0.000000    0.346784   clock reconvergence pessimism
                                 -0.014785    0.331999   library hold time
                                              0.331999   data required time
---------------------------------------------------------------------------------------------
                                              0.331999   data required time
                                             -5.534852   data arrival time
---------------------------------------------------------------------------------------------
                                              5.202853   slack (MET)


Startpoint: _41554_ (rising edge-triggered flip-flop clocked by clk)
Endpoint: output_low[0] (output port clocked by clk)
Path Group: clk
Path Type: min

Fanout         Cap        Slew       Delay        Time   Description
---------------------------------------------------------------------------------------------
                                  0.000000    0.000000   clock clk (rise edge)
                                  0.000000    0.000000   clock source latency
    16    0.030032    0.142424    0.096784    0.096784 ^ clk (in)
                                                         clk (net)
                      0.142424    0.000000    0.096784 ^ _41554_/CLK (sky130_fd_sc_hd__dfxtp_2)
     1    0.033442    0.086784    0.402338    0.499121 v _41554_/Q (sky130_fd_sc_hd__dfxtp_2)
                                                         output_low[0] (net)
                      0.086784    0.000000    0.499121 v output_low[0] (out)
                                              0.499121   data arrival time

                                  0.000000    0.000000   clock clk (rise edge)
                                  0.000000    0.000000   clock network delay (propagated)
                                  0.250000    0.250000   clock uncertainty
                                  0.000000    0.250000   clock reconvergence pessimism
                                 -5.000000   -4.750000   output external delay
                                             -4.750000   data required time
---------------------------------------------------------------------------------------------
                                             -4.750000   data required time
                                             -0.499121   data arrival time
---------------------------------------------------------------------------------------------
                                              5.249122   slack (MET)


Startpoint: _41564_ (rising edge-triggered flip-flop clocked by clk)
Endpoint: output_low[10] (output port clocked by clk)
Path Group: clk
Path Type: min

Fanout         Cap        Slew       Delay        Time   Description
---------------------------------------------------------------------------------------------
                                  0.000000    0.000000   clock clk (rise edge)
                                  0.000000    0.000000   clock source latency
    16    0.030032    0.142424    0.096784    0.096784 ^ clk (in)
                                                         clk (net)
                      0.142424    0.000000    0.096784 ^ _41564_/CLK (sky130_fd_sc_hd__dfxtp_2)
     1    0.033442    0.086784    0.402338    0.499121 v _41564_/Q (sky130_fd_sc_hd__dfxtp_2)
                                                         output_low[10] (net)
                      0.086784    0.000000    0.499121 v output_low[10] (out)
                                              0.499121   data arrival time

                                  0.000000    0.000000   clock clk (rise edge)
                                  0.000000    0.000000   clock network delay (propagated)
                                  0.250000    0.250000   clock uncertainty
                                  0.000000    0.250000   clock reconvergence pessimism
                                 -5.000000   -4.750000   output external delay
                                             -4.750000   data required time
---------------------------------------------------------------------------------------------
                                             -4.750000   data required time
                                             -0.499121   data arrival time
---------------------------------------------------------------------------------------------
                                              5.249122   slack (MET)


Startpoint: _41565_ (rising edge-triggered flip-flop clocked by clk)
Endpoint: output_low[11] (output port clocked by clk)
Path Group: clk
Path Type: min

Fanout         Cap        Slew       Delay        Time   Description
---------------------------------------------------------------------------------------------
                                  0.000000    0.000000   clock clk (rise edge)
                                  0.000000    0.000000   clock source latency
    16    0.030032    0.142424    0.096784    0.096784 ^ clk (in)
                                                         clk (net)
                      0.142424    0.000000    0.096784 ^ _41565_/CLK (sky130_fd_sc_hd__dfxtp_2)
     1    0.033442    0.086784    0.402338    0.499121 v _41565_/Q (sky130_fd_sc_hd__dfxtp_2)
                                                         output_low[11] (net)
                      0.086784    0.000000    0.499121 v output_low[11] (out)
                                              0.499121   data arrival time

                                  0.000000    0.000000   clock clk (rise edge)
                                  0.000000    0.000000   clock network delay (propagated)
                                  0.250000    0.250000   clock uncertainty
                                  0.000000    0.250000   clock reconvergence pessimism
                                 -5.000000   -4.750000   output external delay
                                             -4.750000   data required time
---------------------------------------------------------------------------------------------
                                             -4.750000   data required time
                                             -0.499121   data arrival time
---------------------------------------------------------------------------------------------
                                              5.249122   slack (MET)


Startpoint: _41566_ (rising edge-triggered flip-flop clocked by clk)
Endpoint: output_low[12] (output port clocked by clk)
Path Group: clk
Path Type: min

Fanout         Cap        Slew       Delay        Time   Description
---------------------------------------------------------------------------------------------
                                  0.000000    0.000000   clock clk (rise edge)
                                  0.000000    0.000000   clock source latency
    16    0.030032    0.142424    0.096784    0.096784 ^ clk (in)
                                                         clk (net)
                      0.142424    0.000000    0.096784 ^ _41566_/CLK (sky130_fd_sc_hd__dfxtp_2)
     1    0.033442    0.086784    0.402338    0.499121 v _41566_/Q (sky130_fd_sc_hd__dfxtp_2)
                                                         output_low[12] (net)
                      0.086784    0.000000    0.499121 v output_low[12] (out)
                                              0.499121   data arrival time

                                  0.000000    0.000000   clock clk (rise edge)
                                  0.000000    0.000000   clock network delay (propagated)
                                  0.250000    0.250000   clock uncertainty
                                  0.000000    0.250000   clock reconvergence pessimism
                                 -5.000000   -4.750000   output external delay
                                             -4.750000   data required time
---------------------------------------------------------------------------------------------
                                             -4.750000   data required time
                                             -0.499121   data arrival time
---------------------------------------------------------------------------------------------
                                              5.249122   slack (MET)


Startpoint: _41567_ (rising edge-triggered flip-flop clocked by clk)
Endpoint: output_low[13] (output port clocked by clk)
Path Group: clk
Path Type: min

Fanout         Cap        Slew       Delay        Time   Description
---------------------------------------------------------------------------------------------
                                  0.000000    0.000000   clock clk (rise edge)
                                  0.000000    0.000000   clock source latency
    16    0.030032    0.142424    0.096784    0.096784 ^ clk (in)
                                                         clk (net)
                      0.142424    0.000000    0.096784 ^ _41567_/CLK (sky130_fd_sc_hd__dfxtp_2)
     1    0.033442    0.086784    0.402338    0.499121 v _41567_/Q (sky130_fd_sc_hd__dfxtp_2)
                                                         output_low[13] (net)
                      0.086784    0.000000    0.499121 v output_low[13] (out)
                                              0.499121   data arrival time

                                  0.000000    0.000000   clock clk (rise edge)
                                  0.000000    0.000000   clock network delay (propagated)
                                  0.250000    0.250000   clock uncertainty
                                  0.000000    0.250000   clock reconvergence pessimism
                                 -5.000000   -4.750000   output external delay
                                             -4.750000   data required time
---------------------------------------------------------------------------------------------
                                             -4.750000   data required time
                                             -0.499121   data arrival time
---------------------------------------------------------------------------------------------
                                              5.249122   slack (MET)


Startpoint: _41568_ (rising edge-triggered flip-flop clocked by clk)
Endpoint: output_low[14] (output port clocked by clk)
Path Group: clk
Path Type: min

Fanout         Cap        Slew       Delay        Time   Description
---------------------------------------------------------------------------------------------
                                  0.000000    0.000000   clock clk (rise edge)
                                  0.000000    0.000000   clock source latency
    16    0.030032    0.142424    0.096784    0.096784 ^ clk (in)
                                                         clk (net)
                      0.142424    0.000000    0.096784 ^ _41568_/CLK (sky130_fd_sc_hd__dfxtp_2)
     1    0.033442    0.086784    0.402338    0.499121 v _41568_/Q (sky130_fd_sc_hd__dfxtp_2)
                                                         output_low[14] (net)
                      0.086784    0.000000    0.499121 v output_low[14] (out)
                                              0.499121   data arrival time

                                  0.000000    0.000000   clock clk (rise edge)
                                  0.000000    0.000000   clock network delay (propagated)
                                  0.250000    0.250000   clock uncertainty
                                  0.000000    0.250000   clock reconvergence pessimism
                                 -5.000000   -4.750000   output external delay
                                             -4.750000   data required time
---------------------------------------------------------------------------------------------
                                             -4.750000   data required time
                                             -0.499121   data arrival time
---------------------------------------------------------------------------------------------
                                              5.249122   slack (MET)


Startpoint: _41569_ (rising edge-triggered flip-flop clocked by clk)
Endpoint: output_low[15] (output port clocked by clk)
Path Group: clk
Path Type: min

Fanout         Cap        Slew       Delay        Time   Description
---------------------------------------------------------------------------------------------
                                  0.000000    0.000000   clock clk (rise edge)
                                  0.000000    0.000000   clock source latency
    16    0.030032    0.142424    0.096784    0.096784 ^ clk (in)
                                                         clk (net)
                      0.142424    0.000000    0.096784 ^ _41569_/CLK (sky130_fd_sc_hd__dfxtp_2)
     1    0.033442    0.086784    0.402338    0.499121 v _41569_/Q (sky130_fd_sc_hd__dfxtp_2)
                                                         output_low[15] (net)
                      0.086784    0.000000    0.499121 v output_low[15] (out)
                                              0.499121   data arrival time

                                  0.000000    0.000000   clock clk (rise edge)
                                  0.000000    0.000000   clock network delay (propagated)
                                  0.250000    0.250000   clock uncertainty
                                  0.000000    0.250000   clock reconvergence pessimism
                                 -5.000000   -4.750000   output external delay
                                             -4.750000   data required time
---------------------------------------------------------------------------------------------
                                             -4.750000   data required time
                                             -0.499121   data arrival time
---------------------------------------------------------------------------------------------
                                              5.249122   slack (MET)


Startpoint: _41555_ (rising edge-triggered flip-flop clocked by clk)
Endpoint: output_low[1] (output port clocked by clk)
Path Group: clk
Path Type: min

Fanout         Cap        Slew       Delay        Time   Description
---------------------------------------------------------------------------------------------
                                  0.000000    0.000000   clock clk (rise edge)
                                  0.000000    0.000000   clock source latency
    16    0.030032    0.142424    0.096784    0.096784 ^ clk (in)
                                                         clk (net)
                      0.142424    0.000000    0.096784 ^ _41555_/CLK (sky130_fd_sc_hd__dfxtp_2)
     1    0.033442    0.086784    0.402338    0.499121 v _41555_/Q (sky130_fd_sc_hd__dfxtp_2)
                                                         output_low[1] (net)
                      0.086784    0.000000    0.499121 v output_low[1] (out)
                                              0.499121   data arrival time

                                  0.000000    0.000000   clock clk (rise edge)
                                  0.000000    0.000000   clock network delay (propagated)
                                  0.250000    0.250000   clock uncertainty
                                  0.000000    0.250000   clock reconvergence pessimism
                                 -5.000000   -4.750000   output external delay
                                             -4.750000   data required time
---------------------------------------------------------------------------------------------
                                             -4.750000   data required time
                                             -0.499121   data arrival time
---------------------------------------------------------------------------------------------
                                              5.249122   slack (MET)


Startpoint: _41556_ (rising edge-triggered flip-flop clocked by clk)
Endpoint: output_low[2] (output port clocked by clk)
Path Group: clk
Path Type: min

Fanout         Cap        Slew       Delay        Time   Description
---------------------------------------------------------------------------------------------
                                  0.000000    0.000000   clock clk (rise edge)
                                  0.000000    0.000000   clock source latency
    16    0.030032    0.142424    0.096784    0.096784 ^ clk (in)
                                                         clk (net)
                      0.142424    0.000000    0.096784 ^ _41556_/CLK (sky130_fd_sc_hd__dfxtp_2)
     1    0.033442    0.086784    0.402338    0.499121 v _41556_/Q (sky130_fd_sc_hd__dfxtp_2)
                                                         output_low[2] (net)
                      0.086784    0.000000    0.499121 v output_low[2] (out)
                                              0.499121   data arrival time

                                  0.000000    0.000000   clock clk (rise edge)
                                  0.000000    0.000000   clock network delay (propagated)
                                  0.250000    0.250000   clock uncertainty
                                  0.000000    0.250000   clock reconvergence pessimism
                                 -5.000000   -4.750000   output external delay
                                             -4.750000   data required time
---------------------------------------------------------------------------------------------
                                             -4.750000   data required time
                                             -0.499121   data arrival time
---------------------------------------------------------------------------------------------
                                              5.249122   slack (MET)


Startpoint: _41557_ (rising edge-triggered flip-flop clocked by clk)
Endpoint: output_low[3] (output port clocked by clk)
Path Group: clk
Path Type: min

Fanout         Cap        Slew       Delay        Time   Description
---------------------------------------------------------------------------------------------
                                  0.000000    0.000000   clock clk (rise edge)
                                  0.000000    0.000000   clock source latency
    16    0.030032    0.142424    0.096784    0.096784 ^ clk (in)
                                                         clk (net)
                      0.142424    0.000000    0.096784 ^ _41557_/CLK (sky130_fd_sc_hd__dfxtp_2)
     1    0.033442    0.086784    0.402338    0.499121 v _41557_/Q (sky130_fd_sc_hd__dfxtp_2)
                                                         output_low[3] (net)
                      0.086784    0.000000    0.499121 v output_low[3] (out)
                                              0.499121   data arrival time

                                  0.000000    0.000000   clock clk (rise edge)
                                  0.000000    0.000000   clock network delay (propagated)
                                  0.250000    0.250000   clock uncertainty
                                  0.000000    0.250000   clock reconvergence pessimism
                                 -5.000000   -4.750000   output external delay
                                             -4.750000   data required time
---------------------------------------------------------------------------------------------
                                             -4.750000   data required time
                                             -0.499121   data arrival time
---------------------------------------------------------------------------------------------
                                              5.249122   slack (MET)


Startpoint: _41558_ (rising edge-triggered flip-flop clocked by clk)
Endpoint: output_low[4] (output port clocked by clk)
Path Group: clk
Path Type: min

Fanout         Cap        Slew       Delay        Time   Description
---------------------------------------------------------------------------------------------
                                  0.000000    0.000000   clock clk (rise edge)
                                  0.000000    0.000000   clock source latency
    16    0.030032    0.142424    0.096784    0.096784 ^ clk (in)
                                                         clk (net)
                      0.142424    0.000000    0.096784 ^ _41558_/CLK (sky130_fd_sc_hd__dfxtp_2)
     1    0.033442    0.086784    0.402338    0.499121 v _41558_/Q (sky130_fd_sc_hd__dfxtp_2)
                                                         output_low[4] (net)
                      0.086784    0.000000    0.499121 v output_low[4] (out)
                                              0.499121   data arrival time

                                  0.000000    0.000000   clock clk (rise edge)
                                  0.000000    0.000000   clock network delay (propagated)
                                  0.250000    0.250000   clock uncertainty
                                  0.000000    0.250000   clock reconvergence pessimism
                                 -5.000000   -4.750000   output external delay
                                             -4.750000   data required time
---------------------------------------------------------------------------------------------
                                             -4.750000   data required time
                                             -0.499121   data arrival time
---------------------------------------------------------------------------------------------
                                              5.249122   slack (MET)


Startpoint: _41559_ (rising edge-triggered flip-flop clocked by clk)
Endpoint: output_low[5] (output port clocked by clk)
Path Group: clk
Path Type: min

Fanout         Cap        Slew       Delay        Time   Description
---------------------------------------------------------------------------------------------
                                  0.000000    0.000000   clock clk (rise edge)
                                  0.000000    0.000000   clock source latency
    16    0.030032    0.142424    0.096784    0.096784 ^ clk (in)
                                                         clk (net)
                      0.142424    0.000000    0.096784 ^ _41559_/CLK (sky130_fd_sc_hd__dfxtp_2)
     1    0.033442    0.086784    0.402338    0.499121 v _41559_/Q (sky130_fd_sc_hd__dfxtp_2)
                                                         output_low[5] (net)
                      0.086784    0.000000    0.499121 v output_low[5] (out)
                                              0.499121   data arrival time

                                  0.000000    0.000000   clock clk (rise edge)
                                  0.000000    0.000000   clock network delay (propagated)
                                  0.250000    0.250000   clock uncertainty
                                  0.000000    0.250000   clock reconvergence pessimism
                                 -5.000000   -4.750000   output external delay
                                             -4.750000   data required time
---------------------------------------------------------------------------------------------
                                             -4.750000   data required time
                                             -0.499121   data arrival time
---------------------------------------------------------------------------------------------
                                              5.249122   slack (MET)


Startpoint: _41560_ (rising edge-triggered flip-flop clocked by clk)
Endpoint: output_low[6] (output port clocked by clk)
Path Group: clk
Path Type: min

Fanout         Cap        Slew       Delay        Time   Description
---------------------------------------------------------------------------------------------
                                  0.000000    0.000000   clock clk (rise edge)
                                  0.000000    0.000000   clock source latency
    16    0.030032    0.142424    0.096784    0.096784 ^ clk (in)
                                                         clk (net)
                      0.142424    0.000000    0.096784 ^ _41560_/CLK (sky130_fd_sc_hd__dfxtp_2)
     1    0.033442    0.086784    0.402338    0.499121 v _41560_/Q (sky130_fd_sc_hd__dfxtp_2)
                                                         output_low[6] (net)
                      0.086784    0.000000    0.499121 v output_low[6] (out)
                                              0.499121   data arrival time

                                  0.000000    0.000000   clock clk (rise edge)
                                  0.000000    0.000000   clock network delay (propagated)
                                  0.250000    0.250000   clock uncertainty
                                  0.000000    0.250000   clock reconvergence pessimism
                                 -5.000000   -4.750000   output external delay
                                             -4.750000   data required time
---------------------------------------------------------------------------------------------
                                             -4.750000   data required time
                                             -0.499121   data arrival time
---------------------------------------------------------------------------------------------
                                              5.249122   slack (MET)


Startpoint: _41561_ (rising edge-triggered flip-flop clocked by clk)
Endpoint: output_low[7] (output port clocked by clk)
Path Group: clk
Path Type: min

Fanout         Cap        Slew       Delay        Time   Description
---------------------------------------------------------------------------------------------
                                  0.000000    0.000000   clock clk (rise edge)
                                  0.000000    0.000000   clock source latency
    16    0.030032    0.142424    0.096784    0.096784 ^ clk (in)
                                                         clk (net)
                      0.142424    0.000000    0.096784 ^ _41561_/CLK (sky130_fd_sc_hd__dfxtp_2)
     1    0.033442    0.086784    0.402338    0.499121 v _41561_/Q (sky130_fd_sc_hd__dfxtp_2)
                                                         output_low[7] (net)
                      0.086784    0.000000    0.499121 v output_low[7] (out)
                                              0.499121   data arrival time

                                  0.000000    0.000000   clock clk (rise edge)
                                  0.000000    0.000000   clock network delay (propagated)
                                  0.250000    0.250000   clock uncertainty
                                  0.000000    0.250000   clock reconvergence pessimism
                                 -5.000000   -4.750000   output external delay
                                             -4.750000   data required time
---------------------------------------------------------------------------------------------
                                             -4.750000   data required time
                                             -0.499121   data arrival time
---------------------------------------------------------------------------------------------
                                              5.249122   slack (MET)


Startpoint: _41562_ (rising edge-triggered flip-flop clocked by clk)
Endpoint: output_low[8] (output port clocked by clk)
Path Group: clk
Path Type: min

Fanout         Cap        Slew       Delay        Time   Description
---------------------------------------------------------------------------------------------
                                  0.000000    0.000000   clock clk (rise edge)
                                  0.000000    0.000000   clock source latency
    16    0.030032    0.142424    0.096784    0.096784 ^ clk (in)
                                                         clk (net)
                      0.142424    0.000000    0.096784 ^ _41562_/CLK (sky130_fd_sc_hd__dfxtp_2)
     1    0.033442    0.086784    0.402338    0.499121 v _41562_/Q (sky130_fd_sc_hd__dfxtp_2)
                                                         output_low[8] (net)
                      0.086784    0.000000    0.499121 v output_low[8] (out)
                                              0.499121   data arrival time

                                  0.000000    0.000000   clock clk (rise edge)
                                  0.000000    0.000000   clock network delay (propagated)
                                  0.250000    0.250000   clock uncertainty
                                  0.000000    0.250000   clock reconvergence pessimism
                                 -5.000000   -4.750000   output external delay
                                             -4.750000   data required time
---------------------------------------------------------------------------------------------
                                             -4.750000   data required time
                                             -0.499121   data arrival time
---------------------------------------------------------------------------------------------
                                              5.249122   slack (MET)


Startpoint: _41563_ (rising edge-triggered flip-flop clocked by clk)
Endpoint: output_low[9] (output port clocked by clk)
Path Group: clk
Path Type: min

Fanout         Cap        Slew       Delay        Time   Description
---------------------------------------------------------------------------------------------
                                  0.000000    0.000000   clock clk (rise edge)
                                  0.000000    0.000000   clock source latency
    16    0.030032    0.142424    0.096784    0.096784 ^ clk (in)
                                                         clk (net)
                      0.142424    0.000000    0.096784 ^ _41563_/CLK (sky130_fd_sc_hd__dfxtp_2)
     1    0.033442    0.086784    0.402338    0.499121 v _41563_/Q (sky130_fd_sc_hd__dfxtp_2)
                                                         output_low[9] (net)
                      0.086784    0.000000    0.499121 v output_low[9] (out)
                                              0.499121   data arrival time

                                  0.000000    0.000000   clock clk (rise edge)
                                  0.000000    0.000000   clock network delay (propagated)
                                  0.250000    0.250000   clock uncertainty
                                  0.000000    0.250000   clock reconvergence pessimism
                                 -5.000000   -4.750000   output external delay
                                             -4.750000   data required time
---------------------------------------------------------------------------------------------
                                             -4.750000   data required time
                                             -0.499121   data arrival time
---------------------------------------------------------------------------------------------
                                              5.249122   slack (MET)



