Reading OpenROAD database at '/mnt/d/APIC/FIR_Openlane/Shifter/runs/RUN_2024-06-17_19-51-50/19-openroad-generatepdn/shifter.odb'…
Reading library file at '/home/nurwiyoso14/.volare/volare/sky130/versions/bdc9412b3e468c102d01b7cf6337be06ec6e9c9a/sky130A/libs.ref/sky130_fd_sc_hd/lib/sky130_fd_sc_hd__ss_100C_1v60.lib'…
Reading design constraints file at '/nix/store/ly0xjc8f0gmgmckxcrs0bw8vqc9gf9bk-python3-3.11.6-env/lib/python3.11/site-packages/openlane/scripts/base.sdc'…
[INFO] Using clock clk…
[INFO] Setting output delay to: 5
[INFO] Setting input delay to: 5
[INFO] Setting load to: 0.033442
[INFO] Setting clock uncertainty to: 0.25
[INFO] Setting clock transition to: 0.1499999999999999944488848768742172978818416595458984375
[INFO] Setting timing derate to: 5%
[INFO] Setting RC values…
[INFO] Setting signal min routing layer to: met1 and clock min routing layer to met1. 
[INFO] Setting signal max routing layer to: met4 and clock max routing layer to met4. 
{*}-density 0.129652 -timing_driven -routability_driven -skip_io -pad_right 0 -pad_left 0 -init_wirelength_coef 0.05
[WARNING GPL-0150] -skip_io will disable timing driven mode.
[WARNING GPL-0151] -skip_io will disable routability driven mode.
[INFO GPL-0002] DBU: 1000
[INFO GPL-0003] SiteSize: 460 2720
[INFO GPL-0004] CoreAreaLxLy: 5520 10880
[INFO GPL-0005] CoreAreaUxUy: 794420 788800
[INFO GPL-0006] NumInstances: 9836
[INFO GPL-0007] NumPlaceInstances: 480
[INFO GPL-0008] NumFixedInstances: 9356
[INFO GPL-0009] NumDummyInstances: 0
[INFO GPL-0010] NumNets: 498
[INFO GPL-0011] NumPins: 1440
[INFO GPL-0012] DieAreaLxLy: 0 0
[INFO GPL-0013] DieAreaUxUy: 800000 800000
[INFO GPL-0014] CoreAreaLxLy: 5520 10880
[INFO GPL-0015] CoreAreaUxUy: 794420 788800
[INFO GPL-0016] CoreArea: 613701088000
[INFO GPL-0017] NonPlaceInstsArea: 13137600000
[INFO GPL-0018] PlaceInstsArea: 7206912000
[INFO GPL-0019] Util(%): 1.20
[INFO GPL-0020] StdInstsArea: 7206912000
[INFO GPL-0021] MacroInstsArea: 0
[INFO GPL-0031] FillerInit: NumGCells: 5185
[INFO GPL-0032] FillerInit: NumGNets: 498
[INFO GPL-0033] FillerInit: NumGPins: 1440
[INFO GPL-0023] TargetDensity: 0.13
[INFO GPL-0024] AveragePlaceInstArea: 15014400
[INFO GPL-0025] IdealBinArea: 115805392
[INFO GPL-0026] IdealBinCnt: 5299
[INFO GPL-0027] TotalBinArea: 613701088000
[INFO GPL-0028] BinCnt: 64 64
[INFO GPL-0029] BinSize: 12327 12155
[INFO GPL-0030] NumBins: 4096
[NesterovSolve] Iter: 1 overflow: 0.989258 HPWL: 2200670
[NesterovSolve] Iter: 10 overflow: 0.978677 HPWL: 1579672
[NesterovSolve] Iter: 20 overflow: 0.968097 HPWL: 1282813
[NesterovSolve] Iter: 30 overflow: 0.957516 HPWL: 981782
[NesterovSolve] Iter: 40 overflow: 0.957516 HPWL: 785887
[NesterovSolve] Iter: 50 overflow: 0.957516 HPWL: 797446
[NesterovSolve] Iter: 60 overflow: 0.957516 HPWL: 853713
[NesterovSolve] Iter: 70 overflow: 0.957516 HPWL: 874558
[NesterovSolve] Iter: 80 overflow: 0.957516 HPWL: 865179
[NesterovSolve] Iter: 90 overflow: 0.957516 HPWL: 837947
[NesterovSolve] Iter: 100 overflow: 0.957516 HPWL: 823179
[NesterovSolve] Iter: 110 overflow: 0.957516 HPWL: 832606
[NesterovSolve] Iter: 120 overflow: 0.957516 HPWL: 856182
[NesterovSolve] Iter: 130 overflow: 0.957516 HPWL: 869768
[NesterovSolve] Iter: 140 overflow: 0.957516 HPWL: 876046
[NesterovSolve] Iter: 150 overflow: 0.957516 HPWL: 911891
[NesterovSolve] Iter: 160 overflow: 0.957516 HPWL: 977237
[NesterovSolve] Iter: 170 overflow: 0.952489 HPWL: 1059990
[NesterovSolve] Iter: 180 overflow: 0.946935 HPWL: 1081035
[NesterovSolve] Iter: 190 overflow: 0.946465 HPWL: 969645
[NesterovSolve] Iter: 200 overflow: 0.936354 HPWL: 755631
[NesterovSolve] Iter: 210 overflow: 0.930885 HPWL: 1186672
[NesterovSolve] Iter: 220 overflow: 0.827218 HPWL: 1769076
[NesterovSolve] Iter: 230 overflow: 0.673629 HPWL: 1567340
[NesterovSolve] Iter: 240 overflow: 0.670954 HPWL: 1685758
[NesterovSolve] Iter: 250 overflow: 0.63346 HPWL: 1811467
[NesterovSolve] Iter: 260 overflow: 0.522419 HPWL: 1542144
[NesterovSolve] Iter: 270 overflow: 0.536556 HPWL: 1871110
[NesterovSolve] Iter: 280 overflow: 0.473777 HPWL: 2141030
[NesterovSolve] Iter: 290 overflow: 0.400147 HPWL: 1856315
[NesterovSolve] Iter: 300 overflow: 0.395402 HPWL: 2273225
[NesterovSolve] Iter: 310 overflow: 0.318019 HPWL: 2170929
[NesterovSolve] Iter: 320 overflow: 0.295672 HPWL: 1920595
[NesterovSolve] Iter: 330 overflow: 0.270331 HPWL: 2026752
[NesterovSolve] Iter: 340 overflow: 0.244958 HPWL: 2037135
[NesterovSolve] Iter: 350 overflow: 0.233595 HPWL: 2066575
[NesterovSolve] Iter: 360 overflow: 0.235438 HPWL: 2085503
[NesterovSolve] Iter: 370 overflow: 0.212726 HPWL: 2193785
[NesterovSolve] Iter: 380 overflow: 0.175262 HPWL: 2259411
[NesterovSolve] Iter: 390 overflow: 0.162189 HPWL: 2409678
[NesterovSolve] Iter: 400 overflow: 0.150167 HPWL: 2508147
[NesterovSolve] Iter: 410 overflow: 0.158061 HPWL: 2456531
[NesterovSolve] Iter: 420 overflow: 0.164376 HPWL: 1840068
[NesterovSolve] Iter: 430 overflow: 0.125157 HPWL: 2099784
[NesterovSolve] Iter: 440 overflow: 0.112878 HPWL: 2202778
[NesterovSolve] Iter: 450 overflow: 0.101979 HPWL: 2347678
[NesterovSolve] Finished with Overflow: 0.099891
[INFO] Setting RC values…
Setting global connections for newly added cells…
[INFO] Setting global connections...
Writing OpenROAD database to '/mnt/d/APIC/FIR_Openlane/Shifter/runs/RUN_2024-06-17_19-51-50/22-openroad-globalplacementskipio/shifter.odb'…
Writing netlist to '/mnt/d/APIC/FIR_Openlane/Shifter/runs/RUN_2024-06-17_19-51-50/22-openroad-globalplacementskipio/shifter.nl.v'…
Writing powered netlist to '/mnt/d/APIC/FIR_Openlane/Shifter/runs/RUN_2024-06-17_19-51-50/22-openroad-globalplacementskipio/shifter.pnl.v'…
Writing layout to '/mnt/d/APIC/FIR_Openlane/Shifter/runs/RUN_2024-06-17_19-51-50/22-openroad-globalplacementskipio/shifter.def'…
Writing timing constraints to '/mnt/d/APIC/FIR_Openlane/Shifter/runs/RUN_2024-06-17_19-51-50/22-openroad-globalplacementskipio/shifter.sdc'…
