
===========================================================================
report_checks -unconstrained
===========================================================================
======================= min_tt_025C_1v80 Corner ===================================

Startpoint: input_data[6] (input port clocked by clk)
Endpoint: _41569_ (rising edge-triggered flip-flop clocked by clk)
Path Group: clk
Path Type: max

Fanout         Cap        Slew       Delay        Time   Description
---------------------------------------------------------------------------------------------
                                  0.000000    0.000000   clock clk (rise edge)
                                  0.000000    0.000000   clock network delay (propagated)
                                  5.000000    5.000000 ^ input external delay
     2    0.004098    0.025370    0.014845    5.014845 ^ input_data[6] (in)
                                                         input_data[6] (net)
                      0.025370    0.000000    5.014845 ^ input201/A (sky130_fd_sc_hd__buf_1)
     1    0.007458    0.095948    0.110898    5.125743 ^ input201/X (sky130_fd_sc_hd__buf_1)
                                                         net201 (net)
                      0.095949    0.000164    5.125907 ^ fanout748/A (sky130_fd_sc_hd__buf_6)
    14    0.195008    0.381907    0.347171    5.473078 ^ fanout748/X (sky130_fd_sc_hd__buf_6)
                                                         net748 (net)
                      0.381921    0.002041    5.475120 ^ fanout747/A (sky130_fd_sc_hd__buf_6)
    18    0.137551    0.271799    0.333338    5.808458 ^ fanout747/X (sky130_fd_sc_hd__buf_6)
                                                         net747 (net)
                      0.271812    0.001594    5.810052 ^ fanout746/A (sky130_fd_sc_hd__clkbuf_8)
    20    0.115092    0.202919    0.316452    6.126504 ^ fanout746/X (sky130_fd_sc_hd__clkbuf_8)
                                                         net746 (net)
                      0.202981    0.002997    6.129501 ^ _26720_/A (sky130_fd_sc_hd__xor2_2)
     2    0.016212    0.231346    0.246746    6.376247 ^ _26720_/X (sky130_fd_sc_hd__xor2_2)
                                                         _16597_ (net)
                      0.231346    0.000118    6.376365 ^ _26721_/B (sky130_fd_sc_hd__xnor2_1)
     2    0.011135    0.278927    0.210875    6.587240 ^ _26721_/Y (sky130_fd_sc_hd__xnor2_1)
                                                         _16598_ (net)
                      0.278927    0.000219    6.587459 ^ max_cap348/A (sky130_fd_sc_hd__buf_4)
     7    0.049592    0.143311    0.256005    6.843463 ^ max_cap348/X (sky130_fd_sc_hd__buf_4)
                                                         net348 (net)
                      0.143316    0.000685    6.844148 ^ _26723_/B (sky130_fd_sc_hd__xor2_4)
     2    0.021561    0.201710    0.228262    7.072410 ^ _26723_/X (sky130_fd_sc_hd__xor2_4)
                                                         _16601_ (net)
                      0.201710    0.000179    7.072589 ^ _28503_/A2 (sky130_fd_sc_hd__a21o_1)
     2    0.019604    0.174414    0.244797    7.317386 ^ _28503_/X (sky130_fd_sc_hd__a21o_1)
                                                         _18558_ (net)
                      0.174414    0.000261    7.317647 ^ _28505_/B (sky130_fd_sc_hd__xor2_4)
     2    0.022115    0.205055    0.233875    7.551521 ^ _28505_/X (sky130_fd_sc_hd__xor2_4)
                                                         _18560_ (net)
                      0.205056    0.000297    7.551818 ^ _30254_/A2 (sky130_fd_sc_hd__a21oi_1)
     3    0.010807    0.123662    0.147697    7.699515 v _30254_/Y (sky130_fd_sc_hd__a21oi_1)
                                                         _20483_ (net)
                      0.123663    0.000242    7.699757 v _30257_/B (sky130_fd_sc_hd__xnor2_1)
     1    0.011662    0.289542    0.291077    7.990834 ^ _30257_/Y (sky130_fd_sc_hd__xnor2_1)
                                                         _20486_ (net)
                      0.289542    0.000279    7.991113 ^ _30258_/B (sky130_fd_sc_hd__xnor2_2)
     3    0.018984    0.277546    0.201349    8.192462 ^ _30258_/Y (sky130_fd_sc_hd__xnor2_2)
                                                         _20487_ (net)
                      0.277547    0.000401    8.192863 ^ _30259_/B (sky130_fd_sc_hd__xor2_2)
     2    0.011617    0.182344    0.221153    8.414017 ^ _30259_/X (sky130_fd_sc_hd__xor2_2)
                                                         _20488_ (net)
                      0.182344    0.000193    8.414209 ^ _30262_/B (sky130_fd_sc_hd__xor2_2)
     3    0.016049    0.229689    0.245949    8.660158 ^ _30262_/X (sky130_fd_sc_hd__xor2_2)
                                                         _20492_ (net)
                      0.229690    0.000459    8.660618 ^ _30265_/B (sky130_fd_sc_hd__xnor2_2)
     1    0.017985    0.115317    0.142178    8.802795 v _30265_/Y (sky130_fd_sc_hd__xnor2_2)
                                                         _20495_ (net)
                      0.115318    0.000310    8.803105 v _30267_/A (sky130_fd_sc_hd__xnor2_4)
     6    0.045754    0.367976    0.369025    9.172130 ^ _30267_/Y (sky130_fd_sc_hd__xnor2_4)
                                                         _20497_ (net)
                      0.368023    0.003389    9.175519 ^ max_cap272/A (sky130_fd_sc_hd__buf_4)
     4    0.082685    0.229492    0.329519    9.505038 ^ max_cap272/X (sky130_fd_sc_hd__buf_4)
                                                         net272 (net)
                      0.229681    0.005437    9.510475 ^ wire271/A (sky130_fd_sc_hd__buf_6)
     8    0.085294    0.171963    0.241075    9.751550 ^ wire271/X (sky130_fd_sc_hd__buf_6)
                                                         net271 (net)
                      0.172189    0.005107    9.756657 ^ _31864_/A (sky130_fd_sc_hd__xnor2_1)
     2    0.005087    0.159190    0.153174    9.909831 ^ _31864_/Y (sky130_fd_sc_hd__xnor2_1)
                                                         _01491_ (net)
                      0.159190    0.000071    9.909903 ^ _31866_/A_N (sky130_fd_sc_hd__and2b_1)
     2    0.005301    0.044102    0.209887   10.119790 v _31866_/X (sky130_fd_sc_hd__and2b_1)
                                                         _01493_ (net)
                      0.044102    0.000030   10.119820 v _31868_/A (sky130_fd_sc_hd__nor2_1)
     2    0.008171    0.168265    0.162314   10.282134 ^ _31868_/Y (sky130_fd_sc_hd__nor2_1)
                                                         _01495_ (net)
                      0.168265    0.000068   10.282201 ^ _31869_/B (sky130_fd_sc_hd__xor2_1)
     2    0.009604    0.232584    0.249806   10.532007 ^ _31869_/X (sky130_fd_sc_hd__xor2_1)
                                                         _01496_ (net)
                      0.232584    0.000156   10.532164 ^ _31872_/A (sky130_fd_sc_hd__xnor2_1)
     2    0.007789    0.091199    0.140694   10.672857 v _31872_/Y (sky130_fd_sc_hd__xnor2_1)
                                                         _01500_ (net)
                      0.091199    0.000075   10.672933 v _31873_/B (sky130_fd_sc_hd__xnor2_1)
     2    0.011140    0.279039    0.270389   10.943321 ^ _31873_/Y (sky130_fd_sc_hd__xnor2_1)
                                                         _01501_ (net)
                      0.279039    0.000131   10.943452 ^ _31875_/A (sky130_fd_sc_hd__xnor2_1)
     2    0.004354    0.074706    0.126534   11.069986 v _31875_/Y (sky130_fd_sc_hd__xnor2_1)
                                                         _01503_ (net)
                      0.074706    0.000044   11.070030 v _31876_/C (sky130_fd_sc_hd__or3_1)
     3    0.010667    0.106390    0.368435   11.438466 v _31876_/X (sky130_fd_sc_hd__or3_1)
                                                         _01504_ (net)
                      0.106390    0.000102   11.438568 v _31878_/B (sky130_fd_sc_hd__and3_1)
     3    0.009036    0.063051    0.216936   11.655503 v _31878_/X (sky130_fd_sc_hd__and3_1)
                                                         _01506_ (net)
                      0.063051    0.000074   11.655578 v _31880_/B (sky130_fd_sc_hd__nor3_1)
     3    0.011818    0.378575    0.349015   12.004592 ^ _31880_/Y (sky130_fd_sc_hd__nor3_1)
                                                         _01508_ (net)
                      0.378575    0.000189   12.004782 ^ _31882_/B (sky130_fd_sc_hd__nor3_1)
     3    0.008868    0.109389    0.140649   12.145431 v _31882_/Y (sky130_fd_sc_hd__nor3_1)
                                                         _01511_ (net)
                      0.109389    0.000131   12.145561 v _31884_/B (sky130_fd_sc_hd__or3_2)
     3    0.014916    0.114646    0.526505   12.672067 v _31884_/X (sky130_fd_sc_hd__or3_2)
                                                         _01513_ (net)
                      0.114648    0.000360   12.672426 v _31886_/B1 (sky130_fd_sc_hd__o211a_1)
     3    0.013193    0.082932    0.197969   12.870395 v _31886_/X (sky130_fd_sc_hd__o211a_1)
                                                         _01515_ (net)
                      0.082932    0.000101   12.870496 v _31888_/B1 (sky130_fd_sc_hd__a211oi_2)
     3    0.013227    0.294917    0.316142   13.186638 ^ _31888_/Y (sky130_fd_sc_hd__a211oi_2)
                                                         _01517_ (net)
                      0.294917    0.000292   13.186930 ^ _31890_/B1 (sky130_fd_sc_hd__a211o_1)
     4    0.018312    0.165831    0.241744   13.428675 ^ _31890_/X (sky130_fd_sc_hd__a211o_1)
                                                         _01519_ (net)
                      0.165831    0.000229   13.428904 ^ _31892_/B1 (sky130_fd_sc_hd__o211ai_2)
     3    0.012889    0.117544    0.153057   13.581961 v _31892_/Y (sky130_fd_sc_hd__o211ai_2)
                                                         _01522_ (net)
                      0.117544    0.000207   13.582168 v _33989_/A2 (sky130_fd_sc_hd__a21oi_2)
     3    0.021221    0.273444    0.294130   13.876298 ^ _33989_/Y (sky130_fd_sc_hd__a21oi_2)
                                                         _03827_ (net)
                      0.273445    0.000353   13.876652 ^ _36126_/A2 (sky130_fd_sc_hd__o21bai_2)
     3    0.013296    0.086272    0.128706   14.005358 v _36126_/Y (sky130_fd_sc_hd__o21bai_2)
                                                         _06177_ (net)
                      0.086273    0.000183   14.005540 v _38361_/A2 (sky130_fd_sc_hd__a21o_2)
     3    0.020958    0.074947    0.271850   14.277390 v _38361_/X (sky130_fd_sc_hd__a21o_2)
                                                         _08633_ (net)
                      0.074947    0.000204   14.277595 v _40338_/A2 (sky130_fd_sc_hd__a311oi_4)
     2    0.042389    0.564755    0.537737   14.815331 ^ _40338_/Y (sky130_fd_sc_hd__a311oi_4)
                                                         _10807_ (net)
                      0.564826    0.004981   14.820312 ^ _40674_/A2 (sky130_fd_sc_hd__o31ai_1)
     1    0.003093    0.100183    0.144629   14.964942 v _40674_/Y (sky130_fd_sc_hd__o31ai_1)
                                                         _11177_ (net)
                      0.100183    0.000030   14.964972 v _40830_/A1 (sky130_fd_sc_hd__a21o_1)
     1    0.009887    0.062065    0.205034   15.170006 v _40830_/X (sky130_fd_sc_hd__a21o_1)
                                                         _11348_ (net)
                      0.062068    0.000352   15.170358 v _41078_/A1 (sky130_fd_sc_hd__a211oi_2)
     2    0.027397    0.511867    0.456208   15.626565 ^ _41078_/Y (sky130_fd_sc_hd__a211oi_2)
                                                         _11621_ (net)
                      0.511883    0.002407   15.628972 ^ _41277_/A1 (sky130_fd_sc_hd__o21ba_1)
     2    0.027848    0.276318    0.375918   16.004890 ^ _41277_/X (sky130_fd_sc_hd__o21ba_1)
                                                         _11840_ (net)
                      0.276345    0.002316   16.007206 ^ _41396_/A1 (sky130_fd_sc_hd__o21bai_1)
     1    0.013978    0.137205    0.194058   16.201265 v _41396_/Y (sky130_fd_sc_hd__o21bai_1)
                                                         _11971_ (net)
                      0.137210    0.000743   16.202007 v _41516_/A1 (sky130_fd_sc_hd__a21oi_1)
     1    0.004721    0.138918    0.181478   16.383486 ^ _41516_/Y (sky130_fd_sc_hd__a21oi_1)
                                                         _12103_ (net)
                      0.138918    0.000082   16.383568 ^ _41551_/A1 (sky130_fd_sc_hd__o21a_1)
     1    0.003593    0.047890    0.144937   16.528503 ^ _41551_/X (sky130_fd_sc_hd__o21a_1)
                                                         _12141_ (net)
                      0.047890    0.000028   16.528532 ^ _41553_/A1 (sky130_fd_sc_hd__o21a_1)
     1    0.003115    0.044628    0.116234   16.644766 ^ _41553_/X (sky130_fd_sc_hd__o21a_1)
                                                         _00015_ (net)
                      0.044628    0.000041   16.644808 ^ _41569_/D (sky130_fd_sc_hd__dfxtp_4)
                                             16.644808   data arrival time

                                 25.000000   25.000000   clock clk (rise edge)
                                  0.000000   25.000000   clock source latency
     2    0.127927    0.578214    0.411672   25.411673 ^ clk (in)
                                                         clk (net)
                      0.581142    0.000000   25.411673 ^ clkbuf_0_clk/A (sky130_fd_sc_hd__clkbuf_16)
     4    0.033818    0.065598    0.268100   25.679771 ^ clkbuf_0_clk/X (sky130_fd_sc_hd__clkbuf_16)
                                                         clknet_0_clk (net)
                      0.065601    0.000782   25.680553 ^ clkbuf_1_1__f_clk/A (sky130_fd_sc_hd__clkbuf_16)
    14    0.058464    0.076593    0.162535   25.843088 ^ clkbuf_1_1__f_clk/X (sky130_fd_sc_hd__clkbuf_16)
                                                         clknet_1_1__leaf_clk (net)
                      0.076670    0.001936   25.845024 ^ _41569_/CLK (sky130_fd_sc_hd__dfxtp_4)
                                 -0.250000   25.595026   clock uncertainty
                                  0.000000   25.595026   clock reconvergence pessimism
                                 -0.055400   25.539627   library setup time
                                             25.539627   data required time
---------------------------------------------------------------------------------------------
                                             25.539627   data required time
                                            -16.644808   data arrival time
---------------------------------------------------------------------------------------------
                                              8.894819   slack (MET)




===========================================================================
report_checks --slack_max -0.01
============================================================================
======================= min_tt_025C_1v80 Corner ===================================

No paths found.


===========================================================================
 report_check_types -max_slew -max_cap -max_fanout -violators
============================================================================
======================= min_tt_025C_1v80 Corner ===================================

max fanout

Pin                                   Limit Fanout  Slack
---------------------------------------------------------
fanout796/X                              10     26    -16 (VIOLATED)
wire1019/X                               10     26    -16 (VIOLATED)
_21719_/X                                10     21    -11 (VIOLATED)
_20789_/Y                                10     20    -10 (VIOLATED)
_20799_/Y                                10     20    -10 (VIOLATED)
_20842_/Y                                10     20    -10 (VIOLATED)
_20906_/Y                                10     20    -10 (VIOLATED)
_21566_/Y                                10     20    -10 (VIOLATED)
_21599_/Y                                10     20    -10 (VIOLATED)
_21949_/Y                                10     20    -10 (VIOLATED)
_22288_/Y                                10     20    -10 (VIOLATED)
_23505_/X                                10     20    -10 (VIOLATED)
_24617_/Y                                10     20    -10 (VIOLATED)
_25008_/Y                                10     20    -10 (VIOLATED)
_25951_/Y                                10     20    -10 (VIOLATED)
_28059_/Y                                10     20    -10 (VIOLATED)
_30818_/Y                                10     20    -10 (VIOLATED)
fanout1007/X                             10     20    -10 (VIOLATED)
fanout1012/X                             10     20    -10 (VIOLATED)
fanout1014/X                             10     20    -10 (VIOLATED)
fanout1016/X                             10     20    -10 (VIOLATED)
fanout1025/X                             10     20    -10 (VIOLATED)
fanout1027/X                             10     20    -10 (VIOLATED)
fanout1029/X                             10     20    -10 (VIOLATED)
fanout1032/X                             10     20    -10 (VIOLATED)
fanout1038/X                             10     20    -10 (VIOLATED)
fanout1040/X                             10     20    -10 (VIOLATED)
fanout1043/X                             10     20    -10 (VIOLATED)
fanout279/X                              10     20    -10 (VIOLATED)
fanout300/X                              10     20    -10 (VIOLATED)
fanout306/X                              10     20    -10 (VIOLATED)
fanout307/X                              10     20    -10 (VIOLATED)
fanout309/X                              10     20    -10 (VIOLATED)
fanout311/X                              10     20    -10 (VIOLATED)
fanout318/X                              10     20    -10 (VIOLATED)
fanout319/X                              10     20    -10 (VIOLATED)
fanout321/X                              10     20    -10 (VIOLATED)
fanout322/X                              10     20    -10 (VIOLATED)
fanout324/X                              10     20    -10 (VIOLATED)
fanout326/X                              10     20    -10 (VIOLATED)
fanout328/X                              10     20    -10 (VIOLATED)
fanout329/X                              10     20    -10 (VIOLATED)
fanout331/X                              10     20    -10 (VIOLATED)
fanout333/X                              10     20    -10 (VIOLATED)
fanout335/X                              10     20    -10 (VIOLATED)
fanout337/X                              10     20    -10 (VIOLATED)
fanout339/X                              10     20    -10 (VIOLATED)
fanout340/X                              10     20    -10 (VIOLATED)
fanout343/X                              10     20    -10 (VIOLATED)
fanout345/X                              10     20    -10 (VIOLATED)
fanout349/X                              10     20    -10 (VIOLATED)
fanout358/X                              10     20    -10 (VIOLATED)
fanout359/X                              10     20    -10 (VIOLATED)
fanout361/X                              10     20    -10 (VIOLATED)
fanout363/X                              10     20    -10 (VIOLATED)
fanout364/X                              10     20    -10 (VIOLATED)
fanout366/X                              10     20    -10 (VIOLATED)
fanout367/X                              10     20    -10 (VIOLATED)
fanout368/X                              10     20    -10 (VIOLATED)
fanout369/X                              10     20    -10 (VIOLATED)
fanout370/X                              10     20    -10 (VIOLATED)
fanout375/X                              10     20    -10 (VIOLATED)
fanout376/X                              10     20    -10 (VIOLATED)
fanout377/X                              10     20    -10 (VIOLATED)
fanout379/X                              10     20    -10 (VIOLATED)
fanout380/X                              10     20    -10 (VIOLATED)
fanout381/X                              10     20    -10 (VIOLATED)
fanout382/X                              10     20    -10 (VIOLATED)
fanout384/X                              10     20    -10 (VIOLATED)
fanout386/X                              10     20    -10 (VIOLATED)
fanout388/X                              10     20    -10 (VIOLATED)
fanout389/X                              10     20    -10 (VIOLATED)
fanout390/X                              10     20    -10 (VIOLATED)
fanout391/X                              10     20    -10 (VIOLATED)
fanout393/X                              10     20    -10 (VIOLATED)
fanout395/X                              10     20    -10 (VIOLATED)
fanout397/X                              10     20    -10 (VIOLATED)
fanout399/X                              10     20    -10 (VIOLATED)
fanout401/X                              10     20    -10 (VIOLATED)
fanout403/X                              10     20    -10 (VIOLATED)
fanout405/X                              10     20    -10 (VIOLATED)
fanout407/X                              10     20    -10 (VIOLATED)
fanout411/X                              10     20    -10 (VIOLATED)
fanout412/X                              10     20    -10 (VIOLATED)
fanout416/X                              10     20    -10 (VIOLATED)
fanout420/X                              10     20    -10 (VIOLATED)
fanout421/X                              10     20    -10 (VIOLATED)
fanout423/X                              10     20    -10 (VIOLATED)
fanout424/X                              10     20    -10 (VIOLATED)
fanout425/X                              10     20    -10 (VIOLATED)
fanout428/X                              10     20    -10 (VIOLATED)
fanout431/X                              10     20    -10 (VIOLATED)
fanout433/X                              10     20    -10 (VIOLATED)
fanout436/X                              10     20    -10 (VIOLATED)
fanout437/X                              10     20    -10 (VIOLATED)
fanout438/X                              10     20    -10 (VIOLATED)
fanout440/X                              10     20    -10 (VIOLATED)
fanout441/X                              10     20    -10 (VIOLATED)
fanout443/X                              10     20    -10 (VIOLATED)
fanout444/X                              10     20    -10 (VIOLATED)
fanout445/X                              10     20    -10 (VIOLATED)
fanout446/X                              10     20    -10 (VIOLATED)
fanout447/X                              10     20    -10 (VIOLATED)
fanout450/X                              10     20    -10 (VIOLATED)
fanout451/X                              10     20    -10 (VIOLATED)
fanout452/X                              10     20    -10 (VIOLATED)
fanout453/X                              10     20    -10 (VIOLATED)
fanout454/X                              10     20    -10 (VIOLATED)
fanout460/X                              10     20    -10 (VIOLATED)
fanout462/X                              10     20    -10 (VIOLATED)
fanout465/X                              10     20    -10 (VIOLATED)
fanout467/X                              10     20    -10 (VIOLATED)
fanout468/X                              10     20    -10 (VIOLATED)
fanout470/X                              10     20    -10 (VIOLATED)
fanout472/X                              10     20    -10 (VIOLATED)
fanout473/X                              10     20    -10 (VIOLATED)
fanout477/X                              10     20    -10 (VIOLATED)
fanout479/X                              10     20    -10 (VIOLATED)
fanout481/X                              10     20    -10 (VIOLATED)
fanout483/X                              10     20    -10 (VIOLATED)
fanout485/X                              10     20    -10 (VIOLATED)
fanout487/X                              10     20    -10 (VIOLATED)
fanout489/X                              10     20    -10 (VIOLATED)
fanout492/X                              10     20    -10 (VIOLATED)
fanout494/X                              10     20    -10 (VIOLATED)
fanout501/X                              10     20    -10 (VIOLATED)
fanout505/X                              10     20    -10 (VIOLATED)
fanout506/X                              10     20    -10 (VIOLATED)
fanout509/X                              10     20    -10 (VIOLATED)
fanout512/X                              10     20    -10 (VIOLATED)
fanout513/X                              10     20    -10 (VIOLATED)
fanout516/X                              10     20    -10 (VIOLATED)
fanout524/X                              10     20    -10 (VIOLATED)
fanout534/X                              10     20    -10 (VIOLATED)
fanout543/X                              10     20    -10 (VIOLATED)
fanout544/X                              10     20    -10 (VIOLATED)
fanout550/X                              10     20    -10 (VIOLATED)
fanout554/X                              10     20    -10 (VIOLATED)
fanout555/X                              10     20    -10 (VIOLATED)
fanout558/X                              10     20    -10 (VIOLATED)
fanout559/X                              10     20    -10 (VIOLATED)
fanout561/X                              10     20    -10 (VIOLATED)
fanout562/X                              10     20    -10 (VIOLATED)
fanout569/X                              10     20    -10 (VIOLATED)
fanout571/X                              10     20    -10 (VIOLATED)
fanout574/X                              10     20    -10 (VIOLATED)
fanout575/X                              10     20    -10 (VIOLATED)
fanout576/X                              10     20    -10 (VIOLATED)
fanout577/X                              10     20    -10 (VIOLATED)
fanout578/X                              10     20    -10 (VIOLATED)
fanout581/X                              10     20    -10 (VIOLATED)
fanout582/X                              10     20    -10 (VIOLATED)
fanout583/X                              10     20    -10 (VIOLATED)
fanout585/X                              10     20    -10 (VIOLATED)
fanout590/X                              10     20    -10 (VIOLATED)
fanout591/X                              10     20    -10 (VIOLATED)
fanout593/X                              10     20    -10 (VIOLATED)
fanout595/X                              10     20    -10 (VIOLATED)
fanout597/X                              10     20    -10 (VIOLATED)
fanout600/X                              10     20    -10 (VIOLATED)
fanout602/X                              10     20    -10 (VIOLATED)
fanout604/X                              10     20    -10 (VIOLATED)
fanout608/X                              10     20    -10 (VIOLATED)
fanout610/X                              10     20    -10 (VIOLATED)
fanout612/X                              10     20    -10 (VIOLATED)
fanout614/X                              10     20    -10 (VIOLATED)
fanout616/X                              10     20    -10 (VIOLATED)
fanout618/X                              10     20    -10 (VIOLATED)
fanout620/X                              10     20    -10 (VIOLATED)
fanout623/X                              10     20    -10 (VIOLATED)
fanout628/X                              10     20    -10 (VIOLATED)
fanout632/X                              10     20    -10 (VIOLATED)
fanout633/X                              10     20    -10 (VIOLATED)
fanout635/X                              10     20    -10 (VIOLATED)
fanout638/X                              10     20    -10 (VIOLATED)
fanout641/X                              10     20    -10 (VIOLATED)
fanout643/X                              10     20    -10 (VIOLATED)
fanout644/X                              10     20    -10 (VIOLATED)
fanout645/X                              10     20    -10 (VIOLATED)
fanout647/X                              10     20    -10 (VIOLATED)
fanout649/X                              10     20    -10 (VIOLATED)
fanout650/X                              10     20    -10 (VIOLATED)
fanout651/X                              10     20    -10 (VIOLATED)
fanout652/X                              10     20    -10 (VIOLATED)
fanout653/X                              10     20    -10 (VIOLATED)
fanout656/X                              10     20    -10 (VIOLATED)
fanout659/X                              10     20    -10 (VIOLATED)
fanout660/X                              10     20    -10 (VIOLATED)
fanout663/X                              10     20    -10 (VIOLATED)
fanout666/X                              10     20    -10 (VIOLATED)
fanout669/X                              10     20    -10 (VIOLATED)
fanout671/X                              10     20    -10 (VIOLATED)
fanout675/X                              10     20    -10 (VIOLATED)
fanout683/X                              10     20    -10 (VIOLATED)
fanout686/X                              10     20    -10 (VIOLATED)
fanout687/X                              10     20    -10 (VIOLATED)
fanout691/X                              10     20    -10 (VIOLATED)
fanout697/X                              10     20    -10 (VIOLATED)
fanout699/X                              10     20    -10 (VIOLATED)
fanout700/X                              10     20    -10 (VIOLATED)
fanout701/X                              10     20    -10 (VIOLATED)
fanout702/X                              10     20    -10 (VIOLATED)
fanout703/X                              10     20    -10 (VIOLATED)
fanout705/X                              10     20    -10 (VIOLATED)
fanout706/X                              10     20    -10 (VIOLATED)
fanout707/X                              10     20    -10 (VIOLATED)
fanout709/X                              10     20    -10 (VIOLATED)
fanout716/X                              10     20    -10 (VIOLATED)
fanout717/X                              10     20    -10 (VIOLATED)
fanout718/X                              10     20    -10 (VIOLATED)
fanout721/X                              10     20    -10 (VIOLATED)
fanout725/X                              10     20    -10 (VIOLATED)
fanout726/X                              10     20    -10 (VIOLATED)
fanout727/X                              10     20    -10 (VIOLATED)
fanout728/X                              10     20    -10 (VIOLATED)
fanout731/X                              10     20    -10 (VIOLATED)
fanout734/X                              10     20    -10 (VIOLATED)
fanout736/X                              10     20    -10 (VIOLATED)
fanout738/X                              10     20    -10 (VIOLATED)
fanout739/X                              10     20    -10 (VIOLATED)
fanout741/X                              10     20    -10 (VIOLATED)
fanout743/X                              10     20    -10 (VIOLATED)
fanout746/X                              10     20    -10 (VIOLATED)
fanout749/X                              10     20    -10 (VIOLATED)
fanout750/X                              10     20    -10 (VIOLATED)
fanout752/X                              10     20    -10 (VIOLATED)
fanout754/X                              10     20    -10 (VIOLATED)
fanout759/X                              10     20    -10 (VIOLATED)
fanout761/X                              10     20    -10 (VIOLATED)
fanout762/X                              10     20    -10 (VIOLATED)
fanout763/X                              10     20    -10 (VIOLATED)
fanout765/X                              10     20    -10 (VIOLATED)
fanout767/X                              10     20    -10 (VIOLATED)
fanout771/X                              10     20    -10 (VIOLATED)
fanout773/X                              10     20    -10 (VIOLATED)
fanout777/X                              10     20    -10 (VIOLATED)
fanout778/X                              10     20    -10 (VIOLATED)
fanout779/X                              10     20    -10 (VIOLATED)
fanout781/X                              10     20    -10 (VIOLATED)
fanout783/X                              10     20    -10 (VIOLATED)
fanout784/X                              10     20    -10 (VIOLATED)
fanout787/X                              10     20    -10 (VIOLATED)
fanout790/X                              10     20    -10 (VIOLATED)
fanout792/X                              10     20    -10 (VIOLATED)
fanout793/X                              10     20    -10 (VIOLATED)
fanout794/X                              10     20    -10 (VIOLATED)
fanout795/X                              10     20    -10 (VIOLATED)
fanout797/X                              10     20    -10 (VIOLATED)
fanout799/X                              10     20    -10 (VIOLATED)
fanout801/X                              10     20    -10 (VIOLATED)
fanout802/X                              10     20    -10 (VIOLATED)
fanout805/X                              10     20    -10 (VIOLATED)
fanout810/X                              10     20    -10 (VIOLATED)
fanout812/X                              10     20    -10 (VIOLATED)
fanout816/X                              10     20    -10 (VIOLATED)
fanout818/X                              10     20    -10 (VIOLATED)
fanout820/X                              10     20    -10 (VIOLATED)
fanout821/X                              10     20    -10 (VIOLATED)
fanout822/X                              10     20    -10 (VIOLATED)
fanout823/X                              10     20    -10 (VIOLATED)
fanout825/X                              10     20    -10 (VIOLATED)
fanout826/X                              10     20    -10 (VIOLATED)
fanout827/X                              10     20    -10 (VIOLATED)
fanout828/X                              10     20    -10 (VIOLATED)
fanout830/X                              10     20    -10 (VIOLATED)
fanout831/X                              10     20    -10 (VIOLATED)
fanout832/X                              10     20    -10 (VIOLATED)
fanout834/X                              10     20    -10 (VIOLATED)
fanout835/X                              10     20    -10 (VIOLATED)
fanout836/X                              10     20    -10 (VIOLATED)
fanout837/X                              10     20    -10 (VIOLATED)
fanout840/X                              10     20    -10 (VIOLATED)
fanout841/X                              10     20    -10 (VIOLATED)
fanout844/X                              10     20    -10 (VIOLATED)
fanout846/X                              10     20    -10 (VIOLATED)
fanout848/X                              10     20    -10 (VIOLATED)
fanout852/X                              10     20    -10 (VIOLATED)
fanout854/X                              10     20    -10 (VIOLATED)
fanout855/X                              10     20    -10 (VIOLATED)
fanout856/X                              10     20    -10 (VIOLATED)
fanout858/X                              10     20    -10 (VIOLATED)
fanout860/X                              10     20    -10 (VIOLATED)
fanout862/X                              10     20    -10 (VIOLATED)
fanout866/X                              10     20    -10 (VIOLATED)
fanout869/X                              10     20    -10 (VIOLATED)
fanout873/X                              10     20    -10 (VIOLATED)
fanout876/X                              10     20    -10 (VIOLATED)
fanout877/X                              10     20    -10 (VIOLATED)
fanout879/X                              10     20    -10 (VIOLATED)
fanout881/X                              10     20    -10 (VIOLATED)
fanout883/X                              10     20    -10 (VIOLATED)
fanout884/X                              10     20    -10 (VIOLATED)
fanout886/X                              10     20    -10 (VIOLATED)
fanout888/X                              10     20    -10 (VIOLATED)
fanout890/X                              10     20    -10 (VIOLATED)
fanout892/X                              10     20    -10 (VIOLATED)
fanout893/X                              10     20    -10 (VIOLATED)
fanout895/X                              10     20    -10 (VIOLATED)
fanout896/X                              10     20    -10 (VIOLATED)
fanout899/X                              10     20    -10 (VIOLATED)
fanout901/X                              10     20    -10 (VIOLATED)
fanout902/X                              10     20    -10 (VIOLATED)
fanout904/X                              10     20    -10 (VIOLATED)
fanout908/X                              10     20    -10 (VIOLATED)
fanout909/X                              10     20    -10 (VIOLATED)
fanout910/X                              10     20    -10 (VIOLATED)
fanout912/X                              10     20    -10 (VIOLATED)
fanout913/X                              10     20    -10 (VIOLATED)
fanout917/X                              10     20    -10 (VIOLATED)
fanout918/X                              10     20    -10 (VIOLATED)
fanout919/X                              10     20    -10 (VIOLATED)
fanout922/X                              10     20    -10 (VIOLATED)
fanout923/X                              10     20    -10 (VIOLATED)
fanout924/X                              10     20    -10 (VIOLATED)
fanout928/X                              10     20    -10 (VIOLATED)
fanout930/X                              10     20    -10 (VIOLATED)
fanout931/X                              10     20    -10 (VIOLATED)
fanout934/X                              10     20    -10 (VIOLATED)
fanout935/X                              10     20    -10 (VIOLATED)
fanout936/X                              10     20    -10 (VIOLATED)
fanout937/X                              10     20    -10 (VIOLATED)
fanout941/X                              10     20    -10 (VIOLATED)
fanout942/X                              10     20    -10 (VIOLATED)
fanout945/X                              10     20    -10 (VIOLATED)
fanout947/X                              10     20    -10 (VIOLATED)
fanout949/X                              10     20    -10 (VIOLATED)
fanout952/X                              10     20    -10 (VIOLATED)
fanout956/X                              10     20    -10 (VIOLATED)
fanout966/X                              10     20    -10 (VIOLATED)
fanout968/X                              10     20    -10 (VIOLATED)
fanout973/X                              10     20    -10 (VIOLATED)
fanout978/X                              10     20    -10 (VIOLATED)
fanout979/X                              10     20    -10 (VIOLATED)
fanout982/X                              10     20    -10 (VIOLATED)
fanout985/X                              10     20    -10 (VIOLATED)
fanout986/X                              10     20    -10 (VIOLATED)
fanout991/X                              10     20    -10 (VIOLATED)
fanout992/X                              10     20    -10 (VIOLATED)
fanout993/X                              10     20    -10 (VIOLATED)
fanout995/X                              10     20    -10 (VIOLATED)
fanout997/X                              10     20    -10 (VIOLATED)
input100/X                               10     20    -10 (VIOLATED)
input11/X                                10     20    -10 (VIOLATED)
input121/X                               10     20    -10 (VIOLATED)
input45/X                                10     20    -10 (VIOLATED)
input95/X                                10     20    -10 (VIOLATED)
wire1037/X                               10     20    -10 (VIOLATED)
wire352/X                                10     20    -10 (VIOLATED)
_20779_/Y                                10     18     -8 (VIOLATED)
_20783_/Y                                10     18     -8 (VIOLATED)
_20800_/Y                                10     18     -8 (VIOLATED)
_20816_/Y                                10     18     -8 (VIOLATED)
_20831_/Y                                10     18     -8 (VIOLATED)
_20849_/Y                                10     18     -8 (VIOLATED)
_20956_/Y                                10     18     -8 (VIOLATED)
_21228_/X                                10     18     -8 (VIOLATED)
_21330_/X                                10     18     -8 (VIOLATED)
_21331_/Y                                10     18     -8 (VIOLATED)
_21798_/Y                                10     18     -8 (VIOLATED)
_22386_/Y                                10     18     -8 (VIOLATED)
_22404_/X                                10     18     -8 (VIOLATED)
_22546_/X                                10     18     -8 (VIOLATED)
_22597_/Y                                10     18     -8 (VIOLATED)
_22990_/X                                10     18     -8 (VIOLATED)
_23933_/Y                                10     18     -8 (VIOLATED)
_23934_/X                                10     18     -8 (VIOLATED)
_24100_/Y                                10     18     -8 (VIOLATED)
_25351_/X                                10     18     -8 (VIOLATED)
_25414_/X                                10     18     -8 (VIOLATED)
_26675_/X                                10     18     -8 (VIOLATED)
_27454_/Y                                10     18     -8 (VIOLATED)
_27952_/Y                                10     18     -8 (VIOLATED)
_29411_/X                                10     18     -8 (VIOLATED)
_29817_/X                                10     18     -8 (VIOLATED)
_31511_/Y                                10     18     -8 (VIOLATED)
clkbuf_1_0__f_clk/X                      10     18     -8 (VIOLATED)
fanout1031/X                             10     18     -8 (VIOLATED)
fanout392/X                              10     18     -8 (VIOLATED)
fanout456/X                              10     18     -8 (VIOLATED)
fanout490/X                              10     18     -8 (VIOLATED)
fanout491/X                              10     18     -8 (VIOLATED)
fanout517/X                              10     18     -8 (VIOLATED)
fanout541/X                              10     18     -8 (VIOLATED)
fanout549/X                              10     18     -8 (VIOLATED)
fanout553/X                              10     18     -8 (VIOLATED)
fanout565/X                              10     18     -8 (VIOLATED)
fanout568/X                              10     18     -8 (VIOLATED)
fanout570/X                              10     18     -8 (VIOLATED)
fanout573/X                              10     18     -8 (VIOLATED)
fanout580/X                              10     18     -8 (VIOLATED)
fanout594/X                              10     18     -8 (VIOLATED)
fanout601/X                              10     18     -8 (VIOLATED)
fanout617/X                              10     18     -8 (VIOLATED)
fanout619/X                              10     18     -8 (VIOLATED)
fanout626/X                              10     18     -8 (VIOLATED)
fanout642/X                              10     18     -8 (VIOLATED)
fanout646/X                              10     18     -8 (VIOLATED)
fanout658/X                              10     18     -8 (VIOLATED)
fanout682/X                              10     18     -8 (VIOLATED)
fanout690/X                              10     18     -8 (VIOLATED)
fanout696/X                              10     18     -8 (VIOLATED)
fanout704/X                              10     18     -8 (VIOLATED)
fanout715/X                              10     18     -8 (VIOLATED)
fanout720/X                              10     18     -8 (VIOLATED)
fanout747/X                              10     18     -8 (VIOLATED)
fanout756/X                              10     18     -8 (VIOLATED)
fanout764/X                              10     18     -8 (VIOLATED)
fanout782/X                              10     18     -8 (VIOLATED)
fanout804/X                              10     18     -8 (VIOLATED)
fanout833/X                              10     18     -8 (VIOLATED)
fanout842/X                              10     18     -8 (VIOLATED)
fanout843/X                              10     18     -8 (VIOLATED)
fanout847/X                              10     18     -8 (VIOLATED)
fanout875/X                              10     18     -8 (VIOLATED)
fanout900/X                              10     18     -8 (VIOLATED)
fanout903/X                              10     18     -8 (VIOLATED)
fanout938/X                              10     18     -8 (VIOLATED)
fanout957/X                              10     18     -8 (VIOLATED)
fanout967/X                              10     18     -8 (VIOLATED)
input114/X                               10     18     -8 (VIOLATED)
input119/X                               10     18     -8 (VIOLATED)
max_cap415/X                             10     18     -8 (VIOLATED)
wire1018/X                               10     18     -8 (VIOLATED)
_20814_/Y                                10     16     -6 (VIOLATED)
_20828_/Y                                10     16     -6 (VIOLATED)
_20853_/Y                                10     16     -6 (VIOLATED)
_20854_/Y                                10     16     -6 (VIOLATED)
_20878_/Y                                10     16     -6 (VIOLATED)
_20955_/X                                10     16     -6 (VIOLATED)
_21016_/Y                                10     16     -6 (VIOLATED)
_21141_/Y                                10     16     -6 (VIOLATED)
_21144_/Y                                10     16     -6 (VIOLATED)
_21208_/X                                10     16     -6 (VIOLATED)
_21542_/Y                                10     16     -6 (VIOLATED)
_21620_/Y                                10     16     -6 (VIOLATED)
_21718_/Y                                10     16     -6 (VIOLATED)
_21821_/Y                                10     16     -6 (VIOLATED)
_21824_/X                                10     16     -6 (VIOLATED)
_22060_/Y                                10     16     -6 (VIOLATED)
_22159_/Y                                10     16     -6 (VIOLATED)
_22353_/Y                                10     16     -6 (VIOLATED)
_22402_/Y                                10     16     -6 (VIOLATED)
_22695_/X                                10     16     -6 (VIOLATED)
_22813_/X                                10     16     -6 (VIOLATED)
_22815_/Y                                10     16     -6 (VIOLATED)
_22960_/X                                10     16     -6 (VIOLATED)
_23071_/Y                                10     16     -6 (VIOLATED)
_23225_/Y                                10     16     -6 (VIOLATED)
_23796_/Y                                10     16     -6 (VIOLATED)
_24314_/Y                                10     16     -6 (VIOLATED)
_24819_/Y                                10     16     -6 (VIOLATED)
_25010_/X                                10     16     -6 (VIOLATED)
_25054_/Y                                10     16     -6 (VIOLATED)
_25470_/X                                10     16     -6 (VIOLATED)
_25806_/X                                10     16     -6 (VIOLATED)
_27455_/Y                                10     16     -6 (VIOLATED)
_28926_/Y                                10     16     -6 (VIOLATED)
_28936_/Y                                10     16     -6 (VIOLATED)
_32753_/X                                10     16     -6 (VIOLATED)
_32788_/Y                                10     16     -6 (VIOLATED)
_32789_/X                                10     16     -6 (VIOLATED)
_38580_/X                                10     16     -6 (VIOLATED)
fanout1021/X                             10     16     -6 (VIOLATED)
fanout1042/X                             10     16     -6 (VIOLATED)
fanout323/X                              10     16     -6 (VIOLATED)
fanout385/X                              10     16     -6 (VIOLATED)
fanout394/X                              10     16     -6 (VIOLATED)
fanout402/X                              10     16     -6 (VIOLATED)
fanout406/X                              10     16     -6 (VIOLATED)
fanout409/X                              10     16     -6 (VIOLATED)
fanout442/X                              10     16     -6 (VIOLATED)
fanout474/X                              10     16     -6 (VIOLATED)
fanout507/X                              10     16     -6 (VIOLATED)
fanout522/X                              10     16     -6 (VIOLATED)
fanout528/X                              10     16     -6 (VIOLATED)
fanout542/X                              10     16     -6 (VIOLATED)
fanout548/X                              10     16     -6 (VIOLATED)
fanout551/X                              10     16     -6 (VIOLATED)
fanout560/X                              10     16     -6 (VIOLATED)
fanout589/X                              10     16     -6 (VIOLATED)
fanout596/X                              10     16     -6 (VIOLATED)
fanout609/X                              10     16     -6 (VIOLATED)
fanout613/X                              10     16     -6 (VIOLATED)
fanout622/X                              10     16     -6 (VIOLATED)
fanout634/X                              10     16     -6 (VIOLATED)
fanout637/X                              10     16     -6 (VIOLATED)
fanout640/X                              10     16     -6 (VIOLATED)
fanout689/X                              10     16     -6 (VIOLATED)
fanout693/X                              10     16     -6 (VIOLATED)
fanout698/X                              10     16     -6 (VIOLATED)
fanout708/X                              10     16     -6 (VIOLATED)
fanout713/X                              10     16     -6 (VIOLATED)
fanout735/X                              10     16     -6 (VIOLATED)
fanout740/X                              10     16     -6 (VIOLATED)
fanout745/X                              10     16     -6 (VIOLATED)
fanout751/X                              10     16     -6 (VIOLATED)
fanout753/X                              10     16     -6 (VIOLATED)
fanout755/X                              10     16     -6 (VIOLATED)
fanout760/X                              10     16     -6 (VIOLATED)
fanout766/X                              10     16     -6 (VIOLATED)
fanout770/X                              10     16     -6 (VIOLATED)
fanout772/X                              10     16     -6 (VIOLATED)
fanout786/X                              10     16     -6 (VIOLATED)
fanout815/X                              10     16     -6 (VIOLATED)
fanout817/X                              10     16     -6 (VIOLATED)
fanout819/X                              10     16     -6 (VIOLATED)
fanout861/X                              10     16     -6 (VIOLATED)
fanout880/X                              10     16     -6 (VIOLATED)
fanout882/X                              10     16     -6 (VIOLATED)
fanout891/X                              10     16     -6 (VIOLATED)
fanout905/X                              10     16     -6 (VIOLATED)
fanout906/X                              10     16     -6 (VIOLATED)
fanout907/X                              10     16     -6 (VIOLATED)
fanout915/X                              10     16     -6 (VIOLATED)
fanout916/X                              10     16     -6 (VIOLATED)
fanout929/X                              10     16     -6 (VIOLATED)
fanout961/X                              10     16     -6 (VIOLATED)
fanout975/X                              10     16     -6 (VIOLATED)
input101/X                               10     16     -6 (VIOLATED)
input105/X                               10     16     -6 (VIOLATED)
input106/X                               10     16     -6 (VIOLATED)
input107/X                               10     16     -6 (VIOLATED)
input110/X                               10     16     -6 (VIOLATED)
input111/X                               10     16     -6 (VIOLATED)
input112/X                               10     16     -6 (VIOLATED)
input113/X                               10     16     -6 (VIOLATED)
input122/X                               10     16     -6 (VIOLATED)
input123/X                               10     16     -6 (VIOLATED)
input124/X                               10     16     -6 (VIOLATED)
input125/X                               10     16     -6 (VIOLATED)
input126/X                               10     16     -6 (VIOLATED)
input127/X                               10     16     -6 (VIOLATED)
input128/X                               10     16     -6 (VIOLATED)
input129/X                               10     16     -6 (VIOLATED)
input96/X                                10     16     -6 (VIOLATED)
max_cap313/X                             10     16     -6 (VIOLATED)
wire1035/X                               10     16     -6 (VIOLATED)
wire1036/X                               10     16     -6 (VIOLATED)
wire898/X                                10     16     -6 (VIOLATED)
wire965/X                                10     16     -6 (VIOLATED)
wire971/X                                10     16     -6 (VIOLATED)
wire984/X                                10     16     -6 (VIOLATED)
_20784_/Y                                10     14     -4 (VIOLATED)
_20792_/Y                                10     14     -4 (VIOLATED)
_20798_/Y                                10     14     -4 (VIOLATED)
_20803_/Y                                10     14     -4 (VIOLATED)
_20807_/Y                                10     14     -4 (VIOLATED)
_20815_/Y                                10     14     -4 (VIOLATED)
_20830_/Y                                10     14     -4 (VIOLATED)
_20844_/Y                                10     14     -4 (VIOLATED)
_20856_/Y                                10     14     -4 (VIOLATED)
_20907_/Y                                10     14     -4 (VIOLATED)
_20929_/Y                                10     14     -4 (VIOLATED)
_21205_/Y                                10     14     -4 (VIOLATED)
_21322_/Y                                10     14     -4 (VIOLATED)
_21327_/X                                10     14     -4 (VIOLATED)
_21864_/Y                                10     14     -4 (VIOLATED)
_22206_/X                                10     14     -4 (VIOLATED)
_22419_/Y                                10     14     -4 (VIOLATED)
_22518_/Y                                10     14     -4 (VIOLATED)
_22772_/X                                10     14     -4 (VIOLATED)
_22941_/X                                10     14     -4 (VIOLATED)
_23257_/Y                                10     14     -4 (VIOLATED)
_23424_/X                                10     14     -4 (VIOLATED)
_23524_/Y                                10     14     -4 (VIOLATED)
_23747_/Y                                10     14     -4 (VIOLATED)
_24291_/Y                                10     14     -4 (VIOLATED)
_24316_/X                                10     14     -4 (VIOLATED)
_24771_/X                                10     14     -4 (VIOLATED)
_25472_/X                                10     14     -4 (VIOLATED)
_25643_/Y                                10     14     -4 (VIOLATED)
_25784_/X                                10     14     -4 (VIOLATED)
_26390_/Y                                10     14     -4 (VIOLATED)
_26957_/X                                10     14     -4 (VIOLATED)
_27177_/Y                                10     14     -4 (VIOLATED)
_27573_/Y                                10     14     -4 (VIOLATED)
_28738_/X                                10     14     -4 (VIOLATED)
_29415_/Y                                10     14     -4 (VIOLATED)
_29693_/Y                                10     14     -4 (VIOLATED)
_29695_/X                                10     14     -4 (VIOLATED)
_30328_/X                                10     14     -4 (VIOLATED)
_31689_/Y                                10     14     -4 (VIOLATED)
_32747_/Y                                10     14     -4 (VIOLATED)
_33580_/Y                                10     14     -4 (VIOLATED)
_34178_/X                                10     14     -4 (VIOLATED)
_34908_/X                                10     14     -4 (VIOLATED)
_35683_/Y                                10     14     -4 (VIOLATED)
_41569_/Q                                10     14     -4 (VIOLATED)
clkbuf_1_1__f_clk/X                      10     14     -4 (VIOLATED)
fanout1022/X                             10     14     -4 (VIOLATED)
fanout1024/X                             10     14     -4 (VIOLATED)
fanout1041/X                             10     14     -4 (VIOLATED)
fanout327/X                              10     14     -4 (VIOLATED)
fanout344/X                              10     14     -4 (VIOLATED)
fanout378/X                              10     14     -4 (VIOLATED)
fanout398/X                              10     14     -4 (VIOLATED)
fanout484/X                              10     14     -4 (VIOLATED)
fanout504/X                              10     14     -4 (VIOLATED)
fanout525/X                              10     14     -4 (VIOLATED)
fanout537/X                              10     14     -4 (VIOLATED)
fanout588/X                              10     14     -4 (VIOLATED)
fanout611/X                              10     14     -4 (VIOLATED)
fanout621/X                              10     14     -4 (VIOLATED)
fanout629/X                              10     14     -4 (VIOLATED)
fanout631/X                              10     14     -4 (VIOLATED)
fanout661/X                              10     14     -4 (VIOLATED)
fanout664/X                              10     14     -4 (VIOLATED)
fanout668/X                              10     14     -4 (VIOLATED)
fanout676/X                              10     14     -4 (VIOLATED)
fanout677/X                              10     14     -4 (VIOLATED)
fanout679/X                              10     14     -4 (VIOLATED)
fanout680/X                              10     14     -4 (VIOLATED)
fanout710/X                              10     14     -4 (VIOLATED)
fanout711/X                              10     14     -4 (VIOLATED)
fanout714/X                              10     14     -4 (VIOLATED)
fanout744/X                              10     14     -4 (VIOLATED)
fanout748/X                              10     14     -4 (VIOLATED)
fanout775/X                              10     14     -4 (VIOLATED)
fanout780/X                              10     14     -4 (VIOLATED)
fanout800/X                              10     14     -4 (VIOLATED)
fanout806/X                              10     14     -4 (VIOLATED)
fanout811/X                              10     14     -4 (VIOLATED)
fanout829/X                              10     14     -4 (VIOLATED)
fanout845/X                              10     14     -4 (VIOLATED)
fanout850/X                              10     14     -4 (VIOLATED)
fanout853/X                              10     14     -4 (VIOLATED)
fanout857/X                              10     14     -4 (VIOLATED)
fanout867/X                              10     14     -4 (VIOLATED)
fanout914/X                              10     14     -4 (VIOLATED)
fanout932/X                              10     14     -4 (VIOLATED)
fanout940/X                              10     14     -4 (VIOLATED)
fanout962/X                              10     14     -4 (VIOLATED)
fanout974/X                              10     14     -4 (VIOLATED)
fanout988/X                              10     14     -4 (VIOLATED)
input130/X                               10     14     -4 (VIOLATED)
input65/X                                10     14     -4 (VIOLATED)
input81/X                                10     14     -4 (VIOLATED)
max_cap314/X                             10     14     -4 (VIOLATED)
wire1001/X                               10     14     -4 (VIOLATED)
wire1011/X                               10     14     -4 (VIOLATED)
wire295/X                                10     14     -4 (VIOLATED)
wire493/X                                10     14     -4 (VIOLATED)
wire977/X                                10     14     -4 (VIOLATED)
wire990/X                                10     14     -4 (VIOLATED)
_20785_/Y                                10     12     -2 (VIOLATED)
_20791_/Y                                10     12     -2 (VIOLATED)
_20797_/Y                                10     12     -2 (VIOLATED)
_20804_/Y                                10     12     -2 (VIOLATED)
_20812_/Y                                10     12     -2 (VIOLATED)
_20813_/Y                                10     12     -2 (VIOLATED)
_20818_/Y                                10     12     -2 (VIOLATED)
_20836_/Y                                10     12     -2 (VIOLATED)
_20861_/X                                10     12     -2 (VIOLATED)
_20865_/X                                10     12     -2 (VIOLATED)
_20866_/Y                                10     12     -2 (VIOLATED)
_21244_/X                                10     12     -2 (VIOLATED)
_21245_/Y                                10     12     -2 (VIOLATED)
_21248_/Y                                10     12     -2 (VIOLATED)
_21349_/X                                10     12     -2 (VIOLATED)
_21553_/Y                                10     12     -2 (VIOLATED)
_21578_/X                                10     12     -2 (VIOLATED)
_21683_/Y                                10     12     -2 (VIOLATED)
_21743_/X                                10     12     -2 (VIOLATED)
_21875_/X                                10     12     -2 (VIOLATED)
_22056_/Y                                10     12     -2 (VIOLATED)
_22112_/Y                                10     12     -2 (VIOLATED)
_22251_/Y                                10     12     -2 (VIOLATED)
_22387_/Y                                10     12     -2 (VIOLATED)
_22393_/X                                10     12     -2 (VIOLATED)
_22430_/Y                                10     12     -2 (VIOLATED)
_22502_/Y                                10     12     -2 (VIOLATED)
_22511_/Y                                10     12     -2 (VIOLATED)
_22591_/Y                                10     12     -2 (VIOLATED)
_22592_/Y                                10     12     -2 (VIOLATED)
_22751_/X                                10     12     -2 (VIOLATED)
_22770_/Y                                10     12     -2 (VIOLATED)
_22946_/Y                                10     12     -2 (VIOLATED)
_22953_/Y                                10     12     -2 (VIOLATED)
_22991_/Y                                10     12     -2 (VIOLATED)
_23074_/X                                10     12     -2 (VIOLATED)
_23232_/Y                                10     12     -2 (VIOLATED)
_23378_/Y                                10     12     -2 (VIOLATED)
_23651_/Y                                10     12     -2 (VIOLATED)
_24620_/Y                                10     12     -2 (VIOLATED)
_24820_/Y                                10     12     -2 (VIOLATED)
_25526_/X                                10     12     -2 (VIOLATED)
_25774_/Y                                10     12     -2 (VIOLATED)
_25804_/Y                                10     12     -2 (VIOLATED)
_25807_/Y                                10     12     -2 (VIOLATED)
_25847_/X                                10     12     -2 (VIOLATED)
_25875_/X                                10     12     -2 (VIOLATED)
_25955_/Y                                10     12     -2 (VIOLATED)
_26393_/Y                                10     12     -2 (VIOLATED)
_26674_/Y                                10     12     -2 (VIOLATED)
_26794_/Y                                10     12     -2 (VIOLATED)
_28397_/X                                10     12     -2 (VIOLATED)
_28573_/X                                10     12     -2 (VIOLATED)
_28808_/Y                                10     12     -2 (VIOLATED)
_29004_/Y                                10     12     -2 (VIOLATED)
_29127_/X                                10     12     -2 (VIOLATED)
_29567_/Y                                10     12     -2 (VIOLATED)
_30809_/X                                10     12     -2 (VIOLATED)
_31030_/Y                                10     12     -2 (VIOLATED)
_31200_/X                                10     12     -2 (VIOLATED)
_32457_/Y                                10     12     -2 (VIOLATED)
_34417_/X                                10     12     -2 (VIOLATED)
_38641_/X                                10     12     -2 (VIOLATED)
_38683_/Y                                10     12     -2 (VIOLATED)
fanout1008/X                             10     12     -2 (VIOLATED)
fanout1009/X                             10     12     -2 (VIOLATED)
fanout1026/X                             10     12     -2 (VIOLATED)
fanout1030/X                             10     12     -2 (VIOLATED)
fanout330/X                              10     12     -2 (VIOLATED)
fanout332/X                              10     12     -2 (VIOLATED)
fanout334/X                              10     12     -2 (VIOLATED)
fanout342/X                              10     12     -2 (VIOLATED)
fanout383/X                              10     12     -2 (VIOLATED)
fanout387/X                              10     12     -2 (VIOLATED)
fanout429/X                              10     12     -2 (VIOLATED)
fanout432/X                              10     12     -2 (VIOLATED)
fanout455/X                              10     12     -2 (VIOLATED)
fanout458/X                              10     12     -2 (VIOLATED)
fanout459/X                              10     12     -2 (VIOLATED)
fanout463/X                              10     12     -2 (VIOLATED)
fanout469/X                              10     12     -2 (VIOLATED)
fanout497/X                              10     12     -2 (VIOLATED)
fanout508/X                              10     12     -2 (VIOLATED)
fanout515/X                              10     12     -2 (VIOLATED)
fanout531/X                              10     12     -2 (VIOLATED)
fanout545/X                              10     12     -2 (VIOLATED)
fanout552/X                              10     12     -2 (VIOLATED)
fanout557/X                              10     12     -2 (VIOLATED)
fanout564/X                              10     12     -2 (VIOLATED)
fanout567/X                              10     12     -2 (VIOLATED)
fanout572/X                              10     12     -2 (VIOLATED)
fanout584/X                              10     12     -2 (VIOLATED)
fanout599/X                              10     12     -2 (VIOLATED)
fanout607/X                              10     12     -2 (VIOLATED)
fanout639/X                              10     12     -2 (VIOLATED)
fanout662/X                              10     12     -2 (VIOLATED)
fanout729/X                              10     12     -2 (VIOLATED)
fanout737/X                              10     12     -2 (VIOLATED)
fanout758/X                              10     12     -2 (VIOLATED)
fanout785/X                              10     12     -2 (VIOLATED)
fanout798/X                              10     12     -2 (VIOLATED)
fanout824/X                              10     12     -2 (VIOLATED)
fanout838/X                              10     12     -2 (VIOLATED)
fanout839/X                              10     12     -2 (VIOLATED)
fanout849/X                              10     12     -2 (VIOLATED)
fanout851/X                              10     12     -2 (VIOLATED)
fanout863/X                              10     12     -2 (VIOLATED)
fanout870/X                              10     12     -2 (VIOLATED)
fanout874/X                              10     12     -2 (VIOLATED)
fanout878/X                              10     12     -2 (VIOLATED)
fanout885/X                              10     12     -2 (VIOLATED)
fanout887/X                              10     12     -2 (VIOLATED)
fanout889/X                              10     12     -2 (VIOLATED)
fanout894/X                              10     12     -2 (VIOLATED)
fanout920/X                              10     12     -2 (VIOLATED)
fanout925/X                              10     12     -2 (VIOLATED)
fanout927/X                              10     12     -2 (VIOLATED)
fanout939/X                              10     12     -2 (VIOLATED)
fanout948/X                              10     12     -2 (VIOLATED)
fanout953/X                              10     12     -2 (VIOLATED)
fanout963/X                              10     12     -2 (VIOLATED)
fanout987/X                              10     12     -2 (VIOLATED)
fanout994/X                              10     12     -2 (VIOLATED)
fanout998/X                              10     12     -2 (VIOLATED)
input115/X                               10     12     -2 (VIOLATED)
input132/X                               10     12     -2 (VIOLATED)
input210/X                               10     12     -2 (VIOLATED)
input236/X                               10     12     -2 (VIOLATED)
input48/X                                10     12     -2 (VIOLATED)
max_cap357/X                             10     12     -2 (VIOLATED)
max_cap413/X                             10     12     -2 (VIOLATED)
max_length466/X                          10     12     -2 (VIOLATED)
wire276/X                                10     12     -2 (VIOLATED)
wire285/X                                10     12     -2 (VIOLATED)
wire292/X                                10     12     -2 (VIOLATED)
wire373/X                                10     12     -2 (VIOLATED)
wire374/X                                10     12     -2 (VIOLATED)
wire865/X                                10     12     -2 (VIOLATED)
wire959/X                                10     12     -2 (VIOLATED)
_41567_/Q                                10     11        (VIOLATED)
_41568_/Q                                10     11        (VIOLATED)
wire372/X                                10     11        (VIOLATED)

max capacitance

Pin                                        Limit         Cap       Slack
------------------------------------------------------------------------
fanout880/X                             0.200000    0.226579   -0.026579 (VIOLATED)
wire955/X                               0.200000    0.213315   -0.013315 (VIOLATED)
fanout279/X                             0.200000    0.210515   -0.010515 (VIOLATED)
fanout903/X                             0.200000    0.207471   -0.007471 (VIOLATED)
fanout894/X                             0.200000    0.204545   -0.004545 (VIOLATED)
wire1019/X                              0.200000    0.200607   -0.000607 (VIOLATED)
wire971/X                               0.200000    0.200052   -0.000052 (VIOLATED)



===========================================================================
report_parasitic_annotation -report_unannotated
============================================================================
Found 6 unannotated drivers.
 input_data[15]
 input_data[175]
 input_data[191]
 input_data[223]
 input_data[238]
 input_data[239]
Found 0 partially unannotated drivers.

===========================================================================
max slew violation count 0
max fanout violation count 786
max cap violation count 7
============================================================================

===========================================================================
check_setup -verbose -unconstrained_endpoints -multiple_clock -no_clock -no_input_delay -loops -generated_clocks
===========================================================================
