[INFO GRT-0043] No OR_DEFAULT vias defined.
Net: net146
  Pin: fanout531/A (sky130_fd_sc_hd__buf_2)
    Layer: met4
      Partial area ratio:  626.04
      Required ratio:    0.00 (Gate area) 
      Partial area ratio: 3344.91
      Required ratio: 2952.08 (Side area) (VIOLATED)
      Cumulative area ratio:  630.07
      Required ratio:    0.00 (Cumulative area) 
      Cumulative area ratio: 3366.93
      Required ratio:    0.00 (Cumulative side area) 

    Layer: met3
      Partial area ratio:    0.00
      Required ratio:    0.00 (Gate area) 
      Partial area ratio:    0.00
      Required ratio: 2773.88 (Side area) 
      Cumulative area ratio:    4.04
      Required ratio:    0.00 (Cumulative area) 
      Cumulative area ratio:   22.03
      Required ratio:    0.00 (Cumulative side area) 

    Layer: met2
      Partial area ratio:    1.45
      Required ratio:    0.00 (Gate area) 
      Partial area ratio:    8.50
      Required ratio: 2773.88 (Side area) 
      Cumulative area ratio:    4.04
      Required ratio:    0.00 (Cumulative area) 
      Cumulative area ratio:   22.03
      Required ratio:    0.00 (Cumulative side area) 

    Layer: met1
      Partial area ratio:    2.58
      Required ratio:    0.00 (Gate area) 
      Partial area ratio:   13.53
      Required ratio:  400.00 (Side area) 
      Cumulative area ratio:    2.58
      Required ratio:    0.00 (Cumulative area) 
      Cumulative area ratio:   13.53
      Required ratio:    0.00 (Cumulative side area) 

    Layer: li1
      Partial area ratio:    0.00
      Required ratio:    0.00 (Gate area) 
      Partial area ratio:    0.00
      Required ratio:   75.00 (Side area) 
      Cumulative area ratio:    0.00
      Required ratio:    0.00 (Cumulative area) 
      Cumulative area ratio:    0.00
      Required ratio:    0.00 (Cumulative side area) 

    Via: M3M4_PR
      Partial area ratio:    0.25
      Required ratio:    6.00 (Gate area) 
      Cumulative area ratio:    0.83
      Required ratio:    0.00 (Cumulative area) 

    Via: M2M3_PR
      Partial area ratio:    0.25
      Required ratio:    6.00 (Gate area) 
      Cumulative area ratio:    0.57
      Required ratio:    0.00 (Cumulative area) 

    Via: M1M2_PR
      Partial area ratio:    0.14
      Required ratio:    6.00 (Gate area) 
      Cumulative area ratio:    0.32
      Required ratio:    0.00 (Cumulative area) 

    Via: L1M1_PR
      Partial area ratio:    0.18
      Required ratio:    3.00 (Gate area) 
      Cumulative area ratio:    0.18
      Required ratio:    0.00 (Cumulative area) 


[INFO ANT-0002] Found 1 net violations.
[INFO ANT-0001] Found 1 pin violations.
