
===========================================================================
report_checks -unconstrained
===========================================================================
======================= nom_tt_025C_1v80 Corner ===================================

Startpoint: input_data[35] (input port clocked by clk)
Endpoint: _41569_ (rising edge-triggered flip-flop clocked by clk)
Path Group: clk
Path Type: max

Fanout         Cap        Slew       Delay        Time   Description
---------------------------------------------------------------------------------------------
                                  0.000000    0.000000   clock clk (rise edge)
                                  0.000000    0.000000   clock network delay (propagated)
                                  5.000000    5.000000 ^ input external delay
     1    0.004073    0.025265    0.014797    5.014797 ^ input_data[35] (in)
                                                         input_data[35] (net)
                      0.025265    0.000000    5.014797 ^ input163/A (sky130_fd_sc_hd__buf_2)
     1    0.074689    0.359753    0.319166    5.333963 ^ input163/X (sky130_fd_sc_hd__buf_2)
                                                         net163 (net)
                      0.359964    0.007244    5.341207 ^ fanout895/A (sky130_fd_sc_hd__buf_4)
    12    0.124667    0.343277    0.393052    5.734259 ^ fanout895/X (sky130_fd_sc_hd__buf_4)
                                                         net895 (net)
                      0.344136    0.014332    5.748590 ^ fanout894/A (sky130_fd_sc_hd__buf_4)
     9    0.101137    0.279558    0.356945    6.105536 ^ fanout894/X (sky130_fd_sc_hd__buf_4)
                                                         net894 (net)
                      0.279947    0.008613    6.114149 ^ fanout893/A (sky130_fd_sc_hd__buf_2)
     6    0.050703    0.248409    0.321989    6.436137 ^ fanout893/X (sky130_fd_sc_hd__buf_2)
                                                         net893 (net)
                      0.248519    0.004326    6.440464 ^ fanout892/A (sky130_fd_sc_hd__buf_4)
     7    0.068019    0.191159    0.278791    6.719254 ^ fanout892/X (sky130_fd_sc_hd__buf_4)
                                                         net892 (net)
                      0.191170    0.001232    6.720487 ^ _21891_/B (sky130_fd_sc_hd__xor2_1)
     1    0.003344    0.121088    0.167697    6.888184 ^ _21891_/X (sky130_fd_sc_hd__xor2_1)
                                                         _04072_ (net)
                      0.121088    0.000105    6.888288 ^ fanout404/A (sky130_fd_sc_hd__clkbuf_4)
     7    0.062496    0.191481    0.267888    7.156176 ^ fanout404/X (sky130_fd_sc_hd__clkbuf_4)
                                                         net404 (net)
                      0.191484    0.000682    7.156857 ^ fanout403/A (sky130_fd_sc_hd__clkbuf_4)
    10    0.059541    0.182302    0.286857    7.443714 ^ fanout403/X (sky130_fd_sc_hd__clkbuf_4)
                                                         net403 (net)
                      0.182415    0.003732    7.447446 ^ _26937_/B (sky130_fd_sc_hd__xor2_1)
     2    0.007618    0.195993    0.224858    7.672304 ^ _26937_/X (sky130_fd_sc_hd__xor2_1)
                                                         _16836_ (net)
                      0.195993    0.000148    7.672452 ^ _26939_/B (sky130_fd_sc_hd__xnor2_1)
     2    0.008104    0.218321    0.181476    7.853929 ^ _26939_/Y (sky130_fd_sc_hd__xnor2_1)
                                                         _16838_ (net)
                      0.218321    0.000197    7.854125 ^ _26940_/B (sky130_fd_sc_hd__xnor2_1)
     2    0.009550    0.247179    0.196397    8.050522 ^ _26940_/Y (sky130_fd_sc_hd__xnor2_1)
                                                         _16839_ (net)
                      0.247180    0.000362    8.050884 ^ _26943_/A (sky130_fd_sc_hd__xnor2_1)
     2    0.008100    0.218242    0.189654    8.240539 ^ _26943_/Y (sky130_fd_sc_hd__xnor2_1)
                                                         _16843_ (net)
                      0.218242    0.000164    8.240703 ^ _26944_/B (sky130_fd_sc_hd__nor2_1)
     2    0.006213    0.066174    0.088815    8.329517 v _26944_/Y (sky130_fd_sc_hd__nor2_1)
                                                         _16844_ (net)
                      0.066174    0.000103    8.329620 v _28561_/A2 (sky130_fd_sc_hd__o21a_1)
     3    0.013932    0.084166    0.221618    8.551239 v _28561_/X (sky130_fd_sc_hd__o21a_1)
                                                         _18621_ (net)
                      0.084167    0.000172    8.551412 v _28563_/A (sky130_fd_sc_hd__or2_2)
     2    0.018337    0.094182    0.361497    8.912908 v _28563_/X (sky130_fd_sc_hd__or2_2)
                                                         _18624_ (net)
                      0.094184    0.000298    8.913205 v _28564_/B (sky130_fd_sc_hd__or2_2)
     2    0.018709    0.094982    0.346452    9.259657 v _28564_/X (sky130_fd_sc_hd__or2_2)
                                                         _18625_ (net)
                      0.094983    0.000289    9.259946 v _30319_/A (sky130_fd_sc_hd__or2_1)
     2    0.008334    0.073459    0.271711    9.531656 v _30319_/X (sky130_fd_sc_hd__or2_1)
                                                         _20554_ (net)
                      0.073461    0.000241    9.531898 v _32220_/A2 (sky130_fd_sc_hd__a21bo_1)
     2    0.012245    0.073269    0.237963    9.769860 v _32220_/X (sky130_fd_sc_hd__a21bo_1)
                                                         _01882_ (net)
                      0.073271    0.000258    9.770119 v _34473_/A2 (sky130_fd_sc_hd__a21oi_4)
     3    0.024353    0.210049    0.237204   10.007322 ^ _34473_/Y (sky130_fd_sc_hd__a21oi_4)
                                                         _04360_ (net)
                      0.210051    0.000367   10.007689 ^ _36614_/A (sky130_fd_sc_hd__nand2_1)
     2    0.008536    0.093319    0.122313   10.130002 v _36614_/Y (sky130_fd_sc_hd__nand2_1)
                                                         _06713_ (net)
                      0.093319    0.000172   10.130175 v _38700_/B (sky130_fd_sc_hd__and3_1)
     1    0.008776    0.062078    0.209777   10.339952 v _38700_/X (sky130_fd_sc_hd__and3_1)
                                                         _09006_ (net)
                      0.062080    0.000273   10.340224 v _38701_/B (sky130_fd_sc_hd__nor2_4)
     2    0.090726    0.552911    0.437684   10.777907 ^ _38701_/Y (sky130_fd_sc_hd__nor2_4)
                                                         _09007_ (net)
                      0.553135    0.009246   10.787153 ^ _38702_/B (sky130_fd_sc_hd__xor2_1)
     2    0.007196    0.188428    0.245023   11.032176 ^ _38702_/X (sky130_fd_sc_hd__xor2_1)
                                                         _09009_ (net)
                      0.188429    0.000195   11.032371 ^ _38705_/A (sky130_fd_sc_hd__xor2_1)
     2    0.008291    0.208629    0.233190   11.265561 ^ _38705_/X (sky130_fd_sc_hd__xor2_1)
                                                         _09012_ (net)
                      0.208629    0.000203   11.265764 ^ _38765_/A (sky130_fd_sc_hd__xor2_1)
     2    0.008789    0.217070    0.243062   11.508826 ^ _38765_/X (sky130_fd_sc_hd__xor2_1)
                                                         _09078_ (net)
                      0.217070    0.000247   11.509073 ^ _38768_/A (sky130_fd_sc_hd__xor2_1)
     2    0.007584    0.195381    0.227934   11.737007 ^ _38768_/X (sky130_fd_sc_hd__xor2_1)
                                                         _09081_ (net)
                      0.195381    0.000226   11.737233 ^ _38817_/A (sky130_fd_sc_hd__xor2_1)
     2    0.012313    0.281305    0.288918   12.026151 ^ _38817_/X (sky130_fd_sc_hd__xor2_1)
                                                         _09135_ (net)
                      0.281307    0.000595   12.026746 ^ _38820_/A (sky130_fd_sc_hd__xnor2_1)
     2    0.008032    0.216912    0.195166   12.221911 ^ _38820_/Y (sky130_fd_sc_hd__xnor2_1)
                                                         _09138_ (net)
                      0.216912    0.000212   12.222124 ^ _38832_/A (sky130_fd_sc_hd__xor2_1)
     2    0.014363    0.318734    0.320073   12.542197 ^ _38832_/X (sky130_fd_sc_hd__xor2_1)
                                                         _09152_ (net)
                      0.318736    0.000701   12.542898 ^ _38835_/A (sky130_fd_sc_hd__xor2_1)
     2    0.007279    0.190080    0.236073   12.778971 ^ _38835_/X (sky130_fd_sc_hd__xor2_1)
                                                         _09155_ (net)
                      0.190081    0.000217   12.779188 ^ _38855_/A (sky130_fd_sc_hd__xor2_1)
     2    0.008173    0.205956    0.231815   13.011003 ^ _38855_/X (sky130_fd_sc_hd__xor2_1)
                                                         _09177_ (net)
                      0.205956    0.000210   13.011213 ^ _38858_/A (sky130_fd_sc_hd__nand2_1)
     2    0.005346    0.073752    0.096748   13.107961 v _38858_/Y (sky130_fd_sc_hd__nand2_1)
                                                         _09180_ (net)
                      0.073752    0.000113   13.108073 v _38859_/B (sky130_fd_sc_hd__and2b_1)
     1    0.004807    0.042051    0.173487   13.281560 v _38859_/X (sky130_fd_sc_hd__and2b_1)
                                                         _09181_ (net)
                      0.042051    0.000100   13.281661 v _38866_/A (sky130_fd_sc_hd__xnor2_1)
     2    0.007774    0.211836    0.218011   13.499672 ^ _38866_/Y (sky130_fd_sc_hd__xnor2_1)
                                                         _09189_ (net)
                      0.211837    0.000247   13.499919 ^ _38869_/A (sky130_fd_sc_hd__xor2_1)
     2    0.008297    0.208187    0.236853   13.736773 ^ _38869_/X (sky130_fd_sc_hd__xor2_1)
                                                         _09192_ (net)
                      0.208188    0.000221   13.736993 ^ _38872_/A (sky130_fd_sc_hd__xor2_1)
     2    0.009625    0.232229    0.254349   13.991342 ^ _38872_/X (sky130_fd_sc_hd__xor2_1)
                                                         _09196_ (net)
                      0.232230    0.000353   13.991695 ^ _38875_/A (sky130_fd_sc_hd__xor2_1)
     2    0.013441    0.302022    0.309772   14.301467 ^ _38875_/X (sky130_fd_sc_hd__xor2_1)
                                                         _09199_ (net)
                      0.302025    0.000762   14.302229 ^ _38876_/B1 (sky130_fd_sc_hd__a21o_1)
     3    0.011160    0.104257    0.172179   14.474408 ^ _38876_/X (sky130_fd_sc_hd__a21o_1)
                                                         _09200_ (net)
                      0.104258    0.000274   14.474682 ^ _40672_/A2 (sky130_fd_sc_hd__a31o_1)
     1    0.002850    0.048232    0.146842   14.621524 ^ _40672_/X (sky130_fd_sc_hd__a31o_1)
                                                         _11175_ (net)
                      0.048233    0.000081   14.621605 ^ _40673_/A2 (sky130_fd_sc_hd__o21a_1)
     1    0.033039    0.313165    0.296329   14.917934 ^ _40673_/X (sky130_fd_sc_hd__o21a_1)
                                                         _11176_ (net)
                      0.313175    0.001501   14.919435 ^ _40674_/B1 (sky130_fd_sc_hd__o31ai_1)
     1    0.002539    0.100115    0.121588   15.041023 v _40674_/Y (sky130_fd_sc_hd__o31ai_1)
                                                         _11177_ (net)
                      0.100115    0.000048   15.041071 v _40830_/A1 (sky130_fd_sc_hd__a21o_1)
     1    0.028448    0.135115    0.268791   15.309862 v _40830_/X (sky130_fd_sc_hd__a21o_1)
                                                         _11348_ (net)
                      0.135223    0.003165   15.313027 v _41078_/A1 (sky130_fd_sc_hd__a211oi_2)
     1    0.033988    0.614477    0.558169   15.871197 ^ _41078_/Y (sky130_fd_sc_hd__a211oi_2)
                                                         _11621_ (net)
                      0.614481    0.001259   15.872456 ^ _41277_/A1 (sky130_fd_sc_hd__o21ba_1)
     1    0.032616    0.320999    0.421476   16.293932 ^ _41277_/X (sky130_fd_sc_hd__o21ba_1)
                                                         _11840_ (net)
                      0.321005    0.001226   16.295158 ^ _41396_/A1 (sky130_fd_sc_hd__o21bai_1)
     1    0.006788    0.106885    0.153639   16.448797 v _41396_/Y (sky130_fd_sc_hd__o21bai_1)
                                                         _11971_ (net)
                      0.106886    0.000204   16.449001 v _41516_/A1 (sky130_fd_sc_hd__a21oi_1)
     1    0.009722    0.232846    0.239597   16.688597 ^ _41516_/Y (sky130_fd_sc_hd__a21oi_1)
                                                         _12103_ (net)
                      0.232848    0.000481   16.689079 ^ _41551_/A1 (sky130_fd_sc_hd__o21a_1)
     1    0.003076    0.044858    0.161670   16.850748 ^ _41551_/X (sky130_fd_sc_hd__o21a_1)
                                                         _12141_ (net)
                      0.044859    0.000089   16.850838 ^ _41553_/A1 (sky130_fd_sc_hd__o21a_1)
     1    0.003419    0.046583    0.117549   16.968386 ^ _41553_/X (sky130_fd_sc_hd__o21a_1)
                                                         _00015_ (net)
                      0.046583    0.000110   16.968496 ^ _41569_/D (sky130_fd_sc_hd__dfxtp_4)
                                             16.968496   data arrival time

                                 25.000000   25.000000   clock clk (rise edge)
                                  0.000000   25.000000   clock source latency
     2    0.103719    0.470660    0.332673   25.332672 ^ clk (in)
                                                         clk (net)
                      0.472468    0.000000   25.332672 ^ clkbuf_0_clk/A (sky130_fd_sc_hd__clkbuf_16)
     2    0.023211    0.053598    0.238845   25.571518 ^ clkbuf_0_clk/X (sky130_fd_sc_hd__clkbuf_16)
                                                         clknet_0_clk (net)
                      0.053614    0.000686   25.572203 ^ clkbuf_1_1__f_clk/A (sky130_fd_sc_hd__clkbuf_16)
     9    0.032219    0.052873    0.139018   25.711220 ^ clkbuf_1_1__f_clk/X (sky130_fd_sc_hd__clkbuf_16)
                                                         clknet_1_1__leaf_clk (net)
                      0.052923    0.001316   25.712538 ^ _41569_/CLK (sky130_fd_sc_hd__dfxtp_4)
                                 -0.250000   25.462538   clock uncertainty
                                  0.000000   25.462538   clock reconvergence pessimism
                                 -0.059375   25.403164   library setup time
                                             25.403164   data required time
---------------------------------------------------------------------------------------------
                                             25.403164   data required time
                                            -16.968496   data arrival time
---------------------------------------------------------------------------------------------
                                              8.434667   slack (MET)




===========================================================================
report_checks --slack_max -0.01
============================================================================
======================= nom_tt_025C_1v80 Corner ===================================

No paths found.


===========================================================================
 report_check_types -max_slew -max_cap -max_fanout -violators
============================================================================
======================= nom_tt_025C_1v80 Corner ===================================

max slew

Pin                                        Limit        Slew       Slack
------------------------------------------------------------------------
_39983_/B                               0.750000    0.931965   -0.181965 (VIOLATED)
_41329_/A2                              0.750000    0.931964   -0.181964 (VIOLATED)
ANTENNA_30/DIODE                        0.750000    0.931962   -0.181962 (VIOLATED)
ANTENNA_29/DIODE                        0.750000    0.931957   -0.181957 (VIOLATED)
_39982_/X                               0.750000    0.929100   -0.179100 (VIOLATED)
_33413_/B                               0.750000    0.808458   -0.058458 (VIOLATED)
_35466_/A2                              0.750000    0.808455   -0.058455 (VIOLATED)
_33412_/Y                               0.750000    0.808272   -0.058272 (VIOLATED)
_39293_/A                               0.750000    0.802553   -0.052553 (VIOLATED)
_40838_/A1                              0.750000    0.802545   -0.052545 (VIOLATED)
_39237_/Y                               0.750000    0.800500   -0.050500 (VIOLATED)
_32222_/B                               0.750000    0.792980   -0.042981 (VIOLATED)
ANTENNA_6/DIODE                         0.750000    0.792978   -0.042978 (VIOLATED)
_34444_/A2                              0.750000    0.792976   -0.042976 (VIOLATED)
ANTENNA_7/DIODE                         0.750000    0.792975   -0.042975 (VIOLATED)
_32221_/X                               0.750000    0.792204   -0.042204 (VIOLATED)
_35549_/A2                              0.750000    0.789303   -0.039303 (VIOLATED)
_35548_/Y                               0.750000    0.789259   -0.039259 (VIOLATED)

max fanout

Pin                                   Limit Fanout  Slack
---------------------------------------------------------
fanout851/X                              10     19     -9 (VIOLATED)
fanout519/X                              10     16     -6 (VIOLATED)
_41569_/Q                                10     15     -5 (VIOLATED)
fanout918/X                              10     15     -5 (VIOLATED)
fanout566/X                              10     14     -4 (VIOLATED)
fanout880/X                              10     14     -4 (VIOLATED)
_27952_/Y                                10     12     -2 (VIOLATED)
fanout895/X                              10     12     -2 (VIOLATED)
fanout914/X                              10     12     -2 (VIOLATED)
fanout982/X                              10     12     -2 (VIOLATED)
input102/X                               10     12     -2 (VIOLATED)
_21352_/X                                10     11        (VIOLATED)
fanout275/X                              10     11        (VIOLATED)
fanout367/X                              10     11        (VIOLATED)
fanout434/X                              10     11        (VIOLATED)
fanout481/X                              10     11        (VIOLATED)
fanout540/X                              10     11        (VIOLATED)
fanout551/X                              10     11        (VIOLATED)
fanout840/X                              10     11        (VIOLATED)
fanout868/X                              10     11        (VIOLATED)
fanout937/X                              10     11        (VIOLATED)

max capacitance

Pin                                        Limit         Cap       Slack
------------------------------------------------------------------------
wire271/X                               0.200000    0.221265   -0.021265 (VIOLATED)
fanout925/X                             0.200000    0.219141   -0.019141 (VIOLATED)
fanout275/X                             0.200000    0.217836   -0.017836 (VIOLATED)
fanout840/X                             0.200000    0.211968   -0.011968 (VIOLATED)
fanout838/X                             0.200000    0.211434   -0.011434 (VIOLATED)
fanout843/X                             0.200000    0.211123   -0.011123 (VIOLATED)
fanout876/X                             0.200000    0.210450   -0.010450 (VIOLATED)
fanout880/X                             0.200000    0.210075   -0.010075 (VIOLATED)
_20833_/Y                               0.200000    0.201658   -0.001658 (VIOLATED)



===========================================================================
report_parasitic_annotation -report_unannotated
============================================================================
Found 6 unannotated drivers.
 input_data[15]
 input_data[175]
 input_data[191]
 input_data[223]
 input_data[238]
 input_data[239]
Found 0 partially unannotated drivers.

===========================================================================
max slew violation count 18
max fanout violation count 21
max cap violation count 9
============================================================================

===========================================================================
check_setup -verbose -unconstrained_endpoints -multiple_clock -no_clock -no_input_delay -loops -generated_clocks
===========================================================================
