
===========================================================================
report_checks -path_delay min (Hold)
============================================================================
======================= max_ss_100C_1v60 Corner ===================================

Startpoint: tap[0] (input port clocked by clk)
Endpoint: _41569_ (rising edge-triggered flip-flop clocked by clk)
Path Group: clk
Path Type: min

Fanout         Cap        Slew       Delay        Time   Description
---------------------------------------------------------------------------------------------
                                  0.000000    0.000000   clock clk (rise edge)
                                  0.000000    0.000000   clock network delay (propagated)
                                  5.000000    5.000000 ^ input external delay
     5    0.014498    0.114386    0.074642    5.074642 ^ tap[0] (in)
                                                         tap[0] (net)
                      0.114386    0.000000    5.074642 ^ _31681_/A (sky130_fd_sc_hd__or2_2)
     4    0.009622    0.100365    0.237611    5.312253 ^ _31681_/X (sky130_fd_sc_hd__or2_2)
                                                         _01289_ (net)
                      0.100365    0.000000    5.312253 ^ _41553_/B1 (sky130_fd_sc_hd__o21a_2)
     1    0.001537    0.045630    0.235407    5.547661 ^ _41553_/X (sky130_fd_sc_hd__o21a_2)
                                                         _00015_ (net)
                      0.045630    0.000000    5.547661 ^ _41569_/D (sky130_fd_sc_hd__dfxtp_2)
                                              5.547661   data arrival time

                                  0.000000    0.000000   clock clk (rise edge)
                                  0.000000    0.000000   clock source latency
    16    0.027488    0.204868    0.138897    0.138897 ^ clk (in)
                                                         clk (net)
                      0.204868    0.000000    0.138897 ^ _41569_/CLK (sky130_fd_sc_hd__dfxtp_2)
                                  0.250000    0.388897   clock uncertainty
                                  0.000000    0.388897   clock reconvergence pessimism
                                 -0.044879    0.344018   library hold time
                                              0.344018   data required time
---------------------------------------------------------------------------------------------
                                              0.344018   data required time
                                             -5.547661   data arrival time
---------------------------------------------------------------------------------------------
                                              5.203642   slack (MET)


Startpoint: tap[0] (input port clocked by clk)
Endpoint: _41564_ (rising edge-triggered flip-flop clocked by clk)
Path Group: clk
Path Type: min

Fanout         Cap        Slew       Delay        Time   Description
---------------------------------------------------------------------------------------------
                                  0.000000    0.000000   clock clk (rise edge)
                                  0.000000    0.000000   clock network delay (propagated)
                                  5.000000    5.000000 v input external delay
     5    0.013611    0.063113    0.042185    5.042185 v tap[0] (in)
                                                         tap[0] (net)
                      0.063113    0.000000    5.042185 v _20839_/A (sky130_fd_sc_hd__inv_2)
     3    0.010619    0.088626    0.103564    5.145750 ^ _20839_/Y (sky130_fd_sc_hd__inv_2)
                                                         _13271_ (net)
                      0.088626    0.000000    5.145750 ^ _31679_/A (sky130_fd_sc_hd__nor2_2)
     6    0.015385    0.083185    0.113785    5.259534 v _31679_/Y (sky130_fd_sc_hd__nor2_2)
                                                         _01288_ (net)
                      0.083185    0.000000    5.259534 v _31680_/B1 (sky130_fd_sc_hd__a22o_2)
     1    0.001577    0.058218    0.370861    5.630395 v _31680_/X (sky130_fd_sc_hd__a22o_2)
                                                         _00010_ (net)
                      0.058218    0.000000    5.630395 v _41564_/D (sky130_fd_sc_hd__dfxtp_2)
                                              5.630395   data arrival time

                                  0.000000    0.000000   clock clk (rise edge)
                                  0.000000    0.000000   clock source latency
    16    0.027488    0.204868    0.138897    0.138897 ^ clk (in)
                                                         clk (net)
                      0.204868    0.000000    0.138897 ^ _41564_/CLK (sky130_fd_sc_hd__dfxtp_2)
                                  0.250000    0.388897   clock uncertainty
                                  0.000000    0.388897   clock reconvergence pessimism
                                 -0.053952    0.334945   library hold time
                                              0.334945   data required time
---------------------------------------------------------------------------------------------
                                              0.334945   data required time
                                             -5.630395   data arrival time
---------------------------------------------------------------------------------------------
                                              5.295451   slack (MET)


Startpoint: tap[0] (input port clocked by clk)
Endpoint: _41568_ (rising edge-triggered flip-flop clocked by clk)
Path Group: clk
Path Type: min

Fanout         Cap        Slew       Delay        Time   Description
---------------------------------------------------------------------------------------------
                                  0.000000    0.000000   clock clk (rise edge)
                                  0.000000    0.000000   clock network delay (propagated)
                                  5.000000    5.000000 v input external delay
     5    0.013611    0.063113    0.042185    5.042185 v tap[0] (in)
                                                         tap[0] (net)
                      0.063113    0.000000    5.042185 v _20839_/A (sky130_fd_sc_hd__inv_2)
     3    0.010619    0.088626    0.103564    5.145750 ^ _20839_/Y (sky130_fd_sc_hd__inv_2)
                                                         _13271_ (net)
                      0.088626    0.000000    5.145750 ^ _31679_/A (sky130_fd_sc_hd__nor2_2)
     6    0.015385    0.083185    0.113785    5.259534 v _31679_/Y (sky130_fd_sc_hd__nor2_2)
                                                         _01288_ (net)
                      0.083185    0.000000    5.259534 v _40177_/B1 (sky130_fd_sc_hd__a32o_2)
     1    0.001577    0.059339    0.388964    5.648498 v _40177_/X (sky130_fd_sc_hd__a32o_2)
                                                         _00014_ (net)
                      0.059339    0.000000    5.648498 v _41568_/D (sky130_fd_sc_hd__dfxtp_2)
                                              5.648498   data arrival time

                                  0.000000    0.000000   clock clk (rise edge)
                                  0.000000    0.000000   clock source latency
    16    0.027488    0.204868    0.138897    0.138897 ^ clk (in)
                                                         clk (net)
                      0.204868    0.000000    0.138897 ^ _41568_/CLK (sky130_fd_sc_hd__dfxtp_2)
                                  0.250000    0.388897   clock uncertainty
                                  0.000000    0.388897   clock reconvergence pessimism
                                 -0.054367    0.334530   library hold time
                                              0.334530   data required time
---------------------------------------------------------------------------------------------
                                              0.334530   data required time
                                             -5.648498   data arrival time
---------------------------------------------------------------------------------------------
                                              5.313968   slack (MET)


Startpoint: tap[0] (input port clocked by clk)
Endpoint: _41565_ (rising edge-triggered flip-flop clocked by clk)
Path Group: clk
Path Type: min

Fanout         Cap        Slew       Delay        Time   Description
---------------------------------------------------------------------------------------------
                                  0.000000    0.000000   clock clk (rise edge)
                                  0.000000    0.000000   clock network delay (propagated)
                                  5.000000    5.000000 ^ input external delay
     5    0.014498    0.114386    0.074642    5.074642 ^ tap[0] (in)
                                                         tap[0] (net)
                      0.114386    0.000000    5.074642 ^ _31681_/A (sky130_fd_sc_hd__or2_2)
     4    0.009622    0.100365    0.237611    5.312253 ^ _31681_/X (sky130_fd_sc_hd__or2_2)
                                                         _01289_ (net)
                      0.100365    0.000000    5.312253 ^ _33766_/C1 (sky130_fd_sc_hd__o221a_2)
     1    0.001537    0.067379    0.355057    5.667310 ^ _33766_/X (sky130_fd_sc_hd__o221a_2)
                                                         _00011_ (net)
                      0.067379    0.000000    5.667310 ^ _41565_/D (sky130_fd_sc_hd__dfxtp_2)
                                              5.667310   data arrival time

                                  0.000000    0.000000   clock clk (rise edge)
                                  0.000000    0.000000   clock source latency
    16    0.027488    0.204868    0.138897    0.138897 ^ clk (in)
                                                         clk (net)
                      0.204868    0.000000    0.138897 ^ _41565_/CLK (sky130_fd_sc_hd__dfxtp_2)
                                  0.250000    0.388897   clock uncertainty
                                  0.000000    0.388897   clock reconvergence pessimism
                                 -0.049896    0.339001   library hold time
                                              0.339001   data required time
---------------------------------------------------------------------------------------------
                                              0.339001   data required time
                                             -5.667310   data arrival time
---------------------------------------------------------------------------------------------
                                              5.328309   slack (MET)


Startpoint: tap[0] (input port clocked by clk)
Endpoint: _41566_ (rising edge-triggered flip-flop clocked by clk)
Path Group: clk
Path Type: min

Fanout         Cap        Slew       Delay        Time   Description
---------------------------------------------------------------------------------------------
                                  0.000000    0.000000   clock clk (rise edge)
                                  0.000000    0.000000   clock network delay (propagated)
                                  5.000000    5.000000 ^ input external delay
     5    0.014498    0.114386    0.074642    5.074642 ^ tap[0] (in)
                                                         tap[0] (net)
                      0.114386    0.000000    5.074642 ^ _31681_/A (sky130_fd_sc_hd__or2_2)
     4    0.009622    0.100365    0.237611    5.312253 ^ _31681_/X (sky130_fd_sc_hd__or2_2)
                                                         _01289_ (net)
                      0.100365    0.000000    5.312253 ^ _35891_/C1 (sky130_fd_sc_hd__o221a_2)
     1    0.001537    0.067379    0.355057    5.667310 ^ _35891_/X (sky130_fd_sc_hd__o221a_2)
                                                         _00012_ (net)
                      0.067379    0.000000    5.667310 ^ _41566_/D (sky130_fd_sc_hd__dfxtp_2)
                                              5.667310   data arrival time

                                  0.000000    0.000000   clock clk (rise edge)
                                  0.000000    0.000000   clock source latency
    16    0.027488    0.204868    0.138897    0.138897 ^ clk (in)
                                                         clk (net)
                      0.204868    0.000000    0.138897 ^ _41566_/CLK (sky130_fd_sc_hd__dfxtp_2)
                                  0.250000    0.388897   clock uncertainty
                                  0.000000    0.388897   clock reconvergence pessimism
                                 -0.049896    0.339001   library hold time
                                              0.339001   data required time
---------------------------------------------------------------------------------------------
                                              0.339001   data required time
                                             -5.667310   data arrival time
---------------------------------------------------------------------------------------------
                                              5.328309   slack (MET)


Startpoint: tap[0] (input port clocked by clk)
Endpoint: _41567_ (rising edge-triggered flip-flop clocked by clk)
Path Group: clk
Path Type: min

Fanout         Cap        Slew       Delay        Time   Description
---------------------------------------------------------------------------------------------
                                  0.000000    0.000000   clock clk (rise edge)
                                  0.000000    0.000000   clock network delay (propagated)
                                  5.000000    5.000000 ^ input external delay
     5    0.014498    0.114386    0.074642    5.074642 ^ tap[0] (in)
                                                         tap[0] (net)
                      0.114386    0.000000    5.074642 ^ _31681_/A (sky130_fd_sc_hd__or2_2)
     4    0.009622    0.100365    0.237611    5.312253 ^ _31681_/X (sky130_fd_sc_hd__or2_2)
                                                         _01289_ (net)
                      0.100365    0.000000    5.312253 ^ _38067_/C1 (sky130_fd_sc_hd__o221a_2)
     1    0.001537    0.067379    0.355057    5.667310 ^ _38067_/X (sky130_fd_sc_hd__o221a_2)
                                                         _00013_ (net)
                      0.067379    0.000000    5.667310 ^ _41567_/D (sky130_fd_sc_hd__dfxtp_2)
                                              5.667310   data arrival time

                                  0.000000    0.000000   clock clk (rise edge)
                                  0.000000    0.000000   clock source latency
    16    0.027488    0.204868    0.138897    0.138897 ^ clk (in)
                                                         clk (net)
                      0.204868    0.000000    0.138897 ^ _41567_/CLK (sky130_fd_sc_hd__dfxtp_2)
                                  0.250000    0.388897   clock uncertainty
                                  0.000000    0.388897   clock reconvergence pessimism
                                 -0.049896    0.339001   library hold time
                                              0.339001   data required time
---------------------------------------------------------------------------------------------
                                              0.339001   data required time
                                             -5.667310   data arrival time
---------------------------------------------------------------------------------------------
                                              5.328309   slack (MET)


Startpoint: tap[2] (input port clocked by clk)
Endpoint: _41556_ (rising edge-triggered flip-flop clocked by clk)
Path Group: clk
Path Type: min

Fanout         Cap        Slew       Delay        Time   Description
---------------------------------------------------------------------------------------------
                                  0.000000    0.000000   clock clk (rise edge)
                                  0.000000    0.000000   clock network delay (propagated)
                                  5.000000    5.000000 ^ input external delay
     4    0.011898    0.096488    0.061748    5.061748 ^ tap[2] (in)
                                                         tap[2] (net)
                      0.096488    0.000000    5.061748 ^ _20857_/B (sky130_fd_sc_hd__or2_2)
    14    0.036982    0.309041    0.381239    5.442986 ^ _20857_/X (sky130_fd_sc_hd__or2_2)
                                                         _13468_ (net)
                      0.309041    0.000000    5.442986 ^ _21527_/B2 (sky130_fd_sc_hd__o32a_2)
     1    0.001537    0.049727    0.325005    5.767992 ^ _21527_/X (sky130_fd_sc_hd__o32a_2)
                                                         _00002_ (net)
                      0.049727    0.000000    5.767992 ^ _41556_/D (sky130_fd_sc_hd__dfxtp_2)
                                              5.767992   data arrival time

                                  0.000000    0.000000   clock clk (rise edge)
                                  0.000000    0.000000   clock source latency
    16    0.027488    0.204868    0.138897    0.138897 ^ clk (in)
                                                         clk (net)
                      0.204868    0.000000    0.138897 ^ _41556_/CLK (sky130_fd_sc_hd__dfxtp_2)
                                  0.250000    0.388897   clock uncertainty
                                  0.000000    0.388897   clock reconvergence pessimism
                                 -0.045824    0.343073   library hold time
                                              0.343073   data required time
---------------------------------------------------------------------------------------------
                                              0.343073   data required time
                                             -5.767992   data arrival time
---------------------------------------------------------------------------------------------
                                              5.424919   slack (MET)


Startpoint: tap[2] (input port clocked by clk)
Endpoint: _41557_ (rising edge-triggered flip-flop clocked by clk)
Path Group: clk
Path Type: min

Fanout         Cap        Slew       Delay        Time   Description
---------------------------------------------------------------------------------------------
                                  0.000000    0.000000   clock clk (rise edge)
                                  0.000000    0.000000   clock network delay (propagated)
                                  5.000000    5.000000 ^ input external delay
     4    0.011898    0.096488    0.061748    5.061748 ^ tap[2] (in)
                                                         tap[2] (net)
                      0.096488    0.000000    5.061748 ^ _20857_/B (sky130_fd_sc_hd__or2_2)
    14    0.036982    0.309041    0.381239    5.442986 ^ _20857_/X (sky130_fd_sc_hd__or2_2)
                                                         _13468_ (net)
                      0.309041    0.000000    5.442986 ^ _22123_/B2 (sky130_fd_sc_hd__o32a_2)
     1    0.001537    0.049726    0.325005    5.767992 ^ _22123_/X (sky130_fd_sc_hd__o32a_2)
                                                         _00003_ (net)
                      0.049726    0.000000    5.767992 ^ _41557_/D (sky130_fd_sc_hd__dfxtp_2)
                                              5.767992   data arrival time

                                  0.000000    0.000000   clock clk (rise edge)
                                  0.000000    0.000000   clock source latency
    16    0.027488    0.204868    0.138897    0.138897 ^ clk (in)
                                                         clk (net)
                      0.204868    0.000000    0.138897 ^ _41557_/CLK (sky130_fd_sc_hd__dfxtp_2)
                                  0.250000    0.388897   clock uncertainty
                                  0.000000    0.388897   clock reconvergence pessimism
                                 -0.045824    0.343073   library hold time
                                              0.343073   data required time
---------------------------------------------------------------------------------------------
                                              0.343073   data required time
                                             -5.767992   data arrival time
---------------------------------------------------------------------------------------------
                                              5.424919   slack (MET)


Startpoint: tap[2] (input port clocked by clk)
Endpoint: _41560_ (rising edge-triggered flip-flop clocked by clk)
Path Group: clk
Path Type: min

Fanout         Cap        Slew       Delay        Time   Description
---------------------------------------------------------------------------------------------
                                  0.000000    0.000000   clock clk (rise edge)
                                  0.000000    0.000000   clock network delay (propagated)
                                  5.000000    5.000000 ^ input external delay
     4    0.011898    0.096488    0.061748    5.061748 ^ tap[2] (in)
                                                         tap[2] (net)
                      0.096488    0.000000    5.061748 ^ _20857_/B (sky130_fd_sc_hd__or2_2)
    14    0.036982    0.309041    0.381239    5.442986 ^ _20857_/X (sky130_fd_sc_hd__or2_2)
                                                         _13468_ (net)
                      0.309041    0.000000    5.442986 ^ _25104_/B2 (sky130_fd_sc_hd__o32a_2)
     1    0.001537    0.049720    0.325005    5.767992 ^ _25104_/X (sky130_fd_sc_hd__o32a_2)
                                                         _00006_ (net)
                      0.049720    0.000000    5.767992 ^ _41560_/D (sky130_fd_sc_hd__dfxtp_2)
                                              5.767992   data arrival time

                                  0.000000    0.000000   clock clk (rise edge)
                                  0.000000    0.000000   clock source latency
    16    0.027488    0.204868    0.138897    0.138897 ^ clk (in)
                                                         clk (net)
                      0.204868    0.000000    0.138897 ^ _41560_/CLK (sky130_fd_sc_hd__dfxtp_2)
                                  0.250000    0.388897   clock uncertainty
                                  0.000000    0.388897   clock reconvergence pessimism
                                 -0.045822    0.343075   library hold time
                                              0.343075   data required time
---------------------------------------------------------------------------------------------
                                              0.343075   data required time
                                             -5.767992   data arrival time
---------------------------------------------------------------------------------------------
                                              5.424917   slack (MET)


Startpoint: tap[2] (input port clocked by clk)
Endpoint: _41562_ (rising edge-triggered flip-flop clocked by clk)
Path Group: clk
Path Type: min

Fanout         Cap        Slew       Delay        Time   Description
---------------------------------------------------------------------------------------------
                                  0.000000    0.000000   clock clk (rise edge)
                                  0.000000    0.000000   clock network delay (propagated)
                                  5.000000    5.000000 ^ input external delay
     4    0.011898    0.096488    0.061748    5.061748 ^ tap[2] (in)
                                                         tap[2] (net)
                      0.096488    0.000000    5.061748 ^ _20857_/B (sky130_fd_sc_hd__or2_2)
    14    0.036982    0.309041    0.381239    5.442986 ^ _20857_/X (sky130_fd_sc_hd__or2_2)
                                                         _13468_ (net)
                      0.309041    0.000000    5.442986 ^ _28058_/B2 (sky130_fd_sc_hd__o32a_2)
     1    0.001537    0.049727    0.325005    5.767992 ^ _28058_/X (sky130_fd_sc_hd__o32a_2)
                                                         _00008_ (net)
                      0.049727    0.000000    5.767992 ^ _41562_/D (sky130_fd_sc_hd__dfxtp_2)
                                              5.767992   data arrival time

                                  0.000000    0.000000   clock clk (rise edge)
                                  0.000000    0.000000   clock source latency
    16    0.027488    0.204868    0.138897    0.138897 ^ clk (in)
                                                         clk (net)
                      0.204868    0.000000    0.138897 ^ _41562_/CLK (sky130_fd_sc_hd__dfxtp_2)
                                  0.250000    0.388897   clock uncertainty
                                  0.000000    0.388897   clock reconvergence pessimism
                                 -0.045824    0.343073   library hold time
                                              0.343073   data required time
---------------------------------------------------------------------------------------------
                                              0.343073   data required time
                                             -5.767992   data arrival time
---------------------------------------------------------------------------------------------
                                              5.424919   slack (MET)


Startpoint: tap[2] (input port clocked by clk)
Endpoint: _41554_ (rising edge-triggered flip-flop clocked by clk)
Path Group: clk
Path Type: min

Fanout         Cap        Slew       Delay        Time   Description
---------------------------------------------------------------------------------------------
                                  0.000000    0.000000   clock clk (rise edge)
                                  0.000000    0.000000   clock network delay (propagated)
                                  5.000000    5.000000 ^ input external delay
     4    0.011898    0.096488    0.061748    5.061748 ^ tap[2] (in)
                                                         tap[2] (net)
                      0.096488    0.000000    5.061748 ^ _20857_/B (sky130_fd_sc_hd__or2_2)
    14    0.036982    0.309041    0.381239    5.442986 ^ _20857_/X (sky130_fd_sc_hd__or2_2)
                                                         _13468_ (net)
                      0.309041    0.000000    5.442986 ^ _20925_/B2 (sky130_fd_sc_hd__a22o_2)
     1    0.001537    0.057935    0.329744    5.772730 ^ _20925_/X (sky130_fd_sc_hd__a22o_2)
                                                         _00000_ (net)
                      0.057935    0.000000    5.772730 ^ _41554_/D (sky130_fd_sc_hd__dfxtp_2)
                                              5.772730   data arrival time

                                  0.000000    0.000000   clock clk (rise edge)
                                  0.000000    0.000000   clock source latency
    16    0.027488    0.204868    0.138897    0.138897 ^ clk (in)
                                                         clk (net)
                      0.204868    0.000000    0.138897 ^ _41554_/CLK (sky130_fd_sc_hd__dfxtp_2)
                                  0.250000    0.388897   clock uncertainty
                                  0.000000    0.388897   clock reconvergence pessimism
                                 -0.047717    0.341180   library hold time
                                              0.341180   data required time
---------------------------------------------------------------------------------------------
                                              0.341180   data required time
                                             -5.772730   data arrival time
---------------------------------------------------------------------------------------------
                                              5.431551   slack (MET)


Startpoint: tap[1] (input port clocked by clk)
Endpoint: _41563_ (rising edge-triggered flip-flop clocked by clk)
Path Group: clk
Path Type: min

Fanout         Cap        Slew       Delay        Time   Description
---------------------------------------------------------------------------------------------
                                  0.000000    0.000000   clock clk (rise edge)
                                  0.000000    0.000000   clock network delay (propagated)
                                  5.000000    5.000000 ^ input external delay
     6    0.015983    0.124609    0.082006    5.082006 ^ tap[1] (in)
                                                         tap[1] (net)
                      0.124609    0.000000    5.082006 ^ _29817_/A (sky130_fd_sc_hd__or2_2)
     9    0.025632    0.221446    0.333619    5.415626 ^ _29817_/X (sky130_fd_sc_hd__or2_2)
                                                         _20003_ (net)
                      0.221446    0.000000    5.415626 ^ _29818_/C1 (sky130_fd_sc_hd__o211a_2)
     1    0.001537    0.067350    0.382208    5.797834 ^ _29818_/X (sky130_fd_sc_hd__o211a_2)
                                                         _00009_ (net)
                      0.067350    0.000000    5.797834 ^ _41563_/D (sky130_fd_sc_hd__dfxtp_2)
                                              5.797834   data arrival time

                                  0.000000    0.000000   clock clk (rise edge)
                                  0.000000    0.000000   clock source latency
    16    0.027488    0.204868    0.138897    0.138897 ^ clk (in)
                                                         clk (net)
                      0.204868    0.000000    0.138897 ^ _41563_/CLK (sky130_fd_sc_hd__dfxtp_2)
                                  0.250000    0.388897   clock uncertainty
                                  0.000000    0.388897   clock reconvergence pessimism
                                 -0.049889    0.339008   library hold time
                                              0.339008   data required time
---------------------------------------------------------------------------------------------
                                              0.339008   data required time
                                             -5.797834   data arrival time
---------------------------------------------------------------------------------------------
                                              5.458827   slack (MET)


Startpoint: tap[2] (input port clocked by clk)
Endpoint: _41561_ (rising edge-triggered flip-flop clocked by clk)
Path Group: clk
Path Type: min

Fanout         Cap        Slew       Delay        Time   Description
---------------------------------------------------------------------------------------------
                                  0.000000    0.000000   clock clk (rise edge)
                                  0.000000    0.000000   clock network delay (propagated)
                                  5.000000    5.000000 ^ input external delay
     4    0.011898    0.096488    0.061748    5.061748 ^ tap[2] (in)
                                                         tap[2] (net)
                      0.096488    0.000000    5.061748 ^ _20857_/B (sky130_fd_sc_hd__or2_2)
    14    0.036982    0.309041    0.381239    5.442986 ^ _20857_/X (sky130_fd_sc_hd__or2_2)
                                                         _13468_ (net)
                      0.309041    0.000000    5.442986 ^ _26502_/A1 (sky130_fd_sc_hd__o22a_2)
     1    0.001537    0.047972    0.364735    5.807722 ^ _26502_/X (sky130_fd_sc_hd__o22a_2)
                                                         _00007_ (net)
                      0.047972    0.000000    5.807722 ^ _41561_/D (sky130_fd_sc_hd__dfxtp_2)
                                              5.807722   data arrival time

                                  0.000000    0.000000   clock clk (rise edge)
                                  0.000000    0.000000   clock source latency
    16    0.027488    0.204868    0.138897    0.138897 ^ clk (in)
                                                         clk (net)
                      0.204868    0.000000    0.138897 ^ _41561_/CLK (sky130_fd_sc_hd__dfxtp_2)
                                  0.250000    0.388897   clock uncertainty
                                  0.000000    0.388897   clock reconvergence pessimism
                                 -0.045419    0.343478   library hold time
                                              0.343478   data required time
---------------------------------------------------------------------------------------------
                                              0.343478   data required time
                                             -5.807722   data arrival time
---------------------------------------------------------------------------------------------
                                              5.464244   slack (MET)


Startpoint: tap[2] (input port clocked by clk)
Endpoint: _41555_ (rising edge-triggered flip-flop clocked by clk)
Path Group: clk
Path Type: min

Fanout         Cap        Slew       Delay        Time   Description
---------------------------------------------------------------------------------------------
                                  0.000000    0.000000   clock clk (rise edge)
                                  0.000000    0.000000   clock network delay (propagated)
                                  5.000000    5.000000 ^ input external delay
     4    0.011898    0.096488    0.061748    5.061748 ^ tap[2] (in)
                                                         tap[2] (net)
                      0.096488    0.000000    5.061748 ^ _20857_/B (sky130_fd_sc_hd__or2_2)
    14    0.036982    0.309041    0.381239    5.442986 ^ _20857_/X (sky130_fd_sc_hd__or2_2)
                                                         _13468_ (net)
                      0.309041    0.000000    5.442986 ^ _21129_/A1 (sky130_fd_sc_hd__a31o_2)
     1    0.001537    0.045747    0.369435    5.812422 ^ _21129_/X (sky130_fd_sc_hd__a31o_2)
                                                         _00001_ (net)
                      0.045747    0.000000    5.812422 ^ _41555_/D (sky130_fd_sc_hd__dfxtp_2)
                                              5.812422   data arrival time

                                  0.000000    0.000000   clock clk (rise edge)
                                  0.000000    0.000000   clock source latency
    16    0.027488    0.204868    0.138897    0.138897 ^ clk (in)
                                                         clk (net)
                      0.204868    0.000000    0.138897 ^ _41555_/CLK (sky130_fd_sc_hd__dfxtp_2)
                                  0.250000    0.388897   clock uncertainty
                                  0.000000    0.388897   clock reconvergence pessimism
                                 -0.044906    0.343991   library hold time
                                              0.343991   data required time
---------------------------------------------------------------------------------------------
                                              0.343991   data required time
                                             -5.812422   data arrival time
---------------------------------------------------------------------------------------------
                                              5.468431   slack (MET)


Startpoint: tap[1] (input port clocked by clk)
Endpoint: _41559_ (rising edge-triggered flip-flop clocked by clk)
Path Group: clk
Path Type: min

Fanout         Cap        Slew       Delay        Time   Description
---------------------------------------------------------------------------------------------
                                  0.000000    0.000000   clock clk (rise edge)
                                  0.000000    0.000000   clock network delay (propagated)
                                  5.000000    5.000000 ^ input external delay
     6    0.015983    0.124609    0.082006    5.082006 ^ tap[1] (in)
                                                         tap[1] (net)
                      0.124609    0.000000    5.082006 ^ _23824_/B1 (sky130_fd_sc_hd__a311o_2)
     1    0.004518    0.068817    0.214905    5.296912 ^ _23824_/X (sky130_fd_sc_hd__a311o_2)
                                                         _13417_ (net)
                      0.068817    0.000000    5.296912 ^ _23825_/B1 (sky130_fd_sc_hd__o21ai_2)
     1    0.001572    0.037046    0.082799    5.379710 v _23825_/Y (sky130_fd_sc_hd__o21ai_2)
                                                         _13418_ (net)
                      0.037046    0.000000    5.379710 v _23868_/A1_N (sky130_fd_sc_hd__o2bb2a_2)
     1    0.001537    0.059516    0.432429    5.812139 ^ _23868_/X (sky130_fd_sc_hd__o2bb2a_2)
                                                         _00005_ (net)
                      0.059516    0.000000    5.812139 ^ _41559_/D (sky130_fd_sc_hd__dfxtp_2)
                                              5.812139   data arrival time

                                  0.000000    0.000000   clock clk (rise edge)
                                  0.000000    0.000000   clock source latency
    16    0.027488    0.204868    0.138897    0.138897 ^ clk (in)
                                                         clk (net)
                      0.204868    0.000000    0.138897 ^ _41559_/CLK (sky130_fd_sc_hd__dfxtp_2)
                                  0.250000    0.388897   clock uncertainty
                                  0.000000    0.388897   clock reconvergence pessimism
                                 -0.048082    0.340815   library hold time
                                              0.340815   data required time
---------------------------------------------------------------------------------------------
                                              0.340815   data required time
                                             -5.812139   data arrival time
---------------------------------------------------------------------------------------------
                                              5.471324   slack (MET)


Startpoint: tap[2] (input port clocked by clk)
Endpoint: _41558_ (rising edge-triggered flip-flop clocked by clk)
Path Group: clk
Path Type: min

Fanout         Cap        Slew       Delay        Time   Description
---------------------------------------------------------------------------------------------
                                  0.000000    0.000000   clock clk (rise edge)
                                  0.000000    0.000000   clock network delay (propagated)
                                  5.000000    5.000000 ^ input external delay
     4    0.011898    0.096488    0.061748    5.061748 ^ tap[2] (in)
                                                         tap[2] (net)
                      0.096488    0.000000    5.061748 ^ _20857_/B (sky130_fd_sc_hd__or2_2)
    14    0.036982    0.309041    0.381239    5.442986 ^ _20857_/X (sky130_fd_sc_hd__or2_2)
                                                         _13468_ (net)
                      0.309041    0.000000    5.442986 ^ _22875_/B1 (sky130_fd_sc_hd__o21ai_2)
     1    0.001572    0.036383    0.164778    5.607764 v _22875_/Y (sky130_fd_sc_hd__o21ai_2)
                                                         _12393_ (net)
                      0.036383    0.000000    5.607764 v _22895_/A2_N (sky130_fd_sc_hd__a2bb2o_2)
     1    0.001537    0.047521    0.392940    6.000705 ^ _22895_/X (sky130_fd_sc_hd__a2bb2o_2)
                                                         _00004_ (net)
                      0.047521    0.000000    6.000705 ^ _41558_/D (sky130_fd_sc_hd__dfxtp_2)
                                              6.000705   data arrival time

                                  0.000000    0.000000   clock clk (rise edge)
                                  0.000000    0.000000   clock source latency
    16    0.027488    0.204868    0.138897    0.138897 ^ clk (in)
                                                         clk (net)
                      0.204868    0.000000    0.138897 ^ _41558_/CLK (sky130_fd_sc_hd__dfxtp_2)
                                  0.250000    0.388897   clock uncertainty
                                  0.000000    0.388897   clock reconvergence pessimism
                                 -0.045315    0.343582   library hold time
                                              0.343582   data required time
---------------------------------------------------------------------------------------------
                                              0.343582   data required time
                                             -6.000705   data arrival time
---------------------------------------------------------------------------------------------
                                              5.657123   slack (MET)


Startpoint: _41554_ (rising edge-triggered flip-flop clocked by clk)
Endpoint: output_low[0] (output port clocked by clk)
Path Group: clk
Path Type: min

Fanout         Cap        Slew       Delay        Time   Description
---------------------------------------------------------------------------------------------
                                  0.000000    0.000000   clock clk (rise edge)
                                  0.000000    0.000000   clock source latency
    16    0.027488    0.204868    0.138897    0.138897 ^ clk (in)
                                                         clk (net)
                      0.204868    0.000000    0.138897 ^ _41554_/CLK (sky130_fd_sc_hd__dfxtp_2)
     1    0.033442    0.160684    0.772445    0.911342 v _41554_/Q (sky130_fd_sc_hd__dfxtp_2)
                                                         output_low[0] (net)
                      0.160684    0.000000    0.911342 v output_low[0] (out)
                                              0.911342   data arrival time

                                  0.000000    0.000000   clock clk (rise edge)
                                  0.000000    0.000000   clock network delay (propagated)
                                  0.250000    0.250000   clock uncertainty
                                  0.000000    0.250000   clock reconvergence pessimism
                                 -5.000000   -4.750000   output external delay
                                             -4.750000   data required time
---------------------------------------------------------------------------------------------
                                             -4.750000   data required time
                                             -0.911342   data arrival time
---------------------------------------------------------------------------------------------
                                              5.661343   slack (MET)


Startpoint: _41564_ (rising edge-triggered flip-flop clocked by clk)
Endpoint: output_low[10] (output port clocked by clk)
Path Group: clk
Path Type: min

Fanout         Cap        Slew       Delay        Time   Description
---------------------------------------------------------------------------------------------
                                  0.000000    0.000000   clock clk (rise edge)
                                  0.000000    0.000000   clock source latency
    16    0.027488    0.204868    0.138897    0.138897 ^ clk (in)
                                                         clk (net)
                      0.204868    0.000000    0.138897 ^ _41564_/CLK (sky130_fd_sc_hd__dfxtp_2)
     1    0.033442    0.160684    0.772445    0.911342 v _41564_/Q (sky130_fd_sc_hd__dfxtp_2)
                                                         output_low[10] (net)
                      0.160684    0.000000    0.911342 v output_low[10] (out)
                                              0.911342   data arrival time

                                  0.000000    0.000000   clock clk (rise edge)
                                  0.000000    0.000000   clock network delay (propagated)
                                  0.250000    0.250000   clock uncertainty
                                  0.000000    0.250000   clock reconvergence pessimism
                                 -5.000000   -4.750000   output external delay
                                             -4.750000   data required time
---------------------------------------------------------------------------------------------
                                             -4.750000   data required time
                                             -0.911342   data arrival time
---------------------------------------------------------------------------------------------
                                              5.661343   slack (MET)


Startpoint: _41565_ (rising edge-triggered flip-flop clocked by clk)
Endpoint: output_low[11] (output port clocked by clk)
Path Group: clk
Path Type: min

Fanout         Cap        Slew       Delay        Time   Description
---------------------------------------------------------------------------------------------
                                  0.000000    0.000000   clock clk (rise edge)
                                  0.000000    0.000000   clock source latency
    16    0.027488    0.204868    0.138897    0.138897 ^ clk (in)
                                                         clk (net)
                      0.204868    0.000000    0.138897 ^ _41565_/CLK (sky130_fd_sc_hd__dfxtp_2)
     1    0.033442    0.160684    0.772445    0.911342 v _41565_/Q (sky130_fd_sc_hd__dfxtp_2)
                                                         output_low[11] (net)
                      0.160684    0.000000    0.911342 v output_low[11] (out)
                                              0.911342   data arrival time

                                  0.000000    0.000000   clock clk (rise edge)
                                  0.000000    0.000000   clock network delay (propagated)
                                  0.250000    0.250000   clock uncertainty
                                  0.000000    0.250000   clock reconvergence pessimism
                                 -5.000000   -4.750000   output external delay
                                             -4.750000   data required time
---------------------------------------------------------------------------------------------
                                             -4.750000   data required time
                                             -0.911342   data arrival time
---------------------------------------------------------------------------------------------
                                              5.661343   slack (MET)


Startpoint: _41566_ (rising edge-triggered flip-flop clocked by clk)
Endpoint: output_low[12] (output port clocked by clk)
Path Group: clk
Path Type: min

Fanout         Cap        Slew       Delay        Time   Description
---------------------------------------------------------------------------------------------
                                  0.000000    0.000000   clock clk (rise edge)
                                  0.000000    0.000000   clock source latency
    16    0.027488    0.204868    0.138897    0.138897 ^ clk (in)
                                                         clk (net)
                      0.204868    0.000000    0.138897 ^ _41566_/CLK (sky130_fd_sc_hd__dfxtp_2)
     1    0.033442    0.160684    0.772445    0.911342 v _41566_/Q (sky130_fd_sc_hd__dfxtp_2)
                                                         output_low[12] (net)
                      0.160684    0.000000    0.911342 v output_low[12] (out)
                                              0.911342   data arrival time

                                  0.000000    0.000000   clock clk (rise edge)
                                  0.000000    0.000000   clock network delay (propagated)
                                  0.250000    0.250000   clock uncertainty
                                  0.000000    0.250000   clock reconvergence pessimism
                                 -5.000000   -4.750000   output external delay
                                             -4.750000   data required time
---------------------------------------------------------------------------------------------
                                             -4.750000   data required time
                                             -0.911342   data arrival time
---------------------------------------------------------------------------------------------
                                              5.661343   slack (MET)


Startpoint: _41567_ (rising edge-triggered flip-flop clocked by clk)
Endpoint: output_low[13] (output port clocked by clk)
Path Group: clk
Path Type: min

Fanout         Cap        Slew       Delay        Time   Description
---------------------------------------------------------------------------------------------
                                  0.000000    0.000000   clock clk (rise edge)
                                  0.000000    0.000000   clock source latency
    16    0.027488    0.204868    0.138897    0.138897 ^ clk (in)
                                                         clk (net)
                      0.204868    0.000000    0.138897 ^ _41567_/CLK (sky130_fd_sc_hd__dfxtp_2)
     1    0.033442    0.160684    0.772445    0.911342 v _41567_/Q (sky130_fd_sc_hd__dfxtp_2)
                                                         output_low[13] (net)
                      0.160684    0.000000    0.911342 v output_low[13] (out)
                                              0.911342   data arrival time

                                  0.000000    0.000000   clock clk (rise edge)
                                  0.000000    0.000000   clock network delay (propagated)
                                  0.250000    0.250000   clock uncertainty
                                  0.000000    0.250000   clock reconvergence pessimism
                                 -5.000000   -4.750000   output external delay
                                             -4.750000   data required time
---------------------------------------------------------------------------------------------
                                             -4.750000   data required time
                                             -0.911342   data arrival time
---------------------------------------------------------------------------------------------
                                              5.661343   slack (MET)


Startpoint: _41568_ (rising edge-triggered flip-flop clocked by clk)
Endpoint: output_low[14] (output port clocked by clk)
Path Group: clk
Path Type: min

Fanout         Cap        Slew       Delay        Time   Description
---------------------------------------------------------------------------------------------
                                  0.000000    0.000000   clock clk (rise edge)
                                  0.000000    0.000000   clock source latency
    16    0.027488    0.204868    0.138897    0.138897 ^ clk (in)
                                                         clk (net)
                      0.204868    0.000000    0.138897 ^ _41568_/CLK (sky130_fd_sc_hd__dfxtp_2)
     1    0.033442    0.160684    0.772445    0.911342 v _41568_/Q (sky130_fd_sc_hd__dfxtp_2)
                                                         output_low[14] (net)
                      0.160684    0.000000    0.911342 v output_low[14] (out)
                                              0.911342   data arrival time

                                  0.000000    0.000000   clock clk (rise edge)
                                  0.000000    0.000000   clock network delay (propagated)
                                  0.250000    0.250000   clock uncertainty
                                  0.000000    0.250000   clock reconvergence pessimism
                                 -5.000000   -4.750000   output external delay
                                             -4.750000   data required time
---------------------------------------------------------------------------------------------
                                             -4.750000   data required time
                                             -0.911342   data arrival time
---------------------------------------------------------------------------------------------
                                              5.661343   slack (MET)


Startpoint: _41569_ (rising edge-triggered flip-flop clocked by clk)
Endpoint: output_low[15] (output port clocked by clk)
Path Group: clk
Path Type: min

Fanout         Cap        Slew       Delay        Time   Description
---------------------------------------------------------------------------------------------
                                  0.000000    0.000000   clock clk (rise edge)
                                  0.000000    0.000000   clock source latency
    16    0.027488    0.204868    0.138897    0.138897 ^ clk (in)
                                                         clk (net)
                      0.204868    0.000000    0.138897 ^ _41569_/CLK (sky130_fd_sc_hd__dfxtp_2)
     1    0.033442    0.160684    0.772445    0.911342 v _41569_/Q (sky130_fd_sc_hd__dfxtp_2)
                                                         output_low[15] (net)
                      0.160684    0.000000    0.911342 v output_low[15] (out)
                                              0.911342   data arrival time

                                  0.000000    0.000000   clock clk (rise edge)
                                  0.000000    0.000000   clock network delay (propagated)
                                  0.250000    0.250000   clock uncertainty
                                  0.000000    0.250000   clock reconvergence pessimism
                                 -5.000000   -4.750000   output external delay
                                             -4.750000   data required time
---------------------------------------------------------------------------------------------
                                             -4.750000   data required time
                                             -0.911342   data arrival time
---------------------------------------------------------------------------------------------
                                              5.661343   slack (MET)


Startpoint: _41555_ (rising edge-triggered flip-flop clocked by clk)
Endpoint: output_low[1] (output port clocked by clk)
Path Group: clk
Path Type: min

Fanout         Cap        Slew       Delay        Time   Description
---------------------------------------------------------------------------------------------
                                  0.000000    0.000000   clock clk (rise edge)
                                  0.000000    0.000000   clock source latency
    16    0.027488    0.204868    0.138897    0.138897 ^ clk (in)
                                                         clk (net)
                      0.204868    0.000000    0.138897 ^ _41555_/CLK (sky130_fd_sc_hd__dfxtp_2)
     1    0.033442    0.160684    0.772445    0.911342 v _41555_/Q (sky130_fd_sc_hd__dfxtp_2)
                                                         output_low[1] (net)
                      0.160684    0.000000    0.911342 v output_low[1] (out)
                                              0.911342   data arrival time

                                  0.000000    0.000000   clock clk (rise edge)
                                  0.000000    0.000000   clock network delay (propagated)
                                  0.250000    0.250000   clock uncertainty
                                  0.000000    0.250000   clock reconvergence pessimism
                                 -5.000000   -4.750000   output external delay
                                             -4.750000   data required time
---------------------------------------------------------------------------------------------
                                             -4.750000   data required time
                                             -0.911342   data arrival time
---------------------------------------------------------------------------------------------
                                              5.661343   slack (MET)


Startpoint: _41556_ (rising edge-triggered flip-flop clocked by clk)
Endpoint: output_low[2] (output port clocked by clk)
Path Group: clk
Path Type: min

Fanout         Cap        Slew       Delay        Time   Description
---------------------------------------------------------------------------------------------
                                  0.000000    0.000000   clock clk (rise edge)
                                  0.000000    0.000000   clock source latency
    16    0.027488    0.204868    0.138897    0.138897 ^ clk (in)
                                                         clk (net)
                      0.204868    0.000000    0.138897 ^ _41556_/CLK (sky130_fd_sc_hd__dfxtp_2)
     1    0.033442    0.160684    0.772445    0.911342 v _41556_/Q (sky130_fd_sc_hd__dfxtp_2)
                                                         output_low[2] (net)
                      0.160684    0.000000    0.911342 v output_low[2] (out)
                                              0.911342   data arrival time

                                  0.000000    0.000000   clock clk (rise edge)
                                  0.000000    0.000000   clock network delay (propagated)
                                  0.250000    0.250000   clock uncertainty
                                  0.000000    0.250000   clock reconvergence pessimism
                                 -5.000000   -4.750000   output external delay
                                             -4.750000   data required time
---------------------------------------------------------------------------------------------
                                             -4.750000   data required time
                                             -0.911342   data arrival time
---------------------------------------------------------------------------------------------
                                              5.661343   slack (MET)


Startpoint: _41557_ (rising edge-triggered flip-flop clocked by clk)
Endpoint: output_low[3] (output port clocked by clk)
Path Group: clk
Path Type: min

Fanout         Cap        Slew       Delay        Time   Description
---------------------------------------------------------------------------------------------
                                  0.000000    0.000000   clock clk (rise edge)
                                  0.000000    0.000000   clock source latency
    16    0.027488    0.204868    0.138897    0.138897 ^ clk (in)
                                                         clk (net)
                      0.204868    0.000000    0.138897 ^ _41557_/CLK (sky130_fd_sc_hd__dfxtp_2)
     1    0.033442    0.160684    0.772445    0.911342 v _41557_/Q (sky130_fd_sc_hd__dfxtp_2)
                                                         output_low[3] (net)
                      0.160684    0.000000    0.911342 v output_low[3] (out)
                                              0.911342   data arrival time

                                  0.000000    0.000000   clock clk (rise edge)
                                  0.000000    0.000000   clock network delay (propagated)
                                  0.250000    0.250000   clock uncertainty
                                  0.000000    0.250000   clock reconvergence pessimism
                                 -5.000000   -4.750000   output external delay
                                             -4.750000   data required time
---------------------------------------------------------------------------------------------
                                             -4.750000   data required time
                                             -0.911342   data arrival time
---------------------------------------------------------------------------------------------
                                              5.661343   slack (MET)


Startpoint: _41558_ (rising edge-triggered flip-flop clocked by clk)
Endpoint: output_low[4] (output port clocked by clk)
Path Group: clk
Path Type: min

Fanout         Cap        Slew       Delay        Time   Description
---------------------------------------------------------------------------------------------
                                  0.000000    0.000000   clock clk (rise edge)
                                  0.000000    0.000000   clock source latency
    16    0.027488    0.204868    0.138897    0.138897 ^ clk (in)
                                                         clk (net)
                      0.204868    0.000000    0.138897 ^ _41558_/CLK (sky130_fd_sc_hd__dfxtp_2)
     1    0.033442    0.160684    0.772445    0.911342 v _41558_/Q (sky130_fd_sc_hd__dfxtp_2)
                                                         output_low[4] (net)
                      0.160684    0.000000    0.911342 v output_low[4] (out)
                                              0.911342   data arrival time

                                  0.000000    0.000000   clock clk (rise edge)
                                  0.000000    0.000000   clock network delay (propagated)
                                  0.250000    0.250000   clock uncertainty
                                  0.000000    0.250000   clock reconvergence pessimism
                                 -5.000000   -4.750000   output external delay
                                             -4.750000   data required time
---------------------------------------------------------------------------------------------
                                             -4.750000   data required time
                                             -0.911342   data arrival time
---------------------------------------------------------------------------------------------
                                              5.661343   slack (MET)


Startpoint: _41559_ (rising edge-triggered flip-flop clocked by clk)
Endpoint: output_low[5] (output port clocked by clk)
Path Group: clk
Path Type: min

Fanout         Cap        Slew       Delay        Time   Description
---------------------------------------------------------------------------------------------
                                  0.000000    0.000000   clock clk (rise edge)
                                  0.000000    0.000000   clock source latency
    16    0.027488    0.204868    0.138897    0.138897 ^ clk (in)
                                                         clk (net)
                      0.204868    0.000000    0.138897 ^ _41559_/CLK (sky130_fd_sc_hd__dfxtp_2)
     1    0.033442    0.160684    0.772445    0.911342 v _41559_/Q (sky130_fd_sc_hd__dfxtp_2)
                                                         output_low[5] (net)
                      0.160684    0.000000    0.911342 v output_low[5] (out)
                                              0.911342   data arrival time

                                  0.000000    0.000000   clock clk (rise edge)
                                  0.000000    0.000000   clock network delay (propagated)
                                  0.250000    0.250000   clock uncertainty
                                  0.000000    0.250000   clock reconvergence pessimism
                                 -5.000000   -4.750000   output external delay
                                             -4.750000   data required time
---------------------------------------------------------------------------------------------
                                             -4.750000   data required time
                                             -0.911342   data arrival time
---------------------------------------------------------------------------------------------
                                              5.661343   slack (MET)


Startpoint: _41560_ (rising edge-triggered flip-flop clocked by clk)
Endpoint: output_low[6] (output port clocked by clk)
Path Group: clk
Path Type: min

Fanout         Cap        Slew       Delay        Time   Description
---------------------------------------------------------------------------------------------
                                  0.000000    0.000000   clock clk (rise edge)
                                  0.000000    0.000000   clock source latency
    16    0.027488    0.204868    0.138897    0.138897 ^ clk (in)
                                                         clk (net)
                      0.204868    0.000000    0.138897 ^ _41560_/CLK (sky130_fd_sc_hd__dfxtp_2)
     1    0.033442    0.160684    0.772445    0.911342 v _41560_/Q (sky130_fd_sc_hd__dfxtp_2)
                                                         output_low[6] (net)
                      0.160684    0.000000    0.911342 v output_low[6] (out)
                                              0.911342   data arrival time

                                  0.000000    0.000000   clock clk (rise edge)
                                  0.000000    0.000000   clock network delay (propagated)
                                  0.250000    0.250000   clock uncertainty
                                  0.000000    0.250000   clock reconvergence pessimism
                                 -5.000000   -4.750000   output external delay
                                             -4.750000   data required time
---------------------------------------------------------------------------------------------
                                             -4.750000   data required time
                                             -0.911342   data arrival time
---------------------------------------------------------------------------------------------
                                              5.661343   slack (MET)


Startpoint: _41561_ (rising edge-triggered flip-flop clocked by clk)
Endpoint: output_low[7] (output port clocked by clk)
Path Group: clk
Path Type: min

Fanout         Cap        Slew       Delay        Time   Description
---------------------------------------------------------------------------------------------
                                  0.000000    0.000000   clock clk (rise edge)
                                  0.000000    0.000000   clock source latency
    16    0.027488    0.204868    0.138897    0.138897 ^ clk (in)
                                                         clk (net)
                      0.204868    0.000000    0.138897 ^ _41561_/CLK (sky130_fd_sc_hd__dfxtp_2)
     1    0.033442    0.160684    0.772445    0.911342 v _41561_/Q (sky130_fd_sc_hd__dfxtp_2)
                                                         output_low[7] (net)
                      0.160684    0.000000    0.911342 v output_low[7] (out)
                                              0.911342   data arrival time

                                  0.000000    0.000000   clock clk (rise edge)
                                  0.000000    0.000000   clock network delay (propagated)
                                  0.250000    0.250000   clock uncertainty
                                  0.000000    0.250000   clock reconvergence pessimism
                                 -5.000000   -4.750000   output external delay
                                             -4.750000   data required time
---------------------------------------------------------------------------------------------
                                             -4.750000   data required time
                                             -0.911342   data arrival time
---------------------------------------------------------------------------------------------
                                              5.661343   slack (MET)


Startpoint: _41562_ (rising edge-triggered flip-flop clocked by clk)
Endpoint: output_low[8] (output port clocked by clk)
Path Group: clk
Path Type: min

Fanout         Cap        Slew       Delay        Time   Description
---------------------------------------------------------------------------------------------
                                  0.000000    0.000000   clock clk (rise edge)
                                  0.000000    0.000000   clock source latency
    16    0.027488    0.204868    0.138897    0.138897 ^ clk (in)
                                                         clk (net)
                      0.204868    0.000000    0.138897 ^ _41562_/CLK (sky130_fd_sc_hd__dfxtp_2)
     1    0.033442    0.160684    0.772445    0.911342 v _41562_/Q (sky130_fd_sc_hd__dfxtp_2)
                                                         output_low[8] (net)
                      0.160684    0.000000    0.911342 v output_low[8] (out)
                                              0.911342   data arrival time

                                  0.000000    0.000000   clock clk (rise edge)
                                  0.000000    0.000000   clock network delay (propagated)
                                  0.250000    0.250000   clock uncertainty
                                  0.000000    0.250000   clock reconvergence pessimism
                                 -5.000000   -4.750000   output external delay
                                             -4.750000   data required time
---------------------------------------------------------------------------------------------
                                             -4.750000   data required time
                                             -0.911342   data arrival time
---------------------------------------------------------------------------------------------
                                              5.661343   slack (MET)


Startpoint: _41563_ (rising edge-triggered flip-flop clocked by clk)
Endpoint: output_low[9] (output port clocked by clk)
Path Group: clk
Path Type: min

Fanout         Cap        Slew       Delay        Time   Description
---------------------------------------------------------------------------------------------
                                  0.000000    0.000000   clock clk (rise edge)
                                  0.000000    0.000000   clock source latency
    16    0.027488    0.204868    0.138897    0.138897 ^ clk (in)
                                                         clk (net)
                      0.204868    0.000000    0.138897 ^ _41563_/CLK (sky130_fd_sc_hd__dfxtp_2)
     1    0.033442    0.160684    0.772445    0.911342 v _41563_/Q (sky130_fd_sc_hd__dfxtp_2)
                                                         output_low[9] (net)
                      0.160684    0.000000    0.911342 v output_low[9] (out)
                                              0.911342   data arrival time

                                  0.000000    0.000000   clock clk (rise edge)
                                  0.000000    0.000000   clock network delay (propagated)
                                  0.250000    0.250000   clock uncertainty
                                  0.000000    0.250000   clock reconvergence pessimism
                                 -5.000000   -4.750000   output external delay
                                             -4.750000   data required time
---------------------------------------------------------------------------------------------
                                             -4.750000   data required time
                                             -0.911342   data arrival time
---------------------------------------------------------------------------------------------
                                              5.661343   slack (MET)



