Reading OpenROAD database at '/mnt/d/APIC/FIR_Openlane/Highpass/runs/RUN_2024-06-17_13-26-48/40-openroad-repairantennas/1-diodeinsertion/highpass.odb'…
Reading library file at '/home/nurwiyoso14/.volare/volare/sky130/versions/bdc9412b3e468c102d01b7cf6337be06ec6e9c9a/sky130A/libs.ref/sky130_fd_sc_hd/lib/sky130_fd_sc_hd__tt_025C_1v80.lib'…
Reading design constraints file at '/nix/store/ly0xjc8f0gmgmckxcrs0bw8vqc9gf9bk-python3-3.11.6-env/lib/python3.11/site-packages/openlane/scripts/base.sdc'…
[INFO] Using clock clk…
[INFO] Setting output delay to: 5
[INFO] Setting input delay to: 5
[INFO] Setting load to: 0.033442
[INFO] Setting clock uncertainty to: 0.25
[INFO] Setting clock transition to: 0.1499999999999999944488848768742172978818416595458984375
[INFO] Setting timing derate to: 5%
%OL_CREATE_REPORT /mnt/d/APIC/FIR_Openlane/Highpass/runs/RUN_2024-06-17_13-26-48/40-openroad-repairantennas/2-openroad-checkantennas/reports/antenna.rpt
Net: _10738_
  Pin: _21949_/B (sky130_fd_sc_hd__xnor2_1)
    Layer: met3
      Partial area ratio:   92.18
      Required ratio:    0.00 (Gate area) 
      Partial area ratio:  492.61
      Required ratio:  400.00 (Side area) (VIOLATED)
      Cumulative area ratio:  105.92
      Required ratio:    0.00 (Cumulative area) 
      Cumulative area ratio:  561.70
      Required ratio:    0.00 (Cumulative side area) 

    Layer: met2
      Partial area ratio:    1.99
      Required ratio:    0.00 (Gate area) 
      Partial area ratio:   10.15
      Required ratio:  400.00 (Side area) 
      Cumulative area ratio:   13.74
      Required ratio:    0.00 (Cumulative area) 
      Cumulative area ratio:   69.09
      Required ratio:    0.00 (Cumulative side area) 

    Layer: met1
      Partial area ratio:   11.75
      Required ratio:    0.00 (Gate area) 
      Partial area ratio:   58.94
      Required ratio:  400.00 (Side area) 
      Cumulative area ratio:   11.75
      Required ratio:    0.00 (Cumulative area) 
      Cumulative area ratio:   58.94
      Required ratio:    0.00 (Cumulative side area) 

    Layer: li1
      Partial area ratio:    0.00
      Required ratio:    0.00 (Gate area) 
      Partial area ratio:    0.00
      Required ratio:   75.00 (Side area) 
      Cumulative area ratio:    0.00
      Required ratio:    0.00 (Cumulative area) 
      Cumulative area ratio:    0.00
      Required ratio:    0.00 (Cumulative side area) 

    Via: M2M3_PR
      Partial area ratio:    0.08
      Required ratio:    6.00 (Gate area) 
      Cumulative area ratio:    0.18
      Required ratio:    0.00 (Cumulative area) 

    Via: M1M2_PR
      Partial area ratio:    0.05
      Required ratio:    6.00 (Gate area) 
      Cumulative area ratio:    0.10
      Required ratio:    0.00 (Cumulative area) 

    Via: L1M1_PR
      Partial area ratio:    0.06
      Required ratio:    3.00 (Gate area) 
      Cumulative area ratio:    0.06
      Required ratio:    0.00 (Cumulative area) 


Net: net278
  Pin: _11818_/B2 (sky130_fd_sc_hd__o2bb2a_2)
    Layer: met1
      Partial area ratio:  122.37
      Required ratio:    0.00 (Gate area) 
      Partial area ratio:  616.18
      Required ratio:  400.00 (Side area) (VIOLATED)
      Cumulative area ratio:  122.37
      Required ratio:    0.00 (Cumulative area) 
      Cumulative area ratio:  616.18
      Required ratio:    0.00 (Cumulative side area) 

    Layer: met2
      Partial area ratio:   24.67
      Required ratio:    0.00 (Gate area) 
      Partial area ratio:  125.21
      Required ratio:  400.00 (Side area) 
      Cumulative area ratio:  147.04
      Required ratio:    0.00 (Cumulative area) 
      Cumulative area ratio:  741.38
      Required ratio:    0.00 (Cumulative side area) 

    Layer: li1
      Partial area ratio:    0.00
      Required ratio:    0.00 (Gate area) 
      Partial area ratio:    0.00
      Required ratio:   75.00 (Side area) 
      Cumulative area ratio:    0.00
      Required ratio:    0.00 (Cumulative area) 
      Cumulative area ratio:    0.00
      Required ratio:    0.00 (Cumulative side area) 

    Via: M1M2_PR
      Partial area ratio:    0.28
      Required ratio:    6.00 (Gate area) 
      Cumulative area ratio:    0.46
      Required ratio:    0.00 (Cumulative area) 

    Via: L1M1_PR
      Partial area ratio:    0.18
      Required ratio:    3.00 (Gate area) 
      Cumulative area ratio:    0.18
      Required ratio:    0.00 (Cumulative area) 


Net: net330
  Pin: _11581_/B (sky130_fd_sc_hd__xor2_2)
    Layer: met1
      Partial area ratio:    1.82
      Required ratio:    0.00 (Gate area) 
      Partial area ratio:    9.48
      Required ratio:  400.00 (Side area) 
      Cumulative area ratio:    1.82
      Required ratio:    0.00 (Cumulative area) 
      Cumulative area ratio:    9.48
      Required ratio:    0.00 (Cumulative side area) 

    Layer: met2
      Partial area ratio:    2.99
      Required ratio:    0.00 (Gate area) 
      Partial area ratio:   15.23
      Required ratio:  400.00 (Side area) 
      Cumulative area ratio:    4.80
      Required ratio:    0.00 (Cumulative area) 
      Cumulative area ratio:   24.71
      Required ratio:    0.00 (Cumulative side area) 

    Layer: met3
      Partial area ratio:   81.64
      Required ratio:    0.00 (Gate area) 
      Partial area ratio:  435.88
      Required ratio:  400.00 (Side area) (VIOLATED)
      Cumulative area ratio:   86.44
      Required ratio:    0.00 (Cumulative area) 
      Cumulative area ratio:  460.59
      Required ratio:    0.00 (Cumulative side area) 

    Via: M1M2_PR
      Partial area ratio:    0.02
      Required ratio:    6.00 (Gate area) 
      Cumulative area ratio:    0.02
      Required ratio:    0.00 (Cumulative area) 

    Via: M2M3_PR
      Partial area ratio:    0.04
      Required ratio:    6.00 (Gate area) 
      Cumulative area ratio:    0.06
      Required ratio:    0.00 (Cumulative area) 


[INFO ANT-0002] Found 3 net violations.
[INFO ANT-0001] Found 3 pin violations.
%OL_END_REPORT
