
===========================================================================
report_checks -unconstrained
===========================================================================
======================= max_tt_025C_1v80 Corner ===================================

Startpoint: input_data[50] (input port clocked by clk)
Endpoint: _41569_ (rising edge-triggered flip-flop clocked by clk)
Path Group: clk
Path Type: max

Fanout         Cap        Slew       Delay        Time   Description
---------------------------------------------------------------------------------------------
                                  0.000000    0.000000   clock clk (rise edge)
                                  0.000000    0.000000   clock network delay (propagated)
                                  5.000000    5.000000 ^ input external delay
     2    0.005607    0.031953    0.019868    5.019868 ^ input_data[50] (in)
                                                         input_data[50] (net)
                      0.031954    0.000000    5.019868 ^ input180/A (sky130_fd_sc_hd__clkbuf_2)
     2    0.046932    0.255928    0.242766    5.262634 ^ input180/X (sky130_fd_sc_hd__clkbuf_2)
                                                         net180 (net)
                      0.256464    0.009574    5.272208 ^ fanout847/A (sky130_fd_sc_hd__clkbuf_4)
    18    0.092733    0.280626    0.357368    5.629576 ^ fanout847/X (sky130_fd_sc_hd__clkbuf_4)
                                                         net847 (net)
                      0.287472    0.034798    5.664374 ^ fanout846/A (sky130_fd_sc_hd__clkbuf_8)
    20    0.119158    0.212307    0.306066    5.970440 ^ fanout846/X (sky130_fd_sc_hd__clkbuf_8)
                                                         net846 (net)
                      0.212456    0.005046    5.975486 ^ fanout845/A (sky130_fd_sc_hd__clkbuf_4)
    14    0.072518    0.220327    0.317197    6.292683 ^ fanout845/X (sky130_fd_sc_hd__clkbuf_4)
                                                         net845 (net)
                      0.221097    0.010580    6.303263 ^ fanout844/A (sky130_fd_sc_hd__clkbuf_8)
    20    0.102715    0.182613    0.286557    6.589820 ^ fanout844/X (sky130_fd_sc_hd__clkbuf_8)
                                                         net844 (net)
                      0.182848    0.005413    6.595233 ^ _22925_/A (sky130_fd_sc_hd__xor2_4)
     6    0.040945    0.132545    0.158606    6.753839 v _22925_/X (sky130_fd_sc_hd__xor2_4)
                                                         _12442_ (net)
                      0.132715    0.003653    6.757492 v _23067_/B (sky130_fd_sc_hd__xnor2_2)
     4    0.040224    0.520978    0.451109    7.208601 ^ _23067_/Y (sky130_fd_sc_hd__xnor2_2)
                                                         _12584_ (net)
                      0.521101    0.006566    7.215167 ^ fanout359/A (sky130_fd_sc_hd__clkbuf_4)
    20    0.078374    0.238876    0.400552    7.615719 ^ fanout359/X (sky130_fd_sc_hd__clkbuf_4)
                                                         net359 (net)
                      0.240134    0.014071    7.629789 ^ _23509_/A (sky130_fd_sc_hd__or2_2)
     5    0.026191    0.141302    0.240549    7.870338 ^ _23509_/X (sky130_fd_sc_hd__or2_2)
                                                         _13070_ (net)
                      0.141308    0.000763    7.871101 ^ _23511_/A (sky130_fd_sc_hd__nand2_2)
     6    0.028842    0.125918    0.140989    8.012091 v _23511_/Y (sky130_fd_sc_hd__nand2_2)
                                                         _13072_ (net)
                      0.125947    0.001601    8.013692 v _25052_/B (sky130_fd_sc_hd__and2_1)
     1    0.009124    0.060796    0.216295    8.229987 v _25052_/X (sky130_fd_sc_hd__and2_1)
                                                         _14766_ (net)
                      0.060809    0.000719    8.230707 v _25054_/A (sky130_fd_sc_hd__nor2_4)
    16    0.057237    0.359272    0.320079    8.550786 ^ _25054_/Y (sky130_fd_sc_hd__nor2_4)
                                                         _14768_ (net)
                      0.359459    0.006801    8.557587 ^ _38287_/A (sky130_fd_sc_hd__xor2_1)
     2    0.009547    0.230858    0.269262    8.826849 ^ _38287_/X (sky130_fd_sc_hd__xor2_1)
                                                         _08552_ (net)
                      0.230862    0.000717    8.827565 ^ _38288_/B (sky130_fd_sc_hd__xnor2_1)
     2    0.010338    0.263066    0.204475    9.032041 ^ _38288_/Y (sky130_fd_sc_hd__xnor2_1)
                                                         _08553_ (net)
                      0.263069    0.000703    9.032743 ^ _38289_/B (sky130_fd_sc_hd__xor2_1)
     2    0.010870    0.254938    0.278443    9.311186 ^ _38289_/X (sky130_fd_sc_hd__xor2_1)
                                                         _08554_ (net)
                      0.254939    0.000530    9.311716 ^ _38292_/A_N (sky130_fd_sc_hd__and2b_1)
     1    0.006567    0.049778    0.232933    9.544649 v _38292_/X (sky130_fd_sc_hd__and2b_1)
                                                         _08558_ (net)
                      0.049786    0.000510    9.545158 v _38293_/B (sky130_fd_sc_hd__nor2_2)
     2    0.022612    0.258924    0.219060    9.764219 ^ _38293_/Y (sky130_fd_sc_hd__nor2_2)
                                                         _08559_ (net)
                      0.258931    0.001091    9.765309 ^ _38296_/A (sky130_fd_sc_hd__xnor2_4)
     2    0.022852    0.099452    0.143026    9.908336 v _38296_/Y (sky130_fd_sc_hd__xnor2_4)
                                                         _08562_ (net)
                      0.099567    0.002601    9.910937 v _38299_/A (sky130_fd_sc_hd__xnor2_4)
     2    0.021367    0.093406    0.186908   10.097845 v _38299_/Y (sky130_fd_sc_hd__xnor2_4)
                                                         _08565_ (net)
                      0.093461    0.001713   10.099559 v _38301_/B (sky130_fd_sc_hd__xnor2_4)
     2    0.030076    0.266993    0.261065   10.360623 ^ _38301_/Y (sky130_fd_sc_hd__xnor2_4)
                                                         _08567_ (net)
                      0.267026    0.002287   10.362911 ^ _38303_/A (sky130_fd_sc_hd__xnor2_4)
     2    0.022284    0.098920    0.143538   10.506449 v _38303_/Y (sky130_fd_sc_hd__xnor2_4)
                                                         _08570_ (net)
                      0.098989    0.001997   10.508445 v _38314_/A (sky130_fd_sc_hd__xor2_4)
     2    0.030945    0.116053    0.231068   10.739512 v _38314_/X (sky130_fd_sc_hd__xor2_4)
                                                         _08582_ (net)
                      0.116159    0.002649   10.742162 v _38329_/A (sky130_fd_sc_hd__xnor2_4)
     4    0.093874    0.686342    0.584331   11.326493 ^ _38329_/Y (sky130_fd_sc_hd__xnor2_4)
                                                         _08598_ (net)
                      0.689115    0.035279   11.361773 ^ _38337_/A (sky130_fd_sc_hd__xor2_1)
     2    0.011204    0.262454    0.310230   11.672003 ^ _38337_/X (sky130_fd_sc_hd__xor2_1)
                                                         _08607_ (net)
                      0.262460    0.001018   11.673020 ^ _38340_/A (sky130_fd_sc_hd__xnor2_1)
     2    0.008636    0.099930    0.153209   11.826229 v _38340_/Y (sky130_fd_sc_hd__xnor2_1)
                                                         _08610_ (net)
                      0.099933    0.000364   11.826593 v _38341_/B (sky130_fd_sc_hd__xnor2_1)
     2    0.010705    0.270368    0.266912   12.093505 ^ _38341_/Y (sky130_fd_sc_hd__xnor2_1)
                                                         _08611_ (net)
                      0.270374    0.001000   12.094505 ^ _38343_/A (sky130_fd_sc_hd__xnor2_1)
     2    0.004895    0.077252    0.129055   12.223560 v _38343_/Y (sky130_fd_sc_hd__xnor2_1)
                                                         _08614_ (net)
                      0.077254    0.000252   12.223812 v _38344_/C (sky130_fd_sc_hd__or3_1)
     3    0.010506    0.105744    0.368276   12.592089 v _38344_/X (sky130_fd_sc_hd__or3_1)
                                                         _08615_ (net)
                      0.105748    0.000539   12.592628 v _38347_/A1 (sky130_fd_sc_hd__a211oi_1)
     2    0.007650    0.312525    0.319131   12.911759 ^ _38347_/Y (sky130_fd_sc_hd__a211oi_1)
                                                         _08618_ (net)
                      0.312525    0.000295   12.912054 ^ _38348_/B (sky130_fd_sc_hd__nor2_1)
     1    0.005383    0.078521    0.094899   13.006953 v _38348_/Y (sky130_fd_sc_hd__nor2_1)
                                                         _08619_ (net)
                      0.078524    0.000391   13.007344 v _38349_/B (sky130_fd_sc_hd__xnor2_1)
     2    0.010057    0.117089    0.171922   13.179266 v _38349_/Y (sky130_fd_sc_hd__xnor2_1)
                                                         _08620_ (net)
                      0.117094    0.000646   13.179912 v _38351_/A (sky130_fd_sc_hd__xnor2_1)
     3    0.011817    0.292832    0.308850   13.488762 ^ _38351_/Y (sky130_fd_sc_hd__xnor2_1)
                                                         _08622_ (net)
                      0.292837    0.000991   13.489753 ^ _38354_/B (sky130_fd_sc_hd__xnor2_1)
     1    0.009690    0.113119    0.157451   13.647203 v _38354_/Y (sky130_fd_sc_hd__xnor2_1)
                                                         _08626_ (net)
                      0.113127    0.000753   13.647957 v _38356_/A (sky130_fd_sc_hd__xnor2_2)
     2    0.020286    0.292171    0.306889   13.954845 ^ _38356_/Y (sky130_fd_sc_hd__xnor2_2)
                                                         _08628_ (net)
                      0.292180    0.001291   13.956136 ^ _38357_/B (sky130_fd_sc_hd__xnor2_2)
     2    0.020712    0.118632    0.164486   14.120623 v _38357_/Y (sky130_fd_sc_hd__xnor2_2)
                                                         _08629_ (net)
                      0.118717    0.002530   14.123152 v _38360_/A (sky130_fd_sc_hd__xnor2_1)
     2    0.011772    0.291878    0.308830   14.431982 ^ _38360_/Y (sky130_fd_sc_hd__xnor2_1)
                                                         _08632_ (net)
                      0.291881    0.000787   14.432769 ^ _38361_/B1 (sky130_fd_sc_hd__a21o_2)
     3    0.022983    0.122338    0.207781   14.640551 ^ _38361_/X (sky130_fd_sc_hd__a21o_2)
                                                         _08633_ (net)
                      0.122342    0.000595   14.641146 ^ _40337_/A2 (sky130_fd_sc_hd__a21oi_1)
     1    0.009031    0.096914    0.115485   14.756631 v _40337_/Y (sky130_fd_sc_hd__a21oi_1)
                                                         _10806_ (net)
                      0.096922    0.000690   14.757321 v _40338_/B1 (sky130_fd_sc_hd__a311oi_4)
     2    0.051198    0.651250    0.617334   15.374655 ^ _40338_/Y (sky130_fd_sc_hd__a311oi_4)
                                                         _10807_ (net)
                      0.651507    0.010344   15.384998 ^ _40674_/A2 (sky130_fd_sc_hd__o31ai_1)
     1    0.003303    0.111471    0.154969   15.539968 v _40674_/Y (sky130_fd_sc_hd__o31ai_1)
                                                         _11177_ (net)
                      0.111471    0.000238   15.540206 v _40830_/A1 (sky130_fd_sc_hd__a21o_1)
     1    0.011321    0.067795    0.214373   15.754579 v _40830_/X (sky130_fd_sc_hd__a21o_1)
                                                         _11348_ (net)
                      0.067831    0.001270   15.755849 v _41078_/A1 (sky130_fd_sc_hd__a211oi_2)
     2    0.032713    0.594824    0.517771   16.273619 ^ _41078_/Y (sky130_fd_sc_hd__a211oi_2)
                                                         _11621_ (net)
                      0.594894    0.005302   16.278921 ^ _41277_/A1 (sky130_fd_sc_hd__o21ba_1)
     2    0.034433    0.338612    0.429036   16.707958 ^ _41277_/X (sky130_fd_sc_hd__o21ba_1)
                                                         _11840_ (net)
                      0.338729    0.005240   16.713198 ^ _41396_/A1 (sky130_fd_sc_hd__o21bai_1)
     1    0.016766    0.163044    0.223061   16.936258 v _41396_/Y (sky130_fd_sc_hd__o21bai_1)
                                                         _11971_ (net)
                      0.163090    0.002220   16.938480 v _41516_/A1 (sky130_fd_sc_hd__a21oi_1)
     1    0.005308    0.149700    0.199647   17.138126 ^ _41516_/Y (sky130_fd_sc_hd__a21oi_1)
                                                         _12103_ (net)
                      0.149702    0.000382   17.138508 ^ _41551_/A1 (sky130_fd_sc_hd__o21a_1)
     1    0.003846    0.050135    0.148971   17.287479 ^ _41551_/X (sky130_fd_sc_hd__o21a_1)
                                                         _12141_ (net)
                      0.050136    0.000165   17.287643 ^ _41553_/A1 (sky130_fd_sc_hd__o21a_1)
     1    0.003475    0.047815    0.119581   17.407225 ^ _41553_/X (sky130_fd_sc_hd__o21a_1)
                                                         _00015_ (net)
                      0.047817    0.000204   17.407429 ^ _41569_/D (sky130_fd_sc_hd__dfxtp_4)
                                             17.407429   data arrival time

                                 25.000000   25.000000   clock clk (rise edge)
                                  0.000000   25.000000   clock source latency
     2    0.150498    0.680547    0.492221   25.492220 ^ clk (in)
                                                         clk (net)
                      0.689712    0.000000   25.492220 ^ clkbuf_0_clk/A (sky130_fd_sc_hd__clkbuf_16)
     4    0.037647    0.071346    0.286343   25.778564 ^ clkbuf_0_clk/X (sky130_fd_sc_hd__clkbuf_16)
                                                         clknet_0_clk (net)
                      0.071382    0.002691   25.781256 ^ clkbuf_1_1__f_clk/A (sky130_fd_sc_hd__clkbuf_16)
    14    0.067429    0.085389    0.169488   25.950743 ^ clkbuf_1_1__f_clk/X (sky130_fd_sc_hd__clkbuf_16)
                                                         clknet_1_1__leaf_clk (net)
                      0.085978    0.005606   25.956348 ^ _41569_/CLK (sky130_fd_sc_hd__dfxtp_4)
                                 -0.250000   25.706350   clock uncertainty
                                  0.000000   25.706350   clock reconvergence pessimism
                                 -0.054775   25.651573   library setup time
                                             25.651573   data required time
---------------------------------------------------------------------------------------------
                                             25.651573   data required time
                                            -17.407429   data arrival time
---------------------------------------------------------------------------------------------
                                              8.244145   slack (MET)




===========================================================================
report_checks --slack_max -0.01
============================================================================
======================= max_tt_025C_1v80 Corner ===================================

No paths found.


===========================================================================
 report_check_types -max_slew -max_cap -max_fanout -violators
============================================================================
======================= max_tt_025C_1v80 Corner ===================================

max slew

Pin                                        Limit        Slew       Slack
------------------------------------------------------------------------
_40294_/A                               0.750000    0.813564   -0.063564 (VIOLATED)
ANTENNA__40294__A/DIODE                 0.750000    0.813559   -0.063559 (VIOLATED)
_40279_/Y                               0.750000    0.813255   -0.063255 (VIOLATED)
_32970_/A                               0.750000    0.795319   -0.045319 (VIOLATED)
_32969_/A                               0.750000    0.795318   -0.045318 (VIOLATED)
ANTENNA__32970__A/DIODE                 0.750000    0.795317   -0.045317 (VIOLATED)
ANTENNA__32969__A/DIODE                 0.750000    0.795316   -0.045316 (VIOLATED)
_32919_/Y                               0.750000    0.795237   -0.045237 (VIOLATED)
_41188_/B                               0.750000    0.768935   -0.018935 (VIOLATED)
ANTENNA__41188__B/DIODE                 0.750000    0.768920   -0.018920 (VIOLATED)
_41187_/Y                               0.750000    0.768574   -0.018574 (VIOLATED)

max fanout

Pin                                   Limit Fanout  Slack
---------------------------------------------------------
fanout796/X                              10     26    -16 (VIOLATED)
wire1019/X                               10     26    -16 (VIOLATED)
_21719_/X                                10     21    -11 (VIOLATED)
_20789_/Y                                10     20    -10 (VIOLATED)
_20799_/Y                                10     20    -10 (VIOLATED)
_20842_/Y                                10     20    -10 (VIOLATED)
_20906_/Y                                10     20    -10 (VIOLATED)
_21566_/Y                                10     20    -10 (VIOLATED)
_21599_/Y                                10     20    -10 (VIOLATED)
_21949_/Y                                10     20    -10 (VIOLATED)
_22288_/Y                                10     20    -10 (VIOLATED)
_23505_/X                                10     20    -10 (VIOLATED)
_24617_/Y                                10     20    -10 (VIOLATED)
_25008_/Y                                10     20    -10 (VIOLATED)
_25951_/Y                                10     20    -10 (VIOLATED)
_28059_/Y                                10     20    -10 (VIOLATED)
_30818_/Y                                10     20    -10 (VIOLATED)
fanout1007/X                             10     20    -10 (VIOLATED)
fanout1012/X                             10     20    -10 (VIOLATED)
fanout1014/X                             10     20    -10 (VIOLATED)
fanout1016/X                             10     20    -10 (VIOLATED)
fanout1025/X                             10     20    -10 (VIOLATED)
fanout1027/X                             10     20    -10 (VIOLATED)
fanout1029/X                             10     20    -10 (VIOLATED)
fanout1032/X                             10     20    -10 (VIOLATED)
fanout1038/X                             10     20    -10 (VIOLATED)
fanout1040/X                             10     20    -10 (VIOLATED)
fanout1043/X                             10     20    -10 (VIOLATED)
fanout279/X                              10     20    -10 (VIOLATED)
fanout300/X                              10     20    -10 (VIOLATED)
fanout306/X                              10     20    -10 (VIOLATED)
fanout307/X                              10     20    -10 (VIOLATED)
fanout309/X                              10     20    -10 (VIOLATED)
fanout311/X                              10     20    -10 (VIOLATED)
fanout318/X                              10     20    -10 (VIOLATED)
fanout319/X                              10     20    -10 (VIOLATED)
fanout321/X                              10     20    -10 (VIOLATED)
fanout322/X                              10     20    -10 (VIOLATED)
fanout324/X                              10     20    -10 (VIOLATED)
fanout326/X                              10     20    -10 (VIOLATED)
fanout328/X                              10     20    -10 (VIOLATED)
fanout329/X                              10     20    -10 (VIOLATED)
fanout331/X                              10     20    -10 (VIOLATED)
fanout333/X                              10     20    -10 (VIOLATED)
fanout335/X                              10     20    -10 (VIOLATED)
fanout337/X                              10     20    -10 (VIOLATED)
fanout339/X                              10     20    -10 (VIOLATED)
fanout340/X                              10     20    -10 (VIOLATED)
fanout343/X                              10     20    -10 (VIOLATED)
fanout345/X                              10     20    -10 (VIOLATED)
fanout349/X                              10     20    -10 (VIOLATED)
fanout358/X                              10     20    -10 (VIOLATED)
fanout359/X                              10     20    -10 (VIOLATED)
fanout361/X                              10     20    -10 (VIOLATED)
fanout363/X                              10     20    -10 (VIOLATED)
fanout364/X                              10     20    -10 (VIOLATED)
fanout366/X                              10     20    -10 (VIOLATED)
fanout367/X                              10     20    -10 (VIOLATED)
fanout368/X                              10     20    -10 (VIOLATED)
fanout369/X                              10     20    -10 (VIOLATED)
fanout370/X                              10     20    -10 (VIOLATED)
fanout375/X                              10     20    -10 (VIOLATED)
fanout376/X                              10     20    -10 (VIOLATED)
fanout377/X                              10     20    -10 (VIOLATED)
fanout379/X                              10     20    -10 (VIOLATED)
fanout380/X                              10     20    -10 (VIOLATED)
fanout381/X                              10     20    -10 (VIOLATED)
fanout382/X                              10     20    -10 (VIOLATED)
fanout384/X                              10     20    -10 (VIOLATED)
fanout386/X                              10     20    -10 (VIOLATED)
fanout388/X                              10     20    -10 (VIOLATED)
fanout389/X                              10     20    -10 (VIOLATED)
fanout390/X                              10     20    -10 (VIOLATED)
fanout391/X                              10     20    -10 (VIOLATED)
fanout393/X                              10     20    -10 (VIOLATED)
fanout395/X                              10     20    -10 (VIOLATED)
fanout397/X                              10     20    -10 (VIOLATED)
fanout399/X                              10     20    -10 (VIOLATED)
fanout401/X                              10     20    -10 (VIOLATED)
fanout403/X                              10     20    -10 (VIOLATED)
fanout405/X                              10     20    -10 (VIOLATED)
fanout407/X                              10     20    -10 (VIOLATED)
fanout411/X                              10     20    -10 (VIOLATED)
fanout412/X                              10     20    -10 (VIOLATED)
fanout416/X                              10     20    -10 (VIOLATED)
fanout420/X                              10     20    -10 (VIOLATED)
fanout421/X                              10     20    -10 (VIOLATED)
fanout423/X                              10     20    -10 (VIOLATED)
fanout424/X                              10     20    -10 (VIOLATED)
fanout425/X                              10     20    -10 (VIOLATED)
fanout428/X                              10     20    -10 (VIOLATED)
fanout431/X                              10     20    -10 (VIOLATED)
fanout433/X                              10     20    -10 (VIOLATED)
fanout436/X                              10     20    -10 (VIOLATED)
fanout437/X                              10     20    -10 (VIOLATED)
fanout438/X                              10     20    -10 (VIOLATED)
fanout440/X                              10     20    -10 (VIOLATED)
fanout441/X                              10     20    -10 (VIOLATED)
fanout443/X                              10     20    -10 (VIOLATED)
fanout444/X                              10     20    -10 (VIOLATED)
fanout445/X                              10     20    -10 (VIOLATED)
fanout446/X                              10     20    -10 (VIOLATED)
fanout447/X                              10     20    -10 (VIOLATED)
fanout450/X                              10     20    -10 (VIOLATED)
fanout451/X                              10     20    -10 (VIOLATED)
fanout452/X                              10     20    -10 (VIOLATED)
fanout453/X                              10     20    -10 (VIOLATED)
fanout454/X                              10     20    -10 (VIOLATED)
fanout460/X                              10     20    -10 (VIOLATED)
fanout462/X                              10     20    -10 (VIOLATED)
fanout465/X                              10     20    -10 (VIOLATED)
fanout467/X                              10     20    -10 (VIOLATED)
fanout468/X                              10     20    -10 (VIOLATED)
fanout470/X                              10     20    -10 (VIOLATED)
fanout472/X                              10     20    -10 (VIOLATED)
fanout473/X                              10     20    -10 (VIOLATED)
fanout477/X                              10     20    -10 (VIOLATED)
fanout479/X                              10     20    -10 (VIOLATED)
fanout481/X                              10     20    -10 (VIOLATED)
fanout483/X                              10     20    -10 (VIOLATED)
fanout485/X                              10     20    -10 (VIOLATED)
fanout487/X                              10     20    -10 (VIOLATED)
fanout489/X                              10     20    -10 (VIOLATED)
fanout492/X                              10     20    -10 (VIOLATED)
fanout494/X                              10     20    -10 (VIOLATED)
fanout501/X                              10     20    -10 (VIOLATED)
fanout505/X                              10     20    -10 (VIOLATED)
fanout506/X                              10     20    -10 (VIOLATED)
fanout509/X                              10     20    -10 (VIOLATED)
fanout512/X                              10     20    -10 (VIOLATED)
fanout513/X                              10     20    -10 (VIOLATED)
fanout516/X                              10     20    -10 (VIOLATED)
fanout524/X                              10     20    -10 (VIOLATED)
fanout534/X                              10     20    -10 (VIOLATED)
fanout543/X                              10     20    -10 (VIOLATED)
fanout544/X                              10     20    -10 (VIOLATED)
fanout550/X                              10     20    -10 (VIOLATED)
fanout554/X                              10     20    -10 (VIOLATED)
fanout555/X                              10     20    -10 (VIOLATED)
fanout558/X                              10     20    -10 (VIOLATED)
fanout559/X                              10     20    -10 (VIOLATED)
fanout561/X                              10     20    -10 (VIOLATED)
fanout562/X                              10     20    -10 (VIOLATED)
fanout569/X                              10     20    -10 (VIOLATED)
fanout571/X                              10     20    -10 (VIOLATED)
fanout574/X                              10     20    -10 (VIOLATED)
fanout575/X                              10     20    -10 (VIOLATED)
fanout576/X                              10     20    -10 (VIOLATED)
fanout577/X                              10     20    -10 (VIOLATED)
fanout578/X                              10     20    -10 (VIOLATED)
fanout581/X                              10     20    -10 (VIOLATED)
fanout582/X                              10     20    -10 (VIOLATED)
fanout583/X                              10     20    -10 (VIOLATED)
fanout585/X                              10     20    -10 (VIOLATED)
fanout590/X                              10     20    -10 (VIOLATED)
fanout591/X                              10     20    -10 (VIOLATED)
fanout593/X                              10     20    -10 (VIOLATED)
fanout595/X                              10     20    -10 (VIOLATED)
fanout597/X                              10     20    -10 (VIOLATED)
fanout600/X                              10     20    -10 (VIOLATED)
fanout602/X                              10     20    -10 (VIOLATED)
fanout604/X                              10     20    -10 (VIOLATED)
fanout608/X                              10     20    -10 (VIOLATED)
fanout610/X                              10     20    -10 (VIOLATED)
fanout612/X                              10     20    -10 (VIOLATED)
fanout614/X                              10     20    -10 (VIOLATED)
fanout616/X                              10     20    -10 (VIOLATED)
fanout618/X                              10     20    -10 (VIOLATED)
fanout620/X                              10     20    -10 (VIOLATED)
fanout623/X                              10     20    -10 (VIOLATED)
fanout628/X                              10     20    -10 (VIOLATED)
fanout632/X                              10     20    -10 (VIOLATED)
fanout633/X                              10     20    -10 (VIOLATED)
fanout635/X                              10     20    -10 (VIOLATED)
fanout638/X                              10     20    -10 (VIOLATED)
fanout641/X                              10     20    -10 (VIOLATED)
fanout643/X                              10     20    -10 (VIOLATED)
fanout644/X                              10     20    -10 (VIOLATED)
fanout645/X                              10     20    -10 (VIOLATED)
fanout647/X                              10     20    -10 (VIOLATED)
fanout649/X                              10     20    -10 (VIOLATED)
fanout650/X                              10     20    -10 (VIOLATED)
fanout651/X                              10     20    -10 (VIOLATED)
fanout652/X                              10     20    -10 (VIOLATED)
fanout653/X                              10     20    -10 (VIOLATED)
fanout656/X                              10     20    -10 (VIOLATED)
fanout659/X                              10     20    -10 (VIOLATED)
fanout660/X                              10     20    -10 (VIOLATED)
fanout663/X                              10     20    -10 (VIOLATED)
fanout666/X                              10     20    -10 (VIOLATED)
fanout669/X                              10     20    -10 (VIOLATED)
fanout671/X                              10     20    -10 (VIOLATED)
fanout675/X                              10     20    -10 (VIOLATED)
fanout683/X                              10     20    -10 (VIOLATED)
fanout686/X                              10     20    -10 (VIOLATED)
fanout687/X                              10     20    -10 (VIOLATED)
fanout691/X                              10     20    -10 (VIOLATED)
fanout697/X                              10     20    -10 (VIOLATED)
fanout699/X                              10     20    -10 (VIOLATED)
fanout700/X                              10     20    -10 (VIOLATED)
fanout701/X                              10     20    -10 (VIOLATED)
fanout702/X                              10     20    -10 (VIOLATED)
fanout703/X                              10     20    -10 (VIOLATED)
fanout705/X                              10     20    -10 (VIOLATED)
fanout706/X                              10     20    -10 (VIOLATED)
fanout707/X                              10     20    -10 (VIOLATED)
fanout709/X                              10     20    -10 (VIOLATED)
fanout716/X                              10     20    -10 (VIOLATED)
fanout717/X                              10     20    -10 (VIOLATED)
fanout718/X                              10     20    -10 (VIOLATED)
fanout721/X                              10     20    -10 (VIOLATED)
fanout725/X                              10     20    -10 (VIOLATED)
fanout726/X                              10     20    -10 (VIOLATED)
fanout727/X                              10     20    -10 (VIOLATED)
fanout728/X                              10     20    -10 (VIOLATED)
fanout731/X                              10     20    -10 (VIOLATED)
fanout734/X                              10     20    -10 (VIOLATED)
fanout736/X                              10     20    -10 (VIOLATED)
fanout738/X                              10     20    -10 (VIOLATED)
fanout739/X                              10     20    -10 (VIOLATED)
fanout741/X                              10     20    -10 (VIOLATED)
fanout743/X                              10     20    -10 (VIOLATED)
fanout746/X                              10     20    -10 (VIOLATED)
fanout749/X                              10     20    -10 (VIOLATED)
fanout750/X                              10     20    -10 (VIOLATED)
fanout752/X                              10     20    -10 (VIOLATED)
fanout754/X                              10     20    -10 (VIOLATED)
fanout759/X                              10     20    -10 (VIOLATED)
fanout761/X                              10     20    -10 (VIOLATED)
fanout762/X                              10     20    -10 (VIOLATED)
fanout763/X                              10     20    -10 (VIOLATED)
fanout765/X                              10     20    -10 (VIOLATED)
fanout767/X                              10     20    -10 (VIOLATED)
fanout771/X                              10     20    -10 (VIOLATED)
fanout773/X                              10     20    -10 (VIOLATED)
fanout777/X                              10     20    -10 (VIOLATED)
fanout778/X                              10     20    -10 (VIOLATED)
fanout779/X                              10     20    -10 (VIOLATED)
fanout781/X                              10     20    -10 (VIOLATED)
fanout783/X                              10     20    -10 (VIOLATED)
fanout784/X                              10     20    -10 (VIOLATED)
fanout787/X                              10     20    -10 (VIOLATED)
fanout790/X                              10     20    -10 (VIOLATED)
fanout792/X                              10     20    -10 (VIOLATED)
fanout793/X                              10     20    -10 (VIOLATED)
fanout794/X                              10     20    -10 (VIOLATED)
fanout795/X                              10     20    -10 (VIOLATED)
fanout797/X                              10     20    -10 (VIOLATED)
fanout799/X                              10     20    -10 (VIOLATED)
fanout801/X                              10     20    -10 (VIOLATED)
fanout802/X                              10     20    -10 (VIOLATED)
fanout805/X                              10     20    -10 (VIOLATED)
fanout810/X                              10     20    -10 (VIOLATED)
fanout812/X                              10     20    -10 (VIOLATED)
fanout816/X                              10     20    -10 (VIOLATED)
fanout818/X                              10     20    -10 (VIOLATED)
fanout820/X                              10     20    -10 (VIOLATED)
fanout821/X                              10     20    -10 (VIOLATED)
fanout822/X                              10     20    -10 (VIOLATED)
fanout823/X                              10     20    -10 (VIOLATED)
fanout825/X                              10     20    -10 (VIOLATED)
fanout826/X                              10     20    -10 (VIOLATED)
fanout827/X                              10     20    -10 (VIOLATED)
fanout828/X                              10     20    -10 (VIOLATED)
fanout830/X                              10     20    -10 (VIOLATED)
fanout831/X                              10     20    -10 (VIOLATED)
fanout832/X                              10     20    -10 (VIOLATED)
fanout834/X                              10     20    -10 (VIOLATED)
fanout835/X                              10     20    -10 (VIOLATED)
fanout836/X                              10     20    -10 (VIOLATED)
fanout837/X                              10     20    -10 (VIOLATED)
fanout840/X                              10     20    -10 (VIOLATED)
fanout841/X                              10     20    -10 (VIOLATED)
fanout844/X                              10     20    -10 (VIOLATED)
fanout846/X                              10     20    -10 (VIOLATED)
fanout848/X                              10     20    -10 (VIOLATED)
fanout852/X                              10     20    -10 (VIOLATED)
fanout854/X                              10     20    -10 (VIOLATED)
fanout855/X                              10     20    -10 (VIOLATED)
fanout856/X                              10     20    -10 (VIOLATED)
fanout858/X                              10     20    -10 (VIOLATED)
fanout860/X                              10     20    -10 (VIOLATED)
fanout862/X                              10     20    -10 (VIOLATED)
fanout866/X                              10     20    -10 (VIOLATED)
fanout869/X                              10     20    -10 (VIOLATED)
fanout873/X                              10     20    -10 (VIOLATED)
fanout876/X                              10     20    -10 (VIOLATED)
fanout877/X                              10     20    -10 (VIOLATED)
fanout879/X                              10     20    -10 (VIOLATED)
fanout881/X                              10     20    -10 (VIOLATED)
fanout883/X                              10     20    -10 (VIOLATED)
fanout884/X                              10     20    -10 (VIOLATED)
fanout886/X                              10     20    -10 (VIOLATED)
fanout888/X                              10     20    -10 (VIOLATED)
fanout890/X                              10     20    -10 (VIOLATED)
fanout892/X                              10     20    -10 (VIOLATED)
fanout893/X                              10     20    -10 (VIOLATED)
fanout895/X                              10     20    -10 (VIOLATED)
fanout896/X                              10     20    -10 (VIOLATED)
fanout899/X                              10     20    -10 (VIOLATED)
fanout901/X                              10     20    -10 (VIOLATED)
fanout902/X                              10     20    -10 (VIOLATED)
fanout904/X                              10     20    -10 (VIOLATED)
fanout908/X                              10     20    -10 (VIOLATED)
fanout909/X                              10     20    -10 (VIOLATED)
fanout910/X                              10     20    -10 (VIOLATED)
fanout912/X                              10     20    -10 (VIOLATED)
fanout913/X                              10     20    -10 (VIOLATED)
fanout917/X                              10     20    -10 (VIOLATED)
fanout918/X                              10     20    -10 (VIOLATED)
fanout919/X                              10     20    -10 (VIOLATED)
fanout922/X                              10     20    -10 (VIOLATED)
fanout923/X                              10     20    -10 (VIOLATED)
fanout924/X                              10     20    -10 (VIOLATED)
fanout928/X                              10     20    -10 (VIOLATED)
fanout930/X                              10     20    -10 (VIOLATED)
fanout931/X                              10     20    -10 (VIOLATED)
fanout934/X                              10     20    -10 (VIOLATED)
fanout935/X                              10     20    -10 (VIOLATED)
fanout936/X                              10     20    -10 (VIOLATED)
fanout937/X                              10     20    -10 (VIOLATED)
fanout941/X                              10     20    -10 (VIOLATED)
fanout942/X                              10     20    -10 (VIOLATED)
fanout945/X                              10     20    -10 (VIOLATED)
fanout947/X                              10     20    -10 (VIOLATED)
fanout949/X                              10     20    -10 (VIOLATED)
fanout952/X                              10     20    -10 (VIOLATED)
fanout956/X                              10     20    -10 (VIOLATED)
fanout966/X                              10     20    -10 (VIOLATED)
fanout968/X                              10     20    -10 (VIOLATED)
fanout973/X                              10     20    -10 (VIOLATED)
fanout978/X                              10     20    -10 (VIOLATED)
fanout979/X                              10     20    -10 (VIOLATED)
fanout982/X                              10     20    -10 (VIOLATED)
fanout985/X                              10     20    -10 (VIOLATED)
fanout986/X                              10     20    -10 (VIOLATED)
fanout991/X                              10     20    -10 (VIOLATED)
fanout992/X                              10     20    -10 (VIOLATED)
fanout993/X                              10     20    -10 (VIOLATED)
fanout995/X                              10     20    -10 (VIOLATED)
fanout997/X                              10     20    -10 (VIOLATED)
input100/X                               10     20    -10 (VIOLATED)
input11/X                                10     20    -10 (VIOLATED)
input121/X                               10     20    -10 (VIOLATED)
input45/X                                10     20    -10 (VIOLATED)
input95/X                                10     20    -10 (VIOLATED)
wire1037/X                               10     20    -10 (VIOLATED)
wire352/X                                10     20    -10 (VIOLATED)
_20779_/Y                                10     18     -8 (VIOLATED)
_20783_/Y                                10     18     -8 (VIOLATED)
_20800_/Y                                10     18     -8 (VIOLATED)
_20816_/Y                                10     18     -8 (VIOLATED)
_20831_/Y                                10     18     -8 (VIOLATED)
_20849_/Y                                10     18     -8 (VIOLATED)
_20956_/Y                                10     18     -8 (VIOLATED)
_21228_/X                                10     18     -8 (VIOLATED)
_21330_/X                                10     18     -8 (VIOLATED)
_21331_/Y                                10     18     -8 (VIOLATED)
_21798_/Y                                10     18     -8 (VIOLATED)
_22386_/Y                                10     18     -8 (VIOLATED)
_22404_/X                                10     18     -8 (VIOLATED)
_22546_/X                                10     18     -8 (VIOLATED)
_22597_/Y                                10     18     -8 (VIOLATED)
_22990_/X                                10     18     -8 (VIOLATED)
_23933_/Y                                10     18     -8 (VIOLATED)
_23934_/X                                10     18     -8 (VIOLATED)
_24100_/Y                                10     18     -8 (VIOLATED)
_25351_/X                                10     18     -8 (VIOLATED)
_25414_/X                                10     18     -8 (VIOLATED)
_26675_/X                                10     18     -8 (VIOLATED)
_27454_/Y                                10     18     -8 (VIOLATED)
_27952_/Y                                10     18     -8 (VIOLATED)
_29411_/X                                10     18     -8 (VIOLATED)
_29817_/X                                10     18     -8 (VIOLATED)
_31511_/Y                                10     18     -8 (VIOLATED)
clkbuf_1_0__f_clk/X                      10     18     -8 (VIOLATED)
fanout1031/X                             10     18     -8 (VIOLATED)
fanout392/X                              10     18     -8 (VIOLATED)
fanout456/X                              10     18     -8 (VIOLATED)
fanout490/X                              10     18     -8 (VIOLATED)
fanout491/X                              10     18     -8 (VIOLATED)
fanout517/X                              10     18     -8 (VIOLATED)
fanout541/X                              10     18     -8 (VIOLATED)
fanout549/X                              10     18     -8 (VIOLATED)
fanout553/X                              10     18     -8 (VIOLATED)
fanout565/X                              10     18     -8 (VIOLATED)
fanout568/X                              10     18     -8 (VIOLATED)
fanout570/X                              10     18     -8 (VIOLATED)
fanout573/X                              10     18     -8 (VIOLATED)
fanout580/X                              10     18     -8 (VIOLATED)
fanout594/X                              10     18     -8 (VIOLATED)
fanout601/X                              10     18     -8 (VIOLATED)
fanout617/X                              10     18     -8 (VIOLATED)
fanout619/X                              10     18     -8 (VIOLATED)
fanout626/X                              10     18     -8 (VIOLATED)
fanout642/X                              10     18     -8 (VIOLATED)
fanout646/X                              10     18     -8 (VIOLATED)
fanout658/X                              10     18     -8 (VIOLATED)
fanout682/X                              10     18     -8 (VIOLATED)
fanout690/X                              10     18     -8 (VIOLATED)
fanout696/X                              10     18     -8 (VIOLATED)
fanout704/X                              10     18     -8 (VIOLATED)
fanout715/X                              10     18     -8 (VIOLATED)
fanout720/X                              10     18     -8 (VIOLATED)
fanout747/X                              10     18     -8 (VIOLATED)
fanout756/X                              10     18     -8 (VIOLATED)
fanout764/X                              10     18     -8 (VIOLATED)
fanout782/X                              10     18     -8 (VIOLATED)
fanout804/X                              10     18     -8 (VIOLATED)
fanout833/X                              10     18     -8 (VIOLATED)
fanout842/X                              10     18     -8 (VIOLATED)
fanout843/X                              10     18     -8 (VIOLATED)
fanout847/X                              10     18     -8 (VIOLATED)
fanout875/X                              10     18     -8 (VIOLATED)
fanout900/X                              10     18     -8 (VIOLATED)
fanout903/X                              10     18     -8 (VIOLATED)
fanout938/X                              10     18     -8 (VIOLATED)
fanout957/X                              10     18     -8 (VIOLATED)
fanout967/X                              10     18     -8 (VIOLATED)
input114/X                               10     18     -8 (VIOLATED)
input119/X                               10     18     -8 (VIOLATED)
max_cap415/X                             10     18     -8 (VIOLATED)
wire1018/X                               10     18     -8 (VIOLATED)
_20814_/Y                                10     16     -6 (VIOLATED)
_20828_/Y                                10     16     -6 (VIOLATED)
_20853_/Y                                10     16     -6 (VIOLATED)
_20854_/Y                                10     16     -6 (VIOLATED)
_20878_/Y                                10     16     -6 (VIOLATED)
_20955_/X                                10     16     -6 (VIOLATED)
_21016_/Y                                10     16     -6 (VIOLATED)
_21141_/Y                                10     16     -6 (VIOLATED)
_21144_/Y                                10     16     -6 (VIOLATED)
_21208_/X                                10     16     -6 (VIOLATED)
_21542_/Y                                10     16     -6 (VIOLATED)
_21620_/Y                                10     16     -6 (VIOLATED)
_21718_/Y                                10     16     -6 (VIOLATED)
_21821_/Y                                10     16     -6 (VIOLATED)
_21824_/X                                10     16     -6 (VIOLATED)
_22060_/Y                                10     16     -6 (VIOLATED)
_22159_/Y                                10     16     -6 (VIOLATED)
_22353_/Y                                10     16     -6 (VIOLATED)
_22402_/Y                                10     16     -6 (VIOLATED)
_22695_/X                                10     16     -6 (VIOLATED)
_22813_/X                                10     16     -6 (VIOLATED)
_22815_/Y                                10     16     -6 (VIOLATED)
_22960_/X                                10     16     -6 (VIOLATED)
_23071_/Y                                10     16     -6 (VIOLATED)
_23225_/Y                                10     16     -6 (VIOLATED)
_23796_/Y                                10     16     -6 (VIOLATED)
_24314_/Y                                10     16     -6 (VIOLATED)
_24819_/Y                                10     16     -6 (VIOLATED)
_25010_/X                                10     16     -6 (VIOLATED)
_25054_/Y                                10     16     -6 (VIOLATED)
_25470_/X                                10     16     -6 (VIOLATED)
_25806_/X                                10     16     -6 (VIOLATED)
_27455_/Y                                10     16     -6 (VIOLATED)
_28926_/Y                                10     16     -6 (VIOLATED)
_28936_/Y                                10     16     -6 (VIOLATED)
_32753_/X                                10     16     -6 (VIOLATED)
_32788_/Y                                10     16     -6 (VIOLATED)
_32789_/X                                10     16     -6 (VIOLATED)
_38580_/X                                10     16     -6 (VIOLATED)
fanout1021/X                             10     16     -6 (VIOLATED)
fanout1042/X                             10     16     -6 (VIOLATED)
fanout323/X                              10     16     -6 (VIOLATED)
fanout385/X                              10     16     -6 (VIOLATED)
fanout394/X                              10     16     -6 (VIOLATED)
fanout402/X                              10     16     -6 (VIOLATED)
fanout406/X                              10     16     -6 (VIOLATED)
fanout409/X                              10     16     -6 (VIOLATED)
fanout442/X                              10     16     -6 (VIOLATED)
fanout474/X                              10     16     -6 (VIOLATED)
fanout507/X                              10     16     -6 (VIOLATED)
fanout522/X                              10     16     -6 (VIOLATED)
fanout528/X                              10     16     -6 (VIOLATED)
fanout542/X                              10     16     -6 (VIOLATED)
fanout548/X                              10     16     -6 (VIOLATED)
fanout551/X                              10     16     -6 (VIOLATED)
fanout560/X                              10     16     -6 (VIOLATED)
fanout589/X                              10     16     -6 (VIOLATED)
fanout596/X                              10     16     -6 (VIOLATED)
fanout609/X                              10     16     -6 (VIOLATED)
fanout613/X                              10     16     -6 (VIOLATED)
fanout622/X                              10     16     -6 (VIOLATED)
fanout634/X                              10     16     -6 (VIOLATED)
fanout637/X                              10     16     -6 (VIOLATED)
fanout640/X                              10     16     -6 (VIOLATED)
fanout689/X                              10     16     -6 (VIOLATED)
fanout693/X                              10     16     -6 (VIOLATED)
fanout698/X                              10     16     -6 (VIOLATED)
fanout708/X                              10     16     -6 (VIOLATED)
fanout713/X                              10     16     -6 (VIOLATED)
fanout735/X                              10     16     -6 (VIOLATED)
fanout740/X                              10     16     -6 (VIOLATED)
fanout745/X                              10     16     -6 (VIOLATED)
fanout751/X                              10     16     -6 (VIOLATED)
fanout753/X                              10     16     -6 (VIOLATED)
fanout755/X                              10     16     -6 (VIOLATED)
fanout760/X                              10     16     -6 (VIOLATED)
fanout766/X                              10     16     -6 (VIOLATED)
fanout770/X                              10     16     -6 (VIOLATED)
fanout772/X                              10     16     -6 (VIOLATED)
fanout786/X                              10     16     -6 (VIOLATED)
fanout815/X                              10     16     -6 (VIOLATED)
fanout817/X                              10     16     -6 (VIOLATED)
fanout819/X                              10     16     -6 (VIOLATED)
fanout861/X                              10     16     -6 (VIOLATED)
fanout880/X                              10     16     -6 (VIOLATED)
fanout882/X                              10     16     -6 (VIOLATED)
fanout891/X                              10     16     -6 (VIOLATED)
fanout905/X                              10     16     -6 (VIOLATED)
fanout906/X                              10     16     -6 (VIOLATED)
fanout907/X                              10     16     -6 (VIOLATED)
fanout915/X                              10     16     -6 (VIOLATED)
fanout916/X                              10     16     -6 (VIOLATED)
fanout929/X                              10     16     -6 (VIOLATED)
fanout961/X                              10     16     -6 (VIOLATED)
fanout975/X                              10     16     -6 (VIOLATED)
input101/X                               10     16     -6 (VIOLATED)
input105/X                               10     16     -6 (VIOLATED)
input106/X                               10     16     -6 (VIOLATED)
input107/X                               10     16     -6 (VIOLATED)
input110/X                               10     16     -6 (VIOLATED)
input111/X                               10     16     -6 (VIOLATED)
input112/X                               10     16     -6 (VIOLATED)
input113/X                               10     16     -6 (VIOLATED)
input122/X                               10     16     -6 (VIOLATED)
input123/X                               10     16     -6 (VIOLATED)
input124/X                               10     16     -6 (VIOLATED)
input125/X                               10     16     -6 (VIOLATED)
input126/X                               10     16     -6 (VIOLATED)
input127/X                               10     16     -6 (VIOLATED)
input128/X                               10     16     -6 (VIOLATED)
input129/X                               10     16     -6 (VIOLATED)
input96/X                                10     16     -6 (VIOLATED)
max_cap313/X                             10     16     -6 (VIOLATED)
wire1035/X                               10     16     -6 (VIOLATED)
wire1036/X                               10     16     -6 (VIOLATED)
wire898/X                                10     16     -6 (VIOLATED)
wire965/X                                10     16     -6 (VIOLATED)
wire971/X                                10     16     -6 (VIOLATED)
wire984/X                                10     16     -6 (VIOLATED)
_20784_/Y                                10     14     -4 (VIOLATED)
_20792_/Y                                10     14     -4 (VIOLATED)
_20798_/Y                                10     14     -4 (VIOLATED)
_20803_/Y                                10     14     -4 (VIOLATED)
_20807_/Y                                10     14     -4 (VIOLATED)
_20815_/Y                                10     14     -4 (VIOLATED)
_20830_/Y                                10     14     -4 (VIOLATED)
_20844_/Y                                10     14     -4 (VIOLATED)
_20856_/Y                                10     14     -4 (VIOLATED)
_20907_/Y                                10     14     -4 (VIOLATED)
_20929_/Y                                10     14     -4 (VIOLATED)
_21205_/Y                                10     14     -4 (VIOLATED)
_21322_/Y                                10     14     -4 (VIOLATED)
_21327_/X                                10     14     -4 (VIOLATED)
_21864_/Y                                10     14     -4 (VIOLATED)
_22206_/X                                10     14     -4 (VIOLATED)
_22419_/Y                                10     14     -4 (VIOLATED)
_22518_/Y                                10     14     -4 (VIOLATED)
_22772_/X                                10     14     -4 (VIOLATED)
_22941_/X                                10     14     -4 (VIOLATED)
_23257_/Y                                10     14     -4 (VIOLATED)
_23424_/X                                10     14     -4 (VIOLATED)
_23524_/Y                                10     14     -4 (VIOLATED)
_23747_/Y                                10     14     -4 (VIOLATED)
_24291_/Y                                10     14     -4 (VIOLATED)
_24316_/X                                10     14     -4 (VIOLATED)
_24771_/X                                10     14     -4 (VIOLATED)
_25472_/X                                10     14     -4 (VIOLATED)
_25643_/Y                                10     14     -4 (VIOLATED)
_25784_/X                                10     14     -4 (VIOLATED)
_26390_/Y                                10     14     -4 (VIOLATED)
_26957_/X                                10     14     -4 (VIOLATED)
_27177_/Y                                10     14     -4 (VIOLATED)
_27573_/Y                                10     14     -4 (VIOLATED)
_28738_/X                                10     14     -4 (VIOLATED)
_29415_/Y                                10     14     -4 (VIOLATED)
_29693_/Y                                10     14     -4 (VIOLATED)
_29695_/X                                10     14     -4 (VIOLATED)
_30328_/X                                10     14     -4 (VIOLATED)
_31689_/Y                                10     14     -4 (VIOLATED)
_32747_/Y                                10     14     -4 (VIOLATED)
_33580_/Y                                10     14     -4 (VIOLATED)
_34178_/X                                10     14     -4 (VIOLATED)
_34908_/X                                10     14     -4 (VIOLATED)
_35683_/Y                                10     14     -4 (VIOLATED)
_41569_/Q                                10     14     -4 (VIOLATED)
clkbuf_1_1__f_clk/X                      10     14     -4 (VIOLATED)
fanout1022/X                             10     14     -4 (VIOLATED)
fanout1024/X                             10     14     -4 (VIOLATED)
fanout1041/X                             10     14     -4 (VIOLATED)
fanout327/X                              10     14     -4 (VIOLATED)
fanout344/X                              10     14     -4 (VIOLATED)
fanout378/X                              10     14     -4 (VIOLATED)
fanout398/X                              10     14     -4 (VIOLATED)
fanout484/X                              10     14     -4 (VIOLATED)
fanout504/X                              10     14     -4 (VIOLATED)
fanout525/X                              10     14     -4 (VIOLATED)
fanout537/X                              10     14     -4 (VIOLATED)
fanout588/X                              10     14     -4 (VIOLATED)
fanout611/X                              10     14     -4 (VIOLATED)
fanout621/X                              10     14     -4 (VIOLATED)
fanout629/X                              10     14     -4 (VIOLATED)
fanout631/X                              10     14     -4 (VIOLATED)
fanout661/X                              10     14     -4 (VIOLATED)
fanout664/X                              10     14     -4 (VIOLATED)
fanout668/X                              10     14     -4 (VIOLATED)
fanout676/X                              10     14     -4 (VIOLATED)
fanout677/X                              10     14     -4 (VIOLATED)
fanout679/X                              10     14     -4 (VIOLATED)
fanout680/X                              10     14     -4 (VIOLATED)
fanout710/X                              10     14     -4 (VIOLATED)
fanout711/X                              10     14     -4 (VIOLATED)
fanout714/X                              10     14     -4 (VIOLATED)
fanout744/X                              10     14     -4 (VIOLATED)
fanout748/X                              10     14     -4 (VIOLATED)
fanout775/X                              10     14     -4 (VIOLATED)
fanout780/X                              10     14     -4 (VIOLATED)
fanout800/X                              10     14     -4 (VIOLATED)
fanout806/X                              10     14     -4 (VIOLATED)
fanout811/X                              10     14     -4 (VIOLATED)
fanout829/X                              10     14     -4 (VIOLATED)
fanout845/X                              10     14     -4 (VIOLATED)
fanout850/X                              10     14     -4 (VIOLATED)
fanout853/X                              10     14     -4 (VIOLATED)
fanout857/X                              10     14     -4 (VIOLATED)
fanout867/X                              10     14     -4 (VIOLATED)
fanout914/X                              10     14     -4 (VIOLATED)
fanout932/X                              10     14     -4 (VIOLATED)
fanout940/X                              10     14     -4 (VIOLATED)
fanout962/X                              10     14     -4 (VIOLATED)
fanout974/X                              10     14     -4 (VIOLATED)
fanout988/X                              10     14     -4 (VIOLATED)
input130/X                               10     14     -4 (VIOLATED)
input65/X                                10     14     -4 (VIOLATED)
input81/X                                10     14     -4 (VIOLATED)
max_cap314/X                             10     14     -4 (VIOLATED)
wire1001/X                               10     14     -4 (VIOLATED)
wire1011/X                               10     14     -4 (VIOLATED)
wire295/X                                10     14     -4 (VIOLATED)
wire493/X                                10     14     -4 (VIOLATED)
wire977/X                                10     14     -4 (VIOLATED)
wire990/X                                10     14     -4 (VIOLATED)
_20785_/Y                                10     12     -2 (VIOLATED)
_20791_/Y                                10     12     -2 (VIOLATED)
_20797_/Y                                10     12     -2 (VIOLATED)
_20804_/Y                                10     12     -2 (VIOLATED)
_20812_/Y                                10     12     -2 (VIOLATED)
_20813_/Y                                10     12     -2 (VIOLATED)
_20818_/Y                                10     12     -2 (VIOLATED)
_20836_/Y                                10     12     -2 (VIOLATED)
_20861_/X                                10     12     -2 (VIOLATED)
_20865_/X                                10     12     -2 (VIOLATED)
_20866_/Y                                10     12     -2 (VIOLATED)
_21244_/X                                10     12     -2 (VIOLATED)
_21245_/Y                                10     12     -2 (VIOLATED)
_21248_/Y                                10     12     -2 (VIOLATED)
_21349_/X                                10     12     -2 (VIOLATED)
_21553_/Y                                10     12     -2 (VIOLATED)
_21578_/X                                10     12     -2 (VIOLATED)
_21683_/Y                                10     12     -2 (VIOLATED)
_21743_/X                                10     12     -2 (VIOLATED)
_21875_/X                                10     12     -2 (VIOLATED)
_22056_/Y                                10     12     -2 (VIOLATED)
_22112_/Y                                10     12     -2 (VIOLATED)
_22251_/Y                                10     12     -2 (VIOLATED)
_22387_/Y                                10     12     -2 (VIOLATED)
_22393_/X                                10     12     -2 (VIOLATED)
_22430_/Y                                10     12     -2 (VIOLATED)
_22502_/Y                                10     12     -2 (VIOLATED)
_22511_/Y                                10     12     -2 (VIOLATED)
_22591_/Y                                10     12     -2 (VIOLATED)
_22592_/Y                                10     12     -2 (VIOLATED)
_22751_/X                                10     12     -2 (VIOLATED)
_22770_/Y                                10     12     -2 (VIOLATED)
_22946_/Y                                10     12     -2 (VIOLATED)
_22953_/Y                                10     12     -2 (VIOLATED)
_22991_/Y                                10     12     -2 (VIOLATED)
_23074_/X                                10     12     -2 (VIOLATED)
_23232_/Y                                10     12     -2 (VIOLATED)
_23378_/Y                                10     12     -2 (VIOLATED)
_23651_/Y                                10     12     -2 (VIOLATED)
_24620_/Y                                10     12     -2 (VIOLATED)
_24820_/Y                                10     12     -2 (VIOLATED)
_25526_/X                                10     12     -2 (VIOLATED)
_25774_/Y                                10     12     -2 (VIOLATED)
_25804_/Y                                10     12     -2 (VIOLATED)
_25807_/Y                                10     12     -2 (VIOLATED)
_25847_/X                                10     12     -2 (VIOLATED)
_25875_/X                                10     12     -2 (VIOLATED)
_25955_/Y                                10     12     -2 (VIOLATED)
_26393_/Y                                10     12     -2 (VIOLATED)
_26674_/Y                                10     12     -2 (VIOLATED)
_26794_/Y                                10     12     -2 (VIOLATED)
_28397_/X                                10     12     -2 (VIOLATED)
_28573_/X                                10     12     -2 (VIOLATED)
_28808_/Y                                10     12     -2 (VIOLATED)
_29004_/Y                                10     12     -2 (VIOLATED)
_29127_/X                                10     12     -2 (VIOLATED)
_29567_/Y                                10     12     -2 (VIOLATED)
_30809_/X                                10     12     -2 (VIOLATED)
_31030_/Y                                10     12     -2 (VIOLATED)
_31200_/X                                10     12     -2 (VIOLATED)
_32457_/Y                                10     12     -2 (VIOLATED)
_34417_/X                                10     12     -2 (VIOLATED)
_38641_/X                                10     12     -2 (VIOLATED)
_38683_/Y                                10     12     -2 (VIOLATED)
fanout1008/X                             10     12     -2 (VIOLATED)
fanout1009/X                             10     12     -2 (VIOLATED)
fanout1026/X                             10     12     -2 (VIOLATED)
fanout1030/X                             10     12     -2 (VIOLATED)
fanout330/X                              10     12     -2 (VIOLATED)
fanout332/X                              10     12     -2 (VIOLATED)
fanout334/X                              10     12     -2 (VIOLATED)
fanout342/X                              10     12     -2 (VIOLATED)
fanout383/X                              10     12     -2 (VIOLATED)
fanout387/X                              10     12     -2 (VIOLATED)
fanout429/X                              10     12     -2 (VIOLATED)
fanout432/X                              10     12     -2 (VIOLATED)
fanout455/X                              10     12     -2 (VIOLATED)
fanout458/X                              10     12     -2 (VIOLATED)
fanout459/X                              10     12     -2 (VIOLATED)
fanout463/X                              10     12     -2 (VIOLATED)
fanout469/X                              10     12     -2 (VIOLATED)
fanout497/X                              10     12     -2 (VIOLATED)
fanout508/X                              10     12     -2 (VIOLATED)
fanout515/X                              10     12     -2 (VIOLATED)
fanout531/X                              10     12     -2 (VIOLATED)
fanout545/X                              10     12     -2 (VIOLATED)
fanout552/X                              10     12     -2 (VIOLATED)
fanout557/X                              10     12     -2 (VIOLATED)
fanout564/X                              10     12     -2 (VIOLATED)
fanout567/X                              10     12     -2 (VIOLATED)
fanout572/X                              10     12     -2 (VIOLATED)
fanout584/X                              10     12     -2 (VIOLATED)
fanout599/X                              10     12     -2 (VIOLATED)
fanout607/X                              10     12     -2 (VIOLATED)
fanout639/X                              10     12     -2 (VIOLATED)
fanout662/X                              10     12     -2 (VIOLATED)
fanout729/X                              10     12     -2 (VIOLATED)
fanout737/X                              10     12     -2 (VIOLATED)
fanout758/X                              10     12     -2 (VIOLATED)
fanout785/X                              10     12     -2 (VIOLATED)
fanout798/X                              10     12     -2 (VIOLATED)
fanout824/X                              10     12     -2 (VIOLATED)
fanout838/X                              10     12     -2 (VIOLATED)
fanout839/X                              10     12     -2 (VIOLATED)
fanout849/X                              10     12     -2 (VIOLATED)
fanout851/X                              10     12     -2 (VIOLATED)
fanout863/X                              10     12     -2 (VIOLATED)
fanout870/X                              10     12     -2 (VIOLATED)
fanout874/X                              10     12     -2 (VIOLATED)
fanout878/X                              10     12     -2 (VIOLATED)
fanout885/X                              10     12     -2 (VIOLATED)
fanout887/X                              10     12     -2 (VIOLATED)
fanout889/X                              10     12     -2 (VIOLATED)
fanout894/X                              10     12     -2 (VIOLATED)
fanout920/X                              10     12     -2 (VIOLATED)
fanout925/X                              10     12     -2 (VIOLATED)
fanout927/X                              10     12     -2 (VIOLATED)
fanout939/X                              10     12     -2 (VIOLATED)
fanout948/X                              10     12     -2 (VIOLATED)
fanout953/X                              10     12     -2 (VIOLATED)
fanout963/X                              10     12     -2 (VIOLATED)
fanout987/X                              10     12     -2 (VIOLATED)
fanout994/X                              10     12     -2 (VIOLATED)
fanout998/X                              10     12     -2 (VIOLATED)
input115/X                               10     12     -2 (VIOLATED)
input132/X                               10     12     -2 (VIOLATED)
input210/X                               10     12     -2 (VIOLATED)
input236/X                               10     12     -2 (VIOLATED)
input48/X                                10     12     -2 (VIOLATED)
max_cap357/X                             10     12     -2 (VIOLATED)
max_cap413/X                             10     12     -2 (VIOLATED)
max_length466/X                          10     12     -2 (VIOLATED)
wire276/X                                10     12     -2 (VIOLATED)
wire285/X                                10     12     -2 (VIOLATED)
wire292/X                                10     12     -2 (VIOLATED)
wire373/X                                10     12     -2 (VIOLATED)
wire374/X                                10     12     -2 (VIOLATED)
wire865/X                                10     12     -2 (VIOLATED)
wire959/X                                10     12     -2 (VIOLATED)
_41567_/Q                                10     11        (VIOLATED)
_41568_/Q                                10     11        (VIOLATED)
wire372/X                                10     11        (VIOLATED)

max capacitance

Pin                                        Limit         Cap       Slack
------------------------------------------------------------------------
fanout880/X                             0.200000    0.258841   -0.058841 (VIOLATED)
wire955/X                               0.200000    0.246633   -0.046633 (VIOLATED)
fanout279/X                             0.200000    0.238323   -0.038323 (VIOLATED)
fanout903/X                             0.200000    0.238091   -0.038091 (VIOLATED)
fanout894/X                             0.200000    0.234476   -0.034476 (VIOLATED)
wire984/X                               0.200000    0.226955   -0.026955 (VIOLATED)
wire971/X                               0.200000    0.224928   -0.024928 (VIOLATED)
wire493/X                               0.200000    0.224822   -0.024822 (VIOLATED)
wire965/X                               0.200000    0.224776   -0.024776 (VIOLATED)
wire1019/X                              0.200000    0.224504   -0.024504 (VIOLATED)
wire990/X                               0.200000    0.224210   -0.024210 (VIOLATED)
wire898/X                               0.200000    0.221375   -0.021375 (VIOLATED)
fanout748/X                             0.200000    0.220241   -0.020241 (VIOLATED)
_38641_/X                               0.200000    0.219106   -0.019106 (VIOLATED)
wire977/X                               0.200000    0.218812   -0.018812 (VIOLATED)
fanout321/X                             0.200000    0.218501   -0.018501 (VIOLATED)
input176/X                              0.200000    0.214352   -0.014352 (VIOLATED)
wire374/X                               0.200000    0.213670   -0.013670 (VIOLATED)
wire1011/X                              0.200000    0.208520   -0.008520 (VIOLATED)
wire1001/X                              0.200000    0.205804   -0.005804 (VIOLATED)
fanout369/X                             0.200000    0.204877   -0.004877 (VIOLATED)
input232/X                              0.200000    0.204189   -0.004189 (VIOLATED)
wire1037/X                              0.200000    0.203247   -0.003247 (VIOLATED)



===========================================================================
report_parasitic_annotation -report_unannotated
============================================================================
Found 6 unannotated drivers.
 input_data[15]
 input_data[175]
 input_data[191]
 input_data[223]
 input_data[238]
 input_data[239]
Found 0 partially unannotated drivers.

===========================================================================
max slew violation count 11
max fanout violation count 786
max cap violation count 23
============================================================================

===========================================================================
check_setup -verbose -unconstrained_endpoints -multiple_clock -no_clock -no_input_delay -loops -generated_clocks
===========================================================================
