Reading OpenROAD database at '/mnt/d/APIC/FIR_Openlane/Lowpass/runs/RUN_2024-06-17_18-45-38/39-odb-heuristicdiodeinsertion/3-openroad-globalrouting/lowpass.odb'…
Reading library file at '/home/nurwiyoso14/.volare/volare/sky130/versions/bdc9412b3e468c102d01b7cf6337be06ec6e9c9a/sky130A/libs.ref/sky130_fd_sc_hd/lib/sky130_fd_sc_hd__tt_025C_1v80.lib'…
Reading design constraints file at '/nix/store/ly0xjc8f0gmgmckxcrs0bw8vqc9gf9bk-python3-3.11.6-env/lib/python3.11/site-packages/openlane/scripts/base.sdc'…
[INFO] Using clock clk…
[INFO] Setting output delay to: 5
[INFO] Setting input delay to: 5
[INFO] Setting load to: 0.033442
[INFO] Setting clock uncertainty to: 0.25
[INFO] Setting clock transition to: 0.1499999999999999944488848768742172978818416595458984375
[INFO] Setting timing derate to: 5%
[INFO] Setting signal min routing layer to: met1 and clock min routing layer to met1. 
[INFO] Setting signal max routing layer to: met4 and clock max routing layer to met4. 
-congestion_iterations 50 -verbose
[INFO GRT-0020] Min routing layer: met1
[INFO GRT-0021] Max routing layer: met4
[INFO GRT-0022] Global adjustment: 30%
[INFO GRT-0023] Grid origin: (0, 0)
[INFO GRT-0043] No OR_DEFAULT vias defined.
[INFO GRT-0088] Layer li1     Track-Pitch = 0.4600  line-2-Via Pitch: 0.3400
[INFO GRT-0088] Layer met1    Track-Pitch = 0.3400  line-2-Via Pitch: 0.3400
[INFO GRT-0088] Layer met2    Track-Pitch = 0.4600  line-2-Via Pitch: 0.3500
[INFO GRT-0088] Layer met3    Track-Pitch = 0.6800  line-2-Via Pitch: 0.6150
[INFO GRT-0088] Layer met4    Track-Pitch = 0.9200  line-2-Via Pitch: 0.6150
[INFO GRT-0019] Found 4 clock nets.
[INFO GRT-0001] Minimum degree: 2
[INFO GRT-0002] Maximum degree: 21
[INFO GRT-0003] Macros: 0
[INFO GRT-0004] Blockages: 8359

[INFO GRT-0053] Routing resources analysis:
          Routing      Original      Derated      Resource
Layer     Direction    Resources     Resources    Reduction (%)
---------------------------------------------------------------
li1        Vertical            0             0          0.00%
met1       Horizontal     266685        130823          50.94%
met2       Vertical       199985        131874          34.06%
met3       Horizontal     133285         92141          30.87%
met4       Vertical        93380         51541          44.81%
---------------------------------------------------------------

[INFO GRT-0101] Running extra iterations to remove overflow.
[INFO GRT-0197] Via related to pin nodes: 131120
[INFO GRT-0198] Via related Steiner nodes: 2161
[INFO GRT-0199] Via filling finished.
[INFO GRT-0111] Final number of vias: 167963
[INFO GRT-0112] Final usage 3D: 640123

[INFO GRT-0096] Final congestion report:
Layer         Resource        Demand        Usage (%)    Max H / Max V / Total Overflow
---------------------------------------------------------------------------------------
li1                  0             0            0.00%             0 /  0 /  0
met1            130823         56876           43.48%             0 /  0 /  0
met2            131874         60723           46.05%             0 /  0 /  0
met3             92141          7206            7.82%             0 /  0 /  0
met4             51541         11429           22.17%             0 /  0 /  0
---------------------------------------------------------------------------------------
Total           406379        136234           33.52%             0 /  0 /  0

[INFO GRT-0018] Total wirelength: 1343947 um
[INFO GRT-0014] Routed nets: 22340
[INFO GRT-0006] Repairing antennas, iteration 1.
[INFO GRT-0043] No OR_DEFAULT vias defined.
[INFO GRT-0012] Found 14 antenna violations.
[INFO GRT-0015] Inserted 103 diodes.
[INFO GRT-0009] rerouting 17801 nets.
[INFO GRT-0001] Minimum degree: 2
[INFO GRT-0002] Maximum degree: 21
[INFO GRT-0006] Repairing antennas, iteration 2.
[INFO GRT-0043] No OR_DEFAULT vias defined.
[INFO GRT-0012] Found 0 antenna violations.
Placement Analysis
---------------------------------
total displacement          0.0 u
average displacement        0.0 u
max displacement            0.0 u
original HPWL          913734.1 u
legalized HPWL         913744.2 u
delta HPWL                    0 %

[INFO DPL-0020] Mirrored 12685 instances
[INFO DPL-0021] HPWL before          913744.2 u
[INFO DPL-0022] HPWL after           894326.0 u
[INFO DPL-0023] HPWL delta               -2.1 %
-congestion_iterations 50 -verbose
[INFO GRT-0020] Min routing layer: met1
[INFO GRT-0021] Max routing layer: met4
[INFO GRT-0022] Global adjustment: 30%
[INFO GRT-0023] Grid origin: (0, 0)
[INFO GRT-0043] No OR_DEFAULT vias defined.
[INFO GRT-0088] Layer li1     Track-Pitch = 0.4600  line-2-Via Pitch: 0.3400
[INFO GRT-0088] Layer met1    Track-Pitch = 0.3400  line-2-Via Pitch: 0.3400
[INFO GRT-0088] Layer met2    Track-Pitch = 0.4600  line-2-Via Pitch: 0.3500
[INFO GRT-0088] Layer met3    Track-Pitch = 0.6800  line-2-Via Pitch: 0.6150
[INFO GRT-0088] Layer met4    Track-Pitch = 0.9200  line-2-Via Pitch: 0.6150
[INFO GRT-0019] Found 4 clock nets.
[INFO GRT-0001] Minimum degree: 2
[INFO GRT-0002] Maximum degree: 21
[INFO GRT-0003] Macros: 0
[INFO GRT-0004] Blockages: 8359

[INFO GRT-0053] Routing resources analysis:
          Routing      Original      Derated      Resource
Layer     Direction    Resources     Resources    Reduction (%)
---------------------------------------------------------------
li1        Vertical            0             0          0.00%
met1       Horizontal     266685        130823          50.94%
met2       Vertical       199985        131874          34.06%
met3       Horizontal     133285         92141          30.87%
met4       Vertical        93380         51541          44.81%
---------------------------------------------------------------

[INFO GRT-0101] Running extra iterations to remove overflow.
[INFO GRT-0197] Via related to pin nodes: 131293
[INFO GRT-0198] Via related Steiner nodes: 2118
[INFO GRT-0199] Via filling finished.
[INFO GRT-0111] Final number of vias: 168150
[INFO GRT-0112] Final usage 3D: 640694

[INFO GRT-0096] Final congestion report:
Layer         Resource        Demand        Usage (%)    Max H / Max V / Total Overflow
---------------------------------------------------------------------------------------
li1                  0             0            0.00%             0 /  0 /  0
met1            130823         56632           43.29%             0 /  0 /  0
met2            131874         60453           45.84%             0 /  0 /  0
met3             92141          7460            8.10%             0 /  0 /  0
met4             51541         11699           22.70%             0 /  0 /  0
---------------------------------------------------------------------------------------
Total           406379        136244           33.53%             0 /  0 /  0

[INFO GRT-0018] Total wirelength: 1344071 um
[INFO GRT-0014] Routed nets: 22340
[INFO] Setting RC values…
Setting global connections for newly added cells…
[INFO] Setting global connections...
Writing OpenROAD database to '/mnt/d/APIC/FIR_Openlane/Lowpass/runs/RUN_2024-06-17_18-45-38/40-openroad-repairantennas/1-diodeinsertion/lowpass.odb'…
Writing layout to '/mnt/d/APIC/FIR_Openlane/Lowpass/runs/RUN_2024-06-17_18-45-38/40-openroad-repairantennas/1-diodeinsertion/lowpass.def'…
