
===========================================================================
report_checks -unconstrained
===========================================================================
======================= nom_ss_100C_1v60 Corner ===================================

Startpoint: input_data[80] (input port clocked by clk)
Endpoint: _22395_ (rising edge-triggered flip-flop clocked by clk)
Path Group: clk
Path Type: max

Fanout         Cap        Slew       Delay        Time   Description
---------------------------------------------------------------------------------------------
                                  0.000000    0.000000   clock clk (rise edge)
                                  0.000000    0.000000   clock network delay (propagated)
                                  5.000000    5.000000 ^ input external delay
     2    0.009371    0.076839    0.049424    5.049425 ^ input_data[80] (in)
                                                         input_data[80] (net)
                      0.076842    0.000000    5.049425 ^ input196/A (sky130_fd_sc_hd__clkbuf_2)
     2    0.053959    0.454800    0.466172    5.515596 ^ input196/X (sky130_fd_sc_hd__clkbuf_2)
                                                         net196 (net)
                      0.454853    0.004124    5.519720 ^ fanout416/A (sky130_fd_sc_hd__clkbuf_4)
    16    0.084740    0.401245    0.660828    6.180548 ^ fanout416/X (sky130_fd_sc_hd__clkbuf_4)
                                                         net416 (net)
                      0.401371    0.005923    6.186471 ^ fanout415/A (sky130_fd_sc_hd__buf_4)
    14    0.092062    0.405330    0.595222    6.781693 ^ fanout415/X (sky130_fd_sc_hd__buf_4)
                                                         net415 (net)
                      0.405413    0.004863    6.786555 ^ fanout413/A (sky130_fd_sc_hd__buf_4)
    20    0.074878    0.334750    0.545278    7.331833 ^ fanout413/X (sky130_fd_sc_hd__buf_4)
                                                         net413 (net)
                      0.334866    0.005195    7.337029 ^ _11240_/A (sky130_fd_sc_hd__and2_2)
     5    0.043790    0.368379    0.609051    7.946080 ^ _11240_/X (sky130_fd_sc_hd__and2_2)
                                                         _03312_ (net)
                      0.368381    0.000702    7.946781 ^ _11246_/A (sky130_fd_sc_hd__or2_1)
     1    0.006005    0.112175    0.313644    8.260426 ^ _11246_/X (sky130_fd_sc_hd__or2_1)
                                                         _03378_ (net)
                      0.112176    0.000218    8.260644 ^ fanout265/A (sky130_fd_sc_hd__clkbuf_4)
    10    0.071815    0.344392    0.467750    8.728395 ^ fanout265/X (sky130_fd_sc_hd__clkbuf_4)
                                                         net265 (net)
                      0.344397    0.001158    8.729552 ^ fanout264/A (sky130_fd_sc_hd__buf_4)
    20    0.098230    0.431317    0.591136    9.320688 ^ fanout264/X (sky130_fd_sc_hd__buf_4)
                                                         net264 (net)
                      0.431328    0.001828    9.322516 ^ _11539_/A (sky130_fd_sc_hd__nor2_1)
     3    0.015420    0.183905    0.316964    9.639481 v _11539_/Y (sky130_fd_sc_hd__nor2_1)
                                                         _06600_ (net)
                      0.183906    0.000361    9.639842 v _11541_/A (sky130_fd_sc_hd__nor2_1)
     2    0.017171    0.524579    0.507878   10.147720 ^ _11541_/Y (sky130_fd_sc_hd__nor2_1)
                                                         _06622_ (net)
                      0.524579    0.000522   10.148243 ^ _11663_/A1 (sky130_fd_sc_hd__a21oi_1)
     2    0.016191    0.314487    0.462755   10.610998 v _11663_/Y (sky130_fd_sc_hd__a21oi_1)
                                                         _07963_ (net)
                      0.314490    0.000726   10.611723 v _11665_/B (sky130_fd_sc_hd__xor2_1)
     2    0.012242    0.456450    0.515635   11.127358 ^ _11665_/X (sky130_fd_sc_hd__xor2_1)
                                                         _07985_ (net)
                      0.456450    0.000355   11.127713 ^ _11666_/B (sky130_fd_sc_hd__xnor2_1)
     2    0.010858    0.448491    0.418177   11.545890 ^ _11666_/Y (sky130_fd_sc_hd__xnor2_1)
                                                         _07996_ (net)
                      0.448491    0.000424   11.546313 ^ _11668_/B (sky130_fd_sc_hd__xnor2_1)
     2    0.008494    0.179114    0.321934   11.868247 v _11668_/Y (sky130_fd_sc_hd__xnor2_1)
                                                         _08018_ (net)
                      0.179114    0.000129   11.868376 v _11670_/B (sky130_fd_sc_hd__or2_1)
     1    0.009792    0.158129    0.577614   12.445991 v _11670_/X (sky130_fd_sc_hd__or2_1)
                                                         _08040_ (net)
                      0.158131    0.000499   12.446489 v _11671_/B (sky130_fd_sc_hd__and2_2)
     4    0.020787    0.142160    0.530674   12.977163 v _11671_/X (sky130_fd_sc_hd__and2_2)
                                                         _08051_ (net)
                      0.142168    0.000782   12.977945 v _11845_/A (sky130_fd_sc_hd__and3_1)
     4    0.028375    0.276713    0.513364   13.491309 v _11845_/X (sky130_fd_sc_hd__and3_1)
                                                         _09964_ (net)
                      0.276721    0.001256   13.492565 v _11878_/A (sky130_fd_sc_hd__or4bb_4)
     3    0.010301    0.174614    1.169796   14.662360 v _11878_/X (sky130_fd_sc_hd__or4bb_4)
                                                         _10327_ (net)
                      0.174614    0.000344   14.662704 v _11880_/B (sky130_fd_sc_hd__and3_1)
     2    0.007249    0.106769    0.423488   15.086192 v _11880_/X (sky130_fd_sc_hd__and3_1)
                                                         _10349_ (net)
                      0.106769    0.000156   15.086349 v _11882_/B (sky130_fd_sc_hd__or3_1)
     3    0.011417    0.226398    0.929177   16.015526 v _11882_/X (sky130_fd_sc_hd__or3_1)
                                                         _10370_ (net)
                      0.226398    0.000304   16.015829 v _11897_/A1 (sky130_fd_sc_hd__a211o_1)
     3    0.008882    0.138953    0.612047   16.627876 v _11897_/X (sky130_fd_sc_hd__a211o_1)
                                                         _10535_ (net)
                      0.138954    0.000179   16.628056 v _11898_/C (sky130_fd_sc_hd__and3_1)
     2    0.007277    0.107011    0.434694   17.062750 v _11898_/X (sky130_fd_sc_hd__and3_1)
                                                         _10546_ (net)
                      0.107011    0.000227   17.062977 v _11917_/B1 (sky130_fd_sc_hd__a211o_1)
     3    0.011081    0.158981    0.598053   17.661030 v _11917_/X (sky130_fd_sc_hd__a211o_1)
                                                         _10755_ (net)
                      0.158982    0.000306   17.661337 v _11920_/B (sky130_fd_sc_hd__and3_2)
     4    0.019152    0.141070    0.539155   18.200491 v _11920_/X (sky130_fd_sc_hd__and3_2)
                                                         _10788_ (net)
                      0.141075    0.000643   18.201134 v _11947_/A (sky130_fd_sc_hd__or3_2)
     5    0.020581    0.263781    1.300851   19.501984 v _11947_/X (sky130_fd_sc_hd__or3_2)
                                                         _11085_ (net)
                      0.263781    0.001220   19.503204 v _11949_/B (sky130_fd_sc_hd__and3_1)
     2    0.007085    0.105462    0.466908   19.970114 v _11949_/X (sky130_fd_sc_hd__and3_1)
                                                         _11107_ (net)
                      0.105463    0.000220   19.970333 v _11979_/A (sky130_fd_sc_hd__or3_2)
     5    0.018303    0.255598    1.274429   21.244762 v _11979_/X (sky130_fd_sc_hd__or3_2)
                                                         _00258_ (net)
                      0.255599    0.000615   21.245378 v _11981_/B (sky130_fd_sc_hd__and3_1)
     2    0.008936    0.120762    0.478268   21.723646 v _11981_/X (sky130_fd_sc_hd__and3_1)
                                                         _00280_ (net)
                      0.120762    0.000261   21.723907 v _12019_/A1 (sky130_fd_sc_hd__o211a_1)
     2    0.008256    0.118635    0.476478   22.200384 v _12019_/X (sky130_fd_sc_hd__o211a_1)
                                                         _00697_ (net)
                      0.118635    0.000224   22.200607 v _12021_/A2 (sky130_fd_sc_hd__o21a_1)
     2    0.010143    0.129643    0.392927   22.593534 v _12021_/X (sky130_fd_sc_hd__o21a_1)
                                                         _00719_ (net)
                      0.129644    0.000282   22.593817 v _12119_/A2 (sky130_fd_sc_hd__o21a_1)
     3    0.011279    0.140154    0.407329   23.001146 v _12119_/X (sky130_fd_sc_hd__o21a_1)
                                                         _01599_ (net)
                      0.140155    0.000266   23.001413 v _16802_/A1 (sky130_fd_sc_hd__o21ba_1)
     2    0.007745    0.105804    0.404443   23.405855 v _16802_/X (sky130_fd_sc_hd__o21ba_1)
                                                         _06628_ (net)
                      0.105804    0.000149   23.406006 v _17945_/A2 (sky130_fd_sc_hd__o21bai_1)
     2    0.010298    0.397546    0.388686   23.794691 ^ _17945_/Y (sky130_fd_sc_hd__o21bai_1)
                                                         _07884_ (net)
                      0.397546    0.000265   23.794956 ^ _19186_/A2 (sky130_fd_sc_hd__a21o_1)
     3    0.011023    0.166813    0.410598   24.205553 ^ _19186_/X (sky130_fd_sc_hd__a21o_1)
                                                         _09248_ (net)
                      0.166813    0.000258   24.205811 ^ _20615_/A2 (sky130_fd_sc_hd__a21o_1)
     3    0.013256    0.195411    0.351305   24.557116 ^ _20615_/X (sky130_fd_sc_hd__a21o_1)
                                                         _10819_ (net)
                      0.195412    0.000320   24.557436 ^ _21715_/A1 (sky130_fd_sc_hd__a221o_1)
     1    0.006630    0.137494    0.375149   24.932585 ^ _21715_/X (sky130_fd_sc_hd__a221o_1)
                                                         _00849_ (net)
                      0.137494    0.000247   24.932831 ^ _21716_/B1 (sky130_fd_sc_hd__o311ai_2)
     1    0.014039    0.304539    0.344654   25.277485 v _21716_/Y (sky130_fd_sc_hd__o311ai_2)
                                                         _00850_ (net)
                      0.304544    0.000936   25.278421 v _21914_/A2 (sky130_fd_sc_hd__a31o_1)
     1    0.009317    0.119687    0.525272   25.803694 v _21914_/X (sky130_fd_sc_hd__a31o_1)
                                                         _01068_ (net)
                      0.119689    0.000441   25.804134 v _22033_/A2 (sky130_fd_sc_hd__o21a_1)
     1    0.015121    0.169607    0.432454   26.236589 v _22033_/X (sky130_fd_sc_hd__o21a_1)
                                                         _01199_ (net)
                      0.169616    0.001000   26.237589 v _22196_/A1 (sky130_fd_sc_hd__o22a_1)
     1    0.004826    0.105562    0.445475   26.683064 v _22196_/X (sky130_fd_sc_hd__o22a_1)
                                                         _01378_ (net)
                      0.105562    0.000215   26.683279 v _22243_/A2 (sky130_fd_sc_hd__o21ba_1)
     1    0.003552    0.070787    0.328788   27.012066 v _22243_/X (sky130_fd_sc_hd__o21ba_1)
                                                         _01430_ (net)
                      0.070787    0.000126   27.012192 v _22245_/B1 (sky130_fd_sc_hd__o32a_1)
     1    0.002979    0.113386    0.327374   27.339565 v _22245_/X (sky130_fd_sc_hd__o32a_1)
                                                         _00005_ (net)
                      0.113386    0.000092   27.339659 v _22395_/D (sky130_fd_sc_hd__dfxtp_2)
                                             27.339659   data arrival time

                                 25.000000   25.000000   clock clk (rise edge)
                                  0.000000   25.000000   clock source latency
     2    0.084163    0.605401    0.424292   25.424292 ^ clk (in)
                                                         clk (net)
                      0.605594    0.000000   25.424292 ^ clkbuf_0_clk/A (sky130_fd_sc_hd__clkbuf_16)
     2    0.024673    0.080635    0.454124   25.878414 ^ clkbuf_0_clk/X (sky130_fd_sc_hd__clkbuf_16)
                                                         clknet_0_clk (net)
                      0.080644    0.000664   25.879080 ^ clkbuf_1_1__f_clk/A (sky130_fd_sc_hd__clkbuf_16)
    14    0.051835    0.109610    0.267823   26.146902 ^ clkbuf_1_1__f_clk/X (sky130_fd_sc_hd__clkbuf_16)
                                                         clknet_1_1__leaf_clk (net)
                      0.109644    0.001474   26.148376 ^ _22395_/CLK (sky130_fd_sc_hd__dfxtp_2)
                                 -0.250000   25.898378   clock uncertainty
                                  0.000000   25.898378   clock reconvergence pessimism
                                 -0.281673   25.616705   library setup time
                                             25.616705   data required time
---------------------------------------------------------------------------------------------
                                             25.616705   data required time
                                            -27.339659   data arrival time
---------------------------------------------------------------------------------------------
                                             -1.722954   slack (VIOLATED)




===========================================================================
report_checks --slack_max -0.01
============================================================================
======================= nom_ss_100C_1v60 Corner ===================================

Startpoint: input_data[80] (input port clocked by clk)
Endpoint: _22395_ (rising edge-triggered flip-flop clocked by clk)
Path Group: clk
Path Type: max

Fanout         Cap        Slew       Delay        Time   Description
---------------------------------------------------------------------------------------------
                                  0.000000    0.000000   clock clk (rise edge)
                                  0.000000    0.000000   clock network delay (propagated)
                                  5.000000    5.000000 ^ input external delay
     2    0.009371    0.076839    0.049424    5.049425 ^ input_data[80] (in)
                                                         input_data[80] (net)
                      0.076842    0.000000    5.049425 ^ input196/A (sky130_fd_sc_hd__clkbuf_2)
     2    0.053959    0.454800    0.466172    5.515596 ^ input196/X (sky130_fd_sc_hd__clkbuf_2)
                                                         net196 (net)
                      0.454853    0.004124    5.519720 ^ fanout416/A (sky130_fd_sc_hd__clkbuf_4)
    16    0.084740    0.401245    0.660828    6.180548 ^ fanout416/X (sky130_fd_sc_hd__clkbuf_4)
                                                         net416 (net)
                      0.401371    0.005923    6.186471 ^ fanout415/A (sky130_fd_sc_hd__buf_4)
    14    0.092062    0.405330    0.595222    6.781693 ^ fanout415/X (sky130_fd_sc_hd__buf_4)
                                                         net415 (net)
                      0.405413    0.004863    6.786555 ^ fanout413/A (sky130_fd_sc_hd__buf_4)
    20    0.074878    0.334750    0.545278    7.331833 ^ fanout413/X (sky130_fd_sc_hd__buf_4)
                                                         net413 (net)
                      0.334866    0.005195    7.337029 ^ _11240_/A (sky130_fd_sc_hd__and2_2)
     5    0.043790    0.368379    0.609051    7.946080 ^ _11240_/X (sky130_fd_sc_hd__and2_2)
                                                         _03312_ (net)
                      0.368381    0.000702    7.946781 ^ _11246_/A (sky130_fd_sc_hd__or2_1)
     1    0.006005    0.112175    0.313644    8.260426 ^ _11246_/X (sky130_fd_sc_hd__or2_1)
                                                         _03378_ (net)
                      0.112176    0.000218    8.260644 ^ fanout265/A (sky130_fd_sc_hd__clkbuf_4)
    10    0.071815    0.344392    0.467750    8.728395 ^ fanout265/X (sky130_fd_sc_hd__clkbuf_4)
                                                         net265 (net)
                      0.344397    0.001158    8.729552 ^ fanout264/A (sky130_fd_sc_hd__buf_4)
    20    0.098230    0.431317    0.591136    9.320688 ^ fanout264/X (sky130_fd_sc_hd__buf_4)
                                                         net264 (net)
                      0.431328    0.001828    9.322516 ^ _11539_/A (sky130_fd_sc_hd__nor2_1)
     3    0.015420    0.183905    0.316964    9.639481 v _11539_/Y (sky130_fd_sc_hd__nor2_1)
                                                         _06600_ (net)
                      0.183906    0.000361    9.639842 v _11541_/A (sky130_fd_sc_hd__nor2_1)
     2    0.017171    0.524579    0.507878   10.147720 ^ _11541_/Y (sky130_fd_sc_hd__nor2_1)
                                                         _06622_ (net)
                      0.524579    0.000522   10.148243 ^ _11663_/A1 (sky130_fd_sc_hd__a21oi_1)
     2    0.016191    0.314487    0.462755   10.610998 v _11663_/Y (sky130_fd_sc_hd__a21oi_1)
                                                         _07963_ (net)
                      0.314490    0.000726   10.611723 v _11665_/B (sky130_fd_sc_hd__xor2_1)
     2    0.012242    0.456450    0.515635   11.127358 ^ _11665_/X (sky130_fd_sc_hd__xor2_1)
                                                         _07985_ (net)
                      0.456450    0.000355   11.127713 ^ _11666_/B (sky130_fd_sc_hd__xnor2_1)
     2    0.010858    0.448491    0.418177   11.545890 ^ _11666_/Y (sky130_fd_sc_hd__xnor2_1)
                                                         _07996_ (net)
                      0.448491    0.000424   11.546313 ^ _11668_/B (sky130_fd_sc_hd__xnor2_1)
     2    0.008494    0.179114    0.321934   11.868247 v _11668_/Y (sky130_fd_sc_hd__xnor2_1)
                                                         _08018_ (net)
                      0.179114    0.000129   11.868376 v _11670_/B (sky130_fd_sc_hd__or2_1)
     1    0.009792    0.158129    0.577614   12.445991 v _11670_/X (sky130_fd_sc_hd__or2_1)
                                                         _08040_ (net)
                      0.158131    0.000499   12.446489 v _11671_/B (sky130_fd_sc_hd__and2_2)
     4    0.020787    0.142160    0.530674   12.977163 v _11671_/X (sky130_fd_sc_hd__and2_2)
                                                         _08051_ (net)
                      0.142168    0.000782   12.977945 v _11845_/A (sky130_fd_sc_hd__and3_1)
     4    0.028375    0.276713    0.513364   13.491309 v _11845_/X (sky130_fd_sc_hd__and3_1)
                                                         _09964_ (net)
                      0.276721    0.001256   13.492565 v _11878_/A (sky130_fd_sc_hd__or4bb_4)
     3    0.010301    0.174614    1.169796   14.662360 v _11878_/X (sky130_fd_sc_hd__or4bb_4)
                                                         _10327_ (net)
                      0.174614    0.000344   14.662704 v _11880_/B (sky130_fd_sc_hd__and3_1)
     2    0.007249    0.106769    0.423488   15.086192 v _11880_/X (sky130_fd_sc_hd__and3_1)
                                                         _10349_ (net)
                      0.106769    0.000156   15.086349 v _11882_/B (sky130_fd_sc_hd__or3_1)
     3    0.011417    0.226398    0.929177   16.015526 v _11882_/X (sky130_fd_sc_hd__or3_1)
                                                         _10370_ (net)
                      0.226398    0.000304   16.015829 v _11897_/A1 (sky130_fd_sc_hd__a211o_1)
     3    0.008882    0.138953    0.612047   16.627876 v _11897_/X (sky130_fd_sc_hd__a211o_1)
                                                         _10535_ (net)
                      0.138954    0.000179   16.628056 v _11898_/C (sky130_fd_sc_hd__and3_1)
     2    0.007277    0.107011    0.434694   17.062750 v _11898_/X (sky130_fd_sc_hd__and3_1)
                                                         _10546_ (net)
                      0.107011    0.000227   17.062977 v _11917_/B1 (sky130_fd_sc_hd__a211o_1)
     3    0.011081    0.158981    0.598053   17.661030 v _11917_/X (sky130_fd_sc_hd__a211o_1)
                                                         _10755_ (net)
                      0.158982    0.000306   17.661337 v _11920_/B (sky130_fd_sc_hd__and3_2)
     4    0.019152    0.141070    0.539155   18.200491 v _11920_/X (sky130_fd_sc_hd__and3_2)
                                                         _10788_ (net)
                      0.141075    0.000643   18.201134 v _11947_/A (sky130_fd_sc_hd__or3_2)
     5    0.020581    0.263781    1.300851   19.501984 v _11947_/X (sky130_fd_sc_hd__or3_2)
                                                         _11085_ (net)
                      0.263781    0.001220   19.503204 v _11949_/B (sky130_fd_sc_hd__and3_1)
     2    0.007085    0.105462    0.466908   19.970114 v _11949_/X (sky130_fd_sc_hd__and3_1)
                                                         _11107_ (net)
                      0.105463    0.000220   19.970333 v _11979_/A (sky130_fd_sc_hd__or3_2)
     5    0.018303    0.255598    1.274429   21.244762 v _11979_/X (sky130_fd_sc_hd__or3_2)
                                                         _00258_ (net)
                      0.255599    0.000615   21.245378 v _11981_/B (sky130_fd_sc_hd__and3_1)
     2    0.008936    0.120762    0.478268   21.723646 v _11981_/X (sky130_fd_sc_hd__and3_1)
                                                         _00280_ (net)
                      0.120762    0.000261   21.723907 v _12019_/A1 (sky130_fd_sc_hd__o211a_1)
     2    0.008256    0.118635    0.476478   22.200384 v _12019_/X (sky130_fd_sc_hd__o211a_1)
                                                         _00697_ (net)
                      0.118635    0.000224   22.200607 v _12021_/A2 (sky130_fd_sc_hd__o21a_1)
     2    0.010143    0.129643    0.392927   22.593534 v _12021_/X (sky130_fd_sc_hd__o21a_1)
                                                         _00719_ (net)
                      0.129644    0.000282   22.593817 v _12119_/A2 (sky130_fd_sc_hd__o21a_1)
     3    0.011279    0.140154    0.407329   23.001146 v _12119_/X (sky130_fd_sc_hd__o21a_1)
                                                         _01599_ (net)
                      0.140155    0.000266   23.001413 v _16802_/A1 (sky130_fd_sc_hd__o21ba_1)
     2    0.007745    0.105804    0.404443   23.405855 v _16802_/X (sky130_fd_sc_hd__o21ba_1)
                                                         _06628_ (net)
                      0.105804    0.000149   23.406006 v _17945_/A2 (sky130_fd_sc_hd__o21bai_1)
     2    0.010298    0.397546    0.388686   23.794691 ^ _17945_/Y (sky130_fd_sc_hd__o21bai_1)
                                                         _07884_ (net)
                      0.397546    0.000265   23.794956 ^ _19186_/A2 (sky130_fd_sc_hd__a21o_1)
     3    0.011023    0.166813    0.410598   24.205553 ^ _19186_/X (sky130_fd_sc_hd__a21o_1)
                                                         _09248_ (net)
                      0.166813    0.000258   24.205811 ^ _20615_/A2 (sky130_fd_sc_hd__a21o_1)
     3    0.013256    0.195411    0.351305   24.557116 ^ _20615_/X (sky130_fd_sc_hd__a21o_1)
                                                         _10819_ (net)
                      0.195412    0.000320   24.557436 ^ _21715_/A1 (sky130_fd_sc_hd__a221o_1)
     1    0.006630    0.137494    0.375149   24.932585 ^ _21715_/X (sky130_fd_sc_hd__a221o_1)
                                                         _00849_ (net)
                      0.137494    0.000247   24.932831 ^ _21716_/B1 (sky130_fd_sc_hd__o311ai_2)
     1    0.014039    0.304539    0.344654   25.277485 v _21716_/Y (sky130_fd_sc_hd__o311ai_2)
                                                         _00850_ (net)
                      0.304544    0.000936   25.278421 v _21914_/A2 (sky130_fd_sc_hd__a31o_1)
     1    0.009317    0.119687    0.525272   25.803694 v _21914_/X (sky130_fd_sc_hd__a31o_1)
                                                         _01068_ (net)
                      0.119689    0.000441   25.804134 v _22033_/A2 (sky130_fd_sc_hd__o21a_1)
     1    0.015121    0.169607    0.432454   26.236589 v _22033_/X (sky130_fd_sc_hd__o21a_1)
                                                         _01199_ (net)
                      0.169616    0.001000   26.237589 v _22196_/A1 (sky130_fd_sc_hd__o22a_1)
     1    0.004826    0.105562    0.445475   26.683064 v _22196_/X (sky130_fd_sc_hd__o22a_1)
                                                         _01378_ (net)
                      0.105562    0.000215   26.683279 v _22243_/A2 (sky130_fd_sc_hd__o21ba_1)
     1    0.003552    0.070787    0.328788   27.012066 v _22243_/X (sky130_fd_sc_hd__o21ba_1)
                                                         _01430_ (net)
                      0.070787    0.000126   27.012192 v _22245_/B1 (sky130_fd_sc_hd__o32a_1)
     1    0.002979    0.113386    0.327374   27.339565 v _22245_/X (sky130_fd_sc_hd__o32a_1)
                                                         _00005_ (net)
                      0.113386    0.000092   27.339659 v _22395_/D (sky130_fd_sc_hd__dfxtp_2)
                                             27.339659   data arrival time

                                 25.000000   25.000000   clock clk (rise edge)
                                  0.000000   25.000000   clock source latency
     2    0.084163    0.605401    0.424292   25.424292 ^ clk (in)
                                                         clk (net)
                      0.605594    0.000000   25.424292 ^ clkbuf_0_clk/A (sky130_fd_sc_hd__clkbuf_16)
     2    0.024673    0.080635    0.454124   25.878414 ^ clkbuf_0_clk/X (sky130_fd_sc_hd__clkbuf_16)
                                                         clknet_0_clk (net)
                      0.080644    0.000664   25.879080 ^ clkbuf_1_1__f_clk/A (sky130_fd_sc_hd__clkbuf_16)
    14    0.051835    0.109610    0.267823   26.146902 ^ clkbuf_1_1__f_clk/X (sky130_fd_sc_hd__clkbuf_16)
                                                         clknet_1_1__leaf_clk (net)
                      0.109644    0.001474   26.148376 ^ _22395_/CLK (sky130_fd_sc_hd__dfxtp_2)
                                 -0.250000   25.898378   clock uncertainty
                                  0.000000   25.898378   clock reconvergence pessimism
                                 -0.281673   25.616705   library setup time
                                             25.616705   data required time
---------------------------------------------------------------------------------------------
                                             25.616705   data required time
                                            -27.339659   data arrival time
---------------------------------------------------------------------------------------------
                                             -1.722954   slack (VIOLATED)




===========================================================================
 report_check_types -max_slew -max_cap -max_fanout -violators
============================================================================
======================= nom_ss_100C_1v60 Corner ===================================

max slew

Pin                                        Limit        Slew       Slack
------------------------------------------------------------------------
ANTENNA__16284__C/DIODE                 0.750000    1.011308   -0.261308 (VIOLATED)
ANTENNA__16285__B1/DIODE                0.750000    1.011308   -0.261308 (VIOLATED)
ANTENNA__17653__A2/DIODE                0.750000    1.011308   -0.261308 (VIOLATED)
_16285_/B1                              0.750000    1.011308   -0.261308 (VIOLATED)
_16284_/C                               0.750000    1.011308   -0.261308 (VIOLATED)
_17653_/A2                              0.750000    1.011308   -0.261308 (VIOLATED)
_16283_/Y                               0.750000    1.011305   -0.261305 (VIOLATED)
ANTENNA__13767__B1/DIODE                0.750000    1.006221   -0.256221 (VIOLATED)
ANTENNA__13766__A/DIODE                 0.750000    1.006220   -0.256220 (VIOLATED)
_13766_/A                               0.750000    1.006221   -0.256221 (VIOLATED)
_13767_/B1                              0.750000    1.006221   -0.256221 (VIOLATED)
_13764_/Y                               0.750000    1.006219   -0.256219 (VIOLATED)
_21532_/B                               0.750000    0.995571   -0.245571 (VIOLATED)
ANTENNA__21532__B/DIODE                 0.750000    0.995571   -0.245571 (VIOLATED)
_21531_/X                               0.750000    0.995523   -0.245523 (VIOLATED)
_18334_/B                               0.750000    0.979537   -0.229537 (VIOLATED)
_19584_/A2                              0.750000    0.979537   -0.229537 (VIOLATED)
ANTENNA__18334__B/DIODE                 0.750000    0.979537   -0.229537 (VIOLATED)
ANTENNA__19584__A2/DIODE                0.750000    0.979536   -0.229537 (VIOLATED)
_18333_/Y                               0.750000    0.979522   -0.229523 (VIOLATED)
_21914_/B1                              0.750000    0.945037   -0.195037 (VIOLATED)
ANTENNA__21914__B1/DIODE                0.750000    0.945036   -0.195036 (VIOLATED)
ANTENNA__17459__A/DIODE                 0.750000    0.945030   -0.195030 (VIOLATED)
_17459_/A                               0.750000    0.945030   -0.195030 (VIOLATED)
ANTENNA_fanout254_A/DIODE               0.750000    0.945022   -0.195022 (VIOLATED)
_14619_/Y                               0.750000    0.945022   -0.195022 (VIOLATED)
fanout254/A                             0.750000    0.945022   -0.195022 (VIOLATED)
ANTENNA__16245__B/DIODE                 0.750000    0.927064   -0.177064 (VIOLATED)
_16244_/B                               0.750000    0.927064   -0.177064 (VIOLATED)
_16245_/B                               0.750000    0.927064   -0.177064 (VIOLATED)
ANTENNA__16244__B/DIODE                 0.750000    0.927063   -0.177063 (VIOLATED)
_16243_/Y                               0.750000    0.927062   -0.177062 (VIOLATED)
_17610_/B                               0.750000    0.924372   -0.174372 (VIOLATED)
ANTENNA__17610__B/DIODE                 0.750000    0.924372   -0.174372 (VIOLATED)
ANTENNA__18819__A2/DIODE                0.750000    0.924372   -0.174372 (VIOLATED)
_18819_/A2                              0.750000    0.924372   -0.174372 (VIOLATED)
_17609_/Y                               0.750000    0.924369   -0.174369 (VIOLATED)
ANTENNA__13594__A1/DIODE                0.750000    0.905509   -0.155509 (VIOLATED)
_12044_/B                               0.750000    0.905509   -0.155509 (VIOLATED)
_12046_/A1                              0.750000    0.905509   -0.155509 (VIOLATED)
_13594_/A1                              0.750000    0.905509   -0.155509 (VIOLATED)
ANTENNA__12044__B/DIODE                 0.750000    0.905508   -0.155508 (VIOLATED)
ANTENNA__12046__A1/DIODE                0.750000    0.905508   -0.155508 (VIOLATED)
ANTENNA__12405__B/DIODE                 0.750000    0.905507   -0.155507 (VIOLATED)
_12405_/B                               0.750000    0.905507   -0.155507 (VIOLATED)
ANTENNA__15374__A/DIODE                 0.750000    0.905506   -0.155506 (VIOLATED)
ANTENNA__15375__A/DIODE                 0.750000    0.905506   -0.155506 (VIOLATED)
_15374_/A                               0.750000    0.905506   -0.155506 (VIOLATED)
_15375_/A                               0.750000    0.905506   -0.155506 (VIOLATED)
_11242_/Y                               0.750000    0.905503   -0.155503 (VIOLATED)
ANTENNA__20384__B1/DIODE                0.750000    0.898559   -0.148559 (VIOLATED)
_20384_/B1                              0.750000    0.898559   -0.148559 (VIOLATED)
_20382_/C                               0.750000    0.898559   -0.148559 (VIOLATED)
ANTENNA__20382__C/DIODE                 0.750000    0.898559   -0.148559 (VIOLATED)
_20381_/Y                               0.750000    0.898554   -0.148554 (VIOLATED)
_17098_/C                               0.750000    0.898345   -0.148345 (VIOLATED)
ANTENNA__17098__C/DIODE                 0.750000    0.898344   -0.148344 (VIOLATED)
_17099_/A2                              0.750000    0.898344   -0.148344 (VIOLATED)
ANTENNA__17099__A2/DIODE                0.750000    0.898344   -0.148344 (VIOLATED)
_17097_/Y                               0.750000    0.898331   -0.148331 (VIOLATED)
_17119_/Y                               0.750000    0.894175   -0.144175 (VIOLATED)
_17458_/B1                              0.750000    0.894175   -0.144175 (VIOLATED)
ANTENNA__15960__B/DIODE                 0.750000    0.892147   -0.142147 (VIOLATED)
_15960_/B                               0.750000    0.892147   -0.142147 (VIOLATED)
_15968_/B                               0.750000    0.892146   -0.142146 (VIOLATED)
ANTENNA__15968__B/DIODE                 0.750000    0.892145   -0.142145 (VIOLATED)
_15959_/Y                               0.750000    0.892117   -0.142117 (VIOLATED)
_13340_/A                               0.750000    0.889755   -0.139755 (VIOLATED)
_13339_/A                               0.750000    0.889754   -0.139754 (VIOLATED)
ANTENNA__13339__A/DIODE                 0.750000    0.889754   -0.139754 (VIOLATED)
ANTENNA__13340__A/DIODE                 0.750000    0.889754   -0.139754 (VIOLATED)
ANTENNA__17575__A1/DIODE                0.750000    0.889715   -0.139715 (VIOLATED)
_17575_/A1                              0.750000    0.889715   -0.139715 (VIOLATED)
_15922_/A                               0.750000    0.889707   -0.139707 (VIOLATED)
ANTENNA__15922__A/DIODE                 0.750000    0.889704   -0.139704 (VIOLATED)
ANTENNA__21392__A_N/DIODE               0.750000    0.889682   -0.139682 (VIOLATED)
_21392_/A_N                             0.750000    0.889682   -0.139682 (VIOLATED)
_21393_/A                               0.750000    0.889682   -0.139682 (VIOLATED)
ANTENNA__21393__A/DIODE                 0.750000    0.889681   -0.139681 (VIOLATED)
_13278_/Y                               0.750000    0.889676   -0.139676 (VIOLATED)
ANTENNA__14463__B/DIODE                 0.750000    0.881412   -0.131412 (VIOLATED)
_14463_/B                               0.750000    0.881412   -0.131412 (VIOLATED)
_14501_/A2                              0.750000    0.881412   -0.131412 (VIOLATED)
ANTENNA__14501__A2/DIODE                0.750000    0.881411   -0.131411 (VIOLATED)
_15027_/A2                              0.750000    0.881393   -0.131393 (VIOLATED)
ANTENNA__14132__C/DIODE                 0.750000    0.881393   -0.131393 (VIOLATED)
_14132_/C                               0.750000    0.881393   -0.131393 (VIOLATED)
ANTENNA__15027__A2/DIODE                0.750000    0.881392   -0.131392 (VIOLATED)
_14131_/Y                               0.750000    0.881391   -0.131391 (VIOLATED)
_11756_/B                               0.750000    0.873953   -0.123953 (VIOLATED)
_11888_/B                               0.750000    0.873953   -0.123953 (VIOLATED)
_11906_/A                               0.750000    0.873953   -0.123953 (VIOLATED)
_11907_/A1                              0.750000    0.873953   -0.123953 (VIOLATED)
_11755_/Y                               0.750000    0.873952   -0.123952 (VIOLATED)
_22141_/B                               0.750000    0.854895   -0.104895 (VIOLATED)
ANTENNA__22141__B/DIODE                 0.750000    0.854895   -0.104895 (VIOLATED)
ANTENNA__20211__B1/DIODE                0.750000    0.854892   -0.104892 (VIOLATED)
_20209_/Y                               0.750000    0.854892   -0.104892 (VIOLATED)
_20211_/B1                              0.750000    0.854892   -0.104892 (VIOLATED)
_16487_/B1                              0.750000    0.850889   -0.100889 (VIOLATED)
_16475_/C                               0.750000    0.850888   -0.100888 (VIOLATED)
ANTENNA__16475__C/DIODE                 0.750000    0.850888   -0.100888 (VIOLATED)
ANTENNA__16487__B1/DIODE                0.750000    0.850888   -0.100888 (VIOLATED)
_16474_/Y                               0.750000    0.850882   -0.100882 (VIOLATED)
_17915_/B                               0.750000    0.842049   -0.092049 (VIOLATED)
ANTENNA__17915__B/DIODE                 0.750000    0.842049   -0.092049 (VIOLATED)
_19150_/A2                              0.750000    0.842049   -0.092049 (VIOLATED)
ANTENNA__19150__A2/DIODE                0.750000    0.842047   -0.092047 (VIOLATED)
_17914_/Y                               0.750000    0.842038   -0.092038 (VIOLATED)
_14463_/A                               0.750000    0.836334   -0.086334 (VIOLATED)
_14501_/A1                              0.750000    0.836334   -0.086334 (VIOLATED)
ANTENNA__14501__A1/DIODE                0.750000    0.836334   -0.086334 (VIOLATED)
ANTENNA__14463__A/DIODE                 0.750000    0.836334   -0.086334 (VIOLATED)
_11762_/Y                               0.750000    0.836330   -0.086330 (VIOLATED)
_20899_/A                               0.750000    0.831753   -0.081753 (VIOLATED)
_20898_/A                               0.750000    0.831751   -0.081751 (VIOLATED)
ANTENNA__20898__A/DIODE                 0.750000    0.831751   -0.081751 (VIOLATED)
ANTENNA__20899__A/DIODE                 0.750000    0.831747   -0.081747 (VIOLATED)
_22118_/A1                              0.750000    0.831716   -0.081716 (VIOLATED)
ANTENNA__22118__A1/DIODE                0.750000    0.831716   -0.081716 (VIOLATED)
_21376_/A                               0.750000    0.831714   -0.081714 (VIOLATED)
ANTENNA__21376__A/DIODE                 0.750000    0.831712   -0.081712 (VIOLATED)
_20890_/Y                               0.750000    0.831702   -0.081702 (VIOLATED)
_20379_/B                               0.750000    0.825291   -0.075291 (VIOLATED)
ANTENNA__20378__B/DIODE                 0.750000    0.825291   -0.075291 (VIOLATED)
_20378_/B                               0.750000    0.825291   -0.075291 (VIOLATED)
ANTENNA__20379__B/DIODE                 0.750000    0.825291   -0.075291 (VIOLATED)
_20377_/Y                               0.750000    0.825290   -0.075290 (VIOLATED)
ANTENNA__20773__C/DIODE                 0.750000    0.820983   -0.070983 (VIOLATED)
_20773_/C                               0.750000    0.820983   -0.070983 (VIOLATED)
_20774_/B1                              0.750000    0.820983   -0.070983 (VIOLATED)
ANTENNA__20774__B1/DIODE                0.750000    0.820982   -0.070982 (VIOLATED)
_20772_/Y                               0.750000    0.820977   -0.070977 (VIOLATED)
_16422_/Y                               0.750000    0.815983   -0.065983 (VIOLATED)
_16425_/B                               0.750000    0.815983   -0.065983 (VIOLATED)
_16429_/A2                              0.750000    0.815983   -0.065983 (VIOLATED)
ANTENNA__15918__A2/DIODE                0.750000    0.807459   -0.057459 (VIOLATED)
_15918_/A2                              0.750000    0.807459   -0.057459 (VIOLATED)
ANTENNA__15917__C/DIODE                 0.750000    0.807458   -0.057458 (VIOLATED)
_15917_/C                               0.750000    0.807458   -0.057458 (VIOLATED)
_15923_/B1                              0.750000    0.807458   -0.057458 (VIOLATED)
ANTENNA__15923__B1/DIODE                0.750000    0.807458   -0.057458 (VIOLATED)
_15916_/Y                               0.750000    0.807452   -0.057452 (VIOLATED)
ANTENNA__15115__A/DIODE                 0.750000    0.800778   -0.050778 (VIOLATED)
_15115_/A                               0.750000    0.800778   -0.050778 (VIOLATED)
_15116_/A1                              0.750000    0.800778   -0.050778 (VIOLATED)
ANTENNA__15116__A1/DIODE                0.750000    0.800778   -0.050778 (VIOLATED)
_13129_/Y                               0.750000    0.800777   -0.050777 (VIOLATED)
fanout479/A                             0.750000    0.792065   -0.042065 (VIOLATED)
ANTENNA_fanout479_A/DIODE               0.750000    0.792065   -0.042065 (VIOLATED)
input165/X                              0.750000    0.792058   -0.042058 (VIOLATED)
_14284_/A                               0.750000    0.787955   -0.037955 (VIOLATED)
_14283_/A                               0.750000    0.787954   -0.037954 (VIOLATED)
ANTENNA__14284__A/DIODE                 0.750000    0.787954   -0.037954 (VIOLATED)
ANTENNA__14283__A/DIODE                 0.750000    0.787954   -0.037954 (VIOLATED)
_14280_/Y                               0.750000    0.787933   -0.037933 (VIOLATED)
_19113_/A                               0.750000    0.786979   -0.036979 (VIOLATED)
ANTENNA__19114__B1/DIODE                0.750000    0.786979   -0.036979 (VIOLATED)
_19114_/B1                              0.750000    0.786979   -0.036979 (VIOLATED)
ANTENNA__19113__A/DIODE                 0.750000    0.786979   -0.036979 (VIOLATED)
_19073_/Y                               0.750000    0.786972   -0.036972 (VIOLATED)
_21983_/B                               0.750000    0.784377   -0.034377 (VIOLATED)
ANTENNA__21983__B/DIODE                 0.750000    0.784376   -0.034376 (VIOLATED)
_21982_/Y                               0.750000    0.784334   -0.034334 (VIOLATED)
_20649_/A_N                             0.750000    0.782784   -0.032784 (VIOLATED)
_19113_/Y                               0.750000    0.782783   -0.032783 (VIOLATED)
_19115_/B                               0.750000    0.782783   -0.032783 (VIOLATED)
_19116_/A1                              0.750000    0.782783   -0.032783 (VIOLATED)
_14896_/A                               0.750000    0.777771   -0.027771 (VIOLATED)
ANTENNA__17144__A1/DIODE                0.750000    0.777770   -0.027771 (VIOLATED)
_17144_/A1                              0.750000    0.777770   -0.027770 (VIOLATED)
ANTENNA__14896__A/DIODE                 0.750000    0.777770   -0.027770 (VIOLATED)
_11657_/A1                              0.750000    0.777757   -0.027757 (VIOLATED)
ANTENNA__11657__A1/DIODE                0.750000    0.777756   -0.027756 (VIOLATED)
_14167_/B                               0.750000    0.777753   -0.027753 (VIOLATED)
ANTENNA__14167__B/DIODE                 0.750000    0.777750   -0.027750 (VIOLATED)
_14183_/A2                              0.750000    0.777748   -0.027748 (VIOLATED)
_21236_/A                               0.750000    0.777743   -0.027743 (VIOLATED)
ANTENNA__14183__A2/DIODE                0.750000    0.777741   -0.027741 (VIOLATED)
ANTENNA__17822__A/DIODE                 0.750000    0.777741   -0.027741 (VIOLATED)
ANTENNA__19047__A1/DIODE                0.750000    0.777741   -0.027741 (VIOLATED)
ANTENNA__21236__A/DIODE                 0.750000    0.777741   -0.027741 (VIOLATED)
ANTENNA__22076__A1/DIODE                0.750000    0.777741   -0.027741 (VIOLATED)
_11656_/X                               0.750000    0.777741   -0.027741 (VIOLATED)
_17822_/A                               0.750000    0.777741   -0.027741 (VIOLATED)
_19047_/A1                              0.750000    0.777741   -0.027741 (VIOLATED)
_22076_/A1                              0.750000    0.777741   -0.027741 (VIOLATED)
_22112_/B                               0.750000    0.776208   -0.026208 (VIOLATED)
ANTENNA__22112__B/DIODE                 0.750000    0.776208   -0.026208 (VIOLATED)
_22111_/Y                               0.750000    0.776203   -0.026203 (VIOLATED)
_21554_/B                               0.750000    0.772623   -0.022623 (VIOLATED)
ANTENNA__21554__B/DIODE                 0.750000    0.772622   -0.022623 (VIOLATED)
_21553_/Y                               0.750000    0.772618   -0.022618 (VIOLATED)
_14834_/A1                              0.750000    0.766520   -0.016520 (VIOLATED)
_14807_/A                               0.750000    0.766520   -0.016520 (VIOLATED)
ANTENNA__14834__A1/DIODE                0.750000    0.766519   -0.016520 (VIOLATED)
ANTENNA__14807__A/DIODE                 0.750000    0.766519   -0.016519 (VIOLATED)
_11545_/A1                              0.750000    0.766511   -0.016511 (VIOLATED)
ANTENNA__11545__A1/DIODE                0.750000    0.766510   -0.016511 (VIOLATED)
_14154_/B                               0.750000    0.766505   -0.016505 (VIOLATED)
ANTENNA__14154__B/DIODE                 0.750000    0.766504   -0.016504 (VIOLATED)
_14155_/B                               0.750000    0.766504   -0.016504 (VIOLATED)
_20122_/A                               0.750000    0.766500   -0.016500 (VIOLATED)
_16689_/A                               0.750000    0.766500   -0.016500 (VIOLATED)
ANTENNA__16689__A/DIODE                 0.750000    0.766500   -0.016500 (VIOLATED)
ANTENNA__20122__A/DIODE                 0.750000    0.766499   -0.016499 (VIOLATED)
_21237_/A1                              0.750000    0.766499   -0.016499 (VIOLATED)
ANTENNA__21237__A1/DIODE                0.750000    0.766499   -0.016499 (VIOLATED)
_17823_/A1                              0.750000    0.766499   -0.016499 (VIOLATED)
ANTENNA__17823__A1/DIODE                0.750000    0.766499   -0.016499 (VIOLATED)
ANTENNA__14155__B/DIODE                 0.750000    0.766498   -0.016498 (VIOLATED)
_11544_/X                               0.750000    0.766497   -0.016497 (VIOLATED)
_21469_/A                               0.750000    0.764708   -0.014708 (VIOLATED)
ANTENNA__21469__A/DIODE                 0.750000    0.764707   -0.014707 (VIOLATED)
_21467_/Y                               0.750000    0.764674   -0.014674 (VIOLATED)
_20276_/B                               0.750000    0.764007   -0.014007 (VIOLATED)
_21463_/A2                              0.750000    0.764007   -0.014007 (VIOLATED)
ANTENNA__21463__A2/DIODE                0.750000    0.764007   -0.014007 (VIOLATED)
ANTENNA__20276__B/DIODE                 0.750000    0.764006   -0.014006 (VIOLATED)
_20275_/Y                               0.750000    0.763991   -0.013991 (VIOLATED)
_21523_/B                               0.750000    0.760372   -0.010372 (VIOLATED)
ANTENNA__21523__B/DIODE                 0.750000    0.760372   -0.010372 (VIOLATED)
_21522_/Y                               0.750000    0.760368   -0.010368 (VIOLATED)
_13578_/A                               0.750000    0.759756   -0.009756 (VIOLATED)
ANTENNA__13578__A/DIODE                 0.750000    0.759755   -0.009755 (VIOLATED)
_13538_/A1                              0.750000    0.759755   -0.009755 (VIOLATED)
ANTENNA__13538__A1/DIODE                0.750000    0.759754   -0.009754 (VIOLATED)
_22125_/B                               0.750000    0.759715   -0.009715 (VIOLATED)
_14996_/A                               0.750000    0.759715   -0.009715 (VIOLATED)
_14995_/A                               0.750000    0.759714   -0.009714 (VIOLATED)
_13530_/Y                               0.750000    0.759713   -0.009714 (VIOLATED)
_13131_/Y                               0.750000    0.759711   -0.009711 (VIOLATED)
_19635_/A                               0.750000    0.757485   -0.007485 (VIOLATED)
_19634_/A                               0.750000    0.757484   -0.007485 (VIOLATED)
ANTENNA__19634__A/DIODE                 0.750000    0.757484   -0.007484 (VIOLATED)
ANTENNA__19635__A/DIODE                 0.750000    0.757483   -0.007483 (VIOLATED)
_21356_/B1                              0.750000    0.757479   -0.007479 (VIOLATED)
_21357_/A                               0.750000    0.757477   -0.007477 (VIOLATED)
ANTENNA__21357__A/DIODE                 0.750000    0.757475   -0.007475 (VIOLATED)
ANTENNA__21356__B1/DIODE                0.750000    0.757474   -0.007474 (VIOLATED)
_22042_/A                               0.750000    0.757470   -0.007470 (VIOLATED)
_15197_/A2                              0.750000    0.757468   -0.007468 (VIOLATED)
ANTENNA__22042__A/DIODE                 0.750000    0.757467   -0.007467 (VIOLATED)
ANTENNA__15197__A2/DIODE                0.750000    0.757466   -0.007466 (VIOLATED)
_20794_/B                               0.750000    0.757460   -0.007460 (VIOLATED)
_21614_/A3                              0.750000    0.757459   -0.007459 (VIOLATED)
ANTENNA__21614__A3/DIODE                0.750000    0.757459   -0.007459 (VIOLATED)
ANTENNA__20794__B/DIODE                 0.750000    0.757459   -0.007459 (VIOLATED)
_15196_/Y                               0.750000    0.757456   -0.007456 (VIOLATED)

max fanout

Pin                                   Limit Fanout  Slack
---------------------------------------------------------
_11446_/Y                                10     20    -10 (VIOLATED)
_11758_/Y                                10     20    -10 (VIOLATED)
_12250_/X                                10     20    -10 (VIOLATED)
_13155_/Y                                10     20    -10 (VIOLATED)
_14753_/Y                                10     20    -10 (VIOLATED)
_15566_/Y                                10     20    -10 (VIOLATED)
_16075_/Y                                10     20    -10 (VIOLATED)
fanout246/X                              10     20    -10 (VIOLATED)
fanout247/X                              10     20    -10 (VIOLATED)
fanout248/X                              10     20    -10 (VIOLATED)
fanout250/X                              10     20    -10 (VIOLATED)
fanout251/X                              10     20    -10 (VIOLATED)
fanout253/X                              10     20    -10 (VIOLATED)
fanout254/X                              10     20    -10 (VIOLATED)
fanout255/X                              10     20    -10 (VIOLATED)
fanout256/X                              10     20    -10 (VIOLATED)
fanout258/X                              10     20    -10 (VIOLATED)
fanout260/X                              10     20    -10 (VIOLATED)
fanout261/X                              10     20    -10 (VIOLATED)
fanout262/X                              10     20    -10 (VIOLATED)
fanout264/X                              10     20    -10 (VIOLATED)
fanout266/X                              10     20    -10 (VIOLATED)
fanout268/X                              10     20    -10 (VIOLATED)
fanout274/X                              10     20    -10 (VIOLATED)
fanout275/X                              10     20    -10 (VIOLATED)
fanout280/X                              10     20    -10 (VIOLATED)
fanout281/X                              10     20    -10 (VIOLATED)
fanout282/X                              10     20    -10 (VIOLATED)
fanout283/X                              10     20    -10 (VIOLATED)
fanout286/X                              10     20    -10 (VIOLATED)
fanout292/X                              10     20    -10 (VIOLATED)
fanout295/X                              10     20    -10 (VIOLATED)
fanout299/X                              10     20    -10 (VIOLATED)
fanout300/X                              10     20    -10 (VIOLATED)
fanout301/X                              10     20    -10 (VIOLATED)
fanout302/X                              10     20    -10 (VIOLATED)
fanout303/X                              10     20    -10 (VIOLATED)
fanout304/X                              10     20    -10 (VIOLATED)
fanout305/X                              10     20    -10 (VIOLATED)
fanout309/X                              10     20    -10 (VIOLATED)
fanout310/X                              10     20    -10 (VIOLATED)
fanout316/X                              10     20    -10 (VIOLATED)
fanout317/X                              10     20    -10 (VIOLATED)
fanout319/X                              10     20    -10 (VIOLATED)
fanout325/X                              10     20    -10 (VIOLATED)
fanout329/X                              10     20    -10 (VIOLATED)
fanout333/X                              10     20    -10 (VIOLATED)
fanout334/X                              10     20    -10 (VIOLATED)
fanout335/X                              10     20    -10 (VIOLATED)
fanout347/X                              10     20    -10 (VIOLATED)
fanout350/X                              10     20    -10 (VIOLATED)
fanout351/X                              10     20    -10 (VIOLATED)
fanout354/X                              10     20    -10 (VIOLATED)
fanout357/X                              10     20    -10 (VIOLATED)
fanout358/X                              10     20    -10 (VIOLATED)
fanout372/X                              10     20    -10 (VIOLATED)
fanout376/X                              10     20    -10 (VIOLATED)
fanout377/X                              10     20    -10 (VIOLATED)
fanout388/X                              10     20    -10 (VIOLATED)
fanout390/X                              10     20    -10 (VIOLATED)
fanout393/X                              10     20    -10 (VIOLATED)
fanout411/X                              10     20    -10 (VIOLATED)
fanout413/X                              10     20    -10 (VIOLATED)
fanout414/X                              10     20    -10 (VIOLATED)
fanout417/X                              10     20    -10 (VIOLATED)
fanout432/X                              10     20    -10 (VIOLATED)
fanout438/X                              10     20    -10 (VIOLATED)
fanout446/X                              10     20    -10 (VIOLATED)
fanout451/X                              10     20    -10 (VIOLATED)
fanout453/X                              10     20    -10 (VIOLATED)
fanout485/X                              10     20    -10 (VIOLATED)
fanout486/X                              10     20    -10 (VIOLATED)
fanout490/X                              10     20    -10 (VIOLATED)
fanout491/X                              10     20    -10 (VIOLATED)
fanout493/X                              10     20    -10 (VIOLATED)
fanout495/X                              10     20    -10 (VIOLATED)
fanout499/X                              10     20    -10 (VIOLATED)
fanout502/X                              10     20    -10 (VIOLATED)
fanout505/X                              10     20    -10 (VIOLATED)
fanout508/X                              10     20    -10 (VIOLATED)
fanout509/X                              10     20    -10 (VIOLATED)
fanout510/X                              10     20    -10 (VIOLATED)
fanout512/X                              10     20    -10 (VIOLATED)
fanout527/X                              10     20    -10 (VIOLATED)
fanout545/X                              10     20    -10 (VIOLATED)
fanout546/X                              10     20    -10 (VIOLATED)
fanout552/X                              10     20    -10 (VIOLATED)
fanout557/X                              10     20    -10 (VIOLATED)
fanout559/X                              10     20    -10 (VIOLATED)
input121/X                               10     20    -10 (VIOLATED)
input122/X                               10     20    -10 (VIOLATED)
input174/X                               10     20    -10 (VIOLATED)
input40/X                                10     20    -10 (VIOLATED)
input67/X                                10     20    -10 (VIOLATED)
input69/X                                10     20    -10 (VIOLATED)
input70/X                                10     20    -10 (VIOLATED)
input95/X                                10     20    -10 (VIOLATED)
_11241_/Y                                10     18     -8 (VIOLATED)
_11286_/Y                                10     18     -8 (VIOLATED)
_11544_/X                                10     18     -8 (VIOLATED)
_11656_/X                                10     18     -8 (VIOLATED)
_12083_/Y                                10     18     -8 (VIOLATED)
_12314_/X                                10     18     -8 (VIOLATED)
_13074_/X                                10     18     -8 (VIOLATED)
_13135_/Y                                10     18     -8 (VIOLATED)
_13655_/Y                                10     18     -8 (VIOLATED)
_13713_/Y                                10     18     -8 (VIOLATED)
_14670_/Y                                10     18     -8 (VIOLATED)
_15567_/Y                                10     18     -8 (VIOLATED)
fanout321/X                              10     18     -8 (VIOLATED)
fanout323/X                              10     18     -8 (VIOLATED)
fanout328/X                              10     18     -8 (VIOLATED)
fanout332/X                              10     18     -8 (VIOLATED)
fanout340/X                              10     18     -8 (VIOLATED)
fanout346/X                              10     18     -8 (VIOLATED)
fanout349/X                              10     18     -8 (VIOLATED)
fanout371/X                              10     18     -8 (VIOLATED)
fanout382/X                              10     18     -8 (VIOLATED)
fanout384/X                              10     18     -8 (VIOLATED)
fanout447/X                              10     18     -8 (VIOLATED)
fanout455/X                              10     18     -8 (VIOLATED)
fanout457/X                              10     18     -8 (VIOLATED)
fanout476/X                              10     18     -8 (VIOLATED)
fanout481/X                              10     18     -8 (VIOLATED)
fanout482/X                              10     18     -8 (VIOLATED)
fanout487/X                              10     18     -8 (VIOLATED)
fanout494/X                              10     18     -8 (VIOLATED)
fanout501/X                              10     18     -8 (VIOLATED)
fanout522/X                              10     18     -8 (VIOLATED)
fanout526/X                              10     18     -8 (VIOLATED)
fanout549/X                              10     18     -8 (VIOLATED)
input221/X                               10     18     -8 (VIOLATED)
input33/X                                10     18     -8 (VIOLATED)
input43/X                                10     18     -8 (VIOLATED)
input62/X                                10     18     -8 (VIOLATED)
input68/X                                10     18     -8 (VIOLATED)
input79/X                                10     18     -8 (VIOLATED)
input86/X                                10     18     -8 (VIOLATED)
input87/X                                10     18     -8 (VIOLATED)
input89/X                                10     18     -8 (VIOLATED)
input94/X                                10     18     -8 (VIOLATED)
_11197_/Y                                10     16     -6 (VIOLATED)
_11203_/Y                                10     16     -6 (VIOLATED)
_11204_/Y                                10     16     -6 (VIOLATED)
_11207_/Y                                10     16     -6 (VIOLATED)
_11444_/X                                10     16     -6 (VIOLATED)
_11828_/X                                10     16     -6 (VIOLATED)
_12092_/X                                10     16     -6 (VIOLATED)
_12421_/Y                                10     16     -6 (VIOLATED)
_12650_/Y                                10     16     -6 (VIOLATED)
_13709_/X                                10     16     -6 (VIOLATED)
_15196_/Y                                10     16     -6 (VIOLATED)
_15609_/Y                                10     16     -6 (VIOLATED)
fanout287/X                              10     16     -6 (VIOLATED)
fanout369/X                              10     16     -6 (VIOLATED)
fanout379/X                              10     16     -6 (VIOLATED)
fanout396/X                              10     16     -6 (VIOLATED)
fanout416/X                              10     16     -6 (VIOLATED)
fanout435/X                              10     16     -6 (VIOLATED)
fanout452/X                              10     16     -6 (VIOLATED)
fanout525/X                              10     16     -6 (VIOLATED)
input104/X                               10     16     -6 (VIOLATED)
input158/X                               10     16     -6 (VIOLATED)
input210/X                               10     16     -6 (VIOLATED)
input220/X                               10     16     -6 (VIOLATED)
input41/X                                10     16     -6 (VIOLATED)
input85/X                                10     16     -6 (VIOLATED)
_11211_/Y                                10     14     -4 (VIOLATED)
_11238_/X                                10     14     -4 (VIOLATED)
_11358_/Y                                10     14     -4 (VIOLATED)
_11421_/X                                10     14     -4 (VIOLATED)
_12176_/Y                                10     14     -4 (VIOLATED)
_12177_/X                                10     14     -4 (VIOLATED)
_12224_/Y                                10     14     -4 (VIOLATED)
_13154_/X                                10     14     -4 (VIOLATED)
_14636_/X                                10     14     -4 (VIOLATED)
_14754_/Y                                10     14     -4 (VIOLATED)
_15278_/X                                10     14     -4 (VIOLATED)
_15573_/X                                10     14     -4 (VIOLATED)
_16687_/X                                10     14     -4 (VIOLATED)
clkbuf_1_1__f_clk/X                      10     14     -4 (VIOLATED)
fanout259/X                              10     14     -4 (VIOLATED)
fanout298/X                              10     14     -4 (VIOLATED)
fanout338/X                              10     14     -4 (VIOLATED)
fanout343/X                              10     14     -4 (VIOLATED)
fanout368/X                              10     14     -4 (VIOLATED)
fanout412/X                              10     14     -4 (VIOLATED)
fanout415/X                              10     14     -4 (VIOLATED)
fanout424/X                              10     14     -4 (VIOLATED)
fanout434/X                              10     14     -4 (VIOLATED)
fanout442/X                              10     14     -4 (VIOLATED)
fanout465/X                              10     14     -4 (VIOLATED)
fanout489/X                              10     14     -4 (VIOLATED)
fanout496/X                              10     14     -4 (VIOLATED)
fanout506/X                              10     14     -4 (VIOLATED)
fanout507/X                              10     14     -4 (VIOLATED)
fanout524/X                              10     14     -4 (VIOLATED)
fanout555/X                              10     14     -4 (VIOLATED)
input141/X                               10     14     -4 (VIOLATED)
input176/X                               10     14     -4 (VIOLATED)
input45/X                                10     14     -4 (VIOLATED)
input80/X                                10     14     -4 (VIOLATED)
input92/X                                10     14     -4 (VIOLATED)
input93/X                                10     14     -4 (VIOLATED)
input96/X                                10     14     -4 (VIOLATED)
_11242_/Y                                10     12     -2 (VIOLATED)
_11323_/X                                10     12     -2 (VIOLATED)
_11342_/X                                10     12     -2 (VIOLATED)
_11343_/Y                                10     12     -2 (VIOLATED)
_11360_/Y                                10     12     -2 (VIOLATED)
_11445_/Y                                10     12     -2 (VIOLATED)
_11991_/Y                                10     12     -2 (VIOLATED)
_13235_/Y                                10     12     -2 (VIOLATED)
_13278_/Y                                10     12     -2 (VIOLATED)
_13447_/Y                                10     12     -2 (VIOLATED)
_13465_/X                                10     12     -2 (VIOLATED)
_13490_/Y                                10     12     -2 (VIOLATED)
_13521_/Y                                10     12     -2 (VIOLATED)
_14674_/X                                10     12     -2 (VIOLATED)
_15027_/Y                                10     12     -2 (VIOLATED)
_15351_/Y                                10     12     -2 (VIOLATED)
_15610_/X                                10     12     -2 (VIOLATED)
_16608_/X                                10     12     -2 (VIOLATED)
_17774_/X                                10     12     -2 (VIOLATED)
fanout257/X                              10     12     -2 (VIOLATED)
fanout263/X                              10     12     -2 (VIOLATED)
fanout291/X                              10     12     -2 (VIOLATED)
fanout342/X                              10     12     -2 (VIOLATED)
fanout359/X                              10     12     -2 (VIOLATED)
fanout406/X                              10     12     -2 (VIOLATED)
fanout409/X                              10     12     -2 (VIOLATED)
fanout419/X                              10     12     -2 (VIOLATED)
fanout492/X                              10     12     -2 (VIOLATED)
fanout504/X                              10     12     -2 (VIOLATED)
fanout514/X                              10     12     -2 (VIOLATED)
fanout534/X                              10     12     -2 (VIOLATED)
fanout554/X                              10     12     -2 (VIOLATED)
fanout558/X                              10     12     -2 (VIOLATED)
input177/X                               10     12     -2 (VIOLATED)
input63/X                                10     12     -2 (VIOLATED)
input90/X                                10     12     -2 (VIOLATED)
input91/X                                10     12     -2 (VIOLATED)



===========================================================================
report_parasitic_annotation -report_unannotated
============================================================================
Found 23 unannotated drivers.
 input_data[127]
 input_data[191]
 input_data[207]
 input_data[208]
 input_data[209]
 input_data[210]
 input_data[211]
 input_data[212]
 input_data[213]
 input_data[214]
 input_data[215]
 input_data[216]
 input_data[217]
 input_data[218]
 input_data[219]
 input_data[220]
 input_data[221]
 input_data[222]
 input_data[223]
 input_data[238]
 input_data[239]
 input_data[63]
 input_data[79]
Found 0 partially unannotated drivers.

===========================================================================
max slew violation count 249
max fanout violation count 242
max cap violation count 0
============================================================================

===========================================================================
check_setup -verbose -unconstrained_endpoints -multiple_clock -no_clock -no_input_delay -loops -generated_clocks
===========================================================================
