/home/nurwiyoso14/.volare/volare/sky130/versions/bdc9412b3e468c102d01b7cf6337be06ec6e9c9a/sky130A/libs.tech/klayout/drc/sky130A_mr.drc:50: warning: already initialized constant DRC::DRCEngine::FEOL
/home/nurwiyoso14/.volare/volare/sky130/versions/bdc9412b3e468c102d01b7cf6337be06ec6e9c9a/sky130A/libs.tech/klayout/drc/sky130A_mr.drc:42: warning: previous definition of FEOL was here
/home/nurwiyoso14/.volare/volare/sky130/versions/bdc9412b3e468c102d01b7cf6337be06ec6e9c9a/sky130A/libs.tech/klayout/drc/sky130A_mr.drc:56: warning: already initialized constant DRC::DRCEngine::BEOL
/home/nurwiyoso14/.volare/volare/sky130/versions/bdc9412b3e468c102d01b7cf6337be06ec6e9c9a/sky130A/libs.tech/klayout/drc/sky130A_mr.drc:43: warning: previous definition of BEOL was here
/home/nurwiyoso14/.volare/volare/sky130/versions/bdc9412b3e468c102d01b7cf6337be06ec6e9c9a/sky130A/libs.tech/klayout/drc/sky130A_mr.drc:62: warning: already initialized constant DRC::DRCEngine::OFFGRID
/home/nurwiyoso14/.volare/volare/sky130/versions/bdc9412b3e468c102d01b7cf6337be06ec6e9c9a/sky130A/libs.tech/klayout/drc/sky130A_mr.drc:44: warning: previous definition of OFFGRID was here
/home/nurwiyoso14/.volare/volare/sky130/versions/bdc9412b3e468c102d01b7cf6337be06ec6e9c9a/sky130A/libs.tech/klayout/drc/sky130A_mr.drc:68: warning: already initialized constant DRC::DRCEngine::SEAL
/home/nurwiyoso14/.volare/volare/sky130/versions/bdc9412b3e468c102d01b7cf6337be06ec6e9c9a/sky130A/libs.tech/klayout/drc/sky130A_mr.drc:45: warning: previous definition of SEAL was here
/home/nurwiyoso14/.volare/volare/sky130/versions/bdc9412b3e468c102d01b7cf6337be06ec6e9c9a/sky130A/libs.tech/klayout/drc/sky130A_mr.drc:76: warning: already initialized constant DRC::DRCEngine::FLOATING_MET
/home/nurwiyoso14/.volare/volare/sky130/versions/bdc9412b3e468c102d01b7cf6337be06ec6e9c9a/sky130A/libs.tech/klayout/drc/sky130A_mr.drc:46: warning: previous definition of FLOATING_MET was here
"input" in: sky130A_mr.drc:126
    Polygons (raw): 139894 (flat)  516 (hierarchical)
    Elapsed: 0.040s  Memory: 356.00M
"polygons" in: sky130A_mr.drc:127
    Polygons (raw): 17568 (flat)  2 (hierarchical)
    Elapsed: 0.030s  Memory: 356.00M
"polygons" in: sky130A_mr.drc:128
    Polygons (raw): 88412 (flat)  181 (hierarchical)
    Elapsed: 0.020s  Memory: 356.00M
"polygons" in: sky130A_mr.drc:129
    Polygons (raw): 0 (flat)  0 (hierarchical)
    Elapsed: 0.000s  Memory: 356.00M
"polygons" in: sky130A_mr.drc:130
    Polygons (raw): 0 (flat)  0 (hierarchical)
    Elapsed: 0.000s  Memory: 356.00M
"polygons" in: sky130A_mr.drc:131
    Polygons (raw): 0 (flat)  0 (hierarchical)
    Elapsed: 0.000s  Memory: 356.00M
"polygons" in: sky130A_mr.drc:132
    Polygons (raw): 0 (flat)  0 (hierarchical)
    Elapsed: 0.000s  Memory: 356.00M
"polygons" in: sky130A_mr.drc:133
    Polygons (raw): 0 (flat)  0 (hierarchical)
    Elapsed: 0.000s  Memory: 356.00M
"polygons" in: sky130A_mr.drc:134
    Polygons (raw): 88560 (flat)  183 (hierarchical)
    Elapsed: 0.020s  Memory: 356.00M
"polygons" in: sky130A_mr.drc:135
    Polygons (raw): 0 (flat)  0 (hierarchical)
    Elapsed: 0.000s  Memory: 356.00M
"polygons" in: sky130A_mr.drc:136
    Polygons (raw): 0 (flat)  0 (hierarchical)
    Elapsed: 0.000s  Memory: 356.00M
"polygons" in: sky130A_mr.drc:137
    Polygons (raw): 0 (flat)  0 (hierarchical)
    Elapsed: 0.000s  Memory: 356.00M
"polygons" in: sky130A_mr.drc:138
    Polygons (raw): 0 (flat)  0 (hierarchical)
    Elapsed: 0.000s  Memory: 356.00M
"polygons" in: sky130A_mr.drc:139
    Polygons (raw): 161642 (flat)  1172 (hierarchical)
    Elapsed: 0.020s  Memory: 356.00M
"polygons" in: sky130A_mr.drc:140
    Polygons (raw): 0 (flat)  0 (hierarchical)
    Elapsed: 0.000s  Memory: 356.00M
"polygons" in: sky130A_mr.drc:141
    Polygons (raw): 97196 (flat)  182 (hierarchical)
    Elapsed: 0.020s  Memory: 356.00M
"polygons" in: sky130A_mr.drc:142
    Polygons (raw): 97196 (flat)  182 (hierarchical)
    Elapsed: 0.020s  Memory: 356.00M
"polygons" in: sky130A_mr.drc:143
    Polygons (raw): 0 (flat)  0 (hierarchical)
    Elapsed: 0.000s  Memory: 356.00M
"polygons" in: sky130A_mr.drc:144
    Polygons (raw): 0 (flat)  0 (hierarchical)
    Elapsed: 0.000s  Memory: 356.00M
"polygons" in: sky130A_mr.drc:145
    Polygons (raw): 58158 (flat)  198 (hierarchical)
    Elapsed: 0.020s  Memory: 356.00M
"polygons" in: sky130A_mr.drc:146
    Polygons (raw): 818416 (flat)  5965 (hierarchical)
    Elapsed: 0.020s  Memory: 356.00M
"polygons" in: sky130A_mr.drc:148
    Polygons (raw): 536622 (flat)  83025 (hierarchical)
    Elapsed: 0.080s  Memory: 359.00M
"polygons" in: sky130A_mr.drc:149
    Polygons (raw): 1066200 (flat)  84004 (hierarchical)
    Elapsed: 0.070s  Memory: 361.00M
"polygons" in: sky130A_mr.drc:151
    Polygons (raw): 534760 (flat)  355989 (hierarchical)
    Elapsed: 0.240s  Memory: 375.00M
"polygons" in: sky130A_mr.drc:152
    Polygons (raw): 92417 (flat)  92417 (hierarchical)
    Elapsed: 0.070s  Memory: 375.00M
"polygons" in: sky130A_mr.drc:154
    Polygons (raw): 152702 (flat)  152702 (hierarchical)
    Elapsed: 0.110s  Memory: 378.00M
"polygons" in: sky130A_mr.drc:155
    Polygons (raw): 10388 (flat)  10388 (hierarchical)
    Elapsed: 0.030s  Memory: 378.00M
"polygons" in: sky130A_mr.drc:157
    Polygons (raw): 13088 (flat)  13088 (hierarchical)
    Elapsed: 0.030s  Memory: 378.00M
"polygons" in: sky130A_mr.drc:158
    Polygons (raw): 7893 (flat)  7893 (hierarchical)
    Elapsed: 0.030s  Memory: 378.00M
"polygons" in: sky130A_mr.drc:160
    Polygons (raw): 1547 (flat)  1547 (hierarchical)
    Elapsed: 0.030s  Memory: 378.00M
"polygons" in: sky130A_mr.drc:161
    Polygons (raw): 0 (flat)  0 (hierarchical)
    Elapsed: 0.000s  Memory: 378.00M
"polygons" in: sky130A_mr.drc:163
    Polygons (raw): 0 (flat)  0 (hierarchical)
    Elapsed: 0.000s  Memory: 378.00M
"polygons" in: sky130A_mr.drc:165
    Polygons (raw): 0 (flat)  0 (hierarchical)
    Elapsed: 0.000s  Memory: 378.00M
"polygons" in: sky130A_mr.drc:166
    Polygons (raw): 0 (flat)  0 (hierarchical)
    Elapsed: 0.000s  Memory: 378.00M
"polygons" in: sky130A_mr.drc:167
    Polygons (raw): 0 (flat)  0 (hierarchical)
    Elapsed: 0.000s  Memory: 378.00M
"polygons" in: sky130A_mr.drc:168
    Polygons (raw): 0 (flat)  0 (hierarchical)
    Elapsed: 0.000s  Memory: 378.00M
"polygons" in: sky130A_mr.drc:169
    Polygons (raw): 0 (flat)  0 (hierarchical)
    Elapsed: 0.000s  Memory: 378.00M
"polygons" in: sky130A_mr.drc:170
    Polygons (raw): 0 (flat)  0 (hierarchical)
    Elapsed: 0.010s  Memory: 378.00M
"polygons" in: sky130A_mr.drc:171
    Polygons (raw): 0 (flat)  0 (hierarchical)
    Elapsed: 0.000s  Memory: 378.00M
"polygons" in: sky130A_mr.drc:172
    Polygons (raw): 0 (flat)  0 (hierarchical)
    Elapsed: 0.000s  Memory: 378.00M
"polygons" in: sky130A_mr.drc:173
    Polygons (raw): 0 (flat)  0 (hierarchical)
    Elapsed: 0.000s  Memory: 378.00M
"polygons" in: sky130A_mr.drc:174
    Polygons (raw): 0 (flat)  0 (hierarchical)
    Elapsed: 0.000s  Memory: 378.00M
"polygons" in: sky130A_mr.drc:175
    Polygons (raw): 0 (flat)  0 (hierarchical)
    Elapsed: 0.000s  Memory: 378.00M
"polygons" in: sky130A_mr.drc:176
    Polygons (raw): 0 (flat)  0 (hierarchical)
    Elapsed: 0.000s  Memory: 378.00M
"polygons" in: sky130A_mr.drc:177
    Polygons (raw): 0 (flat)  0 (hierarchical)
    Elapsed: 0.000s  Memory: 378.00M
"polygons" in: sky130A_mr.drc:178
    Polygons (raw): 0 (flat)  0 (hierarchical)
    Elapsed: 0.000s  Memory: 378.00M
"polygons" in: sky130A_mr.drc:179
    Polygons (raw): 0 (flat)  0 (hierarchical)
    Elapsed: 0.000s  Memory: 378.00M
"polygons" in: sky130A_mr.drc:180
    Polygons (raw): 0 (flat)  0 (hierarchical)
    Elapsed: 0.000s  Memory: 378.00M
"polygons" in: sky130A_mr.drc:181
    Polygons (raw): 0 (flat)  0 (hierarchical)
    Elapsed: 0.000s  Memory: 378.00M
"polygons" in: sky130A_mr.drc:182
    Polygons (raw): 88412 (flat)  181 (hierarchical)
    Elapsed: 0.010s  Memory: 378.00M
"polygons" in: sky130A_mr.drc:183
    Polygons (raw): 0 (flat)  0 (hierarchical)
    Elapsed: 0.000s  Memory: 378.00M
"polygons" in: sky130A_mr.drc:184
    Polygons (raw): 0 (flat)  0 (hierarchical)
    Elapsed: 0.010s  Memory: 378.00M
"polygons" in: sky130A_mr.drc:185
    Polygons (raw): 0 (flat)  0 (hierarchical)
    Elapsed: 0.000s  Memory: 378.00M
"polygons" in: sky130A_mr.drc:186
    Polygons (raw): 0 (flat)  0 (hierarchical)
    Elapsed: 0.000s  Memory: 378.00M
"polygons" in: sky130A_mr.drc:187
    Polygons (raw): 0 (flat)  0 (hierarchical)
    Elapsed: 0.000s  Memory: 378.00M
"polygons" in: sky130A_mr.drc:188
    Polygons (raw): 0 (flat)  0 (hierarchical)
    Elapsed: 0.000s  Memory: 378.00M
"polygons" in: sky130A_mr.drc:189
    Polygons (raw): 0 (flat)  0 (hierarchical)
    Elapsed: 0.000s  Memory: 378.00M
"polygons" in: sky130A_mr.drc:190
    Polygons (raw): 1 (flat)  1 (hierarchical)
    Elapsed: 0.020s  Memory: 378.00M
"polygons" in: sky130A_mr.drc:191
    Polygons (raw): 0 (flat)  0 (hierarchical)
    Elapsed: 0.000s  Memory: 378.00M
"polygons" in: sky130A_mr.drc:192
    Polygons (raw): 0 (flat)  0 (hierarchical)
    Elapsed: 0.000s  Memory: 378.00M
"polygons" in: sky130A_mr.drc:193
    Polygons (raw): 0 (flat)  0 (hierarchical)
    Elapsed: 0.000s  Memory: 378.00M
"polygons" in: sky130A_mr.drc:194
    Polygons (raw): 0 (flat)  0 (hierarchical)
    Elapsed: 0.010s  Memory: 378.00M
"polygons" in: sky130A_mr.drc:195
    Polygons (raw): 10358 (flat)  1 (hierarchical)
    Elapsed: 0.020s  Memory: 378.00M
"polygons" in: sky130A_mr.drc:196
    Polygons (raw): 0 (flat)  0 (hierarchical)
    Elapsed: 0.000s  Memory: 378.00M
"polygons" in: sky130A_mr.drc:197
    Polygons (raw): 0 (flat)  0 (hierarchical)
    Elapsed: 0.000s  Memory: 378.00M
"polygons" in: sky130A_mr.drc:198
    Polygons (raw): 0 (flat)  0 (hierarchical)
    Elapsed: 0.000s  Memory: 378.00M
"polygons" in: sky130A_mr.drc:199
    Polygons (raw): 0 (flat)  0 (hierarchical)
    Elapsed: 0.000s  Memory: 378.00M
"polygons" in: sky130A_mr.drc:200
    Polygons (raw): 0 (flat)  0 (hierarchical)
    Elapsed: 0.000s  Memory: 378.00M
"polygons" in: sky130A_mr.drc:201
    Polygons (raw): 0 (flat)  0 (hierarchical)
    Elapsed: 0.000s  Memory: 378.00M
"polygons" in: sky130A_mr.drc:202
    Polygons (raw): 0 (flat)  0 (hierarchical)
    Elapsed: 0.000s  Memory: 378.00M
"polygons" in: sky130A_mr.drc:203
    Polygons (raw): 0 (flat)  0 (hierarchical)
    Elapsed: 0.000s  Memory: 378.00M
"polygons" in: sky130A_mr.drc:204
    Polygons (raw): 0 (flat)  0 (hierarchical)
    Elapsed: 0.000s  Memory: 378.00M
"polygons" in: sky130A_mr.drc:205
    Polygons (raw): 0 (flat)  0 (hierarchical)
    Elapsed: 0.000s  Memory: 378.00M
"polygons" in: sky130A_mr.drc:206
    Polygons (raw): 0 (flat)  0 (hierarchical)
    Elapsed: 0.000s  Memory: 378.00M
"polygons" in: sky130A_mr.drc:207
    Polygons (raw): 0 (flat)  0 (hierarchical)
    Elapsed: 0.000s  Memory: 378.00M
"polygons" in: sky130A_mr.drc:208
    Polygons (raw): 0 (flat)  0 (hierarchical)
    Elapsed: 0.000s  Memory: 378.00M
"polygons" in: sky130A_mr.drc:209
    Polygons (raw): 0 (flat)  0 (hierarchical)
    Elapsed: 0.000s  Memory: 378.00M
"polygons" in: sky130A_mr.drc:210
    Polygons (raw): 0 (flat)  0 (hierarchical)
    Elapsed: 0.000s  Memory: 378.00M
"polygons" in: sky130A_mr.drc:211
    Polygons (raw): 0 (flat)  0 (hierarchical)
    Elapsed: 0.000s  Memory: 378.00M
"polygons" in: sky130A_mr.drc:212
    Polygons (raw): 0 (flat)  0 (hierarchical)
    Elapsed: 0.000s  Memory: 378.00M
"polygons" in: sky130A_mr.drc:213
    Polygons (raw): 0 (flat)  0 (hierarchical)
    Elapsed: 0.000s  Memory: 378.00M
"polygons" in: sky130A_mr.drc:214
    Polygons (raw): 0 (flat)  0 (hierarchical)
    Elapsed: 0.000s  Memory: 378.00M
"polygons" in: sky130A_mr.drc:215
    Polygons (raw): 0 (flat)  0 (hierarchical)
    Elapsed: 0.000s  Memory: 378.00M
"polygons" in: sky130A_mr.drc:216
    Polygons (raw): 0 (flat)  0 (hierarchical)
    Elapsed: 0.000s  Memory: 378.00M
"polygons" in: sky130A_mr.drc:217
    Polygons (raw): 0 (flat)  0 (hierarchical)
    Elapsed: 0.010s  Memory: 378.00M
DRC section
FEOL section
START: 64/18 (dnwell)
"width" in: sky130A_mr.drc:243
    Edge pairs: 0 (flat)  0 (hierarchical)
    Elapsed: 0.010s  Memory: 378.00M
"output" in: sky130A_mr.drc:243
    Edge pairs: 0 (flat)  0 (hierarchical)
    Elapsed: 0.010s  Memory: 378.00M
END: 64/18 (dnwell)
"input" in: sky130A_mr.drc:247
    Polygons (raw): 97196 (flat)  182 (hierarchical)
    Elapsed: 0.020s  Memory: 378.00M
"input" in: sky130A_mr.drc:248
    Polygons (raw): 97196 (flat)  182 (hierarchical)
    Elapsed: 0.020s  Memory: 378.00M
"input" in: sky130A_mr.drc:249
    Polygons (raw): 88412 (flat)  181 (hierarchical)
    Elapsed: 0.020s  Memory: 378.00M
"input" in: sky130A_mr.drc:254
    Polygons (raw): 88412 (flat)  181 (hierarchical)
    Elapsed: 0.020s  Memory: 378.00M
START: 64/20 (nwell)
"width" in: sky130A_mr.drc:258
    Edge pairs: 0 (flat)  0 (hierarchical)
    Elapsed: 1.480s  Memory: 410.00M
"output" in: sky130A_mr.drc:258
    Edge pairs: 0 (flat)  0 (hierarchical)
    Elapsed: 0.020s  Memory: 410.00M
"space" in: sky130A_mr.drc:259
    Edge pairs: 0 (flat)  0 (hierarchical)
    Elapsed: 5.040s  Memory: 1034.00M
"output" in: sky130A_mr.drc:259
    Edge pairs: 0 (flat)  0 (hierarchical)
    Elapsed: 0.020s  Memory: 954.00M
"&" in: sky130A_mr.drc:260
    Polygons (raw): 88412 (flat)  181 (hierarchical)
    Elapsed: 2.910s  Memory: 1018.00M
"merge" in: sky130A_mr.drc:260
    Polygons (raw): 143 (flat)  143 (hierarchical)
    Elapsed: 1.250s  Memory: 1020.00M
"holes" in: sky130A_mr.drc:261
    Polygons (raw): 0 (flat)  0 (hierarchical)
    Elapsed: 0.010s  Memory: 1020.00M
"enclosing" in: sky130A_mr.drc:261
    Edge pairs: 0 (flat)  0 (hierarchical)
    Elapsed: 0.010s  Memory: 1020.00M
"output" in: sky130A_mr.drc:261
    Edge pairs: 0 (flat)  0 (hierarchical)
    Elapsed: 0.020s  Memory: 1020.00M
END: 64/20 (nwell)
START: 78/44 (hvtp)
"width" in: sky130A_mr.drc:266
    Edge pairs: 0 (flat)  0 (hierarchical)
    Elapsed: 1.230s  Memory: 1020.00M
"output" in: sky130A_mr.drc:266
    Edge pairs: 0 (flat)  0 (hierarchical)
    Elapsed: 0.020s  Memory: 1020.00M
"space" in: sky130A_mr.drc:267
    Edge pairs: 0 (flat)  0 (hierarchical)
    Elapsed: 3.230s  Memory: 1116.00M
"output" in: sky130A_mr.drc:267
    Edge pairs: 0 (flat)  0 (hierarchical)
    Elapsed: 0.010s  Memory: 1020.00M
END: 78/44 (hvtp)
START: 18/20 (htvr)
"width" in: sky130A_mr.drc:272
    Edge pairs: 0 (flat)  0 (hierarchical)
    Elapsed: 0.010s  Memory: 1020.00M
"output" in: sky130A_mr.drc:272
    Edge pairs: 0 (flat)  0 (hierarchical)
    Elapsed: 0.010s  Memory: 1020.00M
"separation" in: sky130A_mr.drc:273
    Edge pairs: 0 (flat)  0 (hierarchical)
    Elapsed: 0.010s  Memory: 1020.00M
"output" in: sky130A_mr.drc:273
    Edge pairs: 0 (flat)  0 (hierarchical)
    Elapsed: 0.010s  Memory: 1020.00M
"&" in: sky130A_mr.drc:274
    Polygons (raw): 0 (flat)  0 (hierarchical)
    Elapsed: 0.010s  Memory: 1020.00M
"output" in: sky130A_mr.drc:274
    Polygons (raw): 0 (flat)  0 (hierarchical)
    Elapsed: 0.010s  Memory: 1020.00M
END: 18/20 (htvr)
START: 25/44 (lvtn)
"width" in: sky130A_mr.drc:279
    Edge pairs: 0 (flat)  0 (hierarchical)
    Elapsed: 0.010s  Memory: 1020.00M
"output" in: sky130A_mr.drc:279
    Edge pairs: 0 (flat)  0 (hierarchical)
    Elapsed: 0.010s  Memory: 1020.00M
"space" in: sky130A_mr.drc:280
    Edge pairs: 0 (flat)  0 (hierarchical)
    Elapsed: 0.010s  Memory: 1020.00M
"output" in: sky130A_mr.drc:280
    Edge pairs: 0 (flat)  0 (hierarchical)
    Elapsed: 0.010s  Memory: 1020.00M
END: 25/44 (lvtn)
START: 92/44 (ncm)
"width" in: sky130A_mr.drc:285
    Edge pairs: 0 (flat)  0 (hierarchical)
    Elapsed: 0.010s  Memory: 1020.00M
"output" in: sky130A_mr.drc:285
    Edge pairs: 0 (flat)  0 (hierarchical)
    Elapsed: 0.010s  Memory: 1020.00M
"space" in: sky130A_mr.drc:286
    Edge pairs: 0 (flat)  0 (hierarchical)
    Elapsed: 0.010s  Memory: 1020.00M
"output" in: sky130A_mr.drc:286
    Edge pairs: 0 (flat)  0 (hierarchical)
    Elapsed: 0.010s  Memory: 1020.00M
END: 92/44 (ncm)
START: 65/20 (diff)
"or" in: sky130A_mr.drc:291
    Polygons (raw): 155766 (flat)  514 (hierarchical)
    Elapsed: 0.230s  Memory: 1020.00M
"rectangles" in: sky130A_mr.drc:292
    Polygons (raw): 125210 (flat)  399 (hierarchical)
    Elapsed: 0.170s  Memory: 1020.00M
"width" in: sky130A_mr.drc:292
    Edge pairs: 0 (flat)  0 (hierarchical)
    Elapsed: 0.020s  Memory: 1020.00M
"polygons" in: sky130A_mr.drc:292
    Polygons (raw): 0 (flat)  0 (hierarchical)
    Elapsed: 0.000s  Memory: 1020.00M
"edges" in: sky130A_mr.drc:293
    Edges: 0 (flat)  0 (hierarchical)
    Elapsed: 0.010s  Memory: 1020.00M
"outside_part" in: sky130A_mr.drc:293
    Edges: 0 (flat)  0 (hierarchical)
    Elapsed: 0.010s  Memory: 1020.00M
"outside" in: sky130A_mr.drc:293
    Polygons (raw): 0 (flat)  0 (hierarchical)
    Elapsed: 0.010s  Memory: 1020.00M
"edges" in: sky130A_mr.drc:293
    Edges: 0 (flat)  0 (hierarchical)
    Elapsed: 0.020s  Memory: 1020.00M
"-" in: sky130A_mr.drc:293
    Edges: 0 (flat)  0 (hierarchical)
    Elapsed: 0.010s  Memory: 1020.00M
"output" in: sky130A_mr.drc:294
    Edges: 0 (flat)  0 (hierarchical)
    Elapsed: 0.020s  Memory: 1020.00M
"outside" in: sky130A_mr.drc:295
    Polygons (raw): 139894 (flat)  516 (hierarchical)
    Elapsed: 0.010s  Memory: 1020.00M
"width" in: sky130A_mr.drc:295
    Edge pairs: 0 (flat)  0 (hierarchical)
    Elapsed: 0.010s  Memory: 1020.00M
"output" in: sky130A_mr.drc:295
    Edge pairs: 0 (flat)  0 (hierarchical)
    Elapsed: 0.010s  Memory: 1020.00M
END: 65/20 (diff)
START: 65/44 (tap)
"rectangles" in: sky130A_mr.drc:299
    Polygons (raw): 17568 (flat)  2 (hierarchical)
    Elapsed: 0.040s  Memory: 1020.00M
"width" in: sky130A_mr.drc:299
    Edge pairs: 0 (flat)  0 (hierarchical)
    Elapsed: 0.010s  Memory: 1020.00M
"polygons" in: sky130A_mr.drc:299
    Polygons (raw): 0 (flat)  0 (hierarchical)
    Elapsed: 0.000s  Memory: 1020.00M
"edges" in: sky130A_mr.drc:300
    Edges: 0 (flat)  0 (hierarchical)
    Elapsed: 0.010s  Memory: 1020.00M
"outside_part" in: sky130A_mr.drc:300
    Edges: 0 (flat)  0 (hierarchical)
    Elapsed: 0.010s  Memory: 1020.00M
"outside" in: sky130A_mr.drc:300
    Polygons (raw): 0 (flat)  0 (hierarchical)
    Elapsed: 0.010s  Memory: 1020.00M
"edges" in: sky130A_mr.drc:300
    Edges: 0 (flat)  0 (hierarchical)
    Elapsed: 0.010s  Memory: 1020.00M
"-" in: sky130A_mr.drc:300
    Edges: 0 (flat)  0 (hierarchical)
    Elapsed: 0.010s  Memory: 1020.00M
"output" in: sky130A_mr.drc:301
    Edges: 0 (flat)  0 (hierarchical)
    Elapsed: 0.010s  Memory: 1020.00M
"-" in: sky130A_mr.drc:302
    Polygons (raw): 17568 (flat)  2 (hierarchical)
    Elapsed: 0.010s  Memory: 1020.00M
"width" in: sky130A_mr.drc:302
    Edge pairs: 0 (flat)  0 (hierarchical)
    Elapsed: 0.060s  Memory: 1020.00M
"output" in: sky130A_mr.drc:302
    Edge pairs: 0 (flat)  0 (hierarchical)
    Elapsed: 0.040s  Memory: 1020.00M
END: 65/44 (tap)
"space" in: sky130A_mr.drc:305
    Edge pairs: 0 (flat)  0 (hierarchical)
    Elapsed: 0.570s  Memory: 1044.00M
"output" in: sky130A_mr.drc:305
    Edge pairs: 0 (flat)  0 (hierarchical)
    Elapsed: 0.020s  Memory: 1020.00M
START: 80/20 (tunm)
"width" in: sky130A_mr.drc:309
    Edge pairs: 0 (flat)  0 (hierarchical)
    Elapsed: 0.010s  Memory: 1020.00M
"output" in: sky130A_mr.drc:309
    Edge pairs: 0 (flat)  0 (hierarchical)
    Elapsed: 0.010s  Memory: 1020.00M
"space" in: sky130A_mr.drc:310
    Edge pairs: 0 (flat)  0 (hierarchical)
    Elapsed: 0.010s  Memory: 1020.00M
"output" in: sky130A_mr.drc:310
    Edge pairs: 0 (flat)  0 (hierarchical)
    Elapsed: 0.010s  Memory: 1020.00M
END: 80/20 (tunm)
START: 66/20 (poly)
"width" in: sky130A_mr.drc:315
    Edge pairs: 0 (flat)  0 (hierarchical)
    Elapsed: 0.180s  Memory: 1020.00M
"output" in: sky130A_mr.drc:315
    Edge pairs: 0 (flat)  0 (hierarchical)
    Elapsed: 0.010s  Memory: 1020.00M
"-" in: sky130A_mr.drc:316
    Polygons (raw): 161642 (flat)  1172 (hierarchical)
    Elapsed: 0.020s  Memory: 1020.00M
"space" in: sky130A_mr.drc:316
    Edge pairs: 0 (flat)  0 (hierarchical)
    Elapsed: 0.420s  Memory: 1052.00M
"output" in: sky130A_mr.drc:316
    Edge pairs: 0 (flat)  0 (hierarchical)
    Elapsed: 0.050s  Memory: 1020.00M
START: 86/20 (rpm)
"width" in: sky130A_mr.drc:321
    Edge pairs: 0 (flat)  0 (hierarchical)
    Elapsed: 0.010s  Memory: 1020.00M
"output" in: sky130A_mr.drc:321
    Edge pairs: 0 (flat)  0 (hierarchical)
    Elapsed: 0.010s  Memory: 1020.00M
"space" in: sky130A_mr.drc:322
    Edge pairs: 0 (flat)  0 (hierarchical)
    Elapsed: 0.010s  Memory: 1020.00M
"output" in: sky130A_mr.drc:322
    Edge pairs: 0 (flat)  0 (hierarchical)
    Elapsed: 0.020s  Memory: 1020.00M
END: 86/20 (rpm)
START: 79/20 (urpm)
"width" in: sky130A_mr.drc:327
    Edge pairs: 0 (flat)  0 (hierarchical)
    Elapsed: 0.010s  Memory: 1020.00M
"output" in: sky130A_mr.drc:327
    Edge pairs: 0 (flat)  0 (hierarchical)
    Elapsed: 0.010s  Memory: 1020.00M
"space" in: sky130A_mr.drc:328
    Edge pairs: 0 (flat)  0 (hierarchical)
    Elapsed: 0.010s  Memory: 1020.00M
"output" in: sky130A_mr.drc:328
    Edge pairs: 0 (flat)  0 (hierarchical)
    Elapsed: 0.020s  Memory: 1020.00M
END: 79/20 (urpm)
START: 95/20 (npc)
"width" in: sky130A_mr.drc:333
    Edge pairs: 0 (flat)  0 (hierarchical)
    Elapsed: 0.730s  Memory: 1020.00M
"output" in: sky130A_mr.drc:333
    Edge pairs: 0 (flat)  0 (hierarchical)
    Elapsed: 0.020s  Memory: 1020.00M
"space" in: sky130A_mr.drc:334
    Edge pairs: 0 (flat)  0 (hierarchical)
    Elapsed: 0.740s  Memory: 1044.00M
"output" in: sky130A_mr.drc:334
    Edge pairs: 0 (flat)  0 (hierarchical)
    Elapsed: 0.010s  Memory: 1020.00M
END: 95/20 (npc)
START: 93/44 (nsdm)
"outside" in: sky130A_mr.drc:339
    Polygons (raw): 97196 (flat)  182 (hierarchical)
    Elapsed: 0.010s  Memory: 1020.00M
"width" in: sky130A_mr.drc:339
    Edge pairs: 0 (flat)  0 (hierarchical)
    Elapsed: 1.320s  Memory: 1022.00M
"output" in: sky130A_mr.drc:339
    Edge pairs: 0 (flat)  0 (hierarchical)
    Elapsed: 0.050s  Memory: 1022.00M
"-" in: sky130A_mr.drc:340
    Polygons (raw): 97196 (flat)  182 (hierarchical)
    Elapsed: 0.010s  Memory: 1022.00M
"space" in: sky130A_mr.drc:340
    Edge pairs: 0 (flat)  0 (hierarchical)
    Elapsed: 3.690s  Memory: 1054.00M
"output" in: sky130A_mr.drc:340
    Edge pairs: 0 (flat)  0 (hierarchical)
    Elapsed: 0.030s  Memory: 958.00M
END: 93/44 (nsdm)
START: 94/20 (psdm)
"outside" in: sky130A_mr.drc:345
    Polygons (raw): 97196 (flat)  182 (hierarchical)
    Elapsed: 0.010s  Memory: 958.00M
"width" in: sky130A_mr.drc:345
    Edge pairs: 0 (flat)  0 (hierarchical)
    Elapsed: 1.410s  Memory: 959.00M
"output" in: sky130A_mr.drc:345
    Edge pairs: 0 (flat)  0 (hierarchical)
    Elapsed: 0.030s  Memory: 959.00M
"-" in: sky130A_mr.drc:346
    Polygons (raw): 97196 (flat)  182 (hierarchical)
    Elapsed: 0.010s  Memory: 959.00M
"space" in: sky130A_mr.drc:346
    Edge pairs: 0 (flat)  0 (hierarchical)
    Elapsed: 4.020s  Memory: 1055.00M
"output" in: sky130A_mr.drc:346
    Edge pairs: 0 (flat)  0 (hierarchical)
    Elapsed: 0.040s  Memory: 959.00M
END: 94/20 (psdm)
START: 66/44 (licon)
"drc" in: sky130A_mr.drc:352
    Polygons (raw): 0 (flat)  0 (hierarchical)
    Elapsed: 0.840s  Memory: 991.00M
"-" in: sky130A_mr.drc:353
    Polygons (raw): 818416 (flat)  5965 (hierarchical)
    Elapsed: 0.020s  Memory: 959.00M
"-" in: sky130A_mr.drc:357
    Polygons (raw): 430264 (flat)  3212 (hierarchical)
    Elapsed: 0.550s  Memory: 959.00M
"&" in: sky130A_mr.drc:358
    Polygons (raw): 628447 (flat)  4736 (hierarchical)
    Elapsed: 0.630s  Memory: 959.00M
"interacting" in: sky130A_mr.drc:358
    Polygons (raw): 628447 (flat)  4736 (hierarchical)
    Elapsed: 0.720s  Memory: 959.00M
"-" in: sky130A_mr.drc:359
    Polygons (raw): 628447 (flat)  4736 (hierarchical)
    Elapsed: 0.040s  Memory: 959.00M
"non_rectangles" in: sky130A_mr.drc:360
    Polygons (raw): 0 (flat)  0 (hierarchical)
    Elapsed: 0.230s  Memory: 959.00M
"output" in: sky130A_mr.drc:360
    Polygons (raw): 0 (flat)  0 (hierarchical)
    Elapsed: 0.010s  Memory: 959.00M
"or" in: sky130A_mr.drc:361
    Polygons (raw): 0 (flat)  0 (hierarchical)
    Elapsed: 0.020s  Memory: 959.00M
"-" in: sky130A_mr.drc:361
    Polygons (raw): 818416 (flat)  5965 (hierarchical)
    Elapsed: 0.010s  Memory: 959.00M
"edges" in: sky130A_mr.drc:361
    Edges: 3273664 (flat)  23860 (hierarchical)
    Elapsed: 0.610s  Memory: 959.00M
"without_length" in: sky130A_mr.drc:361
    Edges: 0 (flat)  0 (hierarchical)
    Elapsed: 0.300s  Memory: 959.00M
"output" in: sky130A_mr.drc:361
    Edges: 0 (flat)  0 (hierarchical)
    Elapsed: 0.010s  Memory: 959.00M
"separation" in: sky130A_mr.drc:362
    Edge pairs: 0 (flat)  0 (hierarchical)
    Elapsed: 0.510s  Memory: 983.00M
"output" in: sky130A_mr.drc:362
    Edge pairs: 0 (flat)  0 (hierarchical)
    Elapsed: 0.040s  Memory: 959.00M
"&" in: sky130A_mr.drc:363
    Polygons (raw): 0 (flat)  0 (hierarchical)
    Elapsed: 0.500s  Memory: 959.00M
"output" in: sky130A_mr.drc:363
    Polygons (raw): 0 (flat)  0 (hierarchical)
    Elapsed: 0.020s  Memory: 959.00M
"interacting" in: sky130A_mr.drc:364
    Polygons (raw): 189969 (flat)  1229 (hierarchical)
    Elapsed: 0.580s  Memory: 959.00M
"interacting" in: sky130A_mr.drc:364
    Polygons (raw): 628447 (flat)  4736 (hierarchical)
    Elapsed: 0.660s  Memory: 959.00M
"&" in: sky130A_mr.drc:364
    Polygons (raw): 0 (flat)  0 (hierarchical)
    Elapsed: 0.470s  Memory: 959.00M
"output" in: sky130A_mr.drc:364
    Polygons (raw): 0 (flat)  0 (hierarchical)
    Elapsed: 0.010s  Memory: 959.00M
END: 66/44 (licon)
START: 89/44 (capm)
"width" in: sky130A_mr.drc:369
    Edge pairs: 0 (flat)  0 (hierarchical)
    Elapsed: 0.040s  Memory: 959.00M
"output" in: sky130A_mr.drc:369
    Edge pairs: 0 (flat)  0 (hierarchical)
    Elapsed: 0.020s  Memory: 959.00M
"space" in: sky130A_mr.drc:370
    Edge pairs: 0 (flat)  0 (hierarchical)
    Elapsed: 0.010s  Memory: 959.00M
"output" in: sky130A_mr.drc:370
    Edge pairs: 0 (flat)  0 (hierarchical)
    Elapsed: 0.020s  Memory: 959.00M
"interacting" in: sky130A_mr.drc:371
    Polygons (raw): 0 (flat)  0 (hierarchical)
    Elapsed: 0.010s  Memory: 959.00M
"isolated" in: sky130A_mr.drc:371
    Edge pairs: 0 (flat)  0 (hierarchical)
    Elapsed: 0.010s  Memory: 959.00M
"output" in: sky130A_mr.drc:371
    Edge pairs: 0 (flat)  0 (hierarchical)
    Elapsed: 0.010s  Memory: 959.00M
"interacting" in: sky130A_mr.drc:372
    Polygons (raw): 0 (flat)  0 (hierarchical)
    Elapsed: 0.010s  Memory: 959.00M
"isolated" in: sky130A_mr.drc:372
    Edge pairs: 0 (flat)  0 (hierarchical)
    Elapsed: 0.010s  Memory: 959.00M
"output" in: sky130A_mr.drc:372
    Edge pairs: 0 (flat)  0 (hierarchical)
    Elapsed: 0.010s  Memory: 959.00M
"&" in: sky130A_mr.drc:373
    Polygons (raw): 0 (flat)  0 (hierarchical)
    Elapsed: 0.010s  Memory: 959.00M
"enclosing" in: sky130A_mr.drc:373
    Edge pairs: 0 (flat)  0 (hierarchical)
    Elapsed: 0.010s  Memory: 959.00M
"output" in: sky130A_mr.drc:373
    Edge pairs: 0 (flat)  0 (hierarchical)
    Elapsed: 0.010s  Memory: 959.00M
"enclosing" in: sky130A_mr.drc:374
    Edge pairs: 0 (flat)  0 (hierarchical)
    Elapsed: 0.000s  Memory: 959.00M
"output" in: sky130A_mr.drc:374
    Edge pairs: 0 (flat)  0 (hierarchical)
    Elapsed: 0.010s  Memory: 959.00M
"enclosing" in: sky130A_mr.drc:375
    Edge pairs: 0 (flat)  0 (hierarchical)
    Elapsed: 0.010s  Memory: 959.00M
"output" in: sky130A_mr.drc:375
    Edge pairs: 0 (flat)  0 (hierarchical)
    Elapsed: 0.010s  Memory: 959.00M
"separation" in: sky130A_mr.drc:376
    Edge pairs: 0 (flat)  0 (hierarchical)
    Elapsed: 0.010s  Memory: 959.00M
"output" in: sky130A_mr.drc:376
    Edge pairs: 0 (flat)  0 (hierarchical)
    Elapsed: 0.020s  Memory: 959.00M
"not_interacting" in: sky130A_mr.drc:377
    Polygons (raw): 13088 (flat)  13088 (hierarchical)
    Elapsed: 0.010s  Memory: 959.00M
"separation" in: sky130A_mr.drc:377
    Edge pairs: 0 (flat)  0 (hierarchical)
    Elapsed: 0.010s  Memory: 959.00M
"output" in: sky130A_mr.drc:377
    Edge pairs: 0 (flat)  0 (hierarchical)
    Elapsed: 0.010s  Memory: 959.00M
END: 89/44 (capm)
START: 97/44 (cap2m)
"width" in: sky130A_mr.drc:382
    Edge pairs: 0 (flat)  0 (hierarchical)
    Elapsed: 0.010s  Memory: 959.00M
"output" in: sky130A_mr.drc:382
    Edge pairs: 0 (flat)  0 (hierarchical)
    Elapsed: 0.010s  Memory: 959.00M
"space" in: sky130A_mr.drc:383
    Edge pairs: 0 (flat)  0 (hierarchical)
    Elapsed: 0.020s  Memory: 959.00M
"output" in: sky130A_mr.drc:383
    Edge pairs: 0 (flat)  0 (hierarchical)
    Elapsed: 0.020s  Memory: 959.00M
"interacting" in: sky130A_mr.drc:384
    Polygons (raw): 0 (flat)  0 (hierarchical)
    Elapsed: 0.010s  Memory: 959.00M
"isolated" in: sky130A_mr.drc:384
    Edge pairs: 0 (flat)  0 (hierarchical)
    Elapsed: 0.020s  Memory: 959.00M
"output" in: sky130A_mr.drc:384
    Edge pairs: 0 (flat)  0 (hierarchical)
    Elapsed: 0.020s  Memory: 959.00M
"interacting" in: sky130A_mr.drc:385
    Polygons (raw): 0 (flat)  0 (hierarchical)
    Elapsed: 0.010s  Memory: 959.00M
"isolated" in: sky130A_mr.drc:385
    Edge pairs: 0 (flat)  0 (hierarchical)
    Elapsed: 0.010s  Memory: 959.00M
"output" in: sky130A_mr.drc:385
    Edge pairs: 0 (flat)  0 (hierarchical)
    Elapsed: 0.010s  Memory: 959.00M
"&" in: sky130A_mr.drc:386
    Polygons (raw): 0 (flat)  0 (hierarchical)
    Elapsed: 0.010s  Memory: 959.00M
"enclosing" in: sky130A_mr.drc:386
    Edge pairs: 0 (flat)  0 (hierarchical)
    Elapsed: 0.010s  Memory: 959.00M
"output" in: sky130A_mr.drc:386
    Edge pairs: 0 (flat)  0 (hierarchical)
    Elapsed: 0.010s  Memory: 959.00M
"enclosing" in: sky130A_mr.drc:387
    Edge pairs: 0 (flat)  0 (hierarchical)
    Elapsed: 0.010s  Memory: 959.00M
"output" in: sky130A_mr.drc:387
    Edge pairs: 0 (flat)  0 (hierarchical)
    Elapsed: 0.020s  Memory: 959.00M
"enclosing" in: sky130A_mr.drc:388
    Edge pairs: 0 (flat)  0 (hierarchical)
    Elapsed: 0.010s  Memory: 959.00M
"output" in: sky130A_mr.drc:388
    Edge pairs: 0 (flat)  0 (hierarchical)
    Elapsed: 0.010s  Memory: 959.00M
"separation" in: sky130A_mr.drc:389
    Edge pairs: 0 (flat)  0 (hierarchical)
    Elapsed: 0.010s  Memory: 959.00M
"output" in: sky130A_mr.drc:389
    Edge pairs: 0 (flat)  0 (hierarchical)
    Elapsed: 0.010s  Memory: 959.00M
"not_interacting" in: sky130A_mr.drc:390
    Polygons (raw): 1547 (flat)  1547 (hierarchical)
    Elapsed: 0.010s  Memory: 959.00M
"separation" in: sky130A_mr.drc:390
    Edge pairs: 0 (flat)  0 (hierarchical)
    Elapsed: 0.010s  Memory: 959.00M
"output" in: sky130A_mr.drc:390
    Edge pairs: 0 (flat)  0 (hierarchical)
    Elapsed: 0.010s  Memory: 959.00M
END: 97/44 (cap2m)
BEOL section
START: 67/20 (li)
"interacting" in: sky130A_mr.drc:399
    Polygons (raw): 0 (flat)  0 (hierarchical)
    Elapsed: 0.010s  Memory: 959.00M
"-" in: sky130A_mr.drc:399
    Polygons (raw): 536622 (flat)  83025 (hierarchical)
    Elapsed: 0.020s  Memory: 959.00M
"width" in: sky130A_mr.drc:400
    Edge pairs: 0 (flat)  0 (hierarchical)
    Elapsed: 6.570s  Memory: 1036.00M
"output" in: sky130A_mr.drc:400
    Edge pairs: 0 (flat)  0 (hierarchical)
    Elapsed: 0.020s  Memory: 1036.00M
"edges" in: sky130A_mr.drc:402
    Edges: 2013900 (flat)  1518524 (hierarchical)
    Elapsed: 0.130s  Memory: 1082.00M
"space" in: sky130A_mr.drc:402
    Edge pairs: 0 (flat)  0 (hierarchical)
    Elapsed: 6.480s  Memory: 1402.00M
"output" in: sky130A_mr.drc:402
    Edge pairs: 0 (flat)  0 (hierarchical)
    Elapsed: 0.040s  Memory: 1367.00M
"-" in: sky130A_mr.drc:403
    Polygons (raw): 818416 (flat)  5965 (hierarchical)
    Elapsed: 0.010s  Memory: 1367.00M
"enclosing" in: sky130A_mr.drc:404
    Edge pairs: 819129 (flat)  634386 (hierarchical)
    Elapsed: 27.720s  Memory: 1517.00M
"second_edges" in: sky130A_mr.drc:404
    Edges: 819129 (flat)  634386 (hierarchical)
    Elapsed: 0.050s  Memory: 1532.00M
"width" in: sky130A_mr.drc:405
    Edge pairs: 0 (flat)  0 (hierarchical)
    Elapsed: 2.720s  Memory: 1626.00M
"polygons" in: sky130A_mr.drc:406
    Polygons (raw): 0 (flat)  0 (hierarchical)
    Elapsed: 0.010s  Memory: 1618.00M
"interacting" in: sky130A_mr.drc:406
    Polygons (raw): 0 (flat)  0 (hierarchical)
    Elapsed: 0.010s  Memory: 1618.00M
"output" in: sky130A_mr.drc:407
    Polygons (raw): 0 (flat)  0 (hierarchical)
    Elapsed: 0.020s  Memory: 1618.00M
"with_area" in: sky130A_mr.drc:408
    Polygons (raw): 0 (flat)  0 (hierarchical)
    Elapsed: 0.080s  Memory: 1618.00M
"output" in: sky130A_mr.drc:408
    Polygons (raw): 0 (flat)  0 (hierarchical)
    Elapsed: 0.010s  Memory: 1618.00M
END: 67/20 (li)
START: 67/44 (mcon)
"-" in: sky130A_mr.drc:413
    Polygons (raw): 1066200 (flat)  84004 (hierarchical)
    Elapsed: 0.020s  Memory: 1618.00M
"drc" in: sky130A_mr.drc:415
    Polygons (raw): 0 (flat)  0 (hierarchical)
    Elapsed: 10.330s  Memory: 1734.00M
"-" in: sky130A_mr.drc:416
    Polygons (raw): 1066200 (flat)  84004 (hierarchical)
    Elapsed: 0.030s  Memory: 1734.00M
"-" in: sky130A_mr.drc:420
    Polygons (raw): 1066200 (flat)  84004 (hierarchical)
    Elapsed: 0.020s  Memory: 1734.00M
"non_rectangles" in: sky130A_mr.drc:421
    Polygons (raw): 0 (flat)  0 (hierarchical)
    Elapsed: 9.540s  Memory: 1758.00M
"output" in: sky130A_mr.drc:421
    Polygons (raw): 0 (flat)  0 (hierarchical)
    Elapsed: 0.020s  Memory: 1758.00M
"drc" in: sky130A_mr.drc:423
    Edge pairs: 0 (flat)  0 (hierarchical)
    Elapsed: 10.880s  Memory: 1781.00M
"output" in: sky130A_mr.drc:423
    Edge pairs: 0 (flat)  0 (hierarchical)
    Elapsed: 0.020s  Memory: 1781.00M
"drc" in: sky130A_mr.drc:424
    Edges: 0 (flat)  0 (hierarchical)
    Elapsed: 1.450s  Memory: 1685.00M
"output" in: sky130A_mr.drc:424
    Edges: 0 (flat)  0 (hierarchical)
    Elapsed: 0.020s  Memory: 1653.00M
"space" in: sky130A_mr.drc:425
    Edge pairs: 0 (flat)  0 (hierarchical)
    Elapsed: 9.850s  Memory: 1749.00M
"output" in: sky130A_mr.drc:425
    Edge pairs: 0 (flat)  0 (hierarchical)
    Elapsed: 0.020s  Memory: 1653.00M
"width" in: sky130A_mr.drc:427
    Edge pairs: 0 (flat)  0 (hierarchical)
    Elapsed: 0.020s  Memory: 1653.00M
"output" in: sky130A_mr.drc:427
    Edge pairs: 0 (flat)  0 (hierarchical)
    Elapsed: 0.010s  Memory: 1653.00M
"drc" in: sky130A_mr.drc:428
    Edge pairs: 0 (flat)  0 (hierarchical)
    Elapsed: 0.050s  Memory: 1653.00M
"output" in: sky130A_mr.drc:428
    Edge pairs: 0 (flat)  0 (hierarchical)
    Elapsed: 0.020s  Memory: 1653.00M
"-" in: sky130A_mr.drc:429
    Polygons (raw): 0 (flat)  0 (hierarchical)
    Elapsed: 0.010s  Memory: 1653.00M
"output" in: sky130A_mr.drc:429
    Polygons (raw): 0 (flat)  0 (hierarchical)
    Elapsed: 0.010s  Memory: 1653.00M
"-" in: sky130A_mr.drc:431
    Polygons (raw): 0 (flat)  0 (hierarchical)
    Elapsed: 8.720s  Memory: 1741.00M
"output" in: sky130A_mr.drc:431
    Polygons (raw): 0 (flat)  0 (hierarchical)
    Elapsed: 0.010s  Memory: 1653.00M
END: 67/44 (mcon)
START: 68/20 (m1)
"width" in: sky130A_mr.drc:436
    Edge pairs: 0 (flat)  0 (hierarchical)
    Elapsed: 4.910s  Memory: 1677.00M
"output" in: sky130A_mr.drc:436
    Edge pairs: 0 (flat)  0 (hierarchical)
    Elapsed: 0.020s  Memory: 1677.00M
"sized" in: sky130A_mr.drc:437
    Polygons (raw): 0 (flat)  0 (hierarchical)
    Elapsed: 1.280s  Memory: 1677.00M
"sized" in: sky130A_mr.drc:437
    Polygons (raw): 0 (flat)  0 (hierarchical)
    Elapsed: 0.010s  Memory: 1677.00M
"snap" in: sky130A_mr.drc:437
    Polygons (raw): 0 (flat)  0 (hierarchical)
    Elapsed: 0.010s  Memory: 1677.00M
"&" in: sky130A_mr.drc:437
    Polygons (raw): 0 (flat)  0 (hierarchical)
    Elapsed: 0.010s  Memory: 1677.00M
"edges" in: sky130A_mr.drc:438
    Edges: 980926 (flat)  960342 (hierarchical)
    Elapsed: 0.080s  Memory: 1688.00M
"-" in: sky130A_mr.drc:438
    Edges: 980926 (flat)  960342 (hierarchical)
    Elapsed: 0.030s  Memory: 1710.00M
"edges" in: sky130A_mr.drc:439
    Edges: 0 (flat)  0 (hierarchical)
    Elapsed: 0.010s  Memory: 1710.00M
"merged" in: sky130A_mr.drc:439
    Polygons (raw): 72130 (flat)  70432 (hierarchical)
    Elapsed: 0.000s  Memory: 1710.00M
"outside_part" in: sky130A_mr.drc:439
    Edges: 0 (flat)  0 (hierarchical)
    Elapsed: 0.010s  Memory: 1710.00M
"space" in: sky130A_mr.drc:441
    Edge pairs: 0 (flat)  0 (hierarchical)
    Elapsed: 3.620s  Memory: 1902.00M
"output" in: sky130A_mr.drc:441
    Edge pairs: 0 (flat)  0 (hierarchical)
    Elapsed: 0.060s  Memory: 1902.00M
"separation" in: sky130A_mr.drc:443
    Edge pairs: 0 (flat)  0 (hierarchical)
    Elapsed: 0.110s  Memory: 1902.00M
"space" in: sky130A_mr.drc:443
    Edge pairs: 0 (flat)  0 (hierarchical)
    Elapsed: 0.040s  Memory: 1902.00M
"+" in: sky130A_mr.drc:443
    Edge pairs: 0 (flat)  0 (hierarchical)
    Elapsed: 0.020s  Memory: 1902.00M
"output" in: sky130A_mr.drc:443
    Edge pairs: 0 (flat)  0 (hierarchical)
    Elapsed: 0.020s  Memory: 1902.00M
"input" in: sky130A_mr.drc:447
    Polygons (raw): 534760 (flat)  355989 (hierarchical)
    Elapsed: 0.300s  Memory: 1902.00M
"enclosing" in: sky130A_mr.drc:449
    Edge pairs: 0 (flat)  0 (hierarchical)
    Elapsed: 15.430s  Memory: 1934.00M
"output" in: sky130A_mr.drc:449
    Edge pairs: 0 (flat)  0 (hierarchical)
    Elapsed: 0.040s  Memory: 1710.00M
"-" in: sky130A_mr.drc:450
    Polygons (raw): 0 (flat)  0 (hierarchical)
    Elapsed: 9.530s  Memory: 1790.00M
"output" in: sky130A_mr.drc:450
    Polygons (raw): 0 (flat)  0 (hierarchical)
    Elapsed: 0.020s  Memory: 1710.00M
"input" in: sky130A_mr.drc:452
    Polygons (raw): 0 (flat)  0 (hierarchical)
    Elapsed: 0.040s  Memory: 1710.00M
"enclosing" in: sky130A_mr.drc:453
    Edge pairs: 0 (flat)  0 (hierarchical)
    Elapsed: 0.010s  Memory: 1710.00M
"output" in: sky130A_mr.drc:453
    Edge pairs: 0 (flat)  0 (hierarchical)
    Elapsed: 0.010s  Memory: 1710.00M
"-" in: sky130A_mr.drc:455
    Polygons (raw): 0 (flat)  0 (hierarchical)
    Elapsed: 0.010s  Memory: 1710.00M
"output" in: sky130A_mr.drc:455
    Polygons (raw): 0 (flat)  0 (hierarchical)
    Elapsed: 0.010s  Memory: 1710.00M
"with_area" in: sky130A_mr.drc:457
    Polygons (raw): 0 (flat)  0 (hierarchical)
    Elapsed: 0.070s  Memory: 1710.00M
"output" in: sky130A_mr.drc:457
    Polygons (raw): 0 (flat)  0 (hierarchical)
    Elapsed: 0.010s  Memory: 1710.00M
"holes" in: sky130A_mr.drc:459
    Polygons (raw): 5 (flat)  5 (hierarchical)
    Elapsed: 0.030s  Memory: 1710.00M
"with_area" in: sky130A_mr.drc:459
    Polygons (raw): 0 (flat)  0 (hierarchical)
    Elapsed: 0.040s  Memory: 1710.00M
"output" in: sky130A_mr.drc:459
    Polygons (raw): 0 (flat)  0 (hierarchical)
    Elapsed: 0.010s  Memory: 1710.00M
"enclosing" in: sky130A_mr.drc:466
    Edge pairs: 189185 (flat)  182341 (hierarchical)
    Elapsed: 9.350s  Memory: 1710.00M
"second_edges" in: sky130A_mr.drc:466
    Edges: 189185 (flat)  182341 (hierarchical)
    Elapsed: 0.030s  Memory: 1710.00M
"width" in: sky130A_mr.drc:467
    Edge pairs: 0 (flat)  0 (hierarchical)
    Elapsed: 0.620s  Memory: 1710.00M
"polygons" in: sky130A_mr.drc:468
    Polygons (raw): 0 (flat)  0 (hierarchical)
    Elapsed: 0.000s  Memory: 1710.00M
"interacting" in: sky130A_mr.drc:468
    Polygons (raw): 0 (flat)  0 (hierarchical)
    Elapsed: 0.010s  Memory: 1710.00M
"output" in: sky130A_mr.drc:469
    Polygons (raw): 0 (flat)  0 (hierarchical)
    Elapsed: 0.020s  Memory: 1710.00M
END: 68/20 (m1)
START: 68/44 (via)
"drc" in: sky130A_mr.drc:477
    Polygons (raw): 0 (flat)  0 (hierarchical)
    Elapsed: 0.630s  Memory: 1710.00M
"-" in: sky130A_mr.drc:478
    Polygons (raw): 92417 (flat)  92417 (hierarchical)
    Elapsed: 0.020s  Memory: 1710.00M
"-" in: sky130A_mr.drc:483
    Polygons (raw): 92417 (flat)  92417 (hierarchical)
    Elapsed: 0.010s  Memory: 1710.00M
"non_rectangles" in: sky130A_mr.drc:485
    Polygons (raw): 0 (flat)  0 (hierarchical)
    Elapsed: 0.530s  Memory: 1710.00M
"output" in: sky130A_mr.drc:485
    Polygons (raw): 0 (flat)  0 (hierarchical)
    Elapsed: 0.020s  Memory: 1710.00M
"width" in: sky130A_mr.drc:486
    Edge pairs: 0 (flat)  0 (hierarchical)
    Elapsed: 0.050s  Memory: 1710.00M
"output" in: sky130A_mr.drc:486
    Edge pairs: 0 (flat)  0 (hierarchical)
    Elapsed: 0.020s  Memory: 1710.00M
"drc" in: sky130A_mr.drc:488
    Edges: 0 (flat)  0 (hierarchical)
    Elapsed: 0.260s  Memory: 1710.00M
"output" in: sky130A_mr.drc:488
    Edges: 0 (flat)  0 (hierarchical)
    Elapsed: 0.010s  Memory: 1710.00M
"space" in: sky130A_mr.drc:490
    Edge pairs: 0 (flat)  0 (hierarchical)
    Elapsed: 0.220s  Memory: 1710.00M
"output" in: sky130A_mr.drc:490
    Edge pairs: 0 (flat)  0 (hierarchical)
    Elapsed: 0.020s  Memory: 1710.00M
"width" in: sky130A_mr.drc:493
    Edge pairs: 0 (flat)  0 (hierarchical)
    Elapsed: 0.010s  Memory: 1710.00M
"output" in: sky130A_mr.drc:493
    Edge pairs: 0 (flat)  0 (hierarchical)
    Elapsed: 0.010s  Memory: 1710.00M
"drc" in: sky130A_mr.drc:494
    Edge pairs: 0 (flat)  0 (hierarchical)
    Elapsed: 0.050s  Memory: 1710.00M
"output" in: sky130A_mr.drc:494
    Edge pairs: 0 (flat)  0 (hierarchical)
    Elapsed: 0.020s  Memory: 1710.00M
"-" in: sky130A_mr.drc:495
    Polygons (raw): 0 (flat)  0 (hierarchical)
    Elapsed: 0.010s  Memory: 1710.00M
"output" in: sky130A_mr.drc:495
    Polygons (raw): 0 (flat)  0 (hierarchical)
    Elapsed: 0.010s  Memory: 1710.00M
"edges" in: sky130A_mr.drc:498
    Edges: 980926 (flat)  960342 (hierarchical)
    Elapsed: 0.100s  Memory: 1710.00M
"drc" in: sky130A_mr.drc:498
    Edges: 369668 (flat)  369668 (hierarchical)
    Elapsed: 1.390s  Memory: 1710.00M
"enclosing" in: sky130A_mr.drc:498
    Edge pairs: 0 (flat)  0 (hierarchical)
    Elapsed: 0.430s  Memory: 1710.00M
"output" in: sky130A_mr.drc:498
    Edge pairs: 0 (flat)  0 (hierarchical)
    Elapsed: 0.010s  Memory: 1710.00M
"squares" in: sky130A_mr.drc:499
    Polygons (raw): 92417 (flat)  92417 (hierarchical)
    Elapsed: 0.050s  Memory: 1710.00M
"drc" in: sky130A_mr.drc:499
    Edges: 369668 (flat)  369668 (hierarchical)
    Elapsed: 0.890s  Memory: 1710.00M
"-" in: sky130A_mr.drc:499
    Edges: 0 (flat)  0 (hierarchical)
    Elapsed: 2.970s  Memory: 1710.00M
"output" in: sky130A_mr.drc:499
    Edges: 0 (flat)  0 (hierarchical)
    Elapsed: 0.020s  Memory: 1710.00M
"edges" in: sky130A_mr.drc:501
    Edges: 980926 (flat)  960342 (hierarchical)
    Elapsed: 0.070s  Memory: 1710.00M
"drc" in: sky130A_mr.drc:501
    Edges: 369668 (flat)  369668 (hierarchical)
    Elapsed: 0.890s  Memory: 1710.00M
"enclosing" in: sky130A_mr.drc:501
    Edge pairs: 178742 (flat)  178742 (hierarchical)
    Elapsed: 1.980s  Memory: 1710.00M
"second_edges" in: sky130A_mr.drc:501
    Edges: 178742 (flat)  178742 (hierarchical)
    Elapsed: 0.020s  Memory: 1710.00M
"width" in: sky130A_mr.drc:502
    Edge pairs: 0 (flat)  0 (hierarchical)
    Elapsed: 0.470s  Memory: 1710.00M
"polygons" in: sky130A_mr.drc:503
    Polygons (raw): 0 (flat)  0 (hierarchical)
    Elapsed: 0.000s  Memory: 1710.00M
"interacting" in: sky130A_mr.drc:503
    Polygons (raw): 0 (flat)  0 (hierarchical)
    Elapsed: 0.010s  Memory: 1710.00M
"output" in: sky130A_mr.drc:504
    Polygons (raw): 0 (flat)  0 (hierarchical)
    Elapsed: 0.010s  Memory: 1710.00M
END: 68/44 (via)
START: 69/20 (m2)
"width" in: sky130A_mr.drc:511
    Edge pairs: 0 (flat)  0 (hierarchical)
    Elapsed: 0.630s  Memory: 1710.00M
"output" in: sky130A_mr.drc:511
    Edge pairs: 0 (flat)  0 (hierarchical)
    Elapsed: 0.020s  Memory: 1710.00M
"sized" in: sky130A_mr.drc:513
    Polygons (raw): 0 (flat)  0 (hierarchical)
    Elapsed: 0.520s  Memory: 1710.00M
"sized" in: sky130A_mr.drc:513
    Polygons (raw): 0 (flat)  0 (hierarchical)
    Elapsed: 0.010s  Memory: 1710.00M
"snap" in: sky130A_mr.drc:513
    Polygons (raw): 0 (flat)  0 (hierarchical)
    Elapsed: 0.010s  Memory: 1710.00M
"&" in: sky130A_mr.drc:513
    Polygons (raw): 0 (flat)  0 (hierarchical)
    Elapsed: 0.010s  Memory: 1710.00M
"edges" in: sky130A_mr.drc:514
    Edges: 576684 (flat)  576684 (hierarchical)
    Elapsed: 0.040s  Memory: 1710.00M
"-" in: sky130A_mr.drc:514
    Edges: 576684 (flat)  576684 (hierarchical)
    Elapsed: 0.010s  Memory: 1710.00M
"edges" in: sky130A_mr.drc:515
    Edges: 0 (flat)  0 (hierarchical)
    Elapsed: 0.020s  Memory: 1710.00M
"merged" in: sky130A_mr.drc:515
    Polygons (raw): 39315 (flat)  39315 (hierarchical)
    Elapsed: 0.000s  Memory: 1710.00M
"outside_part" in: sky130A_mr.drc:515
    Edges: 0 (flat)  0 (hierarchical)
    Elapsed: 0.020s  Memory: 1710.00M
"-" in: sky130A_mr.drc:516
    Polygons (raw): 92417 (flat)  92417 (hierarchical)
    Elapsed: 0.010s  Memory: 1710.00M
"space" in: sky130A_mr.drc:518
    Edge pairs: 0 (flat)  0 (hierarchical)
    Elapsed: 2.020s  Memory: 1774.00M
"output" in: sky130A_mr.drc:518
    Edge pairs: 0 (flat)  0 (hierarchical)
    Elapsed: 0.030s  Memory: 1774.00M
"separation" in: sky130A_mr.drc:520
    Edge pairs: 0 (flat)  0 (hierarchical)
    Elapsed: 0.080s  Memory: 1774.00M
"space" in: sky130A_mr.drc:520
    Edge pairs: 0 (flat)  0 (hierarchical)
    Elapsed: 0.030s  Memory: 1774.00M
"+" in: sky130A_mr.drc:520
    Edge pairs: 0 (flat)  0 (hierarchical)
    Elapsed: 0.020s  Memory: 1774.00M
"output" in: sky130A_mr.drc:520
    Edge pairs: 0 (flat)  0 (hierarchical)
    Elapsed: 0.010s  Memory: 1774.00M
"with_area" in: sky130A_mr.drc:522
    Polygons (raw): 0 (flat)  0 (hierarchical)
    Elapsed: 0.040s  Memory: 1774.00M
"output" in: sky130A_mr.drc:522
    Polygons (raw): 0 (flat)  0 (hierarchical)
    Elapsed: 0.010s  Memory: 1774.00M
"holes" in: sky130A_mr.drc:523
    Polygons (raw): 0 (flat)  0 (hierarchical)
    Elapsed: 0.020s  Memory: 1774.00M
"with_area" in: sky130A_mr.drc:523
    Polygons (raw): 0 (flat)  0 (hierarchical)
    Elapsed: 0.010s  Memory: 1774.00M
"output" in: sky130A_mr.drc:523
    Polygons (raw): 0 (flat)  0 (hierarchical)
    Elapsed: 0.020s  Memory: 1774.00M
"enclosing" in: sky130A_mr.drc:528
    Edge pairs: 0 (flat)  0 (hierarchical)
    Elapsed: 0.630s  Memory: 1774.00M
"output" in: sky130A_mr.drc:528
    Edge pairs: 0 (flat)  0 (hierarchical)
    Elapsed: 0.020s  Memory: 1774.00M
"-" in: sky130A_mr.drc:529
    Polygons (raw): 0 (flat)  0 (hierarchical)
    Elapsed: 0.470s  Memory: 1774.00M
"output" in: sky130A_mr.drc:529
    Polygons (raw): 0 (flat)  0 (hierarchical)
    Elapsed: 0.020s  Memory: 1774.00M
"enclosing" in: sky130A_mr.drc:530
    Edge pairs: 174526 (flat)  174526 (hierarchical)
    Elapsed: 1.180s  Memory: 1774.00M
"second_edges" in: sky130A_mr.drc:530
    Edges: 174526 (flat)  174526 (hierarchical)
    Elapsed: 0.020s  Memory: 1774.00M
"width" in: sky130A_mr.drc:531
    Edge pairs: 0 (flat)  0 (hierarchical)
    Elapsed: 0.420s  Memory: 1774.00M
"polygons" in: sky130A_mr.drc:532
    Polygons (raw): 0 (flat)  0 (hierarchical)
    Elapsed: 0.000s  Memory: 1774.00M
"interacting" in: sky130A_mr.drc:532
    Polygons (raw): 0 (flat)  0 (hierarchical)
    Elapsed: 0.010s  Memory: 1774.00M
"output" in: sky130A_mr.drc:533
    Polygons (raw): 0 (flat)  0 (hierarchical)
    Elapsed: 0.030s  Memory: 1774.00M
END: 69/20 (m2)
START: 69/44 (via2)
"drc" in: sky130A_mr.drc:542
    Polygons (raw): 0 (flat)  0 (hierarchical)
    Elapsed: 0.110s  Memory: 1774.00M
"-" in: sky130A_mr.drc:543
    Polygons (raw): 10388 (flat)  10388 (hierarchical)
    Elapsed: 0.010s  Memory: 1774.00M
"-" in: sky130A_mr.drc:548
    Polygons (raw): 10388 (flat)  10388 (hierarchical)
    Elapsed: 0.010s  Memory: 1774.00M
"non_rectangles" in: sky130A_mr.drc:549
    Polygons (raw): 0 (flat)  0 (hierarchical)
    Elapsed: 0.070s  Memory: 1774.00M
"output" in: sky130A_mr.drc:549
    Polygons (raw): 0 (flat)  0 (hierarchical)
    Elapsed: 0.010s  Memory: 1774.00M
"width" in: sky130A_mr.drc:550
    Edge pairs: 0 (flat)  0 (hierarchical)
    Elapsed: 0.010s  Memory: 1774.00M
"output" in: sky130A_mr.drc:550
    Edge pairs: 0 (flat)  0 (hierarchical)
    Elapsed: 0.010s  Memory: 1774.00M
"edges" in: sky130A_mr.drc:551
    Edges: 41552 (flat)  41552 (hierarchical)
    Elapsed: 0.000s  Memory: 1774.00M
"without_length" in: sky130A_mr.drc:551
    Edges: 0 (flat)  0 (hierarchical)
    Elapsed: 0.010s  Memory: 1774.00M
"output" in: sky130A_mr.drc:551
    Edges: 0 (flat)  0 (hierarchical)
    Elapsed: 0.010s  Memory: 1774.00M
"space" in: sky130A_mr.drc:552
    Edge pairs: 0 (flat)  0 (hierarchical)
    Elapsed: 0.050s  Memory: 1774.00M
"output" in: sky130A_mr.drc:552
    Edge pairs: 0 (flat)  0 (hierarchical)
    Elapsed: 0.010s  Memory: 1774.00M
"width" in: sky130A_mr.drc:555
    Edge pairs: 0 (flat)  0 (hierarchical)
    Elapsed: 0.020s  Memory: 1774.00M
"output" in: sky130A_mr.drc:555
    Edge pairs: 0 (flat)  0 (hierarchical)
    Elapsed: 0.020s  Memory: 1774.00M
"drc" in: sky130A_mr.drc:556
    Edge pairs: 0 (flat)  0 (hierarchical)
    Elapsed: 0.040s  Memory: 1774.00M
"output" in: sky130A_mr.drc:556
    Edge pairs: 0 (flat)  0 (hierarchical)
    Elapsed: 0.010s  Memory: 1774.00M
"-" in: sky130A_mr.drc:557
    Polygons (raw): 0 (flat)  0 (hierarchical)
    Elapsed: 0.010s  Memory: 1774.00M
"output" in: sky130A_mr.drc:557
    Polygons (raw): 0 (flat)  0 (hierarchical)
    Elapsed: 0.010s  Memory: 1774.00M
"enclosing" in: sky130A_mr.drc:560
    Edge pairs: 0 (flat)  0 (hierarchical)
    Elapsed: 0.100s  Memory: 1806.00M
"output" in: sky130A_mr.drc:560
    Edge pairs: 0 (flat)  0 (hierarchical)
    Elapsed: 0.020s  Memory: 1710.00M
"-" in: sky130A_mr.drc:561
    Polygons (raw): 0 (flat)  0 (hierarchical)
    Elapsed: 0.100s  Memory: 1710.00M
"output" in: sky130A_mr.drc:561
    Polygons (raw): 0 (flat)  0 (hierarchical)
    Elapsed: 0.020s  Memory: 1710.00M
"enclosing" in: sky130A_mr.drc:563
    Edge pairs: 10585 (flat)  10585 (hierarchical)
    Elapsed: 0.120s  Memory: 1710.00M
"second_edges" in: sky130A_mr.drc:563
    Edges: 10585 (flat)  10585 (hierarchical)
    Elapsed: 0.010s  Memory: 1710.00M
"width" in: sky130A_mr.drc:564
    Edge pairs: 0 (flat)  0 (hierarchical)
    Elapsed: 0.080s  Memory: 1710.00M
"polygons" in: sky130A_mr.drc:565
    Polygons (raw): 0 (flat)  0 (hierarchical)
    Elapsed: 0.000s  Memory: 1710.00M
"interacting" in: sky130A_mr.drc:565
    Polygons (raw): 0 (flat)  0 (hierarchical)
    Elapsed: 0.010s  Memory: 1710.00M
"output" in: sky130A_mr.drc:566
    Polygons (raw): 0 (flat)  0 (hierarchical)
    Elapsed: 0.020s  Memory: 1710.00M
END: 69/44 (via2)
START: 70/20 (m3)
"width" in: sky130A_mr.drc:572
    Edge pairs: 0 (flat)  0 (hierarchical)
    Elapsed: 0.080s  Memory: 1710.00M
"output" in: sky130A_mr.drc:572
    Edge pairs: 0 (flat)  0 (hierarchical)
    Elapsed: 0.020s  Memory: 1710.00M
"sized" in: sky130A_mr.drc:574
    Polygons (raw): 0 (flat)  0 (hierarchical)
    Elapsed: 0.040s  Memory: 1710.00M
"sized" in: sky130A_mr.drc:574
    Polygons (raw): 0 (flat)  0 (hierarchical)
    Elapsed: 0.010s  Memory: 1710.00M
"snap" in: sky130A_mr.drc:574
    Polygons (raw): 0 (flat)  0 (hierarchical)
    Elapsed: 0.010s  Memory: 1710.00M
"&" in: sky130A_mr.drc:574
    Polygons (raw): 0 (flat)  0 (hierarchical)
    Elapsed: 0.010s  Memory: 1710.00M
"edges" in: sky130A_mr.drc:575
    Edges: 34608 (flat)  34608 (hierarchical)
    Elapsed: 0.010s  Memory: 1710.00M
"-" in: sky130A_mr.drc:575
    Edges: 34608 (flat)  34608 (hierarchical)
    Elapsed: 0.010s  Memory: 1710.00M
"edges" in: sky130A_mr.drc:576
    Edges: 0 (flat)  0 (hierarchical)
    Elapsed: 0.010s  Memory: 1710.00M
"merged" in: sky130A_mr.drc:576
    Polygons (raw): 3906 (flat)  3906 (hierarchical)
    Elapsed: 0.010s  Memory: 1710.00M
"outside_part" in: sky130A_mr.drc:576
    Edges: 0 (flat)  0 (hierarchical)
    Elapsed: 0.010s  Memory: 1710.00M
"space" in: sky130A_mr.drc:578
    Edge pairs: 0 (flat)  0 (hierarchical)
    Elapsed: 0.100s  Memory: 1710.00M
"output" in: sky130A_mr.drc:578
    Edge pairs: 0 (flat)  0 (hierarchical)
    Elapsed: 0.010s  Memory: 1710.00M
"with_area" in: sky130A_mr.drc:580
    Polygons (raw): 0 (flat)  0 (hierarchical)
    Elapsed: 0.010s  Memory: 1710.00M
"output" in: sky130A_mr.drc:580
    Polygons (raw): 0 (flat)  0 (hierarchical)
    Elapsed: 0.010s  Memory: 1710.00M
"separation" in: sky130A_mr.drc:582
    Edge pairs: 0 (flat)  0 (hierarchical)
    Elapsed: 0.050s  Memory: 1710.00M
"space" in: sky130A_mr.drc:582
    Edge pairs: 0 (flat)  0 (hierarchical)
    Elapsed: 0.030s  Memory: 1710.00M
"+" in: sky130A_mr.drc:582
    Edge pairs: 0 (flat)  0 (hierarchical)
    Elapsed: 0.020s  Memory: 1710.00M
"output" in: sky130A_mr.drc:582
    Edge pairs: 0 (flat)  0 (hierarchical)
    Elapsed: 0.010s  Memory: 1710.00M
"enclosing" in: sky130A_mr.drc:587
    Edge pairs: 0 (flat)  0 (hierarchical)
    Elapsed: 0.070s  Memory: 1710.00M
"output" in: sky130A_mr.drc:587
    Edge pairs: 0 (flat)  0 (hierarchical)
    Elapsed: 0.010s  Memory: 1710.00M
"-" in: sky130A_mr.drc:588
    Polygons (raw): 0 (flat)  0 (hierarchical)
    Elapsed: 0.050s  Memory: 1710.00M
"output" in: sky130A_mr.drc:588
    Polygons (raw): 0 (flat)  0 (hierarchical)
    Elapsed: 0.030s  Memory: 1710.00M
END: 70/20 (m3)
START: 70/44 (via3)
"drc" in: sky130A_mr.drc:596
    Polygons (raw): 0 (flat)  0 (hierarchical)
    Elapsed: 0.100s  Memory: 1710.00M
"-" in: sky130A_mr.drc:597
    Polygons (raw): 7893 (flat)  7893 (hierarchical)
    Elapsed: 0.010s  Memory: 1710.00M
"-" in: sky130A_mr.drc:602
    Polygons (raw): 7893 (flat)  7893 (hierarchical)
    Elapsed: 0.010s  Memory: 1710.00M
"non_rectangles" in: sky130A_mr.drc:603
    Polygons (raw): 0 (flat)  0 (hierarchical)
    Elapsed: 0.060s  Memory: 1710.00M
"output" in: sky130A_mr.drc:603
    Polygons (raw): 0 (flat)  0 (hierarchical)
    Elapsed: 0.010s  Memory: 1710.00M
"width" in: sky130A_mr.drc:604
    Edge pairs: 0 (flat)  0 (hierarchical)
    Elapsed: 0.010s  Memory: 1710.00M
"output" in: sky130A_mr.drc:604
    Edge pairs: 0 (flat)  0 (hierarchical)
    Elapsed: 0.020s  Memory: 1710.00M
"edges" in: sky130A_mr.drc:605
    Edges: 31572 (flat)  31572 (hierarchical)
    Elapsed: 0.000s  Memory: 1710.00M
"without_length" in: sky130A_mr.drc:605
    Edges: 0 (flat)  0 (hierarchical)
    Elapsed: 0.010s  Memory: 1710.00M
"output" in: sky130A_mr.drc:605
    Edges: 0 (flat)  0 (hierarchical)
    Elapsed: 0.010s  Memory: 1710.00M
"space" in: sky130A_mr.drc:607
    Edge pairs: 0 (flat)  0 (hierarchical)
    Elapsed: 0.040s  Memory: 1710.00M
"output" in: sky130A_mr.drc:607
    Edge pairs: 0 (flat)  0 (hierarchical)
    Elapsed: 0.020s  Memory: 1710.00M
"enclosing" in: sky130A_mr.drc:608
    Edge pairs: 0 (flat)  0 (hierarchical)
    Elapsed: 0.060s  Memory: 1710.00M
"output" in: sky130A_mr.drc:608
    Edge pairs: 0 (flat)  0 (hierarchical)
    Elapsed: 0.030s  Memory: 1710.00M
"-" in: sky130A_mr.drc:609
    Polygons (raw): 0 (flat)  0 (hierarchical)
    Elapsed: 0.050s  Memory: 1710.00M
"output" in: sky130A_mr.drc:609
    Polygons (raw): 0 (flat)  0 (hierarchical)
    Elapsed: 0.010s  Memory: 1710.00M
"enclosing" in: sky130A_mr.drc:611
    Edge pairs: 16339 (flat)  16339 (hierarchical)
    Elapsed: 0.110s  Memory: 1710.00M
"second_edges" in: sky130A_mr.drc:611
    Edges: 16339 (flat)  16339 (hierarchical)
    Elapsed: 0.000s  Memory: 1710.00M
"width" in: sky130A_mr.drc:612
    Edge pairs: 0 (flat)  0 (hierarchical)
    Elapsed: 0.100s  Memory: 1710.00M
"polygons" in: sky130A_mr.drc:613
    Polygons (raw): 0 (flat)  0 (hierarchical)
    Elapsed: 0.000s  Memory: 1710.00M
"interacting" in: sky130A_mr.drc:613
    Polygons (raw): 0 (flat)  0 (hierarchical)
    Elapsed: 0.020s  Memory: 1710.00M
"output" in: sky130A_mr.drc:614
    Polygons (raw): 0 (flat)  0 (hierarchical)
    Elapsed: 0.010s  Memory: 1710.00M
END: 70/44 (via3)
START: 71/20 (m4)
"width" in: sky130A_mr.drc:620
    Edge pairs: 0 (flat)  0 (hierarchical)
    Elapsed: 0.050s  Memory: 1710.00M
"output" in: sky130A_mr.drc:620
    Edge pairs: 0 (flat)  0 (hierarchical)
    Elapsed: 0.030s  Memory: 1710.00M
"sized" in: sky130A_mr.drc:622
    Polygons (raw): 0 (flat)  0 (hierarchical)
    Elapsed: 0.020s  Memory: 1710.00M
"sized" in: sky130A_mr.drc:622
    Polygons (raw): 0 (flat)  0 (hierarchical)
    Elapsed: 0.010s  Memory: 1710.00M
"snap" in: sky130A_mr.drc:622
    Polygons (raw): 0 (flat)  0 (hierarchical)
    Elapsed: 0.010s  Memory: 1710.00M
"&" in: sky130A_mr.drc:622
    Polygons (raw): 0 (flat)  0 (hierarchical)
    Elapsed: 0.010s  Memory: 1710.00M
"edges" in: sky130A_mr.drc:623
    Edges: 6160 (flat)  6160 (hierarchical)
    Elapsed: 0.010s  Memory: 1710.00M
"-" in: sky130A_mr.drc:623
    Edges: 6160 (flat)  6160 (hierarchical)
    Elapsed: 0.010s  Memory: 1710.00M
"edges" in: sky130A_mr.drc:624
    Edges: 0 (flat)  0 (hierarchical)
    Elapsed: 0.020s  Memory: 1710.00M
"merged" in: sky130A_mr.drc:624
    Polygons (raw): 501 (flat)  501 (hierarchical)
    Elapsed: 0.000s  Memory: 1710.00M
"outside_part" in: sky130A_mr.drc:624
    Edges: 0 (flat)  0 (hierarchical)
    Elapsed: 0.010s  Memory: 1710.00M
"space" in: sky130A_mr.drc:626
    Edge pairs: 0 (flat)  0 (hierarchical)
    Elapsed: 0.040s  Memory: 1710.00M
"output" in: sky130A_mr.drc:626
    Edge pairs: 0 (flat)  0 (hierarchical)
    Elapsed: 0.010s  Memory: 1710.00M
"with_area" in: sky130A_mr.drc:628
    Polygons (raw): 0 (flat)  0 (hierarchical)
    Elapsed: 0.010s  Memory: 1710.00M
"output" in: sky130A_mr.drc:628
    Polygons (raw): 0 (flat)  0 (hierarchical)
    Elapsed: 0.010s  Memory: 1710.00M
"separation" in: sky130A_mr.drc:630
    Edge pairs: 0 (flat)  0 (hierarchical)
    Elapsed: 0.050s  Memory: 1710.00M
"space" in: sky130A_mr.drc:630
    Edge pairs: 0 (flat)  0 (hierarchical)
    Elapsed: 0.030s  Memory: 1710.00M
"+" in: sky130A_mr.drc:630
    Edge pairs: 0 (flat)  0 (hierarchical)
    Elapsed: 0.020s  Memory: 1710.00M
"output" in: sky130A_mr.drc:630
    Edge pairs: 0 (flat)  0 (hierarchical)
    Elapsed: 0.010s  Memory: 1710.00M
"enclosing" in: sky130A_mr.drc:635
    Edge pairs: 0 (flat)  0 (hierarchical)
    Elapsed: 0.070s  Memory: 1710.00M
"output" in: sky130A_mr.drc:635
    Edge pairs: 0 (flat)  0 (hierarchical)
    Elapsed: 0.030s  Memory: 1710.00M
"-" in: sky130A_mr.drc:636
    Polygons (raw): 0 (flat)  0 (hierarchical)
    Elapsed: 0.050s  Memory: 1710.00M
"output" in: sky130A_mr.drc:636
    Polygons (raw): 0 (flat)  0 (hierarchical)
    Elapsed: 0.010s  Memory: 1710.00M
END: 71/20 (m4)
START: 71/44 (via4)
"drc" in: sky130A_mr.drc:643
    Polygons (raw): 0 (flat)  0 (hierarchical)
    Elapsed: 0.040s  Memory: 1710.00M
"-" in: sky130A_mr.drc:644
    Polygons (raw): 0 (flat)  0 (hierarchical)
    Elapsed: 0.010s  Memory: 1710.00M
"-" in: sky130A_mr.drc:649
    Polygons (raw): 0 (flat)  0 (hierarchical)
    Elapsed: 0.010s  Memory: 1710.00M
"non_rectangles" in: sky130A_mr.drc:650
    Polygons (raw): 0 (flat)  0 (hierarchical)
    Elapsed: 0.020s  Memory: 1710.00M
"output" in: sky130A_mr.drc:650
    Polygons (raw): 0 (flat)  0 (hierarchical)
    Elapsed: 0.010s  Memory: 1710.00M
"width" in: sky130A_mr.drc:651
    Edge pairs: 0 (flat)  0 (hierarchical)
    Elapsed: 0.010s  Memory: 1710.00M
"output" in: sky130A_mr.drc:651
    Edge pairs: 0 (flat)  0 (hierarchical)
    Elapsed: 0.010s  Memory: 1710.00M
"drc" in: sky130A_mr.drc:652
    Edges: 0 (flat)  0 (hierarchical)
    Elapsed: 0.050s  Memory: 1710.00M
"output" in: sky130A_mr.drc:652
    Edges: 0 (flat)  0 (hierarchical)
    Elapsed: 0.010s  Memory: 1710.00M
"space" in: sky130A_mr.drc:654
    Edge pairs: 0 (flat)  0 (hierarchical)
    Elapsed: 0.010s  Memory: 1710.00M
"polygons" in: sky130A_mr.drc:654
    Polygons (raw): 0 (flat)  0 (hierarchical)
    Elapsed: 0.000s  Memory: 1710.00M
"output" in: sky130A_mr.drc:654
    Polygons (raw): 0 (flat)  0 (hierarchical)
    Elapsed: 0.020s  Memory: 1710.00M
"width" in: sky130A_mr.drc:657
    Edge pairs: 0 (flat)  0 (hierarchical)
    Elapsed: 0.010s  Memory: 1710.00M
"output" in: sky130A_mr.drc:657
    Edge pairs: 0 (flat)  0 (hierarchical)
    Elapsed: 0.020s  Memory: 1710.00M
"drc" in: sky130A_mr.drc:658
    Edge pairs: 0 (flat)  0 (hierarchical)
    Elapsed: 0.050s  Memory: 1710.00M
"output" in: sky130A_mr.drc:658
    Edge pairs: 0 (flat)  0 (hierarchical)
    Elapsed: 0.010s  Memory: 1710.00M
"-" in: sky130A_mr.drc:659
    Polygons (raw): 0 (flat)  0 (hierarchical)
    Elapsed: 0.010s  Memory: 1710.00M
"output" in: sky130A_mr.drc:659
    Polygons (raw): 0 (flat)  0 (hierarchical)
    Elapsed: 0.020s  Memory: 1710.00M
"enclosing" in: sky130A_mr.drc:662
    Edge pairs: 0 (flat)  0 (hierarchical)
    Elapsed: 0.010s  Memory: 1710.00M
"output" in: sky130A_mr.drc:662
    Edge pairs: 0 (flat)  0 (hierarchical)
    Elapsed: 0.010s  Memory: 1710.00M
"-" in: sky130A_mr.drc:663
    Polygons (raw): 0 (flat)  0 (hierarchical)
    Elapsed: 0.010s  Memory: 1710.00M
"output" in: sky130A_mr.drc:663
    Polygons (raw): 0 (flat)  0 (hierarchical)
    Elapsed: 0.020s  Memory: 1710.00M
END: 71/44 (via4)
START: 72/20 (m5)
"width" in: sky130A_mr.drc:668
    Edge pairs: 0 (flat)  0 (hierarchical)
    Elapsed: 0.010s  Memory: 1710.00M
"output" in: sky130A_mr.drc:668
    Edge pairs: 0 (flat)  0 (hierarchical)
    Elapsed: 0.020s  Memory: 1710.00M
"space" in: sky130A_mr.drc:670
    Edge pairs: 0 (flat)  0 (hierarchical)
    Elapsed: 0.010s  Memory: 1710.00M
"output" in: sky130A_mr.drc:670
    Edge pairs: 0 (flat)  0 (hierarchical)
    Elapsed: 0.010s  Memory: 1710.00M
"enclosing" in: sky130A_mr.drc:672
    Edge pairs: 0 (flat)  0 (hierarchical)
    Elapsed: 0.010s  Memory: 1710.00M
"output" in: sky130A_mr.drc:672
    Edge pairs: 0 (flat)  0 (hierarchical)
    Elapsed: 0.010s  Memory: 1710.00M
"-" in: sky130A_mr.drc:673
    Polygons (raw): 0 (flat)  0 (hierarchical)
    Elapsed: 0.020s  Memory: 1710.00M
"output" in: sky130A_mr.drc:673
    Polygons (raw): 0 (flat)  0 (hierarchical)
    Elapsed: 0.020s  Memory: 1710.00M
"with_area" in: sky130A_mr.drc:677
    Polygons (raw): 0 (flat)  0 (hierarchical)
    Elapsed: 0.010s  Memory: 1710.00M
"output" in: sky130A_mr.drc:677
    Polygons (raw): 0 (flat)  0 (hierarchical)
    Elapsed: 0.010s  Memory: 1710.00M
END: 72/20 (m5)
START: 76/20 (pad)
"space" in: sky130A_mr.drc:682
    Edge pairs: 0 (flat)  0 (hierarchical)
    Elapsed: 0.010s  Memory: 1710.00M
"output" in: sky130A_mr.drc:682
    Edge pairs: 0 (flat)  0 (hierarchical)
    Elapsed: 0.020s  Memory: 1710.00M
END: 76/20 (pad)
FEOL section
START: 75/20 (hvi)
"-" in: sky130A_mr.drc:692
    Polygons (raw): 0 (flat)  0 (hierarchical)
    Elapsed: 0.010s  Memory: 1710.00M
"width" in: sky130A_mr.drc:693
    Edge pairs: 0 (flat)  0 (hierarchical)
    Elapsed: 0.010s  Memory: 1710.00M
"output" in: sky130A_mr.drc:693
    Edge pairs: 0 (flat)  0 (hierarchical)
    Elapsed: 0.020s  Memory: 1710.00M
"space" in: sky130A_mr.drc:694
    Edge pairs: 0 (flat)  0 (hierarchical)
    Elapsed: 0.010s  Memory: 1710.00M
"output" in: sky130A_mr.drc:694
    Edge pairs: 0 (flat)  0 (hierarchical)
    Elapsed: 0.020s  Memory: 1710.00M
END: 75/20 (hvi)
START: 125/20 (hvntm)
"-" in: sky130A_mr.drc:699
    Polygons (raw): 0 (flat)  0 (hierarchical)
    Elapsed: 0.010s  Memory: 1710.00M
"width" in: sky130A_mr.drc:700
    Edge pairs: 0 (flat)  0 (hierarchical)
    Elapsed: 0.010s  Memory: 1710.00M
"output" in: sky130A_mr.drc:700
    Edge pairs: 0 (flat)  0 (hierarchical)
    Elapsed: 0.010s  Memory: 1710.00M
"space" in: sky130A_mr.drc:701
    Edge pairs: 0 (flat)  0 (hierarchical)
    Elapsed: 0.010s  Memory: 1710.00M
"output" in: sky130A_mr.drc:701
    Edge pairs: 0 (flat)  0 (hierarchical)
    Elapsed: 0.010s  Memory: 1710.00M
END: 125/20 (hvntm)
OFFGRID-ANGLES section
"ongrid" in: sky130A_mr.drc:710
    Edge pairs: 0 (flat)  0 (hierarchical)
    Elapsed: 0.010s  Memory: 1710.00M
"output" in: sky130A_mr.drc:710
    Edge pairs: 0 (flat)  0 (hierarchical)
    Elapsed: 0.000s  Memory: 1710.00M
"with_angle" in: sky130A_mr.drc:711
    Edge pairs: 0 (flat)  0 (hierarchical)
    Elapsed: 0.010s  Memory: 1710.00M
"output" in: sky130A_mr.drc:711
    Edge pairs: 0 (flat)  0 (hierarchical)
    Elapsed: 0.010s  Memory: 1710.00M
"ongrid" in: sky130A_mr.drc:712
    Edge pairs: 0 (flat)  0 (hierarchical)
    Elapsed: 0.020s  Memory: 1710.00M
"output" in: sky130A_mr.drc:712
    Edge pairs: 0 (flat)  0 (hierarchical)
    Elapsed: 0.010s  Memory: 1710.00M
"with_angle" in: sky130A_mr.drc:713
    Edge pairs: 0 (flat)  0 (hierarchical)
    Elapsed: 0.000s  Memory: 1710.00M
"output" in: sky130A_mr.drc:713
    Edge pairs: 0 (flat)  0 (hierarchical)
    Elapsed: 0.010s  Memory: 1710.00M
"ongrid" in: sky130A_mr.drc:714
    Edge pairs: 0 (flat)  0 (hierarchical)
    Elapsed: 0.010s  Memory: 1710.00M
"output" in: sky130A_mr.drc:714
    Edge pairs: 0 (flat)  0 (hierarchical)
    Elapsed: 0.000s  Memory: 1710.00M
"with_angle" in: sky130A_mr.drc:715
    Edge pairs: 0 (flat)  0 (hierarchical)
    Elapsed: 0.010s  Memory: 1710.00M
"output" in: sky130A_mr.drc:715
    Edge pairs: 0 (flat)  0 (hierarchical)
    Elapsed: 0.010s  Memory: 1710.00M
"ongrid" in: sky130A_mr.drc:716
    Edge pairs: 0 (flat)  0 (hierarchical)
    Elapsed: 0.010s  Memory: 1710.00M
"output" in: sky130A_mr.drc:716
    Edge pairs: 0 (flat)  0 (hierarchical)
    Elapsed: 0.000s  Memory: 1710.00M
"with_angle" in: sky130A_mr.drc:717
    Edge pairs: 0 (flat)  0 (hierarchical)
    Elapsed: 0.010s  Memory: 1710.00M
"output" in: sky130A_mr.drc:717
    Edge pairs: 0 (flat)  0 (hierarchical)
    Elapsed: 0.010s  Memory: 1710.00M
"ongrid" in: sky130A_mr.drc:718
    Edge pairs: 0 (flat)  0 (hierarchical)
    Elapsed: 0.020s  Memory: 1710.00M
"output" in: sky130A_mr.drc:718
    Edge pairs: 0 (flat)  0 (hierarchical)
    Elapsed: 0.020s  Memory: 1710.00M
"with_angle" in: sky130A_mr.drc:719
    Edge pairs: 0 (flat)  0 (hierarchical)
    Elapsed: 0.000s  Memory: 1710.00M
"output" in: sky130A_mr.drc:719
    Edge pairs: 0 (flat)  0 (hierarchical)
    Elapsed: 0.010s  Memory: 1710.00M
"ongrid" in: sky130A_mr.drc:720
    Edge pairs: 0 (flat)  0 (hierarchical)
    Elapsed: 0.010s  Memory: 1710.00M
"output" in: sky130A_mr.drc:720
    Edge pairs: 0 (flat)  0 (hierarchical)
    Elapsed: 0.000s  Memory: 1710.00M
"with_angle" in: sky130A_mr.drc:721
    Edge pairs: 0 (flat)  0 (hierarchical)
    Elapsed: 0.010s  Memory: 1710.00M
"output" in: sky130A_mr.drc:721
    Edge pairs: 0 (flat)  0 (hierarchical)
    Elapsed: 0.010s  Memory: 1710.00M
"ongrid" in: sky130A_mr.drc:722
    Edge pairs: 0 (flat)  0 (hierarchical)
    Elapsed: 0.010s  Memory: 1710.00M
"output" in: sky130A_mr.drc:722
    Edge pairs: 0 (flat)  0 (hierarchical)
    Elapsed: 0.000s  Memory: 1710.00M
"with_angle" in: sky130A_mr.drc:723
    Edge pairs: 0 (flat)  0 (hierarchical)
    Elapsed: 0.010s  Memory: 1710.00M
"output" in: sky130A_mr.drc:723
    Edge pairs: 0 (flat)  0 (hierarchical)
    Elapsed: 0.010s  Memory: 1710.00M
"ongrid" in: sky130A_mr.drc:724
    Edge pairs: 0 (flat)  0 (hierarchical)
    Elapsed: 0.010s  Memory: 1710.00M
"output" in: sky130A_mr.drc:724
    Edge pairs: 0 (flat)  0 (hierarchical)
    Elapsed: 0.000s  Memory: 1710.00M
"with_angle" in: sky130A_mr.drc:725
    Edge pairs: 0 (flat)  0 (hierarchical)
    Elapsed: 0.010s  Memory: 1710.00M
"output" in: sky130A_mr.drc:725
    Edge pairs: 0 (flat)  0 (hierarchical)
    Elapsed: 0.010s  Memory: 1710.00M
"ongrid" in: sky130A_mr.drc:726
    Edge pairs: 0 (flat)  0 (hierarchical)
    Elapsed: 0.020s  Memory: 1710.00M
"output" in: sky130A_mr.drc:726
    Edge pairs: 0 (flat)  0 (hierarchical)
    Elapsed: 0.010s  Memory: 1710.00M
"ongrid" in: sky130A_mr.drc:727
    Edge pairs: 0 (flat)  0 (hierarchical)
    Elapsed: 0.010s  Memory: 1710.00M
"output" in: sky130A_mr.drc:727
    Edge pairs: 0 (flat)  0 (hierarchical)
    Elapsed: 0.020s  Memory: 1710.00M
"&" in: sky130A_mr.drc:728
    Polygons (raw): 0 (flat)  0 (hierarchical)
    Elapsed: 0.010s  Memory: 1710.00M
"-" in: sky130A_mr.drc:728
    Polygons (raw): 139894 (flat)  516 (hierarchical)
    Elapsed: 0.020s  Memory: 1710.00M
"with_angle" in: sky130A_mr.drc:728
    Edge pairs: 0 (flat)  0 (hierarchical)
    Elapsed: 0.170s  Memory: 1710.00M
"output" in: sky130A_mr.drc:728
    Edge pairs: 0 (flat)  0 (hierarchical)
    Elapsed: 0.010s  Memory: 1710.00M
"&" in: sky130A_mr.drc:729
    Polygons (raw): 0 (flat)  0 (hierarchical)
    Elapsed: 0.010s  Memory: 1710.00M
"&" in: sky130A_mr.drc:729
    Polygons (raw): 0 (flat)  0 (hierarchical)
    Elapsed: 0.010s  Memory: 1710.00M
"with_angle" in: sky130A_mr.drc:729
    Edge pairs: 0 (flat)  0 (hierarchical)
    Elapsed: 0.010s  Memory: 1710.00M
"output" in: sky130A_mr.drc:729
    Edge pairs: 0 (flat)  0 (hierarchical)
    Elapsed: 0.010s  Memory: 1710.00M
"&" in: sky130A_mr.drc:730
    Polygons (raw): 0 (flat)  0 (hierarchical)
    Elapsed: 0.010s  Memory: 1710.00M
"-" in: sky130A_mr.drc:730
    Polygons (raw): 17568 (flat)  2 (hierarchical)
    Elapsed: 0.050s  Memory: 1710.00M
"with_angle" in: sky130A_mr.drc:730
    Edge pairs: 0 (flat)  0 (hierarchical)
    Elapsed: 0.030s  Memory: 1710.00M
"output" in: sky130A_mr.drc:730
    Edge pairs: 0 (flat)  0 (hierarchical)
    Elapsed: 0.010s  Memory: 1710.00M
"&" in: sky130A_mr.drc:731
    Polygons (raw): 0 (flat)  0 (hierarchical)
    Elapsed: 0.010s  Memory: 1710.00M
"&" in: sky130A_mr.drc:731
    Polygons (raw): 0 (flat)  0 (hierarchical)
    Elapsed: 0.010s  Memory: 1710.00M
"with_angle" in: sky130A_mr.drc:731
    Edge pairs: 0 (flat)  0 (hierarchical)
    Elapsed: 0.010s  Memory: 1710.00M
"output" in: sky130A_mr.drc:731
    Edge pairs: 0 (flat)  0 (hierarchical)
    Elapsed: 0.020s  Memory: 1710.00M
"ongrid" in: sky130A_mr.drc:732
    Edge pairs: 0 (flat)  0 (hierarchical)
    Elapsed: 0.010s  Memory: 1710.00M
"output" in: sky130A_mr.drc:732
    Edge pairs: 0 (flat)  0 (hierarchical)
    Elapsed: 0.000s  Memory: 1710.00M
"with_angle" in: sky130A_mr.drc:733
    Edge pairs: 0 (flat)  0 (hierarchical)
    Elapsed: 0.010s  Memory: 1710.00M
"output" in: sky130A_mr.drc:733
    Edge pairs: 0 (flat)  0 (hierarchical)
    Elapsed: 0.020s  Memory: 1710.00M
"ongrid" in: sky130A_mr.drc:734
    Edge pairs: 0 (flat)  0 (hierarchical)
    Elapsed: 0.010s  Memory: 1710.00M
"output" in: sky130A_mr.drc:734
    Edge pairs: 0 (flat)  0 (hierarchical)
    Elapsed: 0.010s  Memory: 1710.00M
"with_angle" in: sky130A_mr.drc:735
    Edge pairs: 0 (flat)  0 (hierarchical)
    Elapsed: 0.000s  Memory: 1710.00M
"output" in: sky130A_mr.drc:735
    Edge pairs: 0 (flat)  0 (hierarchical)
    Elapsed: 0.010s  Memory: 1710.00M
"ongrid" in: sky130A_mr.drc:736
    Edge pairs: 0 (flat)  0 (hierarchical)
    Elapsed: 0.010s  Memory: 1710.00M
"output" in: sky130A_mr.drc:736
    Edge pairs: 0 (flat)  0 (hierarchical)
    Elapsed: 0.000s  Memory: 1710.00M
"with_angle" in: sky130A_mr.drc:737
    Edge pairs: 0 (flat)  0 (hierarchical)
    Elapsed: 0.010s  Memory: 1710.00M
"output" in: sky130A_mr.drc:737
    Edge pairs: 0 (flat)  0 (hierarchical)
    Elapsed: 0.010s  Memory: 1710.00M
"ongrid" in: sky130A_mr.drc:738
    Edge pairs: 0 (flat)  0 (hierarchical)
    Elapsed: 0.030s  Memory: 1710.00M
"output" in: sky130A_mr.drc:738
    Edge pairs: 0 (flat)  0 (hierarchical)
    Elapsed: 0.020s  Memory: 1710.00M
"with_angle" in: sky130A_mr.drc:739
    Edge pairs: 0 (flat)  0 (hierarchical)
    Elapsed: 0.010s  Memory: 1710.00M
"output" in: sky130A_mr.drc:739
    Edge pairs: 0 (flat)  0 (hierarchical)
    Elapsed: 0.020s  Memory: 1710.00M
"ongrid" in: sky130A_mr.drc:740
    Edge pairs: 0 (flat)  0 (hierarchical)
    Elapsed: 1.360s  Memory: 1710.00M
"output" in: sky130A_mr.drc:740
    Edge pairs: 0 (flat)  0 (hierarchical)
    Elapsed: 0.060s  Memory: 1710.00M
"with_angle" in: sky130A_mr.drc:741
    Edge pairs: 0 (flat)  0 (hierarchical)
    Elapsed: 0.000s  Memory: 1710.00M
"output" in: sky130A_mr.drc:741
    Edge pairs: 0 (flat)  0 (hierarchical)
    Elapsed: 0.010s  Memory: 1710.00M
"ongrid" in: sky130A_mr.drc:742
    Edge pairs: 0 (flat)  0 (hierarchical)
    Elapsed: 1.460s  Memory: 1710.00M
"output" in: sky130A_mr.drc:742
    Edge pairs: 0 (flat)  0 (hierarchical)
    Elapsed: 0.020s  Memory: 1710.00M
"with_angle" in: sky130A_mr.drc:743
    Edge pairs: 0 (flat)  0 (hierarchical)
    Elapsed: 0.000s  Memory: 1710.00M
"output" in: sky130A_mr.drc:743
    Edge pairs: 0 (flat)  0 (hierarchical)
    Elapsed: 0.020s  Memory: 1710.00M
"ongrid" in: sky130A_mr.drc:744
    Edge pairs: 0 (flat)  0 (hierarchical)
    Elapsed: 0.020s  Memory: 1710.00M
"output" in: sky130A_mr.drc:744
    Edge pairs: 0 (flat)  0 (hierarchical)
    Elapsed: 0.020s  Memory: 1710.00M
"with_angle" in: sky130A_mr.drc:745
    Edge pairs: 0 (flat)  0 (hierarchical)
    Elapsed: 0.000s  Memory: 1710.00M
"output" in: sky130A_mr.drc:745
    Edge pairs: 0 (flat)  0 (hierarchical)
    Elapsed: 0.010s  Memory: 1710.00M
"ongrid" in: sky130A_mr.drc:746
    Edge pairs: 0 (flat)  0 (hierarchical)
    Elapsed: 0.070s  Memory: 1710.00M
"output" in: sky130A_mr.drc:746
    Edge pairs: 0 (flat)  0 (hierarchical)
    Elapsed: 0.010s  Memory: 1710.00M
"with_angle" in: sky130A_mr.drc:747
    Edge pairs: 0 (flat)  0 (hierarchical)
    Elapsed: 0.060s  Memory: 1710.00M
"output" in: sky130A_mr.drc:747
    Edge pairs: 0 (flat)  0 (hierarchical)
    Elapsed: 0.010s  Memory: 1710.00M
"ongrid" in: sky130A_mr.drc:748
    Edge pairs: 0 (flat)  0 (hierarchical)
    Elapsed: 0.210s  Memory: 1710.00M
"output" in: sky130A_mr.drc:748
    Edge pairs: 0 (flat)  0 (hierarchical)
    Elapsed: 0.010s  Memory: 1710.00M
"with_angle" in: sky130A_mr.drc:749
    Edge pairs: 0 (flat)  0 (hierarchical)
    Elapsed: 0.230s  Memory: 1710.00M
"output" in: sky130A_mr.drc:749
    Edge pairs: 0 (flat)  0 (hierarchical)
    Elapsed: 0.010s  Memory: 1710.00M
"ongrid" in: sky130A_mr.drc:750
    Edge pairs: 0 (flat)  0 (hierarchical)
    Elapsed: 0.010s  Memory: 1710.00M
"output" in: sky130A_mr.drc:750
    Edge pairs: 0 (flat)  0 (hierarchical)
    Elapsed: 0.000s  Memory: 1710.00M
"with_angle" in: sky130A_mr.drc:751
    Edge pairs: 0 (flat)  0 (hierarchical)
    Elapsed: 0.010s  Memory: 1710.00M
"output" in: sky130A_mr.drc:751
    Edge pairs: 0 (flat)  0 (hierarchical)
    Elapsed: 0.010s  Memory: 1710.00M
"ongrid" in: sky130A_mr.drc:752
    Edge pairs: 0 (flat)  0 (hierarchical)
    Elapsed: 0.070s  Memory: 1710.00M
"output" in: sky130A_mr.drc:752
    Edge pairs: 0 (flat)  0 (hierarchical)
    Elapsed: 0.010s  Memory: 1710.00M
"with_angle" in: sky130A_mr.drc:753
    Edge pairs: 0 (flat)  0 (hierarchical)
    Elapsed: 0.050s  Memory: 1710.00M
"output" in: sky130A_mr.drc:753
    Edge pairs: 0 (flat)  0 (hierarchical)
    Elapsed: 0.020s  Memory: 1710.00M
"ongrid" in: sky130A_mr.drc:754
    Edge pairs: 0 (flat)  0 (hierarchical)
    Elapsed: 0.040s  Memory: 1710.00M
"output" in: sky130A_mr.drc:754
    Edge pairs: 0 (flat)  0 (hierarchical)
    Elapsed: 0.010s  Memory: 1710.00M
"with_angle" in: sky130A_mr.drc:755
    Edge pairs: 0 (flat)  0 (hierarchical)
    Elapsed: 0.040s  Memory: 1710.00M
"output" in: sky130A_mr.drc:755
    Edge pairs: 0 (flat)  0 (hierarchical)
    Elapsed: 0.020s  Memory: 1710.00M
"ongrid" in: sky130A_mr.drc:756
    Edge pairs: 0 (flat)  0 (hierarchical)
    Elapsed: 0.040s  Memory: 1710.00M
"output" in: sky130A_mr.drc:756
    Edge pairs: 0 (flat)  0 (hierarchical)
    Elapsed: 0.010s  Memory: 1710.00M
"with_angle" in: sky130A_mr.drc:757
    Edge pairs: 0 (flat)  0 (hierarchical)
    Elapsed: 0.030s  Memory: 1710.00M
"output" in: sky130A_mr.drc:757
    Edge pairs: 0 (flat)  0 (hierarchical)
    Elapsed: 0.010s  Memory: 1710.00M
"ongrid" in: sky130A_mr.drc:758
    Edge pairs: 0 (flat)  0 (hierarchical)
    Elapsed: 0.020s  Memory: 1710.00M
"output" in: sky130A_mr.drc:758
    Edge pairs: 0 (flat)  0 (hierarchical)
    Elapsed: 0.010s  Memory: 1710.00M
"with_angle" in: sky130A_mr.drc:759
    Edge pairs: 0 (flat)  0 (hierarchical)
    Elapsed: 0.000s  Memory: 1710.00M
"output" in: sky130A_mr.drc:759
    Edge pairs: 0 (flat)  0 (hierarchical)
    Elapsed: 0.010s  Memory: 1710.00M
"ongrid" in: sky130A_mr.drc:760
    Edge pairs: 0 (flat)  0 (hierarchical)
    Elapsed: 0.020s  Memory: 1710.00M
"output" in: sky130A_mr.drc:760
    Edge pairs: 0 (flat)  0 (hierarchical)
    Elapsed: 0.020s  Memory: 1710.00M
"with_angle" in: sky130A_mr.drc:761
    Edge pairs: 0 (flat)  0 (hierarchical)
    Elapsed: 0.000s  Memory: 1710.00M
"output" in: sky130A_mr.drc:761
    Edge pairs: 0 (flat)  0 (hierarchical)
    Elapsed: 0.010s  Memory: 1710.00M
"ongrid" in: sky130A_mr.drc:762
    Edge pairs: 0 (flat)  0 (hierarchical)
    Elapsed: 0.020s  Memory: 1710.00M
"output" in: sky130A_mr.drc:762
    Edge pairs: 0 (flat)  0 (hierarchical)
    Elapsed: 0.010s  Memory: 1710.00M
"with_angle" in: sky130A_mr.drc:763
    Edge pairs: 0 (flat)  0 (hierarchical)
    Elapsed: 0.000s  Memory: 1710.00M
"output" in: sky130A_mr.drc:763
    Edge pairs: 0 (flat)  0 (hierarchical)
    Elapsed: 0.020s  Memory: 1710.00M
"ongrid" in: sky130A_mr.drc:764
    Edge pairs: 0 (flat)  0 (hierarchical)
    Elapsed: 0.010s  Memory: 1710.00M
"output" in: sky130A_mr.drc:764
    Edge pairs: 0 (flat)  0 (hierarchical)
    Elapsed: 0.000s  Memory: 1710.00M
"with_angle" in: sky130A_mr.drc:765
    Edge pairs: 0 (flat)  0 (hierarchical)
    Elapsed: 0.010s  Memory: 1710.00M
"output" in: sky130A_mr.drc:765
    Edge pairs: 0 (flat)  0 (hierarchical)
    Elapsed: 0.020s  Memory: 1710.00M
"ongrid" in: sky130A_mr.drc:766
    Edge pairs: 0 (flat)  0 (hierarchical)
    Elapsed: 0.010s  Memory: 1710.00M
"output" in: sky130A_mr.drc:766
    Edge pairs: 0 (flat)  0 (hierarchical)
    Elapsed: 0.010s  Memory: 1710.00M
"with_angle" in: sky130A_mr.drc:767
    Edge pairs: 0 (flat)  0 (hierarchical)
    Elapsed: 0.000s  Memory: 1710.00M
"output" in: sky130A_mr.drc:767
    Edge pairs: 0 (flat)  0 (hierarchical)
    Elapsed: 0.010s  Memory: 1710.00M
"ongrid" in: sky130A_mr.drc:768
    Edge pairs: 0 (flat)  0 (hierarchical)
    Elapsed: 0.010s  Memory: 1710.00M
"output" in: sky130A_mr.drc:768
    Edge pairs: 0 (flat)  0 (hierarchical)
    Elapsed: 0.000s  Memory: 1710.00M
"with_angle" in: sky130A_mr.drc:769
    Edge pairs: 0 (flat)  0 (hierarchical)
    Elapsed: 0.010s  Memory: 1710.00M
"output" in: sky130A_mr.drc:769
    Edge pairs: 0 (flat)  0 (hierarchical)
    Elapsed: 0.020s  Memory: 1710.00M
"ongrid" in: sky130A_mr.drc:770
    Edge pairs: 0 (flat)  0 (hierarchical)
    Elapsed: 0.010s  Memory: 1710.00M
"output" in: sky130A_mr.drc:770
    Edge pairs: 0 (flat)  0 (hierarchical)
    Elapsed: 0.000s  Memory: 1710.00M
"with_angle" in: sky130A_mr.drc:771
    Edge pairs: 0 (flat)  0 (hierarchical)
    Elapsed: 0.010s  Memory: 1710.00M
"output" in: sky130A_mr.drc:771
    Edge pairs: 0 (flat)  0 (hierarchical)
    Elapsed: 0.010s  Memory: 1710.00M
"ongrid" in: sky130A_mr.drc:772
    Edge pairs: 0 (flat)  0 (hierarchical)
    Elapsed: 0.010s  Memory: 1710.00M
"output" in: sky130A_mr.drc:772
    Edge pairs: 0 (flat)  0 (hierarchical)
    Elapsed: 0.000s  Memory: 1710.00M
"with_angle" in: sky130A_mr.drc:773
    Edge pairs: 0 (flat)  0 (hierarchical)
    Elapsed: 0.010s  Memory: 1710.00M
"output" in: sky130A_mr.drc:773
    Edge pairs: 0 (flat)  0 (hierarchical)
    Elapsed: 0.010s  Memory: 1710.00M
"ongrid" in: sky130A_mr.drc:774
    Edge pairs: 0 (flat)  0 (hierarchical)
    Elapsed: 0.010s  Memory: 1710.00M
"output" in: sky130A_mr.drc:774
    Edge pairs: 0 (flat)  0 (hierarchical)
    Elapsed: 0.000s  Memory: 1710.00M
"with_angle" in: sky130A_mr.drc:775
    Edge pairs: 0 (flat)  0 (hierarchical)
    Elapsed: 0.010s  Memory: 1710.00M
"output" in: sky130A_mr.drc:775
    Edge pairs: 0 (flat)  0 (hierarchical)
    Elapsed: 0.010s  Memory: 1710.00M
"ongrid" in: sky130A_mr.drc:776
    Edge pairs: 0 (flat)  0 (hierarchical)
    Elapsed: 0.010s  Memory: 1710.00M
"output" in: sky130A_mr.drc:776
    Edge pairs: 0 (flat)  0 (hierarchical)
    Elapsed: 0.000s  Memory: 1710.00M
"with_angle" in: sky130A_mr.drc:777
    Edge pairs: 0 (flat)  0 (hierarchical)
    Elapsed: 0.010s  Memory: 1710.00M
"output" in: sky130A_mr.drc:777
    Edge pairs: 0 (flat)  0 (hierarchical)
    Elapsed: 0.010s  Memory: 1710.00M
"ongrid" in: sky130A_mr.drc:778
    Edge pairs: 0 (flat)  0 (hierarchical)
    Elapsed: 0.010s  Memory: 1710.00M
"output" in: sky130A_mr.drc:778
    Edge pairs: 0 (flat)  0 (hierarchical)
    Elapsed: 0.000s  Memory: 1710.00M
"with_angle" in: sky130A_mr.drc:779
    Edge pairs: 0 (flat)  0 (hierarchical)
    Elapsed: 0.010s  Memory: 1710.00M
"output" in: sky130A_mr.drc:779
    Edge pairs: 0 (flat)  0 (hierarchical)
    Elapsed: 0.010s  Memory: 1710.00M
"ongrid" in: sky130A_mr.drc:780
    Edge pairs: 0 (flat)  0 (hierarchical)
    Elapsed: 0.010s  Memory: 1710.00M
"output" in: sky130A_mr.drc:780
    Edge pairs: 0 (flat)  0 (hierarchical)
    Elapsed: 0.000s  Memory: 1710.00M
"with_angle" in: sky130A_mr.drc:781
    Edge pairs: 0 (flat)  0 (hierarchical)
    Elapsed: 0.010s  Memory: 1710.00M
"output" in: sky130A_mr.drc:781
    Edge pairs: 0 (flat)  0 (hierarchical)
    Elapsed: 0.020s  Memory: 1710.00M
"ongrid" in: sky130A_mr.drc:782
    Edge pairs: 0 (flat)  0 (hierarchical)
    Elapsed: 0.010s  Memory: 1710.00M
"output" in: sky130A_mr.drc:782
    Edge pairs: 0 (flat)  0 (hierarchical)
    Elapsed: 0.000s  Memory: 1710.00M
"with_angle" in: sky130A_mr.drc:783
    Edge pairs: 0 (flat)  0 (hierarchical)
    Elapsed: 0.010s  Memory: 1710.00M
"output" in: sky130A_mr.drc:783
    Edge pairs: 0 (flat)  0 (hierarchical)
    Elapsed: 0.010s  Memory: 1710.00M
"ongrid" in: sky130A_mr.drc:784
    Edge pairs: 0 (flat)  0 (hierarchical)
    Elapsed: 0.010s  Memory: 1710.00M
"output" in: sky130A_mr.drc:784
    Edge pairs: 0 (flat)  0 (hierarchical)
    Elapsed: 0.000s  Memory: 1710.00M
"with_angle" in: sky130A_mr.drc:785
    Edge pairs: 0 (flat)  0 (hierarchical)
    Elapsed: 0.010s  Memory: 1710.00M
"output" in: sky130A_mr.drc:785
    Edge pairs: 0 (flat)  0 (hierarchical)
    Elapsed: 0.020s  Memory: 1710.00M
"ongrid" in: sky130A_mr.drc:786
    Edge pairs: 0 (flat)  0 (hierarchical)
    Elapsed: 0.010s  Memory: 1710.00M
"output" in: sky130A_mr.drc:786
    Edge pairs: 0 (flat)  0 (hierarchical)
    Elapsed: 0.000s  Memory: 1710.00M
Writing report database: /mnt/d/APIC/FIR_Openlane/Lowpass/runs/RUN_2024-06-17_18-13-19/61-klayout-drc/reports/drc_violations.klayout.xml ..
Total elapsed: 214.040s  Memory: 1649.00M
 
Cell exclusion list:
   rule    | cell
   nwell.6 | sky130_fd_io__gpiov2_amux, sky130_fd_io__simple_pad_and_busses, sram
   nsd.1   | sram
   nsd.2   | sram
   psd.1   | sram
   psd.2   | sram
 
release 2023.6.14_01.08
