Starting…
Running 'Verilator.Lint'… (Log: [link=file:///mnt/d/APIC/FIR_Openlane/Highpass/runs/RUN_2024-06-17_13-26-48/01-verilator-lint/verilator-lint.log]./runs/RUN_2024-06-17_13-26-48/01-verilator-lint/verilator-lint.log[/link])
Running 'Checker.LintTimingConstructs'… (Log: [link=file:///mnt/d/APIC/FIR_Openlane/Highpass/runs/RUN_2024-06-17_13-26-48/02-checker-linttimingconstructs/checker-linttimingconstructs.log]./runs/RUN_2024-06-17_13-26-48/02-checker-linttimingconstructs/checker-linttimingconstructs.log[/link])
Check for Lint Timing Errors clear.
Running 'Checker.LintErrors'… (Log: [link=file:///mnt/d/APIC/FIR_Openlane/Highpass/runs/RUN_2024-06-17_13-26-48/03-checker-linterrors/checker-linterrors.log]./runs/RUN_2024-06-17_13-26-48/03-checker-linterrors/checker-linterrors.log[/link])
Check for Lint errors clear.
Loading the incremental configuration has generated the following warnings:
The configuration variable 'QUIT_ON_LINTER_WARNINGS' is deprecated. Please check the docs for the usage on the replacement variable 'ERROR_ON_LINTER_WARNINGS'.
Running 'Checker.LintWarnings'… (Log: [link=file:///mnt/d/APIC/FIR_Openlane/Highpass/runs/RUN_2024-06-17_13-26-48/04-checker-lintwarnings/checker-lintwarnings.log]./runs/RUN_2024-06-17_13-26-48/04-checker-lintwarnings/checker-lintwarnings.log[/link])
Check for Lint warnings clear.
Running 'Yosys.JsonHeader'… (Log: [link=file:///mnt/d/APIC/FIR_Openlane/Highpass/runs/RUN_2024-06-17_13-26-48/05-yosys-jsonheader/yosys-jsonheader.log]./runs/RUN_2024-06-17_13-26-48/05-yosys-jsonheader/yosys-jsonheader.log[/link])
Running 'Yosys.Synthesis'… (Log: [link=file:///mnt/d/APIC/FIR_Openlane/Highpass/runs/RUN_2024-06-17_13-26-48/06-yosys-synthesis/yosys-synthesis.log]./runs/RUN_2024-06-17_13-26-48/06-yosys-synthesis/yosys-synthesis.log[/link])
Parsing synthesis checks…
Running 'Checker.YosysUnmappedCells'… (Log: [link=file:///mnt/d/APIC/FIR_Openlane/Highpass/runs/RUN_2024-06-17_13-26-48/07-checker-yosysunmappedcells/checker-yosysunmappedcells.log]./runs/RUN_2024-06-17_13-26-48/07-checker-yosysunmappedcells/checker-yosysunmappedcells.log[/link])
Check for Unmapped Yosys instances clear.
Running 'Checker.YosysSynthChecks'… (Log: [link=file:///mnt/d/APIC/FIR_Openlane/Highpass/runs/RUN_2024-06-17_13-26-48/08-checker-yosyssynthchecks/checker-yosyssynthchecks.log]./runs/RUN_2024-06-17_13-26-48/08-checker-yosyssynthchecks/checker-yosyssynthchecks.log[/link])
Check for Yosys check errors clear.
Running 'OpenROAD.CheckSDCFiles'… (Log: [link=file:///mnt/d/APIC/FIR_Openlane/Highpass/runs/RUN_2024-06-17_13-26-48/09-openroad-checksdcfiles/openroad-checksdcfiles.log]./runs/RUN_2024-06-17_13-26-48/09-openroad-checksdcfiles/openroad-checksdcfiles.log[/link])
'PNR_SDC_FILE' is not defined. Using generic fallback SDC for OpenROAD PnR steps.
'SIGNOFF_SDC_FILE' is not defined. Using generic fallback SDC for OpenROAD PnR steps.
Running 'OpenROAD.CheckMacroInstances'… (Log: [link=file:///mnt/d/APIC/FIR_Openlane/Highpass/runs/RUN_2024-06-17_13-26-48/10-openroad-checkmacroinstances/openroad-checkmacroinstances.log]./runs/RUN_2024-06-17_13-26-48/10-openroad-checkmacroinstances/openroad-checkmacroinstances.log[/link])
No macros found, skipping instance check…
Running 'OpenROAD.STAPrePNR'… (Log: [link=file:///mnt/d/APIC/FIR_Openlane/Highpass/runs/RUN_2024-06-17_13-26-48/11-openroad-staprepnr/openroad-staprepnr.log]./runs/RUN_2024-06-17_13-26-48/11-openroad-staprepnr/openroad-staprepnr.log[/link])
Running 'OpenROAD.Floorplan'… (Log: [link=file:///mnt/d/APIC/FIR_Openlane/Highpass/runs/RUN_2024-06-17_13-26-48/12-openroad-floorplan/openroad-floorplan.log]./runs/RUN_2024-06-17_13-26-48/12-openroad-floorplan/openroad-floorplan.log[/link])
Running 'Odb.CheckMacroAntennaProperties'… (Log: [link=file:///mnt/d/APIC/FIR_Openlane/Highpass/runs/RUN_2024-06-17_13-26-48/13-odb-checkmacroantennaproperties/odb-checkmacroantennaproperties.log]./runs/RUN_2024-06-17_13-26-48/13-odb-checkmacroantennaproperties/odb-checkmacroantennaproperties.log[/link])
No cells provided, skipping…
Running 'Odb.SetPowerConnections'… (Log: [link=file:///mnt/d/APIC/FIR_Openlane/Highpass/runs/RUN_2024-06-17_13-26-48/14-odb-setpowerconnections/odb-setpowerconnections.log]./runs/RUN_2024-06-17_13-26-48/14-odb-setpowerconnections/odb-setpowerconnections.log[/link])
Running 'Odb.ManualMacroPlacement'… (Log: [link=file:///mnt/d/APIC/FIR_Openlane/Highpass/runs/RUN_2024-06-17_13-26-48/15-odb-manualmacroplacement/odb-manualmacroplacement.log]./runs/RUN_2024-06-17_13-26-48/15-odb-manualmacroplacement/odb-manualmacroplacement.log[/link])
No instances found, skipping 'Odb.ManualMacroPlacement'…
Running 'OpenROAD.CutRows'… (Log: [link=file:///mnt/d/APIC/FIR_Openlane/Highpass/runs/RUN_2024-06-17_13-26-48/16-openroad-cutrows/openroad-cutrows.log]./runs/RUN_2024-06-17_13-26-48/16-openroad-cutrows/openroad-cutrows.log[/link])
Running 'OpenROAD.TapEndcapInsertion'… (Log: [link=file:///mnt/d/APIC/FIR_Openlane/Highpass/runs/RUN_2024-06-17_13-26-48/17-openroad-tapendcapinsertion/openroad-tapendcapinsertion.log]./runs/RUN_2024-06-17_13-26-48/17-openroad-tapendcapinsertion/openroad-tapendcapinsertion.log[/link])
Running 'Odb.AddPDNObstructions'… (Log: [link=file:///mnt/d/APIC/FIR_Openlane/Highpass/runs/RUN_2024-06-17_13-26-48/18-odb-addpdnobstructions/odb-addpdnobstructions.log]./runs/RUN_2024-06-17_13-26-48/18-odb-addpdnobstructions/odb-addpdnobstructions.log[/link])
'PDN_OBSTRUCTIONS' is not defined. Skipping 'Odb.AddPDNObstructions'…
Running 'OpenROAD.GeneratePDN'… (Log: [link=file:///mnt/d/APIC/FIR_Openlane/Highpass/runs/RUN_2024-06-17_13-26-48/19-openroad-generatepdn/openroad-generatepdn.log]./runs/RUN_2024-06-17_13-26-48/19-openroad-generatepdn/openroad-generatepdn.log[/link])
'FP_PDN_CFG' not explicitly set, setting it to /nix/store/ly0xjc8f0gmgmckxcrs0bw8vqc9gf9bk-python3-3.11.6-env/lib/python3.11/site-packages/openlane/scripts/openroad/common/pdn_cfg.tcl…
Running 'Odb.RemovePDNObstructions'… (Log: [link=file:///mnt/d/APIC/FIR_Openlane/Highpass/runs/RUN_2024-06-17_13-26-48/20-odb-removepdnobstructions/odb-removepdnobstructions.log]./runs/RUN_2024-06-17_13-26-48/20-odb-removepdnobstructions/odb-removepdnobstructions.log[/link])
'PDN_OBSTRUCTIONS' is not defined. Skipping 'Odb.RemovePDNObstructions'…
Running 'Odb.AddRoutingObstructions'… (Log: [link=file:///mnt/d/APIC/FIR_Openlane/Highpass/runs/RUN_2024-06-17_13-26-48/21-odb-addroutingobstructions/odb-addroutingobstructions.log]./runs/RUN_2024-06-17_13-26-48/21-odb-addroutingobstructions/odb-addroutingobstructions.log[/link])
'ROUTING_OBSTRUCTIONS' is not defined. Skipping 'Odb.AddRoutingObstructions'…
Running 'OpenROAD.GlobalPlacementSkipIO'… (Log: [link=file:///mnt/d/APIC/FIR_Openlane/Highpass/runs/RUN_2024-06-17_13-26-48/22-openroad-globalplacementskipio/openroad-globalplacementskipio.log]./runs/RUN_2024-06-17_13-26-48/22-openroad-globalplacementskipio/openroad-globalplacementskipio.log[/link])
'PL_TARGET_DENSITY_PCT' not explicitly set, using dynamically calculated target density: 100…
Running 'OpenROAD.IOPlacement'… (Log: [link=file:///mnt/d/APIC/FIR_Openlane/Highpass/runs/RUN_2024-06-17_13-26-48/23-openroad-ioplacement/openroad-ioplacement.log]./runs/RUN_2024-06-17_13-26-48/23-openroad-ioplacement/openroad-ioplacement.log[/link])
FP_PIN_ORDER_CFG is set. Skipping 'OpenROAD.IOPlacement'…
Running 'Odb.CustomIOPlacement'… (Log: [link=file:///mnt/d/APIC/FIR_Openlane/Highpass/runs/RUN_2024-06-17_13-26-48/24-odb-customioplacement/odb-customioplacement.log]./runs/RUN_2024-06-17_13-26-48/24-odb-customioplacement/odb-customioplacement.log[/link])
Running 'Odb.ApplyDEFTemplate'… (Log: [link=file:///mnt/d/APIC/FIR_Openlane/Highpass/runs/RUN_2024-06-17_13-26-48/25-odb-applydeftemplate/odb-applydeftemplate.log]./runs/RUN_2024-06-17_13-26-48/25-odb-applydeftemplate/odb-applydeftemplate.log[/link])
No DEF template provided, skipping…
Running 'OpenROAD.GlobalPlacement'… (Log: [link=file:///mnt/d/APIC/FIR_Openlane/Highpass/runs/RUN_2024-06-17_13-26-48/26-openroad-globalplacement/openroad-globalplacement.log]./runs/RUN_2024-06-17_13-26-48/26-openroad-globalplacement/openroad-globalplacement.log[/link])
'PL_TARGET_DENSITY_PCT' not explicitly set, using dynamically calculated target density: 100…
Running 'Odb.WriteVerilogHeader'… (Log: [link=file:///mnt/d/APIC/FIR_Openlane/Highpass/runs/RUN_2024-06-17_13-26-48/27-odb-writeverilogheader/odb-writeverilogheader.log]./runs/RUN_2024-06-17_13-26-48/27-odb-writeverilogheader/odb-writeverilogheader.log[/link])
Running 'Checker.PowerGridViolations'… (Log: [link=file:///mnt/d/APIC/FIR_Openlane/Highpass/runs/RUN_2024-06-17_13-26-48/28-checker-powergridviolations/checker-powergridviolations.log]./runs/RUN_2024-06-17_13-26-48/28-checker-powergridviolations/checker-powergridviolations.log[/link])
Check for power grid violations (as reported by OpenROAD PSM- you may ignore these if LVS passes) clear.
Running 'OpenROAD.STAMidPNR'… (Log: [link=file:///mnt/d/APIC/FIR_Openlane/Highpass/runs/RUN_2024-06-17_13-26-48/29-openroad-stamidpnr/openroad-stamidpnr.log]./runs/RUN_2024-06-17_13-26-48/29-openroad-stamidpnr/openroad-stamidpnr.log[/link])
Running 'OpenROAD.RepairDesignPostGPL'… (Log: [link=file:///mnt/d/APIC/FIR_Openlane/Highpass/runs/RUN_2024-06-17_13-26-48/30-openroad-repairdesignpostgpl/openroad-repairdesignpostgpl.log]./runs/RUN_2024-06-17_13-26-48/30-openroad-repairdesignpostgpl/openroad-repairdesignpostgpl.log[/link])
Running 'OpenROAD.DetailedPlacement'… (Log: [link=file:///mnt/d/APIC/FIR_Openlane/Highpass/runs/RUN_2024-06-17_13-26-48/31-openroad-detailedplacement/openroad-detailedplacement.log]./runs/RUN_2024-06-17_13-26-48/31-openroad-detailedplacement/openroad-detailedplacement.log[/link])
Running 'OpenROAD.CTS'… (Log: [link=file:///mnt/d/APIC/FIR_Openlane/Highpass/runs/RUN_2024-06-17_13-26-48/32-openroad-cts/openroad-cts.log]./runs/RUN_2024-06-17_13-26-48/32-openroad-cts/openroad-cts.log[/link])
Running 'OpenROAD.STAMidPNR-1'… (Log: [link=file:///mnt/d/APIC/FIR_Openlane/Highpass/runs/RUN_2024-06-17_13-26-48/33-openroad-stamidpnr-1/openroad-stamidpnr-1.log]./runs/RUN_2024-06-17_13-26-48/33-openroad-stamidpnr-1/openroad-stamidpnr-1.log[/link])
Running 'OpenROAD.ResizerTimingPostCTS'… (Log: [link=file:///mnt/d/APIC/FIR_Openlane/Highpass/runs/RUN_2024-06-17_13-26-48/34-openroad-resizertimingpostcts/openroad-resizertimingpostcts.log]./runs/RUN_2024-06-17_13-26-48/34-openroad-resizertimingpostcts/openroad-resizertimingpostcts.log[/link])
Running 'OpenROAD.STAMidPNR-2'… (Log: [link=file:///mnt/d/APIC/FIR_Openlane/Highpass/runs/RUN_2024-06-17_13-26-48/35-openroad-stamidpnr-2/openroad-stamidpnr-2.log]./runs/RUN_2024-06-17_13-26-48/35-openroad-stamidpnr-2/openroad-stamidpnr-2.log[/link])
Running 'OpenROAD.GlobalRouting'… (Log: [link=file:///mnt/d/APIC/FIR_Openlane/Highpass/runs/RUN_2024-06-17_13-26-48/36-openroad-globalrouting/openroad-globalrouting.log]./runs/RUN_2024-06-17_13-26-48/36-openroad-globalrouting/openroad-globalrouting.log[/link])
Running 'OpenROAD.CheckAntennas'… (Log: [link=file:///mnt/d/APIC/FIR_Openlane/Highpass/runs/RUN_2024-06-17_13-26-48/37-openroad-checkantennas/openroad-checkantennas.log]./runs/RUN_2024-06-17_13-26-48/37-openroad-checkantennas/openroad-checkantennas.log[/link])
Gating variable for step 'OpenROAD.RepairDesignPostGRT' set to 'False'- the step will be skipped.
Skipping step 'Repair Design (Post-Global Routing)'…
Running 'Odb.DiodesOnPorts'… (Log: [link=file:///mnt/d/APIC/FIR_Openlane/Highpass/runs/RUN_2024-06-17_13-26-48/38-odb-diodesonports/odb-diodesonports.log]./runs/RUN_2024-06-17_13-26-48/38-odb-diodesonports/odb-diodesonports.log[/link])
'DIODE_ON_PORTS' is set to 'none': skipping…
Running 'Odb.HeuristicDiodeInsertion'… (Log: [link=file:///mnt/d/APIC/FIR_Openlane/Highpass/runs/RUN_2024-06-17_13-26-48/39-odb-heuristicdiodeinsertion/odb-heuristicdiodeinsertion.log]./runs/RUN_2024-06-17_13-26-48/39-odb-heuristicdiodeinsertion/odb-heuristicdiodeinsertion.log[/link])
Running 'Odb.FuzzyDiodePlacement'… (Log: [link=file:///mnt/d/APIC/FIR_Openlane/Highpass/runs/RUN_2024-06-17_13-26-48/39-odb-heuristicdiodeinsertion/1-odb-fuzzydiodeplacement/odb-fuzzydiodeplacement.log]./runs/RUN_2024-06-17_13-26-48/39-odb-heuristicdiodeinsertion/1-odb-fuzzydiodeplacement/odb-fuzzydiodeplacement.log[/link])
'GPL_CELL_PADDING' is set to 0. This step may cause overlap failures.
Running 'OpenROAD.DetailedPlacement'… (Log: [link=file:///mnt/d/APIC/FIR_Openlane/Highpass/runs/RUN_2024-06-17_13-26-48/39-odb-heuristicdiodeinsertion/2-openroad-detailedplacement/openroad-detailedplacement.log]./runs/RUN_2024-06-17_13-26-48/39-odb-heuristicdiodeinsertion/2-openroad-detailedplacement/openroad-detailedplacement.log[/link])
Running 'OpenROAD.GlobalRouting'… (Log: [link=file:///mnt/d/APIC/FIR_Openlane/Highpass/runs/RUN_2024-06-17_13-26-48/39-odb-heuristicdiodeinsertion/3-openroad-globalrouting/openroad-globalrouting.log]./runs/RUN_2024-06-17_13-26-48/39-odb-heuristicdiodeinsertion/3-openroad-globalrouting/openroad-globalrouting.log[/link])
Running 'OpenROAD.RepairAntennas'… (Log: [link=file:///mnt/d/APIC/FIR_Openlane/Highpass/runs/RUN_2024-06-17_13-26-48/40-openroad-repairantennas/openroad-repairantennas.log]./runs/RUN_2024-06-17_13-26-48/40-openroad-repairantennas/openroad-repairantennas.log[/link])
Running 'DiodeInsertion'… (Log: [link=file:///mnt/d/APIC/FIR_Openlane/Highpass/runs/RUN_2024-06-17_13-26-48/40-openroad-repairantennas/1-diodeinsertion/diodeinsertion.log]./runs/RUN_2024-06-17_13-26-48/40-openroad-repairantennas/1-diodeinsertion/diodeinsertion.log[/link])
Running 'OpenROAD.CheckAntennas'… (Log: [link=file:///mnt/d/APIC/FIR_Openlane/Highpass/runs/RUN_2024-06-17_13-26-48/40-openroad-repairantennas/2-openroad-checkantennas/openroad-checkantennas.log]./runs/RUN_2024-06-17_13-26-48/40-openroad-repairantennas/2-openroad-checkantennas/openroad-checkantennas.log[/link])
Gating variable for step 'OpenROAD.ResizerTimingPostGRT' set to 'False'- the step will be skipped.
Skipping step 'Resizer Timing Optimizations (Post-Global Routing)'…
Running 'OpenROAD.STAMidPNR-3'… (Log: [link=file:///mnt/d/APIC/FIR_Openlane/Highpass/runs/RUN_2024-06-17_13-26-48/41-openroad-stamidpnr-3/openroad-stamidpnr-3.log]./runs/RUN_2024-06-17_13-26-48/41-openroad-stamidpnr-3/openroad-stamidpnr-3.log[/link])
Running 'OpenROAD.DetailedRouting'… (Log: [link=file:///mnt/d/APIC/FIR_Openlane/Highpass/runs/RUN_2024-06-17_13-26-48/42-openroad-detailedrouting/openroad-detailedrouting.log]./runs/RUN_2024-06-17_13-26-48/42-openroad-detailedrouting/openroad-detailedrouting.log[/link])
Running TritonRoute with 12 threads…
