48. Printing statistics.

=== lowpass ===

   Number of wires:              23653
   Number of wire bits:          23910
   Number of public wires:           4
   Number of public wire bits:     261
   Number of memories:               0
   Number of memory bits:            0
   Number of processes:              0
   Number of cells:              23665
     $_ANDNOT_                    7231
     $_AND_                        406
     $_MUX_                        210
     $_NAND_                       232
     $_NOR_                       1683
     $_NOT_                       1127
     $_ORNOT_                      850
     $_OR_                        2503
     $_SDFF_PP0_                    16
     $_XNOR_                      3163
     $_XOR_                       6244

   Area for cell type $_NOT_ is unknown!
   Area for cell type $_AND_ is unknown!
   Area for cell type $_NAND_ is unknown!
   Area for cell type $_OR_ is unknown!
   Area for cell type $_NOR_ is unknown!
   Area for cell type $_XOR_ is unknown!
   Area for cell type $_XNOR_ is unknown!
   Area for cell type $_ANDNOT_ is unknown!
   Area for cell type $_ORNOT_ is unknown!
   Area for cell type $_MUX_ is unknown!
   Area for cell type $_SDFF_PP0_ is unknown!

