
===========================================================================
report_checks -unconstrained
===========================================================================
======================= min_tt_025C_1v80 Corner ===================================

Startpoint: input_data[0] (input port clocked by clk)
Endpoint: _22395_ (rising edge-triggered flip-flop clocked by clk)
Path Group: clk
Path Type: max

Fanout         Cap        Slew       Delay        Time   Description
---------------------------------------------------------------------------------------------
                                  0.000000    0.000000   clock clk (rise edge)
                                  0.000000    0.000000   clock network delay (propagated)
                                  5.000000    5.000000 ^ input external delay
     3    0.037002    0.171746    0.119238    5.119237 ^ input_data[0] (in)
                                                         input_data[0] (net)
                      0.171778    0.000000    5.119237 ^ input1/A (sky130_fd_sc_hd__clkbuf_4)
    10    0.085839    0.257283    0.332834    5.452072 ^ input1/X (sky130_fd_sc_hd__clkbuf_4)
                                                         net1 (net)
                      0.257306    0.002049    5.454121 ^ fanout555/A (sky130_fd_sc_hd__buf_4)
    20    0.107120    0.295015    0.351901    5.806022 ^ fanout555/X (sky130_fd_sc_hd__buf_4)
                                                         net555 (net)
                      0.295016    0.000298    5.806320 ^ fanout554/A (sky130_fd_sc_hd__buf_4)
    10    0.067915    0.191040    0.289512    6.095831 ^ fanout554/X (sky130_fd_sc_hd__buf_4)
                                                         net554 (net)
                      0.191040    0.000127    6.095959 ^ fanout553/A (sky130_fd_sc_hd__buf_2)
    14    0.058905    0.286419    0.325371    6.421330 ^ fanout553/X (sky130_fd_sc_hd__buf_2)
                                                         net553 (net)
                      0.286437    0.001932    6.423263 ^ fanout551/A (sky130_fd_sc_hd__clkbuf_4)
    10    0.049376    0.155459    0.299826    6.723088 ^ fanout551/X (sky130_fd_sc_hd__clkbuf_4)
                                                         net551 (net)
                      0.155464    0.000744    6.723832 ^ _13151_/A (sky130_fd_sc_hd__and2_1)
     4    0.016526    0.169642    0.236992    6.960824 ^ _13151_/X (sky130_fd_sc_hd__and2_1)
                                                         _02631_ (net)
                      0.169642    0.000097    6.960921 ^ _13344_/A1 (sky130_fd_sc_hd__o211a_1)
     3    0.010740    0.101915    0.225713    7.186634 ^ _13344_/X (sky130_fd_sc_hd__o211a_1)
                                                         _02825_ (net)
                      0.101916    0.000113    7.186748 ^ _13347_/A_N (sky130_fd_sc_hd__and4bb_1)
     3    0.007111    0.059126    0.211435    7.398183 v _13347_/X (sky130_fd_sc_hd__and4bb_1)
                                                         _02829_ (net)
                      0.059126    0.000059    7.398242 v _13352_/A (sky130_fd_sc_hd__or3_1)
     2    0.003833    0.071475    0.375481    7.773722 v _13352_/X (sky130_fd_sc_hd__or3_1)
                                                         _02834_ (net)
                      0.071475    0.000030    7.773753 v _13353_/B (sky130_fd_sc_hd__and2b_1)
     2    0.011108    0.067938    0.199877    7.973630 v _13353_/X (sky130_fd_sc_hd__and2b_1)
                                                         _02835_ (net)
                      0.067939    0.000123    7.973752 v _13368_/A (sky130_fd_sc_hd__xor2_2)
     2    0.011628    0.105226    0.196395    8.170148 v _13368_/X (sky130_fd_sc_hd__xor2_2)
                                                         _02852_ (net)
                      0.105226    0.000061    8.170209 v _13377_/A (sky130_fd_sc_hd__xor2_2)
     2    0.011782    0.081419    0.211251    8.381459 v _13377_/X (sky130_fd_sc_hd__xor2_2)
                                                         _02862_ (net)
                      0.081420    0.000123    8.381583 v _13379_/B (sky130_fd_sc_hd__xnor2_2)
     2    0.015406    0.237280    0.227993    8.609575 ^ _13379_/Y (sky130_fd_sc_hd__xnor2_2)
                                                         _02864_ (net)
                      0.237280    0.000086    8.609662 ^ _13387_/A (sky130_fd_sc_hd__xnor2_1)
     2    0.006765    0.198870    0.177756    8.787418 ^ _13387_/Y (sky130_fd_sc_hd__xnor2_1)
                                                         _02873_ (net)
                      0.198870    0.000034    8.787452 ^ _13404_/B1 (sky130_fd_sc_hd__a21o_1)
     2    0.019509    0.173457    0.207511    8.994964 ^ _13404_/X (sky130_fd_sc_hd__a21o_1)
                                                         _02891_ (net)
                      0.173457    0.000138    8.995101 ^ _13405_/B1 (sky130_fd_sc_hd__o21ai_4)
     2    0.021409    0.080890    0.110153    9.105254 v _13405_/Y (sky130_fd_sc_hd__o21ai_4)
                                                         _02892_ (net)
                      0.080892    0.000294    9.105548 v _17079_/A1 (sky130_fd_sc_hd__a21o_1)
     1    0.002781    0.032857    0.164209    9.269756 v _17079_/X (sky130_fd_sc_hd__a21o_1)
                                                         _06933_ (net)
                      0.032857    0.000026    9.269782 v _17080_/A2 (sky130_fd_sc_hd__a21oi_1)
     2    0.006843    0.178405    0.187601    9.457383 ^ _17080_/Y (sky130_fd_sc_hd__a21oi_1)
                                                         _06934_ (net)
                      0.178405    0.000130    9.457513 ^ _17081_/B (sky130_fd_sc_hd__or2_1)
     3    0.013749    0.136162    0.195149    9.652662 ^ _17081_/X (sky130_fd_sc_hd__or2_1)
                                                         _06935_ (net)
                      0.136162    0.000160    9.652822 ^ _17083_/A (sky130_fd_sc_hd__nand2_2)
     8    0.041791    0.169691    0.175765    9.828588 v _17083_/Y (sky130_fd_sc_hd__nand2_2)
                                                         _06937_ (net)
                      0.169787    0.003350    9.831938 v _17093_/A (sky130_fd_sc_hd__xnor2_1)
     2    0.004287    0.068555    0.183236   10.015173 v _17093_/Y (sky130_fd_sc_hd__xnor2_1)
                                                         _06948_ (net)
                      0.068555    0.000014   10.015187 v _17094_/B (sky130_fd_sc_hd__or2_2)
     3    0.017073    0.091279    0.332188   10.347375 v _17094_/X (sky130_fd_sc_hd__or2_2)
                                                         _06949_ (net)
                      0.091279    0.000051   10.347425 v _17097_/A1 (sky130_fd_sc_hd__a211oi_1)
     1    0.016577    0.564433    0.501954   10.849380 ^ _17097_/Y (sky130_fd_sc_hd__a211oi_1)
                                                         _06953_ (net)
                      0.564434    0.000676   10.850056 ^ wire240/A (sky130_fd_sc_hd__buf_2)
     4    0.059614    0.290414    0.396755   11.246810 ^ wire240/X (sky130_fd_sc_hd__buf_2)
                                                         net240 (net)
                      0.290453    0.002824   11.249635 ^ _17098_/C (sky130_fd_sc_hd__nor3_1)
     3    0.008636    0.093733    0.122522   11.372156 v _17098_/Y (sky130_fd_sc_hd__nor3_1)
                                                         _06954_ (net)
                      0.093733    0.000053   11.372210 v _17100_/B1 (sky130_fd_sc_hd__a211o_1)
     3    0.009893    0.079732    0.321080   11.693290 v _17100_/X (sky130_fd_sc_hd__a211o_1)
                                                         _06956_ (net)
                      0.079732    0.000165   11.693455 v _17103_/B1 (sky130_fd_sc_hd__a22o_1)
     2    0.005639    0.053022    0.202276   11.895731 v _17103_/X (sky130_fd_sc_hd__a22o_1)
                                                         _06959_ (net)
                      0.053022    0.000037   11.895768 v _17105_/A2 (sky130_fd_sc_hd__a211oi_1)
     2    0.007110    0.297740    0.318584   12.214353 ^ _17105_/Y (sky130_fd_sc_hd__a211oi_1)
                                                         _06961_ (net)
                      0.297740    0.000106   12.214458 ^ _17106_/C (sky130_fd_sc_hd__nor3_1)
     3    0.010655    0.102672    0.136856   12.351315 v _17106_/Y (sky130_fd_sc_hd__nor3_1)
                                                         _06962_ (net)
                      0.102672    0.000120   12.351434 v _17108_/B1 (sky130_fd_sc_hd__a211o_1)
     3    0.012316    0.089702    0.334926   12.686359 v _17108_/X (sky130_fd_sc_hd__a211o_1)
                                                         _06965_ (net)
                      0.089702    0.000185   12.686544 v _17111_/A1 (sky130_fd_sc_hd__a211o_1)
     3    0.011400    0.085478    0.314313   13.000857 v _17111_/X (sky130_fd_sc_hd__a211o_1)
                                                         _06968_ (net)
                      0.085478    0.000146   13.001003 v _17113_/B (sky130_fd_sc_hd__and3_1)
     2    0.006691    0.053640    0.196162   13.197165 v _17113_/X (sky130_fd_sc_hd__and3_1)
                                                         _06970_ (net)
                      0.053640    0.000093   13.197259 v _17116_/B1 (sky130_fd_sc_hd__a211o_2)
     6    0.055789    0.162051    0.444383   13.641642 v _17116_/X (sky130_fd_sc_hd__a211o_2)
                                                         _06973_ (net)
                      0.162051    0.000123   13.641765 v _18257_/A2 (sky130_fd_sc_hd__a21o_1)
     3    0.011498    0.068623    0.255188   13.896953 v _18257_/X (sky130_fd_sc_hd__a21o_1)
                                                         _08228_ (net)
                      0.068623    0.000069   13.897021 v _19506_/A2 (sky130_fd_sc_hd__a21oi_1)
     3    0.011256    0.262214    0.264757   14.161778 ^ _19506_/Y (sky130_fd_sc_hd__a21oi_1)
                                                         _09600_ (net)
                      0.262214    0.000207   14.161985 ^ _21134_/A2 (sky130_fd_sc_hd__o21ai_1)
     3    0.010733    0.123159    0.150116   14.312102 v _21134_/Y (sky130_fd_sc_hd__o21ai_1)
                                                         _00211_ (net)
                      0.123159    0.000113   14.312215 v _21911_/B (sky130_fd_sc_hd__and3_1)
     1    0.002456    0.035060    0.190984   14.503199 v _21911_/X (sky130_fd_sc_hd__and3_1)
                                                         _01065_ (net)
                      0.035060    0.000015   14.503214 v _21913_/B (sky130_fd_sc_hd__or3_2)
     2    0.076299    0.254818    0.667561   15.170775 v _21913_/X (sky130_fd_sc_hd__or3_2)
                                                         _01067_ (net)
                      0.254914    0.004114   15.174890 v _21914_/A3 (sky130_fd_sc_hd__a31o_1)
     1    0.006118    0.051635    0.311241   15.486130 v _21914_/X (sky130_fd_sc_hd__a31o_1)
                                                         _01068_ (net)
                      0.051635    0.000123   15.486253 v _22033_/A2 (sky130_fd_sc_hd__o21a_1)
     2    0.022758    0.124294    0.250438   15.736691 v _22033_/X (sky130_fd_sc_hd__o21a_1)
                                                         _01199_ (net)
                      0.124297    0.000551   15.737242 v _22196_/A1 (sky130_fd_sc_hd__o22a_1)
     1    0.003703    0.047190    0.238789   15.976029 v _22196_/X (sky130_fd_sc_hd__o22a_1)
                                                         _01378_ (net)
                      0.047190    0.000048   15.976078 v _22243_/A2 (sky130_fd_sc_hd__o21ba_1)
     1    0.003049    0.036539    0.164762   16.140841 v _22243_/X (sky130_fd_sc_hd__o21ba_1)
                                                         _01430_ (net)
                      0.036539    0.000032   16.140873 v _22245_/B1 (sky130_fd_sc_hd__o32a_1)
     1    0.002919    0.052439    0.163265   16.304136 v _22245_/X (sky130_fd_sc_hd__o32a_1)
                                                         _00005_ (net)
                      0.052439    0.000034   16.304171 v _22395_/D (sky130_fd_sc_hd__dfxtp_2)
                                             16.304171   data arrival time

                                 25.000000   25.000000   clock clk (rise edge)
                                  0.000000   25.000000   clock source latency
     2    0.088942    0.402596    0.291392   25.291391 ^ clk (in)
                                                         clk (net)
                      0.406013    0.000000   25.291391 ^ clkbuf_0_clk/A (sky130_fd_sc_hd__clkbuf_16)
     2    0.020903    0.050016    0.224729   25.516119 ^ clkbuf_0_clk/X (sky130_fd_sc_hd__clkbuf_16)
                                                         clknet_0_clk (net)
                      0.050017    0.000307   25.516426 ^ clkbuf_1_0__f_clk/A (sky130_fd_sc_hd__clkbuf_16)
     9    0.029871    0.050908    0.136097   25.652525 ^ clkbuf_1_0__f_clk/X (sky130_fd_sc_hd__clkbuf_16)
                                                         clknet_1_0__leaf_clk (net)
                      0.050909    0.000485   25.653009 ^ _22395_/CLK (sky130_fd_sc_hd__dfxtp_2)
                                 -0.250000   25.403009   clock uncertainty
                                  0.000000   25.403009   clock reconvergence pessimism
                                 -0.114750   25.288260   library setup time
                                             25.288260   data required time
---------------------------------------------------------------------------------------------
                                             25.288260   data required time
                                            -16.304171   data arrival time
---------------------------------------------------------------------------------------------
                                              8.984088   slack (MET)




===========================================================================
report_checks --slack_max -0.01
============================================================================
======================= min_tt_025C_1v80 Corner ===================================

No paths found.


===========================================================================
 report_check_types -max_slew -max_cap -max_fanout -violators
============================================================================
======================= min_tt_025C_1v80 Corner ===================================

max slew

Pin                                        Limit        Slew       Slack
------------------------------------------------------------------------
ANTENNA__19491__A1/DIODE                0.750000    0.809413   -0.059413 (VIOLATED)
_19491_/A1                              0.750000    0.809413   -0.059413 (VIOLATED)
ANTENNA__18239__A/DIODE                 0.750000    0.809412   -0.059412 (VIOLATED)
_18239_/A                               0.750000    0.809412   -0.059412 (VIOLATED)
_18237_/X                               0.750000    0.809332   -0.059332 (VIOLATED)

max fanout

Pin                                   Limit Fanout  Slack
---------------------------------------------------------
input139/X                               10     39    -29 (VIOLATED)
fanout542/X                              10     21    -11 (VIOLATED)
_11446_/Y                                10     20    -10 (VIOLATED)
_11543_/Y                                10     20    -10 (VIOLATED)
_11758_/Y                                10     20    -10 (VIOLATED)
_12250_/X                                10     20    -10 (VIOLATED)
_13155_/Y                                10     20    -10 (VIOLATED)
_14753_/Y                                10     20    -10 (VIOLATED)
_15566_/Y                                10     20    -10 (VIOLATED)
_16075_/Y                                10     20    -10 (VIOLATED)
_16517_/Y                                10     20    -10 (VIOLATED)
fanout244/X                              10     20    -10 (VIOLATED)
fanout245/X                              10     20    -10 (VIOLATED)
fanout246/X                              10     20    -10 (VIOLATED)
fanout248/X                              10     20    -10 (VIOLATED)
fanout249/X                              10     20    -10 (VIOLATED)
fanout253/X                              10     20    -10 (VIOLATED)
fanout255/X                              10     20    -10 (VIOLATED)
fanout257/X                              10     20    -10 (VIOLATED)
fanout259/X                              10     20    -10 (VIOLATED)
fanout260/X                              10     20    -10 (VIOLATED)
fanout263/X                              10     20    -10 (VIOLATED)
fanout265/X                              10     20    -10 (VIOLATED)
fanout267/X                              10     20    -10 (VIOLATED)
fanout271/X                              10     20    -10 (VIOLATED)
fanout277/X                              10     20    -10 (VIOLATED)
fanout278/X                              10     20    -10 (VIOLATED)
fanout279/X                              10     20    -10 (VIOLATED)
fanout280/X                              10     20    -10 (VIOLATED)
fanout281/X                              10     20    -10 (VIOLATED)
fanout283/X                              10     20    -10 (VIOLATED)
fanout284/X                              10     20    -10 (VIOLATED)
fanout286/X                              10     20    -10 (VIOLATED)
fanout287/X                              10     20    -10 (VIOLATED)
fanout288/X                              10     20    -10 (VIOLATED)
fanout291/X                              10     20    -10 (VIOLATED)
fanout295/X                              10     20    -10 (VIOLATED)
fanout296/X                              10     20    -10 (VIOLATED)
fanout297/X                              10     20    -10 (VIOLATED)
fanout298/X                              10     20    -10 (VIOLATED)
fanout300/X                              10     20    -10 (VIOLATED)
fanout306/X                              10     20    -10 (VIOLATED)
fanout308/X                              10     20    -10 (VIOLATED)
fanout309/X                              10     20    -10 (VIOLATED)
fanout310/X                              10     20    -10 (VIOLATED)
fanout312/X                              10     20    -10 (VIOLATED)
fanout313/X                              10     20    -10 (VIOLATED)
fanout322/X                              10     20    -10 (VIOLATED)
fanout326/X                              10     20    -10 (VIOLATED)
fanout328/X                              10     20    -10 (VIOLATED)
fanout329/X                              10     20    -10 (VIOLATED)
fanout330/X                              10     20    -10 (VIOLATED)
fanout331/X                              10     20    -10 (VIOLATED)
fanout345/X                              10     20    -10 (VIOLATED)
fanout351/X                              10     20    -10 (VIOLATED)
fanout354/X                              10     20    -10 (VIOLATED)
fanout355/X                              10     20    -10 (VIOLATED)
fanout372/X                              10     20    -10 (VIOLATED)
fanout375/X                              10     20    -10 (VIOLATED)
fanout376/X                              10     20    -10 (VIOLATED)
fanout384/X                              10     20    -10 (VIOLATED)
fanout389/X                              10     20    -10 (VIOLATED)
fanout427/X                              10     20    -10 (VIOLATED)
fanout428/X                              10     20    -10 (VIOLATED)
fanout430/X                              10     20    -10 (VIOLATED)
fanout440/X                              10     20    -10 (VIOLATED)
fanout451/X                              10     20    -10 (VIOLATED)
fanout463/X                              10     20    -10 (VIOLATED)
fanout478/X                              10     20    -10 (VIOLATED)
fanout487/X                              10     20    -10 (VIOLATED)
fanout488/X                              10     20    -10 (VIOLATED)
fanout490/X                              10     20    -10 (VIOLATED)
fanout496/X                              10     20    -10 (VIOLATED)
fanout499/X                              10     20    -10 (VIOLATED)
fanout500/X                              10     20    -10 (VIOLATED)
fanout501/X                              10     20    -10 (VIOLATED)
fanout504/X                              10     20    -10 (VIOLATED)
fanout517/X                              10     20    -10 (VIOLATED)
fanout518/X                              10     20    -10 (VIOLATED)
fanout528/X                              10     20    -10 (VIOLATED)
fanout531/X                              10     20    -10 (VIOLATED)
fanout533/X                              10     20    -10 (VIOLATED)
fanout534/X                              10     20    -10 (VIOLATED)
fanout535/X                              10     20    -10 (VIOLATED)
fanout540/X                              10     20    -10 (VIOLATED)
fanout541/X                              10     20    -10 (VIOLATED)
fanout546/X                              10     20    -10 (VIOLATED)
fanout550/X                              10     20    -10 (VIOLATED)
fanout555/X                              10     20    -10 (VIOLATED)
input174/X                               10     20    -10 (VIOLATED)
input27/X                                10     20    -10 (VIOLATED)
input40/X                                10     20    -10 (VIOLATED)
input67/X                                10     20    -10 (VIOLATED)
input69/X                                10     20    -10 (VIOLATED)
input70/X                                10     20    -10 (VIOLATED)
input95/X                                10     20    -10 (VIOLATED)
_11241_/Y                                10     18     -8 (VIOLATED)
_11299_/Y                                10     18     -8 (VIOLATED)
_11449_/Y                                10     18     -8 (VIOLATED)
_11450_/X                                10     18     -8 (VIOLATED)
_11544_/X                                10     18     -8 (VIOLATED)
_11656_/X                                10     18     -8 (VIOLATED)
_12083_/Y                                10     18     -8 (VIOLATED)
_12314_/X                                10     18     -8 (VIOLATED)
_13074_/X                                10     18     -8 (VIOLATED)
_13655_/Y                                10     18     -8 (VIOLATED)
_13713_/Y                                10     18     -8 (VIOLATED)
_15567_/Y                                10     18     -8 (VIOLATED)
fanout318/X                              10     18     -8 (VIOLATED)
fanout320/X                              10     18     -8 (VIOLATED)
fanout325/X                              10     18     -8 (VIOLATED)
fanout336/X                              10     18     -8 (VIOLATED)
fanout380/X                              10     18     -8 (VIOLATED)
fanout387/X                              10     18     -8 (VIOLATED)
fanout404/X                              10     18     -8 (VIOLATED)
fanout414/X                              10     18     -8 (VIOLATED)
fanout435/X                              10     18     -8 (VIOLATED)
fanout445/X                              10     18     -8 (VIOLATED)
fanout453/X                              10     18     -8 (VIOLATED)
fanout455/X                              10     18     -8 (VIOLATED)
fanout498/X                              10     18     -8 (VIOLATED)
fanout503/X                              10     18     -8 (VIOLATED)
fanout522/X                              10     18     -8 (VIOLATED)
fanout532/X                              10     18     -8 (VIOLATED)
fanout544/X                              10     18     -8 (VIOLATED)
fanout547/X                              10     18     -8 (VIOLATED)
input221/X                               10     18     -8 (VIOLATED)
input26/X                                10     18     -8 (VIOLATED)
input33/X                                10     18     -8 (VIOLATED)
input43/X                                10     18     -8 (VIOLATED)
input62/X                                10     18     -8 (VIOLATED)
input68/X                                10     18     -8 (VIOLATED)
input79/X                                10     18     -8 (VIOLATED)
input86/X                                10     18     -8 (VIOLATED)
input87/X                                10     18     -8 (VIOLATED)
input89/X                                10     18     -8 (VIOLATED)
input94/X                                10     18     -8 (VIOLATED)
_11197_/Y                                10     16     -6 (VIOLATED)
_11203_/Y                                10     16     -6 (VIOLATED)
_11204_/Y                                10     16     -6 (VIOLATED)
_11207_/Y                                10     16     -6 (VIOLATED)
_11250_/Y                                10     16     -6 (VIOLATED)
_11444_/X                                10     16     -6 (VIOLATED)
_11828_/X                                10     16     -6 (VIOLATED)
_12092_/X                                10     16     -6 (VIOLATED)
_12421_/Y                                10     16     -6 (VIOLATED)
_12650_/Y                                10     16     -6 (VIOLATED)
_13709_/X                                10     16     -6 (VIOLATED)
_15196_/Y                                10     16     -6 (VIOLATED)
_15609_/Y                                10     16     -6 (VIOLATED)
_16518_/Y                                10     16     -6 (VIOLATED)
fanout294/X                              10     16     -6 (VIOLATED)
fanout342/X                              10     16     -6 (VIOLATED)
fanout344/X                              10     16     -6 (VIOLATED)
fanout370/X                              10     16     -6 (VIOLATED)
fanout398/X                              10     16     -6 (VIOLATED)
fanout401/X                              10     16     -6 (VIOLATED)
fanout407/X                              10     16     -6 (VIOLATED)
fanout410/X                              10     16     -6 (VIOLATED)
fanout433/X                              10     16     -6 (VIOLATED)
fanout477/X                              10     16     -6 (VIOLATED)
fanout484/X                              10     16     -6 (VIOLATED)
fanout506/X                              10     16     -6 (VIOLATED)
fanout514/X                              10     16     -6 (VIOLATED)
input158/X                               10     16     -6 (VIOLATED)
input210/X                               10     16     -6 (VIOLATED)
input220/X                               10     16     -6 (VIOLATED)
input41/X                                10     16     -6 (VIOLATED)
input77/X                                10     16     -6 (VIOLATED)
input85/X                                10     16     -6 (VIOLATED)
_13154_/X                                10     15     -5 (VIOLATED)
_11211_/Y                                10     14     -4 (VIOLATED)
_11238_/X                                10     14     -4 (VIOLATED)
_11358_/Y                                10     14     -4 (VIOLATED)
_11421_/X                                10     14     -4 (VIOLATED)
_12176_/Y                                10     14     -4 (VIOLATED)
_12177_/X                                10     14     -4 (VIOLATED)
_13325_/Y                                10     14     -4 (VIOLATED)
_14734_/Y                                10     14     -4 (VIOLATED)
_14754_/Y                                10     14     -4 (VIOLATED)
_15237_/Y                                10     14     -4 (VIOLATED)
_15573_/X                                10     14     -4 (VIOLATED)
_16072_/X                                10     14     -4 (VIOLATED)
_16687_/X                                10     14     -4 (VIOLATED)
clkbuf_1_1__f_clk/X                      10     14     -4 (VIOLATED)
fanout334/X                              10     14     -4 (VIOLATED)
fanout348/X                              10     14     -4 (VIOLATED)
fanout359/X                              10     14     -4 (VIOLATED)
fanout432/X                              10     14     -4 (VIOLATED)
fanout486/X                              10     14     -4 (VIOLATED)
fanout494/X                              10     14     -4 (VIOLATED)
fanout508/X                              10     14     -4 (VIOLATED)
fanout537/X                              10     14     -4 (VIOLATED)
fanout553/X                              10     14     -4 (VIOLATED)
input141/X                               10     14     -4 (VIOLATED)
input176/X                               10     14     -4 (VIOLATED)
input28/X                                10     14     -4 (VIOLATED)
input45/X                                10     14     -4 (VIOLATED)
input80/X                                10     14     -4 (VIOLATED)
input92/X                                10     14     -4 (VIOLATED)
input93/X                                10     14     -4 (VIOLATED)
input96/X                                10     14     -4 (VIOLATED)
max_cap275/X                             10     14     -4 (VIOLATED)
_11242_/Y                                10     12     -2 (VIOLATED)
_11323_/X                                10     12     -2 (VIOLATED)
_11342_/X                                10     12     -2 (VIOLATED)
_11343_/Y                                10     12     -2 (VIOLATED)
_11359_/X                                10     12     -2 (VIOLATED)
_11991_/Y                                10     12     -2 (VIOLATED)
_12333_/Y                                10     12     -2 (VIOLATED)
_12334_/X                                10     12     -2 (VIOLATED)
_13235_/Y                                10     12     -2 (VIOLATED)
_13278_/Y                                10     12     -2 (VIOLATED)
_13433_/Y                                10     12     -2 (VIOLATED)
_13447_/Y                                10     12     -2 (VIOLATED)
_13465_/X                                10     12     -2 (VIOLATED)
_13490_/Y                                10     12     -2 (VIOLATED)
_13521_/Y                                10     12     -2 (VIOLATED)
_14674_/X                                10     12     -2 (VIOLATED)
_14841_/X                                10     12     -2 (VIOLATED)
_15027_/Y                                10     12     -2 (VIOLATED)
_15351_/Y                                10     12     -2 (VIOLATED)
_15610_/X                                10     12     -2 (VIOLATED)
_16608_/X                                10     12     -2 (VIOLATED)
fanout262/X                              10     12     -2 (VIOLATED)
fanout268/X                              10     12     -2 (VIOLATED)
fanout339/X                              10     12     -2 (VIOLATED)
fanout366/X                              10     12     -2 (VIOLATED)
fanout371/X                              10     12     -2 (VIOLATED)
fanout392/X                              10     12     -2 (VIOLATED)
fanout396/X                              10     12     -2 (VIOLATED)
fanout415/X                              10     12     -2 (VIOLATED)
fanout418/X                              10     12     -2 (VIOLATED)
fanout516/X                              10     12     -2 (VIOLATED)
fanout527/X                              10     12     -2 (VIOLATED)
input159/X                               10     12     -2 (VIOLATED)
input63/X                                10     12     -2 (VIOLATED)
input90/X                                10     12     -2 (VIOLATED)
input91/X                                10     12     -2 (VIOLATED)
max_cap276/X                             10     12     -2 (VIOLATED)
fanout254/X                              10     11        (VIOLATED)
fanout524/X                              10     11        (VIOLATED)



===========================================================================
report_parasitic_annotation -report_unannotated
============================================================================
Found 23 unannotated drivers.
 input_data[127]
 input_data[191]
 input_data[207]
 input_data[208]
 input_data[209]
 input_data[210]
 input_data[211]
 input_data[212]
 input_data[213]
 input_data[214]
 input_data[215]
 input_data[216]
 input_data[217]
 input_data[218]
 input_data[219]
 input_data[220]
 input_data[221]
 input_data[222]
 input_data[223]
 input_data[238]
 input_data[239]
 input_data[63]
 input_data[79]
Found 0 partially unannotated drivers.

===========================================================================
max slew violation count 5
max fanout violation count 242
max cap violation count 0
============================================================================

===========================================================================
check_setup -verbose -unconstrained_endpoints -multiple_clock -no_clock -no_input_delay -loops -generated_clocks
===========================================================================
