[WARNING ORD-0039] .openroad ignored with -python
Top-level design name: highpass
Block boundaries: 0 0 1000000 700000
Horizontal Tracks Origin: 340, Count: 1029, Step: 680
Vertical Tracks Origin: 230, Count: 2174, Step: 460
Placement details for the N side
Virtual pin count:  0
Actual pin count:  240
Total pin count:  240
Tracks count:  2174
Tracks per pin:  9
Used tracks count:  2152
Unused track count:  22
Starting track index:  11
Placement details for the E side
Virtual pin count:  0
Actual pin count:  1
Total pin count:  1
Tracks count:  515
Tracks per pin:  515
Used tracks count:  1
Unused track count:  514
Starting track index:  257
Placement details for the W side
Virtual pin count:  0
Actual pin count:  16
Total pin count:  16
Tracks count:  515
Tracks per pin:  32
Used tracks count:  481
Unused track count:  34
Starting track index:  17
Placement details for the S side
Virtual pin count:  0
Actual pin count:  4
Total pin count:  4
Tracks count:  2174
Tracks per pin:  543
Used tracks count:  1630
Unused track count:  544
Starting track index:  272
