Reading OpenROAD database at '/mnt/d/APIC/FIR_Openlane/lowpass/runs/RUN_2024-06-17_06-41-07/19-openroad-generatepdn/lowpass.odb'…
Reading library file at '/home/nurwiyoso14/.volare/volare/sky130/versions/bdc9412b3e468c102d01b7cf6337be06ec6e9c9a/sky130A/libs.ref/sky130_fd_sc_hd/lib/sky130_fd_sc_hd__tt_025C_1v80.lib'…
Reading design constraints file at '/nix/store/ly0xjc8f0gmgmckxcrs0bw8vqc9gf9bk-python3-3.11.6-env/lib/python3.11/site-packages/openlane/scripts/base.sdc'…
[INFO] Using clock clk…
[INFO] Setting output delay to: 5
[INFO] Setting input delay to: 5
[INFO] Setting load to: 0.033442
[INFO] Setting clock uncertainty to: 0.25
[INFO] Setting clock transition to: 0.1499999999999999944488848768742172978818416595458984375
[INFO] Setting timing derate to: 5%
[INFO] Setting RC values…
[INFO] Setting signal min routing layer to: met1 and clock min routing layer to met1. 
[INFO] Setting signal max routing layer to: met5 and clock max routing layer to met5. 
{*}-density 0.619204 -timing_driven -routability_driven -skip_io -pad_right 0 -pad_left 0 -init_wirelength_coef 0.25
[WARNING GPL-0150] -skip_io will disable timing driven mode.
[WARNING GPL-0151] -skip_io will disable routability driven mode.
[INFO GPL-0002] DBU: 1000
[INFO GPL-0003] SiteSize: 460 2720
[INFO GPL-0004] CoreAreaLxLy: 5520 10880
[INFO GPL-0005] CoreAreaUxUy: 651360 655520
[INFO GPL-0006] NumInstances: 27242
[INFO GPL-0007] NumPlaceInstances: 20793
[INFO GPL-0008] NumFixedInstances: 6449
[INFO GPL-0009] NumDummyInstances: 0
[INFO GPL-0010] NumNets: 21038
[INFO GPL-0011] NumPins: 68722
[INFO GPL-0012] DieAreaLxLy: 0 0
[INFO GPL-0013] DieAreaUxUy: 657085 667805
[INFO GPL-0014] CoreAreaLxLy: 5520 10880
[INFO GPL-0015] CoreAreaUxUy: 651360 655520
[INFO GPL-0016] CoreArea: 416334297600
[INFO GPL-0017] NonPlaceInstsArea: 9255126400
[INFO GPL-0018] PlaceInstsArea: 208686396800
[INFO GPL-0019] Util(%): 51.26
[INFO GPL-0020] StdInstsArea: 208686396800
[INFO GPL-0021] MacroInstsArea: 0
[INFO GPL-0031] FillerInit: NumGCells: 25157
[INFO GPL-0032] FillerInit: NumGNets: 21038
[INFO GPL-0033] FillerInit: NumGPins: 68722
[INFO GPL-0023] TargetDensity: 0.62
[INFO GPL-0024] AveragePlaceInstArea: 10036377
[INFO GPL-0025] IdealBinArea: 16208515
[INFO GPL-0026] IdealBinCnt: 25686
[INFO GPL-0027] TotalBinArea: 416334297600
[INFO GPL-0028] BinCnt: 128 128
[INFO GPL-0029] BinSize: 5046 5037
[INFO GPL-0030] NumBins: 16384
[NesterovSolve] Iter: 1 overflow: 0.999492 HPWL: 49496911
[NesterovSolve] Iter: 10 overflow: 0.99919 HPWL: 33889431
[NesterovSolve] Iter: 20 overflow: 0.99919 HPWL: 33109809
[NesterovSolve] Iter: 30 overflow: 0.999182 HPWL: 32889610
[NesterovSolve] Iter: 40 overflow: 0.999025 HPWL: 32831015
[NesterovSolve] Iter: 50 overflow: 0.998914 HPWL: 32811578
[NesterovSolve] Iter: 60 overflow: 0.998934 HPWL: 32808446
[NesterovSolve] Iter: 70 overflow: 0.998921 HPWL: 32814626
[NesterovSolve] Iter: 80 overflow: 0.9989 HPWL: 32837362
[NesterovSolve] Iter: 90 overflow: 0.998845 HPWL: 32906457
[NesterovSolve] Iter: 100 overflow: 0.998751 HPWL: 33101766
[NesterovSolve] Iter: 110 overflow: 0.998739 HPWL: 33641930
[NesterovSolve] Iter: 120 overflow: 0.998499 HPWL: 35005500
[NesterovSolve] Iter: 130 overflow: 0.997618 HPWL: 37968260
[NesterovSolve] Iter: 140 overflow: 0.996602 HPWL: 43868451
[NesterovSolve] Iter: 150 overflow: 0.994497 HPWL: 56120921
[NesterovSolve] Iter: 160 overflow: 0.990327 HPWL: 76821940
[NesterovSolve] Iter: 170 overflow: 0.983901 HPWL: 98630567
[NesterovSolve] Iter: 180 overflow: 0.97686 HPWL: 117745574
[NesterovSolve] Iter: 190 overflow: 0.967545 HPWL: 138615191
[NesterovSolve] Iter: 200 overflow: 0.952299 HPWL: 167831249
[NesterovSolve] Iter: 210 overflow: 0.928759 HPWL: 204807129
[NesterovSolve] Iter: 220 overflow: 0.899733 HPWL: 242803655
[NesterovSolve] Iter: 230 overflow: 0.87005 HPWL: 278423436
[NesterovSolve] Iter: 240 overflow: 0.837802 HPWL: 314698183
[NesterovSolve] Iter: 250 overflow: 0.798455 HPWL: 354929980
[NesterovSolve] Iter: 260 overflow: 0.754388 HPWL: 394977047
[NesterovSolve] Iter: 270 overflow: 0.708597 HPWL: 430664423
[NesterovSolve] Iter: 280 overflow: 0.659771 HPWL: 463519214
[NesterovSolve] Iter: 290 overflow: 0.603092 HPWL: 494878552
[NesterovSolve] Iter: 300 overflow: 0.538576 HPWL: 521850188
[NesterovSolve] Iter: 310 overflow: 0.468852 HPWL: 545759308
[NesterovSolve] Iter: 320 overflow: 0.431046 HPWL: 567524741
[NesterovSolve] Iter: 330 overflow: 0.404007 HPWL: 577672896
[NesterovSolve] Iter: 340 overflow: 0.371819 HPWL: 575273925
[NesterovSolve] Iter: 350 overflow: 0.333234 HPWL: 577411281
[NesterovSolve] Iter: 360 overflow: 0.30603 HPWL: 583705694
[NesterovSolve] Iter: 370 overflow: 0.281976 HPWL: 581117912
[NesterovSolve] Iter: 380 overflow: 0.253587 HPWL: 581770693
[NesterovSolve] Iter: 390 overflow: 0.23084 HPWL: 581987277
[NesterovSolve] Iter: 400 overflow: 0.209847 HPWL: 581861068
[NesterovSolve] Iter: 410 overflow: 0.188469 HPWL: 581574734
[NesterovSolve] Iter: 420 overflow: 0.168551 HPWL: 581428821
[NesterovSolve] Iter: 430 overflow: 0.150236 HPWL: 581242498
[NesterovSolve] Iter: 440 overflow: 0.133565 HPWL: 581392803
[NesterovSolve] Iter: 450 overflow: 0.1179 HPWL: 581903684
[NesterovSolve] Iter: 460 overflow: 0.104182 HPWL: 582450727
[NesterovSolve] Finished with Overflow: 0.099702
[INFO] Setting RC values…
Setting global connections for newly added cells…
[INFO] Setting global connections...
Writing OpenROAD database to '/mnt/d/APIC/FIR_Openlane/lowpass/runs/RUN_2024-06-17_06-41-07/22-openroad-globalplacementskipio/lowpass.odb'…
Writing netlist to '/mnt/d/APIC/FIR_Openlane/lowpass/runs/RUN_2024-06-17_06-41-07/22-openroad-globalplacementskipio/lowpass.nl.v'…
Writing powered netlist to '/mnt/d/APIC/FIR_Openlane/lowpass/runs/RUN_2024-06-17_06-41-07/22-openroad-globalplacementskipio/lowpass.pnl.v'…
Writing layout to '/mnt/d/APIC/FIR_Openlane/lowpass/runs/RUN_2024-06-17_06-41-07/22-openroad-globalplacementskipio/lowpass.def'…
Writing timing constraints to '/mnt/d/APIC/FIR_Openlane/lowpass/runs/RUN_2024-06-17_06-41-07/22-openroad-globalplacementskipio/lowpass.sdc'…
