/home/nurwiyoso14/.volare/volare/sky130/versions/bdc9412b3e468c102d01b7cf6337be06ec6e9c9a/sky130A/libs.tech/klayout/drc/sky130A_mr.drc:50: warning: already initialized constant DRC::DRCEngine::FEOL
/home/nurwiyoso14/.volare/volare/sky130/versions/bdc9412b3e468c102d01b7cf6337be06ec6e9c9a/sky130A/libs.tech/klayout/drc/sky130A_mr.drc:42: warning: previous definition of FEOL was here
/home/nurwiyoso14/.volare/volare/sky130/versions/bdc9412b3e468c102d01b7cf6337be06ec6e9c9a/sky130A/libs.tech/klayout/drc/sky130A_mr.drc:56: warning: already initialized constant DRC::DRCEngine::BEOL
/home/nurwiyoso14/.volare/volare/sky130/versions/bdc9412b3e468c102d01b7cf6337be06ec6e9c9a/sky130A/libs.tech/klayout/drc/sky130A_mr.drc:43: warning: previous definition of BEOL was here
/home/nurwiyoso14/.volare/volare/sky130/versions/bdc9412b3e468c102d01b7cf6337be06ec6e9c9a/sky130A/libs.tech/klayout/drc/sky130A_mr.drc:62: warning: already initialized constant DRC::DRCEngine::OFFGRID
/home/nurwiyoso14/.volare/volare/sky130/versions/bdc9412b3e468c102d01b7cf6337be06ec6e9c9a/sky130A/libs.tech/klayout/drc/sky130A_mr.drc:44: warning: previous definition of OFFGRID was here
/home/nurwiyoso14/.volare/volare/sky130/versions/bdc9412b3e468c102d01b7cf6337be06ec6e9c9a/sky130A/libs.tech/klayout/drc/sky130A_mr.drc:68: warning: already initialized constant DRC::DRCEngine::SEAL
/home/nurwiyoso14/.volare/volare/sky130/versions/bdc9412b3e468c102d01b7cf6337be06ec6e9c9a/sky130A/libs.tech/klayout/drc/sky130A_mr.drc:45: warning: previous definition of SEAL was here
/home/nurwiyoso14/.volare/volare/sky130/versions/bdc9412b3e468c102d01b7cf6337be06ec6e9c9a/sky130A/libs.tech/klayout/drc/sky130A_mr.drc:76: warning: already initialized constant DRC::DRCEngine::FLOATING_MET
/home/nurwiyoso14/.volare/volare/sky130/versions/bdc9412b3e468c102d01b7cf6337be06ec6e9c9a/sky130A/libs.tech/klayout/drc/sky130A_mr.drc:46: warning: previous definition of FLOATING_MET was here
"input" in: sky130A_mr.drc:126
    Polygons (raw): 13343 (flat)  63 (hierarchical)
    Elapsed: 0.000s  Memory: 264.00M
"polygons" in: sky130A_mr.drc:127
    Polygons (raw): 2000 (flat)  2 (hierarchical)
    Elapsed: 0.000s  Memory: 264.00M
"polygons" in: sky130A_mr.drc:128
    Polygons (raw): 7795 (flat)  23 (hierarchical)
    Elapsed: 0.000s  Memory: 264.00M
"polygons" in: sky130A_mr.drc:129
    Polygons (raw): 0 (flat)  0 (hierarchical)
    Elapsed: 0.000s  Memory: 264.00M
"polygons" in: sky130A_mr.drc:130
    Polygons (raw): 0 (flat)  0 (hierarchical)
    Elapsed: 0.000s  Memory: 264.00M
"polygons" in: sky130A_mr.drc:131
    Polygons (raw): 0 (flat)  0 (hierarchical)
    Elapsed: 0.000s  Memory: 264.00M
"polygons" in: sky130A_mr.drc:132
    Polygons (raw): 0 (flat)  0 (hierarchical)
    Elapsed: 0.000s  Memory: 264.00M
"polygons" in: sky130A_mr.drc:133
    Polygons (raw): 0 (flat)  0 (hierarchical)
    Elapsed: 0.000s  Memory: 264.00M
"polygons" in: sky130A_mr.drc:134
    Polygons (raw): 7827 (flat)  29 (hierarchical)
    Elapsed: 0.000s  Memory: 264.00M
"polygons" in: sky130A_mr.drc:135
    Polygons (raw): 0 (flat)  0 (hierarchical)
    Elapsed: 0.000s  Memory: 264.00M
"polygons" in: sky130A_mr.drc:136
    Polygons (raw): 0 (flat)  0 (hierarchical)
    Elapsed: 0.000s  Memory: 264.00M
"polygons" in: sky130A_mr.drc:137
    Polygons (raw): 0 (flat)  0 (hierarchical)
    Elapsed: 0.000s  Memory: 264.00M
"polygons" in: sky130A_mr.drc:138
    Polygons (raw): 0 (flat)  0 (hierarchical)
    Elapsed: 0.000s  Memory: 264.00M
"polygons" in: sky130A_mr.drc:139
    Polygons (raw): 16836 (flat)  122 (hierarchical)
    Elapsed: 0.010s  Memory: 264.00M
"polygons" in: sky130A_mr.drc:140
    Polygons (raw): 0 (flat)  0 (hierarchical)
    Elapsed: 0.000s  Memory: 264.00M
"polygons" in: sky130A_mr.drc:141
    Polygons (raw): 8795 (flat)  24 (hierarchical)
    Elapsed: 0.000s  Memory: 264.00M
"polygons" in: sky130A_mr.drc:142
    Polygons (raw): 8795 (flat)  24 (hierarchical)
    Elapsed: 0.000s  Memory: 264.00M
"polygons" in: sky130A_mr.drc:143
    Polygons (raw): 0 (flat)  0 (hierarchical)
    Elapsed: 0.000s  Memory: 264.00M
"polygons" in: sky130A_mr.drc:144
    Polygons (raw): 0 (flat)  0 (hierarchical)
    Elapsed: 0.000s  Memory: 264.00M
"polygons" in: sky130A_mr.drc:145
    Polygons (raw): 6690 (flat)  33 (hierarchical)
    Elapsed: 0.000s  Memory: 264.00M
"polygons" in: sky130A_mr.drc:146
    Polygons (raw): 62118 (flat)  483 (hierarchical)
    Elapsed: 0.010s  Memory: 264.00M
"polygons" in: sky130A_mr.drc:148
    Polygons (raw): 44504 (flat)  2527 (hierarchical)
    Elapsed: 0.000s  Memory: 264.00M
"polygons" in: sky130A_mr.drc:149
    Polygons (raw): 118947 (flat)  2671 (hierarchical)
    Elapsed: 0.010s  Memory: 264.00M
"polygons" in: sky130A_mr.drc:151
    Polygons (raw): 27090 (flat)  9626 (hierarchical)
    Elapsed: 0.010s  Memory: 264.00M
"polygons" in: sky130A_mr.drc:152
    Polygons (raw): 3452 (flat)  3452 (hierarchical)
    Elapsed: 0.000s  Memory: 264.00M
"polygons" in: sky130A_mr.drc:154
    Polygons (raw): 5271 (flat)  5271 (hierarchical)
    Elapsed: 0.010s  Memory: 264.00M
"polygons" in: sky130A_mr.drc:155
    Polygons (raw): 926 (flat)  926 (hierarchical)
    Elapsed: 0.000s  Memory: 264.00M
"polygons" in: sky130A_mr.drc:157
    Polygons (raw): 746 (flat)  746 (hierarchical)
    Elapsed: 0.000s  Memory: 264.00M
"polygons" in: sky130A_mr.drc:158
    Polygons (raw): 870 (flat)  870 (hierarchical)
    Elapsed: 0.010s  Memory: 264.00M
"polygons" in: sky130A_mr.drc:160
    Polygons (raw): 131 (flat)  131 (hierarchical)
    Elapsed: 0.000s  Memory: 264.00M
"polygons" in: sky130A_mr.drc:161
    Polygons (raw): 8 (flat)  8 (hierarchical)
    Elapsed: 0.000s  Memory: 264.00M
"polygons" in: sky130A_mr.drc:163
    Polygons (raw): 4 (flat)  4 (hierarchical)
    Elapsed: 0.000s  Memory: 264.00M
"polygons" in: sky130A_mr.drc:165
    Polygons (raw): 0 (flat)  0 (hierarchical)
    Elapsed: 0.000s  Memory: 264.00M
"polygons" in: sky130A_mr.drc:166
    Polygons (raw): 0 (flat)  0 (hierarchical)
    Elapsed: 0.000s  Memory: 264.00M
"polygons" in: sky130A_mr.drc:167
    Polygons (raw): 0 (flat)  0 (hierarchical)
    Elapsed: 0.000s  Memory: 264.00M
"polygons" in: sky130A_mr.drc:168
    Polygons (raw): 0 (flat)  0 (hierarchical)
    Elapsed: 0.000s  Memory: 264.00M
"polygons" in: sky130A_mr.drc:169
    Polygons (raw): 0 (flat)  0 (hierarchical)
    Elapsed: 0.000s  Memory: 264.00M
"polygons" in: sky130A_mr.drc:170
    Polygons (raw): 0 (flat)  0 (hierarchical)
    Elapsed: 0.000s  Memory: 264.00M
"polygons" in: sky130A_mr.drc:171
    Polygons (raw): 0 (flat)  0 (hierarchical)
    Elapsed: 0.000s  Memory: 264.00M
"polygons" in: sky130A_mr.drc:172
    Polygons (raw): 0 (flat)  0 (hierarchical)
    Elapsed: 0.000s  Memory: 264.00M
"polygons" in: sky130A_mr.drc:173
    Polygons (raw): 0 (flat)  0 (hierarchical)
    Elapsed: 0.000s  Memory: 264.00M
"polygons" in: sky130A_mr.drc:174
    Polygons (raw): 0 (flat)  0 (hierarchical)
    Elapsed: 0.000s  Memory: 264.00M
"polygons" in: sky130A_mr.drc:175
    Polygons (raw): 0 (flat)  0 (hierarchical)
    Elapsed: 0.000s  Memory: 264.00M
"polygons" in: sky130A_mr.drc:176
    Polygons (raw): 0 (flat)  0 (hierarchical)
    Elapsed: 0.000s  Memory: 264.00M
"polygons" in: sky130A_mr.drc:177
    Polygons (raw): 0 (flat)  0 (hierarchical)
    Elapsed: 0.000s  Memory: 264.00M
"polygons" in: sky130A_mr.drc:178
    Polygons (raw): 0 (flat)  0 (hierarchical)
    Elapsed: 0.000s  Memory: 264.00M
"polygons" in: sky130A_mr.drc:179
    Polygons (raw): 0 (flat)  0 (hierarchical)
    Elapsed: 0.000s  Memory: 264.00M
"polygons" in: sky130A_mr.drc:180
    Polygons (raw): 0 (flat)  0 (hierarchical)
    Elapsed: 0.000s  Memory: 264.00M
"polygons" in: sky130A_mr.drc:181
    Polygons (raw): 0 (flat)  0 (hierarchical)
    Elapsed: 0.000s  Memory: 264.00M
"polygons" in: sky130A_mr.drc:182
    Polygons (raw): 7795 (flat)  23 (hierarchical)
    Elapsed: 0.000s  Memory: 264.00M
"polygons" in: sky130A_mr.drc:183
    Polygons (raw): 0 (flat)  0 (hierarchical)
    Elapsed: 0.000s  Memory: 264.00M
"polygons" in: sky130A_mr.drc:184
    Polygons (raw): 0 (flat)  0 (hierarchical)
    Elapsed: 0.000s  Memory: 264.00M
"polygons" in: sky130A_mr.drc:185
    Polygons (raw): 0 (flat)  0 (hierarchical)
    Elapsed: 0.000s  Memory: 264.00M
"polygons" in: sky130A_mr.drc:186
    Polygons (raw): 0 (flat)  0 (hierarchical)
    Elapsed: 0.000s  Memory: 264.00M
"polygons" in: sky130A_mr.drc:187
    Polygons (raw): 0 (flat)  0 (hierarchical)
    Elapsed: 0.000s  Memory: 264.00M
"polygons" in: sky130A_mr.drc:188
    Polygons (raw): 0 (flat)  0 (hierarchical)
    Elapsed: 0.000s  Memory: 264.00M
"polygons" in: sky130A_mr.drc:189
    Polygons (raw): 0 (flat)  0 (hierarchical)
    Elapsed: 0.000s  Memory: 264.00M
"polygons" in: sky130A_mr.drc:190
    Polygons (raw): 0 (flat)  0 (hierarchical)
    Elapsed: 0.000s  Memory: 264.00M
"polygons" in: sky130A_mr.drc:191
    Polygons (raw): 0 (flat)  0 (hierarchical)
    Elapsed: 0.000s  Memory: 264.00M
"polygons" in: sky130A_mr.drc:192
    Polygons (raw): 0 (flat)  0 (hierarchical)
    Elapsed: 0.000s  Memory: 264.00M
"polygons" in: sky130A_mr.drc:193
    Polygons (raw): 0 (flat)  0 (hierarchical)
    Elapsed: 0.000s  Memory: 264.00M
"polygons" in: sky130A_mr.drc:194
    Polygons (raw): 0 (flat)  0 (hierarchical)
    Elapsed: 0.000s  Memory: 264.00M
"polygons" in: sky130A_mr.drc:195
    Polygons (raw): 3 (flat)  1 (hierarchical)
    Elapsed: 0.000s  Memory: 264.00M
"polygons" in: sky130A_mr.drc:196
    Polygons (raw): 0 (flat)  0 (hierarchical)
    Elapsed: 0.000s  Memory: 264.00M
"polygons" in: sky130A_mr.drc:197
    Polygons (raw): 0 (flat)  0 (hierarchical)
    Elapsed: 0.000s  Memory: 264.00M
"polygons" in: sky130A_mr.drc:198
    Polygons (raw): 0 (flat)  0 (hierarchical)
    Elapsed: 0.000s  Memory: 264.00M
"polygons" in: sky130A_mr.drc:199
    Polygons (raw): 0 (flat)  0 (hierarchical)
    Elapsed: 0.000s  Memory: 264.00M
"polygons" in: sky130A_mr.drc:200
    Polygons (raw): 0 (flat)  0 (hierarchical)
    Elapsed: 0.000s  Memory: 264.00M
"polygons" in: sky130A_mr.drc:201
    Polygons (raw): 0 (flat)  0 (hierarchical)
    Elapsed: 0.000s  Memory: 264.00M
"polygons" in: sky130A_mr.drc:202
    Polygons (raw): 0 (flat)  0 (hierarchical)
    Elapsed: 0.000s  Memory: 264.00M
"polygons" in: sky130A_mr.drc:203
    Polygons (raw): 0 (flat)  0 (hierarchical)
    Elapsed: 0.000s  Memory: 264.00M
"polygons" in: sky130A_mr.drc:204
    Polygons (raw): 0 (flat)  0 (hierarchical)
    Elapsed: 0.000s  Memory: 264.00M
"polygons" in: sky130A_mr.drc:205
    Polygons (raw): 0 (flat)  0 (hierarchical)
    Elapsed: 0.000s  Memory: 264.00M
"polygons" in: sky130A_mr.drc:206
    Polygons (raw): 0 (flat)  0 (hierarchical)
    Elapsed: 0.000s  Memory: 264.00M
"polygons" in: sky130A_mr.drc:207
    Polygons (raw): 0 (flat)  0 (hierarchical)
    Elapsed: 0.000s  Memory: 264.00M
"polygons" in: sky130A_mr.drc:208
    Polygons (raw): 0 (flat)  0 (hierarchical)
    Elapsed: 0.000s  Memory: 264.00M
"polygons" in: sky130A_mr.drc:209
    Polygons (raw): 0 (flat)  0 (hierarchical)
    Elapsed: 0.000s  Memory: 264.00M
"polygons" in: sky130A_mr.drc:210
    Polygons (raw): 0 (flat)  0 (hierarchical)
    Elapsed: 0.000s  Memory: 264.00M
"polygons" in: sky130A_mr.drc:211
    Polygons (raw): 0 (flat)  0 (hierarchical)
    Elapsed: 0.000s  Memory: 264.00M
"polygons" in: sky130A_mr.drc:212
    Polygons (raw): 0 (flat)  0 (hierarchical)
    Elapsed: 0.000s  Memory: 264.00M
"polygons" in: sky130A_mr.drc:213
    Polygons (raw): 0 (flat)  0 (hierarchical)
    Elapsed: 0.000s  Memory: 264.00M
"polygons" in: sky130A_mr.drc:214
    Polygons (raw): 0 (flat)  0 (hierarchical)
    Elapsed: 0.000s  Memory: 264.00M
"polygons" in: sky130A_mr.drc:215
    Polygons (raw): 0 (flat)  0 (hierarchical)
    Elapsed: 0.010s  Memory: 264.00M
"polygons" in: sky130A_mr.drc:216
    Polygons (raw): 0 (flat)  0 (hierarchical)
    Elapsed: 0.000s  Memory: 264.00M
"polygons" in: sky130A_mr.drc:217
    Polygons (raw): 0 (flat)  0 (hierarchical)
    Elapsed: 0.000s  Memory: 264.00M
DRC section
FEOL section
START: 64/18 (dnwell)
"width" in: sky130A_mr.drc:243
    Edge pairs: 0 (flat)  0 (hierarchical)
    Elapsed: 0.000s  Memory: 264.00M
"output" in: sky130A_mr.drc:243
    Edge pairs: 0 (flat)  0 (hierarchical)
    Elapsed: 0.000s  Memory: 264.00M
END: 64/18 (dnwell)
"input" in: sky130A_mr.drc:247
    Polygons (raw): 8795 (flat)  24 (hierarchical)
    Elapsed: 0.010s  Memory: 264.00M
"input" in: sky130A_mr.drc:248
    Polygons (raw): 8795 (flat)  24 (hierarchical)
    Elapsed: 0.000s  Memory: 264.00M
"input" in: sky130A_mr.drc:249
    Polygons (raw): 7795 (flat)  23 (hierarchical)
    Elapsed: 0.000s  Memory: 264.00M
"input" in: sky130A_mr.drc:254
    Polygons (raw): 7795 (flat)  23 (hierarchical)
    Elapsed: 0.010s  Memory: 264.00M
START: 64/20 (nwell)
"width" in: sky130A_mr.drc:258
    Edge pairs: 0 (flat)  0 (hierarchical)
    Elapsed: 0.070s  Memory: 267.00M
"output" in: sky130A_mr.drc:258
    Edge pairs: 0 (flat)  0 (hierarchical)
    Elapsed: 0.000s  Memory: 267.00M
"space" in: sky130A_mr.drc:259
    Edge pairs: 0 (flat)  0 (hierarchical)
    Elapsed: 0.240s  Memory: 827.00M
"output" in: sky130A_mr.drc:259
    Edge pairs: 0 (flat)  0 (hierarchical)
    Elapsed: 0.000s  Memory: 811.00M
"&" in: sky130A_mr.drc:260
    Polygons (raw): 7795 (flat)  23 (hierarchical)
    Elapsed: 0.190s  Memory: 811.00M
"merge" in: sky130A_mr.drc:260
    Polygons (raw): 49 (flat)  49 (hierarchical)
    Elapsed: 0.070s  Memory: 811.00M
"holes" in: sky130A_mr.drc:261
    Polygons (raw): 0 (flat)  0 (hierarchical)
    Elapsed: 0.000s  Memory: 811.00M
"enclosing" in: sky130A_mr.drc:261
    Edge pairs: 0 (flat)  0 (hierarchical)
    Elapsed: 0.000s  Memory: 811.00M
"output" in: sky130A_mr.drc:261
    Edge pairs: 0 (flat)  0 (hierarchical)
    Elapsed: 0.000s  Memory: 811.00M
END: 64/20 (nwell)
START: 78/44 (hvtp)
"width" in: sky130A_mr.drc:266
    Edge pairs: 0 (flat)  0 (hierarchical)
    Elapsed: 0.070s  Memory: 811.00M
"output" in: sky130A_mr.drc:266
    Edge pairs: 0 (flat)  0 (hierarchical)
    Elapsed: 0.000s  Memory: 811.00M
"space" in: sky130A_mr.drc:267
    Edge pairs: 0 (flat)  0 (hierarchical)
    Elapsed: 0.180s  Memory: 827.00M
"output" in: sky130A_mr.drc:267
    Edge pairs: 0 (flat)  0 (hierarchical)
    Elapsed: 0.000s  Memory: 811.00M
END: 78/44 (hvtp)
START: 18/20 (htvr)
"width" in: sky130A_mr.drc:272
    Edge pairs: 0 (flat)  0 (hierarchical)
    Elapsed: 0.000s  Memory: 811.00M
"output" in: sky130A_mr.drc:272
    Edge pairs: 0 (flat)  0 (hierarchical)
    Elapsed: 0.000s  Memory: 811.00M
"separation" in: sky130A_mr.drc:273
    Edge pairs: 0 (flat)  0 (hierarchical)
    Elapsed: 0.000s  Memory: 811.00M
"output" in: sky130A_mr.drc:273
    Edge pairs: 0 (flat)  0 (hierarchical)
    Elapsed: 0.000s  Memory: 811.00M
"&" in: sky130A_mr.drc:274
    Polygons (raw): 0 (flat)  0 (hierarchical)
    Elapsed: 0.000s  Memory: 811.00M
"output" in: sky130A_mr.drc:274
    Polygons (raw): 0 (flat)  0 (hierarchical)
    Elapsed: 0.000s  Memory: 811.00M
END: 18/20 (htvr)
START: 25/44 (lvtn)
"width" in: sky130A_mr.drc:279
    Edge pairs: 0 (flat)  0 (hierarchical)
    Elapsed: 0.000s  Memory: 811.00M
"output" in: sky130A_mr.drc:279
    Edge pairs: 0 (flat)  0 (hierarchical)
    Elapsed: 0.000s  Memory: 811.00M
"space" in: sky130A_mr.drc:280
    Edge pairs: 0 (flat)  0 (hierarchical)
    Elapsed: 0.000s  Memory: 811.00M
"output" in: sky130A_mr.drc:280
    Edge pairs: 0 (flat)  0 (hierarchical)
    Elapsed: 0.000s  Memory: 811.00M
END: 25/44 (lvtn)
START: 92/44 (ncm)
"width" in: sky130A_mr.drc:285
    Edge pairs: 0 (flat)  0 (hierarchical)
    Elapsed: 0.000s  Memory: 811.00M
"output" in: sky130A_mr.drc:285
    Edge pairs: 0 (flat)  0 (hierarchical)
    Elapsed: 0.010s  Memory: 811.00M
"space" in: sky130A_mr.drc:286
    Edge pairs: 0 (flat)  0 (hierarchical)
    Elapsed: 0.000s  Memory: 811.00M
"output" in: sky130A_mr.drc:286
    Edge pairs: 0 (flat)  0 (hierarchical)
    Elapsed: 0.000s  Memory: 811.00M
END: 92/44 (ncm)
START: 65/20 (diff)
"or" in: sky130A_mr.drc:291
    Polygons (raw): 15103 (flat)  62 (hierarchical)
    Elapsed: 0.020s  Memory: 811.00M
"rectangles" in: sky130A_mr.drc:292
    Polygons (raw): 11197 (flat)  40 (hierarchical)
    Elapsed: 0.010s  Memory: 811.00M
"width" in: sky130A_mr.drc:292
    Edge pairs: 0 (flat)  0 (hierarchical)
    Elapsed: 0.000s  Memory: 811.00M
"polygons" in: sky130A_mr.drc:292
    Polygons (raw): 0 (flat)  0 (hierarchical)
    Elapsed: 0.000s  Memory: 811.00M
"edges" in: sky130A_mr.drc:293
    Edges: 0 (flat)  0 (hierarchical)
    Elapsed: 0.010s  Memory: 811.00M
"outside_part" in: sky130A_mr.drc:293
    Edges: 0 (flat)  0 (hierarchical)
    Elapsed: 0.010s  Memory: 811.00M
"outside" in: sky130A_mr.drc:293
    Polygons (raw): 0 (flat)  0 (hierarchical)
    Elapsed: 0.000s  Memory: 811.00M
"edges" in: sky130A_mr.drc:293
    Edges: 0 (flat)  0 (hierarchical)
    Elapsed: 0.000s  Memory: 811.00M
"-" in: sky130A_mr.drc:293
    Edges: 0 (flat)  0 (hierarchical)
    Elapsed: 0.000s  Memory: 811.00M
"output" in: sky130A_mr.drc:294
    Edges: 0 (flat)  0 (hierarchical)
    Elapsed: 0.000s  Memory: 811.00M
"outside" in: sky130A_mr.drc:295
    Polygons (raw): 13343 (flat)  63 (hierarchical)
    Elapsed: 0.010s  Memory: 811.00M
"width" in: sky130A_mr.drc:295
    Edge pairs: 0 (flat)  0 (hierarchical)
    Elapsed: 0.000s  Memory: 811.00M
"output" in: sky130A_mr.drc:295
    Edge pairs: 0 (flat)  0 (hierarchical)
    Elapsed: 0.000s  Memory: 811.00M
END: 65/20 (diff)
START: 65/44 (tap)
"rectangles" in: sky130A_mr.drc:299
    Polygons (raw): 2000 (flat)  2 (hierarchical)
    Elapsed: 0.000s  Memory: 811.00M
"width" in: sky130A_mr.drc:299
    Edge pairs: 0 (flat)  0 (hierarchical)
    Elapsed: 0.000s  Memory: 811.00M
"polygons" in: sky130A_mr.drc:299
    Polygons (raw): 0 (flat)  0 (hierarchical)
    Elapsed: 0.000s  Memory: 811.00M
"edges" in: sky130A_mr.drc:300
    Edges: 0 (flat)  0 (hierarchical)
    Elapsed: 0.000s  Memory: 811.00M
"outside_part" in: sky130A_mr.drc:300
    Edges: 0 (flat)  0 (hierarchical)
    Elapsed: 0.000s  Memory: 811.00M
"outside" in: sky130A_mr.drc:300
    Polygons (raw): 0 (flat)  0 (hierarchical)
    Elapsed: 0.010s  Memory: 811.00M
"edges" in: sky130A_mr.drc:300
    Edges: 0 (flat)  0 (hierarchical)
    Elapsed: 0.000s  Memory: 811.00M
"-" in: sky130A_mr.drc:300
    Edges: 0 (flat)  0 (hierarchical)
    Elapsed: 0.000s  Memory: 811.00M
"output" in: sky130A_mr.drc:301
    Edges: 0 (flat)  0 (hierarchical)
    Elapsed: 0.000s  Memory: 811.00M
"-" in: sky130A_mr.drc:302
    Polygons (raw): 2000 (flat)  2 (hierarchical)
    Elapsed: 0.000s  Memory: 811.00M
"width" in: sky130A_mr.drc:302
    Edge pairs: 0 (flat)  0 (hierarchical)
    Elapsed: 0.000s  Memory: 811.00M
"output" in: sky130A_mr.drc:302
    Edge pairs: 0 (flat)  0 (hierarchical)
    Elapsed: 0.000s  Memory: 811.00M
END: 65/44 (tap)
"space" in: sky130A_mr.drc:305
    Edge pairs: 0 (flat)  0 (hierarchical)
    Elapsed: 0.050s  Memory: 819.00M
"output" in: sky130A_mr.drc:305
    Edge pairs: 0 (flat)  0 (hierarchical)
    Elapsed: 0.000s  Memory: 811.00M
START: 80/20 (tunm)
"width" in: sky130A_mr.drc:309
    Edge pairs: 0 (flat)  0 (hierarchical)
    Elapsed: 0.000s  Memory: 811.00M
"output" in: sky130A_mr.drc:309
    Edge pairs: 0 (flat)  0 (hierarchical)
    Elapsed: 0.000s  Memory: 811.00M
"space" in: sky130A_mr.drc:310
    Edge pairs: 0 (flat)  0 (hierarchical)
    Elapsed: 0.000s  Memory: 811.00M
"output" in: sky130A_mr.drc:310
    Edge pairs: 0 (flat)  0 (hierarchical)
    Elapsed: 0.010s  Memory: 811.00M
END: 80/20 (tunm)
START: 66/20 (poly)
"width" in: sky130A_mr.drc:315
    Edge pairs: 0 (flat)  0 (hierarchical)
    Elapsed: 0.010s  Memory: 811.00M
"output" in: sky130A_mr.drc:315
    Edge pairs: 0 (flat)  0 (hierarchical)
    Elapsed: 0.000s  Memory: 811.00M
"-" in: sky130A_mr.drc:316
    Polygons (raw): 16836 (flat)  122 (hierarchical)
    Elapsed: 0.000s  Memory: 811.00M
"space" in: sky130A_mr.drc:316
    Edge pairs: 0 (flat)  0 (hierarchical)
    Elapsed: 0.040s  Memory: 835.00M
"output" in: sky130A_mr.drc:316
    Edge pairs: 0 (flat)  0 (hierarchical)
    Elapsed: 0.010s  Memory: 811.00M
START: 86/20 (rpm)
"width" in: sky130A_mr.drc:321
    Edge pairs: 0 (flat)  0 (hierarchical)
    Elapsed: 0.000s  Memory: 811.00M
"output" in: sky130A_mr.drc:321
    Edge pairs: 0 (flat)  0 (hierarchical)
    Elapsed: 0.000s  Memory: 811.00M
"space" in: sky130A_mr.drc:322
    Edge pairs: 0 (flat)  0 (hierarchical)
    Elapsed: 0.000s  Memory: 811.00M
"output" in: sky130A_mr.drc:322
    Edge pairs: 0 (flat)  0 (hierarchical)
    Elapsed: 0.000s  Memory: 811.00M
END: 86/20 (rpm)
START: 79/20 (urpm)
"width" in: sky130A_mr.drc:327
    Edge pairs: 0 (flat)  0 (hierarchical)
    Elapsed: 0.000s  Memory: 811.00M
"output" in: sky130A_mr.drc:327
    Edge pairs: 0 (flat)  0 (hierarchical)
    Elapsed: 0.000s  Memory: 811.00M
"space" in: sky130A_mr.drc:328
    Edge pairs: 0 (flat)  0 (hierarchical)
    Elapsed: 0.000s  Memory: 811.00M
"output" in: sky130A_mr.drc:328
    Edge pairs: 0 (flat)  0 (hierarchical)
    Elapsed: 0.000s  Memory: 811.00M
END: 79/20 (urpm)
START: 95/20 (npc)
"width" in: sky130A_mr.drc:333
    Edge pairs: 0 (flat)  0 (hierarchical)
    Elapsed: 0.050s  Memory: 811.00M
"output" in: sky130A_mr.drc:333
    Edge pairs: 0 (flat)  0 (hierarchical)
    Elapsed: 0.000s  Memory: 811.00M
"space" in: sky130A_mr.drc:334
    Edge pairs: 0 (flat)  0 (hierarchical)
    Elapsed: 0.080s  Memory: 827.00M
"output" in: sky130A_mr.drc:334
    Edge pairs: 0 (flat)  0 (hierarchical)
    Elapsed: 0.000s  Memory: 811.00M
END: 95/20 (npc)
START: 93/44 (nsdm)
"outside" in: sky130A_mr.drc:339
    Polygons (raw): 8795 (flat)  24 (hierarchical)
    Elapsed: 0.000s  Memory: 811.00M
"width" in: sky130A_mr.drc:339
    Edge pairs: 0 (flat)  0 (hierarchical)
    Elapsed: 0.070s  Memory: 811.00M
"output" in: sky130A_mr.drc:339
    Edge pairs: 0 (flat)  0 (hierarchical)
    Elapsed: 0.000s  Memory: 811.00M
"-" in: sky130A_mr.drc:340
    Polygons (raw): 8795 (flat)  24 (hierarchical)
    Elapsed: 0.000s  Memory: 811.00M
"space" in: sky130A_mr.drc:340
    Edge pairs: 0 (flat)  0 (hierarchical)
    Elapsed: 0.180s  Memory: 827.00M
"output" in: sky130A_mr.drc:340
    Edge pairs: 0 (flat)  0 (hierarchical)
    Elapsed: 0.000s  Memory: 811.00M
END: 93/44 (nsdm)
START: 94/20 (psdm)
"outside" in: sky130A_mr.drc:345
    Polygons (raw): 8795 (flat)  24 (hierarchical)
    Elapsed: 0.000s  Memory: 811.00M
"width" in: sky130A_mr.drc:345
    Edge pairs: 0 (flat)  0 (hierarchical)
    Elapsed: 0.080s  Memory: 811.00M
"output" in: sky130A_mr.drc:345
    Edge pairs: 0 (flat)  0 (hierarchical)
    Elapsed: 0.000s  Memory: 811.00M
"-" in: sky130A_mr.drc:346
    Polygons (raw): 8795 (flat)  24 (hierarchical)
    Elapsed: 0.000s  Memory: 811.00M
"space" in: sky130A_mr.drc:346
    Edge pairs: 0 (flat)  0 (hierarchical)
    Elapsed: 0.220s  Memory: 835.00M
"output" in: sky130A_mr.drc:346
    Edge pairs: 0 (flat)  0 (hierarchical)
    Elapsed: 0.000s  Memory: 811.00M
END: 94/20 (psdm)
START: 66/44 (licon)
"drc" in: sky130A_mr.drc:352
    Polygons (raw): 0 (flat)  0 (hierarchical)
    Elapsed: 0.080s  Memory: 811.00M
"-" in: sky130A_mr.drc:353
    Polygons (raw): 62118 (flat)  483 (hierarchical)
    Elapsed: 0.000s  Memory: 811.00M
"-" in: sky130A_mr.drc:357
    Polygons (raw): 36429 (flat)  288 (hierarchical)
    Elapsed: 0.050s  Memory: 811.00M
"&" in: sky130A_mr.drc:358
    Polygons (raw): 44439 (flat)  367 (hierarchical)
    Elapsed: 0.050s  Memory: 811.00M
"interacting" in: sky130A_mr.drc:358
    Polygons (raw): 44439 (flat)  367 (hierarchical)
    Elapsed: 0.050s  Memory: 811.00M
"-" in: sky130A_mr.drc:359
    Polygons (raw): 44439 (flat)  367 (hierarchical)
    Elapsed: 0.000s  Memory: 811.00M
"non_rectangles" in: sky130A_mr.drc:360
    Polygons (raw): 0 (flat)  0 (hierarchical)
    Elapsed: 0.020s  Memory: 811.00M
"output" in: sky130A_mr.drc:360
    Polygons (raw): 0 (flat)  0 (hierarchical)
    Elapsed: 0.000s  Memory: 811.00M
"or" in: sky130A_mr.drc:361
    Polygons (raw): 0 (flat)  0 (hierarchical)
    Elapsed: 0.010s  Memory: 811.00M
"-" in: sky130A_mr.drc:361
    Polygons (raw): 62118 (flat)  483 (hierarchical)
    Elapsed: 0.000s  Memory: 811.00M
"edges" in: sky130A_mr.drc:361
    Edges: 248472 (flat)  1932 (hierarchical)
    Elapsed: 0.070s  Memory: 811.00M
"without_length" in: sky130A_mr.drc:361
    Edges: 0 (flat)  0 (hierarchical)
    Elapsed: 0.040s  Memory: 811.00M
"output" in: sky130A_mr.drc:361
    Edges: 0 (flat)  0 (hierarchical)
    Elapsed: 0.000s  Memory: 811.00M
"separation" in: sky130A_mr.drc:362
    Edge pairs: 0 (flat)  0 (hierarchical)
    Elapsed: 0.070s  Memory: 811.00M
"output" in: sky130A_mr.drc:362
    Edge pairs: 0 (flat)  0 (hierarchical)
    Elapsed: 0.000s  Memory: 811.00M
"&" in: sky130A_mr.drc:363
    Polygons (raw): 0 (flat)  0 (hierarchical)
    Elapsed: 0.050s  Memory: 811.00M
"output" in: sky130A_mr.drc:363
    Polygons (raw): 0 (flat)  0 (hierarchical)
    Elapsed: 0.000s  Memory: 811.00M
"interacting" in: sky130A_mr.drc:364
    Polygons (raw): 17679 (flat)  116 (hierarchical)
    Elapsed: 0.060s  Memory: 811.00M
"interacting" in: sky130A_mr.drc:364
    Polygons (raw): 44439 (flat)  367 (hierarchical)
    Elapsed: 0.080s  Memory: 811.00M
"&" in: sky130A_mr.drc:364
    Polygons (raw): 0 (flat)  0 (hierarchical)
    Elapsed: 0.060s  Memory: 819.00M
"output" in: sky130A_mr.drc:364
    Polygons (raw): 0 (flat)  0 (hierarchical)
    Elapsed: 0.000s  Memory: 811.00M
END: 66/44 (licon)
START: 89/44 (capm)
"width" in: sky130A_mr.drc:369
    Edge pairs: 0 (flat)  0 (hierarchical)
    Elapsed: 0.000s  Memory: 811.00M
"output" in: sky130A_mr.drc:369
    Edge pairs: 0 (flat)  0 (hierarchical)
    Elapsed: 0.010s  Memory: 811.00M
"space" in: sky130A_mr.drc:370
    Edge pairs: 0 (flat)  0 (hierarchical)
    Elapsed: 0.000s  Memory: 811.00M
"output" in: sky130A_mr.drc:370
    Edge pairs: 0 (flat)  0 (hierarchical)
    Elapsed: 0.000s  Memory: 811.00M
"interacting" in: sky130A_mr.drc:371
    Polygons (raw): 0 (flat)  0 (hierarchical)
    Elapsed: 0.000s  Memory: 811.00M
"isolated" in: sky130A_mr.drc:371
    Edge pairs: 0 (flat)  0 (hierarchical)
    Elapsed: 0.000s  Memory: 811.00M
"output" in: sky130A_mr.drc:371
    Edge pairs: 0 (flat)  0 (hierarchical)
    Elapsed: 0.000s  Memory: 811.00M
"interacting" in: sky130A_mr.drc:372
    Polygons (raw): 0 (flat)  0 (hierarchical)
    Elapsed: 0.000s  Memory: 811.00M
"isolated" in: sky130A_mr.drc:372
    Edge pairs: 0 (flat)  0 (hierarchical)
    Elapsed: 0.010s  Memory: 811.00M
"output" in: sky130A_mr.drc:372
    Edge pairs: 0 (flat)  0 (hierarchical)
    Elapsed: 0.000s  Memory: 811.00M
"&" in: sky130A_mr.drc:373
    Polygons (raw): 0 (flat)  0 (hierarchical)
    Elapsed: 0.000s  Memory: 811.00M
"enclosing" in: sky130A_mr.drc:373
    Edge pairs: 0 (flat)  0 (hierarchical)
    Elapsed: 0.000s  Memory: 811.00M
"output" in: sky130A_mr.drc:373
    Edge pairs: 0 (flat)  0 (hierarchical)
    Elapsed: 0.000s  Memory: 811.00M
"enclosing" in: sky130A_mr.drc:374
    Edge pairs: 0 (flat)  0 (hierarchical)
    Elapsed: 0.010s  Memory: 811.00M
"output" in: sky130A_mr.drc:374
    Edge pairs: 0 (flat)  0 (hierarchical)
    Elapsed: 0.000s  Memory: 811.00M
"enclosing" in: sky130A_mr.drc:375
    Edge pairs: 0 (flat)  0 (hierarchical)
    Elapsed: 0.000s  Memory: 811.00M
"output" in: sky130A_mr.drc:375
    Edge pairs: 0 (flat)  0 (hierarchical)
    Elapsed: 0.000s  Memory: 811.00M
"separation" in: sky130A_mr.drc:376
    Edge pairs: 0 (flat)  0 (hierarchical)
    Elapsed: 0.000s  Memory: 811.00M
"output" in: sky130A_mr.drc:376
    Edge pairs: 0 (flat)  0 (hierarchical)
    Elapsed: 0.000s  Memory: 811.00M
"not_interacting" in: sky130A_mr.drc:377
    Polygons (raw): 746 (flat)  746 (hierarchical)
    Elapsed: 0.000s  Memory: 811.00M
"separation" in: sky130A_mr.drc:377
    Edge pairs: 0 (flat)  0 (hierarchical)
    Elapsed: 0.000s  Memory: 811.00M
"output" in: sky130A_mr.drc:377
    Edge pairs: 0 (flat)  0 (hierarchical)
    Elapsed: 0.000s  Memory: 811.00M
END: 89/44 (capm)
START: 97/44 (cap2m)
"width" in: sky130A_mr.drc:382
    Edge pairs: 0 (flat)  0 (hierarchical)
    Elapsed: 0.000s  Memory: 811.00M
"output" in: sky130A_mr.drc:382
    Edge pairs: 0 (flat)  0 (hierarchical)
    Elapsed: 0.000s  Memory: 811.00M
"space" in: sky130A_mr.drc:383
    Edge pairs: 0 (flat)  0 (hierarchical)
    Elapsed: 0.000s  Memory: 811.00M
"output" in: sky130A_mr.drc:383
    Edge pairs: 0 (flat)  0 (hierarchical)
    Elapsed: 0.000s  Memory: 811.00M
"interacting" in: sky130A_mr.drc:384
    Polygons (raw): 0 (flat)  0 (hierarchical)
    Elapsed: 0.010s  Memory: 811.00M
"isolated" in: sky130A_mr.drc:384
    Edge pairs: 0 (flat)  0 (hierarchical)
    Elapsed: 0.000s  Memory: 811.00M
"output" in: sky130A_mr.drc:384
    Edge pairs: 0 (flat)  0 (hierarchical)
    Elapsed: 0.000s  Memory: 811.00M
"interacting" in: sky130A_mr.drc:385
    Polygons (raw): 0 (flat)  0 (hierarchical)
    Elapsed: 0.000s  Memory: 811.00M
"isolated" in: sky130A_mr.drc:385
    Edge pairs: 0 (flat)  0 (hierarchical)
    Elapsed: 0.000s  Memory: 811.00M
"output" in: sky130A_mr.drc:385
    Edge pairs: 0 (flat)  0 (hierarchical)
    Elapsed: 0.010s  Memory: 811.00M
"&" in: sky130A_mr.drc:386
    Polygons (raw): 0 (flat)  0 (hierarchical)
    Elapsed: 0.000s  Memory: 811.00M
"enclosing" in: sky130A_mr.drc:386
    Edge pairs: 0 (flat)  0 (hierarchical)
    Elapsed: 0.000s  Memory: 811.00M
"output" in: sky130A_mr.drc:386
    Edge pairs: 0 (flat)  0 (hierarchical)
    Elapsed: 0.000s  Memory: 811.00M
"enclosing" in: sky130A_mr.drc:387
    Edge pairs: 0 (flat)  0 (hierarchical)
    Elapsed: 0.000s  Memory: 811.00M
"output" in: sky130A_mr.drc:387
    Edge pairs: 0 (flat)  0 (hierarchical)
    Elapsed: 0.010s  Memory: 811.00M
"enclosing" in: sky130A_mr.drc:388
    Edge pairs: 0 (flat)  0 (hierarchical)
    Elapsed: 0.000s  Memory: 811.00M
"output" in: sky130A_mr.drc:388
    Edge pairs: 0 (flat)  0 (hierarchical)
    Elapsed: 0.000s  Memory: 811.00M
"separation" in: sky130A_mr.drc:389
    Edge pairs: 0 (flat)  0 (hierarchical)
    Elapsed: 0.000s  Memory: 811.00M
"output" in: sky130A_mr.drc:389
    Edge pairs: 0 (flat)  0 (hierarchical)
    Elapsed: 0.000s  Memory: 811.00M
"not_interacting" in: sky130A_mr.drc:390
    Polygons (raw): 131 (flat)  131 (hierarchical)
    Elapsed: 0.000s  Memory: 811.00M
"separation" in: sky130A_mr.drc:390
    Edge pairs: 0 (flat)  0 (hierarchical)
    Elapsed: 0.000s  Memory: 811.00M
"output" in: sky130A_mr.drc:390
    Edge pairs: 0 (flat)  0 (hierarchical)
    Elapsed: 0.000s  Memory: 811.00M
END: 97/44 (cap2m)
BEOL section
START: 67/20 (li)
"interacting" in: sky130A_mr.drc:399
    Polygons (raw): 0 (flat)  0 (hierarchical)
    Elapsed: 0.000s  Memory: 811.00M
"-" in: sky130A_mr.drc:399
    Polygons (raw): 44504 (flat)  2527 (hierarchical)
    Elapsed: 0.010s  Memory: 811.00M
"width" in: sky130A_mr.drc:400
    Edge pairs: 0 (flat)  0 (hierarchical)
    Elapsed: 0.280s  Memory: 814.00M
"output" in: sky130A_mr.drc:400
    Edge pairs: 0 (flat)  0 (hierarchical)
    Elapsed: 0.000s  Memory: 814.00M
"edges" in: sky130A_mr.drc:402
    Edges: 165514 (flat)  118588 (hierarchical)
    Elapsed: 0.010s  Memory: 817.00M
"space" in: sky130A_mr.drc:402
    Edge pairs: 0 (flat)  0 (hierarchical)
    Elapsed: 0.360s  Memory: 825.00M
"output" in: sky130A_mr.drc:402
    Edge pairs: 0 (flat)  0 (hierarchical)
    Elapsed: 0.010s  Memory: 814.00M
"-" in: sky130A_mr.drc:403
    Polygons (raw): 62118 (flat)  483 (hierarchical)
    Elapsed: 0.000s  Memory: 814.00M
"enclosing" in: sky130A_mr.drc:404
    Edge pairs: 60559 (flat)  44616 (hierarchical)
    Elapsed: 1.380s  Memory: 816.00M
"second_edges" in: sky130A_mr.drc:404
    Edges: 60559 (flat)  44616 (hierarchical)
    Elapsed: 0.010s  Memory: 817.00M
"width" in: sky130A_mr.drc:405
    Edge pairs: 0 (flat)  0 (hierarchical)
    Elapsed: 0.140s  Memory: 826.00M
"polygons" in: sky130A_mr.drc:406
    Polygons (raw): 0 (flat)  0 (hierarchical)
    Elapsed: 0.000s  Memory: 826.00M
"interacting" in: sky130A_mr.drc:406
    Polygons (raw): 0 (flat)  0 (hierarchical)
    Elapsed: 0.000s  Memory: 826.00M
"output" in: sky130A_mr.drc:407
    Polygons (raw): 0 (flat)  0 (hierarchical)
    Elapsed: 0.010s  Memory: 826.00M
"with_area" in: sky130A_mr.drc:408
    Polygons (raw): 0 (flat)  0 (hierarchical)
    Elapsed: 0.000s  Memory: 826.00M
"output" in: sky130A_mr.drc:408
    Polygons (raw): 0 (flat)  0 (hierarchical)
    Elapsed: 0.010s  Memory: 826.00M
END: 67/20 (li)
START: 67/44 (mcon)
"-" in: sky130A_mr.drc:413
    Polygons (raw): 118947 (flat)  2671 (hierarchical)
    Elapsed: 0.000s  Memory: 826.00M
"drc" in: sky130A_mr.drc:415
    Polygons (raw): 0 (flat)  0 (hierarchical)
    Elapsed: 0.810s  Memory: 846.00M
"-" in: sky130A_mr.drc:416
    Polygons (raw): 118947 (flat)  2671 (hierarchical)
    Elapsed: 0.010s  Memory: 846.00M
"-" in: sky130A_mr.drc:420
    Polygons (raw): 118947 (flat)  2671 (hierarchical)
    Elapsed: 0.000s  Memory: 846.00M
"non_rectangles" in: sky130A_mr.drc:421
    Polygons (raw): 0 (flat)  0 (hierarchical)
    Elapsed: 0.720s  Memory: 846.00M
"output" in: sky130A_mr.drc:421
    Polygons (raw): 0 (flat)  0 (hierarchical)
    Elapsed: 0.010s  Memory: 846.00M
"drc" in: sky130A_mr.drc:423
    Edge pairs: 0 (flat)  0 (hierarchical)
    Elapsed: 0.900s  Memory: 847.00M
"output" in: sky130A_mr.drc:423
    Edge pairs: 0 (flat)  0 (hierarchical)
    Elapsed: 0.000s  Memory: 847.00M
"drc" in: sky130A_mr.drc:424
    Edges: 0 (flat)  0 (hierarchical)
    Elapsed: 0.150s  Memory: 847.00M
"output" in: sky130A_mr.drc:424
    Edges: 0 (flat)  0 (hierarchical)
    Elapsed: 0.000s  Memory: 847.00M
"space" in: sky130A_mr.drc:425
    Edge pairs: 0 (flat)  0 (hierarchical)
    Elapsed: 0.680s  Memory: 847.00M
"output" in: sky130A_mr.drc:425
    Edge pairs: 0 (flat)  0 (hierarchical)
    Elapsed: 0.010s  Memory: 847.00M
"width" in: sky130A_mr.drc:427
    Edge pairs: 0 (flat)  0 (hierarchical)
    Elapsed: 0.000s  Memory: 847.00M
"output" in: sky130A_mr.drc:427
    Edge pairs: 0 (flat)  0 (hierarchical)
    Elapsed: 0.000s  Memory: 847.00M
"drc" in: sky130A_mr.drc:428
    Edge pairs: 0 (flat)  0 (hierarchical)
    Elapsed: 0.000s  Memory: 847.00M
"output" in: sky130A_mr.drc:428
    Edge pairs: 0 (flat)  0 (hierarchical)
    Elapsed: 0.000s  Memory: 847.00M
"-" in: sky130A_mr.drc:429
    Polygons (raw): 0 (flat)  0 (hierarchical)
    Elapsed: 0.010s  Memory: 847.00M
"output" in: sky130A_mr.drc:429
    Polygons (raw): 0 (flat)  0 (hierarchical)
    Elapsed: 0.000s  Memory: 847.00M
"-" in: sky130A_mr.drc:431
    Polygons (raw): 0 (flat)  0 (hierarchical)
    Elapsed: 0.560s  Memory: 855.00M
"output" in: sky130A_mr.drc:431
    Polygons (raw): 0 (flat)  0 (hierarchical)
    Elapsed: 0.000s  Memory: 847.00M
END: 67/44 (mcon)
START: 68/20 (m1)
"width" in: sky130A_mr.drc:436
    Edge pairs: 0 (flat)  0 (hierarchical)
    Elapsed: 0.220s  Memory: 847.00M
"output" in: sky130A_mr.drc:436
    Edge pairs: 0 (flat)  0 (hierarchical)
    Elapsed: 0.010s  Memory: 847.00M
"sized" in: sky130A_mr.drc:437
    Polygons (raw): 0 (flat)  0 (hierarchical)
    Elapsed: 0.040s  Memory: 847.00M
"sized" in: sky130A_mr.drc:437
    Polygons (raw): 0 (flat)  0 (hierarchical)
    Elapsed: 0.000s  Memory: 847.00M
"snap" in: sky130A_mr.drc:437
    Polygons (raw): 0 (flat)  0 (hierarchical)
    Elapsed: 0.000s  Memory: 847.00M
"&" in: sky130A_mr.drc:437
    Polygons (raw): 0 (flat)  0 (hierarchical)
    Elapsed: 0.000s  Memory: 847.00M
"edges" in: sky130A_mr.drc:438
    Edges: 39104 (flat)  29624 (hierarchical)
    Elapsed: 0.000s  Memory: 847.00M
"-" in: sky130A_mr.drc:438
    Edges: 39104 (flat)  29624 (hierarchical)
    Elapsed: 0.010s  Memory: 847.00M
"edges" in: sky130A_mr.drc:439
    Edges: 0 (flat)  0 (hierarchical)
    Elapsed: 0.000s  Memory: 847.00M
"merged" in: sky130A_mr.drc:439
    Polygons (raw): 2866 (flat)  2392 (hierarchical)
    Elapsed: 0.000s  Memory: 847.00M
"outside_part" in: sky130A_mr.drc:439
    Edges: 0 (flat)  0 (hierarchical)
    Elapsed: 0.000s  Memory: 847.00M
"space" in: sky130A_mr.drc:441
    Edge pairs: 0 (flat)  0 (hierarchical)
    Elapsed: 0.080s  Memory: 847.00M
"output" in: sky130A_mr.drc:441
    Edge pairs: 0 (flat)  0 (hierarchical)
    Elapsed: 0.010s  Memory: 847.00M
"separation" in: sky130A_mr.drc:443
    Edge pairs: 0 (flat)  0 (hierarchical)
    Elapsed: 0.000s  Memory: 847.00M
"space" in: sky130A_mr.drc:443
    Edge pairs: 0 (flat)  0 (hierarchical)
    Elapsed: 0.010s  Memory: 847.00M
"+" in: sky130A_mr.drc:443
    Edge pairs: 0 (flat)  0 (hierarchical)
    Elapsed: 0.000s  Memory: 847.00M
"output" in: sky130A_mr.drc:443
    Edge pairs: 0 (flat)  0 (hierarchical)
    Elapsed: 0.000s  Memory: 847.00M
"input" in: sky130A_mr.drc:447
    Polygons (raw): 27090 (flat)  9626 (hierarchical)
    Elapsed: 0.010s  Memory: 847.00M
"enclosing" in: sky130A_mr.drc:449
    Edge pairs: 0 (flat)  0 (hierarchical)
    Elapsed: 0.870s  Memory: 847.00M
"output" in: sky130A_mr.drc:449
    Edge pairs: 0 (flat)  0 (hierarchical)
    Elapsed: 0.010s  Memory: 847.00M
"-" in: sky130A_mr.drc:450
    Polygons (raw): 0 (flat)  0 (hierarchical)
    Elapsed: 0.560s  Memory: 847.00M
"output" in: sky130A_mr.drc:450
    Polygons (raw): 0 (flat)  0 (hierarchical)
    Elapsed: 0.000s  Memory: 847.00M
"input" in: sky130A_mr.drc:452
    Polygons (raw): 0 (flat)  0 (hierarchical)
    Elapsed: 0.000s  Memory: 847.00M
"enclosing" in: sky130A_mr.drc:453
    Edge pairs: 0 (flat)  0 (hierarchical)
    Elapsed: 0.000s  Memory: 847.00M
"output" in: sky130A_mr.drc:453
    Edge pairs: 0 (flat)  0 (hierarchical)
    Elapsed: 0.000s  Memory: 847.00M
"-" in: sky130A_mr.drc:455
    Polygons (raw): 0 (flat)  0 (hierarchical)
    Elapsed: 0.000s  Memory: 847.00M
"output" in: sky130A_mr.drc:455
    Polygons (raw): 0 (flat)  0 (hierarchical)
    Elapsed: 0.010s  Memory: 847.00M
"with_area" in: sky130A_mr.drc:457
    Polygons (raw): 0 (flat)  0 (hierarchical)
    Elapsed: 0.000s  Memory: 847.00M
"output" in: sky130A_mr.drc:457
    Polygons (raw): 0 (flat)  0 (hierarchical)
    Elapsed: 0.000s  Memory: 847.00M
"holes" in: sky130A_mr.drc:459
    Polygons (raw): 0 (flat)  0 (hierarchical)
    Elapsed: 0.000s  Memory: 847.00M
"with_area" in: sky130A_mr.drc:459
    Polygons (raw): 0 (flat)  0 (hierarchical)
    Elapsed: 0.000s  Memory: 847.00M
"output" in: sky130A_mr.drc:459
    Polygons (raw): 0 (flat)  0 (hierarchical)
    Elapsed: 0.010s  Memory: 847.00M
"enclosing" in: sky130A_mr.drc:466
    Edge pairs: 9460 (flat)  6616 (hierarchical)
    Elapsed: 0.580s  Memory: 847.00M
"second_edges" in: sky130A_mr.drc:466
    Edges: 9460 (flat)  6616 (hierarchical)
    Elapsed: 0.000s  Memory: 847.00M
"width" in: sky130A_mr.drc:467
    Edge pairs: 0 (flat)  0 (hierarchical)
    Elapsed: 0.020s  Memory: 847.00M
"polygons" in: sky130A_mr.drc:468
    Polygons (raw): 0 (flat)  0 (hierarchical)
    Elapsed: 0.000s  Memory: 847.00M
"interacting" in: sky130A_mr.drc:468
    Polygons (raw): 0 (flat)  0 (hierarchical)
    Elapsed: 0.000s  Memory: 847.00M
"output" in: sky130A_mr.drc:469
    Polygons (raw): 0 (flat)  0 (hierarchical)
    Elapsed: 0.000s  Memory: 847.00M
END: 68/20 (m1)
START: 68/44 (via)
"drc" in: sky130A_mr.drc:477
    Polygons (raw): 0 (flat)  0 (hierarchical)
    Elapsed: 0.030s  Memory: 847.00M
"-" in: sky130A_mr.drc:478
    Polygons (raw): 3452 (flat)  3452 (hierarchical)
    Elapsed: 0.000s  Memory: 847.00M
"-" in: sky130A_mr.drc:483
    Polygons (raw): 3452 (flat)  3452 (hierarchical)
    Elapsed: 0.000s  Memory: 847.00M
"non_rectangles" in: sky130A_mr.drc:485
    Polygons (raw): 0 (flat)  0 (hierarchical)
    Elapsed: 0.020s  Memory: 847.00M
"output" in: sky130A_mr.drc:485
    Polygons (raw): 0 (flat)  0 (hierarchical)
    Elapsed: 0.000s  Memory: 847.00M
"width" in: sky130A_mr.drc:486
    Edge pairs: 0 (flat)  0 (hierarchical)
    Elapsed: 0.000s  Memory: 847.00M
"output" in: sky130A_mr.drc:486
    Edge pairs: 0 (flat)  0 (hierarchical)
    Elapsed: 0.000s  Memory: 847.00M
"drc" in: sky130A_mr.drc:488
    Edges: 0 (flat)  0 (hierarchical)
    Elapsed: 0.010s  Memory: 847.00M
"output" in: sky130A_mr.drc:488
    Edges: 0 (flat)  0 (hierarchical)
    Elapsed: 0.000s  Memory: 847.00M
"space" in: sky130A_mr.drc:490
    Edge pairs: 0 (flat)  0 (hierarchical)
    Elapsed: 0.010s  Memory: 847.00M
"output" in: sky130A_mr.drc:490
    Edge pairs: 0 (flat)  0 (hierarchical)
    Elapsed: 0.000s  Memory: 847.00M
"width" in: sky130A_mr.drc:493
    Edge pairs: 0 (flat)  0 (hierarchical)
    Elapsed: 0.000s  Memory: 847.00M
"output" in: sky130A_mr.drc:493
    Edge pairs: 0 (flat)  0 (hierarchical)
    Elapsed: 0.000s  Memory: 847.00M
"drc" in: sky130A_mr.drc:494
    Edge pairs: 0 (flat)  0 (hierarchical)
    Elapsed: 0.010s  Memory: 847.00M
"output" in: sky130A_mr.drc:494
    Edge pairs: 0 (flat)  0 (hierarchical)
    Elapsed: 0.000s  Memory: 847.00M
"-" in: sky130A_mr.drc:495
    Polygons (raw): 0 (flat)  0 (hierarchical)
    Elapsed: 0.000s  Memory: 847.00M
"output" in: sky130A_mr.drc:495
    Polygons (raw): 0 (flat)  0 (hierarchical)
    Elapsed: 0.000s  Memory: 847.00M
"edges" in: sky130A_mr.drc:498
    Edges: 39104 (flat)  29624 (hierarchical)
    Elapsed: 0.010s  Memory: 847.00M
"drc" in: sky130A_mr.drc:498
    Edges: 13808 (flat)  13808 (hierarchical)
    Elapsed: 0.050s  Memory: 847.00M
"enclosing" in: sky130A_mr.drc:498
    Edge pairs: 0 (flat)  0 (hierarchical)
    Elapsed: 0.020s  Memory: 847.00M
"output" in: sky130A_mr.drc:498
    Edge pairs: 0 (flat)  0 (hierarchical)
    Elapsed: 0.000s  Memory: 847.00M
"squares" in: sky130A_mr.drc:499
    Polygons (raw): 3452 (flat)  3452 (hierarchical)
    Elapsed: 0.000s  Memory: 847.00M
"drc" in: sky130A_mr.drc:499
    Edges: 13808 (flat)  13808 (hierarchical)
    Elapsed: 0.030s  Memory: 847.00M
"-" in: sky130A_mr.drc:499
    Edges: 0 (flat)  0 (hierarchical)
    Elapsed: 0.110s  Memory: 847.00M
"output" in: sky130A_mr.drc:499
    Edges: 0 (flat)  0 (hierarchical)
    Elapsed: 0.000s  Memory: 847.00M
"edges" in: sky130A_mr.drc:501
    Edges: 39104 (flat)  29624 (hierarchical)
    Elapsed: 0.000s  Memory: 847.00M
"drc" in: sky130A_mr.drc:501
    Edges: 13808 (flat)  13808 (hierarchical)
    Elapsed: 0.030s  Memory: 847.00M
"enclosing" in: sky130A_mr.drc:501
    Edge pairs: 5119 (flat)  5119 (hierarchical)
    Elapsed: 0.050s  Memory: 847.00M
"second_edges" in: sky130A_mr.drc:501
    Edges: 5119 (flat)  5119 (hierarchical)
    Elapsed: 0.000s  Memory: 847.00M
"width" in: sky130A_mr.drc:502
    Edge pairs: 0 (flat)  0 (hierarchical)
    Elapsed: 0.020s  Memory: 847.00M
"polygons" in: sky130A_mr.drc:503
    Polygons (raw): 0 (flat)  0 (hierarchical)
    Elapsed: 0.000s  Memory: 847.00M
"interacting" in: sky130A_mr.drc:503
    Polygons (raw): 0 (flat)  0 (hierarchical)
    Elapsed: 0.000s  Memory: 847.00M
"output" in: sky130A_mr.drc:504
    Polygons (raw): 0 (flat)  0 (hierarchical)
    Elapsed: 0.000s  Memory: 847.00M
END: 68/44 (via)
START: 69/20 (m2)
"width" in: sky130A_mr.drc:511
    Edge pairs: 0 (flat)  0 (hierarchical)
    Elapsed: 0.020s  Memory: 847.00M
"output" in: sky130A_mr.drc:511
    Edge pairs: 0 (flat)  0 (hierarchical)
    Elapsed: 0.000s  Memory: 847.00M
"sized" in: sky130A_mr.drc:513
    Polygons (raw): 0 (flat)  0 (hierarchical)
    Elapsed: 0.020s  Memory: 847.00M
"sized" in: sky130A_mr.drc:513
    Polygons (raw): 0 (flat)  0 (hierarchical)
    Elapsed: 0.010s  Memory: 847.00M
"snap" in: sky130A_mr.drc:513
    Polygons (raw): 0 (flat)  0 (hierarchical)
    Elapsed: 0.000s  Memory: 847.00M
"&" in: sky130A_mr.drc:513
    Polygons (raw): 0 (flat)  0 (hierarchical)
    Elapsed: 0.000s  Memory: 847.00M
"edges" in: sky130A_mr.drc:514
    Edges: 19604 (flat)  19604 (hierarchical)
    Elapsed: 0.000s  Memory: 847.00M
"-" in: sky130A_mr.drc:514
    Edges: 19604 (flat)  19604 (hierarchical)
    Elapsed: 0.000s  Memory: 847.00M
"edges" in: sky130A_mr.drc:515
    Edges: 0 (flat)  0 (hierarchical)
    Elapsed: 0.000s  Memory: 847.00M
"merged" in: sky130A_mr.drc:515
    Polygons (raw): 1475 (flat)  1475 (hierarchical)
    Elapsed: 0.000s  Memory: 847.00M
"outside_part" in: sky130A_mr.drc:515
    Edges: 0 (flat)  0 (hierarchical)
    Elapsed: 0.000s  Memory: 847.00M
"-" in: sky130A_mr.drc:516
    Polygons (raw): 3452 (flat)  3452 (hierarchical)
    Elapsed: 0.010s  Memory: 847.00M
"space" in: sky130A_mr.drc:518
    Edge pairs: 0 (flat)  0 (hierarchical)
    Elapsed: 0.050s  Memory: 847.00M
"output" in: sky130A_mr.drc:518
    Edge pairs: 0 (flat)  0 (hierarchical)
    Elapsed: 0.000s  Memory: 847.00M
"separation" in: sky130A_mr.drc:520
    Edge pairs: 0 (flat)  0 (hierarchical)
    Elapsed: 0.010s  Memory: 847.00M
"space" in: sky130A_mr.drc:520
    Edge pairs: 0 (flat)  0 (hierarchical)
    Elapsed: 0.000s  Memory: 847.00M
"+" in: sky130A_mr.drc:520
    Edge pairs: 0 (flat)  0 (hierarchical)
    Elapsed: 0.000s  Memory: 847.00M
"output" in: sky130A_mr.drc:520
    Edge pairs: 0 (flat)  0 (hierarchical)
    Elapsed: 0.000s  Memory: 847.00M
"with_area" in: sky130A_mr.drc:522
    Polygons (raw): 0 (flat)  0 (hierarchical)
    Elapsed: 0.000s  Memory: 847.00M
"output" in: sky130A_mr.drc:522
    Polygons (raw): 0 (flat)  0 (hierarchical)
    Elapsed: 0.000s  Memory: 847.00M
"holes" in: sky130A_mr.drc:523
    Polygons (raw): 0 (flat)  0 (hierarchical)
    Elapsed: 0.010s  Memory: 847.00M
"with_area" in: sky130A_mr.drc:523
    Polygons (raw): 0 (flat)  0 (hierarchical)
    Elapsed: 0.000s  Memory: 847.00M
"output" in: sky130A_mr.drc:523
    Polygons (raw): 0 (flat)  0 (hierarchical)
    Elapsed: 0.000s  Memory: 847.00M
"enclosing" in: sky130A_mr.drc:528
    Edge pairs: 0 (flat)  0 (hierarchical)
    Elapsed: 0.020s  Memory: 847.00M
"output" in: sky130A_mr.drc:528
    Edge pairs: 0 (flat)  0 (hierarchical)
    Elapsed: 0.000s  Memory: 847.00M
"-" in: sky130A_mr.drc:529
    Polygons (raw): 0 (flat)  0 (hierarchical)
    Elapsed: 0.020s  Memory: 847.00M
"output" in: sky130A_mr.drc:529
    Polygons (raw): 0 (flat)  0 (hierarchical)
    Elapsed: 0.000s  Memory: 847.00M
"enclosing" in: sky130A_mr.drc:530
    Edge pairs: 5398 (flat)  5398 (hierarchical)
    Elapsed: 0.030s  Memory: 847.00M
"second_edges" in: sky130A_mr.drc:530
    Edges: 5398 (flat)  5398 (hierarchical)
    Elapsed: 0.000s  Memory: 847.00M
"width" in: sky130A_mr.drc:531
    Edge pairs: 0 (flat)  0 (hierarchical)
    Elapsed: 0.020s  Memory: 863.00M
"polygons" in: sky130A_mr.drc:532
    Polygons (raw): 0 (flat)  0 (hierarchical)
    Elapsed: 0.000s  Memory: 847.00M
"interacting" in: sky130A_mr.drc:532
    Polygons (raw): 0 (flat)  0 (hierarchical)
    Elapsed: 0.000s  Memory: 847.00M
"output" in: sky130A_mr.drc:533
    Polygons (raw): 0 (flat)  0 (hierarchical)
    Elapsed: 0.000s  Memory: 847.00M
END: 69/20 (m2)
START: 69/44 (via2)
"drc" in: sky130A_mr.drc:542
    Polygons (raw): 0 (flat)  0 (hierarchical)
    Elapsed: 0.020s  Memory: 847.00M
"-" in: sky130A_mr.drc:543
    Polygons (raw): 926 (flat)  926 (hierarchical)
    Elapsed: 0.000s  Memory: 847.00M
"-" in: sky130A_mr.drc:548
    Polygons (raw): 926 (flat)  926 (hierarchical)
    Elapsed: 0.000s  Memory: 847.00M
"non_rectangles" in: sky130A_mr.drc:549
    Polygons (raw): 0 (flat)  0 (hierarchical)
    Elapsed: 0.010s  Memory: 847.00M
"output" in: sky130A_mr.drc:549
    Polygons (raw): 0 (flat)  0 (hierarchical)
    Elapsed: 0.010s  Memory: 847.00M
"width" in: sky130A_mr.drc:550
    Edge pairs: 0 (flat)  0 (hierarchical)
    Elapsed: 0.000s  Memory: 847.00M
"output" in: sky130A_mr.drc:550
    Edge pairs: 0 (flat)  0 (hierarchical)
    Elapsed: 0.000s  Memory: 847.00M
"edges" in: sky130A_mr.drc:551
    Edges: 3704 (flat)  3704 (hierarchical)
    Elapsed: 0.000s  Memory: 847.00M
"without_length" in: sky130A_mr.drc:551
    Edges: 0 (flat)  0 (hierarchical)
    Elapsed: 0.000s  Memory: 847.00M
"output" in: sky130A_mr.drc:551
    Edges: 0 (flat)  0 (hierarchical)
    Elapsed: 0.000s  Memory: 847.00M
"space" in: sky130A_mr.drc:552
    Edge pairs: 0 (flat)  0 (hierarchical)
    Elapsed: 0.000s  Memory: 847.00M
"output" in: sky130A_mr.drc:552
    Edge pairs: 0 (flat)  0 (hierarchical)
    Elapsed: 0.010s  Memory: 847.00M
"width" in: sky130A_mr.drc:555
    Edge pairs: 0 (flat)  0 (hierarchical)
    Elapsed: 0.000s  Memory: 847.00M
"output" in: sky130A_mr.drc:555
    Edge pairs: 0 (flat)  0 (hierarchical)
    Elapsed: 0.000s  Memory: 847.00M
"drc" in: sky130A_mr.drc:556
    Edge pairs: 0 (flat)  0 (hierarchical)
    Elapsed: 0.010s  Memory: 847.00M
"output" in: sky130A_mr.drc:556
    Edge pairs: 0 (flat)  0 (hierarchical)
    Elapsed: 0.000s  Memory: 847.00M
"-" in: sky130A_mr.drc:557
    Polygons (raw): 0 (flat)  0 (hierarchical)
    Elapsed: 0.000s  Memory: 847.00M
"output" in: sky130A_mr.drc:557
    Polygons (raw): 0 (flat)  0 (hierarchical)
    Elapsed: 0.000s  Memory: 847.00M
"enclosing" in: sky130A_mr.drc:560
    Edge pairs: 0 (flat)  0 (hierarchical)
    Elapsed: 0.010s  Memory: 847.00M
"output" in: sky130A_mr.drc:560
    Edge pairs: 0 (flat)  0 (hierarchical)
    Elapsed: 0.000s  Memory: 847.00M
"-" in: sky130A_mr.drc:561
    Polygons (raw): 0 (flat)  0 (hierarchical)
    Elapsed: 0.010s  Memory: 847.00M
"output" in: sky130A_mr.drc:561
    Polygons (raw): 0 (flat)  0 (hierarchical)
    Elapsed: 0.000s  Memory: 847.00M
"enclosing" in: sky130A_mr.drc:563
    Edge pairs: 668 (flat)  668 (hierarchical)
    Elapsed: 0.010s  Memory: 847.00M
"second_edges" in: sky130A_mr.drc:563
    Edges: 668 (flat)  668 (hierarchical)
    Elapsed: 0.000s  Memory: 847.00M
"width" in: sky130A_mr.drc:564
    Edge pairs: 0 (flat)  0 (hierarchical)
    Elapsed: 0.010s  Memory: 847.00M
"polygons" in: sky130A_mr.drc:565
    Polygons (raw): 0 (flat)  0 (hierarchical)
    Elapsed: 0.000s  Memory: 847.00M
"interacting" in: sky130A_mr.drc:565
    Polygons (raw): 0 (flat)  0 (hierarchical)
    Elapsed: 0.010s  Memory: 847.00M
"output" in: sky130A_mr.drc:566
    Polygons (raw): 0 (flat)  0 (hierarchical)
    Elapsed: 0.000s  Memory: 847.00M
END: 69/44 (via2)
START: 70/20 (m3)
"width" in: sky130A_mr.drc:572
    Edge pairs: 0 (flat)  0 (hierarchical)
    Elapsed: 0.010s  Memory: 847.00M
"output" in: sky130A_mr.drc:572
    Edge pairs: 0 (flat)  0 (hierarchical)
    Elapsed: 0.000s  Memory: 847.00M
"sized" in: sky130A_mr.drc:574
    Polygons (raw): 0 (flat)  0 (hierarchical)
    Elapsed: 0.000s  Memory: 847.00M
"sized" in: sky130A_mr.drc:574
    Polygons (raw): 0 (flat)  0 (hierarchical)
    Elapsed: 0.010s  Memory: 847.00M
"snap" in: sky130A_mr.drc:574
    Polygons (raw): 0 (flat)  0 (hierarchical)
    Elapsed: 0.000s  Memory: 847.00M
"&" in: sky130A_mr.drc:574
    Polygons (raw): 0 (flat)  0 (hierarchical)
    Elapsed: 0.000s  Memory: 847.00M
"edges" in: sky130A_mr.drc:575
    Edges: 2102 (flat)  2102 (hierarchical)
    Elapsed: 0.000s  Memory: 847.00M
"-" in: sky130A_mr.drc:575
    Edges: 2102 (flat)  2102 (hierarchical)
    Elapsed: 0.000s  Memory: 847.00M
"edges" in: sky130A_mr.drc:576
    Edges: 0 (flat)  0 (hierarchical)
    Elapsed: 0.000s  Memory: 847.00M
"merged" in: sky130A_mr.drc:576
    Polygons (raw): 305 (flat)  305 (hierarchical)
    Elapsed: 0.000s  Memory: 847.00M
"outside_part" in: sky130A_mr.drc:576
    Edges: 0 (flat)  0 (hierarchical)
    Elapsed: 0.010s  Memory: 847.00M
"space" in: sky130A_mr.drc:578
    Edge pairs: 0 (flat)  0 (hierarchical)
    Elapsed: 0.000s  Memory: 847.00M
"output" in: sky130A_mr.drc:578
    Edge pairs: 0 (flat)  0 (hierarchical)
    Elapsed: 0.000s  Memory: 847.00M
"with_area" in: sky130A_mr.drc:580
    Polygons (raw): 0 (flat)  0 (hierarchical)
    Elapsed: 0.000s  Memory: 847.00M
"output" in: sky130A_mr.drc:580
    Polygons (raw): 0 (flat)  0 (hierarchical)
    Elapsed: 0.000s  Memory: 847.00M
"separation" in: sky130A_mr.drc:582
    Edge pairs: 0 (flat)  0 (hierarchical)
    Elapsed: 0.010s  Memory: 847.00M
"space" in: sky130A_mr.drc:582
    Edge pairs: 0 (flat)  0 (hierarchical)
    Elapsed: 0.010s  Memory: 847.00M
"+" in: sky130A_mr.drc:582
    Edge pairs: 0 (flat)  0 (hierarchical)
    Elapsed: 0.000s  Memory: 847.00M
"output" in: sky130A_mr.drc:582
    Edge pairs: 0 (flat)  0 (hierarchical)
    Elapsed: 0.000s  Memory: 847.00M
"enclosing" in: sky130A_mr.drc:587
    Edge pairs: 0 (flat)  0 (hierarchical)
    Elapsed: 0.010s  Memory: 847.00M
"output" in: sky130A_mr.drc:587
    Edge pairs: 0 (flat)  0 (hierarchical)
    Elapsed: 0.000s  Memory: 847.00M
"-" in: sky130A_mr.drc:588
    Polygons (raw): 0 (flat)  0 (hierarchical)
    Elapsed: 0.010s  Memory: 847.00M
"output" in: sky130A_mr.drc:588
    Polygons (raw): 0 (flat)  0 (hierarchical)
    Elapsed: 0.000s  Memory: 847.00M
END: 70/20 (m3)
START: 70/44 (via3)
"drc" in: sky130A_mr.drc:596
    Polygons (raw): 0 (flat)  0 (hierarchical)
    Elapsed: 0.010s  Memory: 847.00M
"-" in: sky130A_mr.drc:597
    Polygons (raw): 870 (flat)  870 (hierarchical)
    Elapsed: 0.000s  Memory: 847.00M
"-" in: sky130A_mr.drc:602
    Polygons (raw): 870 (flat)  870 (hierarchical)
    Elapsed: 0.000s  Memory: 847.00M
"non_rectangles" in: sky130A_mr.drc:603
    Polygons (raw): 0 (flat)  0 (hierarchical)
    Elapsed: 0.000s  Memory: 847.00M
"output" in: sky130A_mr.drc:603
    Polygons (raw): 0 (flat)  0 (hierarchical)
    Elapsed: 0.000s  Memory: 847.00M
"width" in: sky130A_mr.drc:604
    Edge pairs: 0 (flat)  0 (hierarchical)
    Elapsed: 0.000s  Memory: 847.00M
"output" in: sky130A_mr.drc:604
    Edge pairs: 0 (flat)  0 (hierarchical)
    Elapsed: 0.000s  Memory: 847.00M
"edges" in: sky130A_mr.drc:605
    Edges: 3480 (flat)  3480 (hierarchical)
    Elapsed: 0.010s  Memory: 847.00M
"without_length" in: sky130A_mr.drc:605
    Edges: 0 (flat)  0 (hierarchical)
    Elapsed: 0.000s  Memory: 847.00M
"output" in: sky130A_mr.drc:605
    Edges: 0 (flat)  0 (hierarchical)
    Elapsed: 0.000s  Memory: 847.00M
"space" in: sky130A_mr.drc:607
    Edge pairs: 0 (flat)  0 (hierarchical)
    Elapsed: 0.010s  Memory: 847.00M
"output" in: sky130A_mr.drc:607
    Edge pairs: 0 (flat)  0 (hierarchical)
    Elapsed: 0.000s  Memory: 847.00M
"enclosing" in: sky130A_mr.drc:608
    Edge pairs: 0 (flat)  0 (hierarchical)
    Elapsed: 0.020s  Memory: 847.00M
"output" in: sky130A_mr.drc:608
    Edge pairs: 0 (flat)  0 (hierarchical)
    Elapsed: 0.000s  Memory: 847.00M
"-" in: sky130A_mr.drc:609
    Polygons (raw): 0 (flat)  0 (hierarchical)
    Elapsed: 0.010s  Memory: 847.00M
"output" in: sky130A_mr.drc:609
    Polygons (raw): 0 (flat)  0 (hierarchical)
    Elapsed: 0.000s  Memory: 847.00M
"enclosing" in: sky130A_mr.drc:611
    Edge pairs: 1768 (flat)  1768 (hierarchical)
    Elapsed: 0.020s  Memory: 855.00M
"second_edges" in: sky130A_mr.drc:611
    Edges: 1768 (flat)  1768 (hierarchical)
    Elapsed: 0.000s  Memory: 847.00M
"width" in: sky130A_mr.drc:612
    Edge pairs: 0 (flat)  0 (hierarchical)
    Elapsed: 0.010s  Memory: 847.00M
"polygons" in: sky130A_mr.drc:613
    Polygons (raw): 0 (flat)  0 (hierarchical)
    Elapsed: 0.000s  Memory: 847.00M
"interacting" in: sky130A_mr.drc:613
    Polygons (raw): 0 (flat)  0 (hierarchical)
    Elapsed: 0.000s  Memory: 847.00M
"output" in: sky130A_mr.drc:614
    Polygons (raw): 0 (flat)  0 (hierarchical)
    Elapsed: 0.000s  Memory: 847.00M
END: 70/44 (via3)
START: 71/20 (m4)
"width" in: sky130A_mr.drc:620
    Edge pairs: 0 (flat)  0 (hierarchical)
    Elapsed: 0.000s  Memory: 847.00M
"output" in: sky130A_mr.drc:620
    Edge pairs: 0 (flat)  0 (hierarchical)
    Elapsed: 0.000s  Memory: 847.00M
"sized" in: sky130A_mr.drc:622
    Polygons (raw): 0 (flat)  0 (hierarchical)
    Elapsed: 0.000s  Memory: 847.00M
"sized" in: sky130A_mr.drc:622
    Polygons (raw): 0 (flat)  0 (hierarchical)
    Elapsed: 0.000s  Memory: 847.00M
"snap" in: sky130A_mr.drc:622
    Polygons (raw): 0 (flat)  0 (hierarchical)
    Elapsed: 0.010s  Memory: 847.00M
"&" in: sky130A_mr.drc:622
    Polygons (raw): 0 (flat)  0 (hierarchical)
    Elapsed: 0.000s  Memory: 847.00M
"edges" in: sky130A_mr.drc:623
    Edges: 504 (flat)  504 (hierarchical)
    Elapsed: 0.000s  Memory: 847.00M
"-" in: sky130A_mr.drc:623
    Edges: 504 (flat)  504 (hierarchical)
    Elapsed: 0.010s  Memory: 847.00M
"edges" in: sky130A_mr.drc:624
    Edges: 0 (flat)  0 (hierarchical)
    Elapsed: 0.000s  Memory: 847.00M
"merged" in: sky130A_mr.drc:624
    Polygons (raw): 43 (flat)  43 (hierarchical)
    Elapsed: 0.000s  Memory: 847.00M
"outside_part" in: sky130A_mr.drc:624
    Edges: 0 (flat)  0 (hierarchical)
    Elapsed: 0.000s  Memory: 847.00M
"space" in: sky130A_mr.drc:626
    Edge pairs: 0 (flat)  0 (hierarchical)
    Elapsed: 0.010s  Memory: 847.00M
"output" in: sky130A_mr.drc:626
    Edge pairs: 0 (flat)  0 (hierarchical)
    Elapsed: 0.000s  Memory: 847.00M
"with_area" in: sky130A_mr.drc:628
    Polygons (raw): 0 (flat)  0 (hierarchical)
    Elapsed: 0.000s  Memory: 847.00M
"output" in: sky130A_mr.drc:628
    Polygons (raw): 0 (flat)  0 (hierarchical)
    Elapsed: 0.010s  Memory: 847.00M
"separation" in: sky130A_mr.drc:630
    Edge pairs: 0 (flat)  0 (hierarchical)
    Elapsed: 0.000s  Memory: 847.00M
"space" in: sky130A_mr.drc:630
    Edge pairs: 0 (flat)  0 (hierarchical)
    Elapsed: 0.010s  Memory: 847.00M
"+" in: sky130A_mr.drc:630
    Edge pairs: 0 (flat)  0 (hierarchical)
    Elapsed: 0.000s  Memory: 847.00M
"output" in: sky130A_mr.drc:630
    Edge pairs: 0 (flat)  0 (hierarchical)
    Elapsed: 0.000s  Memory: 847.00M
"enclosing" in: sky130A_mr.drc:635
    Edge pairs: 0 (flat)  0 (hierarchical)
    Elapsed: 0.010s  Memory: 847.00M
"output" in: sky130A_mr.drc:635
    Edge pairs: 0 (flat)  0 (hierarchical)
    Elapsed: 0.010s  Memory: 847.00M
"-" in: sky130A_mr.drc:636
    Polygons (raw): 0 (flat)  0 (hierarchical)
    Elapsed: 0.000s  Memory: 847.00M
"output" in: sky130A_mr.drc:636
    Polygons (raw): 0 (flat)  0 (hierarchical)
    Elapsed: 0.000s  Memory: 847.00M
END: 71/20 (m4)
START: 71/44 (via4)
"drc" in: sky130A_mr.drc:643
    Polygons (raw): 0 (flat)  0 (hierarchical)
    Elapsed: 0.010s  Memory: 847.00M
"-" in: sky130A_mr.drc:644
    Polygons (raw): 8 (flat)  8 (hierarchical)
    Elapsed: 0.000s  Memory: 847.00M
"-" in: sky130A_mr.drc:649
    Polygons (raw): 8 (flat)  8 (hierarchical)
    Elapsed: 0.000s  Memory: 847.00M
"non_rectangles" in: sky130A_mr.drc:650
    Polygons (raw): 0 (flat)  0 (hierarchical)
    Elapsed: 0.000s  Memory: 847.00M
"output" in: sky130A_mr.drc:650
    Polygons (raw): 0 (flat)  0 (hierarchical)
    Elapsed: 0.000s  Memory: 847.00M
"width" in: sky130A_mr.drc:651
    Edge pairs: 0 (flat)  0 (hierarchical)
    Elapsed: 0.000s  Memory: 847.00M
"output" in: sky130A_mr.drc:651
    Edge pairs: 0 (flat)  0 (hierarchical)
    Elapsed: 0.000s  Memory: 847.00M
"drc" in: sky130A_mr.drc:652
    Edges: 0 (flat)  0 (hierarchical)
    Elapsed: 0.010s  Memory: 847.00M
"output" in: sky130A_mr.drc:652
    Edges: 0 (flat)  0 (hierarchical)
    Elapsed: 0.000s  Memory: 847.00M
"space" in: sky130A_mr.drc:654
    Edge pairs: 0 (flat)  0 (hierarchical)
    Elapsed: 0.010s  Memory: 847.00M
"polygons" in: sky130A_mr.drc:654
    Polygons (raw): 0 (flat)  0 (hierarchical)
    Elapsed: 0.000s  Memory: 847.00M
"output" in: sky130A_mr.drc:654
    Polygons (raw): 0 (flat)  0 (hierarchical)
    Elapsed: 0.000s  Memory: 847.00M
"width" in: sky130A_mr.drc:657
    Edge pairs: 0 (flat)  0 (hierarchical)
    Elapsed: 0.000s  Memory: 847.00M
"output" in: sky130A_mr.drc:657
    Edge pairs: 0 (flat)  0 (hierarchical)
    Elapsed: 0.010s  Memory: 847.00M
"drc" in: sky130A_mr.drc:658
    Edge pairs: 0 (flat)  0 (hierarchical)
    Elapsed: 0.000s  Memory: 847.00M
"output" in: sky130A_mr.drc:658
    Edge pairs: 0 (flat)  0 (hierarchical)
    Elapsed: 0.010s  Memory: 847.00M
"-" in: sky130A_mr.drc:659
    Polygons (raw): 0 (flat)  0 (hierarchical)
    Elapsed: 0.000s  Memory: 847.00M
"output" in: sky130A_mr.drc:659
    Polygons (raw): 0 (flat)  0 (hierarchical)
    Elapsed: 0.000s  Memory: 847.00M
"enclosing" in: sky130A_mr.drc:662
    Edge pairs: 0 (flat)  0 (hierarchical)
    Elapsed: 0.010s  Memory: 847.00M
"output" in: sky130A_mr.drc:662
    Edge pairs: 0 (flat)  0 (hierarchical)
    Elapsed: 0.000s  Memory: 847.00M
"-" in: sky130A_mr.drc:663
    Polygons (raw): 0 (flat)  0 (hierarchical)
    Elapsed: 0.010s  Memory: 847.00M
"output" in: sky130A_mr.drc:663
    Polygons (raw): 0 (flat)  0 (hierarchical)
    Elapsed: 0.000s  Memory: 847.00M
END: 71/44 (via4)
START: 72/20 (m5)
"width" in: sky130A_mr.drc:668
    Edge pairs: 0 (flat)  0 (hierarchical)
    Elapsed: 0.010s  Memory: 847.00M
"output" in: sky130A_mr.drc:668
    Edge pairs: 0 (flat)  0 (hierarchical)
    Elapsed: 0.000s  Memory: 847.00M
"space" in: sky130A_mr.drc:670
    Edge pairs: 0 (flat)  0 (hierarchical)
    Elapsed: 0.000s  Memory: 847.00M
"output" in: sky130A_mr.drc:670
    Edge pairs: 0 (flat)  0 (hierarchical)
    Elapsed: 0.000s  Memory: 847.00M
"enclosing" in: sky130A_mr.drc:672
    Edge pairs: 0 (flat)  0 (hierarchical)
    Elapsed: 0.010s  Memory: 847.00M
"output" in: sky130A_mr.drc:672
    Edge pairs: 0 (flat)  0 (hierarchical)
    Elapsed: 0.000s  Memory: 847.00M
"-" in: sky130A_mr.drc:673
    Polygons (raw): 0 (flat)  0 (hierarchical)
    Elapsed: 0.010s  Memory: 847.00M
"output" in: sky130A_mr.drc:673
    Polygons (raw): 0 (flat)  0 (hierarchical)
    Elapsed: 0.000s  Memory: 847.00M
"with_area" in: sky130A_mr.drc:677
    Polygons (raw): 0 (flat)  0 (hierarchical)
    Elapsed: 0.000s  Memory: 847.00M
"output" in: sky130A_mr.drc:677
    Polygons (raw): 0 (flat)  0 (hierarchical)
    Elapsed: 0.010s  Memory: 847.00M
END: 72/20 (m5)
START: 76/20 (pad)
"space" in: sky130A_mr.drc:682
    Edge pairs: 0 (flat)  0 (hierarchical)
    Elapsed: 0.000s  Memory: 847.00M
"output" in: sky130A_mr.drc:682
    Edge pairs: 0 (flat)  0 (hierarchical)
    Elapsed: 0.000s  Memory: 847.00M
END: 76/20 (pad)
FEOL section
START: 75/20 (hvi)
"-" in: sky130A_mr.drc:692
    Polygons (raw): 0 (flat)  0 (hierarchical)
    Elapsed: 0.000s  Memory: 847.00M
"width" in: sky130A_mr.drc:693
    Edge pairs: 0 (flat)  0 (hierarchical)
    Elapsed: 0.000s  Memory: 847.00M
"output" in: sky130A_mr.drc:693
    Edge pairs: 0 (flat)  0 (hierarchical)
    Elapsed: 0.000s  Memory: 847.00M
"space" in: sky130A_mr.drc:694
    Edge pairs: 0 (flat)  0 (hierarchical)
    Elapsed: 0.000s  Memory: 847.00M
"output" in: sky130A_mr.drc:694
    Edge pairs: 0 (flat)  0 (hierarchical)
    Elapsed: 0.000s  Memory: 847.00M
END: 75/20 (hvi)
START: 125/20 (hvntm)
"-" in: sky130A_mr.drc:699
    Polygons (raw): 0 (flat)  0 (hierarchical)
    Elapsed: 0.000s  Memory: 847.00M
"width" in: sky130A_mr.drc:700
    Edge pairs: 0 (flat)  0 (hierarchical)
    Elapsed: 0.000s  Memory: 847.00M
"output" in: sky130A_mr.drc:700
    Edge pairs: 0 (flat)  0 (hierarchical)
    Elapsed: 0.000s  Memory: 847.00M
"space" in: sky130A_mr.drc:701
    Edge pairs: 0 (flat)  0 (hierarchical)
    Elapsed: 0.000s  Memory: 847.00M
"output" in: sky130A_mr.drc:701
    Edge pairs: 0 (flat)  0 (hierarchical)
    Elapsed: 0.000s  Memory: 847.00M
END: 125/20 (hvntm)
OFFGRID-ANGLES section
"ongrid" in: sky130A_mr.drc:710
    Edge pairs: 0 (flat)  0 (hierarchical)
    Elapsed: 0.000s  Memory: 847.00M
"output" in: sky130A_mr.drc:710
    Edge pairs: 0 (flat)  0 (hierarchical)
    Elapsed: 0.000s  Memory: 847.00M
"with_angle" in: sky130A_mr.drc:711
    Edge pairs: 0 (flat)  0 (hierarchical)
    Elapsed: 0.000s  Memory: 847.00M
"output" in: sky130A_mr.drc:711
    Edge pairs: 0 (flat)  0 (hierarchical)
    Elapsed: 0.000s  Memory: 847.00M
"ongrid" in: sky130A_mr.drc:712
    Edge pairs: 0 (flat)  0 (hierarchical)
    Elapsed: 0.000s  Memory: 847.00M
"output" in: sky130A_mr.drc:712
    Edge pairs: 0 (flat)  0 (hierarchical)
    Elapsed: 0.000s  Memory: 847.00M
"with_angle" in: sky130A_mr.drc:713
    Edge pairs: 0 (flat)  0 (hierarchical)
    Elapsed: 0.000s  Memory: 847.00M
"output" in: sky130A_mr.drc:713
    Edge pairs: 0 (flat)  0 (hierarchical)
    Elapsed: 0.000s  Memory: 847.00M
"ongrid" in: sky130A_mr.drc:714
    Edge pairs: 0 (flat)  0 (hierarchical)
    Elapsed: 0.000s  Memory: 847.00M
"output" in: sky130A_mr.drc:714
    Edge pairs: 0 (flat)  0 (hierarchical)
    Elapsed: 0.000s  Memory: 847.00M
"with_angle" in: sky130A_mr.drc:715
    Edge pairs: 0 (flat)  0 (hierarchical)
    Elapsed: 0.000s  Memory: 847.00M
"output" in: sky130A_mr.drc:715
    Edge pairs: 0 (flat)  0 (hierarchical)
    Elapsed: 0.000s  Memory: 847.00M
"ongrid" in: sky130A_mr.drc:716
    Edge pairs: 0 (flat)  0 (hierarchical)
    Elapsed: 0.010s  Memory: 847.00M
"output" in: sky130A_mr.drc:716
    Edge pairs: 0 (flat)  0 (hierarchical)
    Elapsed: 0.000s  Memory: 847.00M
"with_angle" in: sky130A_mr.drc:717
    Edge pairs: 0 (flat)  0 (hierarchical)
    Elapsed: 0.000s  Memory: 847.00M
"output" in: sky130A_mr.drc:717
    Edge pairs: 0 (flat)  0 (hierarchical)
    Elapsed: 0.000s  Memory: 847.00M
"ongrid" in: sky130A_mr.drc:718
    Edge pairs: 0 (flat)  0 (hierarchical)
    Elapsed: 0.000s  Memory: 847.00M
"output" in: sky130A_mr.drc:718
    Edge pairs: 0 (flat)  0 (hierarchical)
    Elapsed: 0.000s  Memory: 847.00M
"with_angle" in: sky130A_mr.drc:719
    Edge pairs: 0 (flat)  0 (hierarchical)
    Elapsed: 0.000s  Memory: 847.00M
"output" in: sky130A_mr.drc:719
    Edge pairs: 0 (flat)  0 (hierarchical)
    Elapsed: 0.000s  Memory: 847.00M
"ongrid" in: sky130A_mr.drc:720
    Edge pairs: 0 (flat)  0 (hierarchical)
    Elapsed: 0.000s  Memory: 847.00M
"output" in: sky130A_mr.drc:720
    Edge pairs: 0 (flat)  0 (hierarchical)
    Elapsed: 0.000s  Memory: 847.00M
"with_angle" in: sky130A_mr.drc:721
    Edge pairs: 0 (flat)  0 (hierarchical)
    Elapsed: 0.000s  Memory: 847.00M
"output" in: sky130A_mr.drc:721
    Edge pairs: 0 (flat)  0 (hierarchical)
    Elapsed: 0.000s  Memory: 847.00M
"ongrid" in: sky130A_mr.drc:722
    Edge pairs: 0 (flat)  0 (hierarchical)
    Elapsed: 0.000s  Memory: 847.00M
"output" in: sky130A_mr.drc:722
    Edge pairs: 0 (flat)  0 (hierarchical)
    Elapsed: 0.000s  Memory: 847.00M
"with_angle" in: sky130A_mr.drc:723
    Edge pairs: 0 (flat)  0 (hierarchical)
    Elapsed: 0.010s  Memory: 847.00M
"output" in: sky130A_mr.drc:723
    Edge pairs: 0 (flat)  0 (hierarchical)
    Elapsed: 0.000s  Memory: 847.00M
"ongrid" in: sky130A_mr.drc:724
    Edge pairs: 0 (flat)  0 (hierarchical)
    Elapsed: 0.000s  Memory: 847.00M
"output" in: sky130A_mr.drc:724
    Edge pairs: 0 (flat)  0 (hierarchical)
    Elapsed: 0.000s  Memory: 847.00M
"with_angle" in: sky130A_mr.drc:725
    Edge pairs: 0 (flat)  0 (hierarchical)
    Elapsed: 0.000s  Memory: 847.00M
"output" in: sky130A_mr.drc:725
    Edge pairs: 0 (flat)  0 (hierarchical)
    Elapsed: 0.000s  Memory: 847.00M
"ongrid" in: sky130A_mr.drc:726
    Edge pairs: 0 (flat)  0 (hierarchical)
    Elapsed: 0.010s  Memory: 847.00M
"output" in: sky130A_mr.drc:726
    Edge pairs: 0 (flat)  0 (hierarchical)
    Elapsed: 0.000s  Memory: 847.00M
"ongrid" in: sky130A_mr.drc:727
    Edge pairs: 0 (flat)  0 (hierarchical)
    Elapsed: 0.000s  Memory: 847.00M
"output" in: sky130A_mr.drc:727
    Edge pairs: 0 (flat)  0 (hierarchical)
    Elapsed: 0.000s  Memory: 847.00M
"&" in: sky130A_mr.drc:728
    Polygons (raw): 0 (flat)  0 (hierarchical)
    Elapsed: 0.000s  Memory: 847.00M
"-" in: sky130A_mr.drc:728
    Polygons (raw): 13343 (flat)  63 (hierarchical)
    Elapsed: 0.000s  Memory: 847.00M
"with_angle" in: sky130A_mr.drc:728
    Edge pairs: 0 (flat)  0 (hierarchical)
    Elapsed: 0.020s  Memory: 847.00M
"output" in: sky130A_mr.drc:728
    Edge pairs: 0 (flat)  0 (hierarchical)
    Elapsed: 0.000s  Memory: 847.00M
"&" in: sky130A_mr.drc:729
    Polygons (raw): 0 (flat)  0 (hierarchical)
    Elapsed: 0.010s  Memory: 847.00M
"&" in: sky130A_mr.drc:729
    Polygons (raw): 0 (flat)  0 (hierarchical)
    Elapsed: 0.000s  Memory: 847.00M
"with_angle" in: sky130A_mr.drc:729
    Edge pairs: 0 (flat)  0 (hierarchical)
    Elapsed: 0.010s  Memory: 847.00M
"output" in: sky130A_mr.drc:729
    Edge pairs: 0 (flat)  0 (hierarchical)
    Elapsed: 0.000s  Memory: 847.00M
"&" in: sky130A_mr.drc:730
    Polygons (raw): 0 (flat)  0 (hierarchical)
    Elapsed: 0.000s  Memory: 847.00M
"-" in: sky130A_mr.drc:730
    Polygons (raw): 2000 (flat)  2 (hierarchical)
    Elapsed: 0.000s  Memory: 847.00M
"with_angle" in: sky130A_mr.drc:730
    Edge pairs: 0 (flat)  0 (hierarchical)
    Elapsed: 0.000s  Memory: 847.00M
"output" in: sky130A_mr.drc:730
    Edge pairs: 0 (flat)  0 (hierarchical)
    Elapsed: 0.000s  Memory: 847.00M
"&" in: sky130A_mr.drc:731
    Polygons (raw): 0 (flat)  0 (hierarchical)
    Elapsed: 0.000s  Memory: 847.00M
"&" in: sky130A_mr.drc:731
    Polygons (raw): 0 (flat)  0 (hierarchical)
    Elapsed: 0.000s  Memory: 847.00M
"with_angle" in: sky130A_mr.drc:731
    Edge pairs: 0 (flat)  0 (hierarchical)
    Elapsed: 0.000s  Memory: 847.00M
"output" in: sky130A_mr.drc:731
    Edge pairs: 0 (flat)  0 (hierarchical)
    Elapsed: 0.000s  Memory: 847.00M
"ongrid" in: sky130A_mr.drc:732
    Edge pairs: 0 (flat)  0 (hierarchical)
    Elapsed: 0.000s  Memory: 847.00M
"output" in: sky130A_mr.drc:732
    Edge pairs: 0 (flat)  0 (hierarchical)
    Elapsed: 0.000s  Memory: 847.00M
"with_angle" in: sky130A_mr.drc:733
    Edge pairs: 0 (flat)  0 (hierarchical)
    Elapsed: 0.000s  Memory: 847.00M
"output" in: sky130A_mr.drc:733
    Edge pairs: 0 (flat)  0 (hierarchical)
    Elapsed: 0.000s  Memory: 847.00M
"ongrid" in: sky130A_mr.drc:734
    Edge pairs: 0 (flat)  0 (hierarchical)
    Elapsed: 0.000s  Memory: 847.00M
"output" in: sky130A_mr.drc:734
    Edge pairs: 0 (flat)  0 (hierarchical)
    Elapsed: 0.000s  Memory: 847.00M
"with_angle" in: sky130A_mr.drc:735
    Edge pairs: 0 (flat)  0 (hierarchical)
    Elapsed: 0.000s  Memory: 847.00M
"output" in: sky130A_mr.drc:735
    Edge pairs: 0 (flat)  0 (hierarchical)
    Elapsed: 0.000s  Memory: 847.00M
"ongrid" in: sky130A_mr.drc:736
    Edge pairs: 0 (flat)  0 (hierarchical)
    Elapsed: 0.000s  Memory: 847.00M
"output" in: sky130A_mr.drc:736
    Edge pairs: 0 (flat)  0 (hierarchical)
    Elapsed: 0.000s  Memory: 847.00M
"with_angle" in: sky130A_mr.drc:737
    Edge pairs: 0 (flat)  0 (hierarchical)
    Elapsed: 0.010s  Memory: 847.00M
"output" in: sky130A_mr.drc:737
    Edge pairs: 0 (flat)  0 (hierarchical)
    Elapsed: 0.000s  Memory: 847.00M
"ongrid" in: sky130A_mr.drc:738
    Edge pairs: 0 (flat)  0 (hierarchical)
    Elapsed: 0.000s  Memory: 847.00M
"output" in: sky130A_mr.drc:738
    Edge pairs: 0 (flat)  0 (hierarchical)
    Elapsed: 0.000s  Memory: 847.00M
"with_angle" in: sky130A_mr.drc:739
    Edge pairs: 0 (flat)  0 (hierarchical)
    Elapsed: 0.010s  Memory: 847.00M
"output" in: sky130A_mr.drc:739
    Edge pairs: 0 (flat)  0 (hierarchical)
    Elapsed: 0.000s  Memory: 847.00M
"ongrid" in: sky130A_mr.drc:740
    Edge pairs: 0 (flat)  0 (hierarchical)
    Elapsed: 0.080s  Memory: 847.00M
"output" in: sky130A_mr.drc:740
    Edge pairs: 0 (flat)  0 (hierarchical)
    Elapsed: 0.020s  Memory: 847.00M
"with_angle" in: sky130A_mr.drc:741
    Edge pairs: 0 (flat)  0 (hierarchical)
    Elapsed: 0.000s  Memory: 847.00M
"output" in: sky130A_mr.drc:741
    Edge pairs: 0 (flat)  0 (hierarchical)
    Elapsed: 0.000s  Memory: 847.00M
"ongrid" in: sky130A_mr.drc:742
    Edge pairs: 0 (flat)  0 (hierarchical)
    Elapsed: 0.110s  Memory: 847.00M
"output" in: sky130A_mr.drc:742
    Edge pairs: 0 (flat)  0 (hierarchical)
    Elapsed: 0.000s  Memory: 847.00M
"with_angle" in: sky130A_mr.drc:743
    Edge pairs: 0 (flat)  0 (hierarchical)
    Elapsed: 0.000s  Memory: 847.00M
"output" in: sky130A_mr.drc:743
    Edge pairs: 0 (flat)  0 (hierarchical)
    Elapsed: 0.000s  Memory: 847.00M
"ongrid" in: sky130A_mr.drc:744
    Edge pairs: 0 (flat)  0 (hierarchical)
    Elapsed: 0.000s  Memory: 847.00M
"output" in: sky130A_mr.drc:744
    Edge pairs: 0 (flat)  0 (hierarchical)
    Elapsed: 0.000s  Memory: 847.00M
"with_angle" in: sky130A_mr.drc:745
    Edge pairs: 0 (flat)  0 (hierarchical)
    Elapsed: 0.000s  Memory: 847.00M
"output" in: sky130A_mr.drc:745
    Edge pairs: 0 (flat)  0 (hierarchical)
    Elapsed: 0.000s  Memory: 847.00M
"ongrid" in: sky130A_mr.drc:746
    Edge pairs: 0 (flat)  0 (hierarchical)
    Elapsed: 0.000s  Memory: 847.00M
"output" in: sky130A_mr.drc:746
    Edge pairs: 0 (flat)  0 (hierarchical)
    Elapsed: 0.010s  Memory: 847.00M
"with_angle" in: sky130A_mr.drc:747
    Edge pairs: 0 (flat)  0 (hierarchical)
    Elapsed: 0.000s  Memory: 847.00M
"output" in: sky130A_mr.drc:747
    Edge pairs: 0 (flat)  0 (hierarchical)
    Elapsed: 0.000s  Memory: 847.00M
"ongrid" in: sky130A_mr.drc:748
    Edge pairs: 0 (flat)  0 (hierarchical)
    Elapsed: 0.020s  Memory: 847.00M
"output" in: sky130A_mr.drc:748
    Edge pairs: 0 (flat)  0 (hierarchical)
    Elapsed: 0.000s  Memory: 847.00M
"with_angle" in: sky130A_mr.drc:749
    Edge pairs: 0 (flat)  0 (hierarchical)
    Elapsed: 0.020s  Memory: 847.00M
"output" in: sky130A_mr.drc:749
    Edge pairs: 0 (flat)  0 (hierarchical)
    Elapsed: 0.010s  Memory: 847.00M
"ongrid" in: sky130A_mr.drc:750
    Edge pairs: 0 (flat)  0 (hierarchical)
    Elapsed: 0.000s  Memory: 847.00M
"output" in: sky130A_mr.drc:750
    Edge pairs: 0 (flat)  0 (hierarchical)
    Elapsed: 0.000s  Memory: 847.00M
"with_angle" in: sky130A_mr.drc:751
    Edge pairs: 0 (flat)  0 (hierarchical)
    Elapsed: 0.000s  Memory: 847.00M
"output" in: sky130A_mr.drc:751
    Edge pairs: 0 (flat)  0 (hierarchical)
    Elapsed: 0.000s  Memory: 847.00M
"ongrid" in: sky130A_mr.drc:752
    Edge pairs: 0 (flat)  0 (hierarchical)
    Elapsed: 0.000s  Memory: 847.00M
"output" in: sky130A_mr.drc:752
    Edge pairs: 0 (flat)  0 (hierarchical)
    Elapsed: 0.010s  Memory: 847.00M
"with_angle" in: sky130A_mr.drc:753
    Edge pairs: 0 (flat)  0 (hierarchical)
    Elapsed: 0.000s  Memory: 847.00M
"output" in: sky130A_mr.drc:753
    Edge pairs: 0 (flat)  0 (hierarchical)
    Elapsed: 0.000s  Memory: 847.00M
"ongrid" in: sky130A_mr.drc:754
    Edge pairs: 0 (flat)  0 (hierarchical)
    Elapsed: 0.000s  Memory: 847.00M
"output" in: sky130A_mr.drc:754
    Edge pairs: 0 (flat)  0 (hierarchical)
    Elapsed: 0.000s  Memory: 847.00M
"with_angle" in: sky130A_mr.drc:755
    Edge pairs: 0 (flat)  0 (hierarchical)
    Elapsed: 0.000s  Memory: 847.00M
"output" in: sky130A_mr.drc:755
    Edge pairs: 0 (flat)  0 (hierarchical)
    Elapsed: 0.000s  Memory: 847.00M
"ongrid" in: sky130A_mr.drc:756
    Edge pairs: 0 (flat)  0 (hierarchical)
    Elapsed: 0.000s  Memory: 847.00M
"output" in: sky130A_mr.drc:756
    Edge pairs: 0 (flat)  0 (hierarchical)
    Elapsed: 0.000s  Memory: 847.00M
"with_angle" in: sky130A_mr.drc:757
    Edge pairs: 0 (flat)  0 (hierarchical)
    Elapsed: 0.000s  Memory: 847.00M
"output" in: sky130A_mr.drc:757
    Edge pairs: 0 (flat)  0 (hierarchical)
    Elapsed: 0.000s  Memory: 847.00M
"ongrid" in: sky130A_mr.drc:758
    Edge pairs: 0 (flat)  0 (hierarchical)
    Elapsed: 0.000s  Memory: 847.00M
"output" in: sky130A_mr.drc:758
    Edge pairs: 0 (flat)  0 (hierarchical)
    Elapsed: 0.000s  Memory: 847.00M
"with_angle" in: sky130A_mr.drc:759
    Edge pairs: 0 (flat)  0 (hierarchical)
    Elapsed: 0.000s  Memory: 847.00M
"output" in: sky130A_mr.drc:759
    Edge pairs: 0 (flat)  0 (hierarchical)
    Elapsed: 0.000s  Memory: 847.00M
"ongrid" in: sky130A_mr.drc:760
    Edge pairs: 0 (flat)  0 (hierarchical)
    Elapsed: 0.000s  Memory: 847.00M
"output" in: sky130A_mr.drc:760
    Edge pairs: 0 (flat)  0 (hierarchical)
    Elapsed: 0.000s  Memory: 847.00M
"with_angle" in: sky130A_mr.drc:761
    Edge pairs: 0 (flat)  0 (hierarchical)
    Elapsed: 0.000s  Memory: 847.00M
"output" in: sky130A_mr.drc:761
    Edge pairs: 0 (flat)  0 (hierarchical)
    Elapsed: 0.000s  Memory: 847.00M
"ongrid" in: sky130A_mr.drc:762
    Edge pairs: 0 (flat)  0 (hierarchical)
    Elapsed: 0.000s  Memory: 847.00M
"output" in: sky130A_mr.drc:762
    Edge pairs: 0 (flat)  0 (hierarchical)
    Elapsed: 0.000s  Memory: 847.00M
"with_angle" in: sky130A_mr.drc:763
    Edge pairs: 0 (flat)  0 (hierarchical)
    Elapsed: 0.000s  Memory: 847.00M
"output" in: sky130A_mr.drc:763
    Edge pairs: 0 (flat)  0 (hierarchical)
    Elapsed: 0.000s  Memory: 847.00M
"ongrid" in: sky130A_mr.drc:764
    Edge pairs: 0 (flat)  0 (hierarchical)
    Elapsed: 0.000s  Memory: 847.00M
"output" in: sky130A_mr.drc:764
    Edge pairs: 0 (flat)  0 (hierarchical)
    Elapsed: 0.000s  Memory: 847.00M
"with_angle" in: sky130A_mr.drc:765
    Edge pairs: 0 (flat)  0 (hierarchical)
    Elapsed: 0.000s  Memory: 847.00M
"output" in: sky130A_mr.drc:765
    Edge pairs: 0 (flat)  0 (hierarchical)
    Elapsed: 0.010s  Memory: 847.00M
"ongrid" in: sky130A_mr.drc:766
    Edge pairs: 0 (flat)  0 (hierarchical)
    Elapsed: 0.000s  Memory: 847.00M
"output" in: sky130A_mr.drc:766
    Edge pairs: 0 (flat)  0 (hierarchical)
    Elapsed: 0.000s  Memory: 847.00M
"with_angle" in: sky130A_mr.drc:767
    Edge pairs: 0 (flat)  0 (hierarchical)
    Elapsed: 0.000s  Memory: 847.00M
"output" in: sky130A_mr.drc:767
    Edge pairs: 0 (flat)  0 (hierarchical)
    Elapsed: 0.000s  Memory: 847.00M
"ongrid" in: sky130A_mr.drc:768
    Edge pairs: 0 (flat)  0 (hierarchical)
    Elapsed: 0.000s  Memory: 847.00M
"output" in: sky130A_mr.drc:768
    Edge pairs: 0 (flat)  0 (hierarchical)
    Elapsed: 0.010s  Memory: 847.00M
"with_angle" in: sky130A_mr.drc:769
    Edge pairs: 0 (flat)  0 (hierarchical)
    Elapsed: 0.000s  Memory: 847.00M
"output" in: sky130A_mr.drc:769
    Edge pairs: 0 (flat)  0 (hierarchical)
    Elapsed: 0.000s  Memory: 847.00M
"ongrid" in: sky130A_mr.drc:770
    Edge pairs: 0 (flat)  0 (hierarchical)
    Elapsed: 0.000s  Memory: 847.00M
"output" in: sky130A_mr.drc:770
    Edge pairs: 0 (flat)  0 (hierarchical)
    Elapsed: 0.000s  Memory: 847.00M
"with_angle" in: sky130A_mr.drc:771
    Edge pairs: 0 (flat)  0 (hierarchical)
    Elapsed: 0.000s  Memory: 847.00M
"output" in: sky130A_mr.drc:771
    Edge pairs: 0 (flat)  0 (hierarchical)
    Elapsed: 0.000s  Memory: 847.00M
"ongrid" in: sky130A_mr.drc:772
    Edge pairs: 0 (flat)  0 (hierarchical)
    Elapsed: 0.010s  Memory: 847.00M
"output" in: sky130A_mr.drc:772
    Edge pairs: 0 (flat)  0 (hierarchical)
    Elapsed: 0.000s  Memory: 847.00M
"with_angle" in: sky130A_mr.drc:773
    Edge pairs: 0 (flat)  0 (hierarchical)
    Elapsed: 0.000s  Memory: 847.00M
"output" in: sky130A_mr.drc:773
    Edge pairs: 0 (flat)  0 (hierarchical)
    Elapsed: 0.000s  Memory: 847.00M
"ongrid" in: sky130A_mr.drc:774
    Edge pairs: 0 (flat)  0 (hierarchical)
    Elapsed: 0.000s  Memory: 847.00M
"output" in: sky130A_mr.drc:774
    Edge pairs: 0 (flat)  0 (hierarchical)
    Elapsed: 0.000s  Memory: 847.00M
"with_angle" in: sky130A_mr.drc:775
    Edge pairs: 0 (flat)  0 (hierarchical)
    Elapsed: 0.000s  Memory: 847.00M
"output" in: sky130A_mr.drc:775
    Edge pairs: 0 (flat)  0 (hierarchical)
    Elapsed: 0.000s  Memory: 847.00M
"ongrid" in: sky130A_mr.drc:776
    Edge pairs: 0 (flat)  0 (hierarchical)
    Elapsed: 0.010s  Memory: 847.00M
"output" in: sky130A_mr.drc:776
    Edge pairs: 0 (flat)  0 (hierarchical)
    Elapsed: 0.000s  Memory: 847.00M
"with_angle" in: sky130A_mr.drc:777
    Edge pairs: 0 (flat)  0 (hierarchical)
    Elapsed: 0.000s  Memory: 847.00M
"output" in: sky130A_mr.drc:777
    Edge pairs: 0 (flat)  0 (hierarchical)
    Elapsed: 0.000s  Memory: 847.00M
"ongrid" in: sky130A_mr.drc:778
    Edge pairs: 0 (flat)  0 (hierarchical)
    Elapsed: 0.000s  Memory: 847.00M
"output" in: sky130A_mr.drc:778
    Edge pairs: 0 (flat)  0 (hierarchical)
    Elapsed: 0.000s  Memory: 847.00M
"with_angle" in: sky130A_mr.drc:779
    Edge pairs: 0 (flat)  0 (hierarchical)
    Elapsed: 0.000s  Memory: 847.00M
"output" in: sky130A_mr.drc:779
    Edge pairs: 0 (flat)  0 (hierarchical)
    Elapsed: 0.000s  Memory: 847.00M
"ongrid" in: sky130A_mr.drc:780
    Edge pairs: 0 (flat)  0 (hierarchical)
    Elapsed: 0.000s  Memory: 847.00M
"output" in: sky130A_mr.drc:780
    Edge pairs: 0 (flat)  0 (hierarchical)
    Elapsed: 0.000s  Memory: 847.00M
"with_angle" in: sky130A_mr.drc:781
    Edge pairs: 0 (flat)  0 (hierarchical)
    Elapsed: 0.010s  Memory: 847.00M
"output" in: sky130A_mr.drc:781
    Edge pairs: 0 (flat)  0 (hierarchical)
    Elapsed: 0.000s  Memory: 847.00M
"ongrid" in: sky130A_mr.drc:782
    Edge pairs: 0 (flat)  0 (hierarchical)
    Elapsed: 0.000s  Memory: 847.00M
"output" in: sky130A_mr.drc:782
    Edge pairs: 0 (flat)  0 (hierarchical)
    Elapsed: 0.000s  Memory: 847.00M
"with_angle" in: sky130A_mr.drc:783
    Edge pairs: 0 (flat)  0 (hierarchical)
    Elapsed: 0.000s  Memory: 847.00M
"output" in: sky130A_mr.drc:783
    Edge pairs: 0 (flat)  0 (hierarchical)
    Elapsed: 0.000s  Memory: 847.00M
"ongrid" in: sky130A_mr.drc:784
    Edge pairs: 0 (flat)  0 (hierarchical)
    Elapsed: 0.000s  Memory: 847.00M
"output" in: sky130A_mr.drc:784
    Edge pairs: 0 (flat)  0 (hierarchical)
    Elapsed: 0.000s  Memory: 847.00M
"with_angle" in: sky130A_mr.drc:785
    Edge pairs: 0 (flat)  0 (hierarchical)
    Elapsed: 0.010s  Memory: 847.00M
"output" in: sky130A_mr.drc:785
    Edge pairs: 0 (flat)  0 (hierarchical)
    Elapsed: 0.000s  Memory: 847.00M
"ongrid" in: sky130A_mr.drc:786
    Edge pairs: 0 (flat)  0 (hierarchical)
    Elapsed: 0.000s  Memory: 847.00M
"output" in: sky130A_mr.drc:786
    Edge pairs: 0 (flat)  0 (hierarchical)
    Elapsed: 0.000s  Memory: 847.00M
Writing report database: /mnt/d/APIC/FIR_Openlane/shifter/runs/RUN_2024-06-17_07-29-35/60-klayout-drc/reports/drc_violations.klayout.xml ..
Total elapsed: 13.500s  Memory: 847.00M
 
Cell exclusion list:
   rule    | cell
   nwell.6 | sky130_fd_io__gpiov2_amux, sky130_fd_io__simple_pad_and_busses, sram
   nsd.1   | sram
   nsd.2   | sram
   psd.1   | sram
   psd.2   | sram
 
release 2023.6.14_01.08
