Reading OpenROAD database at '/mnt/d/APIC/FIR_Openlane/shifter/runs/RUN_2024-06-17_07-25-57/24-odb-customioplacement/shifter.odb'…
Reading library file at '/home/nurwiyoso14/.volare/volare/sky130/versions/bdc9412b3e468c102d01b7cf6337be06ec6e9c9a/sky130A/libs.ref/sky130_fd_sc_hd/lib/sky130_fd_sc_hd__tt_025C_1v80.lib'…
Reading design constraints file at '/nix/store/ly0xjc8f0gmgmckxcrs0bw8vqc9gf9bk-python3-3.11.6-env/lib/python3.11/site-packages/openlane/scripts/base.sdc'…
[INFO] Using clock clk…
[INFO] Setting output delay to: 5
[INFO] Setting input delay to: 5
[INFO] Setting load to: 0.033442
[INFO] Setting clock uncertainty to: 0.25
[INFO] Setting clock transition to: 0.1499999999999999944488848768742172978818416595458984375
[INFO] Setting timing derate to: 5%
[INFO] Setting RC values…
[INFO] Setting signal min routing layer to: met1 and clock min routing layer to met1. 
[INFO] Setting signal max routing layer to: met5 and clock max routing layer to met5. 
{*}-density 0.521839 -timing_driven -routability_driven -pad_right 0 -pad_left 0 -init_wirelength_coef 0.25
[INFO GPL-0002] DBU: 1000
[INFO GPL-0003] SiteSize: 460 2720
[INFO GPL-0004] CoreAreaLxLy: 5520 10880
[INFO GPL-0005] CoreAreaUxUy: 139380 144160
[INFO GPL-0006] NumInstances: 833
[INFO GPL-0007] NumPlaceInstances: 480
[INFO GPL-0008] NumFixedInstances: 353
[INFO GPL-0009] NumDummyInstances: 0
[INFO GPL-0010] NumNets: 498
[INFO GPL-0011] NumPins: 1698
[INFO GPL-0012] DieAreaLxLy: 0 0
[INFO GPL-0013] DieAreaUxUy: 145270 155990
[INFO GPL-0014] CoreAreaLxLy: 5520 10880
[INFO GPL-0015] CoreAreaUxUy: 139380 144160
[INFO GPL-0016] CoreArea: 17840860800
[INFO GPL-0017] NonPlaceInstsArea: 686908800
[INFO GPL-0018] PlaceInstsArea: 7206912000
[INFO GPL-0019] Util(%): 42.01
[INFO GPL-0020] StdInstsArea: 7206912000
[INFO GPL-0021] MacroInstsArea: 0
[InitialPlace]  Iter: 1 CG residual: 0.00000010 HPWL: 29077058
[InitialPlace]  Iter: 2 CG residual: 0.00000012 HPWL: 13214370
[InitialPlace]  Iter: 3 CG residual: 0.00000007 HPWL: 11735769
[InitialPlace]  Iter: 4 CG residual: 0.00000011 HPWL: 11643973
[InitialPlace]  Iter: 5 CG residual: 0.00000007 HPWL: 11646151
[INFO GPL-0031] FillerInit: NumGCells: 596
[INFO GPL-0032] FillerInit: NumGNets: 498
[INFO GPL-0033] FillerInit: NumGPins: 1698
[INFO GPL-0023] TargetDensity: 0.52
[INFO GPL-0024] AveragePlaceInstArea: 15014400
[INFO GPL-0025] IdealBinArea: 28772092
[INFO GPL-0026] IdealBinCnt: 620
[INFO GPL-0027] TotalBinArea: 17840860800
[INFO GPL-0028] BinCnt: 16 16
[INFO GPL-0029] BinSize: 8367 8330
[INFO GPL-0030] NumBins: 256
[NesterovSolve] Iter: 1 overflow: 0.813533 HPWL: 8054713
[INFO GPL-0100] worst slack 1.9e-08
[INFO GPL-0103] Weighted 49 nets.
[NesterovSolve] Iter: 10 overflow: 0.78598 HPWL: 8068126
[NesterovSolve] Iter: 20 overflow: 0.785841 HPWL: 7991110
[NesterovSolve] Iter: 30 overflow: 0.786171 HPWL: 7996373
[NesterovSolve] Iter: 40 overflow: 0.78608 HPWL: 7994077
[NesterovSolve] Iter: 50 overflow: 0.78607 HPWL: 7994070
[NesterovSolve] Iter: 60 overflow: 0.786064 HPWL: 7993482
[NesterovSolve] Iter: 70 overflow: 0.786043 HPWL: 7992327
[NesterovSolve] Iter: 80 overflow: 0.78601 HPWL: 7991228
[NesterovSolve] Iter: 90 overflow: 0.785956 HPWL: 7991013
[NesterovSolve] Iter: 100 overflow: 0.785872 HPWL: 7992417
[NesterovSolve] Iter: 110 overflow: 0.785733 HPWL: 7993793
[NesterovSolve] Iter: 120 overflow: 0.785516 HPWL: 7993905
[NesterovSolve] Iter: 130 overflow: 0.785173 HPWL: 7990504
[NesterovSolve] Iter: 140 overflow: 0.784636 HPWL: 7971708
[NesterovSolve] Iter: 150 overflow: 0.783845 HPWL: 7908379
[NesterovSolve] Iter: 160 overflow: 0.782481 HPWL: 7827554
[NesterovSolve] Iter: 170 overflow: 0.780695 HPWL: 7802459
[NesterovSolve] Iter: 180 overflow: 0.776558 HPWL: 7962778
[NesterovSolve] Iter: 190 overflow: 0.764707 HPWL: 8223878
[NesterovSolve] Iter: 200 overflow: 0.754369 HPWL: 8611372
[NesterovSolve] Iter: 210 overflow: 0.738275 HPWL: 9344371
[NesterovSolve] Iter: 220 overflow: 0.686346 HPWL: 10378640
[INFO GPL-0100] worst slack 1.88e-08
[INFO GPL-0103] Weighted 49 nets.
[NesterovSolve] Iter: 230 overflow: 0.628092 HPWL: 10692725
[NesterovSolve] Snapshot saved at iter = 234
[NesterovSolve] Iter: 240 overflow: 0.573973 HPWL: 11657007
[NesterovSolve] Iter: 250 overflow: 0.504933 HPWL: 12544783
[INFO GPL-0100] worst slack 1.9e-08
[INFO GPL-0103] Weighted 49 nets.
[NesterovSolve] Iter: 260 overflow: 0.384459 HPWL: 13542878
[NesterovSolve] Iter: 270 overflow: 0.297968 HPWL: 15174617
[NesterovSolve] Iter: 280 overflow: 0.300842 HPWL: 16079766
[INFO GPL-0100] worst slack 1.92e-08
[INFO GPL-0103] Weighted 49 nets.
[NesterovSolve] Iter: 290 overflow: 0.234706 HPWL: 17039143
[INFO GPL-0100] worst slack 1.92e-08
[INFO GPL-0103] Weighted 49 nets.
[INFO GPL-0075] Routability numCall: 1 inflationIterCnt: 1 bloatIterCnt: 0
[INFO GPL-0036] TileLxLy: 0 0
[INFO GPL-0037] TileSize: 6900 6900
[INFO GPL-0038] TileCnt: 21 22
[INFO GPL-0039] numRoutingLayers: 6
[INFO GPL-0040] NumTiles: 462
[INFO GPL-0063] TotalRouteOverflowH2: 0
[INFO GPL-0064] TotalRouteOverflowV2: 0.533333420753479
[INFO GPL-0065] OverflowTileCnt2: 4
[INFO GPL-0066] 0.5%RC: 1.1066666841506958
[INFO GPL-0067] 1.0%RC: 1.0592592689726088
[INFO GPL-0068] 2.0%RC: 1.0296296344863043
[INFO GPL-0069] 5.0%RC: 1.0121212141080336
[INFO GPL-0070] 0.5rcK: 1
[INFO GPL-0071] 1.0rcK: 1
[INFO GPL-0072] 2.0rcK: 0
[INFO GPL-0073] 5.0rcK: 0
[INFO GPL-0074] FinalRC: 1.082963
[NesterovSolve] Iter: 300 overflow: 0.202652 HPWL: 17372757
[NesterovSolve] Iter: 310 overflow: 0.154272 HPWL: 17833349
[INFO GPL-0100] worst slack 1.91e-08
[INFO GPL-0103] Weighted 49 nets.
[NesterovSolve] Iter: 320 overflow: 0.121045 HPWL: 18045728
[NesterovSolve] Finished with Overflow: 0.099597
[INFO] Setting RC values…
Setting global connections for newly added cells…
[INFO] Setting global connections...
Writing OpenROAD database to '/mnt/d/APIC/FIR_Openlane/shifter/runs/RUN_2024-06-17_07-25-57/26-openroad-globalplacement/shifter.odb'…
Writing netlist to '/mnt/d/APIC/FIR_Openlane/shifter/runs/RUN_2024-06-17_07-25-57/26-openroad-globalplacement/shifter.nl.v'…
Writing powered netlist to '/mnt/d/APIC/FIR_Openlane/shifter/runs/RUN_2024-06-17_07-25-57/26-openroad-globalplacement/shifter.pnl.v'…
Writing layout to '/mnt/d/APIC/FIR_Openlane/shifter/runs/RUN_2024-06-17_07-25-57/26-openroad-globalplacement/shifter.def'…
Writing timing constraints to '/mnt/d/APIC/FIR_Openlane/shifter/runs/RUN_2024-06-17_07-25-57/26-openroad-globalplacement/shifter.sdc'…
