Reading OpenROAD database at '/mnt/d/APIC/FIR_Openlane/Lowpass/runs/RUN_2024-06-17_18-45-38/24-odb-customioplacement/lowpass.odb'…
Reading library file at '/home/nurwiyoso14/.volare/volare/sky130/versions/bdc9412b3e468c102d01b7cf6337be06ec6e9c9a/sky130A/libs.ref/sky130_fd_sc_hd/lib/sky130_fd_sc_hd__tt_025C_1v80.lib'…
Reading design constraints file at '/nix/store/ly0xjc8f0gmgmckxcrs0bw8vqc9gf9bk-python3-3.11.6-env/lib/python3.11/site-packages/openlane/scripts/base.sdc'…
[INFO] Using clock clk…
[INFO] Setting output delay to: 5
[INFO] Setting input delay to: 5
[INFO] Setting load to: 0.033442
[INFO] Setting clock uncertainty to: 0.25
[INFO] Setting clock transition to: 0.1499999999999999944488848768742172978818416595458984375
[INFO] Setting timing derate to: 5%
[INFO] Setting RC values…
[INFO] Setting signal min routing layer to: met1 and clock min routing layer to met1. 
[INFO] Setting signal max routing layer to: met4 and clock max routing layer to met4. 
{*}-density 0.457954 -timing_driven -routability_driven -pad_right 0 -pad_left 0 -init_wirelength_coef 0.05
[INFO GPL-0002] DBU: 1000
[INFO GPL-0003] SiteSize: 460 2720
[INFO GPL-0004] CoreAreaLxLy: 5520 10880
[INFO GPL-0005] CoreAreaUxUy: 794420 788800
[INFO GPL-0006] NumInstances: 30149
[INFO GPL-0007] NumPlaceInstances: 20793
[INFO GPL-0008] NumFixedInstances: 9356
[INFO GPL-0009] NumDummyInstances: 0
[INFO GPL-0010] NumNets: 21038
[INFO GPL-0011] NumPins: 68983
[INFO GPL-0012] DieAreaLxLy: 0 0
[INFO GPL-0013] DieAreaUxUy: 800000 800000
[INFO GPL-0014] CoreAreaLxLy: 5520 10880
[INFO GPL-0015] CoreAreaUxUy: 794420 788800
[INFO GPL-0016] CoreArea: 613701088000
[INFO GPL-0017] NonPlaceInstsArea: 13137600000
[INFO GPL-0018] PlaceInstsArea: 208686396800
[INFO GPL-0019] Util(%): 34.75
[INFO GPL-0020] StdInstsArea: 208686396800
[INFO GPL-0021] MacroInstsArea: 0
[InitialPlace]  Iter: 1 CG residual: 0.00055842 HPWL: 1017299080
[InitialPlace]  Iter: 2 CG residual: 0.00043180 HPWL: 282080529
[InitialPlace]  Iter: 3 CG residual: 0.00011568 HPWL: 241606039
[InitialPlace]  Iter: 4 CG residual: 0.00004400 HPWL: 234625948
[InitialPlace]  Iter: 5 CG residual: 0.00006140 HPWL: 233934827
[InitialPlace]  Iter: 6 CG residual: 0.00003436 HPWL: 234096683
[InitialPlace]  Iter: 7 CG residual: 0.00003334 HPWL: 234082191
[InitialPlace]  Iter: 8 CG residual: 0.00002271 HPWL: 234220519
[InitialPlace]  Iter: 9 CG residual: 0.00001778 HPWL: 234137495
[InitialPlace]  Iter: 10 CG residual: 0.00002380 HPWL: 234250888
[InitialPlace]  Iter: 11 CG residual: 0.00001803 HPWL: 234160852
[InitialPlace]  Iter: 12 CG residual: 0.00002772 HPWL: 234281216
[InitialPlace]  Iter: 13 CG residual: 0.00003675 HPWL: 234167790
[InitialPlace]  Iter: 14 CG residual: 0.00002495 HPWL: 234336515
[InitialPlace]  Iter: 15 CG residual: 0.00003037 HPWL: 234177218
[InitialPlace]  Iter: 16 CG residual: 0.00002400 HPWL: 234345283
[InitialPlace]  Iter: 17 CG residual: 0.00002055 HPWL: 234193196
[InitialPlace]  Iter: 18 CG residual: 0.00002218 HPWL: 234351573
[InitialPlace]  Iter: 19 CG residual: 0.00002281 HPWL: 234180215
[InitialPlace]  Iter: 20 CG residual: 0.00002146 HPWL: 234342384
[INFO GPL-0031] FillerInit: NumGCells: 27468
[INFO GPL-0032] FillerInit: NumGNets: 21038
[INFO GPL-0033] FillerInit: NumGPins: 68983
[INFO GPL-0023] TargetDensity: 0.46
[INFO GPL-0024] AveragePlaceInstArea: 10036377
[INFO GPL-0025] IdealBinArea: 21915688
[INFO GPL-0026] IdealBinCnt: 28002
[INFO GPL-0027] TotalBinArea: 613701088000
[INFO GPL-0028] BinCnt: 128 128
[INFO GPL-0029] BinSize: 6164 6078
[INFO GPL-0030] NumBins: 16384
[NesterovSolve] Iter: 1 overflow: 0.996577 HPWL: 101609734
[NesterovSolve] Iter: 10 overflow: 0.983435 HPWL: 133943595
[NesterovSolve] Iter: 20 overflow: 0.977371 HPWL: 152047848
[NesterovSolve] Iter: 30 overflow: 0.9742 HPWL: 164862983
[NesterovSolve] Iter: 40 overflow: 0.972179 HPWL: 173243988
[NesterovSolve] Iter: 50 overflow: 0.97056 HPWL: 179097269
[NesterovSolve] Iter: 60 overflow: 0.968745 HPWL: 183242904
[NesterovSolve] Iter: 70 overflow: 0.967862 HPWL: 185560800
[NesterovSolve] Iter: 80 overflow: 0.966742 HPWL: 186457518
[NesterovSolve] Iter: 90 overflow: 0.966131 HPWL: 186696538
[NesterovSolve] Iter: 100 overflow: 0.965779 HPWL: 186956747
[NesterovSolve] Iter: 110 overflow: 0.965254 HPWL: 187638794
[NesterovSolve] Iter: 120 overflow: 0.964756 HPWL: 188822058
[NesterovSolve] Iter: 130 overflow: 0.964336 HPWL: 190353273
[NesterovSolve] Iter: 140 overflow: 0.963555 HPWL: 192141871
[NesterovSolve] Iter: 150 overflow: 0.963015 HPWL: 194252254
[NesterovSolve] Iter: 160 overflow: 0.96226 HPWL: 196798565
[NesterovSolve] Iter: 170 overflow: 0.961335 HPWL: 199940123
[NesterovSolve] Iter: 180 overflow: 0.960133 HPWL: 203975880
[NesterovSolve] Iter: 190 overflow: 0.958343 HPWL: 209525854
[NesterovSolve] Iter: 200 overflow: 0.955807 HPWL: 217548380
[NesterovSolve] Iter: 210 overflow: 0.951648 HPWL: 229277158
[NesterovSolve] Iter: 220 overflow: 0.945383 HPWL: 245873153
[NesterovSolve] Iter: 230 overflow: 0.936581 HPWL: 268361450
[NesterovSolve] Iter: 240 overflow: 0.923867 HPWL: 297347206
[NesterovSolve] Iter: 250 overflow: 0.906681 HPWL: 332828904
[NesterovSolve] Iter: 260 overflow: 0.884525 HPWL: 374003504
[NesterovSolve] Iter: 270 overflow: 0.857151 HPWL: 418880991
[NesterovSolve] Iter: 280 overflow: 0.82517 HPWL: 464474279
[NesterovSolve] Iter: 290 overflow: 0.789243 HPWL: 511168074
[INFO GPL-0100] worst slack 9.66e-09
[INFO GPL-0103] Weighted 2103 nets.
[NesterovSolve] Iter: 300 overflow: 0.752998 HPWL: 556641091
[NesterovSolve] Iter: 310 overflow: 0.718109 HPWL: 596640121
[NesterovSolve] Iter: 320 overflow: 0.67415 HPWL: 640272663
[INFO GPL-0100] worst slack 9.09e-09
[INFO GPL-0103] Weighted 2103 nets.
[NesterovSolve] Iter: 330 overflow: 0.621663 HPWL: 686720530
[NesterovSolve] Snapshot saved at iter = 334
[NesterovSolve] Iter: 340 overflow: 0.577814 HPWL: 717013459
[NesterovSolve] Iter: 350 overflow: 0.533736 HPWL: 747887307
[NesterovSolve] Iter: 360 overflow: 0.479909 HPWL: 785624154
[INFO GPL-0100] worst slack 9.26e-09
[INFO GPL-0103] Weighted 2103 nets.
[NesterovSolve] Iter: 370 overflow: 0.429202 HPWL: 815950481
[NesterovSolve] Iter: 380 overflow: 0.380366 HPWL: 837057065
[NesterovSolve] Iter: 390 overflow: 0.338212 HPWL: 841812870
[NesterovSolve] Iter: 400 overflow: 0.307532 HPWL: 833982798
[NesterovSolve] Iter: 410 overflow: 0.285205 HPWL: 832180058
[INFO GPL-0100] worst slack 9.1e-09
[INFO GPL-0103] Weighted 2100 nets.
[NesterovSolve] Iter: 420 overflow: 0.256891 HPWL: 830639334
[NesterovSolve] Iter: 430 overflow: 0.236865 HPWL: 822415758
[NesterovSolve] Iter: 440 overflow: 0.217098 HPWL: 818004255
[INFO GPL-0100] worst slack 9.12e-09
[INFO GPL-0103] Weighted 2103 nets.
[INFO GPL-0075] Routability numCall: 1 inflationIterCnt: 1 bloatIterCnt: 0
[INFO GPL-0036] TileLxLy: 0 0
[INFO GPL-0037] TileSize: 6900 6900
[INFO GPL-0038] TileCnt: 115 115
[INFO GPL-0039] numRoutingLayers: 6
[INFO GPL-0040] NumTiles: 13225
[INFO GPL-0063] TotalRouteOverflowH2: 0.9000000953674316
[INFO GPL-0064] TotalRouteOverflowV2: 7.933336496353149
[INFO GPL-0065] OverflowTileCnt2: 74
[INFO GPL-0066] 0.5%RC: 1.0596491465891213
[INFO GPL-0067] 1.0%RC: 1.0299371188541628
[INFO GPL-0068] 2.0%RC: 1.0149968553806297
[INFO GPL-0069] 5.0%RC: 1.0059964750539327
[INFO GPL-0070] 0.5rcK: 1
[INFO GPL-0071] 1.0rcK: 1
[INFO GPL-0072] 2.0rcK: 0
[INFO GPL-0073] 5.0rcK: 0
[INFO GPL-0074] FinalRC: 1.0447931
[NesterovSolve] Iter: 450 overflow: 0.193757 HPWL: 811405284
[NesterovSolve] Iter: 460 overflow: 0.175132 HPWL: 805918233
[NesterovSolve] Iter: 470 overflow: 0.15706 HPWL: 800844423
[INFO GPL-0100] worst slack 9.48e-09
[INFO GPL-0103] Weighted 2103 nets.
[NesterovSolve] Iter: 480 overflow: 0.139211 HPWL: 796898627
[NesterovSolve] Iter: 490 overflow: 0.124236 HPWL: 794198016
[NesterovSolve] Iter: 500 overflow: 0.108953 HPWL: 789454265
[NesterovSolve] Finished with Overflow: 0.099517
[INFO] Setting RC values…
Setting global connections for newly added cells…
[INFO] Setting global connections...
Writing OpenROAD database to '/mnt/d/APIC/FIR_Openlane/Lowpass/runs/RUN_2024-06-17_18-45-38/26-openroad-globalplacement/lowpass.odb'…
Writing netlist to '/mnt/d/APIC/FIR_Openlane/Lowpass/runs/RUN_2024-06-17_18-45-38/26-openroad-globalplacement/lowpass.nl.v'…
Writing powered netlist to '/mnt/d/APIC/FIR_Openlane/Lowpass/runs/RUN_2024-06-17_18-45-38/26-openroad-globalplacement/lowpass.pnl.v'…
Writing layout to '/mnt/d/APIC/FIR_Openlane/Lowpass/runs/RUN_2024-06-17_18-45-38/26-openroad-globalplacement/lowpass.def'…
Writing timing constraints to '/mnt/d/APIC/FIR_Openlane/Lowpass/runs/RUN_2024-06-17_18-45-38/26-openroad-globalplacement/lowpass.sdc'…
