
===========================================================================
report_checks -unconstrained
===========================================================================
======================= max_tt_025C_1v80 Corner ===================================

Startpoint: input_data[81] (input port clocked by clk)
Endpoint: _22395_ (rising edge-triggered flip-flop clocked by clk)
Path Group: clk
Path Type: max

Fanout         Cap        Slew       Delay        Time   Description
---------------------------------------------------------------------------------------------
                                  0.000000    0.000000   clock clk (rise edge)
                                  0.000000    0.000000   clock network delay (propagated)
                                  5.000000    5.000000 ^ input external delay
     1    0.003373    0.022220    0.012368    5.012368 ^ input_data[81] (in)
                                                         input_data[81] (net)
                      0.022221    0.000000    5.012368 ^ input197/A (sky130_fd_sc_hd__buf_2)
     1    0.061984    0.299916    0.277208    5.289576 ^ input197/X (sky130_fd_sc_hd__buf_2)
                                                         net197 (net)
                      0.300116    0.006415    5.295991 ^ fanout407/A (sky130_fd_sc_hd__clkbuf_4)
     7    0.079969    0.241756    0.356011    5.652002 ^ fanout407/X (sky130_fd_sc_hd__clkbuf_4)
                                                         net407 (net)
                      0.243220    0.015262    5.667263 ^ fanout406/A (sky130_fd_sc_hd__buf_4)
     8    0.082107    0.229440    0.297842    5.965105 ^ fanout406/X (sky130_fd_sc_hd__buf_4)
                                                         net406 (net)
                      0.231283    0.016632    5.981737 ^ fanout405/A (sky130_fd_sc_hd__clkbuf_2)
     5    0.037375    0.205808    0.272533    6.254270 ^ fanout405/X (sky130_fd_sc_hd__clkbuf_2)
                                                         net405 (net)
                      0.205935    0.004214    6.258484 ^ fanout404/A (sky130_fd_sc_hd__buf_4)
    10    0.062158    0.175427    0.254757    6.513242 ^ fanout404/X (sky130_fd_sc_hd__buf_4)
                                                         net404 (net)
                      0.175967    0.007961    6.521203 ^ _11244_/B (sky130_fd_sc_hd__nor2_1)
     4    0.017259    0.095606    0.128700    6.649903 v _11244_/Y (sky130_fd_sc_hd__nor2_1)
                                                         _03356_ (net)
                      0.095618    0.000846    6.650748 v _11245_/B (sky130_fd_sc_hd__nor2_2)
     3    0.046643    0.504887    0.414614    7.065362 ^ _11245_/Y (sky130_fd_sc_hd__nor2_2)
                                                         _03367_ (net)
                      0.504908    0.002759    7.068120 ^ fanout263/A (sky130_fd_sc_hd__clkbuf_8)
    10    0.112167    0.200130    0.359208    7.427329 ^ fanout263/X (sky130_fd_sc_hd__clkbuf_8)
                                                         net263 (net)
                      0.201233    0.011987    7.439316 ^ _11368_/A1 (sky130_fd_sc_hd__a21o_1)
     2    0.008843    0.086187    0.176127    7.615443 ^ _11368_/X (sky130_fd_sc_hd__a21o_1)
                                                         _04720_ (net)
                      0.086193    0.000597    7.616040 ^ _11370_/B (sky130_fd_sc_hd__xor2_1)
     2    0.009884    0.236962    0.239758    7.855797 ^ _11370_/X (sky130_fd_sc_hd__xor2_1)
                                                         _04742_ (net)
                      0.236965    0.000649    7.856446 ^ _11371_/B (sky130_fd_sc_hd__nand2_1)
     2    0.013566    0.118008    0.157600    8.014047 v _11371_/Y (sky130_fd_sc_hd__nand2_1)
                                                         _04753_ (net)
                      0.118011    0.000484    8.014530 v _11458_/B (sky130_fd_sc_hd__and3_1)
     1    0.005524    0.048471    0.205078    8.219608 v _11458_/X (sky130_fd_sc_hd__and3_1)
                                                         _05710_ (net)
                      0.048475    0.000374    8.219982 v _11459_/B (sky130_fd_sc_hd__or2_4)
     4    0.033618    0.083733    0.277864    8.497847 v _11459_/X (sky130_fd_sc_hd__or2_4)
                                                         _05721_ (net)
                      0.083787    0.001751    8.499598 v _11461_/B (sky130_fd_sc_hd__nor2_2)
     2    0.022285    0.255781    0.229839    8.729437 ^ _11461_/Y (sky130_fd_sc_hd__nor2_2)
                                                         _05743_ (net)
                      0.255796    0.001596    8.731033 ^ _11558_/A (sky130_fd_sc_hd__xnor2_4)
     2    0.024312    0.102352    0.146126    8.877159 v _11558_/Y (sky130_fd_sc_hd__xnor2_4)
                                                         _06809_ (net)
                      0.102377    0.001253    8.878412 v _11672_/A3 (sky130_fd_sc_hd__o31ai_4)
     4    0.030556    0.399151    0.367590    9.246001 ^ _11672_/Y (sky130_fd_sc_hd__o31ai_4)
                                                         _08062_ (net)
                      0.399160    0.001455    9.247457 ^ _11845_/B (sky130_fd_sc_hd__and3_1)
     2    0.029426    0.290101    0.400800    9.648256 ^ _11845_/X (sky130_fd_sc_hd__and3_1)
                                                         _09964_ (net)
                      0.290212    0.004722    9.652978 ^ _11879_/A1_N (sky130_fd_sc_hd__a2bb2o_1)
     3    0.022188    0.139130    0.417172   10.070150 v _11879_/X (sky130_fd_sc_hd__a2bb2o_1)
                                                         _10338_ (net)
                      0.139163    0.001814   10.071964 v _11880_/C (sky130_fd_sc_hd__and3_1)
     2    0.005567    0.048701    0.230699   10.302663 v _11880_/X (sky130_fd_sc_hd__and3_1)
                                                         _10349_ (net)
                      0.048704    0.000282   10.302944 v _11882_/B (sky130_fd_sc_hd__or3_1)
     3    0.011964    0.112511    0.404016   10.706960 v _11882_/X (sky130_fd_sc_hd__or3_1)
                                                         _10370_ (net)
                      0.112519    0.000785   10.707746 v _11897_/A1 (sky130_fd_sc_hd__a211o_1)
     3    0.007776    0.071725    0.305017   11.012763 v _11897_/X (sky130_fd_sc_hd__a211o_1)
                                                         _10535_ (net)
                      0.071726    0.000230   11.012993 v _11898_/C (sky130_fd_sc_hd__and3_1)
     2    0.005729    0.049344    0.200504   11.213496 v _11898_/X (sky130_fd_sc_hd__and3_1)
                                                         _10546_ (net)
                      0.049347    0.000290   11.213787 v _11917_/B1 (sky130_fd_sc_hd__a211o_1)
     3    0.011647    0.087009    0.312387   11.526174 v _11917_/X (sky130_fd_sc_hd__a211o_1)
                                                         _10755_ (net)
                      0.087016    0.000608   11.526782 v _11920_/B (sky130_fd_sc_hd__and3_2)
     4    0.021029    0.078333    0.259325   11.786107 v _11920_/X (sky130_fd_sc_hd__and3_2)
                                                         _10788_ (net)
                      0.078354    0.001076   11.787183 v _11947_/A (sky130_fd_sc_hd__or3_4)
     5    0.027844    0.100673    0.447204   12.234387 v _11947_/X (sky130_fd_sc_hd__or3_4)
                                                         _11085_ (net)
                      0.100821    0.002971   12.237358 v _11949_/B (sky130_fd_sc_hd__and3_1)
     2    0.008792    0.062113    0.213097   12.450456 v _11949_/X (sky130_fd_sc_hd__and3_1)
                                                         _11107_ (net)
                      0.062122    0.000592   12.451048 v _11979_/A (sky130_fd_sc_hd__or3_2)
     5    0.014146    0.113002    0.532668   12.983716 v _11979_/X (sky130_fd_sc_hd__or3_2)
                                                         _00258_ (net)
                      0.113003    0.000710   12.984426 v _11981_/B (sky130_fd_sc_hd__and3_1)
     2    0.009192    0.063703    0.220288   13.204713 v _11981_/X (sky130_fd_sc_hd__and3_1)
                                                         _00280_ (net)
                      0.063713    0.000626   13.205339 v _12018_/B1 (sky130_fd_sc_hd__a211oi_2)
     3    0.013776    0.303158    0.315348   13.520687 ^ _12018_/Y (sky130_fd_sc_hd__a211oi_2)
                                                         _00686_ (net)
                      0.303162    0.000817   13.521504 ^ _12020_/B (sky130_fd_sc_hd__nor3_2)
     3    0.010426    0.083999    0.108027   13.629532 v _12020_/Y (sky130_fd_sc_hd__nor3_2)
                                                         _00708_ (net)
                      0.084001    0.000809   13.630341 v _12118_/A (sky130_fd_sc_hd__nor3_1)
     3    0.009153    0.308931    0.315484   13.945825 ^ _12118_/Y (sky130_fd_sc_hd__nor3_1)
                                                         _01598_ (net)
                      0.308932    0.000431   13.946256 ^ _16802_/B1_N (sky130_fd_sc_hd__o21ba_1)
     2    0.010816    0.070091    0.230946   14.177201 v _16802_/X (sky130_fd_sc_hd__o21ba_1)
                                                         _06628_ (net)
                      0.070100    0.000651   14.177853 v _17945_/A2 (sky130_fd_sc_hd__o21bai_2)
     2    0.014229    0.197549    0.193470   14.371323 ^ _17945_/Y (sky130_fd_sc_hd__o21bai_2)
                                                         _07884_ (net)
                      0.197558    0.001047   14.372370 ^ _19186_/A2 (sky130_fd_sc_hd__a21o_1)
     3    0.022349    0.197497    0.258829   14.631199 ^ _19186_/X (sky130_fd_sc_hd__a21o_1)
                                                         _09248_ (net)
                      0.197524    0.001950   14.633148 ^ _20615_/A2 (sky130_fd_sc_hd__a21o_1)
     3    0.019636    0.175496    0.243332   14.876481 ^ _20615_/X (sky130_fd_sc_hd__a21o_1)
                                                         _10819_ (net)
                      0.175512    0.001394   14.877875 ^ _21715_/A1 (sky130_fd_sc_hd__a221o_1)
     1    0.010219    0.111786    0.225750   15.103625 ^ _21715_/X (sky130_fd_sc_hd__a221o_1)
                                                         _00849_ (net)
                      0.111795    0.000824   15.104449 ^ _21716_/B1 (sky130_fd_sc_hd__o311ai_4)
     1    0.020781    0.135150    0.150067   15.254517 v _21716_/Y (sky130_fd_sc_hd__o311ai_4)
                                                         _00850_ (net)
                      0.135161    0.002812   15.257328 v _21914_/A2 (sky130_fd_sc_hd__a31o_1)
     1    0.014501    0.086789    0.289003   15.546330 v _21914_/X (sky130_fd_sc_hd__a31o_1)
                                                         _01068_ (net)
                      0.086822    0.001419   15.547750 v _22033_/A2 (sky130_fd_sc_hd__o21a_1)
     1    0.022954    0.125177    0.264189   15.811939 v _22033_/X (sky130_fd_sc_hd__o21a_1)
                                                         _01199_ (net)
                      0.125262    0.002721   15.814660 v _22196_/A1 (sky130_fd_sc_hd__o22a_1)
     1    0.007231    0.067113    0.257204   16.071865 v _22196_/X (sky130_fd_sc_hd__o22a_1)
                                                         _01378_ (net)
                      0.067122    0.000654   16.072517 v _22243_/A2 (sky130_fd_sc_hd__o21ba_1)
     1    0.005021    0.045172    0.182910   16.255428 v _22243_/X (sky130_fd_sc_hd__o21ba_1)
                                                         _01430_ (net)
                      0.045176    0.000330   16.255758 v _22245_/B1 (sky130_fd_sc_hd__o32a_1)
     1    0.002077    0.048102    0.160282   16.416040 v _22245_/X (sky130_fd_sc_hd__o32a_1)
                                                         _00005_ (net)
                      0.048102    0.000151   16.416191 v _22395_/D (sky130_fd_sc_hd__dfxtp_2)
                                             16.416191   data arrival time

                                 25.000000   25.000000   clock clk (rise edge)
                                  0.000000   25.000000   clock source latency
     2    0.096656    0.436003    0.306303   25.306301 ^ clk (in)
                                                         clk (net)
                      0.436274    0.000000   25.306301 ^ clkbuf_0_clk/A (sky130_fd_sc_hd__clkbuf_16)
     2    0.025431    0.054520    0.234474   25.540775 ^ clkbuf_0_clk/X (sky130_fd_sc_hd__clkbuf_16)
                                                         clknet_0_clk (net)
                      0.054581    0.001380   25.542156 ^ clkbuf_1_1__f_clk/A (sky130_fd_sc_hd__clkbuf_16)
     7    0.031900    0.052470    0.138435   25.680592 ^ clkbuf_1_1__f_clk/X (sky130_fd_sc_hd__clkbuf_16)
                                                         clknet_1_1__leaf_clk (net)
                      0.052822    0.003295   25.683886 ^ _22395_/CLK (sky130_fd_sc_hd__dfxtp_2)
                                 -0.250000   25.433887   clock uncertainty
                                  0.000000   25.433887   clock reconvergence pessimism
                                 -0.112411   25.321476   library setup time
                                             25.321476   data required time
---------------------------------------------------------------------------------------------
                                             25.321476   data required time
                                            -16.416191   data arrival time
---------------------------------------------------------------------------------------------
                                              8.905284   slack (MET)




===========================================================================
report_checks --slack_max -0.01
============================================================================
======================= max_tt_025C_1v80 Corner ===================================

No paths found.


===========================================================================
 report_check_types -max_slew -max_cap -max_fanout -violators
============================================================================
======================= max_tt_025C_1v80 Corner ===================================

max fanout

Pin                                   Limit Fanout  Slack
---------------------------------------------------------
fanout487/X                              10     14     -4 (VIOLATED)
input136/X                               10     14     -4 (VIOLATED)
_15196_/Y                                10     11        (VIOLATED)
fanout496/X                              10     11        (VIOLATED)
fanout536/X                              10     11        (VIOLATED)



===========================================================================
report_parasitic_annotation -report_unannotated
============================================================================
Found 23 unannotated drivers.
 input_data[127]
 input_data[191]
 input_data[207]
 input_data[208]
 input_data[209]
 input_data[210]
 input_data[211]
 input_data[212]
 input_data[213]
 input_data[214]
 input_data[215]
 input_data[216]
 input_data[217]
 input_data[218]
 input_data[219]
 input_data[220]
 input_data[221]
 input_data[222]
 input_data[223]
 input_data[238]
 input_data[239]
 input_data[63]
 input_data[79]
Found 0 partially unannotated drivers.

===========================================================================
max slew violation count 0
max fanout violation count 5
max cap violation count 0
============================================================================

===========================================================================
check_setup -verbose -unconstrained_endpoints -multiple_clock -no_clock -no_input_delay -loops -generated_clocks
===========================================================================
