Reading OpenROAD database at '/mnt/d/APIC/FIR_Openlane/All/runs/RUN_2024-06-17_08-49-04/22-openroad-globalplacementskipio/top.odb'…
Reading library file at '/home/nurwiyoso14/.volare/volare/sky130/versions/bdc9412b3e468c102d01b7cf6337be06ec6e9c9a/sky130A/libs.ref/sky130_fd_sc_hd/lib/sky130_fd_sc_hd__tt_025C_1v80.lib'…
Reading design constraints file at '/nix/store/ly0xjc8f0gmgmckxcrs0bw8vqc9gf9bk-python3-3.11.6-env/lib/python3.11/site-packages/openlane/scripts/base.sdc'…
[INFO] Using clock clk…
[INFO] Setting output delay to: 5
[INFO] Setting input delay to: 5
[INFO] Setting load to: 0.033442
[INFO] Setting clock uncertainty to: 0.25
[INFO] Setting clock transition to: 0.1499999999999999944488848768742172978818416595458984375
[INFO] Setting timing derate to: 5%
[INFO] place_pins args: -min_distance 3
Found 0 macro blocks.
[INFO PPL-0010] Tentative 0 to set up sections.
[INFO PPL-0001] Number of slots           1014
[INFO PPL-0002] Number of I/O             38
[INFO PPL-0003] Number of I/O w/sink      38
[INFO PPL-0004] Number of I/O w/o sink    0
[INFO PPL-0005] Slots per section         200
[INFO PPL-0006] Slots increase factor     0.01
[INFO PPL-0008] Successfully assigned pins to sections.
[INFO PPL-0012] I/O nets HPWL: 11039.16 um.
Setting global connections for newly added cells…
[INFO] Setting global connections...
Writing OpenROAD database to '/mnt/d/APIC/FIR_Openlane/All/runs/RUN_2024-06-17_08-49-04/23-openroad-ioplacement/top.odb'…
Writing netlist to '/mnt/d/APIC/FIR_Openlane/All/runs/RUN_2024-06-17_08-49-04/23-openroad-ioplacement/top.nl.v'…
Writing powered netlist to '/mnt/d/APIC/FIR_Openlane/All/runs/RUN_2024-06-17_08-49-04/23-openroad-ioplacement/top.pnl.v'…
Writing layout to '/mnt/d/APIC/FIR_Openlane/All/runs/RUN_2024-06-17_08-49-04/23-openroad-ioplacement/top.def'…
Writing timing constraints to '/mnt/d/APIC/FIR_Openlane/All/runs/RUN_2024-06-17_08-49-04/23-openroad-ioplacement/top.sdc'…
