[INFO GRT-0043] No OR_DEFAULT vias defined.
Net: net1
  Pin: _702_/D (sky130_fd_sc_hd__dfrtp_1)
    Layer: met2
      Partial area ratio:  823.77
      Required ratio:    0.00 (Gate area) 
      Partial area ratio: 4122.72
      Required ratio: 3130.28 (Side area) (VIOLATED)
      Cumulative area ratio:  827.54
      Required ratio:    0.00 (Cumulative area) 
      Cumulative area ratio: 4142.36
      Required ratio:    0.00 (Cumulative side area) 

    Layer: met1
      Partial area ratio:    3.77
      Required ratio:    0.00 (Gate area) 
      Partial area ratio:   19.64
      Required ratio:  400.00 (Side area) 
      Cumulative area ratio:    3.77
      Required ratio:    0.00 (Cumulative area) 
      Cumulative area ratio:   19.64
      Required ratio:    0.00 (Cumulative side area) 

    Layer: li1
      Partial area ratio:    0.00
      Required ratio:    0.00 (Gate area) 
      Partial area ratio:    0.00
      Required ratio:   75.00 (Side area) 
      Cumulative area ratio:    0.00
      Required ratio:    0.00 (Cumulative area) 
      Cumulative area ratio:    0.00
      Required ratio:    0.00 (Cumulative side area) 

    Via: M1M2_PR
      Partial area ratio:    0.18
      Required ratio:    6.00 (Gate area) 
      Cumulative area ratio:    0.41
      Required ratio:    0.00 (Cumulative area) 

    Via: L1M1_PR
      Partial area ratio:    0.23
      Required ratio:    3.00 (Gate area) 
      Cumulative area ratio:    0.23
      Required ratio:    0.00 (Cumulative area) 


Net: net8
  Pin: _703_/D (sky130_fd_sc_hd__dfrtp_1)
    Layer: met2
      Partial area ratio:  812.98
      Required ratio:    0.00 (Gate area) 
      Partial area ratio: 4069.56
      Required ratio: 3304.16 (Side area) (VIOLATED)
      Cumulative area ratio:  814.63
      Required ratio:    0.00 (Cumulative area) 
      Cumulative area ratio: 4078.58
      Required ratio:    0.00 (Cumulative side area) 

    Layer: met1
      Partial area ratio:    1.65
      Required ratio:    0.00 (Gate area) 
      Partial area ratio:    9.03
      Required ratio:  400.00 (Side area) 
      Cumulative area ratio:    1.65
      Required ratio:    0.00 (Cumulative area) 
      Cumulative area ratio:    9.03
      Required ratio:    0.00 (Cumulative side area) 

    Layer: li1
      Partial area ratio:    0.00
      Required ratio:    0.00 (Gate area) 
      Partial area ratio:    0.00
      Required ratio:   75.00 (Side area) 
      Cumulative area ratio:    0.00
      Required ratio:    0.00 (Cumulative area) 
      Cumulative area ratio:    0.00
      Required ratio:    0.00 (Cumulative side area) 

    Via: M1M2_PR
      Partial area ratio:    0.18
      Required ratio:    6.00 (Gate area) 
      Cumulative area ratio:    0.41
      Required ratio:    0.00 (Cumulative area) 

    Via: L1M1_PR
      Partial area ratio:    0.23
      Required ratio:    3.00 (Gate area) 
      Cumulative area ratio:    0.23
      Required ratio:    0.00 (Cumulative area) 


Net: net9
  Pin: _704_/D (sky130_fd_sc_hd__dfrtp_1)
    Layer: met2
      Partial area ratio:  788.24
      Required ratio:    0.00 (Gate area) 
      Partial area ratio: 3945.89
      Required ratio: 3304.16 (Side area) (VIOLATED)
      Cumulative area ratio:  789.89
      Required ratio:    0.00 (Cumulative area) 
      Cumulative area ratio: 3954.92
      Required ratio:    0.00 (Cumulative side area) 

    Layer: met1
      Partial area ratio:    1.65
      Required ratio:    0.00 (Gate area) 
      Partial area ratio:    9.03
      Required ratio:  400.00 (Side area) 
      Cumulative area ratio:    1.65
      Required ratio:    0.00 (Cumulative area) 
      Cumulative area ratio:    9.03
      Required ratio:    0.00 (Cumulative side area) 

    Layer: li1
      Partial area ratio:    0.00
      Required ratio:    0.00 (Gate area) 
      Partial area ratio:    0.00
      Required ratio:   75.00 (Side area) 
      Cumulative area ratio:    0.00
      Required ratio:    0.00 (Cumulative area) 
      Cumulative area ratio:    0.00
      Required ratio:    0.00 (Cumulative side area) 

    Via: M1M2_PR
      Partial area ratio:    0.18
      Required ratio:    6.00 (Gate area) 
      Cumulative area ratio:    0.41
      Required ratio:    0.00 (Cumulative area) 

    Via: L1M1_PR
      Partial area ratio:    0.23
      Required ratio:    3.00 (Gate area) 
      Cumulative area ratio:    0.23
      Required ratio:    0.00 (Cumulative area) 


Net: net10
  Pin: _705_/D (sky130_fd_sc_hd__dfrtp_2)
    Layer: met2
      Partial area ratio:  743.28
      Required ratio:    0.00 (Gate area) 
      Partial area ratio: 3720.28
      Required ratio: 3130.28 (Side area) (VIOLATED)
      Cumulative area ratio:  746.03
      Required ratio:    0.00 (Cumulative area) 
      Cumulative area ratio: 3734.81
      Required ratio:    0.00 (Cumulative side area) 

    Layer: met1
      Partial area ratio:    2.75
      Required ratio:    0.00 (Gate area) 
      Partial area ratio:   14.53
      Required ratio:  400.00 (Side area) 
      Cumulative area ratio:    2.75
      Required ratio:    0.00 (Cumulative area) 
      Cumulative area ratio:   14.53
      Required ratio:    0.00 (Cumulative side area) 

    Layer: li1
      Partial area ratio:    0.00
      Required ratio:    0.00 (Gate area) 
      Partial area ratio:    0.00
      Required ratio:   75.00 (Side area) 
      Cumulative area ratio:    0.00
      Required ratio:    0.00 (Cumulative area) 
      Cumulative area ratio:    0.00
      Required ratio:    0.00 (Cumulative side area) 

    Via: M1M2_PR
      Partial area ratio:    0.18
      Required ratio:    6.00 (Gate area) 
      Cumulative area ratio:    0.41
      Required ratio:    0.00 (Cumulative area) 

    Via: L1M1_PR
      Partial area ratio:    0.23
      Required ratio:    3.00 (Gate area) 
      Cumulative area ratio:    0.23
      Required ratio:    0.00 (Cumulative area) 


Net: net11
  Pin: _706_/D (sky130_fd_sc_hd__dfrtp_4)
    Layer: met2
      Partial area ratio:  768.63
      Required ratio:    0.00 (Gate area) 
      Partial area ratio: 3847.06
      Required ratio: 3130.28 (Side area) (VIOLATED)
      Cumulative area ratio:  770.87
      Required ratio:    0.00 (Cumulative area) 
      Cumulative area ratio: 3859.03
      Required ratio:    0.00 (Cumulative side area) 

    Layer: met1
      Partial area ratio:    2.24
      Required ratio:    0.00 (Gate area) 
      Partial area ratio:   11.97
      Required ratio:  400.00 (Side area) 
      Cumulative area ratio:    2.24
      Required ratio:    0.00 (Cumulative area) 
      Cumulative area ratio:   11.97
      Required ratio:    0.00 (Cumulative side area) 

    Layer: li1
      Partial area ratio:    0.00
      Required ratio:    0.00 (Gate area) 
      Partial area ratio:    0.00
      Required ratio:   75.00 (Side area) 
      Cumulative area ratio:    0.00
      Required ratio:    0.00 (Cumulative area) 
      Cumulative area ratio:    0.00
      Required ratio:    0.00 (Cumulative side area) 

    Via: M1M2_PR
      Partial area ratio:    0.18
      Required ratio:    6.00 (Gate area) 
      Cumulative area ratio:    0.41
      Required ratio:    0.00 (Cumulative area) 

    Via: L1M1_PR
      Partial area ratio:    0.23
      Required ratio:    3.00 (Gate area) 
      Cumulative area ratio:    0.23
      Required ratio:    0.00 (Cumulative area) 


[INFO ANT-0002] Found 5 net violations.
[INFO ANT-0001] Found 5 pin violations.
