Reading OpenROAD database at '/mnt/d/APIC/FIR_Openlane/shifter/runs/RUN_2024-06-17_07-21-45/24-odb-customioplacement/shifter.odb'…
Reading library file at '/home/nurwiyoso14/.volare/volare/sky130/versions/bdc9412b3e468c102d01b7cf6337be06ec6e9c9a/sky130A/libs.ref/sky130_fd_sc_hd/lib/sky130_fd_sc_hd__tt_025C_1v80.lib'…
Reading design constraints file at '/nix/store/ly0xjc8f0gmgmckxcrs0bw8vqc9gf9bk-python3-3.11.6-env/lib/python3.11/site-packages/openlane/scripts/base.sdc'…
[INFO] Using clock clk…
[INFO] Setting output delay to: 5
[INFO] Setting input delay to: 5
[INFO] Setting load to: 0.033442
[INFO] Setting clock uncertainty to: 0.25
[INFO] Setting clock transition to: 0.1499999999999999944488848768742172978818416595458984375
[INFO] Setting timing derate to: 5%
[INFO] Setting RC values…
[INFO] Setting signal min routing layer to: met1 and clock min routing layer to met1. 
[INFO] Setting signal max routing layer to: met5 and clock max routing layer to met5. 
{*}-density 0.621591 -timing_driven -routability_driven -pad_right 0 -pad_left 0 -init_wirelength_coef 0.25
[INFO GPL-0002] DBU: 1000
[INFO GPL-0003] SiteSize: 460 2720
[INFO GPL-0004] CoreAreaLxLy: 5520 10880
[INFO GPL-0005] CoreAreaUxUy: 125120 130560
[INFO GPL-0006] NumInstances: 775
[INFO GPL-0007] NumPlaceInstances: 480
[INFO GPL-0008] NumFixedInstances: 295
[INFO GPL-0009] NumDummyInstances: 0
[INFO GPL-0010] NumNets: 498
[INFO GPL-0011] NumPins: 1698
[INFO GPL-0012] DieAreaLxLy: 0 0
[INFO GPL-0013] DieAreaUxUy: 131095 141815
[INFO GPL-0014] CoreAreaLxLy: 5520 10880
[INFO GPL-0015] CoreAreaUxUy: 125120 130560
[INFO GPL-0016] CoreArea: 14313728000
[INFO GPL-0017] NonPlaceInstsArea: 589315200
[INFO GPL-0018] PlaceInstsArea: 7206912000
[INFO GPL-0019] Util(%): 52.51
[INFO GPL-0020] StdInstsArea: 7206912000
[INFO GPL-0021] MacroInstsArea: 0
[InitialPlace]  Iter: 1 CG residual: 0.00000006 HPWL: 27080975
[InitialPlace]  Iter: 2 CG residual: 0.00000008 HPWL: 12758541
[InitialPlace]  Iter: 3 CG residual: 0.00000010 HPWL: 11434347
[InitialPlace]  Iter: 4 CG residual: 0.00000009 HPWL: 11356127
[InitialPlace]  Iter: 5 CG residual: 0.00000006 HPWL: 11361030
[INFO GPL-0031] FillerInit: NumGCells: 568
[INFO GPL-0032] FillerInit: NumGNets: 498
[INFO GPL-0033] FillerInit: NumGPins: 1698
[INFO GPL-0023] TargetDensity: 0.62
[INFO GPL-0024] AveragePlaceInstArea: 15014400
[INFO GPL-0025] IdealBinArea: 24154790
[INFO GPL-0026] IdealBinCnt: 592
[INFO GPL-0027] TotalBinArea: 14313728000
[INFO GPL-0028] BinCnt: 16 16
[INFO GPL-0029] BinSize: 7475 7480
[INFO GPL-0030] NumBins: 256
[NesterovSolve] Iter: 1 overflow: 0.810444 HPWL: 7592713
[INFO GPL-0100] worst slack 1.88e-08
[INFO GPL-0103] Weighted 49 nets.
[NesterovSolve] Iter: 10 overflow: 0.782997 HPWL: 7653335
[NesterovSolve] Iter: 20 overflow: 0.783078 HPWL: 7568079
[NesterovSolve] Iter: 30 overflow: 0.784064 HPWL: 7572185
[NesterovSolve] Iter: 40 overflow: 0.783835 HPWL: 7569903
[NesterovSolve] Iter: 50 overflow: 0.783773 HPWL: 7570128
[NesterovSolve] Iter: 60 overflow: 0.783773 HPWL: 7569924
[NesterovSolve] Iter: 70 overflow: 0.783727 HPWL: 7569607
[NesterovSolve] Iter: 80 overflow: 0.783656 HPWL: 7569590
[NesterovSolve] Iter: 90 overflow: 0.783547 HPWL: 7570690
[NesterovSolve] Iter: 100 overflow: 0.783368 HPWL: 7574441
[NesterovSolve] Iter: 110 overflow: 0.783081 HPWL: 7580625
[NesterovSolve] Iter: 120 overflow: 0.782602 HPWL: 7589402
[NesterovSolve] Iter: 130 overflow: 0.781786 HPWL: 7593234
[NesterovSolve] Iter: 140 overflow: 0.780761 HPWL: 7573041
[NesterovSolve] Iter: 150 overflow: 0.779255 HPWL: 7484713
[NesterovSolve] Iter: 160 overflow: 0.776939 HPWL: 7443962
[NesterovSolve] Iter: 170 overflow: 0.774549 HPWL: 7402304
[NesterovSolve] Iter: 180 overflow: 0.770616 HPWL: 7473358
[NesterovSolve] Iter: 190 overflow: 0.758093 HPWL: 7676099
[NesterovSolve] Iter: 200 overflow: 0.752019 HPWL: 8064726
[NesterovSolve] Iter: 210 overflow: 0.731534 HPWL: 8975666
[NesterovSolve] Iter: 220 overflow: 0.646929 HPWL: 9452429
[INFO GPL-0100] worst slack 1.88e-08
[INFO GPL-0103] Weighted 49 nets.
[NesterovSolve] Iter: 230 overflow: 0.60523 HPWL: 10275699
[NesterovSolve] Snapshot saved at iter = 230
[NesterovSolve] Iter: 240 overflow: 0.532561 HPWL: 11066337
[INFO GPL-0100] worst slack 1.9e-08
[INFO GPL-0103] Weighted 49 nets.
[NesterovSolve] Iter: 250 overflow: 0.441284 HPWL: 11885457
[NesterovSolve] Iter: 260 overflow: 0.3152 HPWL: 13342333
[NesterovSolve] Iter: 270 overflow: 0.293572 HPWL: 14342659
[INFO GPL-0100] worst slack 1.92e-08
[INFO GPL-0103] Weighted 49 nets.
[NesterovSolve] Iter: 280 overflow: 0.243188 HPWL: 15535797
[INFO GPL-0100] worst slack 1.91e-08
[INFO GPL-0103] Weighted 49 nets.
[INFO GPL-0075] Routability numCall: 1 inflationIterCnt: 1 bloatIterCnt: 0
[INFO GPL-0036] TileLxLy: 0 0
[INFO GPL-0037] TileSize: 6900 6900
[INFO GPL-0038] TileCnt: 18 20
[INFO GPL-0039] numRoutingLayers: 6
[INFO GPL-0040] NumTiles: 360
[INFO GPL-0063] TotalRouteOverflowH2: 0
[INFO GPL-0064] TotalRouteOverflowV2: 0.2666667699813843
[INFO GPL-0065] OverflowTileCnt2: 3
[INFO GPL-0066] 0.5%RC: 1.066666692495346
[INFO GPL-0067] 1.0%RC: 1.0380952528544836
[INFO GPL-0068] 2.0%RC: 1.0190476264272417
[INFO GPL-0069] 5.0%RC: 1.0078431402935701
[INFO GPL-0070] 0.5rcK: 1
[INFO GPL-0071] 1.0rcK: 1
[INFO GPL-0072] 2.0rcK: 0
[INFO GPL-0073] 5.0rcK: 0
[INFO GPL-0074] FinalRC: 1.0523809
[NesterovSolve] Iter: 290 overflow: 0.191174 HPWL: 16032260
[NesterovSolve] Iter: 300 overflow: 0.148182 HPWL: 16090998
[INFO GPL-0100] worst slack 1.92e-08
[INFO GPL-0103] Weighted 49 nets.
[NesterovSolve] Iter: 310 overflow: 0.118423 HPWL: 16499138
[NesterovSolve] Finished with Overflow: 0.094954
[INFO] Setting RC values…
Setting global connections for newly added cells…
[INFO] Setting global connections...
Writing OpenROAD database to '/mnt/d/APIC/FIR_Openlane/shifter/runs/RUN_2024-06-17_07-21-45/26-openroad-globalplacement/shifter.odb'…
Writing netlist to '/mnt/d/APIC/FIR_Openlane/shifter/runs/RUN_2024-06-17_07-21-45/26-openroad-globalplacement/shifter.nl.v'…
Writing powered netlist to '/mnt/d/APIC/FIR_Openlane/shifter/runs/RUN_2024-06-17_07-21-45/26-openroad-globalplacement/shifter.pnl.v'…
Writing layout to '/mnt/d/APIC/FIR_Openlane/shifter/runs/RUN_2024-06-17_07-21-45/26-openroad-globalplacement/shifter.def'…
Writing timing constraints to '/mnt/d/APIC/FIR_Openlane/shifter/runs/RUN_2024-06-17_07-21-45/26-openroad-globalplacement/shifter.sdc'…
