
===========================================================================
report_checks -unconstrained
===========================================================================
======================= nom_ff_n40C_1v95 Corner ===================================

Startpoint: input_data[17] (input port clocked by clk)
Endpoint: _41569_ (rising edge-triggered flip-flop clocked by clk)
Path Group: clk
Path Type: max

Fanout         Cap        Slew       Delay        Time   Description
---------------------------------------------------------------------------------------------
                                  0.000000    0.000000   clock clk (rise edge)
                                  0.000000    0.000000   clock network delay (propagated)
                                  5.000000    5.000000 ^ input external delay
     2    0.004123    0.018653    0.010712    5.010713 ^ input_data[17] (in)
                                                         input_data[17] (net)
                      0.018653    0.000000    5.010713 ^ input87/A (sky130_fd_sc_hd__clkbuf_2)
     2    0.034853    0.147810    0.141668    5.152380 ^ input87/X (sky130_fd_sc_hd__clkbuf_2)
                                                         net87 (net)
                      0.148044    0.004791    5.157171 ^ wire540/A (sky130_fd_sc_hd__buf_4)
     5    0.068996    0.145603    0.175308    5.332479 ^ wire540/X (sky130_fd_sc_hd__buf_4)
                                                         net540 (net)
                      0.145935    0.005680    5.338160 ^ fanout538/A (sky130_fd_sc_hd__clkbuf_2)
     8    0.039533    0.166509    0.183257    5.521417 ^ fanout538/X (sky130_fd_sc_hd__clkbuf_2)
                                                         net538 (net)
                      0.166594    0.003086    5.524503 ^ wire539/A (sky130_fd_sc_hd__clkbuf_4)
     6    0.088913    0.204178    0.233387    5.757890 ^ wire539/X (sky130_fd_sc_hd__clkbuf_4)
                                                         net539 (net)
                      0.205438    0.013069    5.770959 ^ fanout537/A (sky130_fd_sc_hd__clkbuf_8)
    20    0.111587    0.150945    0.197720    5.968678 ^ fanout537/X (sky130_fd_sc_hd__clkbuf_8)
                                                         net537 (net)
                      0.154984    0.019498    5.988177 ^ _20787_/A (sky130_fd_sc_hd__inv_2)
     1    0.009372    0.041579    0.030377    6.018554 v _20787_/Y (sky130_fd_sc_hd__inv_2)
                                                         _12699_ (net)
                      0.041588    0.000491    6.019045 v fanout504/A (sky130_fd_sc_hd__buf_1)
     3    0.008539    0.039061    0.079200    6.098245 v fanout504/X (sky130_fd_sc_hd__buf_1)
                                                         net504 (net)
                      0.039062    0.000213    6.098458 v wire505/A (sky130_fd_sc_hd__buf_4)
     8    0.123815    0.112332    0.165759    6.264217 v wire505/X (sky130_fd_sc_hd__buf_4)
                                                         net505 (net)
                      0.116256    0.016549    6.280766 v fanout503/A (sky130_fd_sc_hd__buf_4)
    20    0.080710    0.077214    0.178177    6.458942 v fanout503/X (sky130_fd_sc_hd__buf_4)
                                                         net503 (net)
                      0.077440    0.003403    6.462345 v _21948_/B (sky130_fd_sc_hd__nor2_1)
     2    0.015788    0.207645    0.184215    6.646560 ^ _21948_/Y (sky130_fd_sc_hd__nor2_1)
                                                         _04699_ (net)
                      0.207647    0.000540    6.647099 ^ _24497_/B2 (sky130_fd_sc_hd__o2bb2a_4)
    12    0.066279    0.159353    0.187280    6.834380 ^ _24497_/X (sky130_fd_sc_hd__o2bb2a_4)
                                                         _14156_ (net)
                      0.159418    0.002681    6.837060 ^ _25661_/A2 (sky130_fd_sc_hd__a21o_1)
     2    0.013861    0.095887    0.132650    6.969711 ^ _25661_/X (sky130_fd_sc_hd__a21o_1)
                                                         _15434_ (net)
                      0.095893    0.000659    6.970369 ^ _25662_/B (sky130_fd_sc_hd__xor2_1)
     2    0.009032    0.160164    0.152900    7.123269 ^ _25662_/X (sky130_fd_sc_hd__xor2_1)
                                                         _15436_ (net)
                      0.160165    0.000206    7.123475 ^ _27126_/B1 (sky130_fd_sc_hd__a22o_2)
     2    0.021270    0.087727    0.137673    7.261148 ^ _27126_/X (sky130_fd_sc_hd__a22o_2)
                                                         _17044_ (net)
                      0.087743    0.000966    7.262114 ^ _27128_/B (sky130_fd_sc_hd__xor2_4)
     2    0.019848    0.063695    0.062448    7.324562 v _27128_/X (sky130_fd_sc_hd__xor2_4)
                                                         _17046_ (net)
                      0.063695    0.000392    7.324953 v _28791_/A2 (sky130_fd_sc_hd__o21ba_2)
     2    0.022566    0.057061    0.167839    7.492793 v _28791_/X (sky130_fd_sc_hd__o21ba_2)
                                                         _18874_ (net)
                      0.057092    0.001094    7.493886 v _28793_/B (sky130_fd_sc_hd__xnor2_4)
     4    0.069829    0.399232    0.319463    7.813349 ^ _28793_/Y (sky130_fd_sc_hd__xnor2_4)
                                                         _18877_ (net)
                      0.399939    0.013498    7.826847 ^ _28794_/B (sky130_fd_sc_hd__xor2_4)
     8    0.061068    0.336121    0.263384    8.090231 ^ _28794_/X (sky130_fd_sc_hd__xor2_4)
                                                         _18878_ (net)
                      0.336562    0.009774    8.100005 ^ _28795_/C (sky130_fd_sc_hd__and3_1)
     2    0.022731    0.173731    0.217553    8.317558 ^ _28795_/X (sky130_fd_sc_hd__and3_1)
                                                         _18879_ (net)
                      0.173760    0.001884    8.319442 ^ _28797_/A (sky130_fd_sc_hd__nor2_1)
     2    0.012068    0.079771    0.070767    8.390209 v _28797_/Y (sky130_fd_sc_hd__nor2_1)
                                                         _18881_ (net)
                      0.079778    0.000603    8.390812 v _28798_/B (sky130_fd_sc_hd__xor2_1)
     2    0.013139    0.214273    0.202966    8.593778 ^ _28798_/X (sky130_fd_sc_hd__xor2_1)
                                                         _18882_ (net)
                      0.214275    0.000575    8.594352 ^ _28799_/B (sky130_fd_sc_hd__and2_1)
     4    0.014886    0.115446    0.155596    8.749949 ^ _28799_/X (sky130_fd_sc_hd__and2_1)
                                                         _18883_ (net)
                      0.115449    0.000439    8.750387 ^ _28801_/B1 (sky130_fd_sc_hd__a211o_1)
     3    0.015537    0.107165    0.125640    8.876027 ^ _28801_/X (sky130_fd_sc_hd__a211o_1)
                                                         _18885_ (net)
                      0.107168    0.000509    8.876536 ^ _28802_/A (sky130_fd_sc_hd__inv_2)
     2    0.007911    0.031632    0.027179    8.903715 v _28802_/Y (sky130_fd_sc_hd__inv_2)
                                                         _18887_ (net)
                      0.031634    0.000203    8.903919 v _28862_/A (sky130_fd_sc_hd__nor3_2)
     3    0.017749    0.237521    0.225150    9.129068 ^ _28862_/Y (sky130_fd_sc_hd__nor3_2)
                                                         _18953_ (net)
                      0.237522    0.000356    9.129425 ^ _28863_/A (sky130_fd_sc_hd__inv_2)
     2    0.008304    0.049900    0.024793    9.154217 v _28863_/Y (sky130_fd_sc_hd__inv_2)
                                                         _18954_ (net)
                      0.049902    0.000256    9.154473 v _30654_/A2 (sky130_fd_sc_hd__a211oi_2)
     3    0.018962    0.274629    0.273068    9.427541 ^ _30654_/Y (sky130_fd_sc_hd__a211oi_2)
                                                         _00161_ (net)
                      0.274638    0.001207    9.428748 ^ _30656_/B (sky130_fd_sc_hd__nor3_2)
     3    0.012295    0.072573    0.053642    9.482389 v _30656_/Y (sky130_fd_sc_hd__nor3_2)
                                                         _00163_ (net)
                      0.072576    0.000365    9.482755 v _30659_/A (sky130_fd_sc_hd__or3_1)
     3    0.013324    0.079960    0.267416    9.750171 v _30659_/X (sky130_fd_sc_hd__or3_1)
                                                         _00166_ (net)
                      0.079968    0.000640    9.750812 v _30661_/B (sky130_fd_sc_hd__and3_1)
     2    0.015510    0.063565    0.158758    9.909570 v _30661_/X (sky130_fd_sc_hd__and3_1)
                                                         _00168_ (net)
                      0.063575    0.000647    9.910216 v _30663_/B1 (sky130_fd_sc_hd__a211o_1)
     3    0.018061    0.079828    0.180889   10.091105 v _30663_/X (sky130_fd_sc_hd__a211o_1)
                                                         _00171_ (net)
                      0.079835    0.000607   10.091712 v _30666_/A1 (sky130_fd_sc_hd__a211o_1)
     3    0.016725    0.075980    0.218227   10.309939 v _30666_/X (sky130_fd_sc_hd__a211o_1)
                                                         _00174_ (net)
                      0.075993    0.000829   10.310767 v _30669_/A2 (sky130_fd_sc_hd__a211oi_1)
     2    0.008317    0.233551    0.246146   10.556914 ^ _30669_/Y (sky130_fd_sc_hd__a211oi_1)
                                                         _00177_ (net)
                      0.233551    0.000205   10.557119 ^ _30670_/C1 (sky130_fd_sc_hd__a211o_1)
     3    0.013921    0.096984    0.114266   10.671385 ^ _30670_/X (sky130_fd_sc_hd__a211o_1)
                                                         _00178_ (net)
                      0.096991    0.000681   10.672066 ^ _32640_/A2 (sky130_fd_sc_hd__a21o_1)
     3    0.012442    0.086612    0.120627   10.792693 ^ _32640_/X (sky130_fd_sc_hd__a21o_1)
                                                         _02344_ (net)
                      0.086615    0.000364   10.793057 ^ _34751_/A2 (sky130_fd_sc_hd__a21o_1)
     3    0.012644    0.087654    0.119921   10.912978 ^ _34751_/X (sky130_fd_sc_hd__a21o_1)
                                                         _04665_ (net)
                      0.087654    0.000195   10.913173 ^ _36907_/A2 (sky130_fd_sc_hd__a21o_1)
     3    0.010778    0.075908    0.111792   11.024965 ^ _36907_/X (sky130_fd_sc_hd__a21o_1)
                                                         _07035_ (net)
                      0.075908    0.000185   11.025150 ^ _39111_/A2 (sky130_fd_sc_hd__a21oi_1)
     2    0.006429    0.048243    0.056918   11.082068 v _39111_/Y (sky130_fd_sc_hd__a21oi_1)
                                                         _09458_ (net)
                      0.048243    0.000140   11.082209 v _40675_/B (sky130_fd_sc_hd__or2_1)
     2    0.006154    0.043147    0.138046   11.220254 v _40675_/X (sky130_fd_sc_hd__or2_1)
                                                         _11178_ (net)
                      0.043147    0.000128   11.220383 v _40828_/A1 (sky130_fd_sc_hd__a21oi_1)
     1    0.003522    0.087364    0.091280   11.311662 ^ _40828_/Y (sky130_fd_sc_hd__a21oi_1)
                                                         _11346_ (net)
                      0.087364    0.000112   11.311774 ^ _40829_/B1 (sky130_fd_sc_hd__o21ai_1)
     1    0.005763    0.070441    0.041240   11.353014 v _40829_/Y (sky130_fd_sc_hd__o21ai_1)
                                                         _11347_ (net)
                      0.070442    0.000228   11.353242 v _40830_/A2 (sky130_fd_sc_hd__a21o_1)
     2    0.025727    0.089591    0.185962   11.539205 v _40830_/X (sky130_fd_sc_hd__a21o_1)
                                                         _11348_ (net)
                      0.089689    0.002485   11.541690 v _41078_/A1 (sky130_fd_sc_hd__a211oi_2)
     2    0.028610    0.380073    0.338836   11.880526 ^ _41078_/Y (sky130_fd_sc_hd__a211oi_2)
                                                         _11621_ (net)
                      0.380092    0.002182   11.882708 ^ _41277_/A1 (sky130_fd_sc_hd__o21ba_1)
     2    0.025215    0.191108    0.211567   12.094275 ^ _41277_/X (sky130_fd_sc_hd__o21ba_1)
                                                         _11840_ (net)
                      0.191114    0.000919   12.095194 ^ _41396_/A1 (sky130_fd_sc_hd__o21bai_1)
     1    0.011091    0.096554    0.094177   12.189371 v _41396_/Y (sky130_fd_sc_hd__o21bai_1)
                                                         _11971_ (net)
                      0.096560    0.000617   12.189988 v _41516_/A1 (sky130_fd_sc_hd__a21oi_1)
     1    0.005310    0.109546    0.129125   12.319113 ^ _41516_/Y (sky130_fd_sc_hd__a21oi_1)
                                                         _12103_ (net)
                      0.109547    0.000221   12.319334 ^ _41551_/A1 (sky130_fd_sc_hd__o21a_1)
     1    0.003295    0.032707    0.086517   12.405851 ^ _41551_/X (sky130_fd_sc_hd__o21a_1)
                                                         _12141_ (net)
                      0.032708    0.000100   12.405952 ^ _41553_/A1 (sky130_fd_sc_hd__o21a_1)
     1    0.003892    0.035862    0.076372   12.482324 ^ _41553_/X (sky130_fd_sc_hd__o21a_1)
                                                         _00015_ (net)
                      0.035863    0.000130   12.482453 ^ _41569_/D (sky130_fd_sc_hd__dfxtp_1)
                                             12.482453   data arrival time

                                 25.000000   25.000000   clock clk (rise edge)
                                  0.000000   25.000000   clock source latency
     2    0.158987    0.533919    0.378877   25.378876 ^ clk (in)
                                                         clk (net)
                      0.534813    0.000000   25.378876 ^ clkbuf_0_clk/A (sky130_fd_sc_hd__clkbuf_16)
     4    0.034748    0.054214    0.149086   25.527964 ^ clkbuf_0_clk/X (sky130_fd_sc_hd__clkbuf_16)
                                                         clknet_0_clk (net)
                      0.054222    0.001268   25.529230 ^ clkbuf_1_1__f_clk/A (sky130_fd_sc_hd__clkbuf_16)
    16    0.056360    0.056918    0.111996   25.641226 ^ clkbuf_1_1__f_clk/X (sky130_fd_sc_hd__clkbuf_16)
                                                         clknet_1_1__leaf_clk (net)
                      0.057033    0.002011   25.643238 ^ _41569_/CLK (sky130_fd_sc_hd__dfxtp_1)
                                 -0.250000   25.393238   clock uncertainty
                                  0.000000   25.393238   clock reconvergence pessimism
                                 -0.028596   25.364643   library setup time
                                             25.364643   data required time
---------------------------------------------------------------------------------------------
                                             25.364643   data required time
                                            -12.482453   data arrival time
---------------------------------------------------------------------------------------------
                                             12.882189   slack (MET)




===========================================================================
report_checks --slack_max -0.01
============================================================================
======================= nom_ff_n40C_1v95 Corner ===================================

No paths found.


===========================================================================
 report_check_types -max_slew -max_cap -max_fanout -violators
============================================================================
======================= nom_ff_n40C_1v95 Corner ===================================

max fanout

Pin                                   Limit Fanout  Slack
---------------------------------------------------------
_20789_/Y                                10     20    -10 (VIOLATED)
_20799_/Y                                10     20    -10 (VIOLATED)
_20906_/Y                                10     20    -10 (VIOLATED)
_21566_/Y                                10     20    -10 (VIOLATED)
_21599_/Y                                10     20    -10 (VIOLATED)
_21949_/Y                                10     20    -10 (VIOLATED)
_22288_/Y                                10     20    -10 (VIOLATED)
_23075_/X                                10     20    -10 (VIOLATED)
_23505_/X                                10     20    -10 (VIOLATED)
_24616_/Y                                10     20    -10 (VIOLATED)
_24617_/Y                                10     20    -10 (VIOLATED)
_25008_/Y                                10     20    -10 (VIOLATED)
_25784_/X                                10     20    -10 (VIOLATED)
_25951_/Y                                10     20    -10 (VIOLATED)
_27275_/X                                10     20    -10 (VIOLATED)
_27701_/X                                10     20    -10 (VIOLATED)
_30818_/Y                                10     20    -10 (VIOLATED)
fanout1003/X                             10     20    -10 (VIOLATED)
fanout1005/X                             10     20    -10 (VIOLATED)
fanout1009/X                             10     20    -10 (VIOLATED)
fanout1014/X                             10     20    -10 (VIOLATED)
fanout1018/X                             10     20    -10 (VIOLATED)
fanout1023/X                             10     20    -10 (VIOLATED)
fanout1036/X                             10     20    -10 (VIOLATED)
fanout1040/X                             10     20    -10 (VIOLATED)
fanout1041/X                             10     20    -10 (VIOLATED)
fanout1042/X                             10     20    -10 (VIOLATED)
fanout1048/X                             10     20    -10 (VIOLATED)
fanout1049/X                             10     20    -10 (VIOLATED)
fanout1054/X                             10     20    -10 (VIOLATED)
fanout1055/X                             10     20    -10 (VIOLATED)
fanout1056/X                             10     20    -10 (VIOLATED)
fanout1061/X                             10     20    -10 (VIOLATED)
fanout1063/X                             10     20    -10 (VIOLATED)
fanout1065/X                             10     20    -10 (VIOLATED)
fanout1066/X                             10     20    -10 (VIOLATED)
fanout1067/X                             10     20    -10 (VIOLATED)
fanout1071/X                             10     20    -10 (VIOLATED)
fanout1072/X                             10     20    -10 (VIOLATED)
fanout1074/X                             10     20    -10 (VIOLATED)
fanout1079/X                             10     20    -10 (VIOLATED)
fanout1082/X                             10     20    -10 (VIOLATED)
fanout1083/X                             10     20    -10 (VIOLATED)
fanout1088/X                             10     20    -10 (VIOLATED)
fanout1091/X                             10     20    -10 (VIOLATED)
fanout1093/X                             10     20    -10 (VIOLATED)
fanout1099/X                             10     20    -10 (VIOLATED)
fanout1100/X                             10     20    -10 (VIOLATED)
fanout1105/X                             10     20    -10 (VIOLATED)
fanout1109/X                             10     20    -10 (VIOLATED)
fanout1111/X                             10     20    -10 (VIOLATED)
fanout1115/X                             10     20    -10 (VIOLATED)
fanout1125/X                             10     20    -10 (VIOLATED)
fanout1132/X                             10     20    -10 (VIOLATED)
fanout1138/X                             10     20    -10 (VIOLATED)
fanout1139/X                             10     20    -10 (VIOLATED)
fanout1145/X                             10     20    -10 (VIOLATED)
fanout1154/X                             10     20    -10 (VIOLATED)
fanout1155/X                             10     20    -10 (VIOLATED)
fanout1162/X                             10     20    -10 (VIOLATED)
fanout1165/X                             10     20    -10 (VIOLATED)
fanout1169/X                             10     20    -10 (VIOLATED)
fanout1171/X                             10     20    -10 (VIOLATED)
fanout1172/X                             10     20    -10 (VIOLATED)
fanout1183/X                             10     20    -10 (VIOLATED)
fanout1184/X                             10     20    -10 (VIOLATED)
fanout1193/X                             10     20    -10 (VIOLATED)
fanout1194/X                             10     20    -10 (VIOLATED)
fanout1196/X                             10     20    -10 (VIOLATED)
fanout1222/X                             10     20    -10 (VIOLATED)
fanout1225/X                             10     20    -10 (VIOLATED)
fanout1241/X                             10     20    -10 (VIOLATED)
fanout1244/X                             10     20    -10 (VIOLATED)
fanout1245/X                             10     20    -10 (VIOLATED)
fanout334/X                              10     20    -10 (VIOLATED)
fanout338/X                              10     20    -10 (VIOLATED)
fanout339/X                              10     20    -10 (VIOLATED)
fanout340/X                              10     20    -10 (VIOLATED)
fanout341/X                              10     20    -10 (VIOLATED)
fanout342/X                              10     20    -10 (VIOLATED)
fanout343/X                              10     20    -10 (VIOLATED)
fanout350/X                              10     20    -10 (VIOLATED)
fanout352/X                              10     20    -10 (VIOLATED)
fanout354/X                              10     20    -10 (VIOLATED)
fanout355/X                              10     20    -10 (VIOLATED)
fanout357/X                              10     20    -10 (VIOLATED)
fanout359/X                              10     20    -10 (VIOLATED)
fanout361/X                              10     20    -10 (VIOLATED)
fanout363/X                              10     20    -10 (VIOLATED)
fanout365/X                              10     20    -10 (VIOLATED)
fanout366/X                              10     20    -10 (VIOLATED)
fanout367/X                              10     20    -10 (VIOLATED)
fanout368/X                              10     20    -10 (VIOLATED)
fanout370/X                              10     20    -10 (VIOLATED)
fanout377/X                              10     20    -10 (VIOLATED)
fanout378/X                              10     20    -10 (VIOLATED)
fanout379/X                              10     20    -10 (VIOLATED)
fanout380/X                              10     20    -10 (VIOLATED)
fanout381/X                              10     20    -10 (VIOLATED)
fanout382/X                              10     20    -10 (VIOLATED)
fanout383/X                              10     20    -10 (VIOLATED)
fanout385/X                              10     20    -10 (VIOLATED)
fanout397/X                              10     20    -10 (VIOLATED)
fanout398/X                              10     20    -10 (VIOLATED)
fanout399/X                              10     20    -10 (VIOLATED)
fanout401/X                              10     20    -10 (VIOLATED)
fanout406/X                              10     20    -10 (VIOLATED)
fanout408/X                              10     20    -10 (VIOLATED)
fanout410/X                              10     20    -10 (VIOLATED)
fanout412/X                              10     20    -10 (VIOLATED)
fanout415/X                              10     20    -10 (VIOLATED)
fanout417/X                              10     20    -10 (VIOLATED)
fanout419/X                              10     20    -10 (VIOLATED)
fanout421/X                              10     20    -10 (VIOLATED)
fanout423/X                              10     20    -10 (VIOLATED)
fanout425/X                              10     20    -10 (VIOLATED)
fanout429/X                              10     20    -10 (VIOLATED)
fanout431/X                              10     20    -10 (VIOLATED)
fanout433/X                              10     20    -10 (VIOLATED)
fanout444/X                              10     20    -10 (VIOLATED)
fanout446/X                              10     20    -10 (VIOLATED)
fanout448/X                              10     20    -10 (VIOLATED)
fanout449/X                              10     20    -10 (VIOLATED)
fanout450/X                              10     20    -10 (VIOLATED)
fanout451/X                              10     20    -10 (VIOLATED)
fanout452/X                              10     20    -10 (VIOLATED)
fanout453/X                              10     20    -10 (VIOLATED)
fanout454/X                              10     20    -10 (VIOLATED)
fanout456/X                              10     20    -10 (VIOLATED)
fanout458/X                              10     20    -10 (VIOLATED)
fanout459/X                              10     20    -10 (VIOLATED)
fanout460/X                              10     20    -10 (VIOLATED)
fanout461/X                              10     20    -10 (VIOLATED)
fanout463/X                              10     20    -10 (VIOLATED)
fanout464/X                              10     20    -10 (VIOLATED)
fanout466/X                              10     20    -10 (VIOLATED)
fanout467/X                              10     20    -10 (VIOLATED)
fanout468/X                              10     20    -10 (VIOLATED)
fanout469/X                              10     20    -10 (VIOLATED)
fanout470/X                              10     20    -10 (VIOLATED)
fanout473/X                              10     20    -10 (VIOLATED)
fanout474/X                              10     20    -10 (VIOLATED)
fanout478/X                              10     20    -10 (VIOLATED)
fanout481/X                              10     20    -10 (VIOLATED)
fanout484/X                              10     20    -10 (VIOLATED)
fanout486/X                              10     20    -10 (VIOLATED)
fanout489/X                              10     20    -10 (VIOLATED)
fanout495/X                              10     20    -10 (VIOLATED)
fanout500/X                              10     20    -10 (VIOLATED)
fanout503/X                              10     20    -10 (VIOLATED)
fanout516/X                              10     20    -10 (VIOLATED)
fanout522/X                              10     20    -10 (VIOLATED)
fanout524/X                              10     20    -10 (VIOLATED)
fanout526/X                              10     20    -10 (VIOLATED)
fanout528/X                              10     20    -10 (VIOLATED)
fanout530/X                              10     20    -10 (VIOLATED)
fanout532/X                              10     20    -10 (VIOLATED)
fanout534/X                              10     20    -10 (VIOLATED)
fanout536/X                              10     20    -10 (VIOLATED)
fanout537/X                              10     20    -10 (VIOLATED)
fanout541/X                              10     20    -10 (VIOLATED)
fanout553/X                              10     20    -10 (VIOLATED)
fanout558/X                              10     20    -10 (VIOLATED)
fanout562/X                              10     20    -10 (VIOLATED)
fanout563/X                              10     20    -10 (VIOLATED)
fanout565/X                              10     20    -10 (VIOLATED)
fanout585/X                              10     20    -10 (VIOLATED)
fanout592/X                              10     20    -10 (VIOLATED)
fanout594/X                              10     20    -10 (VIOLATED)
fanout598/X                              10     20    -10 (VIOLATED)
fanout602/X                              10     20    -10 (VIOLATED)
fanout605/X                              10     20    -10 (VIOLATED)
fanout610/X                              10     20    -10 (VIOLATED)
fanout611/X                              10     20    -10 (VIOLATED)
fanout614/X                              10     20    -10 (VIOLATED)
fanout615/X                              10     20    -10 (VIOLATED)
fanout620/X                              10     20    -10 (VIOLATED)
fanout623/X                              10     20    -10 (VIOLATED)
fanout626/X                              10     20    -10 (VIOLATED)
fanout629/X                              10     20    -10 (VIOLATED)
fanout632/X                              10     20    -10 (VIOLATED)
fanout633/X                              10     20    -10 (VIOLATED)
fanout635/X                              10     20    -10 (VIOLATED)
fanout636/X                              10     20    -10 (VIOLATED)
fanout637/X                              10     20    -10 (VIOLATED)
fanout640/X                              10     20    -10 (VIOLATED)
fanout641/X                              10     20    -10 (VIOLATED)
fanout642/X                              10     20    -10 (VIOLATED)
fanout644/X                              10     20    -10 (VIOLATED)
fanout660/X                              10     20    -10 (VIOLATED)
fanout666/X                              10     20    -10 (VIOLATED)
fanout670/X                              10     20    -10 (VIOLATED)
fanout673/X                              10     20    -10 (VIOLATED)
fanout680/X                              10     20    -10 (VIOLATED)
fanout683/X                              10     20    -10 (VIOLATED)
fanout686/X                              10     20    -10 (VIOLATED)
fanout689/X                              10     20    -10 (VIOLATED)
fanout692/X                              10     20    -10 (VIOLATED)
fanout695/X                              10     20    -10 (VIOLATED)
fanout698/X                              10     20    -10 (VIOLATED)
fanout700/X                              10     20    -10 (VIOLATED)
fanout702/X                              10     20    -10 (VIOLATED)
fanout708/X                              10     20    -10 (VIOLATED)
fanout709/X                              10     20    -10 (VIOLATED)
fanout713/X                              10     20    -10 (VIOLATED)
fanout714/X                              10     20    -10 (VIOLATED)
fanout716/X                              10     20    -10 (VIOLATED)
fanout719/X                              10     20    -10 (VIOLATED)
fanout722/X                              10     20    -10 (VIOLATED)
fanout726/X                              10     20    -10 (VIOLATED)
fanout727/X                              10     20    -10 (VIOLATED)
fanout731/X                              10     20    -10 (VIOLATED)
fanout736/X                              10     20    -10 (VIOLATED)
fanout741/X                              10     20    -10 (VIOLATED)
fanout744/X                              10     20    -10 (VIOLATED)
fanout745/X                              10     20    -10 (VIOLATED)
fanout748/X                              10     20    -10 (VIOLATED)
fanout751/X                              10     20    -10 (VIOLATED)
fanout755/X                              10     20    -10 (VIOLATED)
fanout759/X                              10     20    -10 (VIOLATED)
fanout761/X                              10     20    -10 (VIOLATED)
fanout764/X                              10     20    -10 (VIOLATED)
fanout772/X                              10     20    -10 (VIOLATED)
fanout773/X                              10     20    -10 (VIOLATED)
fanout776/X                              10     20    -10 (VIOLATED)
fanout777/X                              10     20    -10 (VIOLATED)
fanout788/X                              10     20    -10 (VIOLATED)
fanout790/X                              10     20    -10 (VIOLATED)
fanout791/X                              10     20    -10 (VIOLATED)
fanout792/X                              10     20    -10 (VIOLATED)
fanout793/X                              10     20    -10 (VIOLATED)
fanout794/X                              10     20    -10 (VIOLATED)
fanout796/X                              10     20    -10 (VIOLATED)
fanout797/X                              10     20    -10 (VIOLATED)
fanout798/X                              10     20    -10 (VIOLATED)
fanout802/X                              10     20    -10 (VIOLATED)
fanout810/X                              10     20    -10 (VIOLATED)
fanout811/X                              10     20    -10 (VIOLATED)
fanout813/X                              10     20    -10 (VIOLATED)
fanout817/X                              10     20    -10 (VIOLATED)
fanout821/X                              10     20    -10 (VIOLATED)
fanout823/X                              10     20    -10 (VIOLATED)
fanout829/X                              10     20    -10 (VIOLATED)
fanout832/X                              10     20    -10 (VIOLATED)
fanout837/X                              10     20    -10 (VIOLATED)
fanout839/X                              10     20    -10 (VIOLATED)
fanout840/X                              10     20    -10 (VIOLATED)
fanout848/X                              10     20    -10 (VIOLATED)
fanout850/X                              10     20    -10 (VIOLATED)
fanout851/X                              10     20    -10 (VIOLATED)
fanout853/X                              10     20    -10 (VIOLATED)
fanout863/X                              10     20    -10 (VIOLATED)
fanout865/X                              10     20    -10 (VIOLATED)
fanout866/X                              10     20    -10 (VIOLATED)
fanout867/X                              10     20    -10 (VIOLATED)
fanout873/X                              10     20    -10 (VIOLATED)
fanout876/X                              10     20    -10 (VIOLATED)
fanout878/X                              10     20    -10 (VIOLATED)
fanout879/X                              10     20    -10 (VIOLATED)
fanout882/X                              10     20    -10 (VIOLATED)
fanout885/X                              10     20    -10 (VIOLATED)
fanout886/X                              10     20    -10 (VIOLATED)
fanout889/X                              10     20    -10 (VIOLATED)
fanout897/X                              10     20    -10 (VIOLATED)
fanout904/X                              10     20    -10 (VIOLATED)
fanout908/X                              10     20    -10 (VIOLATED)
fanout912/X                              10     20    -10 (VIOLATED)
fanout922/X                              10     20    -10 (VIOLATED)
fanout926/X                              10     20    -10 (VIOLATED)
fanout929/X                              10     20    -10 (VIOLATED)
fanout932/X                              10     20    -10 (VIOLATED)
fanout934/X                              10     20    -10 (VIOLATED)
fanout935/X                              10     20    -10 (VIOLATED)
fanout936/X                              10     20    -10 (VIOLATED)
fanout937/X                              10     20    -10 (VIOLATED)
fanout939/X                              10     20    -10 (VIOLATED)
fanout940/X                              10     20    -10 (VIOLATED)
fanout943/X                              10     20    -10 (VIOLATED)
fanout946/X                              10     20    -10 (VIOLATED)
fanout948/X                              10     20    -10 (VIOLATED)
fanout949/X                              10     20    -10 (VIOLATED)
fanout951/X                              10     20    -10 (VIOLATED)
fanout952/X                              10     20    -10 (VIOLATED)
fanout953/X                              10     20    -10 (VIOLATED)
fanout957/X                              10     20    -10 (VIOLATED)
fanout958/X                              10     20    -10 (VIOLATED)
fanout960/X                              10     20    -10 (VIOLATED)
fanout961/X                              10     20    -10 (VIOLATED)
fanout962/X                              10     20    -10 (VIOLATED)
fanout964/X                              10     20    -10 (VIOLATED)
fanout968/X                              10     20    -10 (VIOLATED)
fanout974/X                              10     20    -10 (VIOLATED)
fanout975/X                              10     20    -10 (VIOLATED)
fanout978/X                              10     20    -10 (VIOLATED)
fanout979/X                              10     20    -10 (VIOLATED)
fanout980/X                              10     20    -10 (VIOLATED)
fanout982/X                              10     20    -10 (VIOLATED)
input95/X                                10     20    -10 (VIOLATED)
wire1192/X                               10     20    -10 (VIOLATED)
wire1215/X                               10     20    -10 (VIOLATED)
wire1238/X                               10     20    -10 (VIOLATED)
wire1240/X                               10     20    -10 (VIOLATED)
fanout625/X                              10     19     -9 (VIOLATED)
_20800_/Y                                10     18     -8 (VIOLATED)
_20816_/Y                                10     18     -8 (VIOLATED)
_20849_/Y                                10     18     -8 (VIOLATED)
_20956_/Y                                10     18     -8 (VIOLATED)
_21228_/X                                10     18     -8 (VIOLATED)
_21330_/X                                10     18     -8 (VIOLATED)
_21331_/Y                                10     18     -8 (VIOLATED)
_21798_/Y                                10     18     -8 (VIOLATED)
_22306_/Y                                10     18     -8 (VIOLATED)
_22386_/Y                                10     18     -8 (VIOLATED)
_22404_/X                                10     18     -8 (VIOLATED)
_22546_/X                                10     18     -8 (VIOLATED)
_22597_/Y                                10     18     -8 (VIOLATED)
_22943_/Y                                10     18     -8 (VIOLATED)
_22990_/X                                10     18     -8 (VIOLATED)
_23933_/Y                                10     18     -8 (VIOLATED)
_23934_/X                                10     18     -8 (VIOLATED)
_24100_/Y                                10     18     -8 (VIOLATED)
_25351_/X                                10     18     -8 (VIOLATED)
_25414_/X                                10     18     -8 (VIOLATED)
_25473_/Y                                10     18     -8 (VIOLATED)
_26675_/X                                10     18     -8 (VIOLATED)
_27454_/Y                                10     18     -8 (VIOLATED)
_29411_/X                                10     18     -8 (VIOLATED)
_31511_/Y                                10     18     -8 (VIOLATED)
fanout1094/X                             10     18     -8 (VIOLATED)
fanout1133/X                             10     18     -8 (VIOLATED)
fanout418/X                              10     18     -8 (VIOLATED)
fanout515/X                              10     18     -8 (VIOLATED)
fanout566/X                              10     18     -8 (VIOLATED)
fanout606/X                              10     18     -8 (VIOLATED)
fanout622/X                              10     18     -8 (VIOLATED)
fanout627/X                              10     18     -8 (VIOLATED)
fanout631/X                              10     18     -8 (VIOLATED)
fanout639/X                              10     18     -8 (VIOLATED)
fanout693/X                              10     18     -8 (VIOLATED)
fanout721/X                              10     18     -8 (VIOLATED)
fanout725/X                              10     18     -8 (VIOLATED)
fanout728/X                              10     18     -8 (VIOLATED)
fanout763/X                              10     18     -8 (VIOLATED)
fanout795/X                              10     18     -8 (VIOLATED)
fanout809/X                              10     18     -8 (VIOLATED)
fanout812/X                              10     18     -8 (VIOLATED)
fanout836/X                              10     18     -8 (VIOLATED)
fanout849/X                              10     18     -8 (VIOLATED)
fanout855/X                              10     18     -8 (VIOLATED)
fanout858/X                              10     18     -8 (VIOLATED)
fanout899/X                              10     18     -8 (VIOLATED)
fanout909/X                              10     18     -8 (VIOLATED)
fanout925/X                              10     18     -8 (VIOLATED)
fanout942/X                              10     18     -8 (VIOLATED)
input64/X                                10     18     -8 (VIOLATED)
wire1205/X                               10     18     -8 (VIOLATED)
wire476/X                                10     18     -8 (VIOLATED)
wire480/X                                10     18     -8 (VIOLATED)
wire507/X                                10     18     -8 (VIOLATED)
wire663/X                                10     18     -8 (VIOLATED)
wire747/X                                10     18     -8 (VIOLATED)
wire888/X                                10     18     -8 (VIOLATED)
max_length498/X                          10     17     -7 (VIOLATED)
_20814_/Y                                10     16     -6 (VIOLATED)
_20853_/Y                                10     16     -6 (VIOLATED)
_20854_/Y                                10     16     -6 (VIOLATED)
_20878_/Y                                10     16     -6 (VIOLATED)
_20955_/X                                10     16     -6 (VIOLATED)
_21016_/Y                                10     16     -6 (VIOLATED)
_21141_/Y                                10     16     -6 (VIOLATED)
_21144_/Y                                10     16     -6 (VIOLATED)
_21208_/X                                10     16     -6 (VIOLATED)
_21252_/Y                                10     16     -6 (VIOLATED)
_21542_/Y                                10     16     -6 (VIOLATED)
_21620_/Y                                10     16     -6 (VIOLATED)
_21748_/Y                                10     16     -6 (VIOLATED)
_21821_/Y                                10     16     -6 (VIOLATED)
_21824_/X                                10     16     -6 (VIOLATED)
_22060_/Y                                10     16     -6 (VIOLATED)
_22159_/Y                                10     16     -6 (VIOLATED)
_22353_/Y                                10     16     -6 (VIOLATED)
_22813_/X                                10     16     -6 (VIOLATED)
_22815_/Y                                10     16     -6 (VIOLATED)
_22960_/X                                10     16     -6 (VIOLATED)
_23071_/Y                                10     16     -6 (VIOLATED)
_23225_/Y                                10     16     -6 (VIOLATED)
_23646_/Y                                10     16     -6 (VIOLATED)
_23796_/Y                                10     16     -6 (VIOLATED)
_24293_/X                                10     16     -6 (VIOLATED)
_24314_/Y                                10     16     -6 (VIOLATED)
_24819_/Y                                10     16     -6 (VIOLATED)
_25010_/X                                10     16     -6 (VIOLATED)
_25054_/Y                                10     16     -6 (VIOLATED)
_25470_/X                                10     16     -6 (VIOLATED)
_25799_/Y                                10     16     -6 (VIOLATED)
_25806_/X                                10     16     -6 (VIOLATED)
_27455_/Y                                10     16     -6 (VIOLATED)
_28926_/Y                                10     16     -6 (VIOLATED)
_32753_/X                                10     16     -6 (VIOLATED)
_32788_/Y                                10     16     -6 (VIOLATED)
_32789_/X                                10     16     -6 (VIOLATED)
clkbuf_1_0__f_clk/X                      10     16     -6 (VIOLATED)
clkbuf_1_1__f_clk/X                      10     16     -6 (VIOLATED)
fanout1027/X                             10     16     -6 (VIOLATED)
fanout1030/X                             10     16     -6 (VIOLATED)
fanout1059/X                             10     16     -6 (VIOLATED)
fanout1064/X                             10     16     -6 (VIOLATED)
fanout1140/X                             10     16     -6 (VIOLATED)
fanout1146/X                             10     16     -6 (VIOLATED)
fanout1147/X                             10     16     -6 (VIOLATED)
fanout1156/X                             10     16     -6 (VIOLATED)
fanout1202/X                             10     16     -6 (VIOLATED)
fanout1224/X                             10     16     -6 (VIOLATED)
fanout349/X                              10     16     -6 (VIOLATED)
fanout390/X                              10     16     -6 (VIOLATED)
fanout409/X                              10     16     -6 (VIOLATED)
fanout420/X                              10     16     -6 (VIOLATED)
fanout428/X                              10     16     -6 (VIOLATED)
fanout432/X                              10     16     -6 (VIOLATED)
fanout435/X                              10     16     -6 (VIOLATED)
fanout465/X                              10     16     -6 (VIOLATED)
fanout483/X                              10     16     -6 (VIOLATED)
fanout485/X                              10     16     -6 (VIOLATED)
fanout555/X                              10     16     -6 (VIOLATED)
fanout573/X                              10     16     -6 (VIOLATED)
fanout576/X                              10     16     -6 (VIOLATED)
fanout579/X                              10     16     -6 (VIOLATED)
fanout616/X                              10     16     -6 (VIOLATED)
fanout661/X                              10     16     -6 (VIOLATED)
fanout715/X                              10     16     -6 (VIOLATED)
fanout718/X                              10     16     -6 (VIOLATED)
fanout752/X                              10     16     -6 (VIOLATED)
fanout779/X                              10     16     -6 (VIOLATED)
fanout786/X                              10     16     -6 (VIOLATED)
fanout789/X                              10     16     -6 (VIOLATED)
fanout808/X                              10     16     -6 (VIOLATED)
fanout822/X                              10     16     -6 (VIOLATED)
fanout833/X                              10     16     -6 (VIOLATED)
fanout835/X                              10     16     -6 (VIOLATED)
fanout854/X                              10     16     -6 (VIOLATED)
fanout868/X                              10     16     -6 (VIOLATED)
fanout870/X                              10     16     -6 (VIOLATED)
fanout910/X                              10     16     -6 (VIOLATED)
fanout914/X                              10     16     -6 (VIOLATED)
fanout920/X                              10     16     -6 (VIOLATED)
fanout921/X                              10     16     -6 (VIOLATED)
fanout959/X                              10     16     -6 (VIOLATED)
input124/X                               10     16     -6 (VIOLATED)
input126/X                               10     16     -6 (VIOLATED)
input127/X                               10     16     -6 (VIOLATED)
input128/X                               10     16     -6 (VIOLATED)
input129/X                               10     16     -6 (VIOLATED)
input96/X                                10     16     -6 (VIOLATED)
wire1149/X                               10     16     -6 (VIOLATED)
wire1164/X                               10     16     -6 (VIOLATED)
wire1189/X                               10     16     -6 (VIOLATED)
wire1190/X                               10     16     -6 (VIOLATED)
wire1191/X                               10     16     -6 (VIOLATED)
wire1199/X                               10     16     -6 (VIOLATED)
wire1239/X                               10     16     -6 (VIOLATED)
wire348/X                                10     16     -6 (VIOLATED)
wire414/X                                10     16     -6 (VIOLATED)
wire494/X                                10     16     -6 (VIOLATED)
wire604/X                                10     16     -6 (VIOLATED)
wire609/X                                10     16     -6 (VIOLATED)
wire654/X                                10     16     -6 (VIOLATED)
wire657/X                                10     16     -6 (VIOLATED)
wire672/X                                10     16     -6 (VIOLATED)
wire894/X                                10     16     -6 (VIOLATED)
wire972/X                                10     16     -6 (VIOLATED)
_20803_/Y                                10     14     -4 (VIOLATED)
_20807_/Y                                10     14     -4 (VIOLATED)
_20815_/Y                                10     14     -4 (VIOLATED)
_20830_/Y                                10     14     -4 (VIOLATED)
_20856_/Y                                10     14     -4 (VIOLATED)
_20907_/Y                                10     14     -4 (VIOLATED)
_21205_/Y                                10     14     -4 (VIOLATED)
_21207_/X                                10     14     -4 (VIOLATED)
_21322_/Y                                10     14     -4 (VIOLATED)
_22040_/Y                                10     14     -4 (VIOLATED)
_22206_/X                                10     14     -4 (VIOLATED)
_22419_/Y                                10     14     -4 (VIOLATED)
_22518_/Y                                10     14     -4 (VIOLATED)
_22519_/X                                10     14     -4 (VIOLATED)
_22547_/X                                10     14     -4 (VIOLATED)
_22772_/X                                10     14     -4 (VIOLATED)
_22940_/Y                                10     14     -4 (VIOLATED)
_22941_/X                                10     14     -4 (VIOLATED)
_23257_/Y                                10     14     -4 (VIOLATED)
_23424_/X                                10     14     -4 (VIOLATED)
_23524_/Y                                10     14     -4 (VIOLATED)
_23747_/Y                                10     14     -4 (VIOLATED)
_24291_/Y                                10     14     -4 (VIOLATED)
_24316_/X                                10     14     -4 (VIOLATED)
_24771_/X                                10     14     -4 (VIOLATED)
_25169_/Y                                10     14     -4 (VIOLATED)
_25441_/Y                                10     14     -4 (VIOLATED)
_25472_/X                                10     14     -4 (VIOLATED)
_25643_/Y                                10     14     -4 (VIOLATED)
_26390_/Y                                10     14     -4 (VIOLATED)
_27573_/Y                                10     14     -4 (VIOLATED)
_27952_/Y                                10     14     -4 (VIOLATED)
_28449_/X                                10     14     -4 (VIOLATED)
_28738_/X                                10     14     -4 (VIOLATED)
_29415_/Y                                10     14     -4 (VIOLATED)
_30328_/X                                10     14     -4 (VIOLATED)
_31689_/Y                                10     14     -4 (VIOLATED)
_33580_/Y                                10     14     -4 (VIOLATED)
_34908_/X                                10     14     -4 (VIOLATED)
fanout1012/X                             10     14     -4 (VIOLATED)
fanout1016/X                             10     14     -4 (VIOLATED)
fanout1022/X                             10     14     -4 (VIOLATED)
fanout1075/X                             10     14     -4 (VIOLATED)
fanout1084/X                             10     14     -4 (VIOLATED)
fanout1141/X                             10     14     -4 (VIOLATED)
fanout1166/X                             10     14     -4 (VIOLATED)
fanout1207/X                             10     14     -4 (VIOLATED)
fanout1216/X                             10     14     -4 (VIOLATED)
fanout345/X                              10     14     -4 (VIOLATED)
fanout353/X                              10     14     -4 (VIOLATED)
fanout369/X                              10     14     -4 (VIOLATED)
fanout400/X                              10     14     -4 (VIOLATED)
fanout482/X                              10     14     -4 (VIOLATED)
fanout529/X                              10     14     -4 (VIOLATED)
fanout564/X                              10     14     -4 (VIOLATED)
fanout588/X                              10     14     -4 (VIOLATED)
fanout619/X                              10     14     -4 (VIOLATED)
fanout706/X                              10     14     -4 (VIOLATED)
fanout723/X                              10     14     -4 (VIOLATED)
fanout765/X                              10     14     -4 (VIOLATED)
fanout770/X                              10     14     -4 (VIOLATED)
fanout784/X                              10     14     -4 (VIOLATED)
fanout799/X                              10     14     -4 (VIOLATED)
fanout803/X                              10     14     -4 (VIOLATED)
fanout820/X                              10     14     -4 (VIOLATED)
fanout827/X                              10     14     -4 (VIOLATED)
fanout828/X                              10     14     -4 (VIOLATED)
fanout838/X                              10     14     -4 (VIOLATED)
fanout871/X                              10     14     -4 (VIOLATED)
fanout901/X                              10     14     -4 (VIOLATED)
fanout931/X                              10     14     -4 (VIOLATED)
fanout947/X                              10     14     -4 (VIOLATED)
fanout954/X                              10     14     -4 (VIOLATED)
fanout965/X                              10     14     -4 (VIOLATED)
input130/X                               10     14     -4 (VIOLATED)
input45/X                                10     14     -4 (VIOLATED)
input65/X                                10     14     -4 (VIOLATED)
input81/X                                10     14     -4 (VIOLATED)
wire1186/X                               10     14     -4 (VIOLATED)
wire296/X                                10     14     -4 (VIOLATED)
wire331/X                                10     14     -4 (VIOLATED)
wire403/X                                10     14     -4 (VIOLATED)
wire510/X                                10     14     -4 (VIOLATED)
wire682/X                                10     14     -4 (VIOLATED)
wire688/X                                10     14     -4 (VIOLATED)
wire697/X                                10     14     -4 (VIOLATED)
wire711/X                                10     14     -4 (VIOLATED)
wire738/X                                10     14     -4 (VIOLATED)
wire843/X                                10     14     -4 (VIOLATED)
wire903/X                                10     14     -4 (VIOLATED)
wire928/X                                10     14     -4 (VIOLATED)
wire945/X                                10     14     -4 (VIOLATED)
_20779_/Y                                10     12     -2 (VIOLATED)
_20797_/Y                                10     12     -2 (VIOLATED)
_20804_/Y                                10     12     -2 (VIOLATED)
_20812_/Y                                10     12     -2 (VIOLATED)
_20813_/Y                                10     12     -2 (VIOLATED)
_20818_/Y                                10     12     -2 (VIOLATED)
_20836_/Y                                10     12     -2 (VIOLATED)
_20860_/X                                10     12     -2 (VIOLATED)
_20861_/X                                10     12     -2 (VIOLATED)
_20865_/X                                10     12     -2 (VIOLATED)
_21143_/X                                10     12     -2 (VIOLATED)
_21244_/X                                10     12     -2 (VIOLATED)
_21245_/Y                                10     12     -2 (VIOLATED)
_21248_/Y                                10     12     -2 (VIOLATED)
_21251_/X                                10     12     -2 (VIOLATED)
_21279_/Y                                10     12     -2 (VIOLATED)
_21553_/Y                                10     12     -2 (VIOLATED)
_21578_/X                                10     12     -2 (VIOLATED)
_21683_/Y                                10     12     -2 (VIOLATED)
_21718_/Y                                10     12     -2 (VIOLATED)
_21739_/Y                                10     12     -2 (VIOLATED)
_21842_/Y                                10     12     -2 (VIOLATED)
_21875_/X                                10     12     -2 (VIOLATED)
_22056_/Y                                10     12     -2 (VIOLATED)
_22112_/Y                                10     12     -2 (VIOLATED)
_22251_/Y                                10     12     -2 (VIOLATED)
_22387_/Y                                10     12     -2 (VIOLATED)
_22393_/X                                10     12     -2 (VIOLATED)
_22430_/Y                                10     12     -2 (VIOLATED)
_22511_/Y                                10     12     -2 (VIOLATED)
_22592_/Y                                10     12     -2 (VIOLATED)
_22751_/X                                10     12     -2 (VIOLATED)
_22770_/Y                                10     12     -2 (VIOLATED)
_22946_/Y                                10     12     -2 (VIOLATED)
_22953_/Y                                10     12     -2 (VIOLATED)
_22991_/Y                                10     12     -2 (VIOLATED)
_23074_/X                                10     12     -2 (VIOLATED)
_23232_/Y                                10     12     -2 (VIOLATED)
_24497_/X                                10     12     -2 (VIOLATED)
_24620_/Y                                10     12     -2 (VIOLATED)
_24820_/Y                                10     12     -2 (VIOLATED)
_25804_/Y                                10     12     -2 (VIOLATED)
_25807_/Y                                10     12     -2 (VIOLATED)
_25847_/X                                10     12     -2 (VIOLATED)
_25875_/X                                10     12     -2 (VIOLATED)
_25876_/X                                10     12     -2 (VIOLATED)
_25955_/Y                                10     12     -2 (VIOLATED)
_26393_/Y                                10     12     -2 (VIOLATED)
_26794_/Y                                10     12     -2 (VIOLATED)
_27380_/Y                                10     12     -2 (VIOLATED)
_28397_/X                                10     12     -2 (VIOLATED)
_28573_/X                                10     12     -2 (VIOLATED)
_28808_/Y                                10     12     -2 (VIOLATED)
_29004_/Y                                10     12     -2 (VIOLATED)
_29127_/X                                10     12     -2 (VIOLATED)
_29567_/Y                                10     12     -2 (VIOLATED)
_30809_/X                                10     12     -2 (VIOLATED)
_31200_/X                                10     12     -2 (VIOLATED)
_32253_/Y                                10     12     -2 (VIOLATED)
_34417_/X                                10     12     -2 (VIOLATED)
_34418_/Y                                10     12     -2 (VIOLATED)
_34906_/Y                                10     12     -2 (VIOLATED)
_38683_/Y                                10     12     -2 (VIOLATED)
_38731_/X                                10     12     -2 (VIOLATED)
fanout1004/X                             10     12     -2 (VIOLATED)
fanout1006/X                             10     12     -2 (VIOLATED)
fanout1010/X                             10     12     -2 (VIOLATED)
fanout1011/X                             10     12     -2 (VIOLATED)
fanout1019/X                             10     12     -2 (VIOLATED)
fanout1028/X                             10     12     -2 (VIOLATED)
fanout1034/X                             10     12     -2 (VIOLATED)
fanout1081/X                             10     12     -2 (VIOLATED)
fanout1090/X                             10     12     -2 (VIOLATED)
fanout1092/X                             10     12     -2 (VIOLATED)
fanout1110/X                             10     12     -2 (VIOLATED)
fanout1116/X                             10     12     -2 (VIOLATED)
fanout1120/X                             10     12     -2 (VIOLATED)
fanout1126/X                             10     12     -2 (VIOLATED)
fanout1134/X                             10     12     -2 (VIOLATED)
fanout1197/X                             10     12     -2 (VIOLATED)
fanout1218/X                             10     12     -2 (VIOLATED)
fanout1223/X                             10     12     -2 (VIOLATED)
fanout1226/X                             10     12     -2 (VIOLATED)
fanout356/X                              10     12     -2 (VIOLATED)
fanout358/X                              10     12     -2 (VIOLATED)
fanout388/X                              10     12     -2 (VIOLATED)
fanout404/X                              10     12     -2 (VIOLATED)
fanout407/X                              10     12     -2 (VIOLATED)
fanout411/X                              10     12     -2 (VIOLATED)
fanout424/X                              10     12     -2 (VIOLATED)
fanout455/X                              10     12     -2 (VIOLATED)
fanout457/X                              10     12     -2 (VIOLATED)
fanout544/X                              10     12     -2 (VIOLATED)
fanout550/X                              10     12     -2 (VIOLATED)
fanout582/X                              10     12     -2 (VIOLATED)
fanout613/X                              10     12     -2 (VIOLATED)
fanout621/X                              10     12     -2 (VIOLATED)
fanout624/X                              10     12     -2 (VIOLATED)
fanout630/X                              10     12     -2 (VIOLATED)
fanout645/X                              10     12     -2 (VIOLATED)
fanout679/X                              10     12     -2 (VIOLATED)
fanout684/X                              10     12     -2 (VIOLATED)
fanout703/X                              10     12     -2 (VIOLATED)
fanout749/X                              10     12     -2 (VIOLATED)
fanout750/X                              10     12     -2 (VIOLATED)
fanout783/X                              10     12     -2 (VIOLATED)
fanout787/X                              10     12     -2 (VIOLATED)
fanout816/X                              10     12     -2 (VIOLATED)
fanout825/X                              10     12     -2 (VIOLATED)
fanout830/X                              10     12     -2 (VIOLATED)
fanout831/X                              10     12     -2 (VIOLATED)
fanout864/X                              10     12     -2 (VIOLATED)
fanout911/X                              10     12     -2 (VIOLATED)
fanout918/X                              10     12     -2 (VIOLATED)
fanout933/X                              10     12     -2 (VIOLATED)
fanout938/X                              10     12     -2 (VIOLATED)
fanout963/X                              10     12     -2 (VIOLATED)
fanout966/X                              10     12     -2 (VIOLATED)
fanout967/X                              10     12     -2 (VIOLATED)
fanout981/X                              10     12     -2 (VIOLATED)
input114/X                               10     12     -2 (VIOLATED)
input132/X                               10     12     -2 (VIOLATED)
input210/X                               10     12     -2 (VIOLATED)
input236/X                               10     12     -2 (VIOLATED)
max_length1044/X                         10     12     -2 (VIOLATED)
max_length1152/X                         10     12     -2 (VIOLATED)
max_length1174/X                         10     12     -2 (VIOLATED)
max_length1232/X                         10     12     -2 (VIOLATED)
wire1123/X                               10     12     -2 (VIOLATED)
wire1129/X                               10     12     -2 (VIOLATED)
wire1136/X                               10     12     -2 (VIOLATED)
wire1143/X                               10     12     -2 (VIOLATED)
wire1159/X                               10     12     -2 (VIOLATED)
wire1204/X                               10     12     -2 (VIOLATED)
wire1211/X                               10     12     -2 (VIOLATED)
wire1212/X                               10     12     -2 (VIOLATED)
wire1213/X                               10     12     -2 (VIOLATED)
wire1214/X                               10     12     -2 (VIOLATED)
wire1230/X                               10     12     -2 (VIOLATED)
wire1231/X                               10     12     -2 (VIOLATED)
wire1234/X                               10     12     -2 (VIOLATED)
wire1236/X                               10     12     -2 (VIOLATED)
wire305/X                                10     12     -2 (VIOLATED)
wire321/X                                10     12     -2 (VIOLATED)
wire324/X                                10     12     -2 (VIOLATED)
wire327/X                                10     12     -2 (VIOLATED)
wire387/X                                10     12     -2 (VIOLATED)
wire479/X                                10     12     -2 (VIOLATED)
wire552/X                                10     12     -2 (VIOLATED)
wire652/X                                10     12     -2 (VIOLATED)
wire734/X                                10     12     -2 (VIOLATED)
wire743/X                                10     12     -2 (VIOLATED)
wire758/X                                10     12     -2 (VIOLATED)
wire767/X                                10     12     -2 (VIOLATED)
wire805/X                                10     12     -2 (VIOLATED)
wire846/X                                10     12     -2 (VIOLATED)
wire881/X                                10     12     -2 (VIOLATED)
wire997/X                                10     12     -2 (VIOLATED)



===========================================================================
report_parasitic_annotation -report_unannotated
============================================================================
Found 6 unannotated drivers.
 input_data[15]
 input_data[175]
 input_data[191]
 input_data[223]
 input_data[238]
 input_data[239]
Found 0 partially unannotated drivers.

===========================================================================
max slew violation count 0
max fanout violation count 720
max cap violation count 0
============================================================================

===========================================================================
check_setup -verbose -unconstrained_endpoints -multiple_clock -no_clock -no_input_delay -loops -generated_clocks
===========================================================================
