Reading OpenROAD database at '/mnt/d/APIC/FIR_Openlane/Highpass/runs/RUN_2024-06-17_12-15-12/19-openroad-generatepdn/highpass.odb'…
Reading library file at '/home/nurwiyoso14/.volare/volare/sky130/versions/bdc9412b3e468c102d01b7cf6337be06ec6e9c9a/sky130A/libs.ref/sky130_fd_sc_hd/lib/sky130_fd_sc_hd__tt_025C_1v80.lib'…
Reading design constraints file at '/nix/store/ly0xjc8f0gmgmckxcrs0bw8vqc9gf9bk-python3-3.11.6-env/lib/python3.11/site-packages/openlane/scripts/base.sdc'…
[INFO] Using clock clk…
[INFO] Setting output delay to: 5
[INFO] Setting input delay to: 5
[INFO] Setting load to: 0.033442
[INFO] Setting clock uncertainty to: 0.25
[INFO] Setting clock transition to: 0.1499999999999999944488848768742172978818416595458984375
[INFO] Setting timing derate to: 5%
[INFO] Setting RC values…
[INFO] Setting signal min routing layer to: met1 and clock min routing layer to met1. 
[INFO] Setting signal max routing layer to: met5 and clock max routing layer to met5. 
{*}-density 0.232594 -timing_driven -routability_driven -skip_io -pad_right 0 -pad_left 0 -init_wirelength_coef 0.25
[WARNING GPL-0150] -skip_io will disable timing driven mode.
[WARNING GPL-0151] -skip_io will disable routability driven mode.
[INFO GPL-0002] DBU: 1000
[INFO GPL-0003] SiteSize: 460 2720
[INFO GPL-0004] CoreAreaLxLy: 5520 10880
[INFO GPL-0005] CoreAreaUxUy: 994060 987360
[INFO GPL-0006] NumInstances: 25647
[INFO GPL-0007] NumPlaceInstances: 11211
[INFO GPL-0008] NumFixedInstances: 14436
[INFO GPL-0009] NumDummyInstances: 0
[INFO GPL-0010] NumNets: 11456
[INFO GPL-0011] NumPins: 37195
[INFO GPL-0012] DieAreaLxLy: 0 0
[INFO GPL-0013] DieAreaUxUy: 1000000 1000000
[INFO GPL-0014] CoreAreaLxLy: 5520 10880
[INFO GPL-0015] CoreAreaUxUy: 994060 987360
[INFO GPL-0016] CoreArea: 965289539200
[INFO GPL-0017] NonPlaceInstsArea: 19859046400
[INFO GPL-0018] PlaceInstsArea: 110827542400
[INFO GPL-0019] Util(%): 11.72
[INFO GPL-0020] StdInstsArea: 110827542400
[INFO GPL-0021] MacroInstsArea: 0
[INFO GPL-0031] FillerInit: NumGCells: 22378
[INFO GPL-0032] FillerInit: NumGNets: 11456
[INFO GPL-0033] FillerInit: NumGPins: 37195
[INFO GPL-0023] TargetDensity: 0.23
[INFO GPL-0024] AveragePlaceInstArea: 9885607
[INFO GPL-0025] IdealBinArea: 42501556
[INFO GPL-0026] IdealBinCnt: 22711
[INFO GPL-0027] TotalBinArea: 965289539200
[INFO GPL-0028] BinCnt: 128 128
[INFO GPL-0029] BinSize: 7723 7629
[INFO GPL-0030] NumBins: 16384
[NesterovSolve] Iter: 1 overflow: 0.999237 HPWL: 29381052
[NesterovSolve] Iter: 10 overflow: 0.998749 HPWL: 18345146
[NesterovSolve] Iter: 20 overflow: 0.998749 HPWL: 17921875
[NesterovSolve] Iter: 30 overflow: 0.998749 HPWL: 17796143
[NesterovSolve] Iter: 40 overflow: 0.998749 HPWL: 17759950
[NesterovSolve] Iter: 50 overflow: 0.998749 HPWL: 17748605
[NesterovSolve] Iter: 60 overflow: 0.998749 HPWL: 17746707
[NesterovSolve] Iter: 70 overflow: 0.998749 HPWL: 17757220
[NesterovSolve] Iter: 80 overflow: 0.998749 HPWL: 17788393
[NesterovSolve] Iter: 90 overflow: 0.998743 HPWL: 17864648
[NesterovSolve] Iter: 100 overflow: 0.998501 HPWL: 18053528
[NesterovSolve] Iter: 110 overflow: 0.998228 HPWL: 18561399
[NesterovSolve] Iter: 120 overflow: 0.997867 HPWL: 19946479
[NesterovSolve] Iter: 130 overflow: 0.996898 HPWL: 23146501
[NesterovSolve] Iter: 140 overflow: 0.995167 HPWL: 28907052
[NesterovSolve] Iter: 150 overflow: 0.992521 HPWL: 38514636
[NesterovSolve] Iter: 160 overflow: 0.986681 HPWL: 53676306
[NesterovSolve] Iter: 170 overflow: 0.978265 HPWL: 70904373
[NesterovSolve] Iter: 180 overflow: 0.968082 HPWL: 87122788
[NesterovSolve] Iter: 190 overflow: 0.955467 HPWL: 104231089
[NesterovSolve] Iter: 200 overflow: 0.938093 HPWL: 125336312
[NesterovSolve] Iter: 210 overflow: 0.91509 HPWL: 149854016
[NesterovSolve] Iter: 220 overflow: 0.886008 HPWL: 174812229
[NesterovSolve] Iter: 230 overflow: 0.852617 HPWL: 198807152
[NesterovSolve] Iter: 240 overflow: 0.816984 HPWL: 224003851
[NesterovSolve] Iter: 250 overflow: 0.777216 HPWL: 251340104
[NesterovSolve] Iter: 260 overflow: 0.7348 HPWL: 275309996
[NesterovSolve] Iter: 270 overflow: 0.687192 HPWL: 297482710
[NesterovSolve] Iter: 280 overflow: 0.637187 HPWL: 320897844
[NesterovSolve] Iter: 290 overflow: 0.586702 HPWL: 336631965
[NesterovSolve] Iter: 300 overflow: 0.531735 HPWL: 356234198
[NesterovSolve] Iter: 310 overflow: 0.486916 HPWL: 370164256
[NesterovSolve] Iter: 320 overflow: 0.441264 HPWL: 381413187
[NesterovSolve] Iter: 330 overflow: 0.401696 HPWL: 385705059
[NesterovSolve] Iter: 340 overflow: 0.360577 HPWL: 388090762
[NesterovSolve] Iter: 350 overflow: 0.323602 HPWL: 393067825
[NesterovSolve] Iter: 360 overflow: 0.29629 HPWL: 394798728
[NesterovSolve] Iter: 370 overflow: 0.270329 HPWL: 396475438
[NesterovSolve] Iter: 380 overflow: 0.246083 HPWL: 398599477
[NesterovSolve] Iter: 390 overflow: 0.223998 HPWL: 399720200
[NesterovSolve] Iter: 400 overflow: 0.20389 HPWL: 400737016
[NesterovSolve] Iter: 410 overflow: 0.183996 HPWL: 401463587
[NesterovSolve] Iter: 420 overflow: 0.164613 HPWL: 402304585
[NesterovSolve] Iter: 430 overflow: 0.148072 HPWL: 402943239
[NesterovSolve] Iter: 440 overflow: 0.131501 HPWL: 403777039
[NesterovSolve] Iter: 450 overflow: 0.116437 HPWL: 404548850
[NesterovSolve] Iter: 460 overflow: 0.102252 HPWL: 405376824
[NesterovSolve] Finished with Overflow: 0.099816
[INFO] Setting RC values…
Setting global connections for newly added cells…
[INFO] Setting global connections...
Writing OpenROAD database to '/mnt/d/APIC/FIR_Openlane/Highpass/runs/RUN_2024-06-17_12-15-12/22-openroad-globalplacementskipio/highpass.odb'…
Writing netlist to '/mnt/d/APIC/FIR_Openlane/Highpass/runs/RUN_2024-06-17_12-15-12/22-openroad-globalplacementskipio/highpass.nl.v'…
Writing powered netlist to '/mnt/d/APIC/FIR_Openlane/Highpass/runs/RUN_2024-06-17_12-15-12/22-openroad-globalplacementskipio/highpass.pnl.v'…
Writing layout to '/mnt/d/APIC/FIR_Openlane/Highpass/runs/RUN_2024-06-17_12-15-12/22-openroad-globalplacementskipio/highpass.def'…
Writing timing constraints to '/mnt/d/APIC/FIR_Openlane/Highpass/runs/RUN_2024-06-17_12-15-12/22-openroad-globalplacementskipio/highpass.sdc'…
