Reading OpenROAD database at '/mnt/d/APIC/FIR_Openlane/highpass/runs/RUN_2024-06-16_23-16-54/36-openroad-globalrouting/highpass.odb'…
Reading library file at '/home/nurwiyoso14/.volare/volare/sky130/versions/bdc9412b3e468c102d01b7cf6337be06ec6e9c9a/sky130A/libs.ref/sky130_fd_sc_hd/lib/sky130_fd_sc_hd__tt_025C_1v80.lib'…
Reading design constraints file at '/nix/store/ly0xjc8f0gmgmckxcrs0bw8vqc9gf9bk-python3-3.11.6-env/lib/python3.11/site-packages/openlane/scripts/base.sdc'…
[INFO] Using clock clk…
[INFO] Setting output delay to: 5
[INFO] Setting input delay to: 5
[INFO] Setting load to: 0.033442
[INFO] Setting clock uncertainty to: 0.25
[INFO] Setting clock transition to: 0.1499999999999999944488848768742172978818416595458984375
[INFO] Setting timing derate to: 5%
[INFO] Setting signal min routing layer to: met1 and clock min routing layer to met1. 
[INFO] Setting signal max routing layer to: met5 and clock max routing layer to met5. 
-congestion_iterations 50 -verbose
[INFO GRT-0020] Min routing layer: met1
[INFO GRT-0021] Max routing layer: met5
[INFO GRT-0022] Global adjustment: 30%
[INFO GRT-0023] Grid origin: (0, 0)
[INFO GRT-0043] No OR_DEFAULT vias defined.
[INFO GRT-0088] Layer li1     Track-Pitch = 0.4600  line-2-Via Pitch: 0.3400
[INFO GRT-0088] Layer met1    Track-Pitch = 0.3400  line-2-Via Pitch: 0.3400
[INFO GRT-0088] Layer met2    Track-Pitch = 0.4600  line-2-Via Pitch: 0.3500
[INFO GRT-0088] Layer met3    Track-Pitch = 0.6800  line-2-Via Pitch: 0.6150
[INFO GRT-0088] Layer met4    Track-Pitch = 0.9200  line-2-Via Pitch: 1.0400
[INFO GRT-0088] Layer met5    Track-Pitch = 3.4000  line-2-Via Pitch: 3.1100
[INFO GRT-0019] Found 4 clock nets.
[INFO GRT-0001] Minimum degree: 2
[INFO GRT-0002] Maximum degree: 11
[INFO GRT-0003] Macros: 0
[INFO GRT-0004] Blockages: 3754

[INFO GRT-0053] Routing resources analysis:
          Routing      Original      Derated      Resource
Layer     Direction    Resources     Resources    Reduction (%)
---------------------------------------------------------------
li1        Vertical            0             0          0.00%
met1       Horizontal      98492         48329          50.93%
met2       Vertical        74367         48613          34.63%
met3       Horizontal      49246         33832          31.30%
met4       Vertical        29903         18922          36.72%
met5       Horizontal       9794          4624          52.79%
---------------------------------------------------------------

[INFO GRT-0101] Running extra iterations to remove overflow.
[INFO GRT-0197] Via related to pin nodes: 57474
[INFO GRT-0198] Via related Steiner nodes: 627
[INFO GRT-0199] Via filling finished.
[INFO GRT-0111] Final number of vias: 71145
[INFO GRT-0112] Final usage 3D: 263792

[INFO GRT-0096] Final congestion report:
Layer         Resource        Demand        Usage (%)    Max H / Max V / Total Overflow
---------------------------------------------------------------------------------------
li1                  0             0            0.00%             0 /  0 /  0
met1             48329         20202           41.80%             0 /  0 /  0
met2             48613         22719           46.73%             0 /  0 /  0
met3             33832          3462           10.23%             0 /  0 /  0
met4             18922          3974           21.00%             0 /  0 /  0
met5              4624             0            0.00%             0 /  0 /  0
---------------------------------------------------------------------------------------
Total           154320         50357           32.63%             0 /  0 /  0

[INFO GRT-0018] Total wirelength: 502126 um
[INFO GRT-0014] Routed nets: 11986
[INFO GRT-0006] Repairing antennas, iteration 1.
[INFO GRT-0043] No OR_DEFAULT vias defined.
[WARNING ANT-0009] Net net136 requires more than 10 diodes per gate to repair violations.
[INFO GRT-0012] Found 41 antenna violations.
[INFO GRT-0015] Inserted 81 diodes.
[INFO GRT-0009] rerouting 9122 nets.
[INFO GRT-0001] Minimum degree: 2
[INFO GRT-0002] Maximum degree: 15
[INFO GRT-0006] Repairing antennas, iteration 2.
[INFO GRT-0043] No OR_DEFAULT vias defined.
[INFO GRT-0012] Found 9 antenna violations.
[INFO GRT-0015] Inserted 10 diodes.
[INFO GRT-0009] rerouting 92 nets.
[INFO GRT-0001] Minimum degree: 2
[INFO GRT-0002] Maximum degree: 14
[INFO GRT-0006] Repairing antennas, iteration 3.
[INFO GRT-0043] No OR_DEFAULT vias defined.
[INFO GRT-0012] Found 3 antenna violations.
[INFO GRT-0015] Inserted 7 diodes.
[INFO GRT-0009] rerouting 19 nets.
[INFO GRT-0001] Minimum degree: 2
[INFO GRT-0002] Maximum degree: 15
Placement Analysis
---------------------------------
total displacement          0.0 u
average displacement        0.0 u
max displacement            0.0 u
original HPWL          340231.8 u
legalized HPWL         340235.2 u
delta HPWL                    0 %

[INFO DPL-0020] Mirrored 5000 instances
[INFO DPL-0021] HPWL before          340235.2 u
[INFO DPL-0022] HPWL after           332535.5 u
[INFO DPL-0023] HPWL delta               -2.3 %
-congestion_iterations 50 -verbose
[INFO GRT-0020] Min routing layer: met1
[INFO GRT-0021] Max routing layer: met5
[INFO GRT-0022] Global adjustment: 30%
[INFO GRT-0023] Grid origin: (0, 0)
[INFO GRT-0043] No OR_DEFAULT vias defined.
[INFO GRT-0088] Layer li1     Track-Pitch = 0.4600  line-2-Via Pitch: 0.3400
[INFO GRT-0088] Layer met1    Track-Pitch = 0.3400  line-2-Via Pitch: 0.3400
[INFO GRT-0088] Layer met2    Track-Pitch = 0.4600  line-2-Via Pitch: 0.3500
[INFO GRT-0088] Layer met3    Track-Pitch = 0.6800  line-2-Via Pitch: 0.6150
[INFO GRT-0088] Layer met4    Track-Pitch = 0.9200  line-2-Via Pitch: 1.0400
[INFO GRT-0088] Layer met5    Track-Pitch = 3.4000  line-2-Via Pitch: 3.1100
[INFO GRT-0019] Found 4 clock nets.
[INFO GRT-0001] Minimum degree: 2
[INFO GRT-0002] Maximum degree: 15
[INFO GRT-0003] Macros: 0
[INFO GRT-0004] Blockages: 3754

[INFO GRT-0053] Routing resources analysis:
          Routing      Original      Derated      Resource
Layer     Direction    Resources     Resources    Reduction (%)
---------------------------------------------------------------
li1        Vertical            0             0          0.00%
met1       Horizontal      98492         48328          50.93%
met2       Vertical        74367         48613          34.63%
met3       Horizontal      49246         33832          31.30%
met4       Vertical        29903         18922          36.72%
met5       Horizontal       9794          4624          52.79%
---------------------------------------------------------------

[INFO GRT-0101] Running extra iterations to remove overflow.
[INFO GRT-0197] Via related to pin nodes: 57539
[INFO GRT-0198] Via related Steiner nodes: 631
[INFO GRT-0199] Via filling finished.
[INFO GRT-0111] Final number of vias: 71306
[INFO GRT-0112] Final usage 3D: 264316

[INFO GRT-0096] Final congestion report:
Layer         Resource        Demand        Usage (%)    Max H / Max V / Total Overflow
---------------------------------------------------------------------------------------
li1                  0             0            0.00%             0 /  0 /  0
met1             48328         20313           42.03%             0 /  0 /  0
met2             48613         22838           46.98%             0 /  0 /  0
met3             33832          3391           10.02%             0 /  0 /  0
met4             18922          3856           20.38%             0 /  0 /  0
met5              4624             0            0.00%             0 /  0 /  0
---------------------------------------------------------------------------------------
Total           154319         50398           32.66%             0 /  0 /  0

[INFO GRT-0018] Total wirelength: 502954 um
[INFO GRT-0014] Routed nets: 11986
[INFO] Setting RC values…
Setting global connections for newly added cells…
[INFO] Setting global connections...
Writing OpenROAD database to '/mnt/d/APIC/FIR_Openlane/highpass/runs/RUN_2024-06-16_23-16-54/39-openroad-repairantennas/1-diodeinsertion/highpass.odb'…
Writing layout to '/mnt/d/APIC/FIR_Openlane/highpass/runs/RUN_2024-06-16_23-16-54/39-openroad-repairantennas/1-diodeinsertion/highpass.def'…
