
===========================================================================
report_checks -unconstrained
===========================================================================
======================= max_ff_n40C_1v95 Corner ===================================

Startpoint: input_data[50] (input port clocked by clk)
Endpoint: _41569_ (rising edge-triggered flip-flop clocked by clk)
Path Group: clk
Path Type: max

Fanout         Cap        Slew       Delay        Time   Description
---------------------------------------------------------------------------------------------
                                  0.000000    0.000000   clock clk (rise edge)
                                  0.000000    0.000000   clock network delay (propagated)
                                  5.000000    5.000000 ^ input external delay
     2    0.005549    0.023534    0.014351    5.014351 ^ input_data[50] (in)
                                                         input_data[50] (net)
                      0.023536    0.000000    5.014351 ^ input180/A (sky130_fd_sc_hd__clkbuf_2)
     2    0.046868    0.196707    0.173395    5.187746 ^ input180/X (sky130_fd_sc_hd__clkbuf_2)
                                                         net180 (net)
                      0.197411    0.009542    5.197288 ^ fanout847/A (sky130_fd_sc_hd__clkbuf_4)
    18    0.092363    0.211987    0.232672    5.429960 ^ fanout847/X (sky130_fd_sc_hd__clkbuf_4)
                                                         net847 (net)
                      0.220982    0.034252    5.464212 ^ fanout846/A (sky130_fd_sc_hd__clkbuf_8)
    20    0.118218    0.158513    0.191068    5.655281 ^ fanout846/X (sky130_fd_sc_hd__clkbuf_8)
                                                         net846 (net)
                      0.158699    0.005000    5.660280 ^ fanout845/A (sky130_fd_sc_hd__clkbuf_4)
    14    0.072172    0.166849    0.210850    5.871131 ^ fanout845/X (sky130_fd_sc_hd__clkbuf_4)
                                                         net845 (net)
                      0.167866    0.010519    5.881650 ^ fanout844/A (sky130_fd_sc_hd__clkbuf_8)
    20    0.101790    0.137403    0.188888    6.070539 ^ fanout844/X (sky130_fd_sc_hd__clkbuf_8)
                                                         net844 (net)
                      0.137711    0.005363    6.075902 ^ _22925_/A (sky130_fd_sc_hd__xor2_4)
     6    0.040894    0.095685    0.099357    6.175259 v _22925_/X (sky130_fd_sc_hd__xor2_4)
                                                         _12442_ (net)
                      0.095931    0.003638    6.178897 v _23067_/B (sky130_fd_sc_hd__xnor2_2)
     4    0.040119    0.386825    0.322855    6.501751 ^ _23067_/Y (sky130_fd_sc_hd__xnor2_2)
                                                         _12584_ (net)
                      0.386993    0.006547    6.508298 ^ fanout359/A (sky130_fd_sc_hd__clkbuf_4)
    20    0.077622    0.180264    0.243632    6.751930 ^ fanout359/X (sky130_fd_sc_hd__clkbuf_4)
                                                         net359 (net)
                      0.181914    0.013880    6.765810 ^ _23509_/A (sky130_fd_sc_hd__or2_2)
     5    0.026339    0.107568    0.154373    6.920183 ^ _23509_/X (sky130_fd_sc_hd__or2_2)
                                                         _13070_ (net)
                      0.107576    0.000767    6.920951 ^ _23511_/A (sky130_fd_sc_hd__nand2_2)
     6    0.029005    0.085669    0.085171    7.006122 v _23511_/Y (sky130_fd_sc_hd__nand2_2)
                                                         _13072_ (net)
                      0.085714    0.001615    7.007737 v _25052_/B (sky130_fd_sc_hd__and2_1)
     1    0.009142    0.043984    0.137407    7.145144 v _25052_/X (sky130_fd_sc_hd__and2_1)
                                                         _14766_ (net)
                      0.044000    0.000720    7.145863 v _25054_/A (sky130_fd_sc_hd__nor2_4)
    16    0.056804    0.258637    0.223053    7.368917 ^ _25054_/Y (sky130_fd_sc_hd__nor2_4)
                                                         _14768_ (net)
                      0.258897    0.006732    7.375648 ^ _38287_/A (sky130_fd_sc_hd__xor2_1)
     2    0.009537    0.166815    0.157844    7.533492 ^ _38287_/X (sky130_fd_sc_hd__xor2_1)
                                                         _08552_ (net)
                      0.166820    0.000716    7.534207 ^ _38288_/B (sky130_fd_sc_hd__xnor2_1)
     2    0.010306    0.186181    0.120340    7.654547 ^ _38288_/Y (sky130_fd_sc_hd__xnor2_1)
                                                         _08553_ (net)
                      0.186185    0.000700    7.655247 ^ _38289_/B (sky130_fd_sc_hd__xor2_1)
     2    0.011078    0.186998    0.171476    7.826724 ^ _38289_/X (sky130_fd_sc_hd__xor2_1)
                                                         _08554_ (net)
                      0.187000    0.000544    7.827268 ^ _38292_/A_N (sky130_fd_sc_hd__and2b_1)
     1    0.006576    0.035605    0.131696    7.958963 v _38292_/X (sky130_fd_sc_hd__and2b_1)
                                                         _08558_ (net)
                      0.035616    0.000510    7.959473 v _38293_/B (sky130_fd_sc_hd__nor2_2)
     2    0.022483    0.185869    0.153177    8.112650 ^ _38293_/Y (sky130_fd_sc_hd__nor2_2)
                                                         _08559_ (net)
                      0.185878    0.001083    8.113733 ^ _38296_/A (sky130_fd_sc_hd__xnor2_4)
     2    0.022857    0.073478    0.077578    8.191311 v _38296_/Y (sky130_fd_sc_hd__xnor2_4)
                                                         _08562_ (net)
                      0.073638    0.002595    8.193906 v _38299_/A (sky130_fd_sc_hd__xnor2_4)
     2    0.021238    0.069637    0.127381    8.321287 v _38299_/Y (sky130_fd_sc_hd__xnor2_4)
                                                         _08565_ (net)
                      0.069712    0.001701    8.322988 v _38301_/B (sky130_fd_sc_hd__xnor2_4)
     2    0.029937    0.202286    0.188511    8.511499 ^ _38301_/Y (sky130_fd_sc_hd__xnor2_4)
                                                         _08567_ (net)
                      0.202329    0.002273    8.513772 ^ _38303_/A (sky130_fd_sc_hd__xnor2_4)
     2    0.022329    0.074614    0.077765    8.591537 v _38303_/Y (sky130_fd_sc_hd__xnor2_4)
                                                         _08570_ (net)
                      0.074709    0.001998    8.593536 v _38314_/A (sky130_fd_sc_hd__xor2_4)
     2    0.030854    0.084944    0.152893    8.746428 v _38314_/X (sky130_fd_sc_hd__xor2_4)
                                                         _08582_ (net)
                      0.085076    0.002635    8.749063 v _38329_/A (sky130_fd_sc_hd__xnor2_4)
     4    0.093675    0.517619    0.420436    9.169500 ^ _38329_/Y (sky130_fd_sc_hd__xnor2_4)
                                                         _08598_ (net)
                      0.521311    0.035071    9.204571 ^ _38337_/A (sky130_fd_sc_hd__xor2_1)
     2    0.011275    0.193686    0.156935    9.361506 ^ _38337_/X (sky130_fd_sc_hd__xor2_1)
                                                         _08607_ (net)
                      0.193695    0.001021    9.362527 ^ _38340_/A (sky130_fd_sc_hd__xnor2_1)
     2    0.008616    0.070802    0.081792    9.444320 v _38340_/Y (sky130_fd_sc_hd__xnor2_1)
                                                         _08610_ (net)
                      0.070805    0.000363    9.444683 v _38341_/B (sky130_fd_sc_hd__xnor2_1)
     2    0.010677    0.191483    0.182219    9.626902 ^ _38341_/Y (sky130_fd_sc_hd__xnor2_1)
                                                         _08611_ (net)
                      0.191491    0.000997    9.627898 ^ _38343_/A (sky130_fd_sc_hd__xnor2_1)
     2    0.005011    0.055758    0.063371    9.691269 v _38343_/Y (sky130_fd_sc_hd__xnor2_1)
                                                         _08614_ (net)
                      0.055760    0.000260    9.691528 v _38344_/C (sky130_fd_sc_hd__or3_1)
     3    0.010580    0.071739    0.215193    9.906722 v _38344_/X (sky130_fd_sc_hd__or3_1)
                                                         _08615_ (net)
                      0.071746    0.000542    9.907264 v _38347_/A1 (sky130_fd_sc_hd__a211oi_1)
     2    0.007666    0.220885    0.211871   10.119134 ^ _38347_/Y (sky130_fd_sc_hd__a211oi_1)
                                                         _08618_ (net)
                      0.220886    0.000296   10.119430 ^ _38348_/B (sky130_fd_sc_hd__nor2_1)
     1    0.005357    0.055371    0.037184   10.156613 v _38348_/Y (sky130_fd_sc_hd__nor2_1)
                                                         _08619_ (net)
                      0.055375    0.000388   10.157001 v _38349_/B (sky130_fd_sc_hd__xnor2_1)
     2    0.010043    0.082329    0.110252   10.267254 v _38349_/Y (sky130_fd_sc_hd__xnor2_1)
                                                         _08620_ (net)
                      0.082337    0.000644   10.267898 v _38351_/A (sky130_fd_sc_hd__xnor2_1)
     3    0.011898    0.208795    0.211601   10.479500 ^ _38351_/Y (sky130_fd_sc_hd__xnor2_1)
                                                         _08622_ (net)
                      0.208802    0.000997   10.480495 ^ _38354_/B (sky130_fd_sc_hd__xnor2_1)
     1    0.009643    0.079635    0.081457   10.561953 v _38354_/Y (sky130_fd_sc_hd__xnor2_1)
                                                         _08626_ (net)
                      0.079646    0.000750   10.562702 v _38356_/A (sky130_fd_sc_hd__xnor2_2)
     2    0.020318    0.219544    0.217638   10.780340 ^ _38356_/Y (sky130_fd_sc_hd__xnor2_2)
                                                         _08628_ (net)
                      0.219556    0.001289   10.781630 ^ _38357_/B (sky130_fd_sc_hd__xnor2_2)
     2    0.020786    0.088174    0.088622   10.870251 v _38357_/Y (sky130_fd_sc_hd__xnor2_2)
                                                         _08629_ (net)
                      0.088279    0.002537   10.872787 v _38360_/A (sky130_fd_sc_hd__xnor2_1)
     2    0.011811    0.207602    0.212899   11.085687 ^ _38360_/Y (sky130_fd_sc_hd__xnor2_1)
                                                         _08632_ (net)
                      0.207607    0.000791   11.086478 ^ _38361_/B1 (sky130_fd_sc_hd__a21o_2)
     3    0.022985    0.091651    0.114167   11.200645 ^ _38361_/X (sky130_fd_sc_hd__a21o_2)
                                                         _08633_ (net)
                      0.091657    0.000595   11.201241 ^ _40337_/A2 (sky130_fd_sc_hd__a21oi_1)
     1    0.009260    0.068664    0.069821   11.271061 v _40337_/Y (sky130_fd_sc_hd__a21oi_1)
                                                         _10806_ (net)
                      0.068676    0.000710   11.271770 v _40338_/B1 (sky130_fd_sc_hd__a311oi_4)
     2    0.051099    0.487173    0.301949   11.573719 ^ _40338_/Y (sky130_fd_sc_hd__a311oi_4)
                                                         _10807_ (net)
                      0.487524    0.010308   11.584027 ^ _40674_/A2 (sky130_fd_sc_hd__o31ai_1)
     1    0.003319    0.084430    0.044298   11.628325 v _40674_/Y (sky130_fd_sc_hd__o31ai_1)
                                                         _11177_ (net)
                      0.084430    0.000239   11.628564 v _40830_/A1 (sky130_fd_sc_hd__a21o_1)
     1    0.011332    0.048047    0.140608   11.769173 v _40830_/X (sky130_fd_sc_hd__a21o_1)
                                                         _11348_ (net)
                      0.048099    0.001272   11.770445 v _41078_/A1 (sky130_fd_sc_hd__a211oi_2)
     2    0.032622    0.424599    0.356770   12.127214 ^ _41078_/Y (sky130_fd_sc_hd__a211oi_2)
                                                         _11621_ (net)
                      0.424699    0.005281   12.132495 ^ _41277_/A1 (sky130_fd_sc_hd__o21ba_1)
     2    0.034332    0.256445    0.254770   12.387266 ^ _41277_/X (sky130_fd_sc_hd__o21ba_1)
                                                         _11840_ (net)
                      0.256599    0.005210   12.392476 ^ _41396_/A1 (sky130_fd_sc_hd__o21bai_1)
     1    0.016769    0.117319    0.127779   12.520254 v _41396_/Y (sky130_fd_sc_hd__o21bai_1)
                                                         _11971_ (net)
                      0.117379    0.002219   12.522473 v _41516_/A1 (sky130_fd_sc_hd__a21oi_1)
     1    0.005310    0.109547    0.136769   12.659242 ^ _41516_/Y (sky130_fd_sc_hd__a21oi_1)
                                                         _12103_ (net)
                      0.109549    0.000382   12.659624 ^ _41551_/A1 (sky130_fd_sc_hd__o21a_1)
     1    0.003848    0.036072    0.089461   12.749084 ^ _41551_/X (sky130_fd_sc_hd__o21a_1)
                                                         _12141_ (net)
                      0.036074    0.000164   12.749249 ^ _41553_/A1 (sky130_fd_sc_hd__o21a_1)
     1    0.003552    0.033822    0.075314   12.824563 ^ _41553_/X (sky130_fd_sc_hd__o21a_1)
                                                         _00015_ (net)
                      0.033824    0.000210   12.824774 ^ _41569_/D (sky130_fd_sc_hd__dfxtp_4)
                                             12.824774   data arrival time

                                 25.000000   25.000000   clock clk (rise edge)
                                  0.000000   25.000000   clock source latency
     2    0.150472    0.513650    0.374495   25.374495 ^ clk (in)
                                                         clk (net)
                      0.525859    0.000000   25.374495 ^ clkbuf_0_clk/A (sky130_fd_sc_hd__clkbuf_16)
     4    0.037595    0.055702    0.149948   25.524443 ^ clkbuf_0_clk/X (sky130_fd_sc_hd__clkbuf_16)
                                                         clknet_0_clk (net)
                      0.055741    0.002688   25.527130 ^ clkbuf_1_1__f_clk/A (sky130_fd_sc_hd__clkbuf_16)
    14    0.067299    0.064823    0.116737   25.643866 ^ clkbuf_1_1__f_clk/X (sky130_fd_sc_hd__clkbuf_16)
                                                         clknet_1_1__leaf_clk (net)
                      0.065610    0.005599   25.649466 ^ _41569_/CLK (sky130_fd_sc_hd__dfxtp_4)
                                 -0.250000   25.399466   clock uncertainty
                                  0.000000   25.399466   clock reconvergence pessimism
                                 -0.030820   25.368647   library setup time
                                             25.368647   data required time
---------------------------------------------------------------------------------------------
                                             25.368647   data required time
                                            -12.824774   data arrival time
---------------------------------------------------------------------------------------------
                                             12.543873   slack (MET)




===========================================================================
report_checks --slack_max -0.01
============================================================================
======================= max_ff_n40C_1v95 Corner ===================================

No paths found.


===========================================================================
 report_check_types -max_slew -max_cap -max_fanout -violators
============================================================================
======================= max_ff_n40C_1v95 Corner ===================================

max fanout

Pin                                   Limit Fanout  Slack
---------------------------------------------------------
fanout796/X                              10     26    -16 (VIOLATED)
wire1019/X                               10     26    -16 (VIOLATED)
_21719_/X                                10     21    -11 (VIOLATED)
_20789_/Y                                10     20    -10 (VIOLATED)
_20799_/Y                                10     20    -10 (VIOLATED)
_20842_/Y                                10     20    -10 (VIOLATED)
_20906_/Y                                10     20    -10 (VIOLATED)
_21566_/Y                                10     20    -10 (VIOLATED)
_21599_/Y                                10     20    -10 (VIOLATED)
_21949_/Y                                10     20    -10 (VIOLATED)
_22288_/Y                                10     20    -10 (VIOLATED)
_23505_/X                                10     20    -10 (VIOLATED)
_24617_/Y                                10     20    -10 (VIOLATED)
_25008_/Y                                10     20    -10 (VIOLATED)
_25951_/Y                                10     20    -10 (VIOLATED)
_28059_/Y                                10     20    -10 (VIOLATED)
_30818_/Y                                10     20    -10 (VIOLATED)
fanout1007/X                             10     20    -10 (VIOLATED)
fanout1012/X                             10     20    -10 (VIOLATED)
fanout1014/X                             10     20    -10 (VIOLATED)
fanout1016/X                             10     20    -10 (VIOLATED)
fanout1025/X                             10     20    -10 (VIOLATED)
fanout1027/X                             10     20    -10 (VIOLATED)
fanout1029/X                             10     20    -10 (VIOLATED)
fanout1032/X                             10     20    -10 (VIOLATED)
fanout1038/X                             10     20    -10 (VIOLATED)
fanout1040/X                             10     20    -10 (VIOLATED)
fanout1043/X                             10     20    -10 (VIOLATED)
fanout279/X                              10     20    -10 (VIOLATED)
fanout300/X                              10     20    -10 (VIOLATED)
fanout306/X                              10     20    -10 (VIOLATED)
fanout307/X                              10     20    -10 (VIOLATED)
fanout309/X                              10     20    -10 (VIOLATED)
fanout311/X                              10     20    -10 (VIOLATED)
fanout318/X                              10     20    -10 (VIOLATED)
fanout319/X                              10     20    -10 (VIOLATED)
fanout321/X                              10     20    -10 (VIOLATED)
fanout322/X                              10     20    -10 (VIOLATED)
fanout324/X                              10     20    -10 (VIOLATED)
fanout326/X                              10     20    -10 (VIOLATED)
fanout328/X                              10     20    -10 (VIOLATED)
fanout329/X                              10     20    -10 (VIOLATED)
fanout331/X                              10     20    -10 (VIOLATED)
fanout333/X                              10     20    -10 (VIOLATED)
fanout335/X                              10     20    -10 (VIOLATED)
fanout337/X                              10     20    -10 (VIOLATED)
fanout339/X                              10     20    -10 (VIOLATED)
fanout340/X                              10     20    -10 (VIOLATED)
fanout343/X                              10     20    -10 (VIOLATED)
fanout345/X                              10     20    -10 (VIOLATED)
fanout349/X                              10     20    -10 (VIOLATED)
fanout358/X                              10     20    -10 (VIOLATED)
fanout359/X                              10     20    -10 (VIOLATED)
fanout361/X                              10     20    -10 (VIOLATED)
fanout363/X                              10     20    -10 (VIOLATED)
fanout364/X                              10     20    -10 (VIOLATED)
fanout366/X                              10     20    -10 (VIOLATED)
fanout367/X                              10     20    -10 (VIOLATED)
fanout368/X                              10     20    -10 (VIOLATED)
fanout369/X                              10     20    -10 (VIOLATED)
fanout370/X                              10     20    -10 (VIOLATED)
fanout375/X                              10     20    -10 (VIOLATED)
fanout376/X                              10     20    -10 (VIOLATED)
fanout377/X                              10     20    -10 (VIOLATED)
fanout379/X                              10     20    -10 (VIOLATED)
fanout380/X                              10     20    -10 (VIOLATED)
fanout381/X                              10     20    -10 (VIOLATED)
fanout382/X                              10     20    -10 (VIOLATED)
fanout384/X                              10     20    -10 (VIOLATED)
fanout386/X                              10     20    -10 (VIOLATED)
fanout388/X                              10     20    -10 (VIOLATED)
fanout389/X                              10     20    -10 (VIOLATED)
fanout390/X                              10     20    -10 (VIOLATED)
fanout391/X                              10     20    -10 (VIOLATED)
fanout393/X                              10     20    -10 (VIOLATED)
fanout395/X                              10     20    -10 (VIOLATED)
fanout397/X                              10     20    -10 (VIOLATED)
fanout399/X                              10     20    -10 (VIOLATED)
fanout401/X                              10     20    -10 (VIOLATED)
fanout403/X                              10     20    -10 (VIOLATED)
fanout405/X                              10     20    -10 (VIOLATED)
fanout407/X                              10     20    -10 (VIOLATED)
fanout411/X                              10     20    -10 (VIOLATED)
fanout412/X                              10     20    -10 (VIOLATED)
fanout416/X                              10     20    -10 (VIOLATED)
fanout420/X                              10     20    -10 (VIOLATED)
fanout421/X                              10     20    -10 (VIOLATED)
fanout423/X                              10     20    -10 (VIOLATED)
fanout424/X                              10     20    -10 (VIOLATED)
fanout425/X                              10     20    -10 (VIOLATED)
fanout428/X                              10     20    -10 (VIOLATED)
fanout431/X                              10     20    -10 (VIOLATED)
fanout433/X                              10     20    -10 (VIOLATED)
fanout436/X                              10     20    -10 (VIOLATED)
fanout437/X                              10     20    -10 (VIOLATED)
fanout438/X                              10     20    -10 (VIOLATED)
fanout440/X                              10     20    -10 (VIOLATED)
fanout441/X                              10     20    -10 (VIOLATED)
fanout443/X                              10     20    -10 (VIOLATED)
fanout444/X                              10     20    -10 (VIOLATED)
fanout445/X                              10     20    -10 (VIOLATED)
fanout446/X                              10     20    -10 (VIOLATED)
fanout447/X                              10     20    -10 (VIOLATED)
fanout450/X                              10     20    -10 (VIOLATED)
fanout451/X                              10     20    -10 (VIOLATED)
fanout452/X                              10     20    -10 (VIOLATED)
fanout453/X                              10     20    -10 (VIOLATED)
fanout454/X                              10     20    -10 (VIOLATED)
fanout460/X                              10     20    -10 (VIOLATED)
fanout462/X                              10     20    -10 (VIOLATED)
fanout465/X                              10     20    -10 (VIOLATED)
fanout467/X                              10     20    -10 (VIOLATED)
fanout468/X                              10     20    -10 (VIOLATED)
fanout470/X                              10     20    -10 (VIOLATED)
fanout472/X                              10     20    -10 (VIOLATED)
fanout473/X                              10     20    -10 (VIOLATED)
fanout477/X                              10     20    -10 (VIOLATED)
fanout479/X                              10     20    -10 (VIOLATED)
fanout481/X                              10     20    -10 (VIOLATED)
fanout483/X                              10     20    -10 (VIOLATED)
fanout485/X                              10     20    -10 (VIOLATED)
fanout487/X                              10     20    -10 (VIOLATED)
fanout489/X                              10     20    -10 (VIOLATED)
fanout492/X                              10     20    -10 (VIOLATED)
fanout494/X                              10     20    -10 (VIOLATED)
fanout501/X                              10     20    -10 (VIOLATED)
fanout505/X                              10     20    -10 (VIOLATED)
fanout506/X                              10     20    -10 (VIOLATED)
fanout509/X                              10     20    -10 (VIOLATED)
fanout512/X                              10     20    -10 (VIOLATED)
fanout513/X                              10     20    -10 (VIOLATED)
fanout516/X                              10     20    -10 (VIOLATED)
fanout524/X                              10     20    -10 (VIOLATED)
fanout534/X                              10     20    -10 (VIOLATED)
fanout543/X                              10     20    -10 (VIOLATED)
fanout544/X                              10     20    -10 (VIOLATED)
fanout550/X                              10     20    -10 (VIOLATED)
fanout554/X                              10     20    -10 (VIOLATED)
fanout555/X                              10     20    -10 (VIOLATED)
fanout558/X                              10     20    -10 (VIOLATED)
fanout559/X                              10     20    -10 (VIOLATED)
fanout561/X                              10     20    -10 (VIOLATED)
fanout562/X                              10     20    -10 (VIOLATED)
fanout569/X                              10     20    -10 (VIOLATED)
fanout571/X                              10     20    -10 (VIOLATED)
fanout574/X                              10     20    -10 (VIOLATED)
fanout575/X                              10     20    -10 (VIOLATED)
fanout576/X                              10     20    -10 (VIOLATED)
fanout577/X                              10     20    -10 (VIOLATED)
fanout578/X                              10     20    -10 (VIOLATED)
fanout581/X                              10     20    -10 (VIOLATED)
fanout582/X                              10     20    -10 (VIOLATED)
fanout583/X                              10     20    -10 (VIOLATED)
fanout585/X                              10     20    -10 (VIOLATED)
fanout590/X                              10     20    -10 (VIOLATED)
fanout591/X                              10     20    -10 (VIOLATED)
fanout593/X                              10     20    -10 (VIOLATED)
fanout595/X                              10     20    -10 (VIOLATED)
fanout597/X                              10     20    -10 (VIOLATED)
fanout600/X                              10     20    -10 (VIOLATED)
fanout602/X                              10     20    -10 (VIOLATED)
fanout604/X                              10     20    -10 (VIOLATED)
fanout608/X                              10     20    -10 (VIOLATED)
fanout610/X                              10     20    -10 (VIOLATED)
fanout612/X                              10     20    -10 (VIOLATED)
fanout614/X                              10     20    -10 (VIOLATED)
fanout616/X                              10     20    -10 (VIOLATED)
fanout618/X                              10     20    -10 (VIOLATED)
fanout620/X                              10     20    -10 (VIOLATED)
fanout623/X                              10     20    -10 (VIOLATED)
fanout628/X                              10     20    -10 (VIOLATED)
fanout632/X                              10     20    -10 (VIOLATED)
fanout633/X                              10     20    -10 (VIOLATED)
fanout635/X                              10     20    -10 (VIOLATED)
fanout638/X                              10     20    -10 (VIOLATED)
fanout641/X                              10     20    -10 (VIOLATED)
fanout643/X                              10     20    -10 (VIOLATED)
fanout644/X                              10     20    -10 (VIOLATED)
fanout645/X                              10     20    -10 (VIOLATED)
fanout647/X                              10     20    -10 (VIOLATED)
fanout649/X                              10     20    -10 (VIOLATED)
fanout650/X                              10     20    -10 (VIOLATED)
fanout651/X                              10     20    -10 (VIOLATED)
fanout652/X                              10     20    -10 (VIOLATED)
fanout653/X                              10     20    -10 (VIOLATED)
fanout656/X                              10     20    -10 (VIOLATED)
fanout659/X                              10     20    -10 (VIOLATED)
fanout660/X                              10     20    -10 (VIOLATED)
fanout663/X                              10     20    -10 (VIOLATED)
fanout666/X                              10     20    -10 (VIOLATED)
fanout669/X                              10     20    -10 (VIOLATED)
fanout671/X                              10     20    -10 (VIOLATED)
fanout675/X                              10     20    -10 (VIOLATED)
fanout683/X                              10     20    -10 (VIOLATED)
fanout686/X                              10     20    -10 (VIOLATED)
fanout687/X                              10     20    -10 (VIOLATED)
fanout691/X                              10     20    -10 (VIOLATED)
fanout697/X                              10     20    -10 (VIOLATED)
fanout699/X                              10     20    -10 (VIOLATED)
fanout700/X                              10     20    -10 (VIOLATED)
fanout701/X                              10     20    -10 (VIOLATED)
fanout702/X                              10     20    -10 (VIOLATED)
fanout703/X                              10     20    -10 (VIOLATED)
fanout705/X                              10     20    -10 (VIOLATED)
fanout706/X                              10     20    -10 (VIOLATED)
fanout707/X                              10     20    -10 (VIOLATED)
fanout709/X                              10     20    -10 (VIOLATED)
fanout716/X                              10     20    -10 (VIOLATED)
fanout717/X                              10     20    -10 (VIOLATED)
fanout718/X                              10     20    -10 (VIOLATED)
fanout721/X                              10     20    -10 (VIOLATED)
fanout725/X                              10     20    -10 (VIOLATED)
fanout726/X                              10     20    -10 (VIOLATED)
fanout727/X                              10     20    -10 (VIOLATED)
fanout728/X                              10     20    -10 (VIOLATED)
fanout731/X                              10     20    -10 (VIOLATED)
fanout734/X                              10     20    -10 (VIOLATED)
fanout736/X                              10     20    -10 (VIOLATED)
fanout738/X                              10     20    -10 (VIOLATED)
fanout739/X                              10     20    -10 (VIOLATED)
fanout741/X                              10     20    -10 (VIOLATED)
fanout743/X                              10     20    -10 (VIOLATED)
fanout746/X                              10     20    -10 (VIOLATED)
fanout749/X                              10     20    -10 (VIOLATED)
fanout750/X                              10     20    -10 (VIOLATED)
fanout752/X                              10     20    -10 (VIOLATED)
fanout754/X                              10     20    -10 (VIOLATED)
fanout759/X                              10     20    -10 (VIOLATED)
fanout761/X                              10     20    -10 (VIOLATED)
fanout762/X                              10     20    -10 (VIOLATED)
fanout763/X                              10     20    -10 (VIOLATED)
fanout765/X                              10     20    -10 (VIOLATED)
fanout767/X                              10     20    -10 (VIOLATED)
fanout771/X                              10     20    -10 (VIOLATED)
fanout773/X                              10     20    -10 (VIOLATED)
fanout777/X                              10     20    -10 (VIOLATED)
fanout778/X                              10     20    -10 (VIOLATED)
fanout779/X                              10     20    -10 (VIOLATED)
fanout781/X                              10     20    -10 (VIOLATED)
fanout783/X                              10     20    -10 (VIOLATED)
fanout784/X                              10     20    -10 (VIOLATED)
fanout787/X                              10     20    -10 (VIOLATED)
fanout790/X                              10     20    -10 (VIOLATED)
fanout792/X                              10     20    -10 (VIOLATED)
fanout793/X                              10     20    -10 (VIOLATED)
fanout794/X                              10     20    -10 (VIOLATED)
fanout795/X                              10     20    -10 (VIOLATED)
fanout797/X                              10     20    -10 (VIOLATED)
fanout799/X                              10     20    -10 (VIOLATED)
fanout801/X                              10     20    -10 (VIOLATED)
fanout802/X                              10     20    -10 (VIOLATED)
fanout805/X                              10     20    -10 (VIOLATED)
fanout810/X                              10     20    -10 (VIOLATED)
fanout812/X                              10     20    -10 (VIOLATED)
fanout816/X                              10     20    -10 (VIOLATED)
fanout818/X                              10     20    -10 (VIOLATED)
fanout820/X                              10     20    -10 (VIOLATED)
fanout821/X                              10     20    -10 (VIOLATED)
fanout822/X                              10     20    -10 (VIOLATED)
fanout823/X                              10     20    -10 (VIOLATED)
fanout825/X                              10     20    -10 (VIOLATED)
fanout826/X                              10     20    -10 (VIOLATED)
fanout827/X                              10     20    -10 (VIOLATED)
fanout828/X                              10     20    -10 (VIOLATED)
fanout830/X                              10     20    -10 (VIOLATED)
fanout831/X                              10     20    -10 (VIOLATED)
fanout832/X                              10     20    -10 (VIOLATED)
fanout834/X                              10     20    -10 (VIOLATED)
fanout835/X                              10     20    -10 (VIOLATED)
fanout836/X                              10     20    -10 (VIOLATED)
fanout837/X                              10     20    -10 (VIOLATED)
fanout840/X                              10     20    -10 (VIOLATED)
fanout841/X                              10     20    -10 (VIOLATED)
fanout844/X                              10     20    -10 (VIOLATED)
fanout846/X                              10     20    -10 (VIOLATED)
fanout848/X                              10     20    -10 (VIOLATED)
fanout852/X                              10     20    -10 (VIOLATED)
fanout854/X                              10     20    -10 (VIOLATED)
fanout855/X                              10     20    -10 (VIOLATED)
fanout856/X                              10     20    -10 (VIOLATED)
fanout858/X                              10     20    -10 (VIOLATED)
fanout860/X                              10     20    -10 (VIOLATED)
fanout862/X                              10     20    -10 (VIOLATED)
fanout866/X                              10     20    -10 (VIOLATED)
fanout869/X                              10     20    -10 (VIOLATED)
fanout873/X                              10     20    -10 (VIOLATED)
fanout876/X                              10     20    -10 (VIOLATED)
fanout877/X                              10     20    -10 (VIOLATED)
fanout879/X                              10     20    -10 (VIOLATED)
fanout881/X                              10     20    -10 (VIOLATED)
fanout883/X                              10     20    -10 (VIOLATED)
fanout884/X                              10     20    -10 (VIOLATED)
fanout886/X                              10     20    -10 (VIOLATED)
fanout888/X                              10     20    -10 (VIOLATED)
fanout890/X                              10     20    -10 (VIOLATED)
fanout892/X                              10     20    -10 (VIOLATED)
fanout893/X                              10     20    -10 (VIOLATED)
fanout895/X                              10     20    -10 (VIOLATED)
fanout896/X                              10     20    -10 (VIOLATED)
fanout899/X                              10     20    -10 (VIOLATED)
fanout901/X                              10     20    -10 (VIOLATED)
fanout902/X                              10     20    -10 (VIOLATED)
fanout904/X                              10     20    -10 (VIOLATED)
fanout908/X                              10     20    -10 (VIOLATED)
fanout909/X                              10     20    -10 (VIOLATED)
fanout910/X                              10     20    -10 (VIOLATED)
fanout912/X                              10     20    -10 (VIOLATED)
fanout913/X                              10     20    -10 (VIOLATED)
fanout917/X                              10     20    -10 (VIOLATED)
fanout918/X                              10     20    -10 (VIOLATED)
fanout919/X                              10     20    -10 (VIOLATED)
fanout922/X                              10     20    -10 (VIOLATED)
fanout923/X                              10     20    -10 (VIOLATED)
fanout924/X                              10     20    -10 (VIOLATED)
fanout928/X                              10     20    -10 (VIOLATED)
fanout930/X                              10     20    -10 (VIOLATED)
fanout931/X                              10     20    -10 (VIOLATED)
fanout934/X                              10     20    -10 (VIOLATED)
fanout935/X                              10     20    -10 (VIOLATED)
fanout936/X                              10     20    -10 (VIOLATED)
fanout937/X                              10     20    -10 (VIOLATED)
fanout941/X                              10     20    -10 (VIOLATED)
fanout942/X                              10     20    -10 (VIOLATED)
fanout945/X                              10     20    -10 (VIOLATED)
fanout947/X                              10     20    -10 (VIOLATED)
fanout949/X                              10     20    -10 (VIOLATED)
fanout952/X                              10     20    -10 (VIOLATED)
fanout956/X                              10     20    -10 (VIOLATED)
fanout966/X                              10     20    -10 (VIOLATED)
fanout968/X                              10     20    -10 (VIOLATED)
fanout973/X                              10     20    -10 (VIOLATED)
fanout978/X                              10     20    -10 (VIOLATED)
fanout979/X                              10     20    -10 (VIOLATED)
fanout982/X                              10     20    -10 (VIOLATED)
fanout985/X                              10     20    -10 (VIOLATED)
fanout986/X                              10     20    -10 (VIOLATED)
fanout991/X                              10     20    -10 (VIOLATED)
fanout992/X                              10     20    -10 (VIOLATED)
fanout993/X                              10     20    -10 (VIOLATED)
fanout995/X                              10     20    -10 (VIOLATED)
fanout997/X                              10     20    -10 (VIOLATED)
input100/X                               10     20    -10 (VIOLATED)
input11/X                                10     20    -10 (VIOLATED)
input121/X                               10     20    -10 (VIOLATED)
input45/X                                10     20    -10 (VIOLATED)
input95/X                                10     20    -10 (VIOLATED)
wire1037/X                               10     20    -10 (VIOLATED)
wire352/X                                10     20    -10 (VIOLATED)
_20779_/Y                                10     18     -8 (VIOLATED)
_20783_/Y                                10     18     -8 (VIOLATED)
_20800_/Y                                10     18     -8 (VIOLATED)
_20816_/Y                                10     18     -8 (VIOLATED)
_20831_/Y                                10     18     -8 (VIOLATED)
_20849_/Y                                10     18     -8 (VIOLATED)
_20956_/Y                                10     18     -8 (VIOLATED)
_21228_/X                                10     18     -8 (VIOLATED)
_21330_/X                                10     18     -8 (VIOLATED)
_21331_/Y                                10     18     -8 (VIOLATED)
_21798_/Y                                10     18     -8 (VIOLATED)
_22386_/Y                                10     18     -8 (VIOLATED)
_22404_/X                                10     18     -8 (VIOLATED)
_22546_/X                                10     18     -8 (VIOLATED)
_22597_/Y                                10     18     -8 (VIOLATED)
_22990_/X                                10     18     -8 (VIOLATED)
_23933_/Y                                10     18     -8 (VIOLATED)
_23934_/X                                10     18     -8 (VIOLATED)
_24100_/Y                                10     18     -8 (VIOLATED)
_25351_/X                                10     18     -8 (VIOLATED)
_25414_/X                                10     18     -8 (VIOLATED)
_26675_/X                                10     18     -8 (VIOLATED)
_27454_/Y                                10     18     -8 (VIOLATED)
_27952_/Y                                10     18     -8 (VIOLATED)
_29411_/X                                10     18     -8 (VIOLATED)
_29817_/X                                10     18     -8 (VIOLATED)
_31511_/Y                                10     18     -8 (VIOLATED)
clkbuf_1_0__f_clk/X                      10     18     -8 (VIOLATED)
fanout1031/X                             10     18     -8 (VIOLATED)
fanout392/X                              10     18     -8 (VIOLATED)
fanout456/X                              10     18     -8 (VIOLATED)
fanout490/X                              10     18     -8 (VIOLATED)
fanout491/X                              10     18     -8 (VIOLATED)
fanout517/X                              10     18     -8 (VIOLATED)
fanout541/X                              10     18     -8 (VIOLATED)
fanout549/X                              10     18     -8 (VIOLATED)
fanout553/X                              10     18     -8 (VIOLATED)
fanout565/X                              10     18     -8 (VIOLATED)
fanout568/X                              10     18     -8 (VIOLATED)
fanout570/X                              10     18     -8 (VIOLATED)
fanout573/X                              10     18     -8 (VIOLATED)
fanout580/X                              10     18     -8 (VIOLATED)
fanout594/X                              10     18     -8 (VIOLATED)
fanout601/X                              10     18     -8 (VIOLATED)
fanout617/X                              10     18     -8 (VIOLATED)
fanout619/X                              10     18     -8 (VIOLATED)
fanout626/X                              10     18     -8 (VIOLATED)
fanout642/X                              10     18     -8 (VIOLATED)
fanout646/X                              10     18     -8 (VIOLATED)
fanout658/X                              10     18     -8 (VIOLATED)
fanout682/X                              10     18     -8 (VIOLATED)
fanout690/X                              10     18     -8 (VIOLATED)
fanout696/X                              10     18     -8 (VIOLATED)
fanout704/X                              10     18     -8 (VIOLATED)
fanout715/X                              10     18     -8 (VIOLATED)
fanout720/X                              10     18     -8 (VIOLATED)
fanout747/X                              10     18     -8 (VIOLATED)
fanout756/X                              10     18     -8 (VIOLATED)
fanout764/X                              10     18     -8 (VIOLATED)
fanout782/X                              10     18     -8 (VIOLATED)
fanout804/X                              10     18     -8 (VIOLATED)
fanout833/X                              10     18     -8 (VIOLATED)
fanout842/X                              10     18     -8 (VIOLATED)
fanout843/X                              10     18     -8 (VIOLATED)
fanout847/X                              10     18     -8 (VIOLATED)
fanout875/X                              10     18     -8 (VIOLATED)
fanout900/X                              10     18     -8 (VIOLATED)
fanout903/X                              10     18     -8 (VIOLATED)
fanout938/X                              10     18     -8 (VIOLATED)
fanout957/X                              10     18     -8 (VIOLATED)
fanout967/X                              10     18     -8 (VIOLATED)
input114/X                               10     18     -8 (VIOLATED)
input119/X                               10     18     -8 (VIOLATED)
max_cap415/X                             10     18     -8 (VIOLATED)
wire1018/X                               10     18     -8 (VIOLATED)
_20814_/Y                                10     16     -6 (VIOLATED)
_20828_/Y                                10     16     -6 (VIOLATED)
_20853_/Y                                10     16     -6 (VIOLATED)
_20854_/Y                                10     16     -6 (VIOLATED)
_20878_/Y                                10     16     -6 (VIOLATED)
_20955_/X                                10     16     -6 (VIOLATED)
_21016_/Y                                10     16     -6 (VIOLATED)
_21141_/Y                                10     16     -6 (VIOLATED)
_21144_/Y                                10     16     -6 (VIOLATED)
_21208_/X                                10     16     -6 (VIOLATED)
_21542_/Y                                10     16     -6 (VIOLATED)
_21620_/Y                                10     16     -6 (VIOLATED)
_21718_/Y                                10     16     -6 (VIOLATED)
_21821_/Y                                10     16     -6 (VIOLATED)
_21824_/X                                10     16     -6 (VIOLATED)
_22060_/Y                                10     16     -6 (VIOLATED)
_22159_/Y                                10     16     -6 (VIOLATED)
_22353_/Y                                10     16     -6 (VIOLATED)
_22402_/Y                                10     16     -6 (VIOLATED)
_22695_/X                                10     16     -6 (VIOLATED)
_22813_/X                                10     16     -6 (VIOLATED)
_22815_/Y                                10     16     -6 (VIOLATED)
_22960_/X                                10     16     -6 (VIOLATED)
_23071_/Y                                10     16     -6 (VIOLATED)
_23225_/Y                                10     16     -6 (VIOLATED)
_23796_/Y                                10     16     -6 (VIOLATED)
_24314_/Y                                10     16     -6 (VIOLATED)
_24819_/Y                                10     16     -6 (VIOLATED)
_25010_/X                                10     16     -6 (VIOLATED)
_25054_/Y                                10     16     -6 (VIOLATED)
_25470_/X                                10     16     -6 (VIOLATED)
_25806_/X                                10     16     -6 (VIOLATED)
_27455_/Y                                10     16     -6 (VIOLATED)
_28926_/Y                                10     16     -6 (VIOLATED)
_28936_/Y                                10     16     -6 (VIOLATED)
_32753_/X                                10     16     -6 (VIOLATED)
_32788_/Y                                10     16     -6 (VIOLATED)
_32789_/X                                10     16     -6 (VIOLATED)
_38580_/X                                10     16     -6 (VIOLATED)
fanout1021/X                             10     16     -6 (VIOLATED)
fanout1042/X                             10     16     -6 (VIOLATED)
fanout323/X                              10     16     -6 (VIOLATED)
fanout385/X                              10     16     -6 (VIOLATED)
fanout394/X                              10     16     -6 (VIOLATED)
fanout402/X                              10     16     -6 (VIOLATED)
fanout406/X                              10     16     -6 (VIOLATED)
fanout409/X                              10     16     -6 (VIOLATED)
fanout442/X                              10     16     -6 (VIOLATED)
fanout474/X                              10     16     -6 (VIOLATED)
fanout507/X                              10     16     -6 (VIOLATED)
fanout522/X                              10     16     -6 (VIOLATED)
fanout528/X                              10     16     -6 (VIOLATED)
fanout542/X                              10     16     -6 (VIOLATED)
fanout548/X                              10     16     -6 (VIOLATED)
fanout551/X                              10     16     -6 (VIOLATED)
fanout560/X                              10     16     -6 (VIOLATED)
fanout589/X                              10     16     -6 (VIOLATED)
fanout596/X                              10     16     -6 (VIOLATED)
fanout609/X                              10     16     -6 (VIOLATED)
fanout613/X                              10     16     -6 (VIOLATED)
fanout622/X                              10     16     -6 (VIOLATED)
fanout634/X                              10     16     -6 (VIOLATED)
fanout637/X                              10     16     -6 (VIOLATED)
fanout640/X                              10     16     -6 (VIOLATED)
fanout689/X                              10     16     -6 (VIOLATED)
fanout693/X                              10     16     -6 (VIOLATED)
fanout698/X                              10     16     -6 (VIOLATED)
fanout708/X                              10     16     -6 (VIOLATED)
fanout713/X                              10     16     -6 (VIOLATED)
fanout735/X                              10     16     -6 (VIOLATED)
fanout740/X                              10     16     -6 (VIOLATED)
fanout745/X                              10     16     -6 (VIOLATED)
fanout751/X                              10     16     -6 (VIOLATED)
fanout753/X                              10     16     -6 (VIOLATED)
fanout755/X                              10     16     -6 (VIOLATED)
fanout760/X                              10     16     -6 (VIOLATED)
fanout766/X                              10     16     -6 (VIOLATED)
fanout770/X                              10     16     -6 (VIOLATED)
fanout772/X                              10     16     -6 (VIOLATED)
fanout786/X                              10     16     -6 (VIOLATED)
fanout815/X                              10     16     -6 (VIOLATED)
fanout817/X                              10     16     -6 (VIOLATED)
fanout819/X                              10     16     -6 (VIOLATED)
fanout861/X                              10     16     -6 (VIOLATED)
fanout880/X                              10     16     -6 (VIOLATED)
fanout882/X                              10     16     -6 (VIOLATED)
fanout891/X                              10     16     -6 (VIOLATED)
fanout905/X                              10     16     -6 (VIOLATED)
fanout906/X                              10     16     -6 (VIOLATED)
fanout907/X                              10     16     -6 (VIOLATED)
fanout915/X                              10     16     -6 (VIOLATED)
fanout916/X                              10     16     -6 (VIOLATED)
fanout929/X                              10     16     -6 (VIOLATED)
fanout961/X                              10     16     -6 (VIOLATED)
fanout975/X                              10     16     -6 (VIOLATED)
input101/X                               10     16     -6 (VIOLATED)
input105/X                               10     16     -6 (VIOLATED)
input106/X                               10     16     -6 (VIOLATED)
input107/X                               10     16     -6 (VIOLATED)
input110/X                               10     16     -6 (VIOLATED)
input111/X                               10     16     -6 (VIOLATED)
input112/X                               10     16     -6 (VIOLATED)
input113/X                               10     16     -6 (VIOLATED)
input122/X                               10     16     -6 (VIOLATED)
input123/X                               10     16     -6 (VIOLATED)
input124/X                               10     16     -6 (VIOLATED)
input125/X                               10     16     -6 (VIOLATED)
input126/X                               10     16     -6 (VIOLATED)
input127/X                               10     16     -6 (VIOLATED)
input128/X                               10     16     -6 (VIOLATED)
input129/X                               10     16     -6 (VIOLATED)
input96/X                                10     16     -6 (VIOLATED)
max_cap313/X                             10     16     -6 (VIOLATED)
wire1035/X                               10     16     -6 (VIOLATED)
wire1036/X                               10     16     -6 (VIOLATED)
wire898/X                                10     16     -6 (VIOLATED)
wire965/X                                10     16     -6 (VIOLATED)
wire971/X                                10     16     -6 (VIOLATED)
wire984/X                                10     16     -6 (VIOLATED)
_20784_/Y                                10     14     -4 (VIOLATED)
_20792_/Y                                10     14     -4 (VIOLATED)
_20798_/Y                                10     14     -4 (VIOLATED)
_20803_/Y                                10     14     -4 (VIOLATED)
_20807_/Y                                10     14     -4 (VIOLATED)
_20815_/Y                                10     14     -4 (VIOLATED)
_20830_/Y                                10     14     -4 (VIOLATED)
_20844_/Y                                10     14     -4 (VIOLATED)
_20856_/Y                                10     14     -4 (VIOLATED)
_20907_/Y                                10     14     -4 (VIOLATED)
_20929_/Y                                10     14     -4 (VIOLATED)
_21205_/Y                                10     14     -4 (VIOLATED)
_21322_/Y                                10     14     -4 (VIOLATED)
_21327_/X                                10     14     -4 (VIOLATED)
_21864_/Y                                10     14     -4 (VIOLATED)
_22206_/X                                10     14     -4 (VIOLATED)
_22419_/Y                                10     14     -4 (VIOLATED)
_22518_/Y                                10     14     -4 (VIOLATED)
_22772_/X                                10     14     -4 (VIOLATED)
_22941_/X                                10     14     -4 (VIOLATED)
_23257_/Y                                10     14     -4 (VIOLATED)
_23424_/X                                10     14     -4 (VIOLATED)
_23524_/Y                                10     14     -4 (VIOLATED)
_23747_/Y                                10     14     -4 (VIOLATED)
_24291_/Y                                10     14     -4 (VIOLATED)
_24316_/X                                10     14     -4 (VIOLATED)
_24771_/X                                10     14     -4 (VIOLATED)
_25472_/X                                10     14     -4 (VIOLATED)
_25643_/Y                                10     14     -4 (VIOLATED)
_25784_/X                                10     14     -4 (VIOLATED)
_26390_/Y                                10     14     -4 (VIOLATED)
_26957_/X                                10     14     -4 (VIOLATED)
_27177_/Y                                10     14     -4 (VIOLATED)
_27573_/Y                                10     14     -4 (VIOLATED)
_28738_/X                                10     14     -4 (VIOLATED)
_29415_/Y                                10     14     -4 (VIOLATED)
_29693_/Y                                10     14     -4 (VIOLATED)
_29695_/X                                10     14     -4 (VIOLATED)
_30328_/X                                10     14     -4 (VIOLATED)
_31689_/Y                                10     14     -4 (VIOLATED)
_32747_/Y                                10     14     -4 (VIOLATED)
_33580_/Y                                10     14     -4 (VIOLATED)
_34178_/X                                10     14     -4 (VIOLATED)
_34908_/X                                10     14     -4 (VIOLATED)
_35683_/Y                                10     14     -4 (VIOLATED)
_41569_/Q                                10     14     -4 (VIOLATED)
clkbuf_1_1__f_clk/X                      10     14     -4 (VIOLATED)
fanout1022/X                             10     14     -4 (VIOLATED)
fanout1024/X                             10     14     -4 (VIOLATED)
fanout1041/X                             10     14     -4 (VIOLATED)
fanout327/X                              10     14     -4 (VIOLATED)
fanout344/X                              10     14     -4 (VIOLATED)
fanout378/X                              10     14     -4 (VIOLATED)
fanout398/X                              10     14     -4 (VIOLATED)
fanout484/X                              10     14     -4 (VIOLATED)
fanout504/X                              10     14     -4 (VIOLATED)
fanout525/X                              10     14     -4 (VIOLATED)
fanout537/X                              10     14     -4 (VIOLATED)
fanout588/X                              10     14     -4 (VIOLATED)
fanout611/X                              10     14     -4 (VIOLATED)
fanout621/X                              10     14     -4 (VIOLATED)
fanout629/X                              10     14     -4 (VIOLATED)
fanout631/X                              10     14     -4 (VIOLATED)
fanout661/X                              10     14     -4 (VIOLATED)
fanout664/X                              10     14     -4 (VIOLATED)
fanout668/X                              10     14     -4 (VIOLATED)
fanout676/X                              10     14     -4 (VIOLATED)
fanout677/X                              10     14     -4 (VIOLATED)
fanout679/X                              10     14     -4 (VIOLATED)
fanout680/X                              10     14     -4 (VIOLATED)
fanout710/X                              10     14     -4 (VIOLATED)
fanout711/X                              10     14     -4 (VIOLATED)
fanout714/X                              10     14     -4 (VIOLATED)
fanout744/X                              10     14     -4 (VIOLATED)
fanout748/X                              10     14     -4 (VIOLATED)
fanout775/X                              10     14     -4 (VIOLATED)
fanout780/X                              10     14     -4 (VIOLATED)
fanout800/X                              10     14     -4 (VIOLATED)
fanout806/X                              10     14     -4 (VIOLATED)
fanout811/X                              10     14     -4 (VIOLATED)
fanout829/X                              10     14     -4 (VIOLATED)
fanout845/X                              10     14     -4 (VIOLATED)
fanout850/X                              10     14     -4 (VIOLATED)
fanout853/X                              10     14     -4 (VIOLATED)
fanout857/X                              10     14     -4 (VIOLATED)
fanout867/X                              10     14     -4 (VIOLATED)
fanout914/X                              10     14     -4 (VIOLATED)
fanout932/X                              10     14     -4 (VIOLATED)
fanout940/X                              10     14     -4 (VIOLATED)
fanout962/X                              10     14     -4 (VIOLATED)
fanout974/X                              10     14     -4 (VIOLATED)
fanout988/X                              10     14     -4 (VIOLATED)
input130/X                               10     14     -4 (VIOLATED)
input65/X                                10     14     -4 (VIOLATED)
input81/X                                10     14     -4 (VIOLATED)
max_cap314/X                             10     14     -4 (VIOLATED)
wire1001/X                               10     14     -4 (VIOLATED)
wire1011/X                               10     14     -4 (VIOLATED)
wire295/X                                10     14     -4 (VIOLATED)
wire493/X                                10     14     -4 (VIOLATED)
wire977/X                                10     14     -4 (VIOLATED)
wire990/X                                10     14     -4 (VIOLATED)
_20785_/Y                                10     12     -2 (VIOLATED)
_20791_/Y                                10     12     -2 (VIOLATED)
_20797_/Y                                10     12     -2 (VIOLATED)
_20804_/Y                                10     12     -2 (VIOLATED)
_20812_/Y                                10     12     -2 (VIOLATED)
_20813_/Y                                10     12     -2 (VIOLATED)
_20818_/Y                                10     12     -2 (VIOLATED)
_20836_/Y                                10     12     -2 (VIOLATED)
_20861_/X                                10     12     -2 (VIOLATED)
_20865_/X                                10     12     -2 (VIOLATED)
_20866_/Y                                10     12     -2 (VIOLATED)
_21244_/X                                10     12     -2 (VIOLATED)
_21245_/Y                                10     12     -2 (VIOLATED)
_21248_/Y                                10     12     -2 (VIOLATED)
_21349_/X                                10     12     -2 (VIOLATED)
_21553_/Y                                10     12     -2 (VIOLATED)
_21578_/X                                10     12     -2 (VIOLATED)
_21683_/Y                                10     12     -2 (VIOLATED)
_21743_/X                                10     12     -2 (VIOLATED)
_21875_/X                                10     12     -2 (VIOLATED)
_22056_/Y                                10     12     -2 (VIOLATED)
_22112_/Y                                10     12     -2 (VIOLATED)
_22251_/Y                                10     12     -2 (VIOLATED)
_22387_/Y                                10     12     -2 (VIOLATED)
_22393_/X                                10     12     -2 (VIOLATED)
_22430_/Y                                10     12     -2 (VIOLATED)
_22502_/Y                                10     12     -2 (VIOLATED)
_22511_/Y                                10     12     -2 (VIOLATED)
_22591_/Y                                10     12     -2 (VIOLATED)
_22592_/Y                                10     12     -2 (VIOLATED)
_22751_/X                                10     12     -2 (VIOLATED)
_22770_/Y                                10     12     -2 (VIOLATED)
_22946_/Y                                10     12     -2 (VIOLATED)
_22953_/Y                                10     12     -2 (VIOLATED)
_22991_/Y                                10     12     -2 (VIOLATED)
_23074_/X                                10     12     -2 (VIOLATED)
_23232_/Y                                10     12     -2 (VIOLATED)
_23378_/Y                                10     12     -2 (VIOLATED)
_23651_/Y                                10     12     -2 (VIOLATED)
_24620_/Y                                10     12     -2 (VIOLATED)
_24820_/Y                                10     12     -2 (VIOLATED)
_25526_/X                                10     12     -2 (VIOLATED)
_25774_/Y                                10     12     -2 (VIOLATED)
_25804_/Y                                10     12     -2 (VIOLATED)
_25807_/Y                                10     12     -2 (VIOLATED)
_25847_/X                                10     12     -2 (VIOLATED)
_25875_/X                                10     12     -2 (VIOLATED)
_25955_/Y                                10     12     -2 (VIOLATED)
_26393_/Y                                10     12     -2 (VIOLATED)
_26674_/Y                                10     12     -2 (VIOLATED)
_26794_/Y                                10     12     -2 (VIOLATED)
_28397_/X                                10     12     -2 (VIOLATED)
_28573_/X                                10     12     -2 (VIOLATED)
_28808_/Y                                10     12     -2 (VIOLATED)
_29004_/Y                                10     12     -2 (VIOLATED)
_29127_/X                                10     12     -2 (VIOLATED)
_29567_/Y                                10     12     -2 (VIOLATED)
_30809_/X                                10     12     -2 (VIOLATED)
_31030_/Y                                10     12     -2 (VIOLATED)
_31200_/X                                10     12     -2 (VIOLATED)
_32457_/Y                                10     12     -2 (VIOLATED)
_34417_/X                                10     12     -2 (VIOLATED)
_38641_/X                                10     12     -2 (VIOLATED)
_38683_/Y                                10     12     -2 (VIOLATED)
fanout1008/X                             10     12     -2 (VIOLATED)
fanout1009/X                             10     12     -2 (VIOLATED)
fanout1026/X                             10     12     -2 (VIOLATED)
fanout1030/X                             10     12     -2 (VIOLATED)
fanout330/X                              10     12     -2 (VIOLATED)
fanout332/X                              10     12     -2 (VIOLATED)
fanout334/X                              10     12     -2 (VIOLATED)
fanout342/X                              10     12     -2 (VIOLATED)
fanout383/X                              10     12     -2 (VIOLATED)
fanout387/X                              10     12     -2 (VIOLATED)
fanout429/X                              10     12     -2 (VIOLATED)
fanout432/X                              10     12     -2 (VIOLATED)
fanout455/X                              10     12     -2 (VIOLATED)
fanout458/X                              10     12     -2 (VIOLATED)
fanout459/X                              10     12     -2 (VIOLATED)
fanout463/X                              10     12     -2 (VIOLATED)
fanout469/X                              10     12     -2 (VIOLATED)
fanout497/X                              10     12     -2 (VIOLATED)
fanout508/X                              10     12     -2 (VIOLATED)
fanout515/X                              10     12     -2 (VIOLATED)
fanout531/X                              10     12     -2 (VIOLATED)
fanout545/X                              10     12     -2 (VIOLATED)
fanout552/X                              10     12     -2 (VIOLATED)
fanout557/X                              10     12     -2 (VIOLATED)
fanout564/X                              10     12     -2 (VIOLATED)
fanout567/X                              10     12     -2 (VIOLATED)
fanout572/X                              10     12     -2 (VIOLATED)
fanout584/X                              10     12     -2 (VIOLATED)
fanout599/X                              10     12     -2 (VIOLATED)
fanout607/X                              10     12     -2 (VIOLATED)
fanout639/X                              10     12     -2 (VIOLATED)
fanout662/X                              10     12     -2 (VIOLATED)
fanout729/X                              10     12     -2 (VIOLATED)
fanout737/X                              10     12     -2 (VIOLATED)
fanout758/X                              10     12     -2 (VIOLATED)
fanout785/X                              10     12     -2 (VIOLATED)
fanout798/X                              10     12     -2 (VIOLATED)
fanout824/X                              10     12     -2 (VIOLATED)
fanout838/X                              10     12     -2 (VIOLATED)
fanout839/X                              10     12     -2 (VIOLATED)
fanout849/X                              10     12     -2 (VIOLATED)
fanout851/X                              10     12     -2 (VIOLATED)
fanout863/X                              10     12     -2 (VIOLATED)
fanout870/X                              10     12     -2 (VIOLATED)
fanout874/X                              10     12     -2 (VIOLATED)
fanout878/X                              10     12     -2 (VIOLATED)
fanout885/X                              10     12     -2 (VIOLATED)
fanout887/X                              10     12     -2 (VIOLATED)
fanout889/X                              10     12     -2 (VIOLATED)
fanout894/X                              10     12     -2 (VIOLATED)
fanout920/X                              10     12     -2 (VIOLATED)
fanout925/X                              10     12     -2 (VIOLATED)
fanout927/X                              10     12     -2 (VIOLATED)
fanout939/X                              10     12     -2 (VIOLATED)
fanout948/X                              10     12     -2 (VIOLATED)
fanout953/X                              10     12     -2 (VIOLATED)
fanout963/X                              10     12     -2 (VIOLATED)
fanout987/X                              10     12     -2 (VIOLATED)
fanout994/X                              10     12     -2 (VIOLATED)
fanout998/X                              10     12     -2 (VIOLATED)
input115/X                               10     12     -2 (VIOLATED)
input132/X                               10     12     -2 (VIOLATED)
input210/X                               10     12     -2 (VIOLATED)
input236/X                               10     12     -2 (VIOLATED)
input48/X                                10     12     -2 (VIOLATED)
max_cap357/X                             10     12     -2 (VIOLATED)
max_cap413/X                             10     12     -2 (VIOLATED)
max_length466/X                          10     12     -2 (VIOLATED)
wire276/X                                10     12     -2 (VIOLATED)
wire285/X                                10     12     -2 (VIOLATED)
wire292/X                                10     12     -2 (VIOLATED)
wire373/X                                10     12     -2 (VIOLATED)
wire374/X                                10     12     -2 (VIOLATED)
wire865/X                                10     12     -2 (VIOLATED)
wire959/X                                10     12     -2 (VIOLATED)
_41567_/Q                                10     11        (VIOLATED)
_41568_/Q                                10     11        (VIOLATED)
wire372/X                                10     11        (VIOLATED)

max capacitance

Pin                                        Limit         Cap       Slack
------------------------------------------------------------------------
fanout880/X                             0.200000    0.258059   -0.058059 (VIOLATED)
wire955/X                               0.200000    0.246043   -0.046043 (VIOLATED)
fanout279/X                             0.200000    0.237615   -0.037615 (VIOLATED)
fanout903/X                             0.200000    0.237522   -0.037522 (VIOLATED)
fanout894/X                             0.200000    0.234006   -0.034006 (VIOLATED)
wire984/X                               0.200000    0.226463   -0.026463 (VIOLATED)
wire971/X                               0.200000    0.224235   -0.024235 (VIOLATED)
wire965/X                               0.200000    0.224210   -0.024210 (VIOLATED)
wire493/X                               0.200000    0.223962   -0.023962 (VIOLATED)
wire990/X                               0.200000    0.223573   -0.023573 (VIOLATED)
wire1019/X                              0.200000    0.222375   -0.022375 (VIOLATED)
wire898/X                               0.200000    0.221048   -0.021048 (VIOLATED)
fanout748/X                             0.200000    0.219817   -0.019817 (VIOLATED)
wire977/X                               0.200000    0.218276   -0.018276 (VIOLATED)
_38641_/X                               0.200000    0.218240   -0.018240 (VIOLATED)
fanout321/X                             0.200000    0.217660   -0.017660 (VIOLATED)
input176/X                              0.200000    0.213859   -0.013859 (VIOLATED)
wire374/X                               0.200000    0.213137   -0.013137 (VIOLATED)
wire1011/X                              0.200000    0.208096   -0.008096 (VIOLATED)
wire1001/X                              0.200000    0.205253   -0.005253 (VIOLATED)
fanout369/X                             0.200000    0.204071   -0.004071 (VIOLATED)
input232/X                              0.200000    0.203918   -0.003918 (VIOLATED)
wire1037/X                              0.200000    0.202533   -0.002533 (VIOLATED)



===========================================================================
report_parasitic_annotation -report_unannotated
============================================================================
Found 6 unannotated drivers.
 input_data[15]
 input_data[175]
 input_data[191]
 input_data[223]
 input_data[238]
 input_data[239]
Found 0 partially unannotated drivers.

===========================================================================
max slew violation count 0
max fanout violation count 786
max cap violation count 23
============================================================================

===========================================================================
check_setup -verbose -unconstrained_endpoints -multiple_clock -no_clock -no_input_delay -loops -generated_clocks
===========================================================================
