Using 12 threads…
Using a tile size of (500 µm)²…
Reading /mnt/d/APIC/FIR_Openlane/Lowpass/runs/RUN_2024-06-17_19-19-26/55-magic-streamout/lowpass.magic.gds ..
Reading /mnt/d/APIC/FIR_Openlane/Lowpass/runs/RUN_2024-06-17_19-19-26/56-klayout-streamout/lowpass.klayout.gds ..
--- Running XOR for layer 122/16 ---
"input" in: xor.drc:109
    Polygons (raw): 78669 (flat)  181 (hierarchical)
    Elapsed: 0.000s  Memory: 444.00M
"input" in: xor.drc:109
    Polygons (raw): 78669 (flat)  181 (hierarchical)
    Elapsed: 0.000s  Memory: 444.00M
"^" in: xor.drc:109
    Polygons (raw): 0 (flat)  0 (hierarchical)
    Elapsed: 0.890s  Memory: 1300.00M
XOR differences: 0
"output" in: xor.drc:86
    Polygons (raw): 0 (flat)  0 (hierarchical)
    Elapsed: 0.000s  Memory: 1244.00M
--- Running XOR for layer 235/4 ---
"input" in: xor.drc:109
    Polygons (raw): 1 (flat)  1 (hierarchical)
    Elapsed: 0.000s  Memory: 1244.00M
"input" in: xor.drc:109
    Polygons (raw): 1 (flat)  1 (hierarchical)
    Elapsed: 0.000s  Memory: 1244.00M
"^" in: xor.drc:109
    Polygons (raw): 0 (flat)  0 (hierarchical)
    Elapsed: 0.150s  Memory: 1252.00M
XOR differences: 0
"output" in: xor.drc:86
    Polygons (raw): 0 (flat)  0 (hierarchical)
    Elapsed: 0.000s  Memory: 1244.00M
--- Running XOR for layer 236/0 ---
"input" in: xor.drc:109
    Polygons (raw): 65691 (flat)  175 (hierarchical)
    Elapsed: 0.000s  Memory: 1244.00M
"input" in: xor.drc:109
    Polygons (raw): 65691 (flat)  175 (hierarchical)
    Elapsed: 0.000s  Memory: 1244.00M
"^" in: xor.drc:109
    Polygons (raw): 0 (flat)  0 (hierarchical)
    Elapsed: 0.830s  Memory: 1284.00M
XOR differences: 0
"output" in: xor.drc:86
    Polygons (raw): 0 (flat)  0 (hierarchical)
    Elapsed: 0.000s  Memory: 1244.00M
--- Running XOR for layer 64/16 ---
"input" in: xor.drc:109
    Polygons (raw): 78669 (flat)  181 (hierarchical)
    Elapsed: 0.000s  Memory: 1244.00M
"input" in: xor.drc:109
    Polygons (raw): 78669 (flat)  181 (hierarchical)
    Elapsed: 0.000s  Memory: 1244.00M
"^" in: xor.drc:109
    Polygons (raw): 0 (flat)  0 (hierarchical)
    Elapsed: 0.830s  Memory: 1292.00M
XOR differences: 0
"output" in: xor.drc:86
    Polygons (raw): 0 (flat)  0 (hierarchical)
    Elapsed: 0.000s  Memory: 1244.00M
--- Running XOR for layer 64/20 ---
"input" in: xor.drc:109
    Polygons (raw): 87416 (flat)  178 (hierarchical)
    Elapsed: 0.000s  Memory: 1244.00M
"input" in: xor.drc:109
    Polygons (raw): 87416 (flat)  178 (hierarchical)
    Elapsed: 0.000s  Memory: 1244.00M
"^" in: xor.drc:109
    Polygons (raw): 0 (flat)  0 (hierarchical)
    Elapsed: 1.380s  Memory: 1268.00M
XOR differences: 0
"output" in: xor.drc:86
    Polygons (raw): 0 (flat)  0 (hierarchical)
    Elapsed: 0.010s  Memory: 1244.00M
--- Running XOR for layer 64/5 ---
"input" in: xor.drc:109
    Polygons (raw): 0 (flat)  0 (hierarchical)
    Elapsed: 0.000s  Memory: 1244.00M
"input" in: xor.drc:109
    Polygons (raw): 0 (flat)  0 (hierarchical)
    Elapsed: 0.000s  Memory: 1244.00M
"^" in: xor.drc:109
    Polygons (raw): 0 (flat)  0 (hierarchical)
    Elapsed: 0.390s  Memory: 1268.00M
XOR differences: 0
"output" in: xor.drc:86
    Polygons (raw): 0 (flat)  0 (hierarchical)
    Elapsed: 0.000s  Memory: 1244.00M
--- Running XOR for layer 64/59 ---
"input" in: xor.drc:109
    Polygons (raw): 0 (flat)  0 (hierarchical)
    Elapsed: 0.000s  Memory: 1244.00M
"input" in: xor.drc:109
    Polygons (raw): 0 (flat)  0 (hierarchical)
    Elapsed: 0.000s  Memory: 1244.00M
"^" in: xor.drc:109
    Polygons (raw): 0 (flat)  0 (hierarchical)
    Elapsed: 0.370s  Memory: 1276.00M
XOR differences: 0
"output" in: xor.drc:86
    Polygons (raw): 0 (flat)  0 (hierarchical)
    Elapsed: 0.000s  Memory: 1244.00M
--- Running XOR for layer 65/20 ---
"input" in: xor.drc:109
    Polygons (raw): 139950 (flat)  504 (hierarchical)
    Elapsed: 0.000s  Memory: 1244.00M
"input" in: xor.drc:109
    Polygons (raw): 139950 (flat)  504 (hierarchical)
    Elapsed: 0.010s  Memory: 1244.00M
"^" in: xor.drc:109
    Polygons (raw): 0 (flat)  0 (hierarchical)
    Elapsed: 1.170s  Memory: 1260.00M
XOR differences: 0
"output" in: xor.drc:86
    Polygons (raw): 0 (flat)  0 (hierarchical)
    Elapsed: 0.000s  Memory: 1244.00M
--- Running XOR for layer 65/44 ---
"input" in: xor.drc:109
    Polygons (raw): 17568 (flat)  2 (hierarchical)
    Elapsed: 0.000s  Memory: 1244.00M
"input" in: xor.drc:109
    Polygons (raw): 17568 (flat)  2 (hierarchical)
    Elapsed: 0.000s  Memory: 1244.00M
"^" in: xor.drc:109
    Polygons (raw): 0 (flat)  0 (hierarchical)
    Elapsed: 0.240s  Memory: 1292.00M
XOR differences: 0
"output" in: xor.drc:86
    Polygons (raw): 0 (flat)  0 (hierarchical)
    Elapsed: 0.000s  Memory: 1244.00M
--- Running XOR for layer 66/20 ---
"input" in: xor.drc:109
    Polygons (raw): 147058 (flat)  838 (hierarchical)
    Elapsed: 0.000s  Memory: 1244.00M
"input" in: xor.drc:109
    Polygons (raw): 147058 (flat)  838 (hierarchical)
    Elapsed: 0.000s  Memory: 1244.00M
"^" in: xor.drc:109
    Polygons (raw): 0 (flat)  0 (hierarchical)
    Elapsed: 2.040s  Memory: 1292.00M
XOR differences: 0
"output" in: xor.drc:86
    Polygons (raw): 0 (flat)  0 (hierarchical)
    Elapsed: 0.010s  Memory: 1244.00M
--- Running XOR for layer 66/44 ---
"input" in: xor.drc:109
    Polygons (raw): 847162 (flat)  5853 (hierarchical)
    Elapsed: 0.000s  Memory: 1244.00M
"input" in: xor.drc:109
    Polygons (raw): 847162 (flat)  5853 (hierarchical)
    Elapsed: 0.000s  Memory: 1244.00M
"^" in: xor.drc:109
    Polygons (raw): 0 (flat)  0 (hierarchical)
    Elapsed: 5.070s  Memory: 1276.00M
XOR differences: 0
"output" in: xor.drc:86
    Polygons (raw): 0 (flat)  0 (hierarchical)
    Elapsed: 0.000s  Memory: 1244.00M
--- Running XOR for layer 67/16 ---
"input" in: xor.drc:109
    Polygons (raw): 243633 (flat)  1407 (hierarchical)
    Elapsed: 0.000s  Memory: 1244.00M
"input" in: xor.drc:109
    Polygons (raw): 243633 (flat)  1407 (hierarchical)
    Elapsed: 0.000s  Memory: 1244.00M
"^" in: xor.drc:109
    Polygons (raw): 0 (flat)  0 (hierarchical)
    Elapsed: 1.350s  Memory: 1252.00M
XOR differences: 0
"output" in: xor.drc:86
    Polygons (raw): 0 (flat)  0 (hierarchical)
    Elapsed: 0.000s  Memory: 1244.00M
--- Running XOR for layer 67/20 ---
"input" in: xor.drc:109
    Polygons (raw): 468326 (flat)  82088 (hierarchical)
    Elapsed: 0.000s  Memory: 1244.00M
"input" in: xor.drc:109
    Polygons (raw): 468326 (flat)  1483 (hierarchical)
    Elapsed: 0.000s  Memory: 1244.00M
"^" in: xor.drc:109
    Polygons (raw): 0 (flat)  0 (hierarchical)
    Elapsed: 6.550s  Memory: 1300.00M
XOR differences: 0
"output" in: xor.drc:86
    Polygons (raw): 0 (flat)  0 (hierarchical)
    Elapsed: 0.010s  Memory: 1244.00M
--- Running XOR for layer 67/44 ---
"input" in: xor.drc:109
    Polygons (raw): 1067762 (flat)  83972 (hierarchical)
    Elapsed: 0.000s  Memory: 1244.00M
"input" in: xor.drc:109
    Polygons (raw): 1067762 (flat)  3367 (hierarchical)
    Elapsed: 0.000s  Memory: 1244.00M
"^" in: xor.drc:109
    Polygons (raw): 0 (flat)  0 (hierarchical)
    Elapsed: 6.590s  Memory: 1244.00M
XOR differences: 0
"output" in: xor.drc:86
    Polygons (raw): 0 (flat)  0 (hierarchical)
    Elapsed: 0.010s  Memory: 1244.00M
--- Running XOR for layer 67/5 ---
"input" in: xor.drc:109
    Polygons (raw): 0 (flat)  0 (hierarchical)
    Elapsed: 0.000s  Memory: 1244.00M
"input" in: xor.drc:109
    Polygons (raw): 0 (flat)  0 (hierarchical)
    Elapsed: 0.000s  Memory: 1244.00M
"^" in: xor.drc:109
    Polygons (raw): 0 (flat)  0 (hierarchical)
    Elapsed: 0.340s  Memory: 1252.00M
XOR differences: 0
"output" in: xor.drc:86
    Polygons (raw): 0 (flat)  0 (hierarchical)
    Elapsed: 0.000s  Memory: 1244.00M
--- Running XOR for layer 68/16 ---
"input" in: xor.drc:109
    Polygons (raw): 175089 (flat)  365 (hierarchical)
    Elapsed: 0.000s  Memory: 1244.00M
"input" in: xor.drc:109
    Polygons (raw): 175089 (flat)  365 (hierarchical)
    Elapsed: 0.000s  Memory: 1244.00M
"^" in: xor.drc:109
    Polygons (raw): 0 (flat)  0 (hierarchical)
    Elapsed: 1.520s  Memory: 1260.00M
XOR differences: 0
"output" in: xor.drc:86
    Polygons (raw): 0 (flat)  0 (hierarchical)
    Elapsed: 0.010s  Memory: 1244.00M
--- Running XOR for layer 68/20 ---
"input" in: xor.drc:109
    Polygons (raw): 534325 (flat)  356795 (hierarchical)
    Elapsed: 0.000s  Memory: 1244.00M
"input" in: xor.drc:109
    Polygons (raw): 464087 (flat)  120310 (hierarchical)
    Elapsed: 0.000s  Memory: 1244.00M
"^" in: xor.drc:109
    Polygons (raw): 0 (flat)  0 (hierarchical)
    Elapsed: 4.550s  Memory: 1268.00M
XOR differences: 0
"output" in: xor.drc:86
    Polygons (raw): 0 (flat)  0 (hierarchical)
    Elapsed: 0.010s  Memory: 1244.00M
--- Running XOR for layer 68/44 ---
"input" in: xor.drc:109
    Polygons (raw): 92533 (flat)  92533 (hierarchical)
    Elapsed: 0.000s  Memory: 1244.00M
"input" in: xor.drc:109
    Polygons (raw): 92533 (flat)  7 (hierarchical)
    Elapsed: 0.000s  Memory: 1244.00M
"^" in: xor.drc:109
    Polygons (raw): 0 (flat)  0 (hierarchical)
    Elapsed: 0.690s  Memory: 1260.00M
XOR differences: 0
"output" in: xor.drc:86
    Polygons (raw): 0 (flat)  0 (hierarchical)
    Elapsed: 0.000s  Memory: 1244.00M
--- Running XOR for layer 68/5 ---
"input" in: xor.drc:109
    Polygons (raw): 0 (flat)  0 (hierarchical)
    Elapsed: 0.000s  Memory: 1244.00M
"input" in: xor.drc:109
    Polygons (raw): 0 (flat)  0 (hierarchical)
    Elapsed: 0.000s  Memory: 1244.00M
"^" in: xor.drc:109
    Polygons (raw): 0 (flat)  0 (hierarchical)
    Elapsed: 0.450s  Memory: 1268.00M
XOR differences: 0
"output" in: xor.drc:86
    Polygons (raw): 0 (flat)  0 (hierarchical)
    Elapsed: 0.000s  Memory: 1244.00M
--- Running XOR for layer 69/16 ---
"input" in: xor.drc:109
    Polygons (raw): 244 (flat)  244 (hierarchical)
    Elapsed: 0.000s  Memory: 1244.00M
"input" in: xor.drc:109
    Polygons (raw): 244 (flat)  244 (hierarchical)
    Elapsed: 0.000s  Memory: 1244.00M
"^" in: xor.drc:109
    Polygons (raw): 0 (flat)  0 (hierarchical)
    Elapsed: 0.160s  Memory: 1308.00M
XOR differences: 0
"output" in: xor.drc:86
    Polygons (raw): 0 (flat)  0 (hierarchical)
    Elapsed: 0.000s  Memory: 1244.00M
--- Running XOR for layer 69/20 ---
"input" in: xor.drc:109
    Polygons (raw): 152919 (flat)  152919 (hierarchical)
    Elapsed: 0.000s  Memory: 1244.00M
"input" in: xor.drc:109
    Polygons (raw): 153107 (flat)  62212 (hierarchical)
    Elapsed: 0.000s  Memory: 1244.00M
"^" in: xor.drc:109
    Polygons (raw): 0 (flat)  0 (hierarchical)
    Elapsed: 1.960s  Memory: 1244.00M
XOR differences: 0
"output" in: xor.drc:86
    Polygons (raw): 0 (flat)  0 (hierarchical)
    Elapsed: 0.010s  Memory: 1244.00M
--- Running XOR for layer 69/44 ---
"input" in: xor.drc:109
    Polygons (raw): 10421 (flat)  10421 (hierarchical)
    Elapsed: 0.000s  Memory: 1244.00M
"input" in: xor.drc:109
    Polygons (raw): 10421 (flat)  5 (hierarchical)
    Elapsed: 0.000s  Memory: 1244.00M
"^" in: xor.drc:109
    Polygons (raw): 0 (flat)  0 (hierarchical)
    Elapsed: 0.210s  Memory: 1268.00M
XOR differences: 0
"output" in: xor.drc:86
    Polygons (raw): 0 (flat)  0 (hierarchical)
    Elapsed: 0.000s  Memory: 1244.00M
--- Running XOR for layer 69/5 ---
"input" in: xor.drc:109
    Polygons (raw): 0 (flat)  0 (hierarchical)
    Elapsed: 0.000s  Memory: 1244.00M
"input" in: xor.drc:109
    Polygons (raw): 0 (flat)  0 (hierarchical)
    Elapsed: 0.000s  Memory: 1244.00M
"^" in: xor.drc:109
    Polygons (raw): 0 (flat)  0 (hierarchical)
    Elapsed: 0.160s  Memory: 1276.00M
XOR differences: 0
"output" in: xor.drc:86
    Polygons (raw): 0 (flat)  0 (hierarchical)
    Elapsed: 0.000s  Memory: 1244.00M
--- Running XOR for layer 70/16 ---
"input" in: xor.drc:109
    Polygons (raw): 17 (flat)  17 (hierarchical)
    Elapsed: 0.000s  Memory: 1244.00M
"input" in: xor.drc:109
    Polygons (raw): 17 (flat)  17 (hierarchical)
    Elapsed: 0.000s  Memory: 1244.00M
"^" in: xor.drc:109
    Polygons (raw): 0 (flat)  0 (hierarchical)
    Elapsed: 0.150s  Memory: 1276.00M
XOR differences: 0
"output" in: xor.drc:86
    Polygons (raw): 0 (flat)  0 (hierarchical)
    Elapsed: 0.000s  Memory: 1244.00M
--- Running XOR for layer 70/20 ---
"input" in: xor.drc:109
    Polygons (raw): 13138 (flat)  13138 (hierarchical)
    Elapsed: 0.000s  Memory: 1244.00M
"input" in: xor.drc:109
    Polygons (raw): 12536 (flat)  4585 (hierarchical)
    Elapsed: 0.000s  Memory: 1244.00M
"^" in: xor.drc:109
    Polygons (raw): 0 (flat)  0 (hierarchical)
    Elapsed: 0.270s  Memory: 1268.00M
XOR differences: 0
"output" in: xor.drc:86
    Polygons (raw): 0 (flat)  0 (hierarchical)
    Elapsed: 0.000s  Memory: 1244.00M
--- Running XOR for layer 70/44 ---
"input" in: xor.drc:109
    Polygons (raw): 7866 (flat)  7866 (hierarchical)
    Elapsed: 0.000s  Memory: 1244.00M
"input" in: xor.drc:109
    Polygons (raw): 7866 (flat)  5 (hierarchical)
    Elapsed: 0.000s  Memory: 1244.00M
"^" in: xor.drc:109
    Polygons (raw): 0 (flat)  0 (hierarchical)
    Elapsed: 0.200s  Memory: 1300.00M
XOR differences: 0
"output" in: xor.drc:86
    Polygons (raw): 0 (flat)  0 (hierarchical)
    Elapsed: 0.000s  Memory: 1244.00M
--- Running XOR for layer 70/5 ---
"input" in: xor.drc:109
    Polygons (raw): 0 (flat)  0 (hierarchical)
    Elapsed: 0.000s  Memory: 1244.00M
"input" in: xor.drc:109
    Polygons (raw): 0 (flat)  0 (hierarchical)
    Elapsed: 0.000s  Memory: 1244.00M
"^" in: xor.drc:109
    Polygons (raw): 0 (flat)  0 (hierarchical)
    Elapsed: 0.130s  Memory: 1244.00M
XOR differences: 0
"output" in: xor.drc:86
    Polygons (raw): 0 (flat)  0 (hierarchical)
    Elapsed: 0.000s  Memory: 1244.00M
--- Running XOR for layer 71/16 ---
"input" in: xor.drc:109
    Polygons (raw): 12 (flat)  12 (hierarchical)
    Elapsed: 0.000s  Memory: 1244.00M
"input" in: xor.drc:109
    Polygons (raw): 12 (flat)  12 (hierarchical)
    Elapsed: 0.000s  Memory: 1244.00M
"^" in: xor.drc:109
    Polygons (raw): 0 (flat)  0 (hierarchical)
    Elapsed: 0.150s  Memory: 1284.00M
XOR differences: 0
"output" in: xor.drc:86
    Polygons (raw): 0 (flat)  0 (hierarchical)
    Elapsed: 0.000s  Memory: 1244.00M
--- Running XOR for layer 71/20 ---
"input" in: xor.drc:109
    Polygons (raw): 1516 (flat)  1516 (hierarchical)
    Elapsed: 0.000s  Memory: 1244.00M
"input" in: xor.drc:109
    Polygons (raw): 3249 (flat)  551 (hierarchical)
    Elapsed: 0.000s  Memory: 1244.00M
"^" in: xor.drc:109
    Polygons (raw): 0 (flat)  0 (hierarchical)
    Elapsed: 0.220s  Memory: 1292.00M
XOR differences: 0
"output" in: xor.drc:86
    Polygons (raw): 0 (flat)  0 (hierarchical)
    Elapsed: 0.000s  Memory: 1244.00M
--- Running XOR for layer 71/5 ---
"input" in: xor.drc:109
    Polygons (raw): 0 (flat)  0 (hierarchical)
    Elapsed: 0.000s  Memory: 1244.00M
"input" in: xor.drc:109
    Polygons (raw): 0 (flat)  0 (hierarchical)
    Elapsed: 0.000s  Memory: 1244.00M
"^" in: xor.drc:109
    Polygons (raw): 0 (flat)  0 (hierarchical)
    Elapsed: 0.080s  Memory: 1252.00M
XOR differences: 0
"output" in: xor.drc:86
    Polygons (raw): 0 (flat)  0 (hierarchical)
    Elapsed: 0.000s  Memory: 1244.00M
--- Running XOR for layer 78/44 ---
"input" in: xor.drc:109
    Polygons (raw): 87582 (flat)  180 (hierarchical)
    Elapsed: 0.000s  Memory: 1244.00M
"input" in: xor.drc:109
    Polygons (raw): 87582 (flat)  180 (hierarchical)
    Elapsed: 0.000s  Memory: 1244.00M
"^" in: xor.drc:109
    Polygons (raw): 0 (flat)  0 (hierarchical)
    Elapsed: 1.130s  Memory: 1244.00M
XOR differences: 0
"output" in: xor.drc:86
    Polygons (raw): 0 (flat)  0 (hierarchical)
    Elapsed: 0.000s  Memory: 1244.00M
Warning: --- Skipping 81/14… ---
--- Running XOR for layer 81/23 ---
"input" in: xor.drc:109
    Polygons (raw): 10129 (flat)  1 (hierarchical)
    Elapsed: 0.000s  Memory: 1244.00M
"input" in: xor.drc:109
    Polygons (raw): 10129 (flat)  1 (hierarchical)
    Elapsed: 0.000s  Memory: 1244.00M
"^" in: xor.drc:109
    Polygons (raw): 0 (flat)  0 (hierarchical)
    Elapsed: 0.240s  Memory: 1252.00M
XOR differences: 0
"output" in: xor.drc:86
    Polygons (raw): 0 (flat)  0 (hierarchical)
    Elapsed: 0.000s  Memory: 1244.00M
--- Running XOR for layer 81/4 ---
"input" in: xor.drc:109
    Polygons (raw): 87416 (flat)  178 (hierarchical)
    Elapsed: 0.000s  Memory: 1244.00M
"input" in: xor.drc:109
    Polygons (raw): 87416 (flat)  178 (hierarchical)
    Elapsed: 0.000s  Memory: 1244.00M
"^" in: xor.drc:109
    Polygons (raw): 0 (flat)  0 (hierarchical)
    Elapsed: 1.220s  Memory: 1252.00M
XOR differences: 0
"output" in: xor.drc:86
    Polygons (raw): 0 (flat)  0 (hierarchical)
    Elapsed: 0.010s  Memory: 1244.00M
--- Running XOR for layer 83/44 ---
"input" in: xor.drc:109
    Polygons (raw): 0 (flat)  0 (hierarchical)
    Elapsed: 0.000s  Memory: 1244.00M
"input" in: xor.drc:109
    Polygons (raw): 0 (flat)  0 (hierarchical)
    Elapsed: 0.000s  Memory: 1244.00M
"^" in: xor.drc:109
    Polygons (raw): 0 (flat)  0 (hierarchical)
    Elapsed: 0.430s  Memory: 1252.00M
XOR differences: 0
"output" in: xor.drc:86
    Polygons (raw): 0 (flat)  0 (hierarchical)
    Elapsed: 0.000s  Memory: 1244.00M
--- Running XOR for layer 93/44 ---
"input" in: xor.drc:109
    Polygons (raw): 96200 (flat)  179 (hierarchical)
    Elapsed: 0.000s  Memory: 1244.00M
"input" in: xor.drc:109
    Polygons (raw): 96200 (flat)  179 (hierarchical)
    Elapsed: 0.000s  Memory: 1244.00M
"^" in: xor.drc:109
    Polygons (raw): 0 (flat)  0 (hierarchical)
    Elapsed: 1.130s  Memory: 1284.00M
XOR differences: 0
"output" in: xor.drc:86
    Polygons (raw): 0 (flat)  0 (hierarchical)
    Elapsed: 0.010s  Memory: 1244.00M
--- Running XOR for layer 94/20 ---
"input" in: xor.drc:109
    Polygons (raw): 96200 (flat)  179 (hierarchical)
    Elapsed: 0.000s  Memory: 1244.00M
"input" in: xor.drc:109
    Polygons (raw): 96200 (flat)  179 (hierarchical)
    Elapsed: 0.000s  Memory: 1244.00M
"^" in: xor.drc:109
    Polygons (raw): 0 (flat)  0 (hierarchical)
    Elapsed: 1.330s  Memory: 1300.00M
XOR differences: 0
"output" in: xor.drc:86
    Polygons (raw): 0 (flat)  0 (hierarchical)
    Elapsed: 0.000s  Memory: 1244.00M
--- Running XOR for layer 95/20 ---
"input" in: xor.drc:109
    Polygons (raw): 57261 (flat)  190 (hierarchical)
    Elapsed: 0.000s  Memory: 1244.00M
"input" in: xor.drc:109
    Polygons (raw): 57261 (flat)  190 (hierarchical)
    Elapsed: 0.000s  Memory: 1244.00M
"^" in: xor.drc:109
    Polygons (raw): 0 (flat)  0 (hierarchical)
    Elapsed: 0.790s  Memory: 1260.00M
XOR differences: 0
"output" in: xor.drc:86
    Polygons (raw): 0 (flat)  0 (hierarchical)
    Elapsed: 0.000s  Memory: 1244.00M
---
Total XOR differences: 0
Writing report database: /mnt/d/APIC/FIR_Openlane/Lowpass/runs/RUN_2024-06-17_19-19-26/59-klayout-xor/xor.xml ..
Total elapsed: 47.620s  Memory: 1244.00M
/mnt/d/APIC/FIR_Openlane/Lowpass/runs/RUN_2024-06-17_19-19-26/55-magic-streamout/lowpass.magic.gds
/mnt/d/APIC/FIR_Openlane/Lowpass/runs/RUN_2024-06-17_19-19-26/56-klayout-streamout/lowpass.klayout.gds
%OL_METRIC_I design__xor_difference__count 0
