Reading OpenROAD database at '/mnt/d/APIC/FIR_Openlane/Highpass/runs/RUN_2024-06-17_12-54-12/36-openroad-globalrouting/highpass.odb'…
Reading library file at '/home/nurwiyoso14/.volare/volare/sky130/versions/bdc9412b3e468c102d01b7cf6337be06ec6e9c9a/sky130A/libs.ref/sky130_fd_sc_hd/lib/sky130_fd_sc_hd__tt_025C_1v80.lib'…
Reading design constraints file at '/nix/store/ly0xjc8f0gmgmckxcrs0bw8vqc9gf9bk-python3-3.11.6-env/lib/python3.11/site-packages/openlane/scripts/base.sdc'…
[INFO] Using clock clk…
[INFO] Setting output delay to: 5
[INFO] Setting input delay to: 5
[INFO] Setting load to: 0.033442
[INFO] Setting clock uncertainty to: 0.25
[INFO] Setting clock transition to: 0.1499999999999999944488848768742172978818416595458984375
[INFO] Setting timing derate to: 5%
%OL_CREATE_REPORT /mnt/d/APIC/FIR_Openlane/Highpass/runs/RUN_2024-06-17_12-54-12/37-openroad-checkantennas/reports/antenna.rpt
Net: _03231_
  Pin: _16027_/A (sky130_fd_sc_hd__nor2_1)
    Layer: li1
      Partial area ratio:    0.00
      Required ratio:    0.00 (Gate area) 
      Partial area ratio:    0.00
      Required ratio:   75.00 (Side area) 
      Cumulative area ratio:    0.00
      Required ratio:    0.00 (Cumulative area) 
      Cumulative area ratio:    0.00
      Required ratio:    0.00 (Cumulative side area) 

    Layer: met1
      Partial area ratio:    3.98
      Required ratio:    0.00 (Gate area) 
      Partial area ratio:   20.31
      Required ratio:  400.00 (Side area) 
      Cumulative area ratio:    3.98
      Required ratio:    0.00 (Cumulative area) 
      Cumulative area ratio:   20.31
      Required ratio:    0.00 (Cumulative side area) 

    Layer: met2
      Partial area ratio:   54.96
      Required ratio:    0.00 (Gate area) 
      Partial area ratio:  276.38
      Required ratio:  400.00 (Side area) 
      Cumulative area ratio:   58.94
      Required ratio:    0.00 (Cumulative area) 
      Cumulative area ratio:  296.69
      Required ratio:    0.00 (Cumulative side area) 

    Layer: met3
      Partial area ratio:   92.36
      Required ratio:    0.00 (Gate area) 
      Partial area ratio:  494.55
      Required ratio:  400.00 (Side area) (VIOLATED)
      Cumulative area ratio:  151.31
      Required ratio:    0.00 (Cumulative area) 
      Cumulative area ratio:  791.23
      Required ratio:    0.00 (Cumulative side area) 

    Via: L1M1_PR
      Partial area ratio:    0.12
      Required ratio:    3.00 (Gate area) 
      Cumulative area ratio:    0.12
      Required ratio:    0.00 (Cumulative area) 

    Via: M1M2_PR
      Partial area ratio:    0.09
      Required ratio:    6.00 (Gate area) 
      Cumulative area ratio:    0.21
      Required ratio:    0.00 (Cumulative area) 

    Via: M2M3_PR
      Partial area ratio:    0.16
      Required ratio:    6.00 (Gate area) 
      Cumulative area ratio:    0.37
      Required ratio:    0.00 (Cumulative area) 


Net: net342
  Pin: _14476_/B (sky130_fd_sc_hd__or2_1)
    Layer: met2
      Partial area ratio:  123.60
      Required ratio:    0.00 (Gate area) 
      Partial area ratio:  622.67
      Required ratio:  400.00 (Side area) (VIOLATED)
      Cumulative area ratio:  162.24
      Required ratio:    0.00 (Cumulative area) 
      Cumulative area ratio:  817.44
      Required ratio:    0.00 (Cumulative side area) 

    Layer: met1
      Partial area ratio:   38.64
      Required ratio:    0.00 (Gate area) 
      Partial area ratio:  194.78
      Required ratio:  400.00 (Side area) 
      Cumulative area ratio:   38.64
      Required ratio:    0.00 (Cumulative area) 
      Cumulative area ratio:  194.78
      Required ratio:    0.00 (Cumulative side area) 

    Layer: li1
      Partial area ratio:    0.00
      Required ratio:    0.00 (Gate area) 
      Partial area ratio:    0.00
      Required ratio:   75.00 (Side area) 
      Cumulative area ratio:    0.00
      Required ratio:    0.00 (Cumulative area) 
      Cumulative area ratio:    0.00
      Required ratio:    0.00 (Cumulative side area) 

    Via: M1M2_PR
      Partial area ratio:    0.36
      Required ratio:    6.00 (Gate area) 
      Cumulative area ratio:    0.59
      Required ratio:    0.00 (Cumulative area) 

    Via: L1M1_PR
      Partial area ratio:    0.23
      Required ratio:    3.00 (Gate area) 
      Cumulative area ratio:    0.23
      Required ratio:    0.00 (Cumulative area) 


Net: net365
  Pin: _17039_/B (sky130_fd_sc_hd__or2_1)
    Layer: met2
      Partial area ratio:  184.93
      Required ratio:    0.00 (Gate area) 
      Partial area ratio:  929.33
      Required ratio:  400.00 (Side area) (VIOLATED)
      Cumulative area ratio:  208.24
      Required ratio:    0.00 (Cumulative area) 
      Cumulative area ratio: 1047.44
      Required ratio:    0.00 (Cumulative side area) 

    Layer: met1
      Partial area ratio:   23.31
      Required ratio:    0.00 (Gate area) 
      Partial area ratio:  118.11
      Required ratio:  400.00 (Side area) 
      Cumulative area ratio:   23.31
      Required ratio:    0.00 (Cumulative area) 
      Cumulative area ratio:  118.11
      Required ratio:    0.00 (Cumulative side area) 

    Layer: li1
      Partial area ratio:    0.00
      Required ratio:    0.00 (Gate area) 
      Partial area ratio:    0.00
      Required ratio:   75.00 (Side area) 
      Cumulative area ratio:    0.00
      Required ratio:    0.00 (Cumulative area) 
      Cumulative area ratio:    0.00
      Required ratio:    0.00 (Cumulative side area) 

    Via: M1M2_PR
      Partial area ratio:    0.18
      Required ratio:    6.00 (Gate area) 
      Cumulative area ratio:    0.41
      Required ratio:    0.00 (Cumulative area) 

    Via: L1M1_PR
      Partial area ratio:    0.23
      Required ratio:    3.00 (Gate area) 
      Cumulative area ratio:    0.23
      Required ratio:    0.00 (Cumulative area) 


Net: net518
  Pin: _11342_/B (sky130_fd_sc_hd__and2_4)
    Layer: li1
      Partial area ratio:    0.00
      Required ratio:    0.00 (Gate area) 
      Partial area ratio:    0.00
      Required ratio:   75.00 (Side area) 
      Cumulative area ratio:    0.00
      Required ratio:    0.00 (Cumulative area) 
      Cumulative area ratio:    0.00
      Required ratio:    0.00 (Cumulative side area) 

    Layer: met1
      Partial area ratio:   19.67
      Required ratio:    0.00 (Gate area) 
      Partial area ratio:   99.16
      Required ratio:  400.00 (Side area) 
      Cumulative area ratio:   19.67
      Required ratio:    0.00 (Cumulative area) 
      Cumulative area ratio:   99.16
      Required ratio:    0.00 (Cumulative side area) 

    Layer: met2
      Partial area ratio:   39.43
      Required ratio:    0.00 (Gate area) 
      Partial area ratio:  199.11
      Required ratio:  400.00 (Side area) 
      Cumulative area ratio:   59.10
      Required ratio:    0.00 (Cumulative area) 
      Cumulative area ratio:  298.27
      Required ratio:    0.00 (Cumulative side area) 

    Layer: met3
      Partial area ratio:    0.00
      Required ratio:    0.00 (Gate area) 
      Partial area ratio:    0.00
      Required ratio:  400.00 (Side area) 
      Cumulative area ratio:   59.10
      Required ratio:    0.00 (Cumulative area) 
      Cumulative area ratio:  298.27
      Required ratio:    0.00 (Cumulative side area) 

    Layer: met4
      Partial area ratio:   84.00
      Required ratio:    0.00 (Gate area) 
      Partial area ratio:  449.94
      Required ratio:  400.00 (Side area) (VIOLATED)
      Cumulative area ratio:  143.10
      Required ratio:    0.00 (Cumulative area) 
      Cumulative area ratio:  748.21
      Required ratio:    0.00 (Cumulative side area) 

    Via: L1M1_PR
      Partial area ratio:    0.12
      Required ratio:    3.00 (Gate area) 
      Cumulative area ratio:    0.12
      Required ratio:    0.00 (Cumulative area) 

    Via: M1M2_PR
      Partial area ratio:    0.18
      Required ratio:    6.00 (Gate area) 
      Cumulative area ratio:    0.30
      Required ratio:    0.00 (Cumulative area) 

    Via: M2M3_PR
      Partial area ratio:    0.16
      Required ratio:    6.00 (Gate area) 
      Cumulative area ratio:    0.46
      Required ratio:    0.00 (Cumulative area) 

    Via: M3M4_PR
      Partial area ratio:    0.16
      Required ratio:    6.00 (Gate area) 
      Cumulative area ratio:    0.62
      Required ratio:    0.00 (Cumulative area) 


[INFO ANT-0002] Found 4 net violations.
[INFO ANT-0001] Found 4 pin violations.
%OL_END_REPORT
