
===========================================================================
report_checks -unconstrained
===========================================================================
======================= min_ff_n40C_1v95 Corner ===================================

Startpoint: input_data[17] (input port clocked by clk)
Endpoint: _41568_ (rising edge-triggered flip-flop clocked by clk)
Path Group: clk
Path Type: max

Fanout         Cap        Slew       Delay        Time   Description
---------------------------------------------------------------------------------------------
                                  0.000000    0.000000   clock clk (rise edge)
                                  0.000000    0.000000   clock network delay (propagated)
                                  5.000000    5.000000 ^ input external delay
     2    0.004060    0.018428    0.010528    5.010528 ^ input_data[17] (in)
                                                         input_data[17] (net)
                      0.018428    0.000000    5.010528 ^ input87/A (sky130_fd_sc_hd__clkbuf_2)
     2    0.031816    0.135438    0.134058    5.144586 ^ input87/X (sky130_fd_sc_hd__clkbuf_2)
                                                         net87 (net)
                      0.135572    0.003467    5.148053 ^ wire540/A (sky130_fd_sc_hd__buf_4)
     5    0.065532    0.138438    0.170617    5.318670 ^ wire540/X (sky130_fd_sc_hd__buf_4)
                                                         net540 (net)
                      0.138586    0.003714    5.322384 ^ fanout538/A (sky130_fd_sc_hd__clkbuf_2)
     8    0.036684    0.155000    0.175286    5.497670 ^ fanout538/X (sky130_fd_sc_hd__clkbuf_2)
                                                         net538 (net)
                      0.155035    0.001934    5.499604 ^ wire539/A (sky130_fd_sc_hd__clkbuf_4)
     6    0.082120    0.188775    0.224281    5.723885 ^ wire539/X (sky130_fd_sc_hd__clkbuf_4)
                                                         net539 (net)
                      0.189405    0.008928    5.732812 ^ fanout537/A (sky130_fd_sc_hd__clkbuf_8)
    20    0.103195    0.140009    0.191128    5.923940 ^ fanout537/X (sky130_fd_sc_hd__clkbuf_8)
                                                         net537 (net)
                      0.142167    0.013842    5.937782 ^ _20787_/A (sky130_fd_sc_hd__inv_2)
     1    0.008729    0.038519    0.029135    5.966917 v _20787_/Y (sky130_fd_sc_hd__inv_2)
                                                         _12699_ (net)
                      0.038522    0.000310    5.967227 v fanout504/A (sky130_fd_sc_hd__buf_1)
     3    0.008290    0.038207    0.077237    6.044464 v fanout504/X (sky130_fd_sc_hd__buf_1)
                                                         net504 (net)
                      0.038207    0.000092    6.044556 v wire505/A (sky130_fd_sc_hd__buf_4)
     8    0.114276    0.103881    0.163307    6.207863 v wire505/X (sky130_fd_sc_hd__buf_4)
                                                         net505 (net)
                      0.105464    0.010250    6.218113 v fanout503/A (sky130_fd_sc_hd__buf_4)
    20    0.077226    0.074344    0.172491    6.390604 v fanout503/X (sky130_fd_sc_hd__buf_4)
                                                         net503 (net)
                      0.074509    0.002837    6.393441 v _22773_/A (sky130_fd_sc_hd__xnor2_4)
     6    0.039033    0.246578    0.240017    6.633459 ^ _22773_/Y (sky130_fd_sc_hd__xnor2_4)
                                                         _12291_ (net)
                      0.246587    0.001161    6.634619 ^ _22774_/A (sky130_fd_sc_hd__inv_2)
     3    0.029404    0.089610    0.076304    6.710923 v _22774_/Y (sky130_fd_sc_hd__inv_2)
                                                         _12292_ (net)
                      0.089612    0.000306    6.711229 v _22778_/A (sky130_fd_sc_hd__xnor2_4)
     3    0.031453    0.077439    0.147426    6.858655 v _22778_/Y (sky130_fd_sc_hd__xnor2_4)
                                                         _12296_ (net)
                      0.077440    0.000275    6.858930 v _23747_/A2 (sky130_fd_sc_hd__a21oi_4)
    14    0.051874    0.284979    0.268423    7.127353 ^ _23747_/Y (sky130_fd_sc_hd__a21oi_4)
                                                         _13332_ (net)
                      0.285006    0.002267    7.129620 ^ _25775_/A_N (sky130_fd_sc_hd__and2b_1)
     4    0.015072    0.059413    0.158822    7.288442 v _25775_/X (sky130_fd_sc_hd__and2b_1)
                                                         _15560_ (net)
                      0.059417    0.000400    7.288842 v _27266_/A (sky130_fd_sc_hd__or4bb_2)
     3    0.016540    0.094467    0.408716    7.697558 v _27266_/X (sky130_fd_sc_hd__or4bb_2)
                                                         _17198_ (net)
                      0.094467    0.000458    7.698017 v _29056_/A (sky130_fd_sc_hd__nor2_2)
     3    0.026751    0.217065    0.212579    7.910596 ^ _29056_/Y (sky130_fd_sc_hd__nor2_2)
                                                         _19166_ (net)
                      0.217067    0.000655    7.911251 ^ _30808_/A (sky130_fd_sc_hd__xnor2_2)
     6    0.032100    0.116631    0.122203    8.033453 v _30808_/Y (sky130_fd_sc_hd__xnor2_2)
                                                         _00330_ (net)
                      0.116766    0.002783    8.036236 v _30836_/A (sky130_fd_sc_hd__or3_1)
     2    0.006503    0.056643    0.251502    8.287738 v _30836_/X (sky130_fd_sc_hd__or3_1)
                                                         _00361_ (net)
                      0.056643    0.000067    8.287805 v _30839_/A (sky130_fd_sc_hd__and2_1)
     1    0.009686    0.044934    0.114636    8.402441 v _30839_/X (sky130_fd_sc_hd__and2_1)
                                                         _00364_ (net)
                      0.044935    0.000150    8.402591 v _30840_/B (sky130_fd_sc_hd__xnor2_2)
     2    0.013863    0.060145    0.105254    8.507845 v _30840_/Y (sky130_fd_sc_hd__xnor2_2)
                                                         _00365_ (net)
                      0.060148    0.000324    8.508169 v _30843_/A (sky130_fd_sc_hd__xnor2_2)
     4    0.032442    0.322208    0.283713    8.791883 ^ _30843_/Y (sky130_fd_sc_hd__xnor2_2)
                                                         _00369_ (net)
                      0.322241    0.002680    8.794561 ^ _30844_/B (sky130_fd_sc_hd__xor2_1)
     2    0.009761    0.169706    0.153439    8.948001 ^ _30844_/X (sky130_fd_sc_hd__xor2_1)
                                                         _00370_ (net)
                      0.169706    0.000149    8.948150 ^ _30847_/A (sky130_fd_sc_hd__xnor2_1)
     2    0.010424    0.074364    0.087469    9.035619 v _30847_/Y (sky130_fd_sc_hd__xnor2_1)
                                                         _00373_ (net)
                      0.074364    0.000151    9.035769 v _30848_/B (sky130_fd_sc_hd__xnor2_1)
     2    0.009338    0.172448    0.169998    9.205768 ^ _30848_/Y (sky130_fd_sc_hd__xnor2_1)
                                                         _00374_ (net)
                      0.172448    0.000165    9.205934 ^ _30851_/A (sky130_fd_sc_hd__xor2_1)
     2    0.009922    0.171767    0.163230    9.369164 ^ _30851_/X (sky130_fd_sc_hd__xor2_1)
                                                         _00377_ (net)
                      0.171767    0.000107    9.369271 ^ _30852_/B (sky130_fd_sc_hd__xor2_1)
     2    0.009679    0.168417    0.158528    9.527800 ^ _30852_/X (sky130_fd_sc_hd__xor2_1)
                                                         _00379_ (net)
                      0.168417    0.000195    9.527994 ^ _30855_/A (sky130_fd_sc_hd__xnor2_1)
     2    0.008844    0.067856    0.080783    9.608777 v _30855_/Y (sky130_fd_sc_hd__xnor2_1)
                                                         _00382_ (net)
                      0.067856    0.000114    9.608891 v _30856_/B (sky130_fd_sc_hd__xnor2_1)
     2    0.008965    0.167201    0.163586    9.772477 ^ _30856_/Y (sky130_fd_sc_hd__xnor2_1)
                                                         _00383_ (net)
                      0.167201    0.000135    9.772613 ^ _30859_/A (sky130_fd_sc_hd__xor2_1)
     2    0.008547    0.153695    0.149742    9.922354 ^ _30859_/X (sky130_fd_sc_hd__xor2_1)
                                                         _00386_ (net)
                      0.153695    0.000129    9.922482 ^ _30860_/B (sky130_fd_sc_hd__xnor2_1)
     2    0.006226    0.055619    0.062208    9.984691 v _30860_/Y (sky130_fd_sc_hd__xnor2_1)
                                                         _00387_ (net)
                      0.055619    0.000078    9.984769 v _30862_/A (sky130_fd_sc_hd__nor2_1)
     2    0.005929    0.090183    0.100520   10.085288 ^ _30862_/Y (sky130_fd_sc_hd__nor2_1)
                                                         _00390_ (net)
                      0.090183    0.000044   10.085332 ^ _30864_/A_N (sky130_fd_sc_hd__and2b_1)
     1    0.005387    0.032137    0.122208   10.207540 v _30864_/X (sky130_fd_sc_hd__and2b_1)
                                                         _00392_ (net)
                      0.032137    0.000061   10.207602 v _30865_/B (sky130_fd_sc_hd__xnor2_1)
     2    0.008333    0.158267    0.144073   10.351674 ^ _30865_/Y (sky130_fd_sc_hd__xnor2_1)
                                                         _00393_ (net)
                      0.158267    0.000111   10.351786 ^ _30868_/A (sky130_fd_sc_hd__xor2_1)
     2    0.007366    0.059961    0.070675   10.422461 v _30868_/X (sky130_fd_sc_hd__xor2_1)
                                                         _00396_ (net)
                      0.059961    0.000071   10.422531 v _30869_/B1 (sky130_fd_sc_hd__a21o_1)
     4    0.014661    0.057247    0.110450   10.532982 v _30869_/X (sky130_fd_sc_hd__a21o_1)
                                                         _00397_ (net)
                      0.057252    0.000426   10.533408 v _32847_/A2 (sky130_fd_sc_hd__a21o_1)
     2    0.008775    0.041747    0.139084   10.672493 v _32847_/X (sky130_fd_sc_hd__a21o_1)
                                                         _02572_ (net)
                      0.041748    0.000227   10.672720 v _34969_/A2 (sky130_fd_sc_hd__a21o_1)
     3    0.012404    0.050923    0.143874   10.816594 v _34969_/X (sky130_fd_sc_hd__a21o_1)
                                                         _04905_ (net)
                      0.050925    0.000274   10.816869 v _37120_/A2 (sky130_fd_sc_hd__a21o_1)
     3    0.010188    0.045478    0.141384   10.958252 v _37120_/X (sky130_fd_sc_hd__a21o_1)
                                                         _07269_ (net)
                      0.045479    0.000177   10.958429 v _39323_/A2 (sky130_fd_sc_hd__a21o_1)
     3    0.008651    0.041296    0.134484   11.092913 v _39323_/X (sky130_fd_sc_hd__a21o_1)
                                                         _09692_ (net)
                      0.041296    0.000095   11.093008 v _39325_/A1 (sky130_fd_sc_hd__a21oi_1)
     1    0.004884    0.103789    0.104317   11.197325 ^ _39325_/Y (sky130_fd_sc_hd__a21oi_1)
                                                         _09694_ (net)
                      0.103789    0.000083   11.197408 ^ _39514_/A3 (sky130_fd_sc_hd__o31ai_1)
     1    0.007455    0.055673    0.063030   11.260438 v _39514_/Y (sky130_fd_sc_hd__o31ai_1)
                                                         _09902_ (net)
                      0.055675    0.000208   11.260646 v _39679_/B (sky130_fd_sc_hd__and3_1)
     2    0.023396    0.086765    0.169106   11.429751 v _39679_/X (sky130_fd_sc_hd__and3_1)
                                                         _10083_ (net)
                      0.086779    0.000933   11.430684 v _39882_/A2 (sky130_fd_sc_hd__o311a_1)
     2    0.025331    0.105613    0.293034   11.723719 v _39882_/X (sky130_fd_sc_hd__o311a_1)
                                                         _10307_ (net)
                      0.105669    0.002058   11.725777 v _40082_/A1 (sky130_fd_sc_hd__o211a_1)
     1    0.004920    0.034772    0.170744   11.896521 v _40082_/X (sky130_fd_sc_hd__o211a_1)
                                                         _10527_ (net)
                      0.034772    0.000123   11.896643 v _40169_/A1_N (sky130_fd_sc_hd__a2bb2o_1)
     1    0.002610    0.033870    0.153340   12.049983 ^ _40169_/X (sky130_fd_sc_hd__a2bb2o_1)
                                                         _10622_ (net)
                      0.033870    0.000011   12.049994 ^ _40170_/B (sky130_fd_sc_hd__nand2_1)
     1    0.003858    0.032311    0.032252   12.082245 v _40170_/Y (sky130_fd_sc_hd__nand2_1)
                                                         _10623_ (net)
                      0.032311    0.000050   12.082294 v _40177_/A2 (sky130_fd_sc_hd__a32o_1)
     1    0.003392    0.029378    0.126994   12.209289 v _40177_/X (sky130_fd_sc_hd__a32o_1)
                                                         _00014_ (net)
                      0.029378    0.000048   12.209337 v _41568_/D (sky130_fd_sc_hd__dfxtp_1)
                                             12.209337   data arrival time

                                 25.000000   25.000000   clock clk (rise edge)
                                  0.000000   25.000000   clock source latency
     2    0.146613    0.492806    0.347512   25.347511 ^ clk (in)
                                                         clk (net)
                      0.493298    0.000000   25.347511 ^ clkbuf_0_clk/A (sky130_fd_sc_hd__clkbuf_16)
     4    0.032842    0.051928    0.146748   25.494261 ^ clkbuf_0_clk/X (sky130_fd_sc_hd__clkbuf_16)
                                                         clknet_0_clk (net)
                      0.051931    0.000705   25.494965 ^ clkbuf_1_1__f_clk/A (sky130_fd_sc_hd__clkbuf_16)
    16    0.052616    0.054087    0.109742   25.604706 ^ clkbuf_1_1__f_clk/X (sky130_fd_sc_hd__clkbuf_16)
                                                         clknet_1_1__leaf_clk (net)
                      0.054128    0.001149   25.605856 ^ _41568_/CLK (sky130_fd_sc_hd__dfxtp_1)
                                 -0.250000   25.355856   clock uncertainty
                                  0.000000   25.355856   clock reconvergence pessimism
                                 -0.066938   25.288918   library setup time
                                             25.288918   data required time
---------------------------------------------------------------------------------------------
                                             25.288918   data required time
                                            -12.209337   data arrival time
---------------------------------------------------------------------------------------------
                                             13.079581   slack (MET)




===========================================================================
report_checks --slack_max -0.01
============================================================================
======================= min_ff_n40C_1v95 Corner ===================================

No paths found.


===========================================================================
 report_check_types -max_slew -max_cap -max_fanout -violators
============================================================================
======================= min_ff_n40C_1v95 Corner ===================================

max fanout

Pin                                   Limit Fanout  Slack
---------------------------------------------------------
_20789_/Y                                10     20    -10 (VIOLATED)
_20799_/Y                                10     20    -10 (VIOLATED)
_20906_/Y                                10     20    -10 (VIOLATED)
_21566_/Y                                10     20    -10 (VIOLATED)
_21599_/Y                                10     20    -10 (VIOLATED)
_21949_/Y                                10     20    -10 (VIOLATED)
_22288_/Y                                10     20    -10 (VIOLATED)
_23075_/X                                10     20    -10 (VIOLATED)
_23505_/X                                10     20    -10 (VIOLATED)
_24616_/Y                                10     20    -10 (VIOLATED)
_24617_/Y                                10     20    -10 (VIOLATED)
_25008_/Y                                10     20    -10 (VIOLATED)
_25784_/X                                10     20    -10 (VIOLATED)
_25951_/Y                                10     20    -10 (VIOLATED)
_27275_/X                                10     20    -10 (VIOLATED)
_27701_/X                                10     20    -10 (VIOLATED)
_30818_/Y                                10     20    -10 (VIOLATED)
fanout1003/X                             10     20    -10 (VIOLATED)
fanout1005/X                             10     20    -10 (VIOLATED)
fanout1009/X                             10     20    -10 (VIOLATED)
fanout1014/X                             10     20    -10 (VIOLATED)
fanout1018/X                             10     20    -10 (VIOLATED)
fanout1023/X                             10     20    -10 (VIOLATED)
fanout1036/X                             10     20    -10 (VIOLATED)
fanout1040/X                             10     20    -10 (VIOLATED)
fanout1041/X                             10     20    -10 (VIOLATED)
fanout1042/X                             10     20    -10 (VIOLATED)
fanout1048/X                             10     20    -10 (VIOLATED)
fanout1049/X                             10     20    -10 (VIOLATED)
fanout1054/X                             10     20    -10 (VIOLATED)
fanout1055/X                             10     20    -10 (VIOLATED)
fanout1056/X                             10     20    -10 (VIOLATED)
fanout1061/X                             10     20    -10 (VIOLATED)
fanout1063/X                             10     20    -10 (VIOLATED)
fanout1065/X                             10     20    -10 (VIOLATED)
fanout1066/X                             10     20    -10 (VIOLATED)
fanout1067/X                             10     20    -10 (VIOLATED)
fanout1071/X                             10     20    -10 (VIOLATED)
fanout1072/X                             10     20    -10 (VIOLATED)
fanout1074/X                             10     20    -10 (VIOLATED)
fanout1079/X                             10     20    -10 (VIOLATED)
fanout1082/X                             10     20    -10 (VIOLATED)
fanout1083/X                             10     20    -10 (VIOLATED)
fanout1088/X                             10     20    -10 (VIOLATED)
fanout1091/X                             10     20    -10 (VIOLATED)
fanout1093/X                             10     20    -10 (VIOLATED)
fanout1099/X                             10     20    -10 (VIOLATED)
fanout1100/X                             10     20    -10 (VIOLATED)
fanout1105/X                             10     20    -10 (VIOLATED)
fanout1109/X                             10     20    -10 (VIOLATED)
fanout1111/X                             10     20    -10 (VIOLATED)
fanout1115/X                             10     20    -10 (VIOLATED)
fanout1125/X                             10     20    -10 (VIOLATED)
fanout1132/X                             10     20    -10 (VIOLATED)
fanout1138/X                             10     20    -10 (VIOLATED)
fanout1139/X                             10     20    -10 (VIOLATED)
fanout1145/X                             10     20    -10 (VIOLATED)
fanout1154/X                             10     20    -10 (VIOLATED)
fanout1155/X                             10     20    -10 (VIOLATED)
fanout1162/X                             10     20    -10 (VIOLATED)
fanout1165/X                             10     20    -10 (VIOLATED)
fanout1169/X                             10     20    -10 (VIOLATED)
fanout1171/X                             10     20    -10 (VIOLATED)
fanout1172/X                             10     20    -10 (VIOLATED)
fanout1183/X                             10     20    -10 (VIOLATED)
fanout1184/X                             10     20    -10 (VIOLATED)
fanout1193/X                             10     20    -10 (VIOLATED)
fanout1194/X                             10     20    -10 (VIOLATED)
fanout1196/X                             10     20    -10 (VIOLATED)
fanout1222/X                             10     20    -10 (VIOLATED)
fanout1225/X                             10     20    -10 (VIOLATED)
fanout1241/X                             10     20    -10 (VIOLATED)
fanout1244/X                             10     20    -10 (VIOLATED)
fanout1245/X                             10     20    -10 (VIOLATED)
fanout334/X                              10     20    -10 (VIOLATED)
fanout338/X                              10     20    -10 (VIOLATED)
fanout339/X                              10     20    -10 (VIOLATED)
fanout340/X                              10     20    -10 (VIOLATED)
fanout341/X                              10     20    -10 (VIOLATED)
fanout342/X                              10     20    -10 (VIOLATED)
fanout343/X                              10     20    -10 (VIOLATED)
fanout350/X                              10     20    -10 (VIOLATED)
fanout352/X                              10     20    -10 (VIOLATED)
fanout354/X                              10     20    -10 (VIOLATED)
fanout355/X                              10     20    -10 (VIOLATED)
fanout357/X                              10     20    -10 (VIOLATED)
fanout359/X                              10     20    -10 (VIOLATED)
fanout361/X                              10     20    -10 (VIOLATED)
fanout363/X                              10     20    -10 (VIOLATED)
fanout365/X                              10     20    -10 (VIOLATED)
fanout366/X                              10     20    -10 (VIOLATED)
fanout367/X                              10     20    -10 (VIOLATED)
fanout368/X                              10     20    -10 (VIOLATED)
fanout370/X                              10     20    -10 (VIOLATED)
fanout377/X                              10     20    -10 (VIOLATED)
fanout378/X                              10     20    -10 (VIOLATED)
fanout379/X                              10     20    -10 (VIOLATED)
fanout380/X                              10     20    -10 (VIOLATED)
fanout381/X                              10     20    -10 (VIOLATED)
fanout382/X                              10     20    -10 (VIOLATED)
fanout383/X                              10     20    -10 (VIOLATED)
fanout385/X                              10     20    -10 (VIOLATED)
fanout397/X                              10     20    -10 (VIOLATED)
fanout398/X                              10     20    -10 (VIOLATED)
fanout399/X                              10     20    -10 (VIOLATED)
fanout401/X                              10     20    -10 (VIOLATED)
fanout406/X                              10     20    -10 (VIOLATED)
fanout408/X                              10     20    -10 (VIOLATED)
fanout410/X                              10     20    -10 (VIOLATED)
fanout412/X                              10     20    -10 (VIOLATED)
fanout415/X                              10     20    -10 (VIOLATED)
fanout417/X                              10     20    -10 (VIOLATED)
fanout419/X                              10     20    -10 (VIOLATED)
fanout421/X                              10     20    -10 (VIOLATED)
fanout423/X                              10     20    -10 (VIOLATED)
fanout425/X                              10     20    -10 (VIOLATED)
fanout429/X                              10     20    -10 (VIOLATED)
fanout431/X                              10     20    -10 (VIOLATED)
fanout433/X                              10     20    -10 (VIOLATED)
fanout444/X                              10     20    -10 (VIOLATED)
fanout446/X                              10     20    -10 (VIOLATED)
fanout448/X                              10     20    -10 (VIOLATED)
fanout449/X                              10     20    -10 (VIOLATED)
fanout450/X                              10     20    -10 (VIOLATED)
fanout451/X                              10     20    -10 (VIOLATED)
fanout452/X                              10     20    -10 (VIOLATED)
fanout453/X                              10     20    -10 (VIOLATED)
fanout454/X                              10     20    -10 (VIOLATED)
fanout456/X                              10     20    -10 (VIOLATED)
fanout458/X                              10     20    -10 (VIOLATED)
fanout459/X                              10     20    -10 (VIOLATED)
fanout460/X                              10     20    -10 (VIOLATED)
fanout461/X                              10     20    -10 (VIOLATED)
fanout463/X                              10     20    -10 (VIOLATED)
fanout464/X                              10     20    -10 (VIOLATED)
fanout466/X                              10     20    -10 (VIOLATED)
fanout467/X                              10     20    -10 (VIOLATED)
fanout468/X                              10     20    -10 (VIOLATED)
fanout469/X                              10     20    -10 (VIOLATED)
fanout470/X                              10     20    -10 (VIOLATED)
fanout473/X                              10     20    -10 (VIOLATED)
fanout474/X                              10     20    -10 (VIOLATED)
fanout478/X                              10     20    -10 (VIOLATED)
fanout481/X                              10     20    -10 (VIOLATED)
fanout484/X                              10     20    -10 (VIOLATED)
fanout486/X                              10     20    -10 (VIOLATED)
fanout489/X                              10     20    -10 (VIOLATED)
fanout495/X                              10     20    -10 (VIOLATED)
fanout500/X                              10     20    -10 (VIOLATED)
fanout503/X                              10     20    -10 (VIOLATED)
fanout516/X                              10     20    -10 (VIOLATED)
fanout522/X                              10     20    -10 (VIOLATED)
fanout524/X                              10     20    -10 (VIOLATED)
fanout526/X                              10     20    -10 (VIOLATED)
fanout528/X                              10     20    -10 (VIOLATED)
fanout530/X                              10     20    -10 (VIOLATED)
fanout532/X                              10     20    -10 (VIOLATED)
fanout534/X                              10     20    -10 (VIOLATED)
fanout536/X                              10     20    -10 (VIOLATED)
fanout537/X                              10     20    -10 (VIOLATED)
fanout541/X                              10     20    -10 (VIOLATED)
fanout553/X                              10     20    -10 (VIOLATED)
fanout558/X                              10     20    -10 (VIOLATED)
fanout562/X                              10     20    -10 (VIOLATED)
fanout563/X                              10     20    -10 (VIOLATED)
fanout565/X                              10     20    -10 (VIOLATED)
fanout585/X                              10     20    -10 (VIOLATED)
fanout592/X                              10     20    -10 (VIOLATED)
fanout594/X                              10     20    -10 (VIOLATED)
fanout598/X                              10     20    -10 (VIOLATED)
fanout602/X                              10     20    -10 (VIOLATED)
fanout605/X                              10     20    -10 (VIOLATED)
fanout610/X                              10     20    -10 (VIOLATED)
fanout611/X                              10     20    -10 (VIOLATED)
fanout614/X                              10     20    -10 (VIOLATED)
fanout615/X                              10     20    -10 (VIOLATED)
fanout620/X                              10     20    -10 (VIOLATED)
fanout623/X                              10     20    -10 (VIOLATED)
fanout626/X                              10     20    -10 (VIOLATED)
fanout629/X                              10     20    -10 (VIOLATED)
fanout632/X                              10     20    -10 (VIOLATED)
fanout633/X                              10     20    -10 (VIOLATED)
fanout635/X                              10     20    -10 (VIOLATED)
fanout636/X                              10     20    -10 (VIOLATED)
fanout637/X                              10     20    -10 (VIOLATED)
fanout640/X                              10     20    -10 (VIOLATED)
fanout641/X                              10     20    -10 (VIOLATED)
fanout642/X                              10     20    -10 (VIOLATED)
fanout644/X                              10     20    -10 (VIOLATED)
fanout660/X                              10     20    -10 (VIOLATED)
fanout666/X                              10     20    -10 (VIOLATED)
fanout670/X                              10     20    -10 (VIOLATED)
fanout673/X                              10     20    -10 (VIOLATED)
fanout680/X                              10     20    -10 (VIOLATED)
fanout683/X                              10     20    -10 (VIOLATED)
fanout686/X                              10     20    -10 (VIOLATED)
fanout689/X                              10     20    -10 (VIOLATED)
fanout692/X                              10     20    -10 (VIOLATED)
fanout695/X                              10     20    -10 (VIOLATED)
fanout698/X                              10     20    -10 (VIOLATED)
fanout700/X                              10     20    -10 (VIOLATED)
fanout702/X                              10     20    -10 (VIOLATED)
fanout708/X                              10     20    -10 (VIOLATED)
fanout709/X                              10     20    -10 (VIOLATED)
fanout713/X                              10     20    -10 (VIOLATED)
fanout714/X                              10     20    -10 (VIOLATED)
fanout716/X                              10     20    -10 (VIOLATED)
fanout719/X                              10     20    -10 (VIOLATED)
fanout722/X                              10     20    -10 (VIOLATED)
fanout726/X                              10     20    -10 (VIOLATED)
fanout727/X                              10     20    -10 (VIOLATED)
fanout731/X                              10     20    -10 (VIOLATED)
fanout736/X                              10     20    -10 (VIOLATED)
fanout741/X                              10     20    -10 (VIOLATED)
fanout744/X                              10     20    -10 (VIOLATED)
fanout745/X                              10     20    -10 (VIOLATED)
fanout748/X                              10     20    -10 (VIOLATED)
fanout751/X                              10     20    -10 (VIOLATED)
fanout755/X                              10     20    -10 (VIOLATED)
fanout759/X                              10     20    -10 (VIOLATED)
fanout761/X                              10     20    -10 (VIOLATED)
fanout764/X                              10     20    -10 (VIOLATED)
fanout772/X                              10     20    -10 (VIOLATED)
fanout773/X                              10     20    -10 (VIOLATED)
fanout776/X                              10     20    -10 (VIOLATED)
fanout777/X                              10     20    -10 (VIOLATED)
fanout788/X                              10     20    -10 (VIOLATED)
fanout790/X                              10     20    -10 (VIOLATED)
fanout791/X                              10     20    -10 (VIOLATED)
fanout792/X                              10     20    -10 (VIOLATED)
fanout793/X                              10     20    -10 (VIOLATED)
fanout794/X                              10     20    -10 (VIOLATED)
fanout796/X                              10     20    -10 (VIOLATED)
fanout797/X                              10     20    -10 (VIOLATED)
fanout798/X                              10     20    -10 (VIOLATED)
fanout802/X                              10     20    -10 (VIOLATED)
fanout810/X                              10     20    -10 (VIOLATED)
fanout811/X                              10     20    -10 (VIOLATED)
fanout813/X                              10     20    -10 (VIOLATED)
fanout817/X                              10     20    -10 (VIOLATED)
fanout821/X                              10     20    -10 (VIOLATED)
fanout823/X                              10     20    -10 (VIOLATED)
fanout829/X                              10     20    -10 (VIOLATED)
fanout832/X                              10     20    -10 (VIOLATED)
fanout837/X                              10     20    -10 (VIOLATED)
fanout839/X                              10     20    -10 (VIOLATED)
fanout840/X                              10     20    -10 (VIOLATED)
fanout848/X                              10     20    -10 (VIOLATED)
fanout850/X                              10     20    -10 (VIOLATED)
fanout851/X                              10     20    -10 (VIOLATED)
fanout853/X                              10     20    -10 (VIOLATED)
fanout863/X                              10     20    -10 (VIOLATED)
fanout865/X                              10     20    -10 (VIOLATED)
fanout866/X                              10     20    -10 (VIOLATED)
fanout867/X                              10     20    -10 (VIOLATED)
fanout873/X                              10     20    -10 (VIOLATED)
fanout876/X                              10     20    -10 (VIOLATED)
fanout878/X                              10     20    -10 (VIOLATED)
fanout879/X                              10     20    -10 (VIOLATED)
fanout882/X                              10     20    -10 (VIOLATED)
fanout885/X                              10     20    -10 (VIOLATED)
fanout886/X                              10     20    -10 (VIOLATED)
fanout889/X                              10     20    -10 (VIOLATED)
fanout897/X                              10     20    -10 (VIOLATED)
fanout904/X                              10     20    -10 (VIOLATED)
fanout908/X                              10     20    -10 (VIOLATED)
fanout912/X                              10     20    -10 (VIOLATED)
fanout922/X                              10     20    -10 (VIOLATED)
fanout926/X                              10     20    -10 (VIOLATED)
fanout929/X                              10     20    -10 (VIOLATED)
fanout932/X                              10     20    -10 (VIOLATED)
fanout934/X                              10     20    -10 (VIOLATED)
fanout935/X                              10     20    -10 (VIOLATED)
fanout936/X                              10     20    -10 (VIOLATED)
fanout937/X                              10     20    -10 (VIOLATED)
fanout939/X                              10     20    -10 (VIOLATED)
fanout940/X                              10     20    -10 (VIOLATED)
fanout943/X                              10     20    -10 (VIOLATED)
fanout946/X                              10     20    -10 (VIOLATED)
fanout948/X                              10     20    -10 (VIOLATED)
fanout949/X                              10     20    -10 (VIOLATED)
fanout951/X                              10     20    -10 (VIOLATED)
fanout952/X                              10     20    -10 (VIOLATED)
fanout953/X                              10     20    -10 (VIOLATED)
fanout957/X                              10     20    -10 (VIOLATED)
fanout958/X                              10     20    -10 (VIOLATED)
fanout960/X                              10     20    -10 (VIOLATED)
fanout961/X                              10     20    -10 (VIOLATED)
fanout962/X                              10     20    -10 (VIOLATED)
fanout964/X                              10     20    -10 (VIOLATED)
fanout968/X                              10     20    -10 (VIOLATED)
fanout974/X                              10     20    -10 (VIOLATED)
fanout975/X                              10     20    -10 (VIOLATED)
fanout978/X                              10     20    -10 (VIOLATED)
fanout979/X                              10     20    -10 (VIOLATED)
fanout980/X                              10     20    -10 (VIOLATED)
fanout982/X                              10     20    -10 (VIOLATED)
input95/X                                10     20    -10 (VIOLATED)
wire1192/X                               10     20    -10 (VIOLATED)
wire1215/X                               10     20    -10 (VIOLATED)
wire1238/X                               10     20    -10 (VIOLATED)
wire1240/X                               10     20    -10 (VIOLATED)
fanout625/X                              10     19     -9 (VIOLATED)
_20800_/Y                                10     18     -8 (VIOLATED)
_20816_/Y                                10     18     -8 (VIOLATED)
_20849_/Y                                10     18     -8 (VIOLATED)
_20956_/Y                                10     18     -8 (VIOLATED)
_21228_/X                                10     18     -8 (VIOLATED)
_21330_/X                                10     18     -8 (VIOLATED)
_21331_/Y                                10     18     -8 (VIOLATED)
_21798_/Y                                10     18     -8 (VIOLATED)
_22306_/Y                                10     18     -8 (VIOLATED)
_22386_/Y                                10     18     -8 (VIOLATED)
_22404_/X                                10     18     -8 (VIOLATED)
_22546_/X                                10     18     -8 (VIOLATED)
_22597_/Y                                10     18     -8 (VIOLATED)
_22943_/Y                                10     18     -8 (VIOLATED)
_22990_/X                                10     18     -8 (VIOLATED)
_23933_/Y                                10     18     -8 (VIOLATED)
_23934_/X                                10     18     -8 (VIOLATED)
_24100_/Y                                10     18     -8 (VIOLATED)
_25351_/X                                10     18     -8 (VIOLATED)
_25414_/X                                10     18     -8 (VIOLATED)
_25473_/Y                                10     18     -8 (VIOLATED)
_26675_/X                                10     18     -8 (VIOLATED)
_27454_/Y                                10     18     -8 (VIOLATED)
_29411_/X                                10     18     -8 (VIOLATED)
_31511_/Y                                10     18     -8 (VIOLATED)
fanout1094/X                             10     18     -8 (VIOLATED)
fanout1133/X                             10     18     -8 (VIOLATED)
fanout418/X                              10     18     -8 (VIOLATED)
fanout515/X                              10     18     -8 (VIOLATED)
fanout566/X                              10     18     -8 (VIOLATED)
fanout606/X                              10     18     -8 (VIOLATED)
fanout622/X                              10     18     -8 (VIOLATED)
fanout627/X                              10     18     -8 (VIOLATED)
fanout631/X                              10     18     -8 (VIOLATED)
fanout639/X                              10     18     -8 (VIOLATED)
fanout693/X                              10     18     -8 (VIOLATED)
fanout721/X                              10     18     -8 (VIOLATED)
fanout725/X                              10     18     -8 (VIOLATED)
fanout728/X                              10     18     -8 (VIOLATED)
fanout763/X                              10     18     -8 (VIOLATED)
fanout795/X                              10     18     -8 (VIOLATED)
fanout809/X                              10     18     -8 (VIOLATED)
fanout812/X                              10     18     -8 (VIOLATED)
fanout836/X                              10     18     -8 (VIOLATED)
fanout849/X                              10     18     -8 (VIOLATED)
fanout855/X                              10     18     -8 (VIOLATED)
fanout858/X                              10     18     -8 (VIOLATED)
fanout899/X                              10     18     -8 (VIOLATED)
fanout909/X                              10     18     -8 (VIOLATED)
fanout925/X                              10     18     -8 (VIOLATED)
fanout942/X                              10     18     -8 (VIOLATED)
input64/X                                10     18     -8 (VIOLATED)
wire1205/X                               10     18     -8 (VIOLATED)
wire476/X                                10     18     -8 (VIOLATED)
wire480/X                                10     18     -8 (VIOLATED)
wire507/X                                10     18     -8 (VIOLATED)
wire663/X                                10     18     -8 (VIOLATED)
wire747/X                                10     18     -8 (VIOLATED)
wire888/X                                10     18     -8 (VIOLATED)
max_length498/X                          10     17     -7 (VIOLATED)
_20814_/Y                                10     16     -6 (VIOLATED)
_20853_/Y                                10     16     -6 (VIOLATED)
_20854_/Y                                10     16     -6 (VIOLATED)
_20878_/Y                                10     16     -6 (VIOLATED)
_20955_/X                                10     16     -6 (VIOLATED)
_21016_/Y                                10     16     -6 (VIOLATED)
_21141_/Y                                10     16     -6 (VIOLATED)
_21144_/Y                                10     16     -6 (VIOLATED)
_21208_/X                                10     16     -6 (VIOLATED)
_21252_/Y                                10     16     -6 (VIOLATED)
_21542_/Y                                10     16     -6 (VIOLATED)
_21620_/Y                                10     16     -6 (VIOLATED)
_21748_/Y                                10     16     -6 (VIOLATED)
_21821_/Y                                10     16     -6 (VIOLATED)
_21824_/X                                10     16     -6 (VIOLATED)
_22060_/Y                                10     16     -6 (VIOLATED)
_22159_/Y                                10     16     -6 (VIOLATED)
_22353_/Y                                10     16     -6 (VIOLATED)
_22813_/X                                10     16     -6 (VIOLATED)
_22815_/Y                                10     16     -6 (VIOLATED)
_22960_/X                                10     16     -6 (VIOLATED)
_23071_/Y                                10     16     -6 (VIOLATED)
_23225_/Y                                10     16     -6 (VIOLATED)
_23646_/Y                                10     16     -6 (VIOLATED)
_23796_/Y                                10     16     -6 (VIOLATED)
_24293_/X                                10     16     -6 (VIOLATED)
_24314_/Y                                10     16     -6 (VIOLATED)
_24819_/Y                                10     16     -6 (VIOLATED)
_25010_/X                                10     16     -6 (VIOLATED)
_25054_/Y                                10     16     -6 (VIOLATED)
_25470_/X                                10     16     -6 (VIOLATED)
_25799_/Y                                10     16     -6 (VIOLATED)
_25806_/X                                10     16     -6 (VIOLATED)
_27455_/Y                                10     16     -6 (VIOLATED)
_28926_/Y                                10     16     -6 (VIOLATED)
_32753_/X                                10     16     -6 (VIOLATED)
_32788_/Y                                10     16     -6 (VIOLATED)
_32789_/X                                10     16     -6 (VIOLATED)
clkbuf_1_0__f_clk/X                      10     16     -6 (VIOLATED)
clkbuf_1_1__f_clk/X                      10     16     -6 (VIOLATED)
fanout1027/X                             10     16     -6 (VIOLATED)
fanout1030/X                             10     16     -6 (VIOLATED)
fanout1059/X                             10     16     -6 (VIOLATED)
fanout1064/X                             10     16     -6 (VIOLATED)
fanout1140/X                             10     16     -6 (VIOLATED)
fanout1146/X                             10     16     -6 (VIOLATED)
fanout1147/X                             10     16     -6 (VIOLATED)
fanout1156/X                             10     16     -6 (VIOLATED)
fanout1202/X                             10     16     -6 (VIOLATED)
fanout1224/X                             10     16     -6 (VIOLATED)
fanout349/X                              10     16     -6 (VIOLATED)
fanout390/X                              10     16     -6 (VIOLATED)
fanout409/X                              10     16     -6 (VIOLATED)
fanout420/X                              10     16     -6 (VIOLATED)
fanout428/X                              10     16     -6 (VIOLATED)
fanout432/X                              10     16     -6 (VIOLATED)
fanout435/X                              10     16     -6 (VIOLATED)
fanout465/X                              10     16     -6 (VIOLATED)
fanout483/X                              10     16     -6 (VIOLATED)
fanout485/X                              10     16     -6 (VIOLATED)
fanout555/X                              10     16     -6 (VIOLATED)
fanout573/X                              10     16     -6 (VIOLATED)
fanout576/X                              10     16     -6 (VIOLATED)
fanout579/X                              10     16     -6 (VIOLATED)
fanout616/X                              10     16     -6 (VIOLATED)
fanout661/X                              10     16     -6 (VIOLATED)
fanout715/X                              10     16     -6 (VIOLATED)
fanout718/X                              10     16     -6 (VIOLATED)
fanout752/X                              10     16     -6 (VIOLATED)
fanout779/X                              10     16     -6 (VIOLATED)
fanout786/X                              10     16     -6 (VIOLATED)
fanout789/X                              10     16     -6 (VIOLATED)
fanout808/X                              10     16     -6 (VIOLATED)
fanout822/X                              10     16     -6 (VIOLATED)
fanout833/X                              10     16     -6 (VIOLATED)
fanout835/X                              10     16     -6 (VIOLATED)
fanout854/X                              10     16     -6 (VIOLATED)
fanout868/X                              10     16     -6 (VIOLATED)
fanout870/X                              10     16     -6 (VIOLATED)
fanout910/X                              10     16     -6 (VIOLATED)
fanout914/X                              10     16     -6 (VIOLATED)
fanout920/X                              10     16     -6 (VIOLATED)
fanout921/X                              10     16     -6 (VIOLATED)
fanout959/X                              10     16     -6 (VIOLATED)
input124/X                               10     16     -6 (VIOLATED)
input126/X                               10     16     -6 (VIOLATED)
input127/X                               10     16     -6 (VIOLATED)
input128/X                               10     16     -6 (VIOLATED)
input129/X                               10     16     -6 (VIOLATED)
input96/X                                10     16     -6 (VIOLATED)
wire1149/X                               10     16     -6 (VIOLATED)
wire1164/X                               10     16     -6 (VIOLATED)
wire1189/X                               10     16     -6 (VIOLATED)
wire1190/X                               10     16     -6 (VIOLATED)
wire1191/X                               10     16     -6 (VIOLATED)
wire1199/X                               10     16     -6 (VIOLATED)
wire1239/X                               10     16     -6 (VIOLATED)
wire348/X                                10     16     -6 (VIOLATED)
wire414/X                                10     16     -6 (VIOLATED)
wire494/X                                10     16     -6 (VIOLATED)
wire604/X                                10     16     -6 (VIOLATED)
wire609/X                                10     16     -6 (VIOLATED)
wire654/X                                10     16     -6 (VIOLATED)
wire657/X                                10     16     -6 (VIOLATED)
wire672/X                                10     16     -6 (VIOLATED)
wire894/X                                10     16     -6 (VIOLATED)
wire972/X                                10     16     -6 (VIOLATED)
_20803_/Y                                10     14     -4 (VIOLATED)
_20807_/Y                                10     14     -4 (VIOLATED)
_20815_/Y                                10     14     -4 (VIOLATED)
_20830_/Y                                10     14     -4 (VIOLATED)
_20856_/Y                                10     14     -4 (VIOLATED)
_20907_/Y                                10     14     -4 (VIOLATED)
_21205_/Y                                10     14     -4 (VIOLATED)
_21207_/X                                10     14     -4 (VIOLATED)
_21322_/Y                                10     14     -4 (VIOLATED)
_22040_/Y                                10     14     -4 (VIOLATED)
_22206_/X                                10     14     -4 (VIOLATED)
_22419_/Y                                10     14     -4 (VIOLATED)
_22518_/Y                                10     14     -4 (VIOLATED)
_22519_/X                                10     14     -4 (VIOLATED)
_22547_/X                                10     14     -4 (VIOLATED)
_22772_/X                                10     14     -4 (VIOLATED)
_22940_/Y                                10     14     -4 (VIOLATED)
_22941_/X                                10     14     -4 (VIOLATED)
_23257_/Y                                10     14     -4 (VIOLATED)
_23424_/X                                10     14     -4 (VIOLATED)
_23524_/Y                                10     14     -4 (VIOLATED)
_23747_/Y                                10     14     -4 (VIOLATED)
_24291_/Y                                10     14     -4 (VIOLATED)
_24316_/X                                10     14     -4 (VIOLATED)
_24771_/X                                10     14     -4 (VIOLATED)
_25169_/Y                                10     14     -4 (VIOLATED)
_25441_/Y                                10     14     -4 (VIOLATED)
_25472_/X                                10     14     -4 (VIOLATED)
_25643_/Y                                10     14     -4 (VIOLATED)
_26390_/Y                                10     14     -4 (VIOLATED)
_27573_/Y                                10     14     -4 (VIOLATED)
_27952_/Y                                10     14     -4 (VIOLATED)
_28449_/X                                10     14     -4 (VIOLATED)
_28738_/X                                10     14     -4 (VIOLATED)
_29415_/Y                                10     14     -4 (VIOLATED)
_30328_/X                                10     14     -4 (VIOLATED)
_31689_/Y                                10     14     -4 (VIOLATED)
_33580_/Y                                10     14     -4 (VIOLATED)
_34908_/X                                10     14     -4 (VIOLATED)
fanout1012/X                             10     14     -4 (VIOLATED)
fanout1016/X                             10     14     -4 (VIOLATED)
fanout1022/X                             10     14     -4 (VIOLATED)
fanout1075/X                             10     14     -4 (VIOLATED)
fanout1084/X                             10     14     -4 (VIOLATED)
fanout1141/X                             10     14     -4 (VIOLATED)
fanout1166/X                             10     14     -4 (VIOLATED)
fanout1207/X                             10     14     -4 (VIOLATED)
fanout1216/X                             10     14     -4 (VIOLATED)
fanout345/X                              10     14     -4 (VIOLATED)
fanout353/X                              10     14     -4 (VIOLATED)
fanout369/X                              10     14     -4 (VIOLATED)
fanout400/X                              10     14     -4 (VIOLATED)
fanout482/X                              10     14     -4 (VIOLATED)
fanout529/X                              10     14     -4 (VIOLATED)
fanout564/X                              10     14     -4 (VIOLATED)
fanout588/X                              10     14     -4 (VIOLATED)
fanout619/X                              10     14     -4 (VIOLATED)
fanout706/X                              10     14     -4 (VIOLATED)
fanout723/X                              10     14     -4 (VIOLATED)
fanout765/X                              10     14     -4 (VIOLATED)
fanout770/X                              10     14     -4 (VIOLATED)
fanout784/X                              10     14     -4 (VIOLATED)
fanout799/X                              10     14     -4 (VIOLATED)
fanout803/X                              10     14     -4 (VIOLATED)
fanout820/X                              10     14     -4 (VIOLATED)
fanout827/X                              10     14     -4 (VIOLATED)
fanout828/X                              10     14     -4 (VIOLATED)
fanout838/X                              10     14     -4 (VIOLATED)
fanout871/X                              10     14     -4 (VIOLATED)
fanout901/X                              10     14     -4 (VIOLATED)
fanout931/X                              10     14     -4 (VIOLATED)
fanout947/X                              10     14     -4 (VIOLATED)
fanout954/X                              10     14     -4 (VIOLATED)
fanout965/X                              10     14     -4 (VIOLATED)
input130/X                               10     14     -4 (VIOLATED)
input45/X                                10     14     -4 (VIOLATED)
input65/X                                10     14     -4 (VIOLATED)
input81/X                                10     14     -4 (VIOLATED)
wire1186/X                               10     14     -4 (VIOLATED)
wire296/X                                10     14     -4 (VIOLATED)
wire331/X                                10     14     -4 (VIOLATED)
wire403/X                                10     14     -4 (VIOLATED)
wire510/X                                10     14     -4 (VIOLATED)
wire682/X                                10     14     -4 (VIOLATED)
wire688/X                                10     14     -4 (VIOLATED)
wire697/X                                10     14     -4 (VIOLATED)
wire711/X                                10     14     -4 (VIOLATED)
wire738/X                                10     14     -4 (VIOLATED)
wire843/X                                10     14     -4 (VIOLATED)
wire903/X                                10     14     -4 (VIOLATED)
wire928/X                                10     14     -4 (VIOLATED)
wire945/X                                10     14     -4 (VIOLATED)
_20779_/Y                                10     12     -2 (VIOLATED)
_20797_/Y                                10     12     -2 (VIOLATED)
_20804_/Y                                10     12     -2 (VIOLATED)
_20812_/Y                                10     12     -2 (VIOLATED)
_20813_/Y                                10     12     -2 (VIOLATED)
_20818_/Y                                10     12     -2 (VIOLATED)
_20836_/Y                                10     12     -2 (VIOLATED)
_20860_/X                                10     12     -2 (VIOLATED)
_20861_/X                                10     12     -2 (VIOLATED)
_20865_/X                                10     12     -2 (VIOLATED)
_21143_/X                                10     12     -2 (VIOLATED)
_21244_/X                                10     12     -2 (VIOLATED)
_21245_/Y                                10     12     -2 (VIOLATED)
_21248_/Y                                10     12     -2 (VIOLATED)
_21251_/X                                10     12     -2 (VIOLATED)
_21279_/Y                                10     12     -2 (VIOLATED)
_21553_/Y                                10     12     -2 (VIOLATED)
_21578_/X                                10     12     -2 (VIOLATED)
_21683_/Y                                10     12     -2 (VIOLATED)
_21718_/Y                                10     12     -2 (VIOLATED)
_21739_/Y                                10     12     -2 (VIOLATED)
_21842_/Y                                10     12     -2 (VIOLATED)
_21875_/X                                10     12     -2 (VIOLATED)
_22056_/Y                                10     12     -2 (VIOLATED)
_22112_/Y                                10     12     -2 (VIOLATED)
_22251_/Y                                10     12     -2 (VIOLATED)
_22387_/Y                                10     12     -2 (VIOLATED)
_22393_/X                                10     12     -2 (VIOLATED)
_22430_/Y                                10     12     -2 (VIOLATED)
_22511_/Y                                10     12     -2 (VIOLATED)
_22592_/Y                                10     12     -2 (VIOLATED)
_22751_/X                                10     12     -2 (VIOLATED)
_22770_/Y                                10     12     -2 (VIOLATED)
_22946_/Y                                10     12     -2 (VIOLATED)
_22953_/Y                                10     12     -2 (VIOLATED)
_22991_/Y                                10     12     -2 (VIOLATED)
_23074_/X                                10     12     -2 (VIOLATED)
_23232_/Y                                10     12     -2 (VIOLATED)
_24497_/X                                10     12     -2 (VIOLATED)
_24620_/Y                                10     12     -2 (VIOLATED)
_24820_/Y                                10     12     -2 (VIOLATED)
_25804_/Y                                10     12     -2 (VIOLATED)
_25807_/Y                                10     12     -2 (VIOLATED)
_25847_/X                                10     12     -2 (VIOLATED)
_25875_/X                                10     12     -2 (VIOLATED)
_25876_/X                                10     12     -2 (VIOLATED)
_25955_/Y                                10     12     -2 (VIOLATED)
_26393_/Y                                10     12     -2 (VIOLATED)
_26794_/Y                                10     12     -2 (VIOLATED)
_27380_/Y                                10     12     -2 (VIOLATED)
_28397_/X                                10     12     -2 (VIOLATED)
_28573_/X                                10     12     -2 (VIOLATED)
_28808_/Y                                10     12     -2 (VIOLATED)
_29004_/Y                                10     12     -2 (VIOLATED)
_29127_/X                                10     12     -2 (VIOLATED)
_29567_/Y                                10     12     -2 (VIOLATED)
_30809_/X                                10     12     -2 (VIOLATED)
_31200_/X                                10     12     -2 (VIOLATED)
_32253_/Y                                10     12     -2 (VIOLATED)
_34417_/X                                10     12     -2 (VIOLATED)
_34418_/Y                                10     12     -2 (VIOLATED)
_34906_/Y                                10     12     -2 (VIOLATED)
_38683_/Y                                10     12     -2 (VIOLATED)
_38731_/X                                10     12     -2 (VIOLATED)
fanout1004/X                             10     12     -2 (VIOLATED)
fanout1006/X                             10     12     -2 (VIOLATED)
fanout1010/X                             10     12     -2 (VIOLATED)
fanout1011/X                             10     12     -2 (VIOLATED)
fanout1019/X                             10     12     -2 (VIOLATED)
fanout1028/X                             10     12     -2 (VIOLATED)
fanout1034/X                             10     12     -2 (VIOLATED)
fanout1081/X                             10     12     -2 (VIOLATED)
fanout1090/X                             10     12     -2 (VIOLATED)
fanout1092/X                             10     12     -2 (VIOLATED)
fanout1110/X                             10     12     -2 (VIOLATED)
fanout1116/X                             10     12     -2 (VIOLATED)
fanout1120/X                             10     12     -2 (VIOLATED)
fanout1126/X                             10     12     -2 (VIOLATED)
fanout1134/X                             10     12     -2 (VIOLATED)
fanout1197/X                             10     12     -2 (VIOLATED)
fanout1218/X                             10     12     -2 (VIOLATED)
fanout1223/X                             10     12     -2 (VIOLATED)
fanout1226/X                             10     12     -2 (VIOLATED)
fanout356/X                              10     12     -2 (VIOLATED)
fanout358/X                              10     12     -2 (VIOLATED)
fanout388/X                              10     12     -2 (VIOLATED)
fanout404/X                              10     12     -2 (VIOLATED)
fanout407/X                              10     12     -2 (VIOLATED)
fanout411/X                              10     12     -2 (VIOLATED)
fanout424/X                              10     12     -2 (VIOLATED)
fanout455/X                              10     12     -2 (VIOLATED)
fanout457/X                              10     12     -2 (VIOLATED)
fanout544/X                              10     12     -2 (VIOLATED)
fanout550/X                              10     12     -2 (VIOLATED)
fanout582/X                              10     12     -2 (VIOLATED)
fanout613/X                              10     12     -2 (VIOLATED)
fanout621/X                              10     12     -2 (VIOLATED)
fanout624/X                              10     12     -2 (VIOLATED)
fanout630/X                              10     12     -2 (VIOLATED)
fanout645/X                              10     12     -2 (VIOLATED)
fanout679/X                              10     12     -2 (VIOLATED)
fanout684/X                              10     12     -2 (VIOLATED)
fanout703/X                              10     12     -2 (VIOLATED)
fanout749/X                              10     12     -2 (VIOLATED)
fanout750/X                              10     12     -2 (VIOLATED)
fanout783/X                              10     12     -2 (VIOLATED)
fanout787/X                              10     12     -2 (VIOLATED)
fanout816/X                              10     12     -2 (VIOLATED)
fanout825/X                              10     12     -2 (VIOLATED)
fanout830/X                              10     12     -2 (VIOLATED)
fanout831/X                              10     12     -2 (VIOLATED)
fanout864/X                              10     12     -2 (VIOLATED)
fanout911/X                              10     12     -2 (VIOLATED)
fanout918/X                              10     12     -2 (VIOLATED)
fanout933/X                              10     12     -2 (VIOLATED)
fanout938/X                              10     12     -2 (VIOLATED)
fanout963/X                              10     12     -2 (VIOLATED)
fanout966/X                              10     12     -2 (VIOLATED)
fanout967/X                              10     12     -2 (VIOLATED)
fanout981/X                              10     12     -2 (VIOLATED)
input114/X                               10     12     -2 (VIOLATED)
input132/X                               10     12     -2 (VIOLATED)
input210/X                               10     12     -2 (VIOLATED)
input236/X                               10     12     -2 (VIOLATED)
max_length1044/X                         10     12     -2 (VIOLATED)
max_length1152/X                         10     12     -2 (VIOLATED)
max_length1174/X                         10     12     -2 (VIOLATED)
max_length1232/X                         10     12     -2 (VIOLATED)
wire1123/X                               10     12     -2 (VIOLATED)
wire1129/X                               10     12     -2 (VIOLATED)
wire1136/X                               10     12     -2 (VIOLATED)
wire1143/X                               10     12     -2 (VIOLATED)
wire1159/X                               10     12     -2 (VIOLATED)
wire1204/X                               10     12     -2 (VIOLATED)
wire1211/X                               10     12     -2 (VIOLATED)
wire1212/X                               10     12     -2 (VIOLATED)
wire1213/X                               10     12     -2 (VIOLATED)
wire1214/X                               10     12     -2 (VIOLATED)
wire1230/X                               10     12     -2 (VIOLATED)
wire1231/X                               10     12     -2 (VIOLATED)
wire1234/X                               10     12     -2 (VIOLATED)
wire1236/X                               10     12     -2 (VIOLATED)
wire305/X                                10     12     -2 (VIOLATED)
wire321/X                                10     12     -2 (VIOLATED)
wire324/X                                10     12     -2 (VIOLATED)
wire327/X                                10     12     -2 (VIOLATED)
wire387/X                                10     12     -2 (VIOLATED)
wire479/X                                10     12     -2 (VIOLATED)
wire552/X                                10     12     -2 (VIOLATED)
wire652/X                                10     12     -2 (VIOLATED)
wire734/X                                10     12     -2 (VIOLATED)
wire743/X                                10     12     -2 (VIOLATED)
wire758/X                                10     12     -2 (VIOLATED)
wire767/X                                10     12     -2 (VIOLATED)
wire805/X                                10     12     -2 (VIOLATED)
wire846/X                                10     12     -2 (VIOLATED)
wire881/X                                10     12     -2 (VIOLATED)
wire997/X                                10     12     -2 (VIOLATED)



===========================================================================
report_parasitic_annotation -report_unannotated
============================================================================
Found 6 unannotated drivers.
 input_data[15]
 input_data[175]
 input_data[191]
 input_data[223]
 input_data[238]
 input_data[239]
Found 0 partially unannotated drivers.

===========================================================================
max slew violation count 0
max fanout violation count 720
max cap violation count 0
============================================================================

===========================================================================
check_setup -verbose -unconstrained_endpoints -multiple_clock -no_clock -no_input_delay -loops -generated_clocks
===========================================================================
