[INFO GRT-0043] No OR_DEFAULT vias defined.
Net: clk
  Pin: clkbuf_0_clk/A (sky130_fd_sc_hd__clkbuf_16)
    Layer: met3
      Partial area ratio:  144.76
      Required ratio:    0.00 (Gate area) 
      Partial area ratio:  773.75
      Required ratio:  400.00 (Side area) (VIOLATED)
      Cumulative area ratio:  197.57
      Required ratio:    0.00 (Cumulative area) 
      Cumulative area ratio: 1038.12
      Required ratio:    0.00 (Cumulative side area) 

    Layer: met2
      Partial area ratio:   52.55
      Required ratio:    0.00 (Gate area) 
      Partial area ratio:  263.00
      Required ratio:  400.00 (Side area) 
      Cumulative area ratio:   52.81
      Required ratio:    0.00 (Cumulative area) 
      Cumulative area ratio:  264.37
      Required ratio:    0.00 (Cumulative side area) 

    Layer: met1
      Partial area ratio:    0.25
      Required ratio:    0.00 (Gate area) 
      Partial area ratio:    1.37
      Required ratio:  400.00 (Side area) 
      Cumulative area ratio:    0.25
      Required ratio:    0.00 (Cumulative area) 
      Cumulative area ratio:    1.37
      Required ratio:    0.00 (Cumulative side area) 

    Layer: li1
      Partial area ratio:    0.00
      Required ratio:    0.00 (Gate area) 
      Partial area ratio:    0.00
      Required ratio:   75.00 (Side area) 
      Cumulative area ratio:    0.00
      Required ratio:    0.00 (Cumulative area) 
      Cumulative area ratio:    0.00
      Required ratio:    0.00 (Cumulative side area) 

    Via: M2M3_PR
      Partial area ratio:    0.05
      Required ratio:    6.00 (Gate area) 
      Cumulative area ratio:    0.11
      Required ratio:    0.00 (Cumulative area) 

    Via: M1M2_PR
      Partial area ratio:    0.03
      Required ratio:    6.00 (Gate area) 
      Cumulative area ratio:    0.06
      Required ratio:    0.00 (Cumulative area) 

    Via: L1M1_PR
      Partial area ratio:    0.03
      Required ratio:    3.00 (Gate area) 
      Cumulative area ratio:    0.03
      Required ratio:    0.00 (Cumulative area) 


Net: net1
  Pin: _702_/D (sky130_fd_sc_hd__dfrtp_1)
    Layer: met2
      Partial area ratio:  820.40
      Required ratio:    0.00 (Gate area) 
      Partial area ratio: 4105.11
      Required ratio: 2956.40 (Side area) (VIOLATED)
      Cumulative area ratio:  824.17
      Required ratio:    0.00 (Cumulative area) 
      Cumulative area ratio: 4124.75
      Required ratio:    0.00 (Cumulative side area) 

    Layer: met1
      Partial area ratio:    3.77
      Required ratio:    0.00 (Gate area) 
      Partial area ratio:   19.64
      Required ratio:  400.00 (Side area) 
      Cumulative area ratio:    3.77
      Required ratio:    0.00 (Cumulative area) 
      Cumulative area ratio:   19.64
      Required ratio:    0.00 (Cumulative side area) 

    Layer: li1
      Partial area ratio:    0.00
      Required ratio:    0.00 (Gate area) 
      Partial area ratio:    0.00
      Required ratio:   75.00 (Side area) 
      Cumulative area ratio:    0.00
      Required ratio:    0.00 (Cumulative area) 
      Cumulative area ratio:    0.00
      Required ratio:    0.00 (Cumulative side area) 

    Via: M1M2_PR
      Partial area ratio:    0.18
      Required ratio:    6.00 (Gate area) 
      Cumulative area ratio:    0.41
      Required ratio:    0.00 (Cumulative area) 

    Via: L1M1_PR
      Partial area ratio:    0.23
      Required ratio:    3.00 (Gate area) 
      Cumulative area ratio:    0.23
      Required ratio:    0.00 (Cumulative area) 


Net: net8
  Pin: _703_/D (sky130_fd_sc_hd__dfrtp_1)
    Layer: met2
      Partial area ratio:  810.24
      Required ratio:    0.00 (Gate area) 
      Partial area ratio: 4054.33
      Required ratio: 2956.40 (Side area) (VIOLATED)
      Cumulative area ratio:  811.89
      Required ratio:    0.00 (Cumulative area) 
      Cumulative area ratio: 4063.36
      Required ratio:    0.00 (Cumulative side area) 

    Layer: met1
      Partial area ratio:    1.65
      Required ratio:    0.00 (Gate area) 
      Partial area ratio:    9.03
      Required ratio:  400.00 (Side area) 
      Cumulative area ratio:    1.65
      Required ratio:    0.00 (Cumulative area) 
      Cumulative area ratio:    9.03
      Required ratio:    0.00 (Cumulative side area) 

    Layer: li1
      Partial area ratio:    0.00
      Required ratio:    0.00 (Gate area) 
      Partial area ratio:    0.00
      Required ratio:   75.00 (Side area) 
      Cumulative area ratio:    0.00
      Required ratio:    0.00 (Cumulative area) 
      Cumulative area ratio:    0.00
      Required ratio:    0.00 (Cumulative side area) 

    Via: M1M2_PR
      Partial area ratio:    0.18
      Required ratio:    6.00 (Gate area) 
      Cumulative area ratio:    0.41
      Required ratio:    0.00 (Cumulative area) 

    Via: L1M1_PR
      Partial area ratio:    0.23
      Required ratio:    3.00 (Gate area) 
      Cumulative area ratio:    0.23
      Required ratio:    0.00 (Cumulative area) 


Net: net9
  Pin: _704_/D (sky130_fd_sc_hd__dfrtp_1)
    Layer: met2
      Partial area ratio:  786.67
      Required ratio:    0.00 (Gate area) 
      Partial area ratio: 3936.44
      Required ratio: 2956.40 (Side area) (VIOLATED)
      Cumulative area ratio:  788.32
      Required ratio:    0.00 (Cumulative area) 
      Cumulative area ratio: 3945.47
      Required ratio:    0.00 (Cumulative side area) 

    Layer: met1
      Partial area ratio:    1.65
      Required ratio:    0.00 (Gate area) 
      Partial area ratio:    9.03
      Required ratio:  400.00 (Side area) 
      Cumulative area ratio:    1.65
      Required ratio:    0.00 (Cumulative area) 
      Cumulative area ratio:    9.03
      Required ratio:    0.00 (Cumulative side area) 

    Layer: li1
      Partial area ratio:    0.00
      Required ratio:    0.00 (Gate area) 
      Partial area ratio:    0.00
      Required ratio:   75.00 (Side area) 
      Cumulative area ratio:    0.00
      Required ratio:    0.00 (Cumulative area) 
      Cumulative area ratio:    0.00
      Required ratio:    0.00 (Cumulative side area) 

    Via: M1M2_PR
      Partial area ratio:    0.18
      Required ratio:    6.00 (Gate area) 
      Cumulative area ratio:    0.41
      Required ratio:    0.00 (Cumulative area) 

    Via: L1M1_PR
      Partial area ratio:    0.23
      Required ratio:    3.00 (Gate area) 
      Cumulative area ratio:    0.23
      Required ratio:    0.00 (Cumulative area) 


Net: net10
  Pin: _705_/D (sky130_fd_sc_hd__dfrtp_2)
    Layer: met2
      Partial area ratio:  741.82
      Required ratio:    0.00 (Gate area) 
      Partial area ratio: 3712.22
      Required ratio: 2956.40 (Side area) (VIOLATED)
      Cumulative area ratio:  744.57
      Required ratio:    0.00 (Cumulative area) 
      Cumulative area ratio: 3726.75
      Required ratio:    0.00 (Cumulative side area) 

    Layer: met1
      Partial area ratio:    2.75
      Required ratio:    0.00 (Gate area) 
      Partial area ratio:   14.53
      Required ratio:  400.00 (Side area) 
      Cumulative area ratio:    2.75
      Required ratio:    0.00 (Cumulative area) 
      Cumulative area ratio:   14.53
      Required ratio:    0.00 (Cumulative side area) 

    Layer: li1
      Partial area ratio:    0.00
      Required ratio:    0.00 (Gate area) 
      Partial area ratio:    0.00
      Required ratio:   75.00 (Side area) 
      Cumulative area ratio:    0.00
      Required ratio:    0.00 (Cumulative area) 
      Cumulative area ratio:    0.00
      Required ratio:    0.00 (Cumulative side area) 

    Via: M1M2_PR
      Partial area ratio:    0.18
      Required ratio:    6.00 (Gate area) 
      Cumulative area ratio:    0.41
      Required ratio:    0.00 (Cumulative area) 

    Via: L1M1_PR
      Partial area ratio:    0.23
      Required ratio:    3.00 (Gate area) 
      Cumulative area ratio:    0.23
      Required ratio:    0.00 (Cumulative area) 


Net: net11
  Pin: _706_/D (sky130_fd_sc_hd__dfrtp_4)
    Layer: met2
      Partial area ratio:  766.00
      Required ratio:    0.00 (Gate area) 
      Partial area ratio: 3833.11
      Required ratio: 2956.40 (Side area) (VIOLATED)
      Cumulative area ratio:  768.24
      Required ratio:    0.00 (Cumulative area) 
      Cumulative area ratio: 3845.08
      Required ratio:    0.00 (Cumulative side area) 

    Layer: met1
      Partial area ratio:    2.24
      Required ratio:    0.00 (Gate area) 
      Partial area ratio:   11.97
      Required ratio:  400.00 (Side area) 
      Cumulative area ratio:    2.24
      Required ratio:    0.00 (Cumulative area) 
      Cumulative area ratio:   11.97
      Required ratio:    0.00 (Cumulative side area) 

    Layer: li1
      Partial area ratio:    0.00
      Required ratio:    0.00 (Gate area) 
      Partial area ratio:    0.00
      Required ratio:   75.00 (Side area) 
      Cumulative area ratio:    0.00
      Required ratio:    0.00 (Cumulative area) 
      Cumulative area ratio:    0.00
      Required ratio:    0.00 (Cumulative side area) 

    Via: M1M2_PR
      Partial area ratio:    0.18
      Required ratio:    6.00 (Gate area) 
      Cumulative area ratio:    0.41
      Required ratio:    0.00 (Cumulative area) 

    Via: L1M1_PR
      Partial area ratio:    0.23
      Required ratio:    3.00 (Gate area) 
      Cumulative area ratio:    0.23
      Required ratio:    0.00 (Cumulative area) 


Net: net298
  Pin: _707_/D (sky130_fd_sc_hd__dfrtp_2)
    Layer: met2
      Partial area ratio:  667.55
      Required ratio:    0.00 (Gate area) 
      Partial area ratio: 3340.88
      Required ratio: 3236.16 (Side area) (VIOLATED)
      Cumulative area ratio:  669.79
      Required ratio:    0.00 (Cumulative area) 
      Cumulative area ratio: 3352.85
      Required ratio:    0.00 (Cumulative side area) 

    Layer: met1
      Partial area ratio:    2.24
      Required ratio:    0.00 (Gate area) 
      Partial area ratio:   11.97
      Required ratio:  400.00 (Side area) 
      Cumulative area ratio:    2.24
      Required ratio:    0.00 (Cumulative area) 
      Cumulative area ratio:   11.97
      Required ratio:    0.00 (Cumulative side area) 

    Layer: li1
      Partial area ratio:    0.00
      Required ratio:    0.00 (Gate area) 
      Partial area ratio:    0.00
      Required ratio:   75.00 (Side area) 
      Cumulative area ratio:    0.00
      Required ratio:    0.00 (Cumulative area) 
      Cumulative area ratio:    0.00
      Required ratio:    0.00 (Cumulative side area) 

    Via: M1M2_PR
      Partial area ratio:    0.18
      Required ratio:    6.00 (Gate area) 
      Cumulative area ratio:    0.41
      Required ratio:    0.00 (Cumulative area) 

    Via: L1M1_PR
      Partial area ratio:    0.23
      Required ratio:    3.00 (Gate area) 
      Cumulative area ratio:    0.23
      Required ratio:    0.00 (Cumulative area) 


[INFO ANT-0002] Found 7 net violations.
[INFO ANT-0001] Found 7 pin violations.
