
===========================================================================
report_checks -unconstrained
===========================================================================
======================= nom_tt_025C_1v80 Corner ===================================

Startpoint: input_data[81] (input port clocked by clk)
Endpoint: _22395_ (rising edge-triggered flip-flop clocked by clk)
Path Group: clk
Path Type: max

Fanout         Cap        Slew       Delay        Time   Description
---------------------------------------------------------------------------------------------
                                  0.000000    0.000000   clock clk (rise edge)
                                  0.000000    0.000000   clock network delay (propagated)
                                  5.000000    5.000000 ^ input external delay
     1    0.003269    0.021765    0.011969    5.011969 ^ input_data[81] (in)
                                                         input_data[81] (net)
                      0.021766    0.000000    5.011969 ^ input197/A (sky130_fd_sc_hd__buf_2)
     1    0.061110    0.296807    0.275723    5.287692 ^ input197/X (sky130_fd_sc_hd__buf_2)
                                                         net197 (net)
                      0.296870    0.003602    5.291294 ^ fanout407/A (sky130_fd_sc_hd__clkbuf_4)
     7    0.076612    0.232283    0.352906    5.644200 ^ fanout407/X (sky130_fd_sc_hd__clkbuf_4)
                                                         net407 (net)
                      0.232684    0.007900    5.652100 ^ fanout406/A (sky130_fd_sc_hd__buf_4)
     8    0.077825    0.217161    0.291676    5.943776 ^ fanout406/X (sky130_fd_sc_hd__buf_4)
                                                         net406 (net)
                      0.217714    0.008963    5.952739 ^ fanout405/A (sky130_fd_sc_hd__clkbuf_2)
     5    0.035147    0.193940    0.262451    6.215190 ^ fanout405/X (sky130_fd_sc_hd__clkbuf_2)
                                                         net405 (net)
                      0.193964    0.001814    6.217004 ^ fanout404/A (sky130_fd_sc_hd__buf_4)
    10    0.060779    0.170996    0.251941    6.468945 ^ fanout404/X (sky130_fd_sc_hd__buf_4)
                                                         net404 (net)
                      0.171103    0.003520    6.472465 ^ _11244_/B (sky130_fd_sc_hd__nor2_1)
     4    0.016666    0.092017    0.125473    6.597939 v _11244_/Y (sky130_fd_sc_hd__nor2_1)
                                                         _03356_ (net)
                      0.092019    0.000369    6.598308 v _11245_/B (sky130_fd_sc_hd__nor2_2)
     3    0.043967    0.477134    0.394542    6.992850 ^ _11245_/Y (sky130_fd_sc_hd__nor2_2)
                                                         _03367_ (net)
                      0.477137    0.001131    6.993981 ^ fanout263/A (sky130_fd_sc_hd__clkbuf_8)
    10    0.104886    0.187200    0.348287    7.342268 ^ fanout263/X (sky130_fd_sc_hd__clkbuf_8)
                                                         net263 (net)
                      0.187605    0.007061    7.349329 ^ _11368_/A1 (sky130_fd_sc_hd__a21o_1)
     2    0.008670    0.084698    0.172561    7.521889 ^ _11368_/X (sky130_fd_sc_hd__a21o_1)
                                                         _04720_ (net)
                      0.084699    0.000225    7.522114 ^ _11370_/B (sky130_fd_sc_hd__xor2_1)
     2    0.009573    0.231270    0.235508    7.757621 ^ _11370_/X (sky130_fd_sc_hd__xor2_1)
                                                         _04742_ (net)
                      0.231270    0.000257    7.757878 ^ _11371_/B (sky130_fd_sc_hd__nand2_1)
     2    0.013250    0.115193    0.154582    7.912460 v _11371_/Y (sky130_fd_sc_hd__nand2_1)
                                                         _04753_ (net)
                      0.115194    0.000212    7.912673 v _11458_/B (sky130_fd_sc_hd__and3_1)
     1    0.005243    0.047213    0.202511    8.115184 v _11458_/X (sky130_fd_sc_hd__and3_1)
                                                         _05710_ (net)
                      0.047214    0.000180    8.115364 v _11459_/B (sky130_fd_sc_hd__or2_4)
     4    0.033248    0.082990    0.277608    8.392972 v _11459_/X (sky130_fd_sc_hd__or2_4)
                                                         _05721_ (net)
                      0.082998    0.000696    8.393668 v _11461_/B (sky130_fd_sc_hd__nor2_2)
     2    0.022046    0.253217    0.228300    8.621968 ^ _11461_/Y (sky130_fd_sc_hd__nor2_2)
                                                         _05743_ (net)
                      0.253219    0.000652    8.622621 ^ _11558_/A (sky130_fd_sc_hd__xnor2_4)
     2    0.024220    0.101880    0.145853    8.768474 v _11558_/Y (sky130_fd_sc_hd__xnor2_4)
                                                         _06809_ (net)
                      0.101883    0.000465    8.768938 v _11672_/A3 (sky130_fd_sc_hd__o31ai_4)
     4    0.030110    0.395084    0.364754    9.133693 ^ _11672_/Y (sky130_fd_sc_hd__o31ai_4)
                                                         _08062_ (net)
                      0.395085    0.000652    9.134344 ^ _11845_/B (sky130_fd_sc_hd__and3_1)
     2    0.026330    0.262049    0.380527    9.514871 ^ _11845_/X (sky130_fd_sc_hd__and3_1)
                                                         _09964_ (net)
                      0.262104    0.003142    9.518013 ^ _11879_/A1_N (sky130_fd_sc_hd__a2bb2o_1)
     3    0.020991    0.133166    0.408696    9.926709 v _11879_/X (sky130_fd_sc_hd__a2bb2o_1)
                                                         _10338_ (net)
                      0.133178    0.001079    9.927789 v _11880_/C (sky130_fd_sc_hd__and3_1)
     2    0.005347    0.047686    0.226888   10.154676 v _11880_/X (sky130_fd_sc_hd__and3_1)
                                                         _10349_ (net)
                      0.047687    0.000110   10.154787 v _11882_/B (sky130_fd_sc_hd__or3_1)
     3    0.011391    0.109792    0.400933   10.555719 v _11882_/X (sky130_fd_sc_hd__or3_1)
                                                         _10370_ (net)
                      0.109794    0.000326   10.556046 v _11897_/A1 (sky130_fd_sc_hd__a211o_1)
     3    0.007580    0.070607    0.302921   10.858967 v _11897_/X (sky130_fd_sc_hd__a211o_1)
                                                         _10535_ (net)
                      0.070607    0.000099   10.859066 v _11898_/C (sky130_fd_sc_hd__and3_1)
     2    0.005534    0.048447    0.199113   11.058179 v _11898_/X (sky130_fd_sc_hd__and3_1)
                                                         _10546_ (net)
                      0.048448    0.000120   11.058299 v _11917_/B1 (sky130_fd_sc_hd__a211o_1)
     3    0.011365    0.085724    0.311044   11.369342 v _11917_/X (sky130_fd_sc_hd__a211o_1)
                                                         _10755_ (net)
                      0.085725    0.000278   11.369620 v _11920_/B (sky130_fd_sc_hd__and3_2)
     4    0.020585    0.077104    0.258156   11.627776 v _11920_/X (sky130_fd_sc_hd__and3_2)
                                                         _10788_ (net)
                      0.077107    0.000424   11.628201 v _11947_/A (sky130_fd_sc_hd__or3_4)
     5    0.025989    0.098041    0.443775   12.071975 v _11947_/X (sky130_fd_sc_hd__or3_4)
                                                         _11085_ (net)
                      0.098102    0.001845   12.073819 v _11949_/B (sky130_fd_sc_hd__and3_1)
     2    0.008171    0.060109    0.209004   12.282824 v _11949_/X (sky130_fd_sc_hd__and3_1)
                                                         _11107_ (net)
                      0.060111    0.000278   12.283102 v _11979_/A (sky130_fd_sc_hd__or3_2)
     5    0.013713    0.111997    0.530663   12.813765 v _11979_/X (sky130_fd_sc_hd__or3_2)
                                                         _00258_ (net)
                      0.111998    0.000281   12.814045 v _11981_/B (sky130_fd_sc_hd__and3_1)
     2    0.008807    0.062189    0.218404   13.032450 v _11981_/X (sky130_fd_sc_hd__and3_1)
                                                         _00280_ (net)
                      0.062191    0.000272   13.032722 v _12018_/B1 (sky130_fd_sc_hd__a211oi_2)
     3    0.013399    0.297488    0.310629   13.343349 ^ _12018_/Y (sky130_fd_sc_hd__a211oi_2)
                                                         _00686_ (net)
                      0.297489    0.000319   13.343669 ^ _12020_/B (sky130_fd_sc_hd__nor3_2)
     3    0.009995    0.081652    0.106203   13.449872 v _12020_/Y (sky130_fd_sc_hd__nor3_2)
                                                         _00708_ (net)
                      0.081652    0.000309   13.450181 v _12118_/A (sky130_fd_sc_hd__nor3_1)
     3    0.008851    0.300872    0.308856   13.759037 ^ _12118_/Y (sky130_fd_sc_hd__nor3_1)
                                                         _01598_ (net)
                      0.300872    0.000169   13.759206 ^ _16802_/B1_N (sky130_fd_sc_hd__o21ba_1)
     2    0.010574    0.068947    0.229376   13.988582 v _16802_/X (sky130_fd_sc_hd__o21ba_1)
                                                         _06628_ (net)
                      0.068949    0.000272   13.988853 v _17945_/A2 (sky130_fd_sc_hd__o21bai_2)
     2    0.013853    0.193822    0.190444   14.179297 ^ _17945_/Y (sky130_fd_sc_hd__o21bai_2)
                                                         _07884_ (net)
                      0.193823    0.000450   14.179748 ^ _19186_/A2 (sky130_fd_sc_hd__a21o_1)
     3    0.020438    0.181456    0.247510   14.427258 ^ _19186_/X (sky130_fd_sc_hd__a21o_1)
                                                         _09248_ (net)
                      0.181460    0.000765   14.428022 ^ _20615_/A2 (sky130_fd_sc_hd__a21o_1)
     3    0.019013    0.170158    0.236551   14.664574 ^ _20615_/X (sky130_fd_sc_hd__a21o_1)
                                                         _10819_ (net)
                      0.170162    0.000692   14.665266 ^ _21715_/A1 (sky130_fd_sc_hd__a221o_1)
     1    0.010127    0.110897    0.223810   14.889076 ^ _21715_/X (sky130_fd_sc_hd__a221o_1)
                                                         _00849_ (net)
                      0.110899    0.000331   14.889407 ^ _21716_/B1 (sky130_fd_sc_hd__o311ai_4)
     1    0.018366    0.126197    0.143706   15.033113 v _21716_/Y (sky130_fd_sc_hd__o311ai_4)
                                                         _00850_ (net)
                      0.126201    0.001497   15.034611 v _21914_/A2 (sky130_fd_sc_hd__a31o_1)
     1    0.012838    0.079572    0.279259   15.313869 v _21914_/X (sky130_fd_sc_hd__a31o_1)
                                                         _01068_ (net)
                      0.079585    0.000822   15.314692 v _22033_/A2 (sky130_fd_sc_hd__o21a_1)
     1    0.021418    0.118701    0.255810   15.570501 v _22033_/X (sky130_fd_sc_hd__o21a_1)
                                                         _01199_ (net)
                      0.118736    0.001732   15.572234 v _22196_/A1 (sky130_fd_sc_hd__o22a_1)
     1    0.006685    0.063755    0.252134   15.824368 v _22196_/X (sky130_fd_sc_hd__o22a_1)
                                                         _01378_ (net)
                      0.063757    0.000302   15.824670 v _22243_/A2 (sky130_fd_sc_hd__o21ba_1)
     1    0.004700    0.043736    0.179996   16.004667 v _22243_/X (sky130_fd_sc_hd__o21ba_1)
                                                         _01430_ (net)
                      0.043737    0.000169   16.004835 v _22245_/B1 (sky130_fd_sc_hd__o32a_1)
     1    0.002031    0.047865    0.159414   16.164249 v _22245_/X (sky130_fd_sc_hd__o32a_1)
                                                         _00005_ (net)
                      0.047865    0.000057   16.164307 v _22395_/D (sky130_fd_sc_hd__dfxtp_2)
                                             16.164307   data arrival time

                                 25.000000   25.000000   clock clk (rise edge)
                                  0.000000   25.000000   clock source latency
     2    0.091341    0.413957    0.288422   25.288422 ^ clk (in)
                                                         clk (net)
                      0.414121    0.000000   25.288422 ^ clkbuf_0_clk/A (sky130_fd_sc_hd__clkbuf_16)
     2    0.024842    0.053374    0.230166   25.518587 ^ clkbuf_0_clk/X (sky130_fd_sc_hd__clkbuf_16)
                                                         clknet_0_clk (net)
                      0.053391    0.000716   25.519302 ^ clkbuf_1_1__f_clk/A (sky130_fd_sc_hd__clkbuf_16)
     7    0.029761    0.050809    0.136982   25.656284 ^ clkbuf_1_1__f_clk/X (sky130_fd_sc_hd__clkbuf_16)
                                                         clknet_1_1__leaf_clk (net)
                      0.050840    0.001632   25.657917 ^ _22395_/CLK (sky130_fd_sc_hd__dfxtp_2)
                                 -0.250000   25.407919   clock uncertainty
                                  0.000000   25.407919   clock reconvergence pessimism
                                 -0.112770   25.295149   library setup time
                                             25.295149   data required time
---------------------------------------------------------------------------------------------
                                             25.295149   data required time
                                            -16.164307   data arrival time
---------------------------------------------------------------------------------------------
                                              9.130842   slack (MET)




===========================================================================
report_checks --slack_max -0.01
============================================================================
======================= nom_tt_025C_1v80 Corner ===================================

No paths found.


===========================================================================
 report_check_types -max_slew -max_cap -max_fanout -violators
============================================================================
======================= nom_tt_025C_1v80 Corner ===================================

max fanout

Pin                                   Limit Fanout  Slack
---------------------------------------------------------
fanout487/X                              10     14     -4 (VIOLATED)
input136/X                               10     14     -4 (VIOLATED)
_15196_/Y                                10     11        (VIOLATED)
fanout496/X                              10     11        (VIOLATED)
fanout536/X                              10     11        (VIOLATED)



===========================================================================
report_parasitic_annotation -report_unannotated
============================================================================
Found 23 unannotated drivers.
 input_data[127]
 input_data[191]
 input_data[207]
 input_data[208]
 input_data[209]
 input_data[210]
 input_data[211]
 input_data[212]
 input_data[213]
 input_data[214]
 input_data[215]
 input_data[216]
 input_data[217]
 input_data[218]
 input_data[219]
 input_data[220]
 input_data[221]
 input_data[222]
 input_data[223]
 input_data[238]
 input_data[239]
 input_data[63]
 input_data[79]
Found 0 partially unannotated drivers.

===========================================================================
max slew violation count 0
max fanout violation count 5
max cap violation count 0
============================================================================

===========================================================================
check_setup -verbose -unconstrained_endpoints -multiple_clock -no_clock -no_input_delay -loops -generated_clocks
===========================================================================
