
===========================================================================
report_checks -unconstrained
===========================================================================
======================= min_ss_100C_1v60 Corner ===================================

Startpoint: input_data[112] (input port clocked by clk)
Endpoint: _22395_ (rising edge-triggered flip-flop clocked by clk)
Path Group: clk
Path Type: max

Fanout         Cap        Slew       Delay        Time   Description
---------------------------------------------------------------------------------------------
                                  0.000000    0.000000   clock clk (rise edge)
                                  0.000000    0.000000   clock network delay (propagated)
                                  5.000000    5.000000 ^ input external delay
     2    0.003968    0.040109    0.021934    5.021934 ^ input_data[112] (in)
                                                         input_data[112] (net)
                      0.040109    0.000000    5.021934 ^ input15/A (sky130_fd_sc_hd__buf_2)
     4    0.044581    0.348755    0.384076    5.406011 ^ input15/X (sky130_fd_sc_hd__buf_2)
                                                         net15 (net)
                      0.348763    0.001430    5.407440 ^ fanout533/A (sky130_fd_sc_hd__buf_6)
    20    0.130986    0.411268    0.530735    5.938175 ^ fanout533/X (sky130_fd_sc_hd__buf_6)
                                                         net533 (net)
                      0.411270    0.000774    5.938949 ^ fanout532/A (sky130_fd_sc_hd__buf_4)
    20    0.074131    0.330508    0.544119    6.483067 ^ fanout532/X (sky130_fd_sc_hd__buf_4)
                                                         net532 (net)
                      0.330557    0.003368    6.486435 ^ _11264_/A (sky130_fd_sc_hd__nand2_1)
     3    0.017868    0.312344    0.383447    6.869882 v _11264_/Y (sky130_fd_sc_hd__nand2_1)
                                                         _03576_ (net)
                      0.312344    0.000277    6.870159 v fanout298/A (sky130_fd_sc_hd__buf_4)
    20    0.073155    0.180997    0.485163    7.355321 v fanout298/X (sky130_fd_sc_hd__buf_4)
                                                         net298 (net)
                      0.181071    0.003064    7.358385 v _11266_/A (sky130_fd_sc_hd__and2_1)
     1    0.005872    0.092447    0.355557    7.713943 v _11266_/X (sky130_fd_sc_hd__and2_1)
                                                         _03598_ (net)
                      0.092448    0.000141    7.714084 v fanout276/A (sky130_fd_sc_hd__clkbuf_4)
    12    0.070336    0.254239    0.425456    8.139540 v fanout276/X (sky130_fd_sc_hd__clkbuf_4)
                                                         net276 (net)
                      0.254240    0.000527    8.140067 v fanout275/A (sky130_fd_sc_hd__buf_4)
    20    0.073411    0.182389    0.455211    8.595278 v fanout275/X (sky130_fd_sc_hd__buf_4)
                                                         net275 (net)
                      0.182721    0.006471    8.601748 v _11560_/C (sky130_fd_sc_hd__and3_1)
     3    0.018251    0.193199    0.540395    9.142144 v _11560_/X (sky130_fd_sc_hd__and3_1)
                                                         _06831_ (net)
                      0.193199    0.000157    9.142302 v _11562_/A (sky130_fd_sc_hd__nor2_2)
     2    0.012897    0.262050    0.334081    9.476382 ^ _11562_/Y (sky130_fd_sc_hd__nor2_2)
                                                         _06853_ (net)
                      0.262050    0.000136    9.476519 ^ _11570_/A (sky130_fd_sc_hd__xnor2_2)
     2    0.013374    0.334766    0.324519    9.801038 ^ _11570_/Y (sky130_fd_sc_hd__xnor2_2)
                                                         _06941_ (net)
                      0.334766    0.000198    9.801235 ^ _11573_/A (sky130_fd_sc_hd__xor2_2)
     2    0.012213    0.293064    0.407256   10.208491 ^ _11573_/X (sky130_fd_sc_hd__xor2_2)
                                                         _06974_ (net)
                      0.293064    0.000148   10.208639 ^ _11574_/B (sky130_fd_sc_hd__xnor2_2)
     3    0.014062    0.173642    0.258226   10.466866 v _11574_/Y (sky130_fd_sc_hd__xnor2_2)
                                                         _06985_ (net)
                      0.173642    0.000195   10.467061 v _11577_/B (sky130_fd_sc_hd__or4b_1)
     3    0.008436    0.242857    1.306933   11.773994 v _11577_/X (sky130_fd_sc_hd__or4b_1)
                                                         _07018_ (net)
                      0.242857    0.000103   11.774097 v _11644_/B (sky130_fd_sc_hd__and3_1)
     2    0.006021    0.097028    0.447336   12.221434 v _11644_/X (sky130_fd_sc_hd__and3_1)
                                                         _07754_ (net)
                      0.097028    0.000044   12.221478 v _11646_/A1 (sky130_fd_sc_hd__o211a_1)
     3    0.013084    0.161718    0.510038   12.731516 v _11646_/X (sky130_fd_sc_hd__o211a_1)
                                                         _07776_ (net)
                      0.161718    0.000118   12.731634 v _11877_/A (sky130_fd_sc_hd__or3_1)
     2    0.016041    0.260411    1.049163   13.780797 v _11877_/X (sky130_fd_sc_hd__or3_1)
                                                         _10316_ (net)
                      0.260414    0.000711   13.781507 v _11879_/B2 (sky130_fd_sc_hd__a2bb2o_1)
     3    0.011963    0.184007    0.715485   14.496992 v _11879_/X (sky130_fd_sc_hd__a2bb2o_1)
                                                         _10338_ (net)
                      0.184008    0.000346   14.497338 v _11880_/C (sky130_fd_sc_hd__and3_1)
     2    0.006879    0.103791    0.453771   14.951109 v _11880_/X (sky130_fd_sc_hd__and3_1)
                                                         _10349_ (net)
                      0.103791    0.000131   14.951241 v _11882_/B (sky130_fd_sc_hd__or3_1)
     3    0.014314    0.246817    0.962825   15.914065 v _11882_/X (sky130_fd_sc_hd__or3_1)
                                                         _10370_ (net)
                      0.246817    0.000192   15.914257 v _11897_/A1 (sky130_fd_sc_hd__a211o_1)
     3    0.007850    0.129750    0.609738   16.523994 v _11897_/X (sky130_fd_sc_hd__a211o_1)
                                                         _10535_ (net)
                      0.129750    0.000091   16.524086 v _11898_/C (sky130_fd_sc_hd__and3_1)
     2    0.007096    0.105519    0.428654   16.952740 v _11898_/X (sky130_fd_sc_hd__and3_1)
                                                         _10546_ (net)
                      0.105519    0.000101   16.952841 v _11917_/B1 (sky130_fd_sc_hd__a211o_1)
     3    0.011742    0.165480    0.604135   17.556976 v _11917_/X (sky130_fd_sc_hd__a211o_1)
                                                         _10755_ (net)
                      0.165480    0.000187   17.557163 v _11920_/B (sky130_fd_sc_hd__and3_2)
     4    0.022078    0.151731    0.553328   18.110491 v _11920_/X (sky130_fd_sc_hd__and3_2)
                                                         _10788_ (net)
                      0.151732    0.000350   18.110842 v _11947_/A (sky130_fd_sc_hd__or3_4)
    10    0.034576    0.195443    0.908154   19.018995 v _11947_/X (sky130_fd_sc_hd__or3_4)
                                                         _11085_ (net)
                      0.195503    0.002572   19.021566 v _11949_/B (sky130_fd_sc_hd__and3_1)
     2    0.009841    0.128375    0.455627   19.477194 v _11949_/X (sky130_fd_sc_hd__and3_1)
                                                         _11107_ (net)
                      0.128376    0.000201   19.477394 v _11979_/A (sky130_fd_sc_hd__or3_2)
     5    0.021970    0.269032    1.304136   20.781530 v _11979_/X (sky130_fd_sc_hd__or3_2)
                                                         _00258_ (net)
                      0.269035    0.000693   20.782223 v _11981_/B (sky130_fd_sc_hd__and3_1)
     2    0.009847    0.128447    0.492873   21.275097 v _11981_/X (sky130_fd_sc_hd__and3_1)
                                                         _00280_ (net)
                      0.128447    0.000190   21.275286 v _12019_/A1 (sky130_fd_sc_hd__o211a_1)
     2    0.007868    0.115205    0.476165   21.751451 v _12019_/X (sky130_fd_sc_hd__o211a_1)
                                                         _00697_ (net)
                      0.115205    0.000083   21.751535 v _12021_/A2 (sky130_fd_sc_hd__o21a_1)
     2    0.007399    0.105097    0.368173   22.119707 v _12021_/X (sky130_fd_sc_hd__o21a_1)
                                                         _00719_ (net)
                      0.105097    0.000124   22.119831 v _12118_/B (sky130_fd_sc_hd__nor3_1)
     1    0.002476    0.243536    0.288834   22.408667 ^ _12118_/Y (sky130_fd_sc_hd__nor3_1)
                                                         _01598_ (net)
                      0.243536    0.000012   22.408678 ^ wire238/A (sky130_fd_sc_hd__buf_1)
     3    0.011823    0.234024    0.337897   22.746574 ^ wire238/X (sky130_fd_sc_hd__buf_1)
                                                         net238 (net)
                      0.234024    0.000085   22.746660 ^ _16802_/B1_N (sky130_fd_sc_hd__o21ba_1)
     2    0.009814    0.123701    0.389720   23.136381 v _16802_/X (sky130_fd_sc_hd__o21ba_1)
                                                         _06628_ (net)
                      0.123701    0.000115   23.136496 v _17945_/A2 (sky130_fd_sc_hd__o21bai_1)
     2    0.009118    0.373744    0.369289   23.505785 ^ _17945_/Y (sky130_fd_sc_hd__o21bai_1)
                                                         _07884_ (net)
                      0.373744    0.000078   23.505863 ^ _19186_/A2 (sky130_fd_sc_hd__a21o_1)
     3    0.009921    0.152835    0.391909   23.897772 ^ _19186_/X (sky130_fd_sc_hd__a21o_1)
                                                         _09248_ (net)
                      0.152835    0.000091   23.897861 ^ _20615_/A2 (sky130_fd_sc_hd__a21o_1)
     3    0.013075    0.192909    0.344214   24.242075 ^ _20615_/X (sky130_fd_sc_hd__a21o_1)
                                                         _10819_ (net)
                      0.192909    0.000155   24.242229 ^ _21715_/A1 (sky130_fd_sc_hd__a221o_1)
     1    0.003587    0.096791    0.335955   24.578186 ^ _21715_/X (sky130_fd_sc_hd__a221o_1)
                                                         _00849_ (net)
                      0.096791    0.000043   24.578228 ^ _21716_/B1 (sky130_fd_sc_hd__o311ai_1)
     1    0.005095    0.229783    0.262606   24.840834 v _21716_/Y (sky130_fd_sc_hd__o311ai_1)
                                                         _00850_ (net)
                      0.229783    0.000092   24.840927 v _21914_/A2 (sky130_fd_sc_hd__a31o_1)
     2    0.019114    0.193758    0.565166   25.406092 v _21914_/X (sky130_fd_sc_hd__a31o_1)
                                                         _01068_ (net)
                      0.193766    0.001085   25.407177 v _22033_/A2 (sky130_fd_sc_hd__o21a_1)
     2    0.029494    0.296589    0.563666   25.970844 v _22033_/X (sky130_fd_sc_hd__o21a_1)
                                                         _01199_ (net)
                      0.296619    0.002496   25.973339 v _22196_/A1 (sky130_fd_sc_hd__o22a_1)
     1    0.004562    0.103826    0.491758   26.465097 v _22196_/X (sky130_fd_sc_hd__o22a_1)
                                                         _01378_ (net)
                      0.103826    0.000080   26.465178 v _22243_/A2 (sky130_fd_sc_hd__o21ba_1)
     1    0.002708    0.063032    0.318536   26.783714 v _22243_/X (sky130_fd_sc_hd__o21ba_1)
                                                         _01430_ (net)
                      0.063032    0.000027   26.783741 v _22245_/B1 (sky130_fd_sc_hd__o32a_1)
     1    0.002141    0.104925    0.311980   27.095720 v _22245_/X (sky130_fd_sc_hd__o32a_1)
                                                         _00005_ (net)
                      0.104925    0.000023   27.095743 v _22395_/D (sky130_fd_sc_hd__dfxtp_4)
                                             27.095743   data arrival time

                                 25.000000   25.000000   clock clk (rise edge)
                                  0.000000   25.000000   clock source latency
     2    0.089058    0.637621    0.456684   25.456682 ^ clk (in)
                                                         clk (net)
                      0.638850    0.000000   25.456682 ^ clkbuf_0_clk/A (sky130_fd_sc_hd__clkbuf_16)
     2    0.027770    0.085092    0.470953   25.927635 ^ clkbuf_0_clk/X (sky130_fd_sc_hd__clkbuf_16)
                                                         clknet_0_clk (net)
                      0.085101    0.000677   25.928312 ^ clkbuf_1_1__f_clk/A (sky130_fd_sc_hd__clkbuf_16)
    18    0.047257    0.103466    0.264889   26.193201 ^ clkbuf_1_1__f_clk/X (sky130_fd_sc_hd__clkbuf_16)
                                                         clknet_1_1__leaf_clk (net)
                      0.103485    0.001062   26.194263 ^ _22395_/CLK (sky130_fd_sc_hd__dfxtp_4)
                                 -0.250000   25.944263   clock uncertainty
                                  0.000000   25.944263   clock reconvergence pessimism
                                 -0.278259   25.666006   library setup time
                                             25.666006   data required time
---------------------------------------------------------------------------------------------
                                             25.666006   data required time
                                            -27.095743   data arrival time
---------------------------------------------------------------------------------------------
                                             -1.429738   slack (VIOLATED)




===========================================================================
report_checks --slack_max -0.01
============================================================================
======================= min_ss_100C_1v60 Corner ===================================

Startpoint: input_data[112] (input port clocked by clk)
Endpoint: _22395_ (rising edge-triggered flip-flop clocked by clk)
Path Group: clk
Path Type: max

Fanout         Cap        Slew       Delay        Time   Description
---------------------------------------------------------------------------------------------
                                  0.000000    0.000000   clock clk (rise edge)
                                  0.000000    0.000000   clock network delay (propagated)
                                  5.000000    5.000000 ^ input external delay
     2    0.003968    0.040109    0.021934    5.021934 ^ input_data[112] (in)
                                                         input_data[112] (net)
                      0.040109    0.000000    5.021934 ^ input15/A (sky130_fd_sc_hd__buf_2)
     4    0.044581    0.348755    0.384076    5.406011 ^ input15/X (sky130_fd_sc_hd__buf_2)
                                                         net15 (net)
                      0.348763    0.001430    5.407440 ^ fanout533/A (sky130_fd_sc_hd__buf_6)
    20    0.130986    0.411268    0.530735    5.938175 ^ fanout533/X (sky130_fd_sc_hd__buf_6)
                                                         net533 (net)
                      0.411270    0.000774    5.938949 ^ fanout532/A (sky130_fd_sc_hd__buf_4)
    20    0.074131    0.330508    0.544119    6.483067 ^ fanout532/X (sky130_fd_sc_hd__buf_4)
                                                         net532 (net)
                      0.330557    0.003368    6.486435 ^ _11264_/A (sky130_fd_sc_hd__nand2_1)
     3    0.017868    0.312344    0.383447    6.869882 v _11264_/Y (sky130_fd_sc_hd__nand2_1)
                                                         _03576_ (net)
                      0.312344    0.000277    6.870159 v fanout298/A (sky130_fd_sc_hd__buf_4)
    20    0.073155    0.180997    0.485163    7.355321 v fanout298/X (sky130_fd_sc_hd__buf_4)
                                                         net298 (net)
                      0.181071    0.003064    7.358385 v _11266_/A (sky130_fd_sc_hd__and2_1)
     1    0.005872    0.092447    0.355557    7.713943 v _11266_/X (sky130_fd_sc_hd__and2_1)
                                                         _03598_ (net)
                      0.092448    0.000141    7.714084 v fanout276/A (sky130_fd_sc_hd__clkbuf_4)
    12    0.070336    0.254239    0.425456    8.139540 v fanout276/X (sky130_fd_sc_hd__clkbuf_4)
                                                         net276 (net)
                      0.254240    0.000527    8.140067 v fanout275/A (sky130_fd_sc_hd__buf_4)
    20    0.073411    0.182389    0.455211    8.595278 v fanout275/X (sky130_fd_sc_hd__buf_4)
                                                         net275 (net)
                      0.182721    0.006471    8.601748 v _11560_/C (sky130_fd_sc_hd__and3_1)
     3    0.018251    0.193199    0.540395    9.142144 v _11560_/X (sky130_fd_sc_hd__and3_1)
                                                         _06831_ (net)
                      0.193199    0.000157    9.142302 v _11562_/A (sky130_fd_sc_hd__nor2_2)
     2    0.012897    0.262050    0.334081    9.476382 ^ _11562_/Y (sky130_fd_sc_hd__nor2_2)
                                                         _06853_ (net)
                      0.262050    0.000136    9.476519 ^ _11570_/A (sky130_fd_sc_hd__xnor2_2)
     2    0.013374    0.334766    0.324519    9.801038 ^ _11570_/Y (sky130_fd_sc_hd__xnor2_2)
                                                         _06941_ (net)
                      0.334766    0.000198    9.801235 ^ _11573_/A (sky130_fd_sc_hd__xor2_2)
     2    0.012213    0.293064    0.407256   10.208491 ^ _11573_/X (sky130_fd_sc_hd__xor2_2)
                                                         _06974_ (net)
                      0.293064    0.000148   10.208639 ^ _11574_/B (sky130_fd_sc_hd__xnor2_2)
     3    0.014062    0.173642    0.258226   10.466866 v _11574_/Y (sky130_fd_sc_hd__xnor2_2)
                                                         _06985_ (net)
                      0.173642    0.000195   10.467061 v _11577_/B (sky130_fd_sc_hd__or4b_1)
     3    0.008436    0.242857    1.306933   11.773994 v _11577_/X (sky130_fd_sc_hd__or4b_1)
                                                         _07018_ (net)
                      0.242857    0.000103   11.774097 v _11644_/B (sky130_fd_sc_hd__and3_1)
     2    0.006021    0.097028    0.447336   12.221434 v _11644_/X (sky130_fd_sc_hd__and3_1)
                                                         _07754_ (net)
                      0.097028    0.000044   12.221478 v _11646_/A1 (sky130_fd_sc_hd__o211a_1)
     3    0.013084    0.161718    0.510038   12.731516 v _11646_/X (sky130_fd_sc_hd__o211a_1)
                                                         _07776_ (net)
                      0.161718    0.000118   12.731634 v _11877_/A (sky130_fd_sc_hd__or3_1)
     2    0.016041    0.260411    1.049163   13.780797 v _11877_/X (sky130_fd_sc_hd__or3_1)
                                                         _10316_ (net)
                      0.260414    0.000711   13.781507 v _11879_/B2 (sky130_fd_sc_hd__a2bb2o_1)
     3    0.011963    0.184007    0.715485   14.496992 v _11879_/X (sky130_fd_sc_hd__a2bb2o_1)
                                                         _10338_ (net)
                      0.184008    0.000346   14.497338 v _11880_/C (sky130_fd_sc_hd__and3_1)
     2    0.006879    0.103791    0.453771   14.951109 v _11880_/X (sky130_fd_sc_hd__and3_1)
                                                         _10349_ (net)
                      0.103791    0.000131   14.951241 v _11882_/B (sky130_fd_sc_hd__or3_1)
     3    0.014314    0.246817    0.962825   15.914065 v _11882_/X (sky130_fd_sc_hd__or3_1)
                                                         _10370_ (net)
                      0.246817    0.000192   15.914257 v _11897_/A1 (sky130_fd_sc_hd__a211o_1)
     3    0.007850    0.129750    0.609738   16.523994 v _11897_/X (sky130_fd_sc_hd__a211o_1)
                                                         _10535_ (net)
                      0.129750    0.000091   16.524086 v _11898_/C (sky130_fd_sc_hd__and3_1)
     2    0.007096    0.105519    0.428654   16.952740 v _11898_/X (sky130_fd_sc_hd__and3_1)
                                                         _10546_ (net)
                      0.105519    0.000101   16.952841 v _11917_/B1 (sky130_fd_sc_hd__a211o_1)
     3    0.011742    0.165480    0.604135   17.556976 v _11917_/X (sky130_fd_sc_hd__a211o_1)
                                                         _10755_ (net)
                      0.165480    0.000187   17.557163 v _11920_/B (sky130_fd_sc_hd__and3_2)
     4    0.022078    0.151731    0.553328   18.110491 v _11920_/X (sky130_fd_sc_hd__and3_2)
                                                         _10788_ (net)
                      0.151732    0.000350   18.110842 v _11947_/A (sky130_fd_sc_hd__or3_4)
    10    0.034576    0.195443    0.908154   19.018995 v _11947_/X (sky130_fd_sc_hd__or3_4)
                                                         _11085_ (net)
                      0.195503    0.002572   19.021566 v _11949_/B (sky130_fd_sc_hd__and3_1)
     2    0.009841    0.128375    0.455627   19.477194 v _11949_/X (sky130_fd_sc_hd__and3_1)
                                                         _11107_ (net)
                      0.128376    0.000201   19.477394 v _11979_/A (sky130_fd_sc_hd__or3_2)
     5    0.021970    0.269032    1.304136   20.781530 v _11979_/X (sky130_fd_sc_hd__or3_2)
                                                         _00258_ (net)
                      0.269035    0.000693   20.782223 v _11981_/B (sky130_fd_sc_hd__and3_1)
     2    0.009847    0.128447    0.492873   21.275097 v _11981_/X (sky130_fd_sc_hd__and3_1)
                                                         _00280_ (net)
                      0.128447    0.000190   21.275286 v _12019_/A1 (sky130_fd_sc_hd__o211a_1)
     2    0.007868    0.115205    0.476165   21.751451 v _12019_/X (sky130_fd_sc_hd__o211a_1)
                                                         _00697_ (net)
                      0.115205    0.000083   21.751535 v _12021_/A2 (sky130_fd_sc_hd__o21a_1)
     2    0.007399    0.105097    0.368173   22.119707 v _12021_/X (sky130_fd_sc_hd__o21a_1)
                                                         _00719_ (net)
                      0.105097    0.000124   22.119831 v _12118_/B (sky130_fd_sc_hd__nor3_1)
     1    0.002476    0.243536    0.288834   22.408667 ^ _12118_/Y (sky130_fd_sc_hd__nor3_1)
                                                         _01598_ (net)
                      0.243536    0.000012   22.408678 ^ wire238/A (sky130_fd_sc_hd__buf_1)
     3    0.011823    0.234024    0.337897   22.746574 ^ wire238/X (sky130_fd_sc_hd__buf_1)
                                                         net238 (net)
                      0.234024    0.000085   22.746660 ^ _16802_/B1_N (sky130_fd_sc_hd__o21ba_1)
     2    0.009814    0.123701    0.389720   23.136381 v _16802_/X (sky130_fd_sc_hd__o21ba_1)
                                                         _06628_ (net)
                      0.123701    0.000115   23.136496 v _17945_/A2 (sky130_fd_sc_hd__o21bai_1)
     2    0.009118    0.373744    0.369289   23.505785 ^ _17945_/Y (sky130_fd_sc_hd__o21bai_1)
                                                         _07884_ (net)
                      0.373744    0.000078   23.505863 ^ _19186_/A2 (sky130_fd_sc_hd__a21o_1)
     3    0.009921    0.152835    0.391909   23.897772 ^ _19186_/X (sky130_fd_sc_hd__a21o_1)
                                                         _09248_ (net)
                      0.152835    0.000091   23.897861 ^ _20615_/A2 (sky130_fd_sc_hd__a21o_1)
     3    0.013075    0.192909    0.344214   24.242075 ^ _20615_/X (sky130_fd_sc_hd__a21o_1)
                                                         _10819_ (net)
                      0.192909    0.000155   24.242229 ^ _21715_/A1 (sky130_fd_sc_hd__a221o_1)
     1    0.003587    0.096791    0.335955   24.578186 ^ _21715_/X (sky130_fd_sc_hd__a221o_1)
                                                         _00849_ (net)
                      0.096791    0.000043   24.578228 ^ _21716_/B1 (sky130_fd_sc_hd__o311ai_1)
     1    0.005095    0.229783    0.262606   24.840834 v _21716_/Y (sky130_fd_sc_hd__o311ai_1)
                                                         _00850_ (net)
                      0.229783    0.000092   24.840927 v _21914_/A2 (sky130_fd_sc_hd__a31o_1)
     2    0.019114    0.193758    0.565166   25.406092 v _21914_/X (sky130_fd_sc_hd__a31o_1)
                                                         _01068_ (net)
                      0.193766    0.001085   25.407177 v _22033_/A2 (sky130_fd_sc_hd__o21a_1)
     2    0.029494    0.296589    0.563666   25.970844 v _22033_/X (sky130_fd_sc_hd__o21a_1)
                                                         _01199_ (net)
                      0.296619    0.002496   25.973339 v _22196_/A1 (sky130_fd_sc_hd__o22a_1)
     1    0.004562    0.103826    0.491758   26.465097 v _22196_/X (sky130_fd_sc_hd__o22a_1)
                                                         _01378_ (net)
                      0.103826    0.000080   26.465178 v _22243_/A2 (sky130_fd_sc_hd__o21ba_1)
     1    0.002708    0.063032    0.318536   26.783714 v _22243_/X (sky130_fd_sc_hd__o21ba_1)
                                                         _01430_ (net)
                      0.063032    0.000027   26.783741 v _22245_/B1 (sky130_fd_sc_hd__o32a_1)
     1    0.002141    0.104925    0.311980   27.095720 v _22245_/X (sky130_fd_sc_hd__o32a_1)
                                                         _00005_ (net)
                      0.104925    0.000023   27.095743 v _22395_/D (sky130_fd_sc_hd__dfxtp_4)
                                             27.095743   data arrival time

                                 25.000000   25.000000   clock clk (rise edge)
                                  0.000000   25.000000   clock source latency
     2    0.089058    0.637621    0.456684   25.456682 ^ clk (in)
                                                         clk (net)
                      0.638850    0.000000   25.456682 ^ clkbuf_0_clk/A (sky130_fd_sc_hd__clkbuf_16)
     2    0.027770    0.085092    0.470953   25.927635 ^ clkbuf_0_clk/X (sky130_fd_sc_hd__clkbuf_16)
                                                         clknet_0_clk (net)
                      0.085101    0.000677   25.928312 ^ clkbuf_1_1__f_clk/A (sky130_fd_sc_hd__clkbuf_16)
    18    0.047257    0.103466    0.264889   26.193201 ^ clkbuf_1_1__f_clk/X (sky130_fd_sc_hd__clkbuf_16)
                                                         clknet_1_1__leaf_clk (net)
                      0.103485    0.001062   26.194263 ^ _22395_/CLK (sky130_fd_sc_hd__dfxtp_4)
                                 -0.250000   25.944263   clock uncertainty
                                  0.000000   25.944263   clock reconvergence pessimism
                                 -0.278259   25.666006   library setup time
                                             25.666006   data required time
---------------------------------------------------------------------------------------------
                                             25.666006   data required time
                                            -27.095743   data arrival time
---------------------------------------------------------------------------------------------
                                             -1.429738   slack (VIOLATED)




===========================================================================
 report_check_types -max_slew -max_cap -max_fanout -violators
============================================================================
======================= min_ss_100C_1v60 Corner ===================================

max slew

Pin                                        Limit        Slew       Slack
------------------------------------------------------------------------
ANTENNA__20909__A/DIODE                 0.750000    1.060593   -0.310593 (VIOLATED)
_20909_/A                               0.750000    1.060593   -0.310593 (VIOLATED)
_20910_/A                               0.750000    1.060592   -0.310592 (VIOLATED)
_20908_/A                               0.750000    1.060591   -0.310591 (VIOLATED)
ANTENNA__20908__A/DIODE                 0.750000    1.060591   -0.310591 (VIOLATED)
ANTENNA__20910__A/DIODE                 0.750000    1.060587   -0.310587 (VIOLATED)
_20906_/Y                               0.750000    1.059948   -0.309948 (VIOLATED)
_19584_/A2                              0.750000    1.035788   -0.285788 (VIOLATED)
ANTENNA__19584__A2/DIODE                0.750000    1.035788   -0.285788 (VIOLATED)
_18334_/B                               0.750000    1.035788   -0.285788 (VIOLATED)
ANTENNA__18334__B/DIODE                 0.750000    1.035787   -0.285787 (VIOLATED)
_18333_/Y                               0.750000    1.035667   -0.285667 (VIOLATED)
ANTENNA_wire241_A/DIODE                 0.750000    1.002146   -0.252146 (VIOLATED)
wire241/A                               0.750000    1.002146   -0.252146 (VIOLATED)
_17097_/Y                               0.750000    1.002133   -0.252133 (VIOLATED)
_19489_/A                               0.750000    0.970081   -0.220081 (VIOLATED)
ANTENNA__19489__A/DIODE                 0.750000    0.970080   -0.220080 (VIOLATED)
_19488_/B                               0.750000    0.970078   -0.220078 (VIOLATED)
ANTENNA__19488__B/DIODE                 0.750000    0.970078   -0.220078 (VIOLATED)
_19486_/X                               0.750000    0.969410   -0.219410 (VIOLATED)
_21983_/B                               0.750000    0.952651   -0.202651 (VIOLATED)
ANTENNA__21983__B/DIODE                 0.750000    0.952650   -0.202650 (VIOLATED)
_21982_/Y                               0.750000    0.952096   -0.202096 (VIOLATED)
ANTENNA__21904__B/DIODE                 0.750000    0.926880   -0.176880 (VIOLATED)
_21904_/B                               0.750000    0.926880   -0.176881 (VIOLATED)
_21903_/Y                               0.750000    0.926863   -0.176863 (VIOLATED)
_19491_/A1                              0.750000    0.886043   -0.136043 (VIOLATED)
ANTENNA__19491__A1/DIODE                0.750000    0.886043   -0.136043 (VIOLATED)
_18239_/A                               0.750000    0.886039   -0.136039 (VIOLATED)
ANTENNA__18239__A/DIODE                 0.750000    0.886037   -0.136037 (VIOLATED)
_18237_/X                               0.750000    0.885558   -0.135558 (VIOLATED)
ANTENNA__15917__C/DIODE                 0.750000    0.884433   -0.134433 (VIOLATED)
_15917_/C                               0.750000    0.884433   -0.134433 (VIOLATED)
_15918_/A2                              0.750000    0.884433   -0.134433 (VIOLATED)
ANTENNA__15918__A2/DIODE                0.750000    0.884433   -0.134433 (VIOLATED)
ANTENNA__15923__B1/DIODE                0.750000    0.884432   -0.134432 (VIOLATED)
_15923_/B1                              0.750000    0.884432   -0.134432 (VIOLATED)
_15916_/Y                               0.750000    0.884331   -0.134331 (VIOLATED)
_20582_/B                               0.750000    0.879596   -0.129596 (VIOLATED)
_20583_/B                               0.750000    0.879596   -0.129596 (VIOLATED)
ANTENNA__20583__B/DIODE                 0.750000    0.879595   -0.129595 (VIOLATED)
ANTENNA__20582__B/DIODE                 0.750000    0.879592   -0.129592 (VIOLATED)
_20581_/Y                               0.750000    0.879287   -0.129287 (VIOLATED)
_21817_/A                               0.750000    0.875055   -0.125055 (VIOLATED)
ANTENNA__21817__A/DIODE                 0.750000    0.875055   -0.125055 (VIOLATED)
_21769_/Y                               0.750000    0.874946   -0.124946 (VIOLATED)
ANTENNA__21621__B/DIODE                 0.750000    0.849477   -0.099477 (VIOLATED)
_21621_/B                               0.750000    0.849477   -0.099477 (VIOLATED)
_21620_/Y                               0.750000    0.849456   -0.099456 (VIOLATED)
ANTENNA__19634__A/DIODE                 0.750000    0.848359   -0.098359 (VIOLATED)
_19634_/A                               0.750000    0.848359   -0.098359 (VIOLATED)
_19635_/A                               0.750000    0.848359   -0.098359 (VIOLATED)
ANTENNA__19635__A/DIODE                 0.750000    0.848359   -0.098359 (VIOLATED)
_21356_/B1                              0.750000    0.848358   -0.098358 (VIOLATED)
_21357_/A                               0.750000    0.848357   -0.098357 (VIOLATED)
ANTENNA__21357__A/DIODE                 0.750000    0.848357   -0.098357 (VIOLATED)
ANTENNA__21356__B1/DIODE                0.750000    0.848356   -0.098356 (VIOLATED)
_22042_/A                               0.750000    0.848333   -0.098333 (VIOLATED)
ANTENNA__22042__A/DIODE                 0.750000    0.848328   -0.098328 (VIOLATED)
ANTENNA__15197__A2/DIODE                0.750000    0.848307   -0.098307 (VIOLATED)
_15197_/A2                              0.750000    0.848307   -0.098307 (VIOLATED)
_20794_/B                               0.750000    0.848297   -0.098297 (VIOLATED)
ANTENNA__20794__B/DIODE                 0.750000    0.848294   -0.098294 (VIOLATED)
_21614_/A3                              0.750000    0.848288   -0.098288 (VIOLATED)
ANTENNA__21614__A3/DIODE                0.750000    0.848288   -0.098288 (VIOLATED)
_15196_/Y                               0.750000    0.848284   -0.098284 (VIOLATED)
_13767_/B1                              0.750000    0.840380   -0.090380 (VIOLATED)
ANTENNA__13767__B1/DIODE                0.750000    0.840379   -0.090379 (VIOLATED)
_13766_/A                               0.750000    0.840379   -0.090379 (VIOLATED)
ANTENNA__13766__A/DIODE                 0.750000    0.840379   -0.090379 (VIOLATED)
_13764_/Y                               0.750000    0.840324   -0.090324 (VIOLATED)
ANTENNA__16482__B/DIODE                 0.750000    0.837354   -0.087354 (VIOLATED)
_16482_/B                               0.750000    0.837354   -0.087354 (VIOLATED)
ANTENNA__16485__B/DIODE                 0.750000    0.837354   -0.087354 (VIOLATED)
_16485_/B                               0.750000    0.837354   -0.087354 (VIOLATED)
_16481_/Y                               0.750000    0.837347   -0.087347 (VIOLATED)
_13441_/B                               0.750000    0.822656   -0.072656 (VIOLATED)
_13442_/A                               0.750000    0.822656   -0.072656 (VIOLATED)
ANTENNA__13441__B/DIODE                 0.750000    0.822656   -0.072656 (VIOLATED)
ANTENNA__13442__A/DIODE                 0.750000    0.822654   -0.072654 (VIOLATED)
_13342_/X                               0.750000    0.822296   -0.072296 (VIOLATED)
_19491_/A2                              0.750000    0.818466   -0.068466 (VIOLATED)
ANTENNA__19491__A2/DIODE                0.750000    0.818464   -0.068464 (VIOLATED)
_18239_/B                               0.750000    0.818462   -0.068462 (VIOLATED)
ANTENNA__18239__B/DIODE                 0.750000    0.818459   -0.068459 (VIOLATED)
_18238_/Y                               0.750000    0.818094   -0.068094 (VIOLATED)
_22385_/B1                              0.750000    0.815250   -0.065250 (VIOLATED)
ANTENNA__22385__B1/DIODE                0.750000    0.815250   -0.065250 (VIOLATED)
ANTENNA__22032__B1/DIODE                0.750000    0.815250   -0.065250 (VIOLATED)
_22032_/B1                              0.750000    0.815249   -0.065249 (VIOLATED)
ANTENNA__22321__A/DIODE                 0.750000    0.815241   -0.065241 (VIOLATED)
_22321_/A                               0.750000    0.815241   -0.065241 (VIOLATED)
_22303_/B1                              0.750000    0.815237   -0.065237 (VIOLATED)
ANTENNA__22303__B1/DIODE                0.750000    0.815234   -0.065234 (VIOLATED)
ANTENNA__22308__A2/DIODE                0.750000    0.815222   -0.065222 (VIOLATED)
_22308_/A2                              0.750000    0.815221   -0.065221 (VIOLATED)
_22291_/A2                              0.750000    0.815210   -0.065210 (VIOLATED)
ANTENNA__22291__A2/DIODE                0.750000    0.815209   -0.065209 (VIOLATED)
ANTENNA__22276__A2/DIODE                0.750000    0.815204   -0.065204 (VIOLATED)
ANTENNA__21271__A1/DIODE                0.750000    0.815204   -0.065204 (VIOLATED)
_21271_/A1                              0.750000    0.815204   -0.065204 (VIOLATED)
ANTENNA__17696__A1/DIODE                0.750000    0.815204   -0.065204 (VIOLATED)
_17696_/A1                              0.750000    0.815204   -0.065204 (VIOLATED)
ANTENNA__22355__A1/DIODE                0.750000    0.815203   -0.065203 (VIOLATED)
_16517_/Y                               0.750000    0.815203   -0.065203 (VIOLATED)
_22276_/A2                              0.750000    0.815203   -0.065203 (VIOLATED)
_22355_/A1                              0.750000    0.815203   -0.065203 (VIOLATED)
_20590_/A1                              0.750000    0.811889   -0.061889 (VIOLATED)
ANTENNA__20590__A1/DIODE                0.750000    0.811889   -0.061889 (VIOLATED)
_19832_/A                               0.750000    0.811887   -0.061887 (VIOLATED)
ANTENNA__19832__A/DIODE                 0.750000    0.811886   -0.061886 (VIOLATED)
ANTENNA__20580__B1/DIODE                0.750000    0.811727   -0.061727 (VIOLATED)
_19830_/Y                               0.750000    0.811727   -0.061727 (VIOLATED)
_20580_/B1                              0.750000    0.811727   -0.061727 (VIOLATED)
ANTENNA__20240__B1_N/DIODE              0.750000    0.798085   -0.048085 (VIOLATED)
_20240_/B1_N                            0.750000    0.798085   -0.048085 (VIOLATED)
_20241_/C_N                             0.750000    0.798085   -0.048085 (VIOLATED)
ANTENNA__20241__C_N/DIODE               0.750000    0.798084   -0.048084 (VIOLATED)
_20239_/Y                               0.750000    0.798073   -0.048073 (VIOLATED)
ANTENNA__18723__A/DIODE                 0.750000    0.795521   -0.045521 (VIOLATED)
_18723_/A                               0.750000    0.795521   -0.045521 (VIOLATED)
_18722_/A                               0.750000    0.795521   -0.045521 (VIOLATED)
ANTENNA__18722__A/DIODE                 0.750000    0.795521   -0.045521 (VIOLATED)
_15832_/A_N                             0.750000    0.795521   -0.045521 (VIOLATED)
ANTENNA__15832__A_N/DIODE               0.750000    0.795520   -0.045520 (VIOLATED)
_17207_/B                               0.750000    0.795520   -0.045520 (VIOLATED)
_17208_/B                               0.750000    0.795520   -0.045520 (VIOLATED)
ANTENNA__17208__B/DIODE                 0.750000    0.795520   -0.045520 (VIOLATED)
ANTENNA__17207__B/DIODE                 0.750000    0.795519   -0.045519 (VIOLATED)
ANTENNA__15844__A/DIODE                 0.750000    0.795516   -0.045516 (VIOLATED)
_15844_/A                               0.750000    0.795516   -0.045516 (VIOLATED)
_20093_/A2                              0.750000    0.795513   -0.045513 (VIOLATED)
ANTENNA__20093__A2/DIODE                0.750000    0.795513   -0.045513 (VIOLATED)
ANTENNA__14662__B/DIODE                 0.750000    0.795511   -0.045511 (VIOLATED)
ANTENNA__14663__B/DIODE                 0.750000    0.795511   -0.045511 (VIOLATED)
ANTENNA__19134__C/DIODE                 0.750000    0.795511   -0.045511 (VIOLATED)
_14661_/Y                               0.750000    0.795511   -0.045511 (VIOLATED)
_14662_/B                               0.750000    0.795511   -0.045511 (VIOLATED)
_14663_/B                               0.750000    0.795511   -0.045511 (VIOLATED)
_19134_/C                               0.750000    0.795511   -0.045511 (VIOLATED)
_11367_/A                               0.750000    0.788525   -0.038525 (VIOLATED)
ANTENNA__11367__A/DIODE                 0.750000    0.788525   -0.038525 (VIOLATED)
_11453_/A1                              0.750000    0.788524   -0.038524 (VIOLATED)
ANTENNA__11453__A1/DIODE                0.750000    0.788524   -0.038524 (VIOLATED)
_11650_/B                               0.750000    0.788523   -0.038523 (VIOLATED)
ANTENNA__11650__B/DIODE                 0.750000    0.788523   -0.038523 (VIOLATED)
_11651_/B                               0.750000    0.788521   -0.038521 (VIOLATED)
ANTENNA__11651__B/DIODE                 0.750000    0.788521   -0.038521 (VIOLATED)
_16345_/A                               0.750000    0.788518   -0.038518 (VIOLATED)
ANTENNA__16345__A/DIODE                 0.750000    0.788518   -0.038518 (VIOLATED)
ANTENNA__11817__B/DIODE                 0.750000    0.788517   -0.038517 (VIOLATED)
ANTENNA__11819__A3/DIODE                0.750000    0.788517   -0.038517 (VIOLATED)
ANTENNA__11821__A2/DIODE                0.750000    0.788517   -0.038517 (VIOLATED)
ANTENNA__16335__A1/DIODE                0.750000    0.788517   -0.038517 (VIOLATED)
_11361_/X                               0.750000    0.788517   -0.038517 (VIOLATED)
_11817_/B                               0.750000    0.788517   -0.038517 (VIOLATED)
_11819_/A3                              0.750000    0.788517   -0.038517 (VIOLATED)
_11821_/A2                              0.750000    0.788517   -0.038517 (VIOLATED)
_16335_/A1                              0.750000    0.788517   -0.038517 (VIOLATED)
_15116_/A1                              0.750000    0.788310   -0.038310 (VIOLATED)
ANTENNA__15116__A1/DIODE                0.750000    0.788310   -0.038310 (VIOLATED)
_15115_/A                               0.750000    0.788309   -0.038309 (VIOLATED)
ANTENNA__15115__A/DIODE                 0.750000    0.788309   -0.038309 (VIOLATED)
_13129_/Y                               0.750000    0.788262   -0.038262 (VIOLATED)
_13442_/B                               0.750000    0.787678   -0.037678 (VIOLATED)
_13441_/A_N                             0.750000    0.787678   -0.037678 (VIOLATED)
ANTENNA__13441__A_N/DIODE               0.750000    0.787678   -0.037678 (VIOLATED)
ANTENNA__13442__B/DIODE                 0.750000    0.787677   -0.037677 (VIOLATED)
_13440_/Y                               0.750000    0.787385   -0.037385 (VIOLATED)
_11988_/A                               0.750000    0.786630   -0.036630 (VIOLATED)
ANTENNA__11988__A/DIODE                 0.750000    0.786630   -0.036630 (VIOLATED)
_11960_/A1                              0.750000    0.786629   -0.036629 (VIOLATED)
ANTENNA__11960__A1/DIODE                0.750000    0.786628   -0.036628 (VIOLATED)
ANTENNA__16450__A/DIODE                 0.750000    0.786611   -0.036611 (VIOLATED)
_16450_/A                               0.750000    0.786611   -0.036611 (VIOLATED)
_16442_/A                               0.750000    0.786611   -0.036611 (VIOLATED)
ANTENNA__16442__A/DIODE                 0.750000    0.786610   -0.036610 (VIOLATED)
_11957_/Y                               0.750000    0.786538   -0.036538 (VIOLATED)
ANTENNA__17267__B1/DIODE                0.750000    0.784607   -0.034607 (VIOLATED)
_17267_/B1                              0.750000    0.784607   -0.034607 (VIOLATED)
_17266_/A                               0.750000    0.784607   -0.034607 (VIOLATED)
ANTENNA__17266__A/DIODE                 0.750000    0.784607   -0.034607 (VIOLATED)
_17235_/Y                               0.750000    0.784577   -0.034577 (VIOLATED)
ANTENNA__13874__B/DIODE                 0.750000    0.779214   -0.029214 (VIOLATED)
_13874_/B                               0.750000    0.779214   -0.029214 (VIOLATED)
_13881_/B                               0.750000    0.779212   -0.029212 (VIOLATED)
ANTENNA__13881__B/DIODE                 0.750000    0.779212   -0.029212 (VIOLATED)
ANTENNA__13873__B/DIODE                 0.750000    0.779211   -0.029211 (VIOLATED)
_13873_/B                               0.750000    0.779211   -0.029211 (VIOLATED)
_17809_/A1                              0.750000    0.779174   -0.029174 (VIOLATED)
ANTENNA__17809__A1/DIODE                0.750000    0.779174   -0.029174 (VIOLATED)
_16684_/A                               0.750000    0.779173   -0.029173 (VIOLATED)
ANTENNA__16684__A/DIODE                 0.750000    0.779173   -0.029173 (VIOLATED)
ANTENNA__20135__A1/DIODE                0.750000    0.779144   -0.029144 (VIOLATED)
_20135_/A1                              0.750000    0.779144   -0.029144 (VIOLATED)
_18864_/A                               0.750000    0.779143   -0.029143 (VIOLATED)
ANTENNA__18864__A/DIODE                 0.750000    0.779140   -0.029140 (VIOLATED)
_13872_/Y                               0.750000    0.779134   -0.029134 (VIOLATED)
_11907_/A1                              0.750000    0.777488   -0.027488 (VIOLATED)
ANTENNA__11907__A1/DIODE                0.750000    0.777488   -0.027488 (VIOLATED)
_11906_/A                               0.750000    0.777488   -0.027488 (VIOLATED)
ANTENNA__11906__A/DIODE                 0.750000    0.777487   -0.027488 (VIOLATED)
ANTENNA__11756__B/DIODE                 0.750000    0.777468   -0.027468 (VIOLATED)
ANTENNA__11888__B/DIODE                 0.750000    0.777468   -0.027468 (VIOLATED)
_11755_/Y                               0.750000    0.777468   -0.027468 (VIOLATED)
_11756_/B                               0.750000    0.777468   -0.027468 (VIOLATED)
_11888_/B                               0.750000    0.777468   -0.027468 (VIOLATED)
_17480_/A                               0.750000    0.774976   -0.024976 (VIOLATED)
ANTENNA__17480__A/DIODE                 0.750000    0.774976   -0.024976 (VIOLATED)
_15616_/A                               0.750000    0.774975   -0.024975 (VIOLATED)
ANTENNA__15616__A/DIODE                 0.750000    0.774974   -0.024974 (VIOLATED)
_16025_/B                               0.750000    0.774961   -0.024961 (VIOLATED)
ANTENNA__16025__B/DIODE                 0.750000    0.774961   -0.024961 (VIOLATED)
_22327_/A1                              0.750000    0.774960   -0.024960 (VIOLATED)
ANTENNA__22327__A1/DIODE                0.750000    0.774960   -0.024960 (VIOLATED)
_20053_/A1                              0.750000    0.774958   -0.024958 (VIOLATED)
_20052_/A                               0.750000    0.774958   -0.024958 (VIOLATED)
ANTENNA__20052__A/DIODE                 0.750000    0.774958   -0.024958 (VIOLATED)
ANTENNA__20053__A1/DIODE                0.750000    0.774958   -0.024958 (VIOLATED)
_16139_/A                               0.750000    0.774954   -0.024954 (VIOLATED)
ANTENNA__16139__A/DIODE                 0.750000    0.774954   -0.024954 (VIOLATED)
ANTENNA__16125__A1/DIODE                0.750000    0.774953   -0.024953 (VIOLATED)
_15609_/Y                               0.750000    0.774953   -0.024953 (VIOLATED)
_16125_/A1                              0.750000    0.774953   -0.024953 (VIOLATED)
_13457_/A                               0.750000    0.774306   -0.024306 (VIOLATED)
ANTENNA__13457__A/DIODE                 0.750000    0.774304   -0.024304 (VIOLATED)
_13454_/B                               0.750000    0.774303   -0.024303 (VIOLATED)
ANTENNA__13454__B/DIODE                 0.750000    0.774301   -0.024301 (VIOLATED)
_21597_/B                               0.750000    0.774035   -0.024035 (VIOLATED)
ANTENNA__21597__B/DIODE                 0.750000    0.774035   -0.024035 (VIOLATED)
_13445_/X                               0.750000    0.774031   -0.024031 (VIOLATED)
ANTENNA__20733__A/DIODE                 0.750000    0.773965   -0.023965 (VIOLATED)
_20731_/Y                               0.750000    0.773965   -0.023965 (VIOLATED)
_20733_/A                               0.750000    0.773965   -0.023965 (VIOLATED)
_11291_/B1                              0.750000    0.773741   -0.023741 (VIOLATED)
ANTENNA__11291__B1/DIODE                0.750000    0.773741   -0.023741 (VIOLATED)
_11998_/A                               0.750000    0.773741   -0.023741 (VIOLATED)
ANTENNA__11998__A/DIODE                 0.750000    0.773740   -0.023740 (VIOLATED)
ANTENNA__13608__A2/DIODE                0.750000    0.773705   -0.023705 (VIOLATED)
_13608_/A2                              0.750000    0.773705   -0.023705 (VIOLATED)
_11289_/Y                               0.750000    0.773701   -0.023701 (VIOLATED)
_16856_/A1                              0.750000    0.771701   -0.021701 (VIOLATED)
ANTENNA__16856__A1/DIODE                0.750000    0.771701   -0.021701 (VIOLATED)
_13038_/A                               0.750000    0.771701   -0.021701 (VIOLATED)
ANTENNA__13038__A/DIODE                 0.750000    0.771701   -0.021701 (VIOLATED)
_13015_/Y                               0.750000    0.771696   -0.021696 (VIOLATED)
_19997_/A                               0.750000    0.769615   -0.019615 (VIOLATED)
_19996_/A                               0.750000    0.769615   -0.019615 (VIOLATED)
ANTENNA__19996__A/DIODE                 0.750000    0.769615   -0.019615 (VIOLATED)
ANTENNA__19997__A/DIODE                 0.750000    0.769614   -0.019614 (VIOLATED)
_21210_/A                               0.750000    0.769591   -0.019591 (VIOLATED)
ANTENNA__21210__A/DIODE                 0.750000    0.769588   -0.019588 (VIOLATED)
_21209_/A_N                             0.750000    0.769585   -0.019585 (VIOLATED)
ANTENNA__21209__A_N/DIODE               0.750000    0.769585   -0.019585 (VIOLATED)
fanout257/A                             0.750000    0.769546   -0.019546 (VIOLATED)
ANTENNA_fanout257_A/DIODE               0.750000    0.769546   -0.019546 (VIOLATED)
_11763_/Y                               0.750000    0.769539   -0.019539 (VIOLATED)
_15745_/B                               0.750000    0.764452   -0.014452 (VIOLATED)
_15779_/A2                              0.750000    0.764452   -0.014452 (VIOLATED)
ANTENNA__15779__A2/DIODE                0.750000    0.764452   -0.014452 (VIOLATED)
ANTENNA__15745__B/DIODE                 0.750000    0.764452   -0.014452 (VIOLATED)
_21998_/A                               0.750000    0.764452   -0.014452 (VIOLATED)
_13990_/A                               0.750000    0.764451   -0.014451 (VIOLATED)
ANTENNA__21998__A/DIODE                 0.750000    0.764451   -0.014451 (VIOLATED)
_13989_/A                               0.750000    0.764451   -0.014451 (VIOLATED)
ANTENNA__13989__A/DIODE                 0.750000    0.764451   -0.014451 (VIOLATED)
ANTENNA__13990__A/DIODE                 0.750000    0.764451   -0.014451 (VIOLATED)
_22125_/A                               0.750000    0.764451   -0.014451 (VIOLATED)
ANTENNA__22125__A/DIODE                 0.750000    0.764450   -0.014450 (VIOLATED)
ANTENNA__13063__A2/DIODE                0.750000    0.764446   -0.014446 (VIOLATED)
ANTENNA__13066__B/DIODE                 0.750000    0.764446   -0.014446 (VIOLATED)
_13062_/Y                               0.750000    0.764446   -0.014446 (VIOLATED)
_13063_/A2                              0.750000    0.764446   -0.014446 (VIOLATED)
_13066_/B                               0.750000    0.764446   -0.014446 (VIOLATED)
ANTENNA__20649__A_N/DIODE               0.750000    0.755468   -0.005468 (VIOLATED)
_20649_/A_N                             0.750000    0.755468   -0.005468 (VIOLATED)
_19115_/B                               0.750000    0.755467   -0.005467 (VIOLATED)
_19116_/A1                              0.750000    0.755467   -0.005467 (VIOLATED)
ANTENNA__19115__B/DIODE                 0.750000    0.755467   -0.005467 (VIOLATED)
ANTENNA__19116__A1/DIODE                0.750000    0.755466   -0.005466 (VIOLATED)
_19113_/Y                               0.750000    0.755462   -0.005462 (VIOLATED)
_20899_/A                               0.750000    0.752737   -0.002737 (VIOLATED)
ANTENNA__20899__A/DIODE                 0.750000    0.752731   -0.002731 (VIOLATED)
_20898_/A                               0.750000    0.752729   -0.002729 (VIOLATED)
ANTENNA__20898__A/DIODE                 0.750000    0.752728   -0.002728 (VIOLATED)
_22118_/A1                              0.750000    0.752597   -0.002597 (VIOLATED)
ANTENNA__22118__A1/DIODE                0.750000    0.752596   -0.002596 (VIOLATED)
ANTENNA__21376__A/DIODE                 0.750000    0.752595   -0.002595 (VIOLATED)
_20890_/Y                               0.750000    0.752595   -0.002595 (VIOLATED)
_21376_/A                               0.750000    0.752595   -0.002595 (VIOLATED)

max fanout

Pin                                   Limit Fanout  Slack
---------------------------------------------------------
_11446_/Y                                10     20    -10 (VIOLATED)
_11543_/Y                                10     20    -10 (VIOLATED)
_11758_/Y                                10     20    -10 (VIOLATED)
_12250_/X                                10     20    -10 (VIOLATED)
_13115_/X                                10     20    -10 (VIOLATED)
_13155_/Y                                10     20    -10 (VIOLATED)
_14661_/Y                                10     20    -10 (VIOLATED)
_14753_/Y                                10     20    -10 (VIOLATED)
_15566_/Y                                10     20    -10 (VIOLATED)
_16075_/Y                                10     20    -10 (VIOLATED)
_16517_/Y                                10     20    -10 (VIOLATED)
fanout253/X                              10     20    -10 (VIOLATED)
fanout256/X                              10     20    -10 (VIOLATED)
fanout257/X                              10     20    -10 (VIOLATED)
fanout258/X                              10     20    -10 (VIOLATED)
fanout259/X                              10     20    -10 (VIOLATED)
fanout260/X                              10     20    -10 (VIOLATED)
fanout262/X                              10     20    -10 (VIOLATED)
fanout264/X                              10     20    -10 (VIOLATED)
fanout266/X                              10     20    -10 (VIOLATED)
fanout267/X                              10     20    -10 (VIOLATED)
fanout269/X                              10     20    -10 (VIOLATED)
fanout271/X                              10     20    -10 (VIOLATED)
fanout273/X                              10     20    -10 (VIOLATED)
fanout274/X                              10     20    -10 (VIOLATED)
fanout275/X                              10     20    -10 (VIOLATED)
fanout277/X                              10     20    -10 (VIOLATED)
fanout279/X                              10     20    -10 (VIOLATED)
fanout282/X                              10     20    -10 (VIOLATED)
fanout283/X                              10     20    -10 (VIOLATED)
fanout290/X                              10     20    -10 (VIOLATED)
fanout292/X                              10     20    -10 (VIOLATED)
fanout298/X                              10     20    -10 (VIOLATED)
fanout304/X                              10     20    -10 (VIOLATED)
fanout305/X                              10     20    -10 (VIOLATED)
fanout306/X                              10     20    -10 (VIOLATED)
fanout307/X                              10     20    -10 (VIOLATED)
fanout308/X                              10     20    -10 (VIOLATED)
fanout310/X                              10     20    -10 (VIOLATED)
fanout313/X                              10     20    -10 (VIOLATED)
fanout316/X                              10     20    -10 (VIOLATED)
fanout319/X                              10     20    -10 (VIOLATED)
fanout323/X                              10     20    -10 (VIOLATED)
fanout324/X                              10     20    -10 (VIOLATED)
fanout325/X                              10     20    -10 (VIOLATED)
fanout326/X                              10     20    -10 (VIOLATED)
fanout327/X                              10     20    -10 (VIOLATED)
fanout328/X                              10     20    -10 (VIOLATED)
fanout329/X                              10     20    -10 (VIOLATED)
fanout330/X                              10     20    -10 (VIOLATED)
fanout333/X                              10     20    -10 (VIOLATED)
fanout337/X                              10     20    -10 (VIOLATED)
fanout338/X                              10     20    -10 (VIOLATED)
fanout340/X                              10     20    -10 (VIOLATED)
fanout341/X                              10     20    -10 (VIOLATED)
fanout343/X                              10     20    -10 (VIOLATED)
fanout346/X                              10     20    -10 (VIOLATED)
fanout348/X                              10     20    -10 (VIOLATED)
fanout349/X                              10     20    -10 (VIOLATED)
fanout350/X                              10     20    -10 (VIOLATED)
fanout353/X                              10     20    -10 (VIOLATED)
fanout357/X                              10     20    -10 (VIOLATED)
fanout358/X                              10     20    -10 (VIOLATED)
fanout359/X                              10     20    -10 (VIOLATED)
fanout360/X                              10     20    -10 (VIOLATED)
fanout363/X                              10     20    -10 (VIOLATED)
fanout365/X                              10     20    -10 (VIOLATED)
fanout368/X                              10     20    -10 (VIOLATED)
fanout371/X                              10     20    -10 (VIOLATED)
fanout373/X                              10     20    -10 (VIOLATED)
fanout374/X                              10     20    -10 (VIOLATED)
fanout375/X                              10     20    -10 (VIOLATED)
fanout376/X                              10     20    -10 (VIOLATED)
fanout377/X                              10     20    -10 (VIOLATED)
fanout378/X                              10     20    -10 (VIOLATED)
fanout380/X                              10     20    -10 (VIOLATED)
fanout382/X                              10     20    -10 (VIOLATED)
fanout383/X                              10     20    -10 (VIOLATED)
fanout385/X                              10     20    -10 (VIOLATED)
fanout386/X                              10     20    -10 (VIOLATED)
fanout388/X                              10     20    -10 (VIOLATED)
fanout390/X                              10     20    -10 (VIOLATED)
fanout392/X                              10     20    -10 (VIOLATED)
fanout393/X                              10     20    -10 (VIOLATED)
fanout394/X                              10     20    -10 (VIOLATED)
fanout395/X                              10     20    -10 (VIOLATED)
fanout396/X                              10     20    -10 (VIOLATED)
fanout398/X                              10     20    -10 (VIOLATED)
fanout399/X                              10     20    -10 (VIOLATED)
fanout400/X                              10     20    -10 (VIOLATED)
fanout402/X                              10     20    -10 (VIOLATED)
fanout405/X                              10     20    -10 (VIOLATED)
fanout407/X                              10     20    -10 (VIOLATED)
fanout408/X                              10     20    -10 (VIOLATED)
fanout413/X                              10     20    -10 (VIOLATED)
fanout417/X                              10     20    -10 (VIOLATED)
fanout419/X                              10     20    -10 (VIOLATED)
fanout421/X                              10     20    -10 (VIOLATED)
fanout423/X                              10     20    -10 (VIOLATED)
fanout424/X                              10     20    -10 (VIOLATED)
fanout425/X                              10     20    -10 (VIOLATED)
fanout427/X                              10     20    -10 (VIOLATED)
fanout431/X                              10     20    -10 (VIOLATED)
fanout435/X                              10     20    -10 (VIOLATED)
fanout437/X                              10     20    -10 (VIOLATED)
fanout439/X                              10     20    -10 (VIOLATED)
fanout445/X                              10     20    -10 (VIOLATED)
fanout448/X                              10     20    -10 (VIOLATED)
fanout450/X                              10     20    -10 (VIOLATED)
fanout453/X                              10     20    -10 (VIOLATED)
fanout454/X                              10     20    -10 (VIOLATED)
fanout455/X                              10     20    -10 (VIOLATED)
fanout458/X                              10     20    -10 (VIOLATED)
fanout460/X                              10     20    -10 (VIOLATED)
fanout461/X                              10     20    -10 (VIOLATED)
fanout462/X                              10     20    -10 (VIOLATED)
fanout464/X                              10     20    -10 (VIOLATED)
fanout465/X                              10     20    -10 (VIOLATED)
fanout466/X                              10     20    -10 (VIOLATED)
fanout468/X                              10     20    -10 (VIOLATED)
fanout469/X                              10     20    -10 (VIOLATED)
fanout472/X                              10     20    -10 (VIOLATED)
fanout476/X                              10     20    -10 (VIOLATED)
fanout477/X                              10     20    -10 (VIOLATED)
fanout478/X                              10     20    -10 (VIOLATED)
fanout481/X                              10     20    -10 (VIOLATED)
fanout482/X                              10     20    -10 (VIOLATED)
fanout484/X                              10     20    -10 (VIOLATED)
fanout485/X                              10     20    -10 (VIOLATED)
fanout489/X                              10     20    -10 (VIOLATED)
fanout492/X                              10     20    -10 (VIOLATED)
fanout493/X                              10     20    -10 (VIOLATED)
fanout494/X                              10     20    -10 (VIOLATED)
fanout496/X                              10     20    -10 (VIOLATED)
fanout498/X                              10     20    -10 (VIOLATED)
fanout499/X                              10     20    -10 (VIOLATED)
fanout501/X                              10     20    -10 (VIOLATED)
fanout503/X                              10     20    -10 (VIOLATED)
fanout506/X                              10     20    -10 (VIOLATED)
fanout508/X                              10     20    -10 (VIOLATED)
fanout512/X                              10     20    -10 (VIOLATED)
fanout514/X                              10     20    -10 (VIOLATED)
fanout515/X                              10     20    -10 (VIOLATED)
fanout517/X                              10     20    -10 (VIOLATED)
fanout520/X                              10     20    -10 (VIOLATED)
fanout521/X                              10     20    -10 (VIOLATED)
fanout522/X                              10     20    -10 (VIOLATED)
fanout526/X                              10     20    -10 (VIOLATED)
fanout527/X                              10     20    -10 (VIOLATED)
fanout531/X                              10     20    -10 (VIOLATED)
fanout532/X                              10     20    -10 (VIOLATED)
fanout533/X                              10     20    -10 (VIOLATED)
fanout534/X                              10     20    -10 (VIOLATED)
fanout537/X                              10     20    -10 (VIOLATED)
fanout539/X                              10     20    -10 (VIOLATED)
fanout540/X                              10     20    -10 (VIOLATED)
fanout543/X                              10     20    -10 (VIOLATED)
fanout544/X                              10     20    -10 (VIOLATED)
fanout548/X                              10     20    -10 (VIOLATED)
fanout551/X                              10     20    -10 (VIOLATED)
fanout553/X                              10     20    -10 (VIOLATED)
fanout557/X                              10     20    -10 (VIOLATED)
fanout563/X                              10     20    -10 (VIOLATED)
fanout566/X                              10     20    -10 (VIOLATED)
fanout569/X                              10     20    -10 (VIOLATED)
fanout573/X                              10     20    -10 (VIOLATED)
fanout574/X                              10     20    -10 (VIOLATED)
fanout577/X                              10     20    -10 (VIOLATED)
fanout580/X                              10     20    -10 (VIOLATED)
fanout581/X                              10     20    -10 (VIOLATED)
fanout583/X                              10     20    -10 (VIOLATED)
fanout584/X                              10     20    -10 (VIOLATED)
fanout586/X                              10     20    -10 (VIOLATED)
fanout589/X                              10     20    -10 (VIOLATED)
input10/X                                10     20    -10 (VIOLATED)
input121/X                               10     20    -10 (VIOLATED)
input122/X                               10     20    -10 (VIOLATED)
input174/X                               10     20    -10 (VIOLATED)
input27/X                                10     20    -10 (VIOLATED)
input40/X                                10     20    -10 (VIOLATED)
input67/X                                10     20    -10 (VIOLATED)
input69/X                                10     20    -10 (VIOLATED)
input70/X                                10     20    -10 (VIOLATED)
input95/X                                10     20    -10 (VIOLATED)
_11241_/Y                                10     18     -8 (VIOLATED)
_11286_/Y                                10     18     -8 (VIOLATED)
_11299_/Y                                10     18     -8 (VIOLATED)
_11361_/X                                10     18     -8 (VIOLATED)
_11449_/Y                                10     18     -8 (VIOLATED)
_12083_/Y                                10     18     -8 (VIOLATED)
_12314_/X                                10     18     -8 (VIOLATED)
_13074_/X                                10     18     -8 (VIOLATED)
_13086_/X                                10     18     -8 (VIOLATED)
_13135_/Y                                10     18     -8 (VIOLATED)
_13713_/Y                                10     18     -8 (VIOLATED)
_14670_/Y                                10     18     -8 (VIOLATED)
_15567_/Y                                10     18     -8 (VIOLATED)
clkbuf_1_1__f_clk/X                      10     18     -8 (VIOLATED)
fanout334/X                              10     18     -8 (VIOLATED)
fanout345/X                              10     18     -8 (VIOLATED)
fanout347/X                              10     18     -8 (VIOLATED)
fanout352/X                              10     18     -8 (VIOLATED)
fanout364/X                              10     18     -8 (VIOLATED)
fanout370/X                              10     18     -8 (VIOLATED)
fanout389/X                              10     18     -8 (VIOLATED)
fanout404/X                              10     18     -8 (VIOLATED)
fanout430/X                              10     18     -8 (VIOLATED)
fanout438/X                              10     18     -8 (VIOLATED)
fanout457/X                              10     18     -8 (VIOLATED)
fanout459/X                              10     18     -8 (VIOLATED)
fanout475/X                              10     18     -8 (VIOLATED)
fanout480/X                              10     18     -8 (VIOLATED)
fanout497/X                              10     18     -8 (VIOLATED)
fanout504/X                              10     18     -8 (VIOLATED)
fanout505/X                              10     18     -8 (VIOLATED)
fanout525/X                              10     18     -8 (VIOLATED)
fanout570/X                              10     18     -8 (VIOLATED)
fanout582/X                              10     18     -8 (VIOLATED)
input26/X                                10     18     -8 (VIOLATED)
input33/X                                10     18     -8 (VIOLATED)
input43/X                                10     18     -8 (VIOLATED)
input62/X                                10     18     -8 (VIOLATED)
input68/X                                10     18     -8 (VIOLATED)
input79/X                                10     18     -8 (VIOLATED)
input86/X                                10     18     -8 (VIOLATED)
input87/X                                10     18     -8 (VIOLATED)
input89/X                                10     18     -8 (VIOLATED)
input94/X                                10     18     -8 (VIOLATED)
max_cap263/X                             10     18     -8 (VIOLATED)
wire379/X                                10     18     -8 (VIOLATED)
_11197_/Y                                10     16     -6 (VIOLATED)
_11203_/Y                                10     16     -6 (VIOLATED)
_11207_/Y                                10     16     -6 (VIOLATED)
_11217_/Y                                10     16     -6 (VIOLATED)
_11250_/Y                                10     16     -6 (VIOLATED)
_11444_/X                                10     16     -6 (VIOLATED)
_11851_/Y                                10     16     -6 (VIOLATED)
_12085_/Y                                10     16     -6 (VIOLATED)
_12092_/X                                10     16     -6 (VIOLATED)
_12421_/Y                                10     16     -6 (VIOLATED)
_12650_/Y                                10     16     -6 (VIOLATED)
_13062_/Y                                10     16     -6 (VIOLATED)
_13101_/X                                10     16     -6 (VIOLATED)
_13598_/Y                                10     16     -6 (VIOLATED)
_13709_/X                                10     16     -6 (VIOLATED)
_13876_/X                                10     16     -6 (VIOLATED)
_14620_/Y                                10     16     -6 (VIOLATED)
_15196_/Y                                10     16     -6 (VIOLATED)
_15609_/Y                                10     16     -6 (VIOLATED)
_15634_/X                                10     16     -6 (VIOLATED)
_15636_/Y                                10     16     -6 (VIOLATED)
_16518_/Y                                10     16     -6 (VIOLATED)
fanout311/X                              10     16     -6 (VIOLATED)
fanout322/X                              10     16     -6 (VIOLATED)
fanout356/X                              10     16     -6 (VIOLATED)
fanout367/X                              10     16     -6 (VIOLATED)
fanout391/X                              10     16     -6 (VIOLATED)
fanout401/X                              10     16     -6 (VIOLATED)
fanout406/X                              10     16     -6 (VIOLATED)
fanout411/X                              10     16     -6 (VIOLATED)
fanout415/X                              10     16     -6 (VIOLATED)
fanout416/X                              10     16     -6 (VIOLATED)
fanout422/X                              10     16     -6 (VIOLATED)
fanout449/X                              10     16     -6 (VIOLATED)
fanout523/X                              10     16     -6 (VIOLATED)
fanout529/X                              10     16     -6 (VIOLATED)
fanout549/X                              10     16     -6 (VIOLATED)
fanout578/X                              10     16     -6 (VIOLATED)
input104/X                               10     16     -6 (VIOLATED)
input158/X                               10     16     -6 (VIOLATED)
input210/X                               10     16     -6 (VIOLATED)
input220/X                               10     16     -6 (VIOLATED)
input41/X                                10     16     -6 (VIOLATED)
input85/X                                10     16     -6 (VIOLATED)
wire295/X                                10     16     -6 (VIOLATED)
wire303/X                                10     16     -6 (VIOLATED)
_11206_/Y                                10     14     -4 (VIOLATED)
_11208_/Y                                10     14     -4 (VIOLATED)
_11211_/Y                                10     14     -4 (VIOLATED)
_11238_/X                                10     14     -4 (VIOLATED)
_11358_/Y                                10     14     -4 (VIOLATED)
_11421_/X                                10     14     -4 (VIOLATED)
_11624_/Y                                10     14     -4 (VIOLATED)
_11760_/X                                10     14     -4 (VIOLATED)
_12176_/Y                                10     14     -4 (VIOLATED)
_12177_/X                                10     14     -4 (VIOLATED)
_12224_/Y                                10     14     -4 (VIOLATED)
_13088_/Y                                10     14     -4 (VIOLATED)
_13104_/Y                                10     14     -4 (VIOLATED)
_13154_/X                                10     14     -4 (VIOLATED)
_13174_/Y                                10     14     -4 (VIOLATED)
_13314_/Y                                10     14     -4 (VIOLATED)
_13325_/Y                                10     14     -4 (VIOLATED)
_13668_/X                                10     14     -4 (VIOLATED)
_13864_/Y                                10     14     -4 (VIOLATED)
_13872_/Y                                10     14     -4 (VIOLATED)
_13880_/Y                                10     14     -4 (VIOLATED)
_14636_/X                                10     14     -4 (VIOLATED)
_14734_/Y                                10     14     -4 (VIOLATED)
_14754_/Y                                10     14     -4 (VIOLATED)
_14759_/X                                10     14     -4 (VIOLATED)
_15237_/Y                                10     14     -4 (VIOLATED)
_15278_/X                                10     14     -4 (VIOLATED)
_15573_/X                                10     14     -4 (VIOLATED)
_15600_/X                                10     14     -4 (VIOLATED)
_15621_/Y                                10     14     -4 (VIOLATED)
_16072_/X                                10     14     -4 (VIOLATED)
_16687_/X                                10     14     -4 (VIOLATED)
clkbuf_1_0__f_clk/X                      10     14     -4 (VIOLATED)
fanout314/X                              10     14     -4 (VIOLATED)
fanout362/X                              10     14     -4 (VIOLATED)
fanout381/X                              10     14     -4 (VIOLATED)
fanout420/X                              10     14     -4 (VIOLATED)
fanout428/X                              10     14     -4 (VIOLATED)
fanout432/X                              10     14     -4 (VIOLATED)
fanout452/X                              10     14     -4 (VIOLATED)
fanout488/X                              10     14     -4 (VIOLATED)
fanout510/X                              10     14     -4 (VIOLATED)
fanout511/X                              10     14     -4 (VIOLATED)
fanout524/X                              10     14     -4 (VIOLATED)
fanout575/X                              10     14     -4 (VIOLATED)
fanout588/X                              10     14     -4 (VIOLATED)
input123/X                               10     14     -4 (VIOLATED)
input176/X                               10     14     -4 (VIOLATED)
input28/X                                10     14     -4 (VIOLATED)
input45/X                                10     14     -4 (VIOLATED)
input80/X                                10     14     -4 (VIOLATED)
input92/X                                10     14     -4 (VIOLATED)
input93/X                                10     14     -4 (VIOLATED)
input96/X                                10     14     -4 (VIOLATED)
max_cap293/X                             10     14     -4 (VIOLATED)
wire552/X                                10     14     -4 (VIOLATED)
_11196_/Y                                10     12     -2 (VIOLATED)
_11242_/Y                                10     12     -2 (VIOLATED)
_11313_/Y                                10     12     -2 (VIOLATED)
_11323_/X                                10     12     -2 (VIOLATED)
_11342_/X                                10     12     -2 (VIOLATED)
_11343_/Y                                10     12     -2 (VIOLATED)
_11360_/Y                                10     12     -2 (VIOLATED)
_11445_/Y                                10     12     -2 (VIOLATED)
_11681_/Y                                10     12     -2 (VIOLATED)
_11854_/X                                10     12     -2 (VIOLATED)
_11991_/Y                                10     12     -2 (VIOLATED)
_12226_/Y                                10     12     -2 (VIOLATED)
_12333_/Y                                10     12     -2 (VIOLATED)
_12334_/X                                10     12     -2 (VIOLATED)
_13118_/X                                10     12     -2 (VIOLATED)
_13119_/Y                                10     12     -2 (VIOLATED)
_13197_/X                                10     12     -2 (VIOLATED)
_13235_/Y                                10     12     -2 (VIOLATED)
_13319_/Y                                10     12     -2 (VIOLATED)
_13447_/Y                                10     12     -2 (VIOLATED)
_13490_/Y                                10     12     -2 (VIOLATED)
_13586_/Y                                10     12     -2 (VIOLATED)
_13597_/Y                                10     12     -2 (VIOLATED)
_13858_/Y                                10     12     -2 (VIOLATED)
_13862_/Y                                10     12     -2 (VIOLATED)
_13870_/Y                                10     12     -2 (VIOLATED)
_13882_/Y                                10     12     -2 (VIOLATED)
_14158_/X                                10     12     -2 (VIOLATED)
_14667_/Y                                10     12     -2 (VIOLATED)
_14674_/X                                10     12     -2 (VIOLATED)
_14684_/Y                                10     12     -2 (VIOLATED)
_14841_/X                                10     12     -2 (VIOLATED)
_14911_/Y                                10     12     -2 (VIOLATED)
_15027_/Y                                10     12     -2 (VIOLATED)
_15311_/Y                                10     12     -2 (VIOLATED)
_15351_/Y                                10     12     -2 (VIOLATED)
_15446_/Y                                10     12     -2 (VIOLATED)
_15610_/X                                10     12     -2 (VIOLATED)
_15646_/X                                10     12     -2 (VIOLATED)
_16608_/X                                10     12     -2 (VIOLATED)
_16712_/Y                                10     12     -2 (VIOLATED)
_17774_/X                                10     12     -2 (VIOLATED)
_19041_/Y                                10     12     -2 (VIOLATED)
_19058_/Y                                10     12     -2 (VIOLATED)
fanout272/X                              10     12     -2 (VIOLATED)
fanout276/X                              10     12     -2 (VIOLATED)
fanout315/X                              10     12     -2 (VIOLATED)
fanout321/X                              10     12     -2 (VIOLATED)
fanout342/X                              10     12     -2 (VIOLATED)
fanout355/X                              10     12     -2 (VIOLATED)
fanout372/X                              10     12     -2 (VIOLATED)
fanout384/X                              10     12     -2 (VIOLATED)
fanout397/X                              10     12     -2 (VIOLATED)
fanout433/X                              10     12     -2 (VIOLATED)
fanout436/X                              10     12     -2 (VIOLATED)
fanout441/X                              10     12     -2 (VIOLATED)
fanout446/X                              10     12     -2 (VIOLATED)
fanout456/X                              10     12     -2 (VIOLATED)
fanout463/X                              10     12     -2 (VIOLATED)
fanout467/X                              10     12     -2 (VIOLATED)
fanout473/X                              10     12     -2 (VIOLATED)
fanout474/X                              10     12     -2 (VIOLATED)
fanout509/X                              10     12     -2 (VIOLATED)
fanout513/X                              10     12     -2 (VIOLATED)
fanout530/X                              10     12     -2 (VIOLATED)
fanout536/X                              10     12     -2 (VIOLATED)
fanout538/X                              10     12     -2 (VIOLATED)
fanout542/X                              10     12     -2 (VIOLATED)
fanout546/X                              10     12     -2 (VIOLATED)
fanout547/X                              10     12     -2 (VIOLATED)
fanout564/X                              10     12     -2 (VIOLATED)
fanout567/X                              10     12     -2 (VIOLATED)
input159/X                               10     12     -2 (VIOLATED)
input177/X                               10     12     -2 (VIOLATED)
input193/X                               10     12     -2 (VIOLATED)
input63/X                                10     12     -2 (VIOLATED)
input90/X                                10     12     -2 (VIOLATED)
input91/X                                10     12     -2 (VIOLATED)
max_cap254/X                             10     12     -2 (VIOLATED)
max_cap286/X                             10     12     -2 (VIOLATED)
max_cap291/X                             10     12     -2 (VIOLATED)
wire255/X                                10     12     -2 (VIOLATED)



===========================================================================
report_parasitic_annotation -report_unannotated
============================================================================
Found 23 unannotated drivers.
 input_data[127]
 input_data[191]
 input_data[207]
 input_data[208]
 input_data[209]
 input_data[210]
 input_data[211]
 input_data[212]
 input_data[213]
 input_data[214]
 input_data[215]
 input_data[216]
 input_data[217]
 input_data[218]
 input_data[219]
 input_data[220]
 input_data[221]
 input_data[222]
 input_data[223]
 input_data[238]
 input_data[239]
 input_data[63]
 input_data[79]
Found 0 partially unannotated drivers.

===========================================================================
max slew violation count 290
max fanout violation count 414
max cap violation count 0
============================================================================

===========================================================================
check_setup -verbose -unconstrained_endpoints -multiple_clock -no_clock -no_input_delay -loops -generated_clocks
===========================================================================
