┏━━━━━━━━━━━━━━━━━━┳━━━━━━━━━━┳━━━━━━━━━┳━━━━━━━━━┳━━━━━━━━━━━━━━┳━━━━━━━┓
┃ Partial/Required ┃ Required ┃ Partial ┃ Net     ┃ Pin          ┃ Layer ┃
┡━━━━━━━━━━━━━━━━━━╇━━━━━━━━━━╇━━━━━━━━━╇━━━━━━━━━╇━━━━━━━━━━━━━━╇━━━━━━━┩
│ 3.80             │ 400.00   │ 1521.71 │ net457  │ _30047_/A1   │ met3  │
│ 3.42             │ 400.00   │ 1369.17 │ net101  │ _22128_/A1   │ met2  │
│ 2.60             │ 400.00   │ 1038.79 │ net44   │ fanout562/A  │ met3  │
│ 2.31             │ 400.00   │ 924.88  │ net251  │ output251/A  │ met3  │
│ 2.27             │ 400.00   │ 907.15  │ _11527_ │ _41019_/A    │ met3  │
│ 2.19             │ 400.00   │ 877.89  │ _12717_ │ _23189_/B    │ met1  │
│ 1.99             │ 400.00   │ 795.17  │ _00774_ │ _21592_/B    │ met2  │
│ 1.90             │ 400.00   │ 761.83  │ net40   │ _35910_/A2   │ met3  │
│ 1.90             │ 400.00   │ 761.83  │ net40   │ _35909_/B    │ met3  │
│ 1.86             │ 400.00   │ 743.58  │ net876  │ fanout872/A  │ met2  │
│ 1.80             │ 400.00   │ 721.44  │ net103  │ _22327_/B    │ met3  │
│ 1.80             │ 400.00   │ 721.44  │ net103  │ _22326_/B    │ met3  │
│ 1.63             │ 400.00   │ 652.25  │ net949  │ _35763_/A1_N │ met1  │
│ 1.62             │ 400.00   │ 647.56  │ net115  │ _38670_/A    │ met1  │
│ 1.52             │ 400.00   │ 607.55  │ net246  │ output246/A  │ met1  │
│ 1.49             │ 400.00   │ 597.00  │ net77   │ fanout485/A  │ met1  │
│ 1.44             │ 400.00   │ 576.32  │ net3    │ fanout597/A  │ met3  │
│ 1.41             │ 400.00   │ 564.43  │ net213  │ _21404_/A1   │ met3  │
│ 1.40             │ 400.00   │ 559.40  │ net828  │ _26264_/A    │ met2  │
│ 1.40             │ 400.00   │ 559.40  │ net828  │ _26263_/A    │ met2  │
│ 1.37             │ 400.00   │ 546.13  │ net25   │ fanout608/A  │ met2  │
│ 1.36             │ 400.00   │ 545.46  │ _17649_ │ _29396_/A2   │ met1  │
│ 1.31             │ 400.00   │ 523.89  │ _17068_ │ _28805_/B1_N │ met1  │
│ 1.26             │ 400.00   │ 502.27  │ _11079_ │ _40600_/A    │ met3  │
│ 1.25             │ 400.00   │ 501.69  │ net7    │ _35480_/B    │ met3  │
│ 1.25             │ 400.00   │ 501.69  │ net7    │ _35479_/B    │ met3  │
│ 1.25             │ 400.00   │ 501.69  │ net7    │ fanout512/A  │ met3  │
│ 1.23             │ 400.00   │ 492.86  │ net847  │ _32402_/A    │ met1  │
│ 1.21             │ 400.00   │ 485.22  │ _18666_ │ _26962_/A    │ met1  │
│ 1.12             │ 400.00   │ 448.45  │ net612  │ _32426_/A1   │ met3  │
│ 1.12             │ 400.00   │ 446.78  │ _18135_ │ _29822_/A    │ met1  │
│ 1.09             │ 400.00   │ 436.23  │ net879  │ _24559_/A    │ met1  │
│ 1.08             │ 400.00   │ 433.63  │ net569  │ _30326_/B    │ met1  │
│ 1.07             │ 400.00   │ 427.64  │ _13348_ │ _25436_/B    │ met3  │
│ 1.06             │ 400.00   │ 423.81  │ net876  │ fanout875/A  │ met1  │
│ 1.06             │ 400.00   │ 422.33  │ _12087_ │ _22624_/A_N  │ met1  │
│ 1.02             │ 400.00   │ 407.07  │ _03196_ │ _33639_/A2   │ met2  │
│ 1.01             │ 400.00   │ 403.94  │ net43   │ fanout564/A  │ met1  │
│ 1.01             │ 400.00   │ 403.78  │ _14717_ │ _35272_/B    │ met1  │
│ 1.00             │ 400.00   │ 400.61  │ net8    │ fanout478/A  │ met1  │
└──────────────────┴──────────┴─────────┴─────────┴──────────────┴───────┘
