
===========================================================================
report_checks -unconstrained
===========================================================================
======================= min_ff_n40C_1v95 Corner ===================================

Startpoint: input_data[48] (input port clocked by clk)
Endpoint: _41569_ (rising edge-triggered flip-flop clocked by clk)
Path Group: clk
Path Type: max

Fanout         Cap        Slew       Delay        Time   Description
---------------------------------------------------------------------------------------------
                                  0.000000    0.000000   clock clk (rise edge)
                                  0.000000    0.000000   clock network delay (propagated)
                                  5.000000    5.000000 v input external delay
     2    0.005359    0.008801    0.004651    5.004652 v input_data[48] (in)
                                                         input_data[48] (net)
                      0.008801    0.000000    5.004652 v input177/A (sky130_fd_sc_hd__clkbuf_2)
     2    0.049180    0.127901    0.145427    5.150078 v input177/X (sky130_fd_sc_hd__clkbuf_2)
                                                         net177 (net)
                      0.127952    0.002137    5.152215 v fanout1042/A (sky130_fd_sc_hd__buf_4)
     8    0.046809    0.053708    0.159987    5.312202 v fanout1042/X (sky130_fd_sc_hd__buf_4)
                                                         net1042 (net)
                      0.054185    0.004078    5.316279 v wire1043/A (sky130_fd_sc_hd__clkbuf_4)
     6    0.078685    0.110476    0.175296    5.491575 v wire1043/X (sky130_fd_sc_hd__clkbuf_4)
                                                         net1043 (net)
                      0.110697    0.004085    5.495660 v fanout1041/A (sky130_fd_sc_hd__clkbuf_8)
    20    0.102166    0.082537    0.172472    5.668132 v fanout1041/X (sky130_fd_sc_hd__clkbuf_8)
                                                         net1041 (net)
                      0.086738    0.014473    5.682605 v _20841_/A (sky130_fd_sc_hd__inv_2)
     1    0.010286    0.047598    0.066842    5.749447 ^ _20841_/Y (sky130_fd_sc_hd__inv_2)
                                                         _13293_ (net)
                      0.047603    0.000414    5.749861 ^ fanout544/A (sky130_fd_sc_hd__buf_4)
    18    0.103898    0.216522    0.200667    5.950528 ^ fanout544/X (sky130_fd_sc_hd__buf_4)
                                                         net544 (net)
                      0.217855    0.013780    5.964307 ^ fanout543/A (sky130_fd_sc_hd__clkbuf_4)
    12    0.065020    0.150970    0.212473    6.176781 ^ fanout543/X (sky130_fd_sc_hd__clkbuf_4)
                                                         net543 (net)
                      0.151426    0.006717    6.183497 ^ fanout542/A (sky130_fd_sc_hd__buf_4)
    20    0.086744    0.181436    0.198611    6.382109 ^ fanout542/X (sky130_fd_sc_hd__buf_4)
                                                         net542 (net)
                      0.181752    0.006241    6.388350 ^ _21551_/A (sky130_fd_sc_hd__nand2_2)
     8    0.034704    0.113584    0.109671    6.498021 v _21551_/Y (sky130_fd_sc_hd__nand2_2)
                                                         _00334_ (net)
                      0.113587    0.000488    6.498508 v _21683_/B (sky130_fd_sc_hd__nand2_4)
     8    0.051885    0.124686    0.143765    6.642273 ^ _21683_/Y (sky130_fd_sc_hd__nand2_4)
                                                         _01785_ (net)
                      0.124697    0.000956    6.643229 ^ wire373/A (sky130_fd_sc_hd__clkbuf_4)
     6    0.079876    0.183878    0.214311    6.857541 ^ wire373/X (sky130_fd_sc_hd__clkbuf_4)
                                                         net373 (net)
                      0.184051    0.004749    6.862289 ^ _31819_/B2 (sky130_fd_sc_hd__o22ai_2)
     2    0.012262    0.067371    0.048833    6.911123 v _31819_/Y (sky130_fd_sc_hd__o22ai_2)
                                                         _01441_ (net)
                      0.067378    0.000525    6.911648 v _31820_/B (sky130_fd_sc_hd__nand2_1)
     3    0.015378    0.113482    0.115924    7.027572 ^ _31820_/Y (sky130_fd_sc_hd__nand2_1)
                                                         _01442_ (net)
                      0.113482    0.000143    7.027716 ^ _31822_/A (sky130_fd_sc_hd__nand2_1)
     2    0.014019    0.074321    0.079562    7.107277 v _31822_/Y (sky130_fd_sc_hd__nand2_1)
                                                         _01445_ (net)
                      0.074322    0.000288    7.107565 v _31839_/A (sky130_fd_sc_hd__xor2_2)
     2    0.011932    0.066339    0.138041    7.245606 v _31839_/X (sky130_fd_sc_hd__xor2_2)
                                                         _01463_ (net)
                      0.066339    0.000086    7.245692 v _31842_/A (sky130_fd_sc_hd__xnor2_2)
     2    0.013383    0.062527    0.121137    7.366829 v _31842_/Y (sky130_fd_sc_hd__xnor2_2)
                                                         _01467_ (net)
                      0.062529    0.000255    7.367084 v _31843_/B (sky130_fd_sc_hd__xnor2_2)
     4    0.019267    0.210617    0.186999    7.554083 ^ _31843_/Y (sky130_fd_sc_hd__xnor2_2)
                                                         _01468_ (net)
                      0.210618    0.000339    7.554422 ^ _31844_/B (sky130_fd_sc_hd__nor2_1)
     3    0.009862    0.068419    0.059333    7.613755 v _31844_/Y (sky130_fd_sc_hd__nor2_1)
                                                         _01469_ (net)
                      0.068419    0.000094    7.613849 v _31846_/A1 (sky130_fd_sc_hd__o21ai_1)
     2    0.008459    0.137801    0.148566    7.762416 ^ _31846_/Y (sky130_fd_sc_hd__o21ai_1)
                                                         _01471_ (net)
                      0.137801    0.000098    7.762514 ^ _31847_/B1 (sky130_fd_sc_hd__o21ai_2)
     1    0.018856    0.075966    0.062204    7.824718 v _31847_/Y (sky130_fd_sc_hd__o21ai_2)
                                                         _01472_ (net)
                      0.075970    0.000412    7.825130 v _31848_/B (sky130_fd_sc_hd__xnor2_4)
     4    0.050398    0.302582    0.261650    8.086781 ^ _31848_/Y (sky130_fd_sc_hd__xnor2_4)
                                                         _01473_ (net)
                      0.302730    0.005375    8.092155 ^ _31859_/A (sky130_fd_sc_hd__xor2_4)
     2    0.020588    0.084042    0.082136    8.174292 v _31859_/X (sky130_fd_sc_hd__xor2_4)
                                                         _01485_ (net)
                      0.084045    0.000367    8.174659 v _31860_/B (sky130_fd_sc_hd__xnor2_4)
     4    0.057784    0.339132    0.289445    8.464104 ^ _31860_/Y (sky130_fd_sc_hd__xnor2_4)
                                                         _01486_ (net)
                      0.339449    0.008286    8.472389 ^ _31869_/A (sky130_fd_sc_hd__xor2_1)
     2    0.009576    0.167626    0.154007    8.626396 ^ _31869_/X (sky130_fd_sc_hd__xor2_1)
                                                         _01496_ (net)
                      0.167626    0.000155    8.626552 ^ _31872_/A (sky130_fd_sc_hd__xnor2_1)
     2    0.007935    0.064228    0.076953    8.703504 v _31872_/Y (sky130_fd_sc_hd__xnor2_1)
                                                         _01500_ (net)
                      0.064228    0.000076    8.703580 v _31873_/B (sky130_fd_sc_hd__xnor2_1)
     2    0.011143    0.198039    0.184927    8.888507 ^ _31873_/Y (sky130_fd_sc_hd__xnor2_1)
                                                         _01501_ (net)
                      0.198039    0.000130    8.888637 ^ _31875_/A (sky130_fd_sc_hd__xnor2_1)
     2    0.004385    0.054063    0.060178    8.948814 v _31875_/Y (sky130_fd_sc_hd__xnor2_1)
                                                         _01503_ (net)
                      0.054063    0.000044    8.948859 v _31876_/C (sky130_fd_sc_hd__or3_1)
     3    0.010899    0.072654    0.215854    9.164713 v _31876_/X (sky130_fd_sc_hd__or3_1)
                                                         _01504_ (net)
                      0.072654    0.000107    9.164820 v _31878_/B (sky130_fd_sc_hd__and3_1)
     3    0.009227    0.046401    0.139011    9.303831 v _31878_/X (sky130_fd_sc_hd__and3_1)
                                                         _01506_ (net)
                      0.046401    0.000075    9.303905 v _31880_/B (sky130_fd_sc_hd__nor3_1)
     3    0.011339    0.254418    0.228666    9.532572 ^ _31880_/Y (sky130_fd_sc_hd__nor3_1)
                                                         _01508_ (net)
                      0.254418    0.000146    9.532717 ^ _31882_/B (sky130_fd_sc_hd__nor3_1)
     3    0.009034    0.079067    0.067066    9.599784 v _31882_/Y (sky130_fd_sc_hd__nor3_1)
                                                         _01511_ (net)
                      0.079068    0.000121    9.599904 v _31884_/B (sky130_fd_sc_hd__or3_2)
     3    0.015248    0.078369    0.305780    9.905684 v _31884_/X (sky130_fd_sc_hd__or3_2)
                                                         _01513_ (net)
                      0.078370    0.000374    9.906058 v _31887_/A1 (sky130_fd_sc_hd__a211oi_2)
     2    0.010775    0.186681    0.191243   10.097301 ^ _31887_/Y (sky130_fd_sc_hd__a211oi_2)
                                                         _01516_ (net)
                      0.186681    0.000217   10.097519 ^ _31889_/A2 (sky130_fd_sc_hd__o211a_1)
     2    0.010173    0.071624    0.124514   10.222033 ^ _31889_/X (sky130_fd_sc_hd__o211a_1)
                                                         _01518_ (net)
                      0.071624    0.000165   10.222198 ^ _31890_/C1 (sky130_fd_sc_hd__a211o_1)
     4    0.018982    0.128872    0.132443   10.354640 ^ _31890_/X (sky130_fd_sc_hd__a211o_1)
                                                         _01519_ (net)
                      0.128873    0.000248   10.354888 ^ _31892_/B1 (sky130_fd_sc_hd__o211ai_2)
     3    0.013182    0.068379    0.072801   10.427690 v _31892_/Y (sky130_fd_sc_hd__o211ai_2)
                                                         _01522_ (net)
                      0.068380    0.000196   10.427885 v _33989_/A2 (sky130_fd_sc_hd__a21oi_2)
     3    0.021718    0.204195    0.200894   10.628779 ^ _33989_/Y (sky130_fd_sc_hd__a21oi_2)
                                                         _03827_ (net)
                      0.204196    0.000402   10.629182 ^ _36126_/A2 (sky130_fd_sc_hd__o21bai_2)
     3    0.012995    0.062491    0.064929   10.694111 v _36126_/Y (sky130_fd_sc_hd__o21bai_2)
                                                         _06177_ (net)
                      0.062492    0.000167   10.694278 v _38361_/A2 (sky130_fd_sc_hd__a21o_2)
     3    0.021176    0.054761    0.178083   10.872361 v _38361_/X (sky130_fd_sc_hd__a21o_2)
                                                         _08633_ (net)
                      0.054762    0.000210   10.872572 v _40338_/A2 (sky130_fd_sc_hd__a311oi_4)
     2    0.044478    0.439023    0.391793   11.264365 ^ _40338_/Y (sky130_fd_sc_hd__a311oi_4)
                                                         _10807_ (net)
                      0.439130    0.005335   11.269700 ^ _40674_/A2 (sky130_fd_sc_hd__o31ai_1)
     1    0.003027    0.077941    0.044984   11.314685 v _40674_/Y (sky130_fd_sc_hd__o31ai_1)
                                                         _11177_ (net)
                      0.077941    0.000029   11.314713 v _40830_/A1 (sky130_fd_sc_hd__a21o_1)
     1    0.009534    0.044239    0.133459   11.448174 v _40830_/X (sky130_fd_sc_hd__a21o_1)
                                                         _11348_ (net)
                      0.044242    0.000322   11.448495 v _41078_/A1 (sky130_fd_sc_hd__a211oi_2)
     2    0.031332    0.410057    0.346625   11.795120 ^ _41078_/Y (sky130_fd_sc_hd__a211oi_2)
                                                         _11621_ (net)
                      0.410085    0.002768   11.797888 ^ _41277_/A1 (sky130_fd_sc_hd__o21ba_1)
     2    0.027298    0.205946    0.220776   12.018663 ^ _41277_/X (sky130_fd_sc_hd__o21ba_1)
                                                         _11840_ (net)
                      0.205982    0.002260   12.020924 ^ _41396_/A1 (sky130_fd_sc_hd__o21bai_1)
     1    0.015273    0.101715    0.114216   12.135139 v _41396_/Y (sky130_fd_sc_hd__o21bai_1)
                                                         _11971_ (net)
                      0.101724    0.000822   12.135962 v _41516_/A1 (sky130_fd_sc_hd__a21oi_1)
     1    0.004661    0.100847    0.124613   12.260575 ^ _41516_/Y (sky130_fd_sc_hd__a21oi_1)
                                                         _12103_ (net)
                      0.100847    0.000080   12.260655 ^ _41551_/A1 (sky130_fd_sc_hd__o21a_1)
     1    0.003763    0.035478    0.087722   12.348377 ^ _41551_/X (sky130_fd_sc_hd__o21a_1)
                                                         _12141_ (net)
                      0.035478    0.000029   12.348406 ^ _41553_/A1 (sky130_fd_sc_hd__o21a_1)
     1    0.003000    0.030283    0.072289   12.420695 ^ _41553_/X (sky130_fd_sc_hd__o21a_1)
                                                         _00015_ (net)
                      0.030283    0.000039   12.420734 ^ _41569_/D (sky130_fd_sc_hd__dfxtp_1)
                                             12.420734   data arrival time

                                 25.000000   25.000000   clock clk (rise edge)
                                  0.000000   25.000000   clock source latency
     2    0.142170    0.480026    0.335204   25.335203 ^ clk (in)
                                                         clk (net)
                      0.480264    0.000000   25.335203 ^ clkbuf_0_clk/A (sky130_fd_sc_hd__clkbuf_16)
     4    0.032396    0.051293    0.146040   25.481243 ^ clkbuf_0_clk/X (sky130_fd_sc_hd__clkbuf_16)
                                                         clknet_0_clk (net)
                      0.051296    0.000725   25.481968 ^ clkbuf_1_1__f_clk/A (sky130_fd_sc_hd__clkbuf_16)
    14    0.059594    0.059247    0.113065   25.595032 ^ clkbuf_1_1__f_clk/X (sky130_fd_sc_hd__clkbuf_16)
                                                         clknet_1_1__leaf_clk (net)
                      0.059323    0.001673   25.596706 ^ _41569_/CLK (sky130_fd_sc_hd__dfxtp_1)
                                 -0.250000   25.346706   clock uncertainty
                                  0.000000   25.346706   clock reconvergence pessimism
                                 -0.028031   25.318676   library setup time
                                             25.318676   data required time
---------------------------------------------------------------------------------------------
                                             25.318676   data required time
                                            -12.420734   data arrival time
---------------------------------------------------------------------------------------------
                                             12.897942   slack (MET)




===========================================================================
report_checks --slack_max -0.01
============================================================================
======================= min_ff_n40C_1v95 Corner ===================================

No paths found.


===========================================================================
 report_check_types -max_slew -max_cap -max_fanout -violators
============================================================================
======================= min_ff_n40C_1v95 Corner ===================================

max fanout

Pin                                   Limit Fanout  Slack
---------------------------------------------------------
_20799_/Y                                10     20    -10 (VIOLATED)
_20906_/Y                                10     20    -10 (VIOLATED)
_21566_/Y                                10     20    -10 (VIOLATED)
_21599_/Y                                10     20    -10 (VIOLATED)
_21949_/Y                                10     20    -10 (VIOLATED)
_22288_/Y                                10     20    -10 (VIOLATED)
_23505_/X                                10     20    -10 (VIOLATED)
_24617_/Y                                10     20    -10 (VIOLATED)
_25951_/Y                                10     20    -10 (VIOLATED)
_28059_/Y                                10     20    -10 (VIOLATED)
_30818_/Y                                10     20    -10 (VIOLATED)
_38580_/X                                10     20    -10 (VIOLATED)
fanout1000/X                             10     20    -10 (VIOLATED)
fanout1001/X                             10     20    -10 (VIOLATED)
fanout1005/X                             10     20    -10 (VIOLATED)
fanout1006/X                             10     20    -10 (VIOLATED)
fanout1008/X                             10     20    -10 (VIOLATED)
fanout1010/X                             10     20    -10 (VIOLATED)
fanout1011/X                             10     20    -10 (VIOLATED)
fanout1012/X                             10     20    -10 (VIOLATED)
fanout1015/X                             10     20    -10 (VIOLATED)
fanout1016/X                             10     20    -10 (VIOLATED)
fanout1019/X                             10     20    -10 (VIOLATED)
fanout1021/X                             10     20    -10 (VIOLATED)
fanout1023/X                             10     20    -10 (VIOLATED)
fanout1027/X                             10     20    -10 (VIOLATED)
fanout1033/X                             10     20    -10 (VIOLATED)
fanout1034/X                             10     20    -10 (VIOLATED)
fanout1037/X                             10     20    -10 (VIOLATED)
fanout1039/X                             10     20    -10 (VIOLATED)
fanout1041/X                             10     20    -10 (VIOLATED)
fanout1063/X                             10     20    -10 (VIOLATED)
fanout1067/X                             10     20    -10 (VIOLATED)
fanout1068/X                             10     20    -10 (VIOLATED)
fanout1070/X                             10     20    -10 (VIOLATED)
fanout1074/X                             10     20    -10 (VIOLATED)
fanout1078/X                             10     20    -10 (VIOLATED)
fanout1081/X                             10     20    -10 (VIOLATED)
fanout1083/X                             10     20    -10 (VIOLATED)
fanout1086/X                             10     20    -10 (VIOLATED)
fanout1097/X                             10     20    -10 (VIOLATED)
fanout1101/X                             10     20    -10 (VIOLATED)
fanout1103/X                             10     20    -10 (VIOLATED)
fanout1109/X                             10     20    -10 (VIOLATED)
fanout1115/X                             10     20    -10 (VIOLATED)
fanout1116/X                             10     20    -10 (VIOLATED)
fanout1117/X                             10     20    -10 (VIOLATED)
fanout1122/X                             10     20    -10 (VIOLATED)
fanout1126/X                             10     20    -10 (VIOLATED)
fanout1127/X                             10     20    -10 (VIOLATED)
fanout1128/X                             10     20    -10 (VIOLATED)
fanout1132/X                             10     20    -10 (VIOLATED)
fanout1133/X                             10     20    -10 (VIOLATED)
fanout1134/X                             10     20    -10 (VIOLATED)
fanout1139/X                             10     20    -10 (VIOLATED)
fanout1141/X                             10     20    -10 (VIOLATED)
fanout1142/X                             10     20    -10 (VIOLATED)
fanout1147/X                             10     20    -10 (VIOLATED)
fanout1148/X                             10     20    -10 (VIOLATED)
fanout1149/X                             10     20    -10 (VIOLATED)
fanout1150/X                             10     20    -10 (VIOLATED)
fanout1156/X                             10     20    -10 (VIOLATED)
fanout1157/X                             10     20    -10 (VIOLATED)
fanout1160/X                             10     20    -10 (VIOLATED)
fanout1164/X                             10     20    -10 (VIOLATED)
fanout1166/X                             10     20    -10 (VIOLATED)
fanout1169/X                             10     20    -10 (VIOLATED)
fanout1174/X                             10     20    -10 (VIOLATED)
fanout1186/X                             10     20    -10 (VIOLATED)
fanout1188/X                             10     20    -10 (VIOLATED)
fanout1194/X                             10     20    -10 (VIOLATED)
fanout1200/X                             10     20    -10 (VIOLATED)
fanout1201/X                             10     20    -10 (VIOLATED)
fanout1204/X                             10     20    -10 (VIOLATED)
fanout1208/X                             10     20    -10 (VIOLATED)
fanout1209/X                             10     20    -10 (VIOLATED)
fanout1216/X                             10     20    -10 (VIOLATED)
fanout1217/X                             10     20    -10 (VIOLATED)
fanout1218/X                             10     20    -10 (VIOLATED)
fanout1221/X                             10     20    -10 (VIOLATED)
fanout1223/X                             10     20    -10 (VIOLATED)
fanout1236/X                             10     20    -10 (VIOLATED)
fanout1247/X                             10     20    -10 (VIOLATED)
fanout1249/X                             10     20    -10 (VIOLATED)
fanout1251/X                             10     20    -10 (VIOLATED)
fanout1274/X                             10     20    -10 (VIOLATED)
fanout1277/X                             10     20    -10 (VIOLATED)
fanout1280/X                             10     20    -10 (VIOLATED)
fanout1296/X                             10     20    -10 (VIOLATED)
fanout1299/X                             10     20    -10 (VIOLATED)
fanout346/X                              10     20    -10 (VIOLATED)
fanout354/X                              10     20    -10 (VIOLATED)
fanout355/X                              10     20    -10 (VIOLATED)
fanout357/X                              10     20    -10 (VIOLATED)
fanout359/X                              10     20    -10 (VIOLATED)
fanout366/X                              10     20    -10 (VIOLATED)
fanout367/X                              10     20    -10 (VIOLATED)
fanout377/X                              10     20    -10 (VIOLATED)
fanout379/X                              10     20    -10 (VIOLATED)
fanout381/X                              10     20    -10 (VIOLATED)
fanout382/X                              10     20    -10 (VIOLATED)
fanout384/X                              10     20    -10 (VIOLATED)
fanout386/X                              10     20    -10 (VIOLATED)
fanout388/X                              10     20    -10 (VIOLATED)
fanout390/X                              10     20    -10 (VIOLATED)
fanout392/X                              10     20    -10 (VIOLATED)
fanout393/X                              10     20    -10 (VIOLATED)
fanout396/X                              10     20    -10 (VIOLATED)
fanout399/X                              10     20    -10 (VIOLATED)
fanout406/X                              10     20    -10 (VIOLATED)
fanout414/X                              10     20    -10 (VIOLATED)
fanout415/X                              10     20    -10 (VIOLATED)
fanout417/X                              10     20    -10 (VIOLATED)
fanout419/X                              10     20    -10 (VIOLATED)
fanout420/X                              10     20    -10 (VIOLATED)
fanout422/X                              10     20    -10 (VIOLATED)
fanout424/X                              10     20    -10 (VIOLATED)
fanout436/X                              10     20    -10 (VIOLATED)
fanout437/X                              10     20    -10 (VIOLATED)
fanout438/X                              10     20    -10 (VIOLATED)
fanout440/X                              10     20    -10 (VIOLATED)
fanout445/X                              10     20    -10 (VIOLATED)
fanout447/X                              10     20    -10 (VIOLATED)
fanout449/X                              10     20    -10 (VIOLATED)
fanout451/X                              10     20    -10 (VIOLATED)
fanout454/X                              10     20    -10 (VIOLATED)
fanout460/X                              10     20    -10 (VIOLATED)
fanout462/X                              10     20    -10 (VIOLATED)
fanout464/X                              10     20    -10 (VIOLATED)
fanout466/X                              10     20    -10 (VIOLATED)
fanout468/X                              10     20    -10 (VIOLATED)
fanout471/X                              10     20    -10 (VIOLATED)
fanout473/X                              10     20    -10 (VIOLATED)
fanout475/X                              10     20    -10 (VIOLATED)
fanout485/X                              10     20    -10 (VIOLATED)
fanout487/X                              10     20    -10 (VIOLATED)
fanout493/X                              10     20    -10 (VIOLATED)
fanout497/X                              10     20    -10 (VIOLATED)
fanout499/X                              10     20    -10 (VIOLATED)
fanout501/X                              10     20    -10 (VIOLATED)
fanout502/X                              10     20    -10 (VIOLATED)
fanout503/X                              10     20    -10 (VIOLATED)
fanout506/X                              10     20    -10 (VIOLATED)
fanout509/X                              10     20    -10 (VIOLATED)
fanout515/X                              10     20    -10 (VIOLATED)
fanout517/X                              10     20    -10 (VIOLATED)
fanout518/X                              10     20    -10 (VIOLATED)
fanout520/X                              10     20    -10 (VIOLATED)
fanout521/X                              10     20    -10 (VIOLATED)
fanout523/X                              10     20    -10 (VIOLATED)
fanout524/X                              10     20    -10 (VIOLATED)
fanout525/X                              10     20    -10 (VIOLATED)
fanout526/X                              10     20    -10 (VIOLATED)
fanout527/X                              10     20    -10 (VIOLATED)
fanout531/X                              10     20    -10 (VIOLATED)
fanout533/X                              10     20    -10 (VIOLATED)
fanout542/X                              10     20    -10 (VIOLATED)
fanout554/X                              10     20    -10 (VIOLATED)
fanout559/X                              10     20    -10 (VIOLATED)
fanout564/X                              10     20    -10 (VIOLATED)
fanout571/X                              10     20    -10 (VIOLATED)
fanout583/X                              10     20    -10 (VIOLATED)
fanout584/X                              10     20    -10 (VIOLATED)
fanout590/X                              10     20    -10 (VIOLATED)
fanout592/X                              10     20    -10 (VIOLATED)
fanout594/X                              10     20    -10 (VIOLATED)
fanout596/X                              10     20    -10 (VIOLATED)
fanout598/X                              10     20    -10 (VIOLATED)
fanout600/X                              10     20    -10 (VIOLATED)
fanout602/X                              10     20    -10 (VIOLATED)
fanout605/X                              10     20    -10 (VIOLATED)
fanout608/X                              10     20    -10 (VIOLATED)
fanout616/X                              10     20    -10 (VIOLATED)
fanout621/X                              10     20    -10 (VIOLATED)
fanout622/X                              10     20    -10 (VIOLATED)
fanout626/X                              10     20    -10 (VIOLATED)
fanout629/X                              10     20    -10 (VIOLATED)
fanout630/X                              10     20    -10 (VIOLATED)
fanout633/X                              10     20    -10 (VIOLATED)
fanout642/X                              10     20    -10 (VIOLATED)
fanout652/X                              10     20    -10 (VIOLATED)
fanout662/X                              10     20    -10 (VIOLATED)
fanout663/X                              10     20    -10 (VIOLATED)
fanout671/X                              10     20    -10 (VIOLATED)
fanout676/X                              10     20    -10 (VIOLATED)
fanout677/X                              10     20    -10 (VIOLATED)
fanout680/X                              10     20    -10 (VIOLATED)
fanout681/X                              10     20    -10 (VIOLATED)
fanout683/X                              10     20    -10 (VIOLATED)
fanout684/X                              10     20    -10 (VIOLATED)
fanout691/X                              10     20    -10 (VIOLATED)
fanout694/X                              10     20    -10 (VIOLATED)
fanout697/X                              10     20    -10 (VIOLATED)
fanout698/X                              10     20    -10 (VIOLATED)
fanout699/X                              10     20    -10 (VIOLATED)
fanout700/X                              10     20    -10 (VIOLATED)
fanout701/X                              10     20    -10 (VIOLATED)
fanout704/X                              10     20    -10 (VIOLATED)
fanout705/X                              10     20    -10 (VIOLATED)
fanout706/X                              10     20    -10 (VIOLATED)
fanout708/X                              10     20    -10 (VIOLATED)
fanout721/X                              10     20    -10 (VIOLATED)
fanout724/X                              10     20    -10 (VIOLATED)
fanout727/X                              10     20    -10 (VIOLATED)
fanout731/X                              10     20    -10 (VIOLATED)
fanout734/X                              10     20    -10 (VIOLATED)
fanout737/X                              10     20    -10 (VIOLATED)
fanout742/X                              10     20    -10 (VIOLATED)
fanout745/X                              10     20    -10 (VIOLATED)
fanout752/X                              10     20    -10 (VIOLATED)
fanout755/X                              10     20    -10 (VIOLATED)
fanout757/X                              10     20    -10 (VIOLATED)
fanout760/X                              10     20    -10 (VIOLATED)
fanout764/X                              10     20    -10 (VIOLATED)
fanout770/X                              10     20    -10 (VIOLATED)
fanout775/X                              10     20    -10 (VIOLATED)
fanout776/X                              10     20    -10 (VIOLATED)
fanout778/X                              10     20    -10 (VIOLATED)
fanout781/X                              10     20    -10 (VIOLATED)
fanout784/X                              10     20    -10 (VIOLATED)
fanout786/X                              10     20    -10 (VIOLATED)
fanout787/X                              10     20    -10 (VIOLATED)
fanout788/X                              10     20    -10 (VIOLATED)
fanout793/X                              10     20    -10 (VIOLATED)
fanout797/X                              10     20    -10 (VIOLATED)
fanout798/X                              10     20    -10 (VIOLATED)
fanout799/X                              10     20    -10 (VIOLATED)
fanout805/X                              10     20    -10 (VIOLATED)
fanout814/X                              10     20    -10 (VIOLATED)
fanout818/X                              10     20    -10 (VIOLATED)
fanout822/X                              10     20    -10 (VIOLATED)
fanout826/X                              10     20    -10 (VIOLATED)
fanout828/X                              10     20    -10 (VIOLATED)
fanout832/X                              10     20    -10 (VIOLATED)
fanout841/X                              10     20    -10 (VIOLATED)
fanout844/X                              10     20    -10 (VIOLATED)
fanout845/X                              10     20    -10 (VIOLATED)
fanout849/X                              10     20    -10 (VIOLATED)
fanout855/X                              10     20    -10 (VIOLATED)
fanout857/X                              10     20    -10 (VIOLATED)
fanout858/X                              10     20    -10 (VIOLATED)
fanout859/X                              10     20    -10 (VIOLATED)
fanout860/X                              10     20    -10 (VIOLATED)
fanout861/X                              10     20    -10 (VIOLATED)
fanout863/X                              10     20    -10 (VIOLATED)
fanout864/X                              10     20    -10 (VIOLATED)
fanout865/X                              10     20    -10 (VIOLATED)
fanout868/X                              10     20    -10 (VIOLATED)
fanout877/X                              10     20    -10 (VIOLATED)
fanout878/X                              10     20    -10 (VIOLATED)
fanout879/X                              10     20    -10 (VIOLATED)
fanout882/X                              10     20    -10 (VIOLATED)
fanout886/X                              10     20    -10 (VIOLATED)
fanout887/X                              10     20    -10 (VIOLATED)
fanout888/X                              10     20    -10 (VIOLATED)
fanout889/X                              10     20    -10 (VIOLATED)
fanout892/X                              10     20    -10 (VIOLATED)
fanout895/X                              10     20    -10 (VIOLATED)
fanout897/X                              10     20    -10 (VIOLATED)
fanout899/X                              10     20    -10 (VIOLATED)
fanout900/X                              10     20    -10 (VIOLATED)
fanout902/X                              10     20    -10 (VIOLATED)
fanout904/X                              10     20    -10 (VIOLATED)
fanout907/X                              10     20    -10 (VIOLATED)
fanout913/X                              10     20    -10 (VIOLATED)
fanout914/X                              10     20    -10 (VIOLATED)
fanout916/X                              10     20    -10 (VIOLATED)
fanout918/X                              10     20    -10 (VIOLATED)
fanout923/X                              10     20    -10 (VIOLATED)
fanout927/X                              10     20    -10 (VIOLATED)
fanout928/X                              10     20    -10 (VIOLATED)
fanout929/X                              10     20    -10 (VIOLATED)
fanout931/X                              10     20    -10 (VIOLATED)
fanout933/X                              10     20    -10 (VIOLATED)
fanout937/X                              10     20    -10 (VIOLATED)
fanout939/X                              10     20    -10 (VIOLATED)
fanout944/X                              10     20    -10 (VIOLATED)
fanout947/X                              10     20    -10 (VIOLATED)
fanout950/X                              10     20    -10 (VIOLATED)
fanout952/X                              10     20    -10 (VIOLATED)
fanout953/X                              10     20    -10 (VIOLATED)
fanout957/X                              10     20    -10 (VIOLATED)
fanout960/X                              10     20    -10 (VIOLATED)
fanout962/X                              10     20    -10 (VIOLATED)
fanout963/X                              10     20    -10 (VIOLATED)
fanout966/X                              10     20    -10 (VIOLATED)
fanout970/X                              10     20    -10 (VIOLATED)
fanout972/X                              10     20    -10 (VIOLATED)
fanout974/X                              10     20    -10 (VIOLATED)
fanout975/X                              10     20    -10 (VIOLATED)
fanout978/X                              10     20    -10 (VIOLATED)
fanout983/X                              10     20    -10 (VIOLATED)
fanout985/X                              10     20    -10 (VIOLATED)
fanout989/X                              10     20    -10 (VIOLATED)
fanout991/X                              10     20    -10 (VIOLATED)
fanout993/X                              10     20    -10 (VIOLATED)
fanout994/X                              10     20    -10 (VIOLATED)
fanout995/X                              10     20    -10 (VIOLATED)
fanout996/X                              10     20    -10 (VIOLATED)
fanout998/X                              10     20    -10 (VIOLATED)
fanout999/X                              10     20    -10 (VIOLATED)
input95/X                                10     20    -10 (VIOLATED)
wire1246/X                               10     20    -10 (VIOLATED)
wire1254/X                               10     20    -10 (VIOLATED)
wire1293/X                               10     20    -10 (VIOLATED)
wire1295/X                               10     20    -10 (VIOLATED)
wire409/X                                10     20    -10 (VIOLATED)
_20816_/Y                                10     18     -8 (VIOLATED)
_20956_/Y                                10     18     -8 (VIOLATED)
_21228_/X                                10     18     -8 (VIOLATED)
_21330_/X                                10     18     -8 (VIOLATED)
_21331_/Y                                10     18     -8 (VIOLATED)
_21798_/Y                                10     18     -8 (VIOLATED)
_22386_/Y                                10     18     -8 (VIOLATED)
_22404_/X                                10     18     -8 (VIOLATED)
_22546_/X                                10     18     -8 (VIOLATED)
_22597_/Y                                10     18     -8 (VIOLATED)
_22990_/X                                10     18     -8 (VIOLATED)
_23933_/Y                                10     18     -8 (VIOLATED)
_23934_/X                                10     18     -8 (VIOLATED)
_24100_/Y                                10     18     -8 (VIOLATED)
_25351_/X                                10     18     -8 (VIOLATED)
_25414_/X                                10     18     -8 (VIOLATED)
_26675_/X                                10     18     -8 (VIOLATED)
_27454_/Y                                10     18     -8 (VIOLATED)
_29411_/X                                10     18     -8 (VIOLATED)
_29817_/X                                10     18     -8 (VIOLATED)
_31511_/Y                                10     18     -8 (VIOLATED)
clkbuf_1_0__f_clk/X                      10     18     -8 (VIOLATED)
fanout1007/X                             10     18     -8 (VIOLATED)
fanout1017/X                             10     18     -8 (VIOLATED)
fanout1018/X                             10     18     -8 (VIOLATED)
fanout1022/X                             10     18     -8 (VIOLATED)
fanout1102/X                             10     18     -8 (VIOLATED)
fanout1151/X                             10     18     -8 (VIOLATED)
fanout1175/X                             10     18     -8 (VIOLATED)
fanout1187/X                             10     18     -8 (VIOLATED)
fanout1279/X                             10     18     -8 (VIOLATED)
fanout1302/X                             10     18     -8 (VIOLATED)
fanout429/X                              10     18     -8 (VIOLATED)
fanout544/X                              10     18     -8 (VIOLATED)
fanout603/X                              10     18     -8 (VIOLATED)
fanout604/X                              10     18     -8 (VIOLATED)
fanout634/X                              10     18     -8 (VIOLATED)
fanout660/X                              10     18     -8 (VIOLATED)
fanout687/X                              10     18     -8 (VIOLATED)
fanout690/X                              10     18     -8 (VIOLATED)
fanout692/X                              10     18     -8 (VIOLATED)
fanout696/X                              10     18     -8 (VIOLATED)
fanout703/X                              10     18     -8 (VIOLATED)
fanout756/X                              10     18     -8 (VIOLATED)
fanout767/X                              10     18     -8 (VIOLATED)
fanout785/X                              10     18     -8 (VIOLATED)
fanout809/X                              10     18     -8 (VIOLATED)
fanout840/X                              10     18     -8 (VIOLATED)
fanout848/X                              10     18     -8 (VIOLATED)
fanout854/X                              10     18     -8 (VIOLATED)
fanout862/X                              10     18     -8 (VIOLATED)
fanout881/X                              10     18     -8 (VIOLATED)
fanout920/X                              10     18     -8 (VIOLATED)
fanout930/X                              10     18     -8 (VIOLATED)
fanout951/X                              10     18     -8 (VIOLATED)
fanout977/X                              10     18     -8 (VIOLATED)
max_cap491/X                             10     18     -8 (VIOLATED)
wire1004/X                               10     18     -8 (VIOLATED)
wire1260/X                               10     18     -8 (VIOLATED)
wire1270/X                               10     18     -8 (VIOLATED)
wire535/X                                10     18     -8 (VIOLATED)
wire575/X                                10     18     -8 (VIOLATED)
_20814_/Y                                10     16     -6 (VIOLATED)
_20829_/Y                                10     16     -6 (VIOLATED)
_20854_/Y                                10     16     -6 (VIOLATED)
_20878_/Y                                10     16     -6 (VIOLATED)
_20955_/X                                10     16     -6 (VIOLATED)
_21016_/Y                                10     16     -6 (VIOLATED)
_21141_/Y                                10     16     -6 (VIOLATED)
_21144_/Y                                10     16     -6 (VIOLATED)
_21208_/X                                10     16     -6 (VIOLATED)
_21542_/Y                                10     16     -6 (VIOLATED)
_21620_/Y                                10     16     -6 (VIOLATED)
_21821_/Y                                10     16     -6 (VIOLATED)
_21824_/X                                10     16     -6 (VIOLATED)
_22060_/Y                                10     16     -6 (VIOLATED)
_22159_/Y                                10     16     -6 (VIOLATED)
_22353_/Y                                10     16     -6 (VIOLATED)
_22402_/Y                                10     16     -6 (VIOLATED)
_22695_/X                                10     16     -6 (VIOLATED)
_22813_/X                                10     16     -6 (VIOLATED)
_22815_/Y                                10     16     -6 (VIOLATED)
_22960_/X                                10     16     -6 (VIOLATED)
_23071_/Y                                10     16     -6 (VIOLATED)
_23225_/Y                                10     16     -6 (VIOLATED)
_23796_/Y                                10     16     -6 (VIOLATED)
_24314_/Y                                10     16     -6 (VIOLATED)
_24819_/Y                                10     16     -6 (VIOLATED)
_25010_/X                                10     16     -6 (VIOLATED)
_25054_/Y                                10     16     -6 (VIOLATED)
_25470_/X                                10     16     -6 (VIOLATED)
_25806_/X                                10     16     -6 (VIOLATED)
_27455_/Y                                10     16     -6 (VIOLATED)
_28926_/Y                                10     16     -6 (VIOLATED)
_32753_/X                                10     16     -6 (VIOLATED)
_32788_/Y                                10     16     -6 (VIOLATED)
_32789_/X                                10     16     -6 (VIOLATED)
fanout1040/X                             10     16     -6 (VIOLATED)
fanout1056/X                             10     16     -6 (VIOLATED)
fanout1075/X                             10     16     -6 (VIOLATED)
fanout1087/X                             10     16     -6 (VIOLATED)
fanout1090/X                             10     16     -6 (VIOLATED)
fanout1110/X                             10     16     -6 (VIOLATED)
fanout1120/X                             10     16     -6 (VIOLATED)
fanout1124/X                             10     16     -6 (VIOLATED)
fanout1125/X                             10     16     -6 (VIOLATED)
fanout1140/X                             10     16     -6 (VIOLATED)
fanout1180/X                             10     16     -6 (VIOLATED)
fanout1196/X                             10     16     -6 (VIOLATED)
fanout1257/X                             10     16     -6 (VIOLATED)
fanout1301/X                             10     16     -6 (VIOLATED)
fanout376/X                              10     16     -6 (VIOLATED)
fanout448/X                              10     16     -6 (VIOLATED)
fanout461/X                              10     16     -6 (VIOLATED)
fanout474/X                              10     16     -6 (VIOLATED)
fanout477/X                              10     16     -6 (VIOLATED)
fanout522/X                              10     16     -6 (VIOLATED)
fanout623/X                              10     16     -6 (VIOLATED)
fanout640/X                              10     16     -6 (VIOLATED)
fanout646/X                              10     16     -6 (VIOLATED)
fanout661/X                              10     16     -6 (VIOLATED)
fanout668/X                              10     16     -6 (VIOLATED)
fanout672/X                              10     16     -6 (VIOLATED)
fanout682/X                              10     16     -6 (VIOLATED)
fanout712/X                              10     16     -6 (VIOLATED)
fanout762/X                              10     16     -6 (VIOLATED)
fanout777/X                              10     16     -6 (VIOLATED)
fanout780/X                              10     16     -6 (VIOLATED)
fanout783/X                              10     16     -6 (VIOLATED)
fanout847/X                              10     16     -6 (VIOLATED)
fanout851/X                              10     16     -6 (VIOLATED)
fanout856/X                              10     16     -6 (VIOLATED)
fanout866/X                              10     16     -6 (VIOLATED)
fanout873/X                              10     16     -6 (VIOLATED)
fanout896/X                              10     16     -6 (VIOLATED)
fanout901/X                              10     16     -6 (VIOLATED)
fanout906/X                              10     16     -6 (VIOLATED)
fanout915/X                              10     16     -6 (VIOLATED)
fanout917/X                              10     16     -6 (VIOLATED)
fanout919/X                              10     16     -6 (VIOLATED)
fanout932/X                              10     16     -6 (VIOLATED)
fanout936/X                              10     16     -6 (VIOLATED)
fanout938/X                              10     16     -6 (VIOLATED)
fanout988/X                              10     16     -6 (VIOLATED)
fanout990/X                              10     16     -6 (VIOLATED)
fanout992/X                              10     16     -6 (VIOLATED)
input124/X                               10     16     -6 (VIOLATED)
input126/X                               10     16     -6 (VIOLATED)
input127/X                               10     16     -6 (VIOLATED)
input128/X                               10     16     -6 (VIOLATED)
input129/X                               10     16     -6 (VIOLATED)
input96/X                                10     16     -6 (VIOLATED)
max_cap361/X                             10     16     -6 (VIOLATED)
wire1031/X                               10     16     -6 (VIOLATED)
wire1243/X                               10     16     -6 (VIOLATED)
wire1244/X                               10     16     -6 (VIOLATED)
wire1245/X                               10     16     -6 (VIOLATED)
wire1294/X                               10     16     -6 (VIOLATED)
wire375/X                                10     16     -6 (VIOLATED)
wire453/X                                10     16     -6 (VIOLATED)
wire457/X                                10     16     -6 (VIOLATED)
wire558/X                                10     16     -6 (VIOLATED)
wire670/X                                10     16     -6 (VIOLATED)
wire675/X                                10     16     -6 (VIOLATED)
wire715/X                                10     16     -6 (VIOLATED)
wire718/X                                10     16     -6 (VIOLATED)
wire749/X                                10     16     -6 (VIOLATED)
wire802/X                                10     16     -6 (VIOLATED)
wire811/X                                10     16     -6 (VIOLATED)
max_length552/X                          10     15     -5 (VIOLATED)
_20789_/Y                                10     14     -4 (VIOLATED)
_20798_/Y                                10     14     -4 (VIOLATED)
_20803_/Y                                10     14     -4 (VIOLATED)
_20807_/Y                                10     14     -4 (VIOLATED)
_20815_/Y                                10     14     -4 (VIOLATED)
_20830_/Y                                10     14     -4 (VIOLATED)
_20856_/Y                                10     14     -4 (VIOLATED)
_20907_/Y                                10     14     -4 (VIOLATED)
_21205_/Y                                10     14     -4 (VIOLATED)
_21322_/Y                                10     14     -4 (VIOLATED)
_21327_/X                                10     14     -4 (VIOLATED)
_21864_/Y                                10     14     -4 (VIOLATED)
_22206_/X                                10     14     -4 (VIOLATED)
_22419_/Y                                10     14     -4 (VIOLATED)
_22518_/Y                                10     14     -4 (VIOLATED)
_22772_/X                                10     14     -4 (VIOLATED)
_22941_/X                                10     14     -4 (VIOLATED)
_23257_/Y                                10     14     -4 (VIOLATED)
_23424_/X                                10     14     -4 (VIOLATED)
_23524_/Y                                10     14     -4 (VIOLATED)
_23747_/Y                                10     14     -4 (VIOLATED)
_24291_/Y                                10     14     -4 (VIOLATED)
_24316_/X                                10     14     -4 (VIOLATED)
_24771_/X                                10     14     -4 (VIOLATED)
_25472_/X                                10     14     -4 (VIOLATED)
_25643_/Y                                10     14     -4 (VIOLATED)
_25784_/X                                10     14     -4 (VIOLATED)
_26957_/X                                10     14     -4 (VIOLATED)
_27177_/Y                                10     14     -4 (VIOLATED)
_27573_/Y                                10     14     -4 (VIOLATED)
_28738_/X                                10     14     -4 (VIOLATED)
_29415_/Y                                10     14     -4 (VIOLATED)
_29695_/X                                10     14     -4 (VIOLATED)
_30328_/X                                10     14     -4 (VIOLATED)
_31689_/Y                                10     14     -4 (VIOLATED)
_32747_/Y                                10     14     -4 (VIOLATED)
_33580_/Y                                10     14     -4 (VIOLATED)
_34178_/X                                10     14     -4 (VIOLATED)
_34908_/X                                10     14     -4 (VIOLATED)
clkbuf_1_1__f_clk/X                      10     14     -4 (VIOLATED)
fanout1002/X                             10     14     -4 (VIOLATED)
fanout1020/X                             10     14     -4 (VIOLATED)
fanout1025/X                             10     14     -4 (VIOLATED)
fanout1076/X                             10     14     -4 (VIOLATED)
fanout1095/X                             10     14     -4 (VIOLATED)
fanout1123/X                             10     14     -4 (VIOLATED)
fanout1143/X                             10     14     -4 (VIOLATED)
fanout1181/X                             10     14     -4 (VIOLATED)
fanout1195/X                             10     14     -4 (VIOLATED)
fanout1211/X                             10     14     -4 (VIOLATED)
fanout1262/X                             10     14     -4 (VIOLATED)
fanout1271/X                             10     14     -4 (VIOLATED)
fanout1300/X                             10     14     -4 (VIOLATED)
fanout380/X                              10     14     -4 (VIOLATED)
fanout439/X                              10     14     -4 (VIOLATED)
fanout465/X                              10     14     -4 (VIOLATED)
fanout597/X                              10     14     -4 (VIOLATED)
fanout643/X                              10     14     -4 (VIOLATED)
fanout655/X                              10     14     -4 (VIOLATED)
fanout711/X                              10     14     -4 (VIOLATED)
fanout761/X                              10     14     -4 (VIOLATED)
fanout771/X                              10     14     -4 (VIOLATED)
fanout773/X                              10     14     -4 (VIOLATED)
fanout815/X                              10     14     -4 (VIOLATED)
fanout819/X                              10     14     -4 (VIOLATED)
fanout833/X                              10     14     -4 (VIOLATED)
fanout837/X                              10     14     -4 (VIOLATED)
fanout838/X                              10     14     -4 (VIOLATED)
fanout869/X                              10     14     -4 (VIOLATED)
fanout874/X                              10     14     -4 (VIOLATED)
fanout905/X                              10     14     -4 (VIOLATED)
fanout941/X                              10     14     -4 (VIOLATED)
fanout948/X                              10     14     -4 (VIOLATED)
fanout973/X                              10     14     -4 (VIOLATED)
fanout979/X                              10     14     -4 (VIOLATED)
fanout984/X                              10     14     -4 (VIOLATED)
input130/X                               10     14     -4 (VIOLATED)
input45/X                                10     14     -4 (VIOLATED)
input65/X                                10     14     -4 (VIOLATED)
input81/X                                10     14     -4 (VIOLATED)
max_cap362/X                             10     14     -4 (VIOLATED)
max_length1079/X                         10     14     -4 (VIOLATED)
max_length371/X                          10     14     -4 (VIOLATED)
max_length442/X                          10     14     -4 (VIOLATED)
max_length498/X                          10     14     -4 (VIOLATED)
max_length532/X                          10     14     -4 (VIOLATED)
max_length876/X                          10     14     -4 (VIOLATED)
wire1051/X                               10     14     -4 (VIOLATED)
wire1099/X                               10     14     -4 (VIOLATED)
wire1112/X                               10     14     -4 (VIOLATED)
wire1240/X                               10     14     -4 (VIOLATED)
wire1253/X                               10     14     -4 (VIOLATED)
wire311/X                                10     14     -4 (VIOLATED)
wire470/X                                10     14     -4 (VIOLATED)
wire541/X                                10     14     -4 (VIOLATED)
wire578/X                                10     14     -4 (VIOLATED)
wire744/X                                10     14     -4 (VIOLATED)
wire751/X                                10     14     -4 (VIOLATED)
wire965/X                                10     14     -4 (VIOLATED)
_20779_/Y                                10     12     -2 (VIOLATED)
_20804_/Y                                10     12     -2 (VIOLATED)
_20812_/Y                                10     12     -2 (VIOLATED)
_20813_/Y                                10     12     -2 (VIOLATED)
_20818_/Y                                10     12     -2 (VIOLATED)
_20828_/Y                                10     12     -2 (VIOLATED)
_20861_/X                                10     12     -2 (VIOLATED)
_20865_/X                                10     12     -2 (VIOLATED)
_20866_/Y                                10     12     -2 (VIOLATED)
_21244_/X                                10     12     -2 (VIOLATED)
_21245_/Y                                10     12     -2 (VIOLATED)
_21248_/Y                                10     12     -2 (VIOLATED)
_21349_/X                                10     12     -2 (VIOLATED)
_21553_/Y                                10     12     -2 (VIOLATED)
_21578_/X                                10     12     -2 (VIOLATED)
_21719_/X                                10     12     -2 (VIOLATED)
_21743_/X                                10     12     -2 (VIOLATED)
_21875_/X                                10     12     -2 (VIOLATED)
_22056_/Y                                10     12     -2 (VIOLATED)
_22112_/Y                                10     12     -2 (VIOLATED)
_22251_/Y                                10     12     -2 (VIOLATED)
_22387_/Y                                10     12     -2 (VIOLATED)
_22393_/X                                10     12     -2 (VIOLATED)
_22430_/Y                                10     12     -2 (VIOLATED)
_22502_/Y                                10     12     -2 (VIOLATED)
_22511_/Y                                10     12     -2 (VIOLATED)
_22591_/Y                                10     12     -2 (VIOLATED)
_22592_/Y                                10     12     -2 (VIOLATED)
_22751_/X                                10     12     -2 (VIOLATED)
_22770_/Y                                10     12     -2 (VIOLATED)
_22946_/Y                                10     12     -2 (VIOLATED)
_22953_/Y                                10     12     -2 (VIOLATED)
_22991_/Y                                10     12     -2 (VIOLATED)
_23074_/X                                10     12     -2 (VIOLATED)
_23232_/Y                                10     12     -2 (VIOLATED)
_23378_/Y                                10     12     -2 (VIOLATED)
_23651_/Y                                10     12     -2 (VIOLATED)
_24620_/Y                                10     12     -2 (VIOLATED)
_24820_/Y                                10     12     -2 (VIOLATED)
_25526_/X                                10     12     -2 (VIOLATED)
_25774_/Y                                10     12     -2 (VIOLATED)
_25804_/Y                                10     12     -2 (VIOLATED)
_25807_/Y                                10     12     -2 (VIOLATED)
_25847_/X                                10     12     -2 (VIOLATED)
_25875_/X                                10     12     -2 (VIOLATED)
_25955_/Y                                10     12     -2 (VIOLATED)
_26393_/Y                                10     12     -2 (VIOLATED)
_26674_/Y                                10     12     -2 (VIOLATED)
_26794_/Y                                10     12     -2 (VIOLATED)
_27952_/Y                                10     12     -2 (VIOLATED)
_28397_/X                                10     12     -2 (VIOLATED)
_28573_/X                                10     12     -2 (VIOLATED)
_28808_/Y                                10     12     -2 (VIOLATED)
_29004_/Y                                10     12     -2 (VIOLATED)
_29127_/X                                10     12     -2 (VIOLATED)
_29567_/Y                                10     12     -2 (VIOLATED)
_30809_/X                                10     12     -2 (VIOLATED)
_31030_/Y                                10     12     -2 (VIOLATED)
_31200_/X                                10     12     -2 (VIOLATED)
_32457_/Y                                10     12     -2 (VIOLATED)
_34417_/X                                10     12     -2 (VIOLATED)
_38683_/Y                                10     12     -2 (VIOLATED)
fanout1013/X                             10     12     -2 (VIOLATED)
fanout1014/X                             10     12     -2 (VIOLATED)
fanout1024/X                             10     12     -2 (VIOLATED)
fanout1026/X                             10     12     -2 (VIOLATED)
fanout1046/X                             10     12     -2 (VIOLATED)
fanout1064/X                             10     12     -2 (VIOLATED)
fanout1069/X                             10     12     -2 (VIOLATED)
fanout1080/X                             10     12     -2 (VIOLATED)
fanout1082/X                             10     12     -2 (VIOLATED)
fanout1084/X                             10     12     -2 (VIOLATED)
fanout1088/X                             10     12     -2 (VIOLATED)
fanout1113/X                             10     12     -2 (VIOLATED)
fanout1135/X                             10     12     -2 (VIOLATED)
fanout1152/X                             10     12     -2 (VIOLATED)
fanout1165/X                             10     12     -2 (VIOLATED)
fanout1170/X                             10     12     -2 (VIOLATED)
fanout1182/X                             10     12     -2 (VIOLATED)
fanout1210/X                             10     12     -2 (VIOLATED)
fanout1219/X                             10     12     -2 (VIOLATED)
fanout1224/X                             10     12     -2 (VIOLATED)
fanout1237/X                             10     12     -2 (VIOLATED)
fanout1238/X                             10     12     -2 (VIOLATED)
fanout1273/X                             10     12     -2 (VIOLATED)
fanout1278/X                             10     12     -2 (VIOLATED)
fanout383/X                              10     12     -2 (VIOLATED)
fanout385/X                              10     12     -2 (VIOLATED)
fanout387/X                              10     12     -2 (VIOLATED)
fanout395/X                              10     12     -2 (VIOLATED)
fanout427/X                              10     12     -2 (VIOLATED)
fanout443/X                              10     12     -2 (VIOLATED)
fanout446/X                              10     12     -2 (VIOLATED)
fanout450/X                              10     12     -2 (VIOLATED)
fanout507/X                              10     12     -2 (VIOLATED)
fanout510/X                              10     12     -2 (VIOLATED)
fanout511/X                              10     12     -2 (VIOLATED)
fanout543/X                              10     12     -2 (VIOLATED)
fanout546/X                              10     12     -2 (VIOLATED)
fanout547/X                              10     12     -2 (VIOLATED)
fanout555/X                              10     12     -2 (VIOLATED)
fanout611/X                              10     12     -2 (VIOLATED)
fanout632/X                              10     12     -2 (VIOLATED)
fanout649/X                              10     12     -2 (VIOLATED)
fanout673/X                              10     12     -2 (VIOLATED)
fanout679/X                              10     12     -2 (VIOLATED)
fanout686/X                              10     12     -2 (VIOLATED)
fanout689/X                              10     12     -2 (VIOLATED)
fanout695/X                              10     12     -2 (VIOLATED)
fanout707/X                              10     12     -2 (VIOLATED)
fanout740/X                              10     12     -2 (VIOLATED)
fanout782/X                              10     12     -2 (VIOLATED)
fanout890/X                              10     12     -2 (VIOLATED)
fanout898/X                              10     12     -2 (VIOLATED)
fanout908/X                              10     12     -2 (VIOLATED)
fanout922/X                              10     12     -2 (VIOLATED)
fanout954/X                              10     12     -2 (VIOLATED)
fanout971/X                              10     12     -2 (VIOLATED)
fanout997/X                              10     12     -2 (VIOLATED)
input114/X                               10     12     -2 (VIOLATED)
input132/X                               10     12     -2 (VIOLATED)
input210/X                               10     12     -2 (VIOLATED)
input236/X                               10     12     -2 (VIOLATED)
max_cap413/X                             10     12     -2 (VIOLATED)
max_cap489/X                             10     12     -2 (VIOLATED)
max_length1105/X                         10     12     -2 (VIOLATED)
max_length1286/X                         10     12     -2 (VIOLATED)
max_length1287/X                         10     12     -2 (VIOLATED)
max_length565/X                          10     12     -2 (VIOLATED)
wire1177/X                               10     12     -2 (VIOLATED)
wire1184/X                               10     12     -2 (VIOLATED)
wire1191/X                               10     12     -2 (VIOLATED)
wire1198/X                               10     12     -2 (VIOLATED)
wire1206/X                               10     12     -2 (VIOLATED)
wire1213/X                               10     12     -2 (VIOLATED)
wire1227/X                               10     12     -2 (VIOLATED)
wire1259/X                               10     12     -2 (VIOLATED)
wire1266/X                               10     12     -2 (VIOLATED)
wire1267/X                               10     12     -2 (VIOLATED)
wire1268/X                               10     12     -2 (VIOLATED)
wire1269/X                               10     12     -2 (VIOLATED)
wire1285/X                               10     12     -2 (VIOLATED)
wire1289/X                               10     12     -2 (VIOLATED)
wire1291/X                               10     12     -2 (VIOLATED)
wire335/X                                10     12     -2 (VIOLATED)
wire426/X                                10     12     -2 (VIOLATED)
wire433/X                                10     12     -2 (VIOLATED)
wire530/X                                10     12     -2 (VIOLATED)
wire538/X                                10     12     -2 (VIOLATED)
wire540/X                                10     12     -2 (VIOLATED)
wire550/X                                10     12     -2 (VIOLATED)
wire620/X                                10     12     -2 (VIOLATED)
wire747/X                                10     12     -2 (VIOLATED)
wire759/X                                10     12     -2 (VIOLATED)
wire796/X                                10     12     -2 (VIOLATED)
wire825/X                                10     12     -2 (VIOLATED)
wire835/X                                10     12     -2 (VIOLATED)
wire871/X                                10     12     -2 (VIOLATED)
wire946/X                                10     12     -2 (VIOLATED)



===========================================================================
report_parasitic_annotation -report_unannotated
============================================================================
Found 6 unannotated drivers.
 input_data[15]
 input_data[175]
 input_data[191]
 input_data[223]
 input_data[238]
 input_data[239]
Found 0 partially unannotated drivers.

===========================================================================
max slew violation count 0
max fanout violation count 735
max cap violation count 0
============================================================================

===========================================================================
check_setup -verbose -unconstrained_endpoints -multiple_clock -no_clock -no_input_delay -loops -generated_clocks
===========================================================================
