Reading OpenROAD database at '/mnt/d/APIC/FIR_Openlane/shifter/runs/RUN_2024-06-17_07-27-19/19-openroad-generatepdn/shifter.odb'…
Reading library file at '/home/nurwiyoso14/.volare/volare/sky130/versions/bdc9412b3e468c102d01b7cf6337be06ec6e9c9a/sky130A/libs.ref/sky130_fd_sc_hd/lib/sky130_fd_sc_hd__tt_025C_1v80.lib'…
Reading design constraints file at '/nix/store/ly0xjc8f0gmgmckxcrs0bw8vqc9gf9bk-python3-3.11.6-env/lib/python3.11/site-packages/openlane/scripts/base.sdc'…
[INFO] Using clock clk…
[INFO] Setting output delay to: 5
[INFO] Setting input delay to: 5
[INFO] Setting load to: 0.033442
[INFO] Setting clock uncertainty to: 0.25
[INFO] Setting clock transition to: 0.1499999999999999944488848768742172978818416595458984375
[INFO] Setting timing derate to: 5%
[INFO] Setting RC values…
[INFO] Setting signal min routing layer to: met1 and clock min routing layer to met1. 
[INFO] Setting signal max routing layer to: met5 and clock max routing layer to met5. 
{*}-density 0.423076 -timing_driven -routability_driven -skip_io -pad_right 0 -pad_left 0 -init_wirelength_coef 0.25
[WARNING GPL-0150] -skip_io will disable timing driven mode.
[WARNING GPL-0151] -skip_io will disable routability driven mode.
[INFO GPL-0002] DBU: 1000
[INFO GPL-0003] SiteSize: 460 2720
[INFO GPL-0004] CoreAreaLxLy: 5520 10880
[INFO GPL-0005] CoreAreaUxUy: 160080 163200
[INFO GPL-0006] NumInstances: 911
[INFO GPL-0007] NumPlaceInstances: 480
[INFO GPL-0008] NumFixedInstances: 431
[INFO GPL-0009] NumDummyInstances: 0
[INFO GPL-0010] NumNets: 498
[INFO GPL-0011] NumPins: 1440
[INFO GPL-0012] DieAreaLxLy: 0 0
[INFO GPL-0013] DieAreaUxUy: 166035 176755
[INFO GPL-0014] CoreAreaLxLy: 5520 10880
[INFO GPL-0015] CoreAreaUxUy: 160080 163200
[INFO GPL-0016] CoreArea: 23542579200
[INFO GPL-0017] NonPlaceInstsArea: 819536000
[INFO GPL-0018] PlaceInstsArea: 7206912000
[INFO GPL-0019] Util(%): 31.72
[INFO GPL-0020] StdInstsArea: 7206912000
[INFO GPL-0021] MacroInstsArea: 0
[INFO GPL-0031] FillerInit: NumGCells: 640
[INFO GPL-0032] FillerInit: NumGNets: 498
[INFO GPL-0033] FillerInit: NumGPins: 1440
[INFO GPL-0023] TargetDensity: 0.42
[INFO GPL-0024] AveragePlaceInstArea: 15014400
[INFO GPL-0025] IdealBinArea: 35488660
[INFO GPL-0026] IdealBinCnt: 663
[INFO GPL-0027] TotalBinArea: 23542579200
[INFO GPL-0028] BinCnt: 16 16
[INFO GPL-0029] BinSize: 9660 9520
[INFO GPL-0030] NumBins: 256
[NesterovSolve] Iter: 1 overflow: 0.97847 HPWL: 2109591
[NesterovSolve] Iter: 10 overflow: 0.94897 HPWL: 1633801
[NesterovSolve] Iter: 20 overflow: 0.92104 HPWL: 1311623
[NesterovSolve] Iter: 30 overflow: 0.914971 HPWL: 1000245
[NesterovSolve] Iter: 40 overflow: 0.89384 HPWL: 782120
[NesterovSolve] Iter: 50 overflow: 0.896939 HPWL: 806938
[NesterovSolve] Iter: 60 overflow: 0.913552 HPWL: 869379
[NesterovSolve] Iter: 70 overflow: 0.914971 HPWL: 872718
[NesterovSolve] Iter: 80 overflow: 0.914271 HPWL: 865935
[NesterovSolve] Iter: 90 overflow: 0.906115 HPWL: 840057
[NesterovSolve] Iter: 100 overflow: 0.900707 HPWL: 834669
[NesterovSolve] Iter: 110 overflow: 0.900251 HPWL: 860404
[NesterovSolve] Iter: 120 overflow: 0.898061 HPWL: 888909
[NesterovSolve] Iter: 130 overflow: 0.893793 HPWL: 895371
[NesterovSolve] Iter: 140 overflow: 0.893634 HPWL: 854269
[NesterovSolve] Iter: 150 overflow: 0.893634 HPWL: 761203
[NesterovSolve] Iter: 160 overflow: 0.886253 HPWL: 641985
[NesterovSolve] Iter: 170 overflow: 0.872554 HPWL: 544190
[NesterovSolve] Iter: 180 overflow: 0.872444 HPWL: 570118
[NesterovSolve] Iter: 190 overflow: 0.77495 HPWL: 716646
[NesterovSolve] Iter: 200 overflow: 0.584897 HPWL: 853201
[NesterovSolve] Iter: 210 overflow: 0.493211 HPWL: 939526
[NesterovSolve] Iter: 220 overflow: 0.480334 HPWL: 1085283
[NesterovSolve] Iter: 230 overflow: 0.410268 HPWL: 1048545
[NesterovSolve] Iter: 240 overflow: 0.338498 HPWL: 854694
[NesterovSolve] Iter: 250 overflow: 0.326538 HPWL: 960706
[NesterovSolve] Iter: 260 overflow: 0.293455 HPWL: 941659
[NesterovSolve] Iter: 270 overflow: 0.226987 HPWL: 871848
[NesterovSolve] Iter: 280 overflow: 0.185635 HPWL: 919641
[NesterovSolve] Iter: 290 overflow: 0.180733 HPWL: 820049
[NesterovSolve] Iter: 300 overflow: 0.156202 HPWL: 787154
[NesterovSolve] Iter: 310 overflow: 0.109679 HPWL: 904334
[NesterovSolve] Finished with Overflow: 0.099770
[INFO] Setting RC values…
Setting global connections for newly added cells…
[INFO] Setting global connections...
Writing OpenROAD database to '/mnt/d/APIC/FIR_Openlane/shifter/runs/RUN_2024-06-17_07-27-19/22-openroad-globalplacementskipio/shifter.odb'…
Writing netlist to '/mnt/d/APIC/FIR_Openlane/shifter/runs/RUN_2024-06-17_07-27-19/22-openroad-globalplacementskipio/shifter.nl.v'…
Writing powered netlist to '/mnt/d/APIC/FIR_Openlane/shifter/runs/RUN_2024-06-17_07-27-19/22-openroad-globalplacementskipio/shifter.pnl.v'…
Writing layout to '/mnt/d/APIC/FIR_Openlane/shifter/runs/RUN_2024-06-17_07-27-19/22-openroad-globalplacementskipio/shifter.def'…
Writing timing constraints to '/mnt/d/APIC/FIR_Openlane/shifter/runs/RUN_2024-06-17_07-27-19/22-openroad-globalplacementskipio/shifter.sdc'…
