Reading OpenROAD database at '/mnt/d/APIC/FIR_Openlane/highpass/runs/RUN_2024-06-16_23-39-22/39-openroad-repairantennas/1-diodeinsertion/highpass.odb'…
Reading library file at '/home/nurwiyoso14/.volare/volare/sky130/versions/bdc9412b3e468c102d01b7cf6337be06ec6e9c9a/sky130A/libs.ref/sky130_fd_sc_hd/lib/sky130_fd_sc_hd__tt_025C_1v80.lib'…
Reading design constraints file at '/nix/store/ly0xjc8f0gmgmckxcrs0bw8vqc9gf9bk-python3-3.11.6-env/lib/python3.11/site-packages/openlane/scripts/base.sdc'…
[INFO] Using clock clk…
[INFO] Setting output delay to: 5
[INFO] Setting input delay to: 5
[INFO] Setting load to: 0.033442
[INFO] Setting clock uncertainty to: 0.25
[INFO] Setting clock transition to: 0.1499999999999999944488848768742172978818416595458984375
[INFO] Setting timing derate to: 5%
%OL_CREATE_REPORT /mnt/d/APIC/FIR_Openlane/highpass/runs/RUN_2024-06-16_23-39-22/39-openroad-repairantennas/2-openroad-checkantennas/reports/antenna.rpt
Net: _09564_
  Pin: _19484_/A (sky130_fd_sc_hd__or2_1)
    Layer: met4
      Partial area ratio:  312.86
      Required ratio:    0.00 (Gate area) 
      Partial area ratio: 1672.38
      Required ratio:  400.00 (Side area) (VIOLATED)
      Cumulative area ratio:  456.26
      Required ratio:    0.00 (Cumulative area) 
      Cumulative area ratio: 2416.92
      Required ratio:    0.00 (Cumulative side area) 

    Layer: met3
      Partial area ratio:   66.43
      Required ratio:    0.00 (Gate area) 
      Partial area ratio:  358.10
      Required ratio:  400.00 (Side area) 
      Cumulative area ratio:  143.41
      Required ratio:    0.00 (Cumulative area) 
      Cumulative area ratio:  744.54
      Required ratio:    0.00 (Cumulative side area) 

    Layer: met2
      Partial area ratio:   38.49
      Required ratio:    0.00 (Gate area) 
      Partial area ratio:  193.22
      Required ratio:  400.00 (Side area) 
      Cumulative area ratio:   76.98
      Required ratio:    0.00 (Cumulative area) 
      Cumulative area ratio:  386.44
      Required ratio:    0.00 (Cumulative side area) 

    Layer: met1
      Partial area ratio:   38.49
      Required ratio:    0.00 (Gate area) 
      Partial area ratio:  193.22
      Required ratio:  400.00 (Side area) 
      Cumulative area ratio:   38.49
      Required ratio:    0.00 (Cumulative area) 
      Cumulative area ratio:  193.22
      Required ratio:    0.00 (Cumulative side area) 

    Layer: li1
      Partial area ratio:    0.00
      Required ratio:    0.00 (Gate area) 
      Partial area ratio:    0.00
      Required ratio:   75.00 (Side area) 
      Cumulative area ratio:    0.00
      Required ratio:    0.00 (Cumulative area) 
      Cumulative area ratio:    0.00
      Required ratio:    0.00 (Cumulative side area) 

    Via: M3M4_PR
      Partial area ratio:    0.32
      Required ratio:    6.00 (Gate area) 
      Cumulative area ratio:    1.04
      Required ratio:    0.00 (Cumulative area) 

    Via: M2M3_PR
      Partial area ratio:    0.32
      Required ratio:    6.00 (Gate area) 
      Cumulative area ratio:    0.73
      Required ratio:    0.00 (Cumulative area) 

    Via: M1M2_PR
      Partial area ratio:    0.18
      Required ratio:    6.00 (Gate area) 
      Cumulative area ratio:    0.41
      Required ratio:    0.00 (Cumulative area) 

    Via: L1M1_PR
      Partial area ratio:    0.23
      Required ratio:    3.00 (Gate area) 
      Cumulative area ratio:    0.23
      Required ratio:    0.00 (Cumulative area) 


Net: _11122_
  Pin: _20898_/A (sky130_fd_sc_hd__or2_1)
    Layer: met2
      Partial area ratio:  230.62
      Required ratio:    0.00 (Gate area) 
      Partial area ratio: 1156.22
      Required ratio:  400.00 (Side area) (VIOLATED)
      Cumulative area ratio:  238.44
      Required ratio:    0.00 (Cumulative area) 
      Cumulative area ratio: 1196.11
      Required ratio:    0.00 (Cumulative side area) 

    Layer: met1
      Partial area ratio:    7.82
      Required ratio:    0.00 (Gate area) 
      Partial area ratio:   39.89
      Required ratio:  400.00 (Side area) 
      Cumulative area ratio:    7.82
      Required ratio:    0.00 (Cumulative area) 
      Cumulative area ratio:   39.89
      Required ratio:    0.00 (Cumulative side area) 

    Layer: li1
      Partial area ratio:    0.00
      Required ratio:    0.00 (Gate area) 
      Partial area ratio:    0.00
      Required ratio:   75.00 (Side area) 
      Cumulative area ratio:    0.00
      Required ratio:    0.00 (Cumulative area) 
      Cumulative area ratio:    0.00
      Required ratio:    0.00 (Cumulative side area) 

    Via: M1M2_PR
      Partial area ratio:    0.18
      Required ratio:    6.00 (Gate area) 
      Cumulative area ratio:    0.41
      Required ratio:    0.00 (Cumulative area) 

    Via: L1M1_PR
      Partial area ratio:    0.23
      Required ratio:    3.00 (Gate area) 
      Cumulative area ratio:    0.23
      Required ratio:    0.00 (Cumulative area) 


[INFO ANT-0002] Found 2 net violations.
[INFO ANT-0001] Found 2 pin violations.
%OL_END_REPORT
