Starting…
Running 'Verilator.Lint'… (Log: [link=file:///mnt/d/APIC/FIR_Openlane/shifter/runs/RUN_2024-06-17_07-21-05/01-verilator-lint/verilator-lint.log]./runs/RUN_2024-06-17_07-21-05/01-verilator-lint/verilator-lint.log[/link])
Running 'Checker.LintTimingConstructs'… (Log: [link=file:///mnt/d/APIC/FIR_Openlane/shifter/runs/RUN_2024-06-17_07-21-05/02-checker-linttimingconstructs/checker-linttimingconstructs.log]./runs/RUN_2024-06-17_07-21-05/02-checker-linttimingconstructs/checker-linttimingconstructs.log[/link])
Check for Lint Timing Errors clear.
Running 'Checker.LintErrors'… (Log: [link=file:///mnt/d/APIC/FIR_Openlane/shifter/runs/RUN_2024-06-17_07-21-05/03-checker-linterrors/checker-linterrors.log]./runs/RUN_2024-06-17_07-21-05/03-checker-linterrors/checker-linterrors.log[/link])
Check for Lint errors clear.
Loading the incremental configuration has generated the following warnings:
The configuration variable 'QUIT_ON_LINTER_WARNINGS' is deprecated. Please check the docs for the usage on the replacement variable 'ERROR_ON_LINTER_WARNINGS'.
Running 'Checker.LintWarnings'… (Log: [link=file:///mnt/d/APIC/FIR_Openlane/shifter/runs/RUN_2024-06-17_07-21-05/04-checker-lintwarnings/checker-lintwarnings.log]./runs/RUN_2024-06-17_07-21-05/04-checker-lintwarnings/checker-lintwarnings.log[/link])
1 Lint warnings found.
Running 'Yosys.JsonHeader'… (Log: [link=file:///mnt/d/APIC/FIR_Openlane/shifter/runs/RUN_2024-06-17_07-21-05/05-yosys-jsonheader/yosys-jsonheader.log]./runs/RUN_2024-06-17_07-21-05/05-yosys-jsonheader/yosys-jsonheader.log[/link])
Running 'Yosys.Synthesis'… (Log: [link=file:///mnt/d/APIC/FIR_Openlane/shifter/runs/RUN_2024-06-17_07-21-05/06-yosys-synthesis/yosys-synthesis.log]./runs/RUN_2024-06-17_07-21-05/06-yosys-synthesis/yosys-synthesis.log[/link])
Parsing synthesis checks…
Running 'Checker.YosysUnmappedCells'… (Log: [link=file:///mnt/d/APIC/FIR_Openlane/shifter/runs/RUN_2024-06-17_07-21-05/07-checker-yosysunmappedcells/checker-yosysunmappedcells.log]./runs/RUN_2024-06-17_07-21-05/07-checker-yosysunmappedcells/checker-yosysunmappedcells.log[/link])
Check for Unmapped Yosys instances clear.
Running 'Checker.YosysSynthChecks'… (Log: [link=file:///mnt/d/APIC/FIR_Openlane/shifter/runs/RUN_2024-06-17_07-21-05/08-checker-yosyssynthchecks/checker-yosyssynthchecks.log]./runs/RUN_2024-06-17_07-21-05/08-checker-yosyssynthchecks/checker-yosyssynthchecks.log[/link])
Check for Yosys check errors clear.
Running 'OpenROAD.CheckSDCFiles'… (Log: [link=file:///mnt/d/APIC/FIR_Openlane/shifter/runs/RUN_2024-06-17_07-21-05/09-openroad-checksdcfiles/openroad-checksdcfiles.log]./runs/RUN_2024-06-17_07-21-05/09-openroad-checksdcfiles/openroad-checksdcfiles.log[/link])
'PNR_SDC_FILE' is not defined. Using generic fallback SDC for OpenROAD PnR steps.
'SIGNOFF_SDC_FILE' is not defined. Using generic fallback SDC for OpenROAD PnR steps.
Running 'OpenROAD.CheckMacroInstances'… (Log: [link=file:///mnt/d/APIC/FIR_Openlane/shifter/runs/RUN_2024-06-17_07-21-05/10-openroad-checkmacroinstances/openroad-checkmacroinstances.log]./runs/RUN_2024-06-17_07-21-05/10-openroad-checkmacroinstances/openroad-checkmacroinstances.log[/link])
No macros found, skipping instance check…
Running 'OpenROAD.STAPrePNR'… (Log: [link=file:///mnt/d/APIC/FIR_Openlane/shifter/runs/RUN_2024-06-17_07-21-05/11-openroad-staprepnr/openroad-staprepnr.log]./runs/RUN_2024-06-17_07-21-05/11-openroad-staprepnr/openroad-staprepnr.log[/link])
Running 'OpenROAD.Floorplan'… (Log: [link=file:///mnt/d/APIC/FIR_Openlane/shifter/runs/RUN_2024-06-17_07-21-05/12-openroad-floorplan/openroad-floorplan.log]./runs/RUN_2024-06-17_07-21-05/12-openroad-floorplan/openroad-floorplan.log[/link])
Running 'Odb.CheckMacroAntennaProperties'… (Log: [link=file:///mnt/d/APIC/FIR_Openlane/shifter/runs/RUN_2024-06-17_07-21-05/13-odb-checkmacroantennaproperties/odb-checkmacroantennaproperties.log]./runs/RUN_2024-06-17_07-21-05/13-odb-checkmacroantennaproperties/odb-checkmacroantennaproperties.log[/link])
No cells provided, skipping…
Running 'Odb.SetPowerConnections'… (Log: [link=file:///mnt/d/APIC/FIR_Openlane/shifter/runs/RUN_2024-06-17_07-21-05/14-odb-setpowerconnections/odb-setpowerconnections.log]./runs/RUN_2024-06-17_07-21-05/14-odb-setpowerconnections/odb-setpowerconnections.log[/link])
Running 'Odb.ManualMacroPlacement'… (Log: [link=file:///mnt/d/APIC/FIR_Openlane/shifter/runs/RUN_2024-06-17_07-21-05/15-odb-manualmacroplacement/odb-manualmacroplacement.log]./runs/RUN_2024-06-17_07-21-05/15-odb-manualmacroplacement/odb-manualmacroplacement.log[/link])
No instances found, skipping 'Odb.ManualMacroPlacement'…
Running 'OpenROAD.CutRows'… (Log: [link=file:///mnt/d/APIC/FIR_Openlane/shifter/runs/RUN_2024-06-17_07-21-05/16-openroad-cutrows/openroad-cutrows.log]./runs/RUN_2024-06-17_07-21-05/16-openroad-cutrows/openroad-cutrows.log[/link])
Running 'OpenROAD.TapEndcapInsertion'… (Log: [link=file:///mnt/d/APIC/FIR_Openlane/shifter/runs/RUN_2024-06-17_07-21-05/17-openroad-tapendcapinsertion/openroad-tapendcapinsertion.log]./runs/RUN_2024-06-17_07-21-05/17-openroad-tapendcapinsertion/openroad-tapendcapinsertion.log[/link])
Running 'Odb.AddPDNObstructions'… (Log: [link=file:///mnt/d/APIC/FIR_Openlane/shifter/runs/RUN_2024-06-17_07-21-05/18-odb-addpdnobstructions/odb-addpdnobstructions.log]./runs/RUN_2024-06-17_07-21-05/18-odb-addpdnobstructions/odb-addpdnobstructions.log[/link])
'PDN_OBSTRUCTIONS' is not defined. Skipping 'Odb.AddPDNObstructions'…
Running 'OpenROAD.GeneratePDN'… (Log: [link=file:///mnt/d/APIC/FIR_Openlane/shifter/runs/RUN_2024-06-17_07-21-05/19-openroad-generatepdn/openroad-generatepdn.log]./runs/RUN_2024-06-17_07-21-05/19-openroad-generatepdn/openroad-generatepdn.log[/link])
'FP_PDN_CFG' not explicitly set, setting it to /nix/store/ly0xjc8f0gmgmckxcrs0bw8vqc9gf9bk-python3-3.11.6-env/lib/python3.11/site-packages/openlane/scripts/openroad/common/pdn_cfg.tcl…
Running 'Odb.RemovePDNObstructions'… (Log: [link=file:///mnt/d/APIC/FIR_Openlane/shifter/runs/RUN_2024-06-17_07-21-05/20-odb-removepdnobstructions/odb-removepdnobstructions.log]./runs/RUN_2024-06-17_07-21-05/20-odb-removepdnobstructions/odb-removepdnobstructions.log[/link])
'PDN_OBSTRUCTIONS' is not defined. Skipping 'Odb.RemovePDNObstructions'…
Running 'Odb.AddRoutingObstructions'… (Log: [link=file:///mnt/d/APIC/FIR_Openlane/shifter/runs/RUN_2024-06-17_07-21-05/21-odb-addroutingobstructions/odb-addroutingobstructions.log]./runs/RUN_2024-06-17_07-21-05/21-odb-addroutingobstructions/odb-addroutingobstructions.log[/link])
'ROUTING_OBSTRUCTIONS' is not defined. Skipping 'Odb.AddRoutingObstructions'…
Running 'OpenROAD.GlobalPlacementSkipIO'… (Log: [link=file:///mnt/d/APIC/FIR_Openlane/shifter/runs/RUN_2024-06-17_07-21-05/22-openroad-globalplacementskipio/openroad-globalplacementskipio.log]./runs/RUN_2024-06-17_07-21-05/22-openroad-globalplacementskipio/openroad-globalplacementskipio.log[/link])
Subprocess had a non-zero exit.
Last 10 line(s):
[INFO GPL-0016] CoreArea: 14313728000
[INFO GPL-0017] NonPlaceInstsArea: 589315200
[INFO GPL-0018] PlaceInstsArea: 7206912000
[INFO GPL-0019] Util(%): 52.51
[INFO GPL-0020] StdInstsArea: 7206912000
[INFO GPL-0021] MacroInstsArea: 0
[ERROR GPL-0302] Use a higher -density or re-floorplan with a larger core area.
Given target density: 0.50
Suggested target density: 0.53
Error: gpl.tcl, 77 GPL-0302

Full log file: 'runs/RUN_2024-06-17_07-21-05/22-openroad-globalplacementskipio/openroad-globalplacementskipio.log'
