Reading OpenROAD database at '/mnt/d/APIC/FIR_Openlane/shifter/runs/RUN_2024-06-17_07-29-35/24-odb-customioplacement/shifter.odb'…
Reading library file at '/home/nurwiyoso14/.volare/volare/sky130/versions/bdc9412b3e468c102d01b7cf6337be06ec6e9c9a/sky130A/libs.ref/sky130_fd_sc_hd/lib/sky130_fd_sc_hd__tt_025C_1v80.lib'…
Reading design constraints file at '/nix/store/ly0xjc8f0gmgmckxcrs0bw8vqc9gf9bk-python3-3.11.6-env/lib/python3.11/site-packages/openlane/scripts/base.sdc'…
[INFO] Using clock clk…
[INFO] Setting output delay to: 5
[INFO] Setting input delay to: 5
[INFO] Setting load to: 0.033442
[INFO] Setting clock uncertainty to: 0.25
[INFO] Setting clock transition to: 0.1499999999999999944488848768742172978818416595458984375
[INFO] Setting timing derate to: 5%
[INFO] Setting RC values…
[INFO] Setting signal min routing layer to: met1 and clock min routing layer to met1. 
[INFO] Setting signal max routing layer to: met5 and clock max routing layer to met5. 
{*}-density 0.218318 -timing_driven -routability_driven -pad_right 0 -pad_left 0 -init_wirelength_coef 0.25
[INFO GPL-0002] DBU: 1000
[INFO GPL-0003] SiteSize: 460 2720
[INFO GPL-0004] CoreAreaLxLy: 5520 10880
[INFO GPL-0005] CoreAreaUxUy: 273700 277440
[INFO GPL-0006] NumInstances: 1676
[INFO GPL-0007] NumPlaceInstances: 480
[INFO GPL-0008] NumFixedInstances: 1196
[INFO GPL-0009] NumDummyInstances: 0
[INFO GPL-0010] NumNets: 498
[INFO GPL-0011] NumPins: 1698
[INFO GPL-0012] DieAreaLxLy: 0 0
[INFO GPL-0013] DieAreaUxUy: 279495 290215
[INFO GPL-0014] CoreAreaLxLy: 5520 10880
[INFO GPL-0015] CoreAreaUxUy: 273700 277440
[INFO GPL-0016] CoreArea: 71486060800
[INFO GPL-0017] NonPlaceInstsArea: 1986905600
[INFO GPL-0018] PlaceInstsArea: 7206912000
[INFO GPL-0019] Util(%): 10.37
[INFO GPL-0020] StdInstsArea: 7206912000
[INFO GPL-0021] MacroInstsArea: 0
[InitialPlace]  Iter: 1 CG residual: 0.00000011 HPWL: 51077676
[InitialPlace]  Iter: 2 CG residual: 0.00000011 HPWL: 20105489
[InitialPlace]  Iter: 3 CG residual: 0.00000012 HPWL: 16732235
[InitialPlace]  Iter: 4 CG residual: 0.00000007 HPWL: 16463462
[InitialPlace]  Iter: 5 CG residual: 0.00000011 HPWL: 16430205
[INFO GPL-0031] FillerInit: NumGCells: 1010
[INFO GPL-0032] FillerInit: NumGNets: 498
[INFO GPL-0033] FillerInit: NumGPins: 1698
[INFO GPL-0023] TargetDensity: 0.22
[INFO GPL-0024] AveragePlaceInstArea: 15014400
[INFO GPL-0025] IdealBinArea: 68773072
[INFO GPL-0026] IdealBinCnt: 1039
[INFO GPL-0027] TotalBinArea: 71486060800
[INFO GPL-0028] BinCnt: 32 32
[INFO GPL-0029] BinSize: 8381 8330
[INFO GPL-0030] NumBins: 1024
[NesterovSolve] Iter: 1 overflow: 0.852058 HPWL: 13494295
[NesterovSolve] Iter: 10 overflow: 0.81135 HPWL: 12943967
[NesterovSolve] Iter: 20 overflow: 0.813522 HPWL: 12877469
[NesterovSolve] Iter: 30 overflow: 0.813726 HPWL: 12870656
[NesterovSolve] Iter: 40 overflow: 0.813637 HPWL: 12870749
[NesterovSolve] Iter: 50 overflow: 0.813696 HPWL: 12871056
[NesterovSolve] Iter: 60 overflow: 0.813694 HPWL: 12871461
[NesterovSolve] Iter: 70 overflow: 0.813693 HPWL: 12873376
[NesterovSolve] Iter: 80 overflow: 0.813696 HPWL: 12878186
[NesterovSolve] Iter: 90 overflow: 0.81371 HPWL: 12890500
[NesterovSolve] Iter: 100 overflow: 0.813735 HPWL: 12918133
[NesterovSolve] Iter: 110 overflow: 0.813766 HPWL: 12967837
[NesterovSolve] Iter: 120 overflow: 0.813685 HPWL: 13043849
[NesterovSolve] Iter: 130 overflow: 0.813503 HPWL: 13131941
[NesterovSolve] Iter: 140 overflow: 0.813224 HPWL: 13185184
[NesterovSolve] Iter: 150 overflow: 0.812742 HPWL: 13120812
[NesterovSolve] Iter: 160 overflow: 0.81198 HPWL: 12934482
[NesterovSolve] Iter: 170 overflow: 0.810677 HPWL: 13161819
[NesterovSolve] Iter: 180 overflow: 0.808056 HPWL: 13111823
[NesterovSolve] Iter: 190 overflow: 0.803838 HPWL: 13282249
[NesterovSolve] Iter: 200 overflow: 0.796294 HPWL: 13373400
[NesterovSolve] Iter: 210 overflow: 0.785293 HPWL: 13868321
[INFO GPL-0100] worst slack 1.88e-08
[INFO GPL-0103] Weighted 49 nets.
[NesterovSolve] Iter: 220 overflow: 0.739705 HPWL: 15107782
[NesterovSolve] Iter: 230 overflow: 0.690217 HPWL: 15686677
[NesterovSolve] Iter: 240 overflow: 0.646423 HPWL: 16694943
[INFO GPL-0100] worst slack 1.89e-08
[INFO GPL-0103] Weighted 49 nets.
[NesterovSolve] Snapshot saved at iter = 248
[NesterovSolve] Iter: 250 overflow: 0.591062 HPWL: 17392483
[NesterovSolve] Iter: 260 overflow: 0.514155 HPWL: 18314405
[INFO GPL-0100] worst slack 1.89e-08
[INFO GPL-0103] Weighted 49 nets.
[NesterovSolve] Iter: 270 overflow: 0.393347 HPWL: 19574684
[NesterovSolve] Iter: 280 overflow: 0.352801 HPWL: 22009866
[NesterovSolve] Iter: 290 overflow: 0.310356 HPWL: 22954711
[INFO GPL-0100] worst slack 1.9e-08
[INFO GPL-0103] Weighted 49 nets.
[NesterovSolve] Iter: 300 overflow: 0.227831 HPWL: 23831071
[INFO GPL-0100] worst slack 1.9e-08
[INFO GPL-0103] Weighted 49 nets.
[INFO GPL-0075] Routability numCall: 1 inflationIterCnt: 1 bloatIterCnt: 0
[INFO GPL-0036] TileLxLy: 0 0
[INFO GPL-0037] TileSize: 6900 6900
[INFO GPL-0038] TileCnt: 40 42
[INFO GPL-0039] numRoutingLayers: 6
[INFO GPL-0040] NumTiles: 1680
[INFO GPL-0063] TotalRouteOverflowH2: 0
[INFO GPL-0064] TotalRouteOverflowV2: 0
[INFO GPL-0065] OverflowTileCnt2: 0
[INFO GPL-0066] 0.5%RC: 0.9607843160629272
[INFO GPL-0067] 1.0%RC: 0.9212121259082447
[INFO GPL-0068] 2.0%RC: 0.8871794939041138
[INFO GPL-0069] 5.0%RC: 0.8110429560479943
[INFO GPL-0070] 0.5rcK: 1
[INFO GPL-0071] 1.0rcK: 1
[INFO GPL-0072] 2.0rcK: 0
[INFO GPL-0073] 5.0rcK: 0
[INFO GPL-0074] FinalRC: 0.9409982
[NesterovSolve] Iter: 310 overflow: 0.187684 HPWL: 24555242
[NesterovSolve] Iter: 320 overflow: 0.155401 HPWL: 25169404
[INFO GPL-0100] worst slack 1.9e-08
[INFO GPL-0103] Weighted 49 nets.
[NesterovSolve] Iter: 330 overflow: 0.131723 HPWL: 25487452
[NesterovSolve] Iter: 340 overflow: 0.110333 HPWL: 25735152
[NesterovSolve] Finished with Overflow: 0.099489
[INFO] Setting RC values…
Setting global connections for newly added cells…
[INFO] Setting global connections...
Writing OpenROAD database to '/mnt/d/APIC/FIR_Openlane/shifter/runs/RUN_2024-06-17_07-29-35/26-openroad-globalplacement/shifter.odb'…
Writing netlist to '/mnt/d/APIC/FIR_Openlane/shifter/runs/RUN_2024-06-17_07-29-35/26-openroad-globalplacement/shifter.nl.v'…
Writing powered netlist to '/mnt/d/APIC/FIR_Openlane/shifter/runs/RUN_2024-06-17_07-29-35/26-openroad-globalplacement/shifter.pnl.v'…
Writing layout to '/mnt/d/APIC/FIR_Openlane/shifter/runs/RUN_2024-06-17_07-29-35/26-openroad-globalplacement/shifter.def'…
Writing timing constraints to '/mnt/d/APIC/FIR_Openlane/shifter/runs/RUN_2024-06-17_07-29-35/26-openroad-globalplacement/shifter.sdc'…
