Reading OpenROAD database at '/mnt/d/APIC/FIR_Openlane/shifter/runs/RUN_2024-06-17_07-15-45/24-odb-customioplacement/shifter.odb'…
Reading library file at '/home/nurwiyoso14/.volare/volare/sky130/versions/bdc9412b3e468c102d01b7cf6337be06ec6e9c9a/sky130A/libs.ref/sky130_fd_sc_hd/lib/sky130_fd_sc_hd__tt_025C_1v80.lib'…
Reading design constraints file at '/nix/store/ly0xjc8f0gmgmckxcrs0bw8vqc9gf9bk-python3-3.11.6-env/lib/python3.11/site-packages/openlane/scripts/base.sdc'…
[INFO] Using clock clk…
[INFO] Setting output delay to: 5
[INFO] Setting input delay to: 5
[INFO] Setting load to: 0.033442
[INFO] Setting clock uncertainty to: 0.25
[INFO] Setting clock transition to: 0.1499999999999999944488848768742172978818416595458984375
[INFO] Setting timing derate to: 5%
[INFO] Setting RC values…
[INFO] Setting signal min routing layer to: met1 and clock min routing layer to met1. 
[INFO] Setting signal max routing layer to: met5 and clock max routing layer to met5. 
{*}-density 0.621591 -timing_driven -routability_driven -pad_right 0 -pad_left 0 -init_wirelength_coef 0.25
[INFO GPL-0002] DBU: 1000
[INFO GPL-0003] SiteSize: 460 2720
[INFO GPL-0004] CoreAreaLxLy: 5520 10880
[INFO GPL-0005] CoreAreaUxUy: 125120 130560
[INFO GPL-0006] NumInstances: 775
[INFO GPL-0007] NumPlaceInstances: 480
[INFO GPL-0008] NumFixedInstances: 295
[INFO GPL-0009] NumDummyInstances: 0
[INFO GPL-0010] NumNets: 498
[INFO GPL-0011] NumPins: 1698
[INFO GPL-0012] DieAreaLxLy: 0 0
[INFO GPL-0013] DieAreaUxUy: 131095 141815
[INFO GPL-0014] CoreAreaLxLy: 5520 10880
[INFO GPL-0015] CoreAreaUxUy: 125120 130560
[INFO GPL-0016] CoreArea: 14313728000
[INFO GPL-0017] NonPlaceInstsArea: 589315200
[INFO GPL-0018] PlaceInstsArea: 7206912000
[INFO GPL-0019] Util(%): 52.51
[INFO GPL-0020] StdInstsArea: 7206912000
[INFO GPL-0021] MacroInstsArea: 0
[InitialPlace]  Iter: 1 CG residual: 0.00000006 HPWL: 26946053
[InitialPlace]  Iter: 2 CG residual: 0.00000012 HPWL: 12818215
[InitialPlace]  Iter: 3 CG residual: 0.00000009 HPWL: 11412847
[InitialPlace]  Iter: 4 CG residual: 0.00000009 HPWL: 11354515
[InitialPlace]  Iter: 5 CG residual: 0.00000009 HPWL: 11361914
[INFO GPL-0031] FillerInit: NumGCells: 568
[INFO GPL-0032] FillerInit: NumGNets: 498
[INFO GPL-0033] FillerInit: NumGPins: 1698
[INFO GPL-0023] TargetDensity: 0.62
[INFO GPL-0024] AveragePlaceInstArea: 15014400
[INFO GPL-0025] IdealBinArea: 24154790
[INFO GPL-0026] IdealBinCnt: 592
[INFO GPL-0027] TotalBinArea: 14313728000
[INFO GPL-0028] BinCnt: 16 16
[INFO GPL-0029] BinSize: 7475 7480
[INFO GPL-0030] NumBins: 256
[NesterovSolve] Iter: 1 overflow: 0.810426 HPWL: 7624638
[INFO GPL-0100] worst slack 1.88e-08
[INFO GPL-0103] Weighted 49 nets.
[NesterovSolve] Iter: 10 overflow: 0.783433 HPWL: 7680164
[NesterovSolve] Iter: 20 overflow: 0.783345 HPWL: 7596880
[NesterovSolve] Iter: 30 overflow: 0.784299 HPWL: 7601108
[NesterovSolve] Iter: 40 overflow: 0.784057 HPWL: 7598998
[NesterovSolve] Iter: 50 overflow: 0.784002 HPWL: 7599439
[NesterovSolve] Iter: 60 overflow: 0.784002 HPWL: 7599641
[NesterovSolve] Iter: 70 overflow: 0.783954 HPWL: 7599549
[NesterovSolve] Iter: 80 overflow: 0.783881 HPWL: 7600083
[NesterovSolve] Iter: 90 overflow: 0.783771 HPWL: 7602898
[NesterovSolve] Iter: 100 overflow: 0.783589 HPWL: 7608735
[NesterovSolve] Iter: 110 overflow: 0.783298 HPWL: 7618366
[NesterovSolve] Iter: 120 overflow: 0.782808 HPWL: 7631048
[NesterovSolve] Iter: 130 overflow: 0.781982 HPWL: 7639782
[NesterovSolve] Iter: 140 overflow: 0.780797 HPWL: 7623967
[NesterovSolve] Iter: 150 overflow: 0.77927 HPWL: 7537779
[NesterovSolve] Iter: 160 overflow: 0.776855 HPWL: 7513716
[NesterovSolve] Iter: 170 overflow: 0.774475 HPWL: 7476163
[NesterovSolve] Iter: 180 overflow: 0.770897 HPWL: 7559129
[NesterovSolve] Iter: 190 overflow: 0.758048 HPWL: 7766596
[NesterovSolve] Iter: 200 overflow: 0.751957 HPWL: 8166359
[NesterovSolve] Iter: 210 overflow: 0.727394 HPWL: 9071762
[NesterovSolve] Iter: 220 overflow: 0.642934 HPWL: 9540622
[INFO GPL-0100] worst slack 1.9e-08
[INFO GPL-0103] Weighted 49 nets.
[NesterovSolve] Iter: 230 overflow: 0.602042 HPWL: 10387658
[NesterovSolve] Snapshot saved at iter = 230
[NesterovSolve] Iter: 240 overflow: 0.531066 HPWL: 11175510
[INFO GPL-0100] worst slack 1.9e-08
[INFO GPL-0103] Weighted 49 nets.
[NesterovSolve] Iter: 250 overflow: 0.43705 HPWL: 11919353
[NesterovSolve] Iter: 260 overflow: 0.317597 HPWL: 13567391
[INFO GPL-0100] worst slack 1.88e-08
[INFO GPL-0103] Weighted 49 nets.
[NesterovSolve] Iter: 270 overflow: 0.297531 HPWL: 14522478
[NesterovSolve] Iter: 280 overflow: 0.216174 HPWL: 15300265
[INFO GPL-0100] worst slack 1.9e-08
[INFO GPL-0103] Weighted 49 nets.
[INFO GPL-0075] Routability numCall: 1 inflationIterCnt: 1 bloatIterCnt: 0
[INFO GPL-0036] TileLxLy: 0 0
[INFO GPL-0037] TileSize: 6900 6900
[INFO GPL-0038] TileCnt: 18 20
[INFO GPL-0039] numRoutingLayers: 6
[INFO GPL-0040] NumTiles: 360
[INFO GPL-0063] TotalRouteOverflowH2: 0
[INFO GPL-0064] TotalRouteOverflowV2: 0.9333332777023315
[INFO GPL-0065] OverflowTileCnt2: 5
[INFO GPL-0066] 0.5%RC: 1.199999988079071
[INFO GPL-0067] 1.0%RC: 1.1333333253860474
[INFO GPL-0068] 2.0%RC: 1.0666666626930237
[INFO GPL-0069] 5.0%RC: 1.027450978755951
[INFO GPL-0070] 0.5rcK: 1
[INFO GPL-0071] 1.0rcK: 1
[INFO GPL-0072] 2.0rcK: 0
[INFO GPL-0073] 5.0rcK: 0
[INFO GPL-0074] FinalRC: 1.1666666
[NesterovSolve] Iter: 290 overflow: 0.185768 HPWL: 15732232
[NesterovSolve] Iter: 300 overflow: 0.158482 HPWL: 16153491
[INFO GPL-0100] worst slack 1.92e-08
[INFO GPL-0103] Weighted 49 nets.
[NesterovSolve] Iter: 310 overflow: 0.120371 HPWL: 16407438
[NesterovSolve] Iter: 320 overflow: 0.0989514 HPWL: 16758175
[NesterovSolve] Finished with Overflow: 0.098951
[INFO] Setting RC values…
Setting global connections for newly added cells…
[INFO] Setting global connections...
Writing OpenROAD database to '/mnt/d/APIC/FIR_Openlane/shifter/runs/RUN_2024-06-17_07-15-45/26-openroad-globalplacement/shifter.odb'…
Writing netlist to '/mnt/d/APIC/FIR_Openlane/shifter/runs/RUN_2024-06-17_07-15-45/26-openroad-globalplacement/shifter.nl.v'…
Writing powered netlist to '/mnt/d/APIC/FIR_Openlane/shifter/runs/RUN_2024-06-17_07-15-45/26-openroad-globalplacement/shifter.pnl.v'…
Writing layout to '/mnt/d/APIC/FIR_Openlane/shifter/runs/RUN_2024-06-17_07-15-45/26-openroad-globalplacement/shifter.def'…
Writing timing constraints to '/mnt/d/APIC/FIR_Openlane/shifter/runs/RUN_2024-06-17_07-15-45/26-openroad-globalplacement/shifter.sdc'…
