Reading OpenROAD database at '/mnt/d/APIC/FIR_Openlane/Shifter/runs/RUN_2024-06-17_19-51-50/40-odb-heuristicdiodeinsertion/3-openroad-globalrouting/shifter.odb'…
Reading library file at '/home/nurwiyoso14/.volare/volare/sky130/versions/bdc9412b3e468c102d01b7cf6337be06ec6e9c9a/sky130A/libs.ref/sky130_fd_sc_hd/lib/sky130_fd_sc_hd__ss_100C_1v60.lib'…
Reading design constraints file at '/nix/store/ly0xjc8f0gmgmckxcrs0bw8vqc9gf9bk-python3-3.11.6-env/lib/python3.11/site-packages/openlane/scripts/base.sdc'…
[INFO] Using clock clk…
[INFO] Setting output delay to: 5
[INFO] Setting input delay to: 5
[INFO] Setting load to: 0.033442
[INFO] Setting clock uncertainty to: 0.25
[INFO] Setting clock transition to: 0.1499999999999999944488848768742172978818416595458984375
[INFO] Setting timing derate to: 5%
[INFO] Setting signal min routing layer to: met1 and clock min routing layer to met1. 
[INFO] Setting signal max routing layer to: met4 and clock max routing layer to met4. 
-congestion_iterations 50 -verbose
[INFO GRT-0020] Min routing layer: met1
[INFO GRT-0021] Max routing layer: met4
[INFO GRT-0022] Global adjustment: 30%
[INFO GRT-0023] Grid origin: (0, 0)
[INFO GRT-0043] No OR_DEFAULT vias defined.
[INFO GRT-0088] Layer li1     Track-Pitch = 0.4600  line-2-Via Pitch: 0.3400
[INFO GRT-0088] Layer met1    Track-Pitch = 0.3400  line-2-Via Pitch: 0.3400
[INFO GRT-0088] Layer met2    Track-Pitch = 0.4600  line-2-Via Pitch: 0.3500
[INFO GRT-0088] Layer met3    Track-Pitch = 0.6800  line-2-Via Pitch: 0.6150
[INFO GRT-0088] Layer met4    Track-Pitch = 0.9200  line-2-Via Pitch: 0.6150
[INFO GRT-0019] Found 18 clock nets.
[INFO GRT-0001] Minimum degree: 2
[INFO GRT-0002] Maximum degree: 51
[INFO GRT-0003] Macros: 0
[INFO GRT-0004] Blockages: 3360

[INFO GRT-0053] Routing resources analysis:
          Routing      Original      Derated      Resource
Layer     Direction    Resources     Resources    Reduction (%)
---------------------------------------------------------------
li1        Vertical            0             0          0.00%
met1       Horizontal     266685        131004          50.88%
met2       Vertical       199985        131848          34.07%
met3       Horizontal     133285         92149          30.86%
met4       Vertical        93380         51541          44.81%
---------------------------------------------------------------

[INFO GRT-0197] Via related to pin nodes: 4488
[INFO GRT-0198] Via related Steiner nodes: 128
[INFO GRT-0199] Via filling finished.
[INFO GRT-0111] Final number of vias: 5534
[INFO GRT-0112] Final usage 3D: 23686

[INFO GRT-0096] Final congestion report:
Layer         Resource        Demand        Usage (%)    Max H / Max V / Total Overflow
---------------------------------------------------------------------------------------
li1                  0             0            0.00%             0 /  0 /  0
met1            131004          3211            2.45%             0 /  0 /  0
met2            131848          3805            2.89%             0 /  0 /  0
met3             92149            68            0.07%             0 /  0 /  0
met4             51541             0            0.00%             0 /  0 /  0
---------------------------------------------------------------------------------------
Total           406542          7084            1.74%             0 /  0 /  0

[INFO GRT-0018] Total wirelength: 65860 um
[INFO GRT-0014] Routed nets: 1037
[INFO GRT-0006] Repairing antennas, iteration 1.
[INFO GRT-0043] No OR_DEFAULT vias defined.
[INFO GRT-0012] Found 9 antenna violations.
[INFO GRT-0015] Inserted 63 diodes.
[INFO GRT-0009] rerouting 441 nets.
[INFO GRT-0001] Minimum degree: 2
[INFO GRT-0002] Maximum degree: 51
[INFO GRT-0006] Repairing antennas, iteration 2.
[INFO GRT-0043] No OR_DEFAULT vias defined.
[INFO GRT-0012] Found 0 antenna violations.
Placement Analysis
---------------------------------
total displacement          0.0 u
average displacement        0.0 u
max displacement            0.0 u
original HPWL           48001.1 u
legalized HPWL          48098.3 u
delta HPWL                    0 %

[INFO DPL-0020] Mirrored 411 instances
[INFO DPL-0021] HPWL before           48098.3 u
[INFO DPL-0022] HPWL after            47683.4 u
[INFO DPL-0023] HPWL delta               -0.9 %
-congestion_iterations 50 -verbose
[INFO GRT-0020] Min routing layer: met1
[INFO GRT-0021] Max routing layer: met4
[INFO GRT-0022] Global adjustment: 30%
[INFO GRT-0023] Grid origin: (0, 0)
[INFO GRT-0043] No OR_DEFAULT vias defined.
[INFO GRT-0088] Layer li1     Track-Pitch = 0.4600  line-2-Via Pitch: 0.3400
[INFO GRT-0088] Layer met1    Track-Pitch = 0.3400  line-2-Via Pitch: 0.3400
[INFO GRT-0088] Layer met2    Track-Pitch = 0.4600  line-2-Via Pitch: 0.3500
[INFO GRT-0088] Layer met3    Track-Pitch = 0.6800  line-2-Via Pitch: 0.6150
[INFO GRT-0088] Layer met4    Track-Pitch = 0.9200  line-2-Via Pitch: 0.6150
[INFO GRT-0019] Found 18 clock nets.
[INFO GRT-0001] Minimum degree: 2
[INFO GRT-0002] Maximum degree: 51
[INFO GRT-0003] Macros: 0
[INFO GRT-0004] Blockages: 3360

[INFO GRT-0053] Routing resources analysis:
          Routing      Original      Derated      Resource
Layer     Direction    Resources     Resources    Reduction (%)
---------------------------------------------------------------
li1        Vertical            0             0          0.00%
met1       Horizontal     266685        131004          50.88%
met2       Vertical       199985        131848          34.07%
met3       Horizontal     133285         92149          30.86%
met4       Vertical        93380         51541          44.81%
---------------------------------------------------------------

[INFO GRT-0197] Via related to pin nodes: 4539
[INFO GRT-0198] Via related Steiner nodes: 127
[INFO GRT-0199] Via filling finished.
[INFO GRT-0111] Final number of vias: 5590
[INFO GRT-0112] Final usage 3D: 23878

[INFO GRT-0096] Final congestion report:
Layer         Resource        Demand        Usage (%)    Max H / Max V / Total Overflow
---------------------------------------------------------------------------------------
li1                  0             0            0.00%             0 /  0 /  0
met1            131004          3231            2.47%             0 /  0 /  0
met2            131848          3809            2.89%             0 /  0 /  0
met3             92149            68            0.07%             0 /  0 /  0
met4             51541             0            0.00%             0 /  0 /  0
---------------------------------------------------------------------------------------
Total           406542          7108            1.75%             0 /  0 /  0

[INFO GRT-0018] Total wirelength: 66191 um
[INFO GRT-0014] Routed nets: 1037
[INFO] Setting RC values…
Setting global connections for newly added cells…
[INFO] Setting global connections...
Writing OpenROAD database to '/mnt/d/APIC/FIR_Openlane/Shifter/runs/RUN_2024-06-17_19-51-50/41-openroad-repairantennas/1-diodeinsertion/shifter.odb'…
Writing layout to '/mnt/d/APIC/FIR_Openlane/Shifter/runs/RUN_2024-06-17_19-51-50/41-openroad-repairantennas/1-diodeinsertion/shifter.def'…
