
===========================================================================
report_checks -unconstrained
===========================================================================
======================= max_tt_025C_1v80 Corner ===================================

Startpoint: input_data[80] (input port clocked by clk)
Endpoint: _22395_ (rising edge-triggered flip-flop clocked by clk)
Path Group: clk
Path Type: max

Fanout         Cap        Slew       Delay        Time   Description
---------------------------------------------------------------------------------------------
                                  0.000000    0.000000   clock clk (rise edge)
                                  0.000000    0.000000   clock network delay (propagated)
                                  5.000000    5.000000 ^ input external delay
     2    0.009688    0.050062    0.033241    5.033242 ^ input_data[80] (in)
                                                         input_data[80] (net)
                      0.050070    0.000000    5.033242 ^ input196/A (sky130_fd_sc_hd__clkbuf_2)
     2    0.057297    0.308950    0.287721    5.320962 ^ input196/X (sky130_fd_sc_hd__clkbuf_2)
                                                         net196 (net)
                      0.309156    0.006604    5.327567 ^ fanout416/A (sky130_fd_sc_hd__clkbuf_4)
    16    0.088650    0.266739    0.375032    5.702599 ^ fanout416/X (sky130_fd_sc_hd__clkbuf_4)
                                                         net416 (net)
                      0.267685    0.013015    5.715614 ^ fanout415/A (sky130_fd_sc_hd__buf_4)
    14    0.095148    0.263556    0.331485    6.047099 ^ fanout415/X (sky130_fd_sc_hd__buf_4)
                                                         net415 (net)
                      0.264080    0.009681    6.056780 ^ fanout413/A (sky130_fd_sc_hd__buf_4)
    20    0.076993    0.214931    0.296999    6.353779 ^ fanout413/X (sky130_fd_sc_hd__buf_4)
                                                         net413 (net)
                      0.215838    0.011375    6.365155 ^ _11240_/A (sky130_fd_sc_hd__and2_2)
     5    0.046165    0.239180    0.335858    6.701013 ^ _11240_/X (sky130_fd_sc_hd__and2_2)
                                                         _03312_ (net)
                      0.239199    0.001800    6.702813 ^ _11246_/A (sky130_fd_sc_hd__or2_1)
     1    0.006394    0.073096    0.164017    6.866830 ^ _11246_/X (sky130_fd_sc_hd__or2_1)
                                                         _03378_ (net)
                      0.073101    0.000478    6.867308 ^ fanout265/A (sky130_fd_sc_hd__clkbuf_4)
    10    0.074704    0.226904    0.273069    7.140377 ^ fanout265/X (sky130_fd_sc_hd__clkbuf_4)
                                                         net265 (net)
                      0.226964    0.003094    7.143471 ^ fanout264/A (sky130_fd_sc_hd__buf_4)
    20    0.101194    0.279537    0.331366    7.474837 ^ fanout264/X (sky130_fd_sc_hd__buf_4)
                                                         net264 (net)
                      0.279619    0.004036    7.478873 ^ _11539_/A (sky130_fd_sc_hd__nor2_1)
     3    0.016245    0.115411    0.163845    7.642718 v _11539_/Y (sky130_fd_sc_hd__nor2_1)
                                                         _06600_ (net)
                      0.115419    0.000722    7.643440 v _11541_/A (sky130_fd_sc_hd__nor2_1)
     2    0.017813    0.324277    0.305594    7.949034 ^ _11541_/Y (sky130_fd_sc_hd__nor2_1)
                                                         _06622_ (net)
                      0.324281    0.001064    7.950098 ^ _11663_/A1 (sky130_fd_sc_hd__a21oi_1)
     2    0.017278    0.166142    0.217063    8.167161 v _11663_/Y (sky130_fd_sc_hd__a21oi_1)
                                                         _07963_ (net)
                      0.166171    0.001761    8.168921 v _11665_/B (sky130_fd_sc_hd__xor2_1)
     2    0.013034    0.294661    0.308208    8.477130 ^ _11665_/X (sky130_fd_sc_hd__xor2_1)
                                                         _07985_ (net)
                      0.294665    0.000897    8.478026 ^ _11666_/B (sky130_fd_sc_hd__xnor2_1)
     2    0.011838    0.293395    0.226192    8.704218 ^ _11666_/Y (sky130_fd_sc_hd__xnor2_1)
                                                         _07996_ (net)
                      0.293397    0.000698    8.704916 ^ _11667_/A_N (sky130_fd_sc_hd__and2b_1)
     2    0.012359    0.073370    0.262696    8.967612 v _11667_/X (sky130_fd_sc_hd__and2b_1)
                                                         _08007_ (net)
                      0.073388    0.000954    8.968566 v _11842_/A (sky130_fd_sc_hd__xnor2_2)
     2    0.017274    0.258329    0.266281    9.234847 ^ _11842_/Y (sky130_fd_sc_hd__xnor2_2)
                                                         _09931_ (net)
                      0.258341    0.001402    9.236248 ^ _11844_/B (sky130_fd_sc_hd__xor2_2)
     3    0.016290    0.115246    0.153936    9.390185 v _11844_/X (sky130_fd_sc_hd__xor2_2)
                                                         _09953_ (net)
                      0.115267    0.001250    9.391435 v _11845_/C (sky130_fd_sc_hd__and3_1)
     4    0.029461    0.147588    0.310703    9.702138 v _11845_/X (sky130_fd_sc_hd__and3_1)
                                                         _09964_ (net)
                      0.147663    0.002774    9.704912 v _11878_/A (sky130_fd_sc_hd__or4bb_4)
     3    0.010967    0.096597    0.589069   10.293981 v _11878_/X (sky130_fd_sc_hd__or4bb_4)
                                                         _10327_ (net)
                      0.096599    0.000701   10.294682 v _11880_/B (sky130_fd_sc_hd__and3_1)
     2    0.007647    0.058198    0.205717   10.500399 v _11880_/X (sky130_fd_sc_hd__and3_1)
                                                         _10349_ (net)
                      0.058201    0.000333   10.500732 v _11882_/B (sky130_fd_sc_hd__or3_1)
     3    0.011906    0.112268    0.406680   10.907413 v _11882_/X (sky130_fd_sc_hd__or3_1)
                                                         _10370_ (net)
                      0.112273    0.000633   10.908046 v _11897_/A1 (sky130_fd_sc_hd__a211o_1)
     3    0.009181    0.076878    0.313070   11.221116 v _11897_/X (sky130_fd_sc_hd__a211o_1)
                                                         _10535_ (net)
                      0.076883    0.000454   11.221570 v _11898_/C (sky130_fd_sc_hd__and3_1)
     2    0.007585    0.057960    0.211748   11.433318 v _11898_/X (sky130_fd_sc_hd__and3_1)
                                                         _10546_ (net)
                      0.057966    0.000517   11.433835 v _11917_/B1 (sky130_fd_sc_hd__a211o_1)
     3    0.011379    0.085984    0.314182   11.748017 v _11917_/X (sky130_fd_sc_hd__a211o_1)
                                                         _10755_ (net)
                      0.085993    0.000727   11.748744 v _11920_/B (sky130_fd_sc_hd__and3_2)
     4    0.019685    0.075348    0.255748   12.004492 v _11920_/X (sky130_fd_sc_hd__and3_2)
                                                         _10788_ (net)
                      0.075395    0.001531   12.006023 v _11947_/A (sky130_fd_sc_hd__or3_2)
     5    0.021448    0.131446    0.561674   12.567698 v _11947_/X (sky130_fd_sc_hd__or3_2)
                                                         _11085_ (net)
                      0.131543    0.002849   12.570547 v _11949_/B (sky130_fd_sc_hd__and3_1)
     2    0.007608    0.058117    0.221397   12.791944 v _11949_/X (sky130_fd_sc_hd__and3_1)
                                                         _11107_ (net)
                      0.058124    0.000519   12.792462 v _11979_/A (sky130_fd_sc_hd__or3_2)
     5    0.019039    0.124675    0.548313   13.340776 v _11979_/X (sky130_fd_sc_hd__or3_2)
                                                         _00258_ (net)
                      0.124694    0.001196   13.341972 v _11981_/B (sky130_fd_sc_hd__and3_1)
     2    0.009203    0.063758    0.225674   13.567646 v _11981_/X (sky130_fd_sc_hd__and3_1)
                                                         _00280_ (net)
                      0.063767    0.000591   13.568236 v _12019_/A1 (sky130_fd_sc_hd__o211a_1)
     2    0.008410    0.064727    0.253435   13.821672 v _12019_/X (sky130_fd_sc_hd__o211a_1)
                                                         _00697_ (net)
                      0.064733    0.000536   13.822207 v _12021_/A2 (sky130_fd_sc_hd__o21a_1)
     2    0.010377    0.068421    0.206804   14.029012 v _12021_/X (sky130_fd_sc_hd__o21a_1)
                                                         _00719_ (net)
                      0.068431    0.000676   14.029688 v _12119_/A2 (sky130_fd_sc_hd__o21a_1)
     3    0.011696    0.074314    0.213536   14.243224 v _12119_/X (sky130_fd_sc_hd__o21a_1)
                                                         _01599_ (net)
                      0.074322    0.000630   14.243854 v _16802_/A1 (sky130_fd_sc_hd__o21ba_1)
     2    0.007973    0.058889    0.214532   14.458385 v _16802_/X (sky130_fd_sc_hd__o21ba_1)
                                                         _06628_ (net)
                      0.058892    0.000348   14.458734 v _17945_/A2 (sky130_fd_sc_hd__o21bai_1)
     2    0.010678    0.244114    0.227993   14.686726 ^ _17945_/Y (sky130_fd_sc_hd__o21bai_1)
                                                         _07884_ (net)
                      0.244116    0.000619   14.687346 ^ _19186_/A2 (sky130_fd_sc_hd__a21o_1)
     3    0.011626    0.108684    0.206742   14.894087 ^ _19186_/X (sky130_fd_sc_hd__a21o_1)
                                                         _09248_ (net)
                      0.108690    0.000644   14.894732 ^ _20615_/A2 (sky130_fd_sc_hd__a21o_1)
     3    0.013924    0.128374    0.189285   15.084016 ^ _20615_/X (sky130_fd_sc_hd__a21o_1)
                                                         _10819_ (net)
                      0.128380    0.000762   15.084778 ^ _21715_/A1 (sky130_fd_sc_hd__a221o_1)
     1    0.006837    0.082736    0.188019   15.272797 ^ _21715_/X (sky130_fd_sc_hd__a221o_1)
                                                         _00849_ (net)
                      0.082743    0.000620   15.273417 ^ _21716_/B1 (sky130_fd_sc_hd__o311ai_2)
     1    0.015988    0.166336    0.162970   15.436387 v _21716_/Y (sky130_fd_sc_hd__o311ai_2)
                                                         _00850_ (net)
                      0.166336    0.001817   15.438204 v _21914_/A2 (sky130_fd_sc_hd__a31o_1)
     1    0.010318    0.069137    0.285208   15.723413 v _21914_/X (sky130_fd_sc_hd__a31o_1)
                                                         _01068_ (net)
                      0.069153    0.000835   15.724247 v _22033_/A2 (sky130_fd_sc_hd__o21a_1)
     1    0.016131    0.094511    0.230770   15.955017 v _22033_/X (sky130_fd_sc_hd__o21a_1)
                                                         _01199_ (net)
                      0.094558    0.001750   15.956767 v _22196_/A1 (sky130_fd_sc_hd__o22a_1)
     1    0.005142    0.054825    0.235071   16.191837 v _22196_/X (sky130_fd_sc_hd__o22a_1)
                                                         _01378_ (net)
                      0.054831    0.000448   16.192286 v _22243_/A2 (sky130_fd_sc_hd__o21ba_1)
     1    0.003677    0.039482    0.171219   16.363504 v _22243_/X (sky130_fd_sc_hd__o21ba_1)
                                                         _01430_ (net)
                      0.039486    0.000290   16.363794 v _22245_/B1 (sky130_fd_sc_hd__o32a_1)
     1    0.003278    0.054496    0.167013   16.530807 v _22245_/X (sky130_fd_sc_hd__o32a_1)
                                                         _00005_ (net)
                      0.054496    0.000199   16.531006 v _22395_/D (sky130_fd_sc_hd__dfxtp_2)
                                             16.531006   data arrival time

                                 25.000000   25.000000   clock clk (rise edge)
                                  0.000000   25.000000   clock source latency
     2    0.089017    0.401759    0.283254   25.283253 ^ clk (in)
                                                         clk (net)
                      0.402300    0.000000   25.283253 ^ clkbuf_0_clk/A (sky130_fd_sc_hd__clkbuf_16)
     2    0.025426    0.053618    0.228416   25.511669 ^ clkbuf_0_clk/X (sky130_fd_sc_hd__clkbuf_16)
                                                         clknet_0_clk (net)
                      0.053675    0.001325   25.512995 ^ clkbuf_1_1__f_clk/A (sky130_fd_sc_hd__clkbuf_16)
    14    0.055265    0.073878    0.155008   25.668003 ^ clkbuf_1_1__f_clk/X (sky130_fd_sc_hd__clkbuf_16)
                                                         clknet_1_1__leaf_clk (net)
                      0.074085    0.003087   25.671091 ^ _22395_/CLK (sky130_fd_sc_hd__dfxtp_2)
                                 -0.250000   25.421091   clock uncertainty
                                  0.000000   25.421091   clock reconvergence pessimism
                                 -0.110229   25.310863   library setup time
                                             25.310863   data required time
---------------------------------------------------------------------------------------------
                                             25.310863   data required time
                                            -16.531006   data arrival time
---------------------------------------------------------------------------------------------
                                              8.779857   slack (MET)




===========================================================================
report_checks --slack_max -0.01
============================================================================
======================= max_tt_025C_1v80 Corner ===================================

No paths found.


===========================================================================
 report_check_types -max_slew -max_cap -max_fanout -violators
============================================================================
======================= max_tt_025C_1v80 Corner ===================================

max fanout

Pin                                   Limit Fanout  Slack
---------------------------------------------------------
_11446_/Y                                10     20    -10 (VIOLATED)
_11758_/Y                                10     20    -10 (VIOLATED)
_12250_/X                                10     20    -10 (VIOLATED)
_13155_/Y                                10     20    -10 (VIOLATED)
_14753_/Y                                10     20    -10 (VIOLATED)
_15566_/Y                                10     20    -10 (VIOLATED)
_16075_/Y                                10     20    -10 (VIOLATED)
fanout246/X                              10     20    -10 (VIOLATED)
fanout247/X                              10     20    -10 (VIOLATED)
fanout248/X                              10     20    -10 (VIOLATED)
fanout250/X                              10     20    -10 (VIOLATED)
fanout251/X                              10     20    -10 (VIOLATED)
fanout253/X                              10     20    -10 (VIOLATED)
fanout254/X                              10     20    -10 (VIOLATED)
fanout255/X                              10     20    -10 (VIOLATED)
fanout256/X                              10     20    -10 (VIOLATED)
fanout258/X                              10     20    -10 (VIOLATED)
fanout260/X                              10     20    -10 (VIOLATED)
fanout261/X                              10     20    -10 (VIOLATED)
fanout262/X                              10     20    -10 (VIOLATED)
fanout264/X                              10     20    -10 (VIOLATED)
fanout266/X                              10     20    -10 (VIOLATED)
fanout268/X                              10     20    -10 (VIOLATED)
fanout274/X                              10     20    -10 (VIOLATED)
fanout275/X                              10     20    -10 (VIOLATED)
fanout280/X                              10     20    -10 (VIOLATED)
fanout281/X                              10     20    -10 (VIOLATED)
fanout282/X                              10     20    -10 (VIOLATED)
fanout283/X                              10     20    -10 (VIOLATED)
fanout286/X                              10     20    -10 (VIOLATED)
fanout292/X                              10     20    -10 (VIOLATED)
fanout295/X                              10     20    -10 (VIOLATED)
fanout299/X                              10     20    -10 (VIOLATED)
fanout300/X                              10     20    -10 (VIOLATED)
fanout301/X                              10     20    -10 (VIOLATED)
fanout302/X                              10     20    -10 (VIOLATED)
fanout303/X                              10     20    -10 (VIOLATED)
fanout304/X                              10     20    -10 (VIOLATED)
fanout305/X                              10     20    -10 (VIOLATED)
fanout309/X                              10     20    -10 (VIOLATED)
fanout310/X                              10     20    -10 (VIOLATED)
fanout316/X                              10     20    -10 (VIOLATED)
fanout317/X                              10     20    -10 (VIOLATED)
fanout319/X                              10     20    -10 (VIOLATED)
fanout325/X                              10     20    -10 (VIOLATED)
fanout329/X                              10     20    -10 (VIOLATED)
fanout333/X                              10     20    -10 (VIOLATED)
fanout334/X                              10     20    -10 (VIOLATED)
fanout335/X                              10     20    -10 (VIOLATED)
fanout347/X                              10     20    -10 (VIOLATED)
fanout350/X                              10     20    -10 (VIOLATED)
fanout351/X                              10     20    -10 (VIOLATED)
fanout354/X                              10     20    -10 (VIOLATED)
fanout357/X                              10     20    -10 (VIOLATED)
fanout358/X                              10     20    -10 (VIOLATED)
fanout372/X                              10     20    -10 (VIOLATED)
fanout376/X                              10     20    -10 (VIOLATED)
fanout377/X                              10     20    -10 (VIOLATED)
fanout388/X                              10     20    -10 (VIOLATED)
fanout390/X                              10     20    -10 (VIOLATED)
fanout393/X                              10     20    -10 (VIOLATED)
fanout411/X                              10     20    -10 (VIOLATED)
fanout413/X                              10     20    -10 (VIOLATED)
fanout414/X                              10     20    -10 (VIOLATED)
fanout417/X                              10     20    -10 (VIOLATED)
fanout432/X                              10     20    -10 (VIOLATED)
fanout438/X                              10     20    -10 (VIOLATED)
fanout446/X                              10     20    -10 (VIOLATED)
fanout451/X                              10     20    -10 (VIOLATED)
fanout453/X                              10     20    -10 (VIOLATED)
fanout485/X                              10     20    -10 (VIOLATED)
fanout486/X                              10     20    -10 (VIOLATED)
fanout490/X                              10     20    -10 (VIOLATED)
fanout491/X                              10     20    -10 (VIOLATED)
fanout493/X                              10     20    -10 (VIOLATED)
fanout495/X                              10     20    -10 (VIOLATED)
fanout499/X                              10     20    -10 (VIOLATED)
fanout502/X                              10     20    -10 (VIOLATED)
fanout505/X                              10     20    -10 (VIOLATED)
fanout508/X                              10     20    -10 (VIOLATED)
fanout509/X                              10     20    -10 (VIOLATED)
fanout510/X                              10     20    -10 (VIOLATED)
fanout512/X                              10     20    -10 (VIOLATED)
fanout527/X                              10     20    -10 (VIOLATED)
fanout545/X                              10     20    -10 (VIOLATED)
fanout546/X                              10     20    -10 (VIOLATED)
fanout552/X                              10     20    -10 (VIOLATED)
fanout557/X                              10     20    -10 (VIOLATED)
fanout559/X                              10     20    -10 (VIOLATED)
input121/X                               10     20    -10 (VIOLATED)
input122/X                               10     20    -10 (VIOLATED)
input174/X                               10     20    -10 (VIOLATED)
input40/X                                10     20    -10 (VIOLATED)
input67/X                                10     20    -10 (VIOLATED)
input69/X                                10     20    -10 (VIOLATED)
input70/X                                10     20    -10 (VIOLATED)
input95/X                                10     20    -10 (VIOLATED)
_11241_/Y                                10     18     -8 (VIOLATED)
_11286_/Y                                10     18     -8 (VIOLATED)
_11544_/X                                10     18     -8 (VIOLATED)
_11656_/X                                10     18     -8 (VIOLATED)
_12083_/Y                                10     18     -8 (VIOLATED)
_12314_/X                                10     18     -8 (VIOLATED)
_13074_/X                                10     18     -8 (VIOLATED)
_13135_/Y                                10     18     -8 (VIOLATED)
_13655_/Y                                10     18     -8 (VIOLATED)
_13713_/Y                                10     18     -8 (VIOLATED)
_14670_/Y                                10     18     -8 (VIOLATED)
_15567_/Y                                10     18     -8 (VIOLATED)
fanout321/X                              10     18     -8 (VIOLATED)
fanout323/X                              10     18     -8 (VIOLATED)
fanout328/X                              10     18     -8 (VIOLATED)
fanout332/X                              10     18     -8 (VIOLATED)
fanout340/X                              10     18     -8 (VIOLATED)
fanout346/X                              10     18     -8 (VIOLATED)
fanout349/X                              10     18     -8 (VIOLATED)
fanout371/X                              10     18     -8 (VIOLATED)
fanout382/X                              10     18     -8 (VIOLATED)
fanout384/X                              10     18     -8 (VIOLATED)
fanout447/X                              10     18     -8 (VIOLATED)
fanout455/X                              10     18     -8 (VIOLATED)
fanout457/X                              10     18     -8 (VIOLATED)
fanout476/X                              10     18     -8 (VIOLATED)
fanout481/X                              10     18     -8 (VIOLATED)
fanout482/X                              10     18     -8 (VIOLATED)
fanout487/X                              10     18     -8 (VIOLATED)
fanout494/X                              10     18     -8 (VIOLATED)
fanout501/X                              10     18     -8 (VIOLATED)
fanout522/X                              10     18     -8 (VIOLATED)
fanout526/X                              10     18     -8 (VIOLATED)
fanout549/X                              10     18     -8 (VIOLATED)
input221/X                               10     18     -8 (VIOLATED)
input33/X                                10     18     -8 (VIOLATED)
input43/X                                10     18     -8 (VIOLATED)
input62/X                                10     18     -8 (VIOLATED)
input68/X                                10     18     -8 (VIOLATED)
input79/X                                10     18     -8 (VIOLATED)
input86/X                                10     18     -8 (VIOLATED)
input87/X                                10     18     -8 (VIOLATED)
input89/X                                10     18     -8 (VIOLATED)
input94/X                                10     18     -8 (VIOLATED)
_11197_/Y                                10     16     -6 (VIOLATED)
_11203_/Y                                10     16     -6 (VIOLATED)
_11204_/Y                                10     16     -6 (VIOLATED)
_11207_/Y                                10     16     -6 (VIOLATED)
_11444_/X                                10     16     -6 (VIOLATED)
_11828_/X                                10     16     -6 (VIOLATED)
_12092_/X                                10     16     -6 (VIOLATED)
_12421_/Y                                10     16     -6 (VIOLATED)
_12650_/Y                                10     16     -6 (VIOLATED)
_13709_/X                                10     16     -6 (VIOLATED)
_15196_/Y                                10     16     -6 (VIOLATED)
_15609_/Y                                10     16     -6 (VIOLATED)
fanout287/X                              10     16     -6 (VIOLATED)
fanout369/X                              10     16     -6 (VIOLATED)
fanout379/X                              10     16     -6 (VIOLATED)
fanout396/X                              10     16     -6 (VIOLATED)
fanout416/X                              10     16     -6 (VIOLATED)
fanout435/X                              10     16     -6 (VIOLATED)
fanout452/X                              10     16     -6 (VIOLATED)
fanout525/X                              10     16     -6 (VIOLATED)
input104/X                               10     16     -6 (VIOLATED)
input158/X                               10     16     -6 (VIOLATED)
input210/X                               10     16     -6 (VIOLATED)
input220/X                               10     16     -6 (VIOLATED)
input41/X                                10     16     -6 (VIOLATED)
input85/X                                10     16     -6 (VIOLATED)
_11211_/Y                                10     14     -4 (VIOLATED)
_11238_/X                                10     14     -4 (VIOLATED)
_11358_/Y                                10     14     -4 (VIOLATED)
_11421_/X                                10     14     -4 (VIOLATED)
_12176_/Y                                10     14     -4 (VIOLATED)
_12177_/X                                10     14     -4 (VIOLATED)
_12224_/Y                                10     14     -4 (VIOLATED)
_13154_/X                                10     14     -4 (VIOLATED)
_14636_/X                                10     14     -4 (VIOLATED)
_14754_/Y                                10     14     -4 (VIOLATED)
_15278_/X                                10     14     -4 (VIOLATED)
_15573_/X                                10     14     -4 (VIOLATED)
_16687_/X                                10     14     -4 (VIOLATED)
clkbuf_1_1__f_clk/X                      10     14     -4 (VIOLATED)
fanout259/X                              10     14     -4 (VIOLATED)
fanout298/X                              10     14     -4 (VIOLATED)
fanout338/X                              10     14     -4 (VIOLATED)
fanout343/X                              10     14     -4 (VIOLATED)
fanout368/X                              10     14     -4 (VIOLATED)
fanout412/X                              10     14     -4 (VIOLATED)
fanout415/X                              10     14     -4 (VIOLATED)
fanout424/X                              10     14     -4 (VIOLATED)
fanout434/X                              10     14     -4 (VIOLATED)
fanout442/X                              10     14     -4 (VIOLATED)
fanout465/X                              10     14     -4 (VIOLATED)
fanout489/X                              10     14     -4 (VIOLATED)
fanout496/X                              10     14     -4 (VIOLATED)
fanout506/X                              10     14     -4 (VIOLATED)
fanout507/X                              10     14     -4 (VIOLATED)
fanout524/X                              10     14     -4 (VIOLATED)
fanout555/X                              10     14     -4 (VIOLATED)
input141/X                               10     14     -4 (VIOLATED)
input176/X                               10     14     -4 (VIOLATED)
input45/X                                10     14     -4 (VIOLATED)
input80/X                                10     14     -4 (VIOLATED)
input92/X                                10     14     -4 (VIOLATED)
input93/X                                10     14     -4 (VIOLATED)
input96/X                                10     14     -4 (VIOLATED)
_11242_/Y                                10     12     -2 (VIOLATED)
_11323_/X                                10     12     -2 (VIOLATED)
_11342_/X                                10     12     -2 (VIOLATED)
_11343_/Y                                10     12     -2 (VIOLATED)
_11360_/Y                                10     12     -2 (VIOLATED)
_11445_/Y                                10     12     -2 (VIOLATED)
_11991_/Y                                10     12     -2 (VIOLATED)
_13235_/Y                                10     12     -2 (VIOLATED)
_13278_/Y                                10     12     -2 (VIOLATED)
_13447_/Y                                10     12     -2 (VIOLATED)
_13465_/X                                10     12     -2 (VIOLATED)
_13490_/Y                                10     12     -2 (VIOLATED)
_13521_/Y                                10     12     -2 (VIOLATED)
_14674_/X                                10     12     -2 (VIOLATED)
_15027_/Y                                10     12     -2 (VIOLATED)
_15351_/Y                                10     12     -2 (VIOLATED)
_15610_/X                                10     12     -2 (VIOLATED)
_16608_/X                                10     12     -2 (VIOLATED)
_17774_/X                                10     12     -2 (VIOLATED)
fanout257/X                              10     12     -2 (VIOLATED)
fanout263/X                              10     12     -2 (VIOLATED)
fanout291/X                              10     12     -2 (VIOLATED)
fanout342/X                              10     12     -2 (VIOLATED)
fanout359/X                              10     12     -2 (VIOLATED)
fanout406/X                              10     12     -2 (VIOLATED)
fanout409/X                              10     12     -2 (VIOLATED)
fanout419/X                              10     12     -2 (VIOLATED)
fanout492/X                              10     12     -2 (VIOLATED)
fanout504/X                              10     12     -2 (VIOLATED)
fanout514/X                              10     12     -2 (VIOLATED)
fanout534/X                              10     12     -2 (VIOLATED)
fanout554/X                              10     12     -2 (VIOLATED)
fanout558/X                              10     12     -2 (VIOLATED)
input177/X                               10     12     -2 (VIOLATED)
input63/X                                10     12     -2 (VIOLATED)
input90/X                                10     12     -2 (VIOLATED)
input91/X                                10     12     -2 (VIOLATED)



===========================================================================
report_parasitic_annotation -report_unannotated
============================================================================
Found 23 unannotated drivers.
 input_data[127]
 input_data[191]
 input_data[207]
 input_data[208]
 input_data[209]
 input_data[210]
 input_data[211]
 input_data[212]
 input_data[213]
 input_data[214]
 input_data[215]
 input_data[216]
 input_data[217]
 input_data[218]
 input_data[219]
 input_data[220]
 input_data[221]
 input_data[222]
 input_data[223]
 input_data[238]
 input_data[239]
 input_data[63]
 input_data[79]
Found 0 partially unannotated drivers.

===========================================================================
max slew violation count 0
max fanout violation count 242
max cap violation count 0
============================================================================

===========================================================================
check_setup -verbose -unconstrained_endpoints -multiple_clock -no_clock -no_input_delay -loops -generated_clocks
===========================================================================
