
===========================================================================
report_checks -unconstrained
===========================================================================
======================= max_ss_100C_1v60 Corner ===================================

Startpoint: input_data[96] (input port clocked by clk)
Endpoint: _22395_ (rising edge-triggered flip-flop clocked by clk)
Path Group: clk
Path Type: max

Fanout         Cap        Slew       Delay        Time   Description
---------------------------------------------------------------------------------------------
                                  0.000000    0.000000   clock clk (rise edge)
                                  0.000000    0.000000   clock network delay (propagated)
                                  5.000000    5.000000 ^ input external delay
     1    0.003579    0.037461    0.019947    5.019947 ^ input_data[96] (in)
                                                         input_data[96] (net)
                      0.037462    0.000000    5.019947 ^ input213/A (sky130_fd_sc_hd__buf_1)
     1    0.021765    0.415641    0.380203    5.400150 ^ input213/X (sky130_fd_sc_hd__buf_1)
                                                         net213 (net)
                      0.415670    0.002898    5.403048 ^ fanout402/A (sky130_fd_sc_hd__clkbuf_8)
     9    0.116201    0.324215    0.547280    5.950327 ^ fanout402/X (sky130_fd_sc_hd__clkbuf_8)
                                                         net402 (net)
                      0.324317    0.005028    5.955356 ^ fanout401/A (sky130_fd_sc_hd__clkbuf_8)
     8    0.106581    0.295701    0.502113    6.457468 ^ fanout401/X (sky130_fd_sc_hd__clkbuf_8)
                                                         net401 (net)
                      0.296559    0.013231    6.470699 ^ fanout400/A (sky130_fd_sc_hd__buf_4)
     7    0.067779    0.303813    0.479034    6.949733 ^ fanout400/X (sky130_fd_sc_hd__buf_4)
                                                         net400 (net)
                      0.304033    0.006773    6.956506 ^ fanout399/A (sky130_fd_sc_hd__clkbuf_4)
    10    0.064592    0.313750    0.526754    7.483261 ^ fanout399/X (sky130_fd_sc_hd__clkbuf_4)
                                                         net399 (net)
                      0.313783    0.002744    7.486005 ^ _12313_/A (sky130_fd_sc_hd__or2_4)
     5    0.028493    0.154159    0.390798    7.876802 ^ _12313_/X (sky130_fd_sc_hd__or2_4)
                                                         _01793_ (net)
                      0.154177    0.001358    7.878160 ^ _12314_/B (sky130_fd_sc_hd__and2_4)
     9    0.090338    0.416734    0.598511    8.476671 ^ _12314_/X (sky130_fd_sc_hd__and2_4)
                                                         _01794_ (net)
                      0.416865    0.006168    8.482840 ^ _14634_/A (sky130_fd_sc_hd__xnor2_2)
     4    0.023837    0.264841    0.387908    8.870747 v _14634_/Y (sky130_fd_sc_hd__xnor2_2)
                                                         _04244_ (net)
                      0.264866    0.002106    8.872853 v _14637_/A (sky130_fd_sc_hd__or2_2)
     4    0.019612    0.193365    0.867404    9.740257 v _14637_/X (sky130_fd_sc_hd__or2_2)
                                                         _04248_ (net)
                      0.193379    0.001178    9.741435 v _14655_/A_N (sky130_fd_sc_hd__nand2b_2)
     3    0.014405    0.162873    0.483735   10.225169 v _14655_/Y (sky130_fd_sc_hd__nand2b_2)
                                                         _04267_ (net)
                      0.162882    0.001031   10.226201 v _14876_/A (sky130_fd_sc_hd__or4_1)
     3    0.008541    0.244340    1.343786   11.569986 v _14876_/X (sky130_fd_sc_hd__or4_1)
                                                         _04510_ (net)
                      0.244341    0.000451   11.570437 v _14952_/B (sky130_fd_sc_hd__and3_1)
     2    0.006439    0.100385    0.451453   12.021891 v _14952_/X (sky130_fd_sc_hd__and3_1)
                                                         _04594_ (net)
                      0.100387    0.000393   12.022283 v _14955_/C (sky130_fd_sc_hd__or4_2)
     3    0.012215    0.283570    1.585772   13.608054 v _14955_/X (sky130_fd_sc_hd__or4_2)
                                                         _04597_ (net)
                      0.283573    0.000778   13.608832 v _14957_/A (sky130_fd_sc_hd__nand2_2)
     2    0.033762    0.291044    0.349163   13.957996 ^ _14957_/Y (sky130_fd_sc_hd__nand2_2)
                                                         _04600_ (net)
                      0.291236    0.006105   13.964102 ^ _14965_/B (sky130_fd_sc_hd__xor2_1)
     2    0.010861    0.262816    0.296374   14.260475 v _14965_/X (sky130_fd_sc_hd__xor2_1)
                                                         _04608_ (net)
                      0.262821    0.000875   14.261350 v _14966_/B (sky130_fd_sc_hd__and2_1)
     4    0.010168    0.127357    0.471375   14.732725 v _14966_/X (sky130_fd_sc_hd__and2_1)
                                                         _04609_ (net)
                      0.127359    0.000492   14.733217 v _15103_/A (sky130_fd_sc_hd__or3_1)
     3    0.013968    0.244902    1.017448   15.750666 v _15103_/X (sky130_fd_sc_hd__or3_1)
                                                         _04760_ (net)
                      0.244907    0.000867   15.751533 v _15124_/A1 (sky130_fd_sc_hd__a21o_1)
     2    0.008701    0.106229    0.407278   16.158810 v _15124_/X (sky130_fd_sc_hd__a21o_1)
                                                         _04783_ (net)
                      0.106233    0.000524   16.159334 v _15125_/C (sky130_fd_sc_hd__and3_2)
     3    0.017593    0.137023    0.537035   16.696369 v _15125_/X (sky130_fd_sc_hd__and3_2)
                                                         _04784_ (net)
                      0.137031    0.000924   16.697292 v _15148_/B1 (sky130_fd_sc_hd__a211oi_4)
     4    0.043773    0.835822    0.821659   17.518951 ^ _15148_/Y (sky130_fd_sc_hd__a211oi_4)
                                                         _04810_ (net)
                      0.835961    0.008804   17.527756 ^ _15152_/A (sky130_fd_sc_hd__nor3b_2)
     3    0.008627    0.179174    0.340425   17.868181 v _15152_/Y (sky130_fd_sc_hd__nor3b_2)
                                                         _04814_ (net)
                      0.179174    0.000702   17.868881 v _15179_/A (sky130_fd_sc_hd__or3_2)
     4    0.015214    0.239020    1.271671   19.140553 v _15179_/X (sky130_fd_sc_hd__or3_2)
                                                         _04844_ (net)
                      0.239026    0.001020   19.141573 v _15183_/A (sky130_fd_sc_hd__and3_1)
     4    0.013039    0.151482    0.458906   19.600479 v _15183_/X (sky130_fd_sc_hd__and3_1)
                                                         _04848_ (net)
                      0.151487    0.000666   19.601145 v _15255_/A (sky130_fd_sc_hd__or3_1)
     2    0.004388    0.155399    0.900174   20.501318 v _15255_/X (sky130_fd_sc_hd__or3_1)
                                                         _04927_ (net)
                      0.155399    0.000270   20.501589 v _15258_/A (sky130_fd_sc_hd__and3_1)
     3    0.009339    0.124240    0.388638   20.890226 v _15258_/X (sky130_fd_sc_hd__and3_1)
                                                         _04931_ (net)
                      0.124242    0.000469   20.890696 v _15331_/A (sky130_fd_sc_hd__or3_4)
     4    0.019909    0.163523    0.847580   21.738276 v _15331_/X (sky130_fd_sc_hd__or3_4)
                                                         _05011_ (net)
                      0.163554    0.001840   21.740116 v _15406_/A1 (sky130_fd_sc_hd__a211o_1)
     2    0.006727    0.120146    0.565054   22.305170 v _15406_/X (sky130_fd_sc_hd__a211o_1)
                                                         _05093_ (net)
                      0.120147    0.000361   22.305531 v _15408_/A2 (sky130_fd_sc_hd__a211o_1)
     2    0.006213    0.116013    0.595245   22.900776 v _15408_/X (sky130_fd_sc_hd__a211o_1)
                                                         _05096_ (net)
                      0.116015    0.000405   22.901180 v _15564_/A1 (sky130_fd_sc_hd__a21o_1)
     3    0.007759    0.098820    0.345249   23.246429 v _15564_/X (sky130_fd_sc_hd__a21o_1)
                                                         _05267_ (net)
                      0.098823    0.000439   23.246868 v _17294_/A2 (sky130_fd_sc_hd__a21o_1)
     2    0.009460    0.112391    0.381364   23.628233 v _17294_/X (sky130_fd_sc_hd__a21o_1)
                                                         _07169_ (net)
                      0.112397    0.000691   23.628923 v _18463_/A2 (sky130_fd_sc_hd__a21bo_1)
     3    0.008538    0.107586    0.403125   24.032047 v _18463_/X (sky130_fd_sc_hd__a21bo_1)
                                                         _08454_ (net)
                      0.107590    0.000572   24.032619 v _19719_/A2 (sky130_fd_sc_hd__a21o_1)
     3    0.018340    0.177871    0.446278   24.478897 v _19719_/X (sky130_fd_sc_hd__a21o_1)
                                                         _09835_ (net)
                      0.177897    0.001812   24.480709 v _20203_/A2 (sky130_fd_sc_hd__a21o_1)
     3    0.014622    0.149321    0.453060   24.933769 v _20203_/X (sky130_fd_sc_hd__a21o_1)
                                                         _10366_ (net)
                      0.149332    0.001048   24.934818 v _21561_/A1 (sky130_fd_sc_hd__a221o_1)
     1    0.003362    0.097738    0.613312   25.548130 v _21561_/X (sky130_fd_sc_hd__a221o_1)
                                                         _00680_ (net)
                      0.097738    0.000139   25.548267 v _21562_/B1 (sky130_fd_sc_hd__o311a_1)
     1    0.003004    0.093820    0.232534   25.780802 v _21562_/X (sky130_fd_sc_hd__o311a_1)
                                                         _00681_ (net)
                      0.093821    0.000203   25.781004 v _22033_/A1 (sky130_fd_sc_hd__o21a_2)
     1    0.042914    0.227263    0.563418   26.344423 v _22033_/X (sky130_fd_sc_hd__o21a_2)
                                                         _01199_ (net)
                      0.227706    0.008308   26.352730 v _22196_/A1 (sky130_fd_sc_hd__o22a_1)
     1    0.006228    0.118364    0.483032   26.835762 v _22196_/X (sky130_fd_sc_hd__o22a_1)
                                                         _01378_ (net)
                      0.118367    0.000485   26.836248 v _22243_/A2 (sky130_fd_sc_hd__o21ba_1)
     1    0.002902    0.064864    0.326724   27.162971 v _22243_/X (sky130_fd_sc_hd__o21ba_1)
                                                         _01430_ (net)
                      0.064865    0.000201   27.163172 v _22245_/B1 (sky130_fd_sc_hd__o32a_1)
     1    0.002475    0.106723    0.317545   27.480717 v _22245_/X (sky130_fd_sc_hd__o32a_1)
                                                         _00005_ (net)
                      0.106723    0.000098   27.480814 v _22395_/D (sky130_fd_sc_hd__dfxtp_4)
                                             27.480814   data arrival time

                                 25.000000   25.000000   clock clk (rise edge)
                                  0.000000   25.000000   clock source latency
     1    0.107199    0.774085    0.558604   25.558603 ^ clk (in)
                                                         clk (net)
                      0.778582    0.000000   25.558603 ^ clkbuf_0_clk/A (sky130_fd_sc_hd__clkbuf_16)
     2    0.032350    0.094529    0.514401   26.073004 ^ clkbuf_0_clk/X (sky130_fd_sc_hd__clkbuf_16)
                                                         clknet_0_clk (net)
                      0.094601    0.002004   26.075008 ^ clkbuf_1_0__f_clk/A (sky130_fd_sc_hd__clkbuf_16)
     9    0.037448    0.091657    0.255801   26.330809 ^ clkbuf_1_0__f_clk/X (sky130_fd_sc_hd__clkbuf_16)
                                                         clknet_1_0__leaf_clk (net)
                      0.091898    0.003777   26.334585 ^ _22395_/CLK (sky130_fd_sc_hd__dfxtp_4)
                                 -0.250000   26.084585   clock uncertainty
                                  0.000000   26.084585   clock reconvergence pessimism
                                 -0.282044   25.802542   library setup time
                                             25.802542   data required time
---------------------------------------------------------------------------------------------
                                             25.802542   data required time
                                            -27.480814   data arrival time
---------------------------------------------------------------------------------------------
                                             -1.678274   slack (VIOLATED)




===========================================================================
report_checks --slack_max -0.01
============================================================================
======================= max_ss_100C_1v60 Corner ===================================

Startpoint: input_data[96] (input port clocked by clk)
Endpoint: _22395_ (rising edge-triggered flip-flop clocked by clk)
Path Group: clk
Path Type: max

Fanout         Cap        Slew       Delay        Time   Description
---------------------------------------------------------------------------------------------
                                  0.000000    0.000000   clock clk (rise edge)
                                  0.000000    0.000000   clock network delay (propagated)
                                  5.000000    5.000000 ^ input external delay
     1    0.003579    0.037461    0.019947    5.019947 ^ input_data[96] (in)
                                                         input_data[96] (net)
                      0.037462    0.000000    5.019947 ^ input213/A (sky130_fd_sc_hd__buf_1)
     1    0.021765    0.415641    0.380203    5.400150 ^ input213/X (sky130_fd_sc_hd__buf_1)
                                                         net213 (net)
                      0.415670    0.002898    5.403048 ^ fanout402/A (sky130_fd_sc_hd__clkbuf_8)
     9    0.116201    0.324215    0.547280    5.950327 ^ fanout402/X (sky130_fd_sc_hd__clkbuf_8)
                                                         net402 (net)
                      0.324317    0.005028    5.955356 ^ fanout401/A (sky130_fd_sc_hd__clkbuf_8)
     8    0.106581    0.295701    0.502113    6.457468 ^ fanout401/X (sky130_fd_sc_hd__clkbuf_8)
                                                         net401 (net)
                      0.296559    0.013231    6.470699 ^ fanout400/A (sky130_fd_sc_hd__buf_4)
     7    0.067779    0.303813    0.479034    6.949733 ^ fanout400/X (sky130_fd_sc_hd__buf_4)
                                                         net400 (net)
                      0.304033    0.006773    6.956506 ^ fanout399/A (sky130_fd_sc_hd__clkbuf_4)
    10    0.064592    0.313750    0.526754    7.483261 ^ fanout399/X (sky130_fd_sc_hd__clkbuf_4)
                                                         net399 (net)
                      0.313783    0.002744    7.486005 ^ _12313_/A (sky130_fd_sc_hd__or2_4)
     5    0.028493    0.154159    0.390798    7.876802 ^ _12313_/X (sky130_fd_sc_hd__or2_4)
                                                         _01793_ (net)
                      0.154177    0.001358    7.878160 ^ _12314_/B (sky130_fd_sc_hd__and2_4)
     9    0.090338    0.416734    0.598511    8.476671 ^ _12314_/X (sky130_fd_sc_hd__and2_4)
                                                         _01794_ (net)
                      0.416865    0.006168    8.482840 ^ _14634_/A (sky130_fd_sc_hd__xnor2_2)
     4    0.023837    0.264841    0.387908    8.870747 v _14634_/Y (sky130_fd_sc_hd__xnor2_2)
                                                         _04244_ (net)
                      0.264866    0.002106    8.872853 v _14637_/A (sky130_fd_sc_hd__or2_2)
     4    0.019612    0.193365    0.867404    9.740257 v _14637_/X (sky130_fd_sc_hd__or2_2)
                                                         _04248_ (net)
                      0.193379    0.001178    9.741435 v _14655_/A_N (sky130_fd_sc_hd__nand2b_2)
     3    0.014405    0.162873    0.483735   10.225169 v _14655_/Y (sky130_fd_sc_hd__nand2b_2)
                                                         _04267_ (net)
                      0.162882    0.001031   10.226201 v _14876_/A (sky130_fd_sc_hd__or4_1)
     3    0.008541    0.244340    1.343786   11.569986 v _14876_/X (sky130_fd_sc_hd__or4_1)
                                                         _04510_ (net)
                      0.244341    0.000451   11.570437 v _14952_/B (sky130_fd_sc_hd__and3_1)
     2    0.006439    0.100385    0.451453   12.021891 v _14952_/X (sky130_fd_sc_hd__and3_1)
                                                         _04594_ (net)
                      0.100387    0.000393   12.022283 v _14955_/C (sky130_fd_sc_hd__or4_2)
     3    0.012215    0.283570    1.585772   13.608054 v _14955_/X (sky130_fd_sc_hd__or4_2)
                                                         _04597_ (net)
                      0.283573    0.000778   13.608832 v _14957_/A (sky130_fd_sc_hd__nand2_2)
     2    0.033762    0.291044    0.349163   13.957996 ^ _14957_/Y (sky130_fd_sc_hd__nand2_2)
                                                         _04600_ (net)
                      0.291236    0.006105   13.964102 ^ _14965_/B (sky130_fd_sc_hd__xor2_1)
     2    0.010861    0.262816    0.296374   14.260475 v _14965_/X (sky130_fd_sc_hd__xor2_1)
                                                         _04608_ (net)
                      0.262821    0.000875   14.261350 v _14966_/B (sky130_fd_sc_hd__and2_1)
     4    0.010168    0.127357    0.471375   14.732725 v _14966_/X (sky130_fd_sc_hd__and2_1)
                                                         _04609_ (net)
                      0.127359    0.000492   14.733217 v _15103_/A (sky130_fd_sc_hd__or3_1)
     3    0.013968    0.244902    1.017448   15.750666 v _15103_/X (sky130_fd_sc_hd__or3_1)
                                                         _04760_ (net)
                      0.244907    0.000867   15.751533 v _15124_/A1 (sky130_fd_sc_hd__a21o_1)
     2    0.008701    0.106229    0.407278   16.158810 v _15124_/X (sky130_fd_sc_hd__a21o_1)
                                                         _04783_ (net)
                      0.106233    0.000524   16.159334 v _15125_/C (sky130_fd_sc_hd__and3_2)
     3    0.017593    0.137023    0.537035   16.696369 v _15125_/X (sky130_fd_sc_hd__and3_2)
                                                         _04784_ (net)
                      0.137031    0.000924   16.697292 v _15148_/B1 (sky130_fd_sc_hd__a211oi_4)
     4    0.043773    0.835822    0.821659   17.518951 ^ _15148_/Y (sky130_fd_sc_hd__a211oi_4)
                                                         _04810_ (net)
                      0.835961    0.008804   17.527756 ^ _15152_/A (sky130_fd_sc_hd__nor3b_2)
     3    0.008627    0.179174    0.340425   17.868181 v _15152_/Y (sky130_fd_sc_hd__nor3b_2)
                                                         _04814_ (net)
                      0.179174    0.000702   17.868881 v _15179_/A (sky130_fd_sc_hd__or3_2)
     4    0.015214    0.239020    1.271671   19.140553 v _15179_/X (sky130_fd_sc_hd__or3_2)
                                                         _04844_ (net)
                      0.239026    0.001020   19.141573 v _15183_/A (sky130_fd_sc_hd__and3_1)
     4    0.013039    0.151482    0.458906   19.600479 v _15183_/X (sky130_fd_sc_hd__and3_1)
                                                         _04848_ (net)
                      0.151487    0.000666   19.601145 v _15255_/A (sky130_fd_sc_hd__or3_1)
     2    0.004388    0.155399    0.900174   20.501318 v _15255_/X (sky130_fd_sc_hd__or3_1)
                                                         _04927_ (net)
                      0.155399    0.000270   20.501589 v _15258_/A (sky130_fd_sc_hd__and3_1)
     3    0.009339    0.124240    0.388638   20.890226 v _15258_/X (sky130_fd_sc_hd__and3_1)
                                                         _04931_ (net)
                      0.124242    0.000469   20.890696 v _15331_/A (sky130_fd_sc_hd__or3_4)
     4    0.019909    0.163523    0.847580   21.738276 v _15331_/X (sky130_fd_sc_hd__or3_4)
                                                         _05011_ (net)
                      0.163554    0.001840   21.740116 v _15406_/A1 (sky130_fd_sc_hd__a211o_1)
     2    0.006727    0.120146    0.565054   22.305170 v _15406_/X (sky130_fd_sc_hd__a211o_1)
                                                         _05093_ (net)
                      0.120147    0.000361   22.305531 v _15408_/A2 (sky130_fd_sc_hd__a211o_1)
     2    0.006213    0.116013    0.595245   22.900776 v _15408_/X (sky130_fd_sc_hd__a211o_1)
                                                         _05096_ (net)
                      0.116015    0.000405   22.901180 v _15564_/A1 (sky130_fd_sc_hd__a21o_1)
     3    0.007759    0.098820    0.345249   23.246429 v _15564_/X (sky130_fd_sc_hd__a21o_1)
                                                         _05267_ (net)
                      0.098823    0.000439   23.246868 v _17294_/A2 (sky130_fd_sc_hd__a21o_1)
     2    0.009460    0.112391    0.381364   23.628233 v _17294_/X (sky130_fd_sc_hd__a21o_1)
                                                         _07169_ (net)
                      0.112397    0.000691   23.628923 v _18463_/A2 (sky130_fd_sc_hd__a21bo_1)
     3    0.008538    0.107586    0.403125   24.032047 v _18463_/X (sky130_fd_sc_hd__a21bo_1)
                                                         _08454_ (net)
                      0.107590    0.000572   24.032619 v _19719_/A2 (sky130_fd_sc_hd__a21o_1)
     3    0.018340    0.177871    0.446278   24.478897 v _19719_/X (sky130_fd_sc_hd__a21o_1)
                                                         _09835_ (net)
                      0.177897    0.001812   24.480709 v _20203_/A2 (sky130_fd_sc_hd__a21o_1)
     3    0.014622    0.149321    0.453060   24.933769 v _20203_/X (sky130_fd_sc_hd__a21o_1)
                                                         _10366_ (net)
                      0.149332    0.001048   24.934818 v _21561_/A1 (sky130_fd_sc_hd__a221o_1)
     1    0.003362    0.097738    0.613312   25.548130 v _21561_/X (sky130_fd_sc_hd__a221o_1)
                                                         _00680_ (net)
                      0.097738    0.000139   25.548267 v _21562_/B1 (sky130_fd_sc_hd__o311a_1)
     1    0.003004    0.093820    0.232534   25.780802 v _21562_/X (sky130_fd_sc_hd__o311a_1)
                                                         _00681_ (net)
                      0.093821    0.000203   25.781004 v _22033_/A1 (sky130_fd_sc_hd__o21a_2)
     1    0.042914    0.227263    0.563418   26.344423 v _22033_/X (sky130_fd_sc_hd__o21a_2)
                                                         _01199_ (net)
                      0.227706    0.008308   26.352730 v _22196_/A1 (sky130_fd_sc_hd__o22a_1)
     1    0.006228    0.118364    0.483032   26.835762 v _22196_/X (sky130_fd_sc_hd__o22a_1)
                                                         _01378_ (net)
                      0.118367    0.000485   26.836248 v _22243_/A2 (sky130_fd_sc_hd__o21ba_1)
     1    0.002902    0.064864    0.326724   27.162971 v _22243_/X (sky130_fd_sc_hd__o21ba_1)
                                                         _01430_ (net)
                      0.064865    0.000201   27.163172 v _22245_/B1 (sky130_fd_sc_hd__o32a_1)
     1    0.002475    0.106723    0.317545   27.480717 v _22245_/X (sky130_fd_sc_hd__o32a_1)
                                                         _00005_ (net)
                      0.106723    0.000098   27.480814 v _22395_/D (sky130_fd_sc_hd__dfxtp_4)
                                             27.480814   data arrival time

                                 25.000000   25.000000   clock clk (rise edge)
                                  0.000000   25.000000   clock source latency
     1    0.107199    0.774085    0.558604   25.558603 ^ clk (in)
                                                         clk (net)
                      0.778582    0.000000   25.558603 ^ clkbuf_0_clk/A (sky130_fd_sc_hd__clkbuf_16)
     2    0.032350    0.094529    0.514401   26.073004 ^ clkbuf_0_clk/X (sky130_fd_sc_hd__clkbuf_16)
                                                         clknet_0_clk (net)
                      0.094601    0.002004   26.075008 ^ clkbuf_1_0__f_clk/A (sky130_fd_sc_hd__clkbuf_16)
     9    0.037448    0.091657    0.255801   26.330809 ^ clkbuf_1_0__f_clk/X (sky130_fd_sc_hd__clkbuf_16)
                                                         clknet_1_0__leaf_clk (net)
                      0.091898    0.003777   26.334585 ^ _22395_/CLK (sky130_fd_sc_hd__dfxtp_4)
                                 -0.250000   26.084585   clock uncertainty
                                  0.000000   26.084585   clock reconvergence pessimism
                                 -0.282044   25.802542   library setup time
                                             25.802542   data required time
---------------------------------------------------------------------------------------------
                                             25.802542   data required time
                                            -27.480814   data arrival time
---------------------------------------------------------------------------------------------
                                             -1.678274   slack (VIOLATED)




===========================================================================
 report_check_types -max_slew -max_cap -max_fanout -violators
============================================================================
======================= max_ss_100C_1v60 Corner ===================================

max slew

Pin                                        Limit        Slew       Slack
------------------------------------------------------------------------
ANTENNA_82/DIODE                        0.750000    1.324129   -0.574129 (VIOLATED)
ANTENNA_84/DIODE                        0.750000    1.324129   -0.574129 (VIOLATED)
ANTENNA_86/DIODE                        0.750000    1.324130   -0.574130 (VIOLATED)
_22261_/B1                              0.750000    1.324129   -0.574129 (VIOLATED)
ANTENNA_83/DIODE                        0.750000    1.324128   -0.574128 (VIOLATED)
ANTENNA_85/DIODE                        0.750000    1.324128   -0.574128 (VIOLATED)
ANTENNA_87/DIODE                        0.750000    1.324128   -0.574128 (VIOLATED)
ANTENNA_76/DIODE                        0.750000    1.323658   -0.573658 (VIOLATED)
ANTENNA_77/DIODE                        0.750000    1.323658   -0.573658 (VIOLATED)
ANTENNA_78/DIODE                        0.750000    1.323658   -0.573658 (VIOLATED)
ANTENNA_79/DIODE                        0.750000    1.323658   -0.573658 (VIOLATED)
ANTENNA_80/DIODE                        0.750000    1.323658   -0.573658 (VIOLATED)
ANTENNA_81/DIODE                        0.750000    1.323658   -0.573658 (VIOLATED)
_22260_/Y                               0.750000    1.323655   -0.573655 (VIOLATED)
_13442_/B                               0.750000    1.176908   -0.426908 (VIOLATED)
_13441_/A_N                             0.750000    1.176893   -0.426893 (VIOLATED)
_13440_/Y                               0.750000    1.176704   -0.426704 (VIOLATED)
_13663_/A                               0.750000    1.173633   -0.423633 (VIOLATED)
_13662_/A                               0.750000    1.173630   -0.423630 (VIOLATED)
ANTENNA_51/DIODE                        0.750000    1.172384   -0.422384 (VIOLATED)
ANTENNA_45/DIODE                        0.750000    1.172383   -0.422383 (VIOLATED)
ANTENNA_47/DIODE                        0.750000    1.172383   -0.422383 (VIOLATED)
ANTENNA_49/DIODE                        0.750000    1.172384   -0.422384 (VIOLATED)
ANTENNA_43/DIODE                        0.750000    1.172383   -0.422383 (VIOLATED)
_13719_/B                               0.750000    1.172383   -0.422383 (VIOLATED)
ANTENNA_42/DIODE                        0.750000    1.172380   -0.422380 (VIOLATED)
ANTENNA_44/DIODE                        0.750000    1.172379   -0.422379 (VIOLATED)
ANTENNA_46/DIODE                        0.750000    1.172378   -0.422378 (VIOLATED)
ANTENNA_48/DIODE                        0.750000    1.172377   -0.422377 (VIOLATED)
ANTENNA_50/DIODE                        0.750000    1.172376   -0.422376 (VIOLATED)
_13653_/Y                               0.750000    1.171717   -0.421717 (VIOLATED)
ANTENNA_41/DIODE                        0.750000    1.170857   -0.420857 (VIOLATED)
ANTENNA_39/DIODE                        0.750000    1.170856   -0.420856 (VIOLATED)
ANTENNA_37/DIODE                        0.750000    1.170856   -0.420856 (VIOLATED)
ANTENNA_35/DIODE                        0.750000    1.170855   -0.420855 (VIOLATED)
ANTENNA_33/DIODE                        0.750000    1.170854   -0.420854 (VIOLATED)
ANTENNA_32/DIODE                        0.750000    1.170851   -0.420851 (VIOLATED)
ANTENNA_34/DIODE                        0.750000    1.170851   -0.420851 (VIOLATED)
ANTENNA_36/DIODE                        0.750000    1.170851   -0.420851 (VIOLATED)
ANTENNA_38/DIODE                        0.750000    1.170851   -0.420851 (VIOLATED)
ANTENNA_40/DIODE                        0.750000    1.170851   -0.420851 (VIOLATED)
_13718_/Y                               0.750000    1.170843   -0.420843 (VIOLATED)
_21817_/A                               0.750000    1.147736   -0.397736 (VIOLATED)
_13578_/A                               0.750000    1.146756   -0.396756 (VIOLATED)
_13538_/A1                              0.750000    1.146730   -0.396730 (VIOLATED)
_21769_/Y                               0.750000    1.145078   -0.395078 (VIOLATED)
_13530_/Y                               0.750000    1.144405   -0.394405 (VIOLATED)
_14691_/B                               0.750000    1.127267   -0.377267 (VIOLATED)
_14690_/B                               0.750000    1.127196   -0.377196 (VIOLATED)
_14689_/Y                               0.750000    1.126052   -0.376052 (VIOLATED)
_13499_/A                               0.750000    1.119102   -0.369103 (VIOLATED)
_13498_/B                               0.750000    1.119101   -0.369101 (VIOLATED)
ANTENNA_8/DIODE                         0.750000    1.119100   -0.369100 (VIOLATED)
ANTENNA_9/DIODE                         0.750000    1.119100   -0.369100 (VIOLATED)
_13488_/X                               0.750000    1.119006   -0.369006 (VIOLATED)
_13768_/A                               0.750000    1.116190   -0.366190 (VIOLATED)
_13774_/A1                              0.750000    1.116187   -0.366188 (VIOLATED)
_13763_/Y                               0.750000    1.114580   -0.364580 (VIOLATED)
_13605_/B                               0.750000    1.107060   -0.357060 (VIOLATED)
_13604_/A1                              0.750000    1.107059   -0.357059 (VIOLATED)
_13592_/A                               0.750000    1.106933   -0.356933 (VIOLATED)
_13590_/Y                               0.750000    1.106926   -0.356926 (VIOLATED)
_13442_/A                               0.750000    1.084661   -0.334661 (VIOLATED)
ANTENNA_7/DIODE                         0.750000    1.084657   -0.334657 (VIOLATED)
_13441_/B                               0.750000    1.084656   -0.334656 (VIOLATED)
ANTENNA_6/DIODE                         0.750000    1.084654   -0.334654 (VIOLATED)
_13342_/X                               0.750000    1.084543   -0.334543 (VIOLATED)
_22034_/A2                              0.750000    1.078462   -0.328462 (VIOLATED)
ANTENNA_75/DIODE                        0.750000    1.078457   -0.328457 (VIOLATED)
_21265_/B                               0.750000    1.078448   -0.328449 (VIOLATED)
ANTENNA_74/DIODE                        0.750000    1.078439   -0.328439 (VIOLATED)
_21264_/X                               0.750000    1.075866   -0.325866 (VIOLATED)
_19489_/A                               0.750000    1.064806   -0.314806 (VIOLATED)
_19488_/B                               0.750000    1.064805   -0.314805 (VIOLATED)
ANTENNA_59/DIODE                        0.750000    1.064804   -0.314804 (VIOLATED)
ANTENNA_58/DIODE                        0.750000    1.064804   -0.314804 (VIOLATED)
_19486_/X                               0.750000    1.064718   -0.314718 (VIOLATED)
_13767_/B1                              0.750000    1.056950   -0.306950 (VIOLATED)
_13766_/A                               0.750000    1.056949   -0.306949 (VIOLATED)
_13764_/Y                               0.750000    1.054243   -0.304243 (VIOLATED)
_17915_/B                               0.750000    1.023297   -0.273297 (VIOLATED)
_19150_/A2                              0.750000    1.023296   -0.273296 (VIOLATED)
_17914_/Y                               0.750000    1.023081   -0.273081 (VIOLATED)
_21690_/A                               0.750000    1.017628   -0.267628 (VIOLATED)
_21618_/Y                               0.750000    1.017488   -0.267488 (VIOLATED)
_19687_/C_N                             0.750000    1.005493   -0.255493 (VIOLATED)
_19688_/B1_N                            0.750000    1.005492   -0.255492 (VIOLATED)
_19611_/Y                               0.750000    1.005301   -0.255301 (VIOLATED)
_14881_/A                               0.750000    0.994091   -0.244091 (VIOLATED)
_14879_/A                               0.750000    0.994065   -0.244065 (VIOLATED)
_14855_/Y                               0.750000    0.992514   -0.242514 (VIOLATED)
_11907_/A1                              0.750000    0.983135   -0.233135 (VIOLATED)
_11906_/A                               0.750000    0.983132   -0.233132 (VIOLATED)
_11756_/B                               0.750000    0.982978   -0.232978 (VIOLATED)
_11888_/B                               0.750000    0.982977   -0.232977 (VIOLATED)
_11755_/Y                               0.750000    0.982970   -0.232970 (VIOLATED)
_13766_/B                               0.750000    0.973994   -0.223994 (VIOLATED)
_13765_/Y                               0.750000    0.973770   -0.223770 (VIOLATED)
_17119_/A2                              0.750000    0.971894   -0.221894 (VIOLATED)
_17118_/Y                               0.750000    0.971616   -0.221616 (VIOLATED)
_16475_/C                               0.750000    0.951802   -0.201802 (VIOLATED)
_16487_/B1                              0.750000    0.951802   -0.201802 (VIOLATED)
_16474_/Y                               0.750000    0.951638   -0.201638 (VIOLATED)
_21594_/B                               0.750000    0.939533   -0.189534 (VIOLATED)
_21593_/Y                               0.750000    0.939507   -0.189507 (VIOLATED)
_16380_/C                               0.750000    0.934619   -0.184619 (VIOLATED)
_16381_/B1                              0.750000    0.934615   -0.184615 (VIOLATED)
_16379_/Y                               0.750000    0.933515   -0.183515 (VIOLATED)
_22103_/A                               0.750000    0.923710   -0.173710 (VIOLATED)
wire245/A                               0.750000    0.923576   -0.173576 (VIOLATED)
_17097_/Y                               0.750000    0.923324   -0.173324 (VIOLATED)
_22101_/Y                               0.750000    0.923102   -0.173102 (VIOLATED)
_16482_/B                               0.750000    0.921718   -0.171718 (VIOLATED)
_16485_/B                               0.750000    0.921718   -0.171718 (VIOLATED)
_16481_/Y                               0.750000    0.921692   -0.171692 (VIOLATED)
_20583_/B                               0.750000    0.913449   -0.163449 (VIOLATED)
_20582_/B                               0.750000    0.913440   -0.163440 (VIOLATED)
_20581_/Y                               0.750000    0.912812   -0.162812 (VIOLATED)
_13771_/A                               0.750000    0.903922   -0.153922 (VIOLATED)
_13769_/Y                               0.750000    0.903688   -0.153688 (VIOLATED)
_21171_/B                               0.750000    0.901577   -0.151577 (VIOLATED)
_22106_/A2                              0.750000    0.901569   -0.151569 (VIOLATED)
_21170_/Y                               0.750000    0.901355   -0.151355 (VIOLATED)
_15115_/A                               0.750000    0.883845   -0.133845 (VIOLATED)
_15116_/A1                              0.750000    0.883842   -0.133842 (VIOLATED)
_13129_/Y                               0.750000    0.883597   -0.133597 (VIOLATED)
_14501_/A2                              0.750000    0.880828   -0.130828 (VIOLATED)
_14463_/B                               0.750000    0.880827   -0.130827 (VIOLATED)
_14132_/C                               0.750000    0.880746   -0.130746 (VIOLATED)
_15027_/A2                              0.750000    0.880680   -0.130680 (VIOLATED)
_14131_/Y                               0.750000    0.880676   -0.130676 (VIOLATED)
_14995_/A                               0.750000    0.869981   -0.119981 (VIOLATED)
_14996_/A                               0.750000    0.869980   -0.119980 (VIOLATED)
_22125_/B                               0.750000    0.869919   -0.119919 (VIOLATED)
_13131_/Y                               0.750000    0.869905   -0.119905 (VIOLATED)
_21914_/B1                              0.750000    0.867771   -0.117771 (VIOLATED)
_22338_/B2                              0.750000    0.867699   -0.117699 (VIOLATED)
fanout275/A                             0.750000    0.867690   -0.117690 (VIOLATED)
_14619_/Y                               0.750000    0.867685   -0.117685 (VIOLATED)
_16401_/B                               0.750000    0.865514   -0.115514 (VIOLATED)
_16404_/B                               0.750000    0.865508   -0.115508 (VIOLATED)
_16400_/Y                               0.750000    0.864555   -0.114556 (VIOLATED)
_17269_/B1                              0.750000    0.861668   -0.111668 (VIOLATED)
_17268_/A                               0.750000    0.861663   -0.111663 (VIOLATED)
_17201_/Y                               0.750000    0.861479   -0.111479 (VIOLATED)
wire257/A                               0.750000    0.852718   -0.102718 (VIOLATED)
_14772_/Y                               0.750000    0.852708   -0.102708 (VIOLATED)
_20590_/A1                              0.750000    0.851815   -0.101815 (VIOLATED)
_19832_/A                               0.750000    0.851814   -0.101814 (VIOLATED)
_11884_/B                               0.750000    0.851540   -0.101540 (VIOLATED)
_11791_/A2                              0.750000    0.851536   -0.101536 (VIOLATED)
_11790_/Y                               0.750000    0.851342   -0.101342 (VIOLATED)
_20580_/B1                              0.750000    0.851249   -0.101249 (VIOLATED)
_19830_/Y                               0.750000    0.851238   -0.101238 (VIOLATED)
wire240/A                               0.750000    0.843712   -0.093712 (VIOLATED)
_20906_/Y                               0.750000    0.843697   -0.093697 (VIOLATED)
_21766_/B                               0.750000    0.843340   -0.093340 (VIOLATED)
_21765_/Y                               0.750000    0.842420   -0.092420 (VIOLATED)
_14958_/A                               0.750000    0.840910   -0.090910 (VIOLATED)
ANTENNA_52/DIODE                        0.750000    0.840910   -0.090910 (VIOLATED)
_14965_/A                               0.750000    0.840909   -0.090909 (VIOLATED)
ANTENNA_53/DIODE                        0.750000    0.840906   -0.090906 (VIOLATED)
_14926_/X                               0.750000    0.840860   -0.090860 (VIOLATED)
_15153_/A1                              0.750000    0.835972   -0.085972 (VIOLATED)
_15154_/B1                              0.750000    0.835970   -0.085970 (VIOLATED)
_15157_/A1                              0.750000    0.835968   -0.085968 (VIOLATED)
_15152_/A                               0.750000    0.835961   -0.085961 (VIOLATED)
_15148_/Y                               0.750000    0.835822   -0.085822 (VIOLATED)
_21469_/A                               0.750000    0.828533   -0.078533 (VIOLATED)
_21467_/Y                               0.750000    0.827496   -0.077496 (VIOLATED)
_21357_/A                               0.750000    0.823091   -0.073091 (VIOLATED)
_21356_/B1                              0.750000    0.823090   -0.073090 (VIOLATED)
_19634_/A                               0.750000    0.823063   -0.073063 (VIOLATED)
_19635_/A                               0.750000    0.823056   -0.073057 (VIOLATED)
_22042_/A                               0.750000    0.822959   -0.072959 (VIOLATED)
_21614_/A3                              0.750000    0.822898   -0.072898 (VIOLATED)
_20794_/B                               0.750000    0.822870   -0.072870 (VIOLATED)
_15197_/A2                              0.750000    0.822787   -0.072787 (VIOLATED)
_15196_/Y                               0.750000    0.822766   -0.072766 (VIOLATED)
wire244/A                               0.750000    0.822576   -0.072576 (VIOLATED)
_18237_/X                               0.750000    0.822414   -0.072414 (VIOLATED)
_21591_/B                               0.750000    0.813321   -0.063321 (VIOLATED)
_21590_/Y                               0.750000    0.813301   -0.063301 (VIOLATED)
_13525_/A                               0.750000    0.807969   -0.057969 (VIOLATED)
_13524_/A_N                             0.750000    0.807948   -0.057948 (VIOLATED)
_16015_/A_N                             0.750000    0.807710   -0.057710 (VIOLATED)
_16019_/A                               0.750000    0.807615   -0.057615 (VIOLATED)
_16561_/A                               0.750000    0.807408   -0.057408 (VIOLATED)
_16560_/A                               0.750000    0.807396   -0.057396 (VIOLATED)
_13521_/Y                               0.750000    0.807264   -0.057264 (VIOLATED)
_14807_/A                               0.750000    0.802733   -0.052733 (VIOLATED)
_14834_/A1                              0.750000    0.802729   -0.052729 (VIOLATED)
_20122_/A                               0.750000    0.802726   -0.052726 (VIOLATED)
_21237_/A1                              0.750000    0.802716   -0.052716 (VIOLATED)
_14155_/B                               0.750000    0.802699   -0.052699 (VIOLATED)
_17823_/A1                              0.750000    0.802650   -0.052650 (VIOLATED)
_14154_/B                               0.750000    0.802624   -0.052624 (VIOLATED)
_16689_/A                               0.750000    0.802602   -0.052602 (VIOLATED)
_11545_/A1                              0.750000    0.802600   -0.052600 (VIOLATED)
_11544_/X                               0.750000    0.802571   -0.052571 (VIOLATED)
_16740_/A                               0.750000    0.800975   -0.050975 (VIOLATED)
_17765_/A1                              0.750000    0.800974   -0.050974 (VIOLATED)
_16741_/B1                              0.750000    0.800972   -0.050972 (VIOLATED)
_20024_/B                               0.750000    0.800614   -0.050614 (VIOLATED)
_20023_/Y                               0.750000    0.800516   -0.050516 (VIOLATED)
_16708_/X                               0.750000    0.800393   -0.050393 (VIOLATED)
_20636_/B                               0.750000    0.799721   -0.049721 (VIOLATED)
_20635_/B                               0.750000    0.799720   -0.049721 (VIOLATED)
_20634_/Y                               0.750000    0.799696   -0.049696 (VIOLATED)
_17135_/A                               0.750000    0.796650   -0.046650 (VIOLATED)
_17134_/A1                              0.750000    0.796650   -0.046650 (VIOLATED)
_14819_/Y                               0.750000    0.796624   -0.046624 (VIOLATED)
_14821_/A                               0.750000    0.796624   -0.046624 (VIOLATED)
_22089_/B                               0.750000    0.794901   -0.044901 (VIOLATED)
_22088_/Y                               0.750000    0.794789   -0.044789 (VIOLATED)
_17480_/A                               0.750000    0.789075   -0.039075 (VIOLATED)
_15616_/A                               0.750000    0.789073   -0.039073 (VIOLATED)
_16025_/B                               0.750000    0.789057   -0.039057 (VIOLATED)
_22327_/A1                              0.750000    0.789040   -0.039040 (VIOLATED)
_16139_/A                               0.750000    0.789021   -0.039021 (VIOLATED)
_16125_/A1                              0.750000    0.788897   -0.038897 (VIOLATED)
_20053_/A1                              0.750000    0.788835   -0.038835 (VIOLATED)
_20052_/A                               0.750000    0.788834   -0.038834 (VIOLATED)
_15609_/Y                               0.750000    0.788803   -0.038803 (VIOLATED)
_20776_/B1                              0.750000    0.785753   -0.035753 (VIOLATED)
_21577_/A1                              0.750000    0.785751   -0.035751 (VIOLATED)
_20775_/A                               0.750000    0.785751   -0.035751 (VIOLATED)
_20693_/X                               0.750000    0.784698   -0.034698 (VIOLATED)
_13738_/B                               0.750000    0.782902   -0.032902 (VIOLATED)
_13737_/A2                              0.750000    0.782902   -0.032902 (VIOLATED)
_13784_/A                               0.750000    0.782900   -0.032900 (VIOLATED)
_13731_/Y                               0.750000    0.782897   -0.032897 (VIOLATED)
_18857_/B                               0.750000    0.781847   -0.031847 (VIOLATED)
_21533_/A                               0.750000    0.781840   -0.031840 (VIOLATED)
_20123_/A2                              0.750000    0.781838   -0.031838 (VIOLATED)
_18856_/Y                               0.750000    0.781825   -0.031825 (VIOLATED)
_17696_/A1                              0.750000    0.781603   -0.031603 (VIOLATED)
_21271_/A1                              0.750000    0.781599   -0.031599 (VIOLATED)
_22303_/B1                              0.750000    0.781571   -0.031571 (VIOLATED)
_22385_/B1                              0.750000    0.781569   -0.031569 (VIOLATED)
_22032_/B1                              0.750000    0.781568   -0.031568 (VIOLATED)
_22321_/A                               0.750000    0.781564   -0.031564 (VIOLATED)
_22308_/A2                              0.750000    0.781560   -0.031560 (VIOLATED)
_22291_/A2                              0.750000    0.781553   -0.031553 (VIOLATED)
_22355_/A1                              0.750000    0.781481   -0.031481 (VIOLATED)
_22276_/A2                              0.750000    0.781431   -0.031431 (VIOLATED)
_16517_/Y                               0.750000    0.781381   -0.031381 (VIOLATED)
_13664_/B                               0.750000    0.780149   -0.030149 (VIOLATED)
_13665_/B                               0.750000    0.780149   -0.030149 (VIOLATED)
_14468_/A                               0.750000    0.779965   -0.029965 (VIOLATED)
_12227_/A                               0.750000    0.779965   -0.029965 (VIOLATED)
_12386_/A                               0.750000    0.779956   -0.029956 (VIOLATED)
_12387_/A                               0.750000    0.779955   -0.029955 (VIOLATED)
_12226_/Y                               0.750000    0.779925   -0.029925 (VIOLATED)
clkbuf_0_clk/A                          0.750000    0.778582   -0.028582 (VIOLATED)
_21469_/B                               0.750000    0.775400   -0.025400 (VIOLATED)
_21468_/Y                               0.750000    0.775293   -0.025293 (VIOLATED)
_18467_/A3                              0.750000    0.774551   -0.024551 (VIOLATED)
clk                                     0.750000    0.774085   -0.024085 (VIOLATED)
_18259_/Y                               0.750000    0.773902   -0.023902 (VIOLATED)
_13909_/B                               0.750000    0.768813   -0.018813 (VIOLATED)
_13911_/A2                              0.750000    0.768813   -0.018813 (VIOLATED)
_13908_/Y                               0.750000    0.768792   -0.018792 (VIOLATED)
_16449_/B                               0.750000    0.767621   -0.017621 (VIOLATED)
_16448_/A2                              0.750000    0.767614   -0.017614 (VIOLATED)
_16447_/X                               0.750000    0.766938   -0.016938 (VIOLATED)
_18674_/B                               0.750000    0.763902   -0.013902 (VIOLATED)
_18673_/B                               0.750000    0.763901   -0.013901 (VIOLATED)
_18472_/C                               0.750000    0.763896   -0.013896 (VIOLATED)
_18471_/B1                              0.750000    0.763895   -0.013895 (VIOLATED)
_22175_/A                               0.750000    0.763840   -0.013840 (VIOLATED)
_18470_/Y                               0.750000    0.763834   -0.013834 (VIOLATED)
_14428_/A                               0.750000    0.763144   -0.013144 (VIOLATED)
_14427_/A                               0.750000    0.763143   -0.013143 (VIOLATED)
_14425_/X                               0.750000    0.762992   -0.012992 (VIOLATED)
_11881_/B1                              0.750000    0.762095   -0.012095 (VIOLATED)
_16641_/A1                              0.750000    0.762093   -0.012093 (VIOLATED)
_11880_/A                               0.750000    0.762083   -0.012083 (VIOLATED)
_14181_/B                               0.750000    0.761660   -0.011660 (VIOLATED)
_14180_/B                               0.750000    0.761658   -0.011658 (VIOLATED)
_11829_/A1                              0.750000    0.761648   -0.011648 (VIOLATED)
_19046_/A                               0.750000    0.761643   -0.011643 (VIOLATED)
_19045_/A                               0.750000    0.761587   -0.011587 (VIOLATED)
_17150_/A                               0.750000    0.761579   -0.011579 (VIOLATED)
_17149_/A                               0.750000    0.761579   -0.011579 (VIOLATED)
_22102_/B                               0.750000    0.761577   -0.011578 (VIOLATED)
_22077_/A                               0.750000    0.761574   -0.011574 (VIOLATED)
_11828_/X                               0.750000    0.761568   -0.011568 (VIOLATED)
_11815_/Y                               0.750000    0.761255   -0.011255 (VIOLATED)
_21261_/A                               0.750000    0.760510   -0.010510 (VIOLATED)
_21259_/Y                               0.750000    0.760470   -0.010470 (VIOLATED)
_12100_/A                               0.750000    0.758727   -0.008727 (VIOLATED)
_11349_/B1                              0.750000    0.758720   -0.008720 (VIOLATED)
_11346_/Y                               0.750000    0.758663   -0.008663 (VIOLATED)
_21280_/B                               0.750000    0.756582   -0.006582 (VIOLATED)
_22136_/A3                              0.750000    0.756523   -0.006523 (VIOLATED)
_21279_/Y                               0.750000    0.756521   -0.006521 (VIOLATED)
_17154_/B                               0.750000    0.756091   -0.006091 (VIOLATED)
_17153_/Y                               0.750000    0.756088   -0.006088 (VIOLATED)
_17278_/A                               0.750000    0.753189   -0.003189 (VIOLATED)
_17277_/A                               0.750000    0.753188   -0.003189 (VIOLATED)
_17275_/Y                               0.750000    0.753112   -0.003112 (VIOLATED)
_22156_/B                               0.750000    0.751992   -0.001992 (VIOLATED)
_22155_/Y                               0.750000    0.751276   -0.001276 (VIOLATED)

max fanout

Pin                                   Limit Fanout  Slack
---------------------------------------------------------
_13529_/Y                                10     23    -13 (VIOLATED)
_13718_/Y                                10     21    -11 (VIOLATED)
fanout568/X                              10     15     -5 (VIOLATED)
_22260_/Y                                10     13     -3 (VIOLATED)
fanout507/X                              10     13     -3 (VIOLATED)



===========================================================================
report_parasitic_annotation -report_unannotated
============================================================================
Found 23 unannotated drivers.
 input_data[127]
 input_data[191]
 input_data[207]
 input_data[208]
 input_data[209]
 input_data[210]
 input_data[211]
 input_data[212]
 input_data[213]
 input_data[214]
 input_data[215]
 input_data[216]
 input_data[217]
 input_data[218]
 input_data[219]
 input_data[220]
 input_data[221]
 input_data[222]
 input_data[223]
 input_data[238]
 input_data[239]
 input_data[63]
 input_data[79]
Found 0 partially unannotated drivers.

===========================================================================
max slew violation count 304
max fanout violation count 5
max cap violation count 0
============================================================================

===========================================================================
check_setup -verbose -unconstrained_endpoints -multiple_clock -no_clock -no_input_delay -loops -generated_clocks
===========================================================================
