
===========================================================================
report_checks -unconstrained
===========================================================================
======================= max_tt_025C_1v80 Corner ===================================

Startpoint: input_data[81] (input port clocked by clk)
Endpoint: _22395_ (rising edge-triggered flip-flop clocked by clk)
Path Group: clk
Path Type: max

Fanout         Cap        Slew       Delay        Time   Description
---------------------------------------------------------------------------------------------
                                  0.000000    0.000000   clock clk (rise edge)
                                  0.000000    0.000000   clock network delay (propagated)
                                  5.000000    5.000000 ^ input external delay
     2    0.004111    0.025429    0.014939    5.014939 ^ input_data[81] (in)
                                                         input_data[81] (net)
                      0.025430    0.000000    5.014939 ^ input197/A (sky130_fd_sc_hd__buf_2)
     2    0.070466    0.342511    0.297957    5.312896 ^ input197/X (sky130_fd_sc_hd__buf_2)
                                                         net197 (net)
                      0.344680    0.022129    5.335025 ^ fanout419/A (sky130_fd_sc_hd__clkbuf_4)
    12    0.079533    0.240597    0.363431    5.698457 ^ fanout419/X (sky130_fd_sc_hd__clkbuf_4)
                                                         net419 (net)
                      0.243230    0.020222    5.718679 ^ fanout418/A (sky130_fd_sc_hd__buf_2)
    12    0.057858    0.282320    0.333201    6.051880 ^ fanout418/X (sky130_fd_sc_hd__buf_2)
                                                         net418 (net)
                      0.282492    0.005788    6.057668 ^ fanout417/A (sky130_fd_sc_hd__buf_2)
    12    0.052035    0.254786    0.326731    6.384399 ^ fanout417/X (sky130_fd_sc_hd__buf_2)
                                                         net417 (net)
                      0.254871    0.003875    6.388275 ^ fanout416/A (sky130_fd_sc_hd__buf_6)
    10    0.088296    0.178552    0.248348    6.636623 ^ fanout416/X (sky130_fd_sc_hd__buf_6)
                                                         net416 (net)
                      0.179089    0.007992    6.644615 ^ _11244_/B (sky130_fd_sc_hd__nor2_1)
     4    0.018325    0.102034    0.133255    6.777871 v _11244_/Y (sky130_fd_sc_hd__nor2_1)
                                                         _03356_ (net)
                      0.102041    0.000713    6.778584 v _11246_/B (sky130_fd_sc_hd__or2_1)
     1    0.006118    0.063269    0.243722    7.022305 v _11246_/X (sky130_fd_sc_hd__or2_1)
                                                         _03378_ (net)
                      0.063273    0.000415    7.022720 v fanout270/A (sky130_fd_sc_hd__clkbuf_4)
    10    0.094670    0.187641    0.269173    7.291893 v fanout270/X (sky130_fd_sc_hd__clkbuf_4)
                                                         net270 (net)
                      0.187751    0.003850    7.295743 v fanout269/A (sky130_fd_sc_hd__buf_6)
    20    0.111033    0.102165    0.245896    7.541639 v fanout269/X (sky130_fd_sc_hd__buf_6)
                                                         net269 (net)
                      0.103452    0.009194    7.550833 v _11539_/A (sky130_fd_sc_hd__nor2_1)
     3    0.021109    0.379493    0.341327    7.892160 ^ _11539_/Y (sky130_fd_sc_hd__nor2_1)
                                                         _06600_ (net)
                      0.379497    0.001079    7.893239 ^ _11541_/A (sky130_fd_sc_hd__nor2_2)
     2    0.028800    0.128056    0.165731    8.058969 v _11541_/Y (sky130_fd_sc_hd__nor2_2)
                                                         _06622_ (net)
                      0.128091    0.001658    8.060628 v _11663_/A1 (sky130_fd_sc_hd__a21oi_2)
     2    0.018483    0.242301    0.268896    8.329524 ^ _11663_/Y (sky130_fd_sc_hd__a21oi_2)
                                                         _07963_ (net)
                      0.242315    0.001522    8.331046 ^ _11665_/B (sky130_fd_sc_hd__xor2_1)
     2    0.014657    0.324167    0.326567    8.657614 ^ _11665_/X (sky130_fd_sc_hd__xor2_1)
                                                         _07985_ (net)
                      0.324170    0.000909    8.658523 ^ _11666_/B (sky130_fd_sc_hd__xnor2_1)
     2    0.012227    0.300992    0.231811    8.890334 ^ _11666_/Y (sky130_fd_sc_hd__xnor2_1)
                                                         _07996_ (net)
                      0.300994    0.000650    8.890985 ^ _11667_/A_N (sky130_fd_sc_hd__and2b_1)
     2    0.015697    0.087820    0.275426    9.166410 v _11667_/X (sky130_fd_sc_hd__and2b_1)
                                                         _08007_ (net)
                      0.087856    0.001474    9.167885 v _11842_/A (sky130_fd_sc_hd__xnor2_2)
     2    0.016182    0.245991    0.262736    9.430621 ^ _11842_/Y (sky130_fd_sc_hd__xnor2_2)
                                                         _09931_ (net)
                      0.245999    0.001159    9.431780 ^ _11844_/B (sky130_fd_sc_hd__xor2_2)
     3    0.014949    0.108110    0.145343    9.577124 v _11844_/X (sky130_fd_sc_hd__xor2_2)
                                                         _09953_ (net)
                      0.108121    0.000826    9.577950 v _16678_/A3 (sky130_fd_sc_hd__a31o_2)
     2    0.024174    0.086345    0.324100    9.902049 v _16678_/X (sky130_fd_sc_hd__a31o_2)
                                                         _06492_ (net)
                      0.086372    0.001272    9.903321 v _17807_/A1 (sky130_fd_sc_hd__a21o_1)
     2    0.014723    0.081762    0.216241   10.119562 v _17807_/X (sky130_fd_sc_hd__a21o_1)
                                                         _07733_ (net)
                      0.081773    0.000811   10.120374 v _19039_/A1 (sky130_fd_sc_hd__a21o_2)
     2    0.025729    0.086413    0.256382   10.376756 v _19039_/X (sky130_fd_sc_hd__a21o_2)
                                                         _09087_ (net)
                      0.086450    0.001502   10.378258 v _20771_/A1 (sky130_fd_sc_hd__a21oi_2)
     2    0.017707    0.234139    0.246558   10.624816 ^ _20771_/Y (sky130_fd_sc_hd__a21oi_2)
                                                         _10991_ (net)
                      0.234154    0.001501   10.626317 ^ _20772_/B (sky130_fd_sc_hd__xnor2_2)
     4    0.033724    0.173381    0.191866   10.818183 v _20772_/Y (sky130_fd_sc_hd__xnor2_2)
                                                         _10992_ (net)
                      0.173718    0.006183   10.824367 v _20773_/C (sky130_fd_sc_hd__or3_1)
     3    0.012036    0.112731    0.411107   11.235474 v _20773_/X (sky130_fd_sc_hd__or3_1)
                                                         _10993_ (net)
                      0.112742    0.000880   11.236354 v _20775_/B (sky130_fd_sc_hd__and3_1)
     2    0.017802    0.100455    0.252091   11.488444 v _20775_/X (sky130_fd_sc_hd__and3_1)
                                                         _10995_ (net)
                      0.100543    0.002461   11.490906 v _20815_/A (sky130_fd_sc_hd__or3_1)
     3    0.013295    0.118690    0.451377   11.942282 v _20815_/X (sky130_fd_sc_hd__or3_1)
                                                         _11039_ (net)
                      0.118701    0.000916   11.943198 v _20817_/B1 (sky130_fd_sc_hd__o211a_1)
     3    0.009397    0.067499    0.185117   12.128315 v _20817_/X (sky130_fd_sc_hd__o211a_1)
                                                         _11042_ (net)
                      0.067508    0.000598   12.128912 v _20819_/B (sky130_fd_sc_hd__nor3_1)
     3    0.012384    0.393479    0.361354   12.490266 ^ _20819_/Y (sky130_fd_sc_hd__nor3_1)
                                                         _11044_ (net)
                      0.393481    0.000713   12.490979 ^ _20821_/B1 (sky130_fd_sc_hd__a211oi_1)
     3    0.008205    0.115719    0.136265   12.627245 v _20821_/Y (sky130_fd_sc_hd__a211oi_1)
                                                         _11046_ (net)
                      0.115724    0.000518   12.627762 v _20823_/B (sky130_fd_sc_hd__or3_1)
     3    0.011780    0.111345    0.425767   13.053530 v _20823_/X (sky130_fd_sc_hd__or3_1)
                                                         _11048_ (net)
                      0.111350    0.000587   13.054116 v _20827_/A1 (sky130_fd_sc_hd__a211o_1)
     2    0.005377    0.059565    0.290562   13.344679 v _20827_/X (sky130_fd_sc_hd__a211o_1)
                                                         _11053_ (net)
                      0.059569    0.000353   13.345032 v _20828_/C (sky130_fd_sc_hd__and3_1)
     3    0.010544    0.069236    0.216590   13.561623 v _20828_/X (sky130_fd_sc_hd__and3_1)
                                                         _11054_ (net)
                      0.069243    0.000578   13.562201 v _20830_/B1 (sky130_fd_sc_hd__a211o_1)
     3    0.013099    0.093118    0.325649   13.887850 v _20830_/X (sky130_fd_sc_hd__a211o_1)
                                                         _11056_ (net)
                      0.093136    0.001080   13.888929 v _20833_/B (sky130_fd_sc_hd__and3_1)
     3    0.012857    0.078903    0.225133   14.114062 v _20833_/X (sky130_fd_sc_hd__and3_1)
                                                         _11059_ (net)
                      0.078913    0.000761   14.114823 v _20835_/B1 (sky130_fd_sc_hd__a211oi_1)
     2    0.009225    0.356433    0.353709   14.468533 ^ _20835_/Y (sky130_fd_sc_hd__a211oi_1)
                                                         _11061_ (net)
                      0.356434    0.000544   14.469077 ^ _20837_/A (sky130_fd_sc_hd__nor2_1)
     2    0.014263    0.126679    0.167672   14.636749 v _20837_/Y (sky130_fd_sc_hd__nor2_1)
                                                         _11064_ (net)
                      0.126692    0.001091   14.637840 v _20838_/B (sky130_fd_sc_hd__xnor2_2)
     4    0.033287    0.440996    0.392010   15.029850 ^ _20838_/Y (sky130_fd_sc_hd__xnor2_2)
                                                         _11065_ (net)
                      0.441058    0.004256   15.034106 ^ _20841_/A (sky130_fd_sc_hd__xor2_2)
     3    0.017547    0.246350    0.280304   15.314409 ^ _20841_/X (sky130_fd_sc_hd__xor2_2)
                                                         _11068_ (net)
                      0.246359    0.001197   15.315607 ^ _21715_/A2 (sky130_fd_sc_hd__a221o_1)
     1    0.006183    0.077084    0.213333   15.528940 ^ _21715_/X (sky130_fd_sc_hd__a221o_1)
                                                         _00849_ (net)
                      0.077088    0.000448   15.529388 ^ _21716_/B1 (sky130_fd_sc_hd__o311ai_2)
     1    0.013431    0.151016    0.149555   15.678943 v _21716_/Y (sky130_fd_sc_hd__o311ai_2)
                                                         _00850_ (net)
                      0.151036    0.001315   15.680258 v _21914_/A2 (sky130_fd_sc_hd__a31o_1)
     1    0.013605    0.082938    0.291868   15.972125 v _21914_/X (sky130_fd_sc_hd__a31o_1)
                                                         _01068_ (net)
                      0.082964    0.001233   15.973358 v _22033_/A2 (sky130_fd_sc_hd__o21a_1)
     2    0.022199    0.122182    0.259329   16.232687 v _22033_/X (sky130_fd_sc_hd__o21a_1)
                                                         _01199_ (net)
                      0.122310    0.003322   16.236008 v _22196_/A1 (sky130_fd_sc_hd__o22a_1)
     1    0.005899    0.059055    0.249315   16.485323 v _22196_/X (sky130_fd_sc_hd__o22a_1)
                                                         _01378_ (net)
                      0.059059    0.000432   16.485756 v _22243_/A2 (sky130_fd_sc_hd__o21ba_1)
     1    0.003166    0.037137    0.169976   16.655731 v _22243_/X (sky130_fd_sc_hd__o21ba_1)
                                                         _01430_ (net)
                      0.037139    0.000217   16.655949 v _22245_/B1 (sky130_fd_sc_hd__o32a_1)
     1    0.003814    0.056728    0.169425   16.825373 v _22245_/X (sky130_fd_sc_hd__o32a_1)
                                                         _00005_ (net)
                      0.056728    0.000274   16.825647 v _22395_/D (sky130_fd_sc_hd__dfxtp_4)
                                             16.825647   data arrival time

                                 25.000000   25.000000   clock clk (rise edge)
                                  0.000000   25.000000   clock source latency
     2    0.100183    0.452928    0.329649   25.329649 ^ clk (in)
                                                         clk (net)
                      0.457215    0.000000   25.329649 ^ clkbuf_0_clk/A (sky130_fd_sc_hd__clkbuf_16)
     4    0.035450    0.063726    0.246377   25.576025 ^ clkbuf_0_clk/X (sky130_fd_sc_hd__clkbuf_16)
                                                         clknet_0_clk (net)
                      0.063782    0.002496   25.578522 ^ clkbuf_1_1__f_clk/A (sky130_fd_sc_hd__clkbuf_16)
    14    0.061931    0.080140    0.163306   25.741827 ^ clkbuf_1_1__f_clk/X (sky130_fd_sc_hd__clkbuf_16)
                                                         clknet_1_1__leaf_clk (net)
                      0.080477    0.004167   25.745995 ^ _22395_/CLK (sky130_fd_sc_hd__dfxtp_4)
                                 -0.250000   25.495995   clock uncertainty
                                  0.000000   25.495995   clock reconvergence pessimism
                                 -0.108996   25.386997   library setup time
                                             25.386997   data required time
---------------------------------------------------------------------------------------------
                                             25.386997   data required time
                                            -16.825647   data arrival time
---------------------------------------------------------------------------------------------
                                              8.561351   slack (MET)




===========================================================================
report_checks --slack_max -0.01
============================================================================
======================= max_tt_025C_1v80 Corner ===================================

No paths found.


===========================================================================
 report_check_types -max_slew -max_cap -max_fanout -violators
============================================================================
======================= max_tt_025C_1v80 Corner ===================================

max fanout

Pin                                   Limit Fanout  Slack
---------------------------------------------------------
fanout342/X                              10     22    -12 (VIOLATED)
_11446_/Y                                10     20    -10 (VIOLATED)
_11543_/Y                                10     20    -10 (VIOLATED)
_11758_/Y                                10     20    -10 (VIOLATED)
_12250_/X                                10     20    -10 (VIOLATED)
_13115_/X                                10     20    -10 (VIOLATED)
_13155_/Y                                10     20    -10 (VIOLATED)
_14753_/Y                                10     20    -10 (VIOLATED)
_15566_/Y                                10     20    -10 (VIOLATED)
_16075_/Y                                10     20    -10 (VIOLATED)
_16517_/Y                                10     20    -10 (VIOLATED)
fanout250/X                              10     20    -10 (VIOLATED)
fanout251/X                              10     20    -10 (VIOLATED)
fanout252/X                              10     20    -10 (VIOLATED)
fanout254/X                              10     20    -10 (VIOLATED)
fanout255/X                              10     20    -10 (VIOLATED)
fanout257/X                              10     20    -10 (VIOLATED)
fanout258/X                              10     20    -10 (VIOLATED)
fanout259/X                              10     20    -10 (VIOLATED)
fanout260/X                              10     20    -10 (VIOLATED)
fanout261/X                              10     20    -10 (VIOLATED)
fanout263/X                              10     20    -10 (VIOLATED)
fanout265/X                              10     20    -10 (VIOLATED)
fanout266/X                              10     20    -10 (VIOLATED)
fanout267/X                              10     20    -10 (VIOLATED)
fanout269/X                              10     20    -10 (VIOLATED)
fanout271/X                              10     20    -10 (VIOLATED)
fanout273/X                              10     20    -10 (VIOLATED)
fanout279/X                              10     20    -10 (VIOLATED)
fanout280/X                              10     20    -10 (VIOLATED)
fanout284/X                              10     20    -10 (VIOLATED)
fanout287/X                              10     20    -10 (VIOLATED)
fanout288/X                              10     20    -10 (VIOLATED)
fanout289/X                              10     20    -10 (VIOLATED)
fanout290/X                              10     20    -10 (VIOLATED)
fanout291/X                              10     20    -10 (VIOLATED)
fanout293/X                              10     20    -10 (VIOLATED)
fanout296/X                              10     20    -10 (VIOLATED)
fanout299/X                              10     20    -10 (VIOLATED)
fanout302/X                              10     20    -10 (VIOLATED)
fanout306/X                              10     20    -10 (VIOLATED)
fanout307/X                              10     20    -10 (VIOLATED)
fanout308/X                              10     20    -10 (VIOLATED)
fanout309/X                              10     20    -10 (VIOLATED)
fanout310/X                              10     20    -10 (VIOLATED)
fanout311/X                              10     20    -10 (VIOLATED)
fanout316/X                              10     20    -10 (VIOLATED)
fanout317/X                              10     20    -10 (VIOLATED)
fanout319/X                              10     20    -10 (VIOLATED)
fanout320/X                              10     20    -10 (VIOLATED)
fanout321/X                              10     20    -10 (VIOLATED)
fanout323/X                              10     20    -10 (VIOLATED)
fanout324/X                              10     20    -10 (VIOLATED)
fanout326/X                              10     20    -10 (VIOLATED)
fanout331/X                              10     20    -10 (VIOLATED)
fanout332/X                              10     20    -10 (VIOLATED)
fanout336/X                              10     20    -10 (VIOLATED)
fanout340/X                              10     20    -10 (VIOLATED)
fanout341/X                              10     20    -10 (VIOLATED)
fanout343/X                              10     20    -10 (VIOLATED)
fanout346/X                              10     20    -10 (VIOLATED)
fanout348/X                              10     20    -10 (VIOLATED)
fanout354/X                              10     20    -10 (VIOLATED)
fanout356/X                              10     20    -10 (VIOLATED)
fanout358/X                              10     20    -10 (VIOLATED)
fanout359/X                              10     20    -10 (VIOLATED)
fanout361/X                              10     20    -10 (VIOLATED)
fanout362/X                              10     20    -10 (VIOLATED)
fanout364/X                              10     20    -10 (VIOLATED)
fanout365/X                              10     20    -10 (VIOLATED)
fanout367/X                              10     20    -10 (VIOLATED)
fanout377/X                              10     20    -10 (VIOLATED)
fanout379/X                              10     20    -10 (VIOLATED)
fanout383/X                              10     20    -10 (VIOLATED)
fanout384/X                              10     20    -10 (VIOLATED)
fanout385/X                              10     20    -10 (VIOLATED)
fanout390/X                              10     20    -10 (VIOLATED)
fanout392/X                              10     20    -10 (VIOLATED)
fanout393/X                              10     20    -10 (VIOLATED)
fanout395/X                              10     20    -10 (VIOLATED)
fanout397/X                              10     20    -10 (VIOLATED)
fanout401/X                              10     20    -10 (VIOLATED)
fanout407/X                              10     20    -10 (VIOLATED)
fanout408/X                              10     20    -10 (VIOLATED)
fanout420/X                              10     20    -10 (VIOLATED)
fanout422/X                              10     20    -10 (VIOLATED)
fanout424/X                              10     20    -10 (VIOLATED)
fanout430/X                              10     20    -10 (VIOLATED)
fanout436/X                              10     20    -10 (VIOLATED)
fanout442/X                              10     20    -10 (VIOLATED)
fanout447/X                              10     20    -10 (VIOLATED)
fanout448/X                              10     20    -10 (VIOLATED)
fanout449/X                              10     20    -10 (VIOLATED)
fanout450/X                              10     20    -10 (VIOLATED)
fanout452/X                              10     20    -10 (VIOLATED)
fanout453/X                              10     20    -10 (VIOLATED)
fanout455/X                              10     20    -10 (VIOLATED)
fanout458/X                              10     20    -10 (VIOLATED)
fanout464/X                              10     20    -10 (VIOLATED)
fanout473/X                              10     20    -10 (VIOLATED)
fanout477/X                              10     20    -10 (VIOLATED)
fanout479/X                              10     20    -10 (VIOLATED)
fanout483/X                              10     20    -10 (VIOLATED)
fanout491/X                              10     20    -10 (VIOLATED)
fanout495/X                              10     20    -10 (VIOLATED)
fanout496/X                              10     20    -10 (VIOLATED)
fanout498/X                              10     20    -10 (VIOLATED)
fanout499/X                              10     20    -10 (VIOLATED)
fanout501/X                              10     20    -10 (VIOLATED)
fanout502/X                              10     20    -10 (VIOLATED)
fanout504/X                              10     20    -10 (VIOLATED)
fanout506/X                              10     20    -10 (VIOLATED)
fanout513/X                              10     20    -10 (VIOLATED)
fanout515/X                              10     20    -10 (VIOLATED)
fanout518/X                              10     20    -10 (VIOLATED)
fanout519/X                              10     20    -10 (VIOLATED)
fanout520/X                              10     20    -10 (VIOLATED)
fanout521/X                              10     20    -10 (VIOLATED)
fanout535/X                              10     20    -10 (VIOLATED)
fanout539/X                              10     20    -10 (VIOLATED)
fanout544/X                              10     20    -10 (VIOLATED)
fanout553/X                              10     20    -10 (VIOLATED)
fanout557/X                              10     20    -10 (VIOLATED)
fanout558/X                              10     20    -10 (VIOLATED)
fanout561/X                              10     20    -10 (VIOLATED)
fanout563/X                              10     20    -10 (VIOLATED)
fanout565/X                              10     20    -10 (VIOLATED)
fanout569/X                              10     20    -10 (VIOLATED)
fanout572/X                              10     20    -10 (VIOLATED)
input122/X                               10     20    -10 (VIOLATED)
input174/X                               10     20    -10 (VIOLATED)
input40/X                                10     20    -10 (VIOLATED)
input67/X                                10     20    -10 (VIOLATED)
input69/X                                10     20    -10 (VIOLATED)
input70/X                                10     20    -10 (VIOLATED)
input95/X                                10     20    -10 (VIOLATED)
_11241_/Y                                10     18     -8 (VIOLATED)
_11286_/Y                                10     18     -8 (VIOLATED)
_11299_/Y                                10     18     -8 (VIOLATED)
_11449_/Y                                10     18     -8 (VIOLATED)
_11544_/X                                10     18     -8 (VIOLATED)
_11656_/X                                10     18     -8 (VIOLATED)
_12083_/Y                                10     18     -8 (VIOLATED)
_12314_/X                                10     18     -8 (VIOLATED)
_13074_/X                                10     18     -8 (VIOLATED)
_13086_/X                                10     18     -8 (VIOLATED)
_13135_/Y                                10     18     -8 (VIOLATED)
_13655_/Y                                10     18     -8 (VIOLATED)
_13713_/Y                                10     18     -8 (VIOLATED)
_14670_/Y                                10     18     -8 (VIOLATED)
_15567_/Y                                10     18     -8 (VIOLATED)
clkbuf_1_0__f_clk/X                      10     18     -8 (VIOLATED)
fanout328/X                              10     18     -8 (VIOLATED)
fanout330/X                              10     18     -8 (VIOLATED)
fanout335/X                              10     18     -8 (VIOLATED)
fanout347/X                              10     18     -8 (VIOLATED)
fanout353/X                              10     18     -8 (VIOLATED)
fanout369/X                              10     18     -8 (VIOLATED)
fanout372/X                              10     18     -8 (VIOLATED)
fanout389/X                              10     18     -8 (VIOLATED)
fanout391/X                              10     18     -8 (VIOLATED)
fanout400/X                              10     18     -8 (VIOLATED)
fanout444/X                              10     18     -8 (VIOLATED)
fanout446/X                              10     18     -8 (VIOLATED)
fanout459/X                              10     18     -8 (VIOLATED)
fanout468/X                              10     18     -8 (VIOLATED)
fanout478/X                              10     18     -8 (VIOLATED)
fanout489/X                              10     18     -8 (VIOLATED)
fanout492/X                              10     18     -8 (VIOLATED)
fanout493/X                              10     18     -8 (VIOLATED)
fanout511/X                              10     18     -8 (VIOLATED)
fanout512/X                              10     18     -8 (VIOLATED)
fanout538/X                              10     18     -8 (VIOLATED)
fanout554/X                              10     18     -8 (VIOLATED)
input221/X                               10     18     -8 (VIOLATED)
input26/X                                10     18     -8 (VIOLATED)
input33/X                                10     18     -8 (VIOLATED)
input43/X                                10     18     -8 (VIOLATED)
input62/X                                10     18     -8 (VIOLATED)
input68/X                                10     18     -8 (VIOLATED)
input79/X                                10     18     -8 (VIOLATED)
input86/X                                10     18     -8 (VIOLATED)
input87/X                                10     18     -8 (VIOLATED)
input89/X                                10     18     -8 (VIOLATED)
input94/X                                10     18     -8 (VIOLATED)
_11197_/Y                                10     16     -6 (VIOLATED)
_11203_/Y                                10     16     -6 (VIOLATED)
_11204_/Y                                10     16     -6 (VIOLATED)
_11207_/Y                                10     16     -6 (VIOLATED)
_11217_/Y                                10     16     -6 (VIOLATED)
_11250_/Y                                10     16     -6 (VIOLATED)
_11444_/X                                10     16     -6 (VIOLATED)
_11828_/X                                10     16     -6 (VIOLATED)
_12085_/Y                                10     16     -6 (VIOLATED)
_12092_/X                                10     16     -6 (VIOLATED)
_12421_/Y                                10     16     -6 (VIOLATED)
_12650_/Y                                10     16     -6 (VIOLATED)
_13062_/Y                                10     16     -6 (VIOLATED)
_13101_/X                                10     16     -6 (VIOLATED)
_13709_/X                                10     16     -6 (VIOLATED)
_13876_/X                                10     16     -6 (VIOLATED)
_14620_/Y                                10     16     -6 (VIOLATED)
_15196_/Y                                10     16     -6 (VIOLATED)
_15609_/Y                                10     16     -6 (VIOLATED)
_16518_/Y                                10     16     -6 (VIOLATED)
fanout294/X                              10     16     -6 (VIOLATED)
fanout297/X                              10     16     -6 (VIOLATED)
fanout305/X                              10     16     -6 (VIOLATED)
fanout339/X                              10     16     -6 (VIOLATED)
fanout355/X                              10     16     -6 (VIOLATED)
fanout378/X                              10     16     -6 (VIOLATED)
fanout386/X                              10     16     -6 (VIOLATED)
fanout406/X                              10     16     -6 (VIOLATED)
fanout411/X                              10     16     -6 (VIOLATED)
fanout423/X                              10     16     -6 (VIOLATED)
fanout435/X                              10     16     -6 (VIOLATED)
fanout462/X                              10     16     -6 (VIOLATED)
fanout466/X                              10     16     -6 (VIOLATED)
fanout486/X                              10     16     -6 (VIOLATED)
fanout497/X                              10     16     -6 (VIOLATED)
fanout505/X                              10     16     -6 (VIOLATED)
fanout537/X                              10     16     -6 (VIOLATED)
fanout562/X                              10     16     -6 (VIOLATED)
fanout568/X                              10     16     -6 (VIOLATED)
input158/X                               10     16     -6 (VIOLATED)
input210/X                               10     16     -6 (VIOLATED)
input220/X                               10     16     -6 (VIOLATED)
input41/X                                10     16     -6 (VIOLATED)
input85/X                                10     16     -6 (VIOLATED)
_11208_/Y                                10     14     -4 (VIOLATED)
_11211_/Y                                10     14     -4 (VIOLATED)
_11238_/X                                10     14     -4 (VIOLATED)
_11358_/Y                                10     14     -4 (VIOLATED)
_11421_/X                                10     14     -4 (VIOLATED)
_11760_/X                                10     14     -4 (VIOLATED)
_12176_/Y                                10     14     -4 (VIOLATED)
_12177_/X                                10     14     -4 (VIOLATED)
_12224_/Y                                10     14     -4 (VIOLATED)
_13088_/Y                                10     14     -4 (VIOLATED)
_13104_/Y                                10     14     -4 (VIOLATED)
_13154_/X                                10     14     -4 (VIOLATED)
_13872_/Y                                10     14     -4 (VIOLATED)
_13880_/Y                                10     14     -4 (VIOLATED)
_14636_/X                                10     14     -4 (VIOLATED)
_14734_/Y                                10     14     -4 (VIOLATED)
_14754_/Y                                10     14     -4 (VIOLATED)
_15278_/X                                10     14     -4 (VIOLATED)
_15573_/X                                10     14     -4 (VIOLATED)
_16687_/X                                10     14     -4 (VIOLATED)
clkbuf_1_1__f_clk/X                      10     14     -4 (VIOLATED)
fanout264/X                              10     14     -4 (VIOLATED)
fanout345/X                              10     14     -4 (VIOLATED)
fanout350/X                              10     14     -4 (VIOLATED)
fanout363/X                              10     14     -4 (VIOLATED)
fanout375/X                              10     14     -4 (VIOLATED)
fanout421/X                              10     14     -4 (VIOLATED)
fanout431/X                              10     14     -4 (VIOLATED)
fanout437/X                              10     14     -4 (VIOLATED)
fanout451/X                              10     14     -4 (VIOLATED)
fanout461/X                              10     14     -4 (VIOLATED)
fanout476/X                              10     14     -4 (VIOLATED)
fanout500/X                              10     14     -4 (VIOLATED)
fanout514/X                              10     14     -4 (VIOLATED)
fanout516/X                              10     14     -4 (VIOLATED)
fanout517/X                              10     14     -4 (VIOLATED)
fanout522/X                              10     14     -4 (VIOLATED)
fanout532/X                              10     14     -4 (VIOLATED)
fanout536/X                              10     14     -4 (VIOLATED)
input141/X                               10     14     -4 (VIOLATED)
input176/X                               10     14     -4 (VIOLATED)
input45/X                                10     14     -4 (VIOLATED)
input80/X                                10     14     -4 (VIOLATED)
input92/X                                10     14     -4 (VIOLATED)
input93/X                                10     14     -4 (VIOLATED)
input96/X                                10     14     -4 (VIOLATED)
_11196_/Y                                10     12     -2 (VIOLATED)
_11242_/Y                                10     12     -2 (VIOLATED)
_11323_/X                                10     12     -2 (VIOLATED)
_11342_/X                                10     12     -2 (VIOLATED)
_11343_/Y                                10     12     -2 (VIOLATED)
_11360_/Y                                10     12     -2 (VIOLATED)
_11445_/Y                                10     12     -2 (VIOLATED)
_11991_/Y                                10     12     -2 (VIOLATED)
_12226_/Y                                10     12     -2 (VIOLATED)
_12334_/X                                10     12     -2 (VIOLATED)
_13197_/X                                10     12     -2 (VIOLATED)
_13235_/Y                                10     12     -2 (VIOLATED)
_13447_/Y                                10     12     -2 (VIOLATED)
_13465_/X                                10     12     -2 (VIOLATED)
_13490_/Y                                10     12     -2 (VIOLATED)
_13521_/Y                                10     12     -2 (VIOLATED)
_13858_/Y                                10     12     -2 (VIOLATED)
_13862_/Y                                10     12     -2 (VIOLATED)
_13873_/Y                                10     12     -2 (VIOLATED)
_14674_/X                                10     12     -2 (VIOLATED)
_14841_/X                                10     12     -2 (VIOLATED)
_15027_/Y                                10     12     -2 (VIOLATED)
_15351_/Y                                10     12     -2 (VIOLATED)
_15610_/X                                10     12     -2 (VIOLATED)
_16608_/X                                10     12     -2 (VIOLATED)
_17774_/X                                10     12     -2 (VIOLATED)
_19058_/Y                                10     12     -2 (VIOLATED)
fanout262/X                              10     12     -2 (VIOLATED)
fanout268/X                              10     12     -2 (VIOLATED)
fanout304/X                              10     12     -2 (VIOLATED)
fanout349/X                              10     12     -2 (VIOLATED)
fanout366/X                              10     12     -2 (VIOLATED)
fanout380/X                              10     12     -2 (VIOLATED)
fanout382/X                              10     12     -2 (VIOLATED)
fanout412/X                              10     12     -2 (VIOLATED)
fanout415/X                              10     12     -2 (VIOLATED)
fanout417/X                              10     12     -2 (VIOLATED)
fanout418/X                              10     12     -2 (VIOLATED)
fanout419/X                              10     12     -2 (VIOLATED)
fanout425/X                              10     12     -2 (VIOLATED)
fanout457/X                              10     12     -2 (VIOLATED)
fanout463/X                              10     12     -2 (VIOLATED)
fanout487/X                              10     12     -2 (VIOLATED)
fanout490/X                              10     12     -2 (VIOLATED)
fanout507/X                              10     12     -2 (VIOLATED)
fanout508/X                              10     12     -2 (VIOLATED)
fanout510/X                              10     12     -2 (VIOLATED)
fanout528/X                              10     12     -2 (VIOLATED)
fanout534/X                              10     12     -2 (VIOLATED)
fanout543/X                              10     12     -2 (VIOLATED)
fanout546/X                              10     12     -2 (VIOLATED)
fanout548/X                              10     12     -2 (VIOLATED)
fanout551/X                              10     12     -2 (VIOLATED)
fanout571/X                              10     12     -2 (VIOLATED)
input177/X                               10     12     -2 (VIOLATED)
input63/X                                10     12     -2 (VIOLATED)
input90/X                                10     12     -2 (VIOLATED)
input91/X                                10     12     -2 (VIOLATED)
max_cap281/X                             10     12     -2 (VIOLATED)
input146/X                               10     11        (VIOLATED)



===========================================================================
report_parasitic_annotation -report_unannotated
============================================================================
Found 23 unannotated drivers.
 input_data[127]
 input_data[191]
 input_data[207]
 input_data[208]
 input_data[209]
 input_data[210]
 input_data[211]
 input_data[212]
 input_data[213]
 input_data[214]
 input_data[215]
 input_data[216]
 input_data[217]
 input_data[218]
 input_data[219]
 input_data[220]
 input_data[221]
 input_data[222]
 input_data[223]
 input_data[238]
 input_data[239]
 input_data[63]
 input_data[79]
Found 0 partially unannotated drivers.

===========================================================================
max slew violation count 0
max fanout violation count 335
max cap violation count 0
============================================================================

===========================================================================
check_setup -verbose -unconstrained_endpoints -multiple_clock -no_clock -no_input_delay -loops -generated_clocks
===========================================================================
