Reading OpenROAD database at '/mnt/d/APIC/FIR_Openlane/Highpass/runs/RUN_2024-06-17_12-15-12/24-odb-customioplacement/highpass.odb'…
Reading library file at '/home/nurwiyoso14/.volare/volare/sky130/versions/bdc9412b3e468c102d01b7cf6337be06ec6e9c9a/sky130A/libs.ref/sky130_fd_sc_hd/lib/sky130_fd_sc_hd__tt_025C_1v80.lib'…
Reading design constraints file at '/nix/store/ly0xjc8f0gmgmckxcrs0bw8vqc9gf9bk-python3-3.11.6-env/lib/python3.11/site-packages/openlane/scripts/base.sdc'…
[INFO] Using clock clk…
[INFO] Setting output delay to: 5
[INFO] Setting input delay to: 5
[INFO] Setting load to: 0.033442
[INFO] Setting clock uncertainty to: 0.25
[INFO] Setting clock transition to: 0.1499999999999999944488848768742172978818416595458984375
[INFO] Setting timing derate to: 5%
[INFO] Setting RC values…
[INFO] Setting signal min routing layer to: met1 and clock min routing layer to met1. 
[INFO] Setting signal max routing layer to: met5 and clock max routing layer to met5. 
{*}-density 0.232594 -timing_driven -routability_driven -pad_right 0 -pad_left 0 -init_wirelength_coef 0.25
[INFO GPL-0002] DBU: 1000
[INFO GPL-0003] SiteSize: 460 2720
[INFO GPL-0004] CoreAreaLxLy: 5520 10880
[INFO GPL-0005] CoreAreaUxUy: 994060 987360
[INFO GPL-0006] NumInstances: 25647
[INFO GPL-0007] NumPlaceInstances: 11211
[INFO GPL-0008] NumFixedInstances: 14436
[INFO GPL-0009] NumDummyInstances: 0
[INFO GPL-0010] NumNets: 11456
[INFO GPL-0011] NumPins: 37456
[INFO GPL-0012] DieAreaLxLy: 0 0
[INFO GPL-0013] DieAreaUxUy: 1000000 1000000
[INFO GPL-0014] CoreAreaLxLy: 5520 10880
[INFO GPL-0015] CoreAreaUxUy: 994060 987360
[INFO GPL-0016] CoreArea: 965289539200
[INFO GPL-0017] NonPlaceInstsArea: 19859046400
[INFO GPL-0018] PlaceInstsArea: 110827542400
[INFO GPL-0019] Util(%): 11.72
[INFO GPL-0020] StdInstsArea: 110827542400
[INFO GPL-0021] MacroInstsArea: 0
[InitialPlace]  Iter: 1 CG residual: 0.00043675 HPWL: 642607151
[InitialPlace]  Iter: 2 CG residual: 0.00034199 HPWL: 228368655
[InitialPlace]  Iter: 3 CG residual: 0.00001466 HPWL: 178109540
[InitialPlace]  Iter: 4 CG residual: 0.00001695 HPWL: 166380449
[InitialPlace]  Iter: 5 CG residual: 0.00000833 HPWL: 164865525
[INFO GPL-0031] FillerInit: NumGCells: 22378
[INFO GPL-0032] FillerInit: NumGNets: 11456
[INFO GPL-0033] FillerInit: NumGPins: 37456
[INFO GPL-0023] TargetDensity: 0.23
[INFO GPL-0024] AveragePlaceInstArea: 9885607
[INFO GPL-0025] IdealBinArea: 42501556
[INFO GPL-0026] IdealBinCnt: 22711
[INFO GPL-0027] TotalBinArea: 965289539200
[INFO GPL-0028] BinCnt: 128 128
[INFO GPL-0029] BinSize: 7723 7629
[INFO GPL-0030] NumBins: 16384
[NesterovSolve] Iter: 1 overflow: 0.990647 HPWL: 102560519
[NesterovSolve] Iter: 10 overflow: 0.972598 HPWL: 139732159
[NesterovSolve] Iter: 20 overflow: 0.960349 HPWL: 159631358
[NesterovSolve] Iter: 30 overflow: 0.94964 HPWL: 170429709
[NesterovSolve] Iter: 40 overflow: 0.939458 HPWL: 175699222
[NesterovSolve] Iter: 50 overflow: 0.93153 HPWL: 178850393
[NesterovSolve] Iter: 60 overflow: 0.925784 HPWL: 181398413
[NesterovSolve] Iter: 70 overflow: 0.924417 HPWL: 183130486
[NesterovSolve] Iter: 80 overflow: 0.924194 HPWL: 184028691
[NesterovSolve] Iter: 90 overflow: 0.92436 HPWL: 184563238
[NesterovSolve] Iter: 100 overflow: 0.924956 HPWL: 185158949
[NesterovSolve] Iter: 110 overflow: 0.92376 HPWL: 185978617
[NesterovSolve] Iter: 120 overflow: 0.92237 HPWL: 186966764
[NesterovSolve] Iter: 130 overflow: 0.920955 HPWL: 187987542
[NesterovSolve] Iter: 140 overflow: 0.920135 HPWL: 188855088
[NesterovSolve] Iter: 150 overflow: 0.919699 HPWL: 189462977
[NesterovSolve] Iter: 160 overflow: 0.919724 HPWL: 189862908
[NesterovSolve] Iter: 170 overflow: 0.919585 HPWL: 190344155
[NesterovSolve] Iter: 180 overflow: 0.919115 HPWL: 191383378
[NesterovSolve] Iter: 190 overflow: 0.917738 HPWL: 193628517
[NesterovSolve] Iter: 200 overflow: 0.915358 HPWL: 197778305
[NesterovSolve] Iter: 210 overflow: 0.910581 HPWL: 204616954
[NesterovSolve] Iter: 220 overflow: 0.903268 HPWL: 215177077
[NesterovSolve] Iter: 230 overflow: 0.893319 HPWL: 230664416
[NesterovSolve] Iter: 240 overflow: 0.87838 HPWL: 251865242
[NesterovSolve] Iter: 250 overflow: 0.858548 HPWL: 276465415
[NesterovSolve] Iter: 260 overflow: 0.833584 HPWL: 300227659
[NesterovSolve] Iter: 270 overflow: 0.804203 HPWL: 320530224
[INFO GPL-0100] worst slack 9.4e-09
[INFO GPL-0103] Weighted 1145 nets.
[NesterovSolve] Iter: 280 overflow: 0.771843 HPWL: 340980284
[NesterovSolve] Iter: 290 overflow: 0.738591 HPWL: 366816268
[NesterovSolve] Iter: 300 overflow: 0.697632 HPWL: 387848795
[NesterovSolve] Iter: 310 overflow: 0.648345 HPWL: 397543161
[INFO GPL-0100] worst slack 8.88e-09
[INFO GPL-0103] Weighted 1141 nets.
[NesterovSolve] Iter: 320 overflow: 0.597351 HPWL: 418648810
[NesterovSolve] Snapshot saved at iter = 319
[NesterovSolve] Iter: 330 overflow: 0.551174 HPWL: 432756988
[NesterovSolve] Iter: 340 overflow: 0.503829 HPWL: 452699584
[INFO GPL-0100] worst slack 8.63e-09
[INFO GPL-0103] Weighted 1145 nets.
[NesterovSolve] Iter: 350 overflow: 0.465749 HPWL: 458767834
[NesterovSolve] Iter: 360 overflow: 0.425472 HPWL: 466837350
[NesterovSolve] Iter: 370 overflow: 0.389584 HPWL: 467469547
[NesterovSolve] Iter: 380 overflow: 0.347758 HPWL: 469411834
[NesterovSolve] Iter: 390 overflow: 0.322545 HPWL: 471520905
[NesterovSolve] Iter: 400 overflow: 0.293898 HPWL: 469895377
[INFO GPL-0100] worst slack 9.3e-09
[INFO GPL-0103] Weighted 1144 nets.
[NesterovSolve] Iter: 410 overflow: 0.266887 HPWL: 470480202
[NesterovSolve] Iter: 420 overflow: 0.24624 HPWL: 471049258
[NesterovSolve] Iter: 430 overflow: 0.221013 HPWL: 471470662
[INFO GPL-0100] worst slack 9.45e-09
[INFO GPL-0103] Weighted 1145 nets.
[NesterovSolve] Iter: 440 overflow: 0.200988 HPWL: 471792356
[INFO GPL-0075] Routability numCall: 1 inflationIterCnt: 1 bloatIterCnt: 0
[INFO GPL-0036] TileLxLy: 0 0
[INFO GPL-0037] TileSize: 6900 6900
[INFO GPL-0038] TileCnt: 144 144
[INFO GPL-0039] numRoutingLayers: 6
[INFO GPL-0040] NumTiles: 20736
[INFO GPL-0063] TotalRouteOverflowH2: 0
[INFO GPL-0064] TotalRouteOverflowV2: 0.06666672229766846
[INFO GPL-0065] OverflowTileCnt2: 1
[INFO GPL-0066] 0.5%RC: 0.996895424096413
[INFO GPL-0067] 1.0%RC: 0.9669394356529373
[INFO GPL-0068] 2.0%RC: 0.9252454911628448
[INFO GPL-0069] 5.0%RC: 0.8553846205900226
[INFO GPL-0070] 0.5rcK: 1
[INFO GPL-0071] 1.0rcK: 1
[INFO GPL-0072] 2.0rcK: 0
[INFO GPL-0073] 5.0rcK: 0
[INFO GPL-0074] FinalRC: 0.98191744
[NesterovSolve] Iter: 450 overflow: 0.182701 HPWL: 472463934
[NesterovSolve] Iter: 460 overflow: 0.163807 HPWL: 473108200
[NesterovSolve] Iter: 470 overflow: 0.146291 HPWL: 473476308
[INFO GPL-0100] worst slack 9.57e-09
[INFO GPL-0103] Weighted 1144 nets.
[NesterovSolve] Iter: 480 overflow: 0.130448 HPWL: 474175812
[NesterovSolve] Iter: 490 overflow: 0.116039 HPWL: 474960297
[NesterovSolve] Iter: 500 overflow: 0.102256 HPWL: 476017591
[NesterovSolve] Finished with Overflow: 0.099005
[INFO] Setting RC values…
Setting global connections for newly added cells…
[INFO] Setting global connections...
Writing OpenROAD database to '/mnt/d/APIC/FIR_Openlane/Highpass/runs/RUN_2024-06-17_12-15-12/26-openroad-globalplacement/highpass.odb'…
Writing netlist to '/mnt/d/APIC/FIR_Openlane/Highpass/runs/RUN_2024-06-17_12-15-12/26-openroad-globalplacement/highpass.nl.v'…
Writing powered netlist to '/mnt/d/APIC/FIR_Openlane/Highpass/runs/RUN_2024-06-17_12-15-12/26-openroad-globalplacement/highpass.pnl.v'…
Writing layout to '/mnt/d/APIC/FIR_Openlane/Highpass/runs/RUN_2024-06-17_12-15-12/26-openroad-globalplacement/highpass.def'…
Writing timing constraints to '/mnt/d/APIC/FIR_Openlane/Highpass/runs/RUN_2024-06-17_12-15-12/26-openroad-globalplacement/highpass.sdc'…
