Reading OpenROAD database at '/mnt/d/APIC/FIR_Openlane/shifter/runs/RUN_2024-06-17_07-29-35/41-openroad-detailedrouting/shifter.odb'…
Reading library file at '/home/nurwiyoso14/.volare/volare/sky130/versions/bdc9412b3e468c102d01b7cf6337be06ec6e9c9a/sky130A/libs.ref/sky130_fd_sc_hd/lib/sky130_fd_sc_hd__tt_025C_1v80.lib'…
Reading design constraints file at '/nix/store/ly0xjc8f0gmgmckxcrs0bw8vqc9gf9bk-python3-3.11.6-env/lib/python3.11/site-packages/openlane/scripts/base.sdc'…
[INFO] Using clock clk…
[INFO] Setting output delay to: 5
[INFO] Setting input delay to: 5
[INFO] Setting load to: 0.033442
[INFO] Setting clock uncertainty to: 0.25
[INFO] Setting clock transition to: 0.1499999999999999944488848768742172978818416595458984375
[INFO] Setting timing derate to: 5%
%OL_CREATE_REPORT /mnt/d/APIC/FIR_Openlane/shifter/runs/RUN_2024-06-17_07-29-35/43-openroad-checkantennas-1/reports/antenna.rpt
Net: net13
  Pin: _708_/D (sky130_fd_sc_hd__dfrtp_1)
    Layer: met2
      Partial area ratio:  140.31
      Required ratio:    0.00 (Gate area) 
      Partial area ratio:  702.33
      Required ratio: 2753.36 (Side area) 
      Cumulative area ratio:  242.76
      Required ratio:    0.00 (Cumulative area) 
      Cumulative area ratio: 1215.36
      Required ratio:    0.00 (Cumulative side area) 

    Layer: met1
      Partial area ratio:  102.45
      Required ratio:    0.00 (Gate area) 
      Partial area ratio:  513.03
      Required ratio:  400.00 (Side area) (VIOLATED)
      Cumulative area ratio:  102.45
      Required ratio:    0.00 (Cumulative area) 
      Cumulative area ratio:  513.03
      Required ratio:    0.00 (Cumulative side area) 

    Layer: li1
      Partial area ratio:    0.00
      Required ratio:    0.00 (Gate area) 
      Partial area ratio:    0.00
      Required ratio:   75.00 (Side area) 
      Cumulative area ratio:    0.00
      Required ratio:    0.00 (Cumulative area) 
      Cumulative area ratio:    0.00
      Required ratio:    0.00 (Cumulative side area) 

    Via: M1M2_PR
      Partial area ratio:    0.18
      Required ratio:    6.00 (Gate area) 
      Cumulative area ratio:    0.41
      Required ratio:    0.00 (Cumulative area) 

    Via: L1M1_PR_MR
      Partial area ratio:    0.23
      Required ratio:    3.00 (Gate area) 
      Cumulative area ratio:    0.23
      Required ratio:    0.00 (Cumulative area) 


Net: net14
  Pin: _709_/D (sky130_fd_sc_hd__dfrtp_1)
    Layer: met2
      Partial area ratio:  155.58
      Required ratio:    0.00 (Gate area) 
      Partial area ratio:  779.44
      Required ratio: 2753.36 (Side area) 
      Cumulative area ratio:  240.24
      Required ratio:    0.00 (Cumulative area) 
      Cumulative area ratio: 1205.11
      Required ratio:    0.00 (Cumulative side area) 

    Layer: met1
      Partial area ratio:   84.67
      Required ratio:    0.00 (Gate area) 
      Partial area ratio:  425.67
      Required ratio:  400.00 (Side area) (VIOLATED)
      Cumulative area ratio:   84.67
      Required ratio:    0.00 (Cumulative area) 
      Cumulative area ratio:  425.67
      Required ratio:    0.00 (Cumulative side area) 

    Layer: li1
      Partial area ratio:    0.00
      Required ratio:    0.00 (Gate area) 
      Partial area ratio:    0.00
      Required ratio:   75.00 (Side area) 
      Cumulative area ratio:    0.00
      Required ratio:    0.00 (Cumulative area) 
      Cumulative area ratio:    0.00
      Required ratio:    0.00 (Cumulative side area) 

    Via: M1M2_PR
      Partial area ratio:    0.18
      Required ratio:    6.00 (Gate area) 
      Cumulative area ratio:    0.41
      Required ratio:    0.00 (Cumulative area) 

    Via: L1M1_PR_MR
      Partial area ratio:    0.23
      Required ratio:    3.00 (Gate area) 
      Cumulative area ratio:    0.23
      Required ratio:    0.00 (Cumulative area) 


Net: net40
  Pin: output40/A (sky130_fd_sc_hd__buf_2)
    Layer: met2
      Partial area ratio:   65.01
      Required ratio:    0.00 (Gate area) 
      Partial area ratio:  326.08
      Required ratio: 2956.40 (Side area) 
      Cumulative area ratio:  145.72
      Required ratio:    0.00 (Cumulative area) 
      Cumulative area ratio:  736.45
      Required ratio:    0.00 (Cumulative side area) 

    Layer: met1
      Partial area ratio:    0.53
      Required ratio:    0.00 (Gate area) 
      Partial area ratio:    3.26
      Required ratio:  400.00 (Side area) 
      Cumulative area ratio:    0.53
      Required ratio:    0.00 (Cumulative area) 
      Cumulative area ratio:    3.26
      Required ratio:    0.00 (Cumulative side area) 

    Layer: li1
      Partial area ratio:    0.00
      Required ratio:    0.00 (Gate area) 
      Partial area ratio:    0.00
      Required ratio:   75.00 (Side area) 
      Cumulative area ratio:    0.00
      Required ratio:    0.00 (Cumulative area) 
      Cumulative area ratio:    0.00
      Required ratio:    0.00 (Cumulative side area) 

    Via: M1M2_PR
      Partial area ratio:    0.14
      Required ratio:    6.00 (Gate area) 
      Cumulative area ratio:    0.32
      Required ratio:    0.00 (Cumulative area) 

    Via: L1M1_PR_MR
      Partial area ratio:    0.18
      Required ratio:    3.00 (Gate area) 
      Cumulative area ratio:    0.18
      Required ratio:    0.00 (Cumulative area) 

  Pin: hold223/A (sky130_fd_sc_hd__dlygate4sd3_1)
    Layer: met2
      Partial area ratio:   65.01
      Required ratio:    0.00 (Gate area) 
      Partial area ratio:  326.08
      Required ratio: 2956.40 (Side area) 
      Cumulative area ratio:  145.19
      Required ratio:    0.00 (Cumulative area) 
      Cumulative area ratio:  733.19
      Required ratio:    0.00 (Cumulative side area) 

    Layer: met1
      Partial area ratio:   80.18
      Required ratio:    0.00 (Gate area) 
      Partial area ratio:  407.11
      Required ratio:  400.00 (Side area) (VIOLATED)
      Cumulative area ratio:   80.18
      Required ratio:    0.00 (Cumulative area) 
      Cumulative area ratio:  407.11
      Required ratio:    0.00 (Cumulative side area) 

    Layer: li1
      Partial area ratio:    0.00
      Required ratio:    0.00 (Gate area) 
      Partial area ratio:    0.00
      Required ratio:   75.00 (Side area) 
      Cumulative area ratio:    0.00
      Required ratio:    0.00 (Cumulative area) 
      Cumulative area ratio:    0.00
      Required ratio:    0.00 (Cumulative side area) 

    Via: M1M2_PR
      Partial area ratio:    0.36
      Required ratio:    6.00 (Gate area) 
      Cumulative area ratio:    0.59
      Required ratio:    0.00 (Cumulative area) 

    Via: L1M1_PR_MR
      Partial area ratio:    0.23
      Required ratio:    3.00 (Gate area) 
      Cumulative area ratio:    0.23
      Required ratio:    0.00 (Cumulative area) 


Net: net51
  Pin: output51/A (sky130_fd_sc_hd__buf_2)
    Layer: met2
      Partial area ratio:   62.16
      Required ratio:    0.00 (Gate area) 
      Partial area ratio:  314.24
      Required ratio: 2956.40 (Side area) 
      Cumulative area ratio:  150.65
      Required ratio:    0.00 (Cumulative area) 
      Cumulative area ratio:  759.02
      Required ratio:    0.00 (Cumulative side area) 

    Layer: met1
      Partial area ratio:    0.00
      Required ratio:    0.00 (Gate area) 
      Partial area ratio:    0.00
      Required ratio:  400.00 (Side area) 
      Cumulative area ratio:    0.00
      Required ratio:    0.00 (Cumulative area) 
      Cumulative area ratio:    0.00
      Required ratio:    0.00 (Cumulative side area) 

    Layer: li1
      Partial area ratio:    0.00
      Required ratio:    0.00 (Gate area) 
      Partial area ratio:    0.00
      Required ratio:   75.00 (Side area) 
      Cumulative area ratio:    0.00
      Required ratio:    0.00 (Cumulative area) 
      Cumulative area ratio:    0.00
      Required ratio:    0.00 (Cumulative side area) 

    Via: M1M2_PR
      Partial area ratio:    0.14
      Required ratio:    6.00 (Gate area) 
      Cumulative area ratio:    0.32
      Required ratio:    0.00 (Cumulative area) 

    Via: L1M1_PR_MR
      Partial area ratio:    0.18
      Required ratio:    3.00 (Gate area) 
      Cumulative area ratio:    0.18
      Required ratio:    0.00 (Cumulative area) 

  Pin: hold214/A (sky130_fd_sc_hd__dlygate4sd3_1)
    Layer: met2
      Partial area ratio:   62.16
      Required ratio:    0.00 (Gate area) 
      Partial area ratio:  314.24
      Required ratio: 2956.40 (Side area) 
      Cumulative area ratio:  150.65
      Required ratio:    0.00 (Cumulative area) 
      Cumulative area ratio:  759.02
      Required ratio:    0.00 (Cumulative side area) 

    Layer: met1
      Partial area ratio:   88.49
      Required ratio:    0.00 (Gate area) 
      Partial area ratio:  444.78
      Required ratio:  400.00 (Side area) (VIOLATED)
      Cumulative area ratio:   88.49
      Required ratio:    0.00 (Cumulative area) 
      Cumulative area ratio:  444.78
      Required ratio:    0.00 (Cumulative side area) 

    Layer: li1
      Partial area ratio:    0.00
      Required ratio:    0.00 (Gate area) 
      Partial area ratio:    0.00
      Required ratio:   75.00 (Side area) 
      Cumulative area ratio:    0.00
      Required ratio:    0.00 (Cumulative area) 
      Cumulative area ratio:    0.00
      Required ratio:    0.00 (Cumulative side area) 

    Via: M1M2_PR
      Partial area ratio:    0.36
      Required ratio:    6.00 (Gate area) 
      Cumulative area ratio:    0.59
      Required ratio:    0.00 (Cumulative area) 

    Via: L1M1_PR_MR
      Partial area ratio:    0.23
      Required ratio:    3.00 (Gate area) 
      Cumulative area ratio:    0.23
      Required ratio:    0.00 (Cumulative area) 


Net: net62
  Pin: output62/A (sky130_fd_sc_hd__buf_2)
    Layer: met4
      Partial area ratio:   76.91
      Required ratio:    0.00 (Gate area) 
      Partial area ratio:  411.85
      Required ratio: 2956.40 (Side area) 
      Cumulative area ratio:   79.94
      Required ratio:    0.00 (Cumulative area) 
      Cumulative area ratio:  431.30
      Required ratio:    0.00 (Cumulative side area) 

    Layer: met3
      Partial area ratio:    1.87
      Required ratio:    0.00 (Gate area) 
      Partial area ratio:   12.98
      Required ratio:  400.00 (Side area) 
      Cumulative area ratio:    3.04
      Required ratio:    0.00 (Cumulative area) 
      Cumulative area ratio:   19.45
      Required ratio:    0.00 (Cumulative side area) 

    Layer: met2
      Partial area ratio:    1.17
      Required ratio:    0.00 (Gate area) 
      Partial area ratio:    6.47
      Required ratio:  400.00 (Side area) 
      Cumulative area ratio:    1.17
      Required ratio:    0.00 (Cumulative area) 
      Cumulative area ratio:    6.47
      Required ratio:    0.00 (Cumulative side area) 

    Layer: met1
      Partial area ratio:    0.00
      Required ratio:    0.00 (Gate area) 
      Partial area ratio:    0.00
      Required ratio:  400.00 (Side area) 
      Cumulative area ratio:    0.00
      Required ratio:    0.00 (Cumulative area) 
      Cumulative area ratio:    0.00
      Required ratio:    0.00 (Cumulative side area) 

    Layer: li1
      Partial area ratio:    0.00
      Required ratio:    0.00 (Gate area) 
      Partial area ratio:    0.00
      Required ratio:   75.00 (Side area) 
      Cumulative area ratio:    0.00
      Required ratio:    0.00 (Cumulative area) 
      Cumulative area ratio:    0.00
      Required ratio:    0.00 (Cumulative side area) 

    Via: M3M4_PR
      Partial area ratio:    0.25
      Required ratio:    6.00 (Gate area) 
      Cumulative area ratio:    0.83
      Required ratio:    0.00 (Cumulative area) 

    Via: M2M3_PR
      Partial area ratio:    0.25
      Required ratio:    6.00 (Gate area) 
      Cumulative area ratio:    0.57
      Required ratio:    0.00 (Cumulative area) 

    Via: M1M2_PR
      Partial area ratio:    0.14
      Required ratio:    6.00 (Gate area) 
      Cumulative area ratio:    0.32
      Required ratio:    0.00 (Cumulative area) 

    Via: L1M1_PR_MR
      Partial area ratio:    0.18
      Required ratio:    3.00 (Gate area) 
      Cumulative area ratio:    0.18
      Required ratio:    0.00 (Cumulative area) 

  Pin: hold217/A (sky130_fd_sc_hd__dlygate4sd3_1)
    Layer: met2
      Partial area ratio:   53.01
      Required ratio:    0.00 (Gate area) 
      Partial area ratio:  266.61
      Required ratio: 2956.40 (Side area) 
      Cumulative area ratio:  154.57
      Required ratio:    0.00 (Cumulative area) 
      Cumulative area ratio:  778.28
      Required ratio:    0.00 (Cumulative side area) 

    Layer: met1
      Partial area ratio:  101.56
      Required ratio:    0.00 (Gate area) 
      Partial area ratio:  511.67
      Required ratio:  400.00 (Side area) (VIOLATED)
      Cumulative area ratio:  101.56
      Required ratio:    0.00 (Cumulative area) 
      Cumulative area ratio:  511.67
      Required ratio:    0.00 (Cumulative side area) 

    Layer: met3
      Partial area ratio:  258.64
      Required ratio:    0.00 (Gate area) 
      Partial area ratio: 1383.24
      Required ratio: 2956.40 (Side area) 
      Cumulative area ratio:  413.21
      Required ratio:    0.00 (Cumulative area) 
      Cumulative area ratio: 2161.52
      Required ratio:    0.00 (Cumulative side area) 

    Layer: met4
      Partial area ratio:   76.91
      Required ratio:    0.00 (Gate area) 
      Partial area ratio:  411.85
      Required ratio: 2956.40 (Side area) 
      Cumulative area ratio:  490.11
      Required ratio:    0.00 (Cumulative area) 
      Cumulative area ratio: 2573.36
      Required ratio:    0.00 (Cumulative side area) 

    Layer: li1
      Partial area ratio:    0.00
      Required ratio:    0.00 (Gate area) 
      Partial area ratio:    0.00
      Required ratio:   75.00 (Side area) 
      Cumulative area ratio:    0.00
      Required ratio:    0.00 (Cumulative area) 
      Cumulative area ratio:    0.00
      Required ratio:    0.00 (Cumulative side area) 

    Via: M2M3_PR
      Partial area ratio:    0.32
      Required ratio:    6.00 (Gate area) 
      Cumulative area ratio:    0.90
      Required ratio:    0.00 (Cumulative area) 

    Via: M1M2_PR
      Partial area ratio:    0.36
      Required ratio:    6.00 (Gate area) 
      Cumulative area ratio:    0.59
      Required ratio:    0.00 (Cumulative area) 

    Via: M3M4_PR
      Partial area ratio:    0.32
      Required ratio:    6.00 (Gate area) 
      Cumulative area ratio:    1.22
      Required ratio:    0.00 (Cumulative area) 

    Via: L1M1_PR_MR
      Partial area ratio:    0.23
      Required ratio:    3.00 (Gate area) 
      Cumulative area ratio:    0.23
      Required ratio:    0.00 (Cumulative area) 


Net: net502
  Pin: _490_/D (sky130_fd_sc_hd__dfrtp_1)
    Layer: met2
      Partial area ratio:   39.07
      Required ratio:    0.00 (Gate area) 
      Partial area ratio:  196.11
      Required ratio: 2771.60 (Side area) 
      Cumulative area ratio:  137.96
      Required ratio:    0.00 (Cumulative area) 
      Cumulative area ratio:  696.03
      Required ratio:    0.00 (Cumulative side area) 

    Layer: met1
      Partial area ratio:   98.89
      Required ratio:    0.00 (Gate area) 
      Partial area ratio:  499.92
      Required ratio:  400.00 (Side area) (VIOLATED)
      Cumulative area ratio:   98.89
      Required ratio:    0.00 (Cumulative area) 
      Cumulative area ratio:  499.92
      Required ratio:    0.00 (Cumulative side area) 

    Layer: li1
      Partial area ratio:    0.00
      Required ratio:    0.00 (Gate area) 
      Partial area ratio:    0.00
      Required ratio:   75.00 (Side area) 
      Cumulative area ratio:    0.00
      Required ratio:    0.00 (Cumulative area) 
      Cumulative area ratio:    0.00
      Required ratio:    0.00 (Cumulative side area) 

    Via: M1M2_PR
      Partial area ratio:    0.18
      Required ratio:    6.00 (Gate area) 
      Cumulative area ratio:    0.41
      Required ratio:    0.00 (Cumulative area) 

    Via: L1M1_PR_MR
      Partial area ratio:    0.23
      Required ratio:    3.00 (Gate area) 
      Cumulative area ratio:    0.23
      Required ratio:    0.00 (Cumulative area) 


[INFO ANT-0002] Found 6 net violations.
[INFO ANT-0001] Found 6 pin violations.
%OL_END_REPORT
