Reading OpenROAD database at '/mnt/d/APIC/FIR_Openlane/Lowpass/runs/RUN_2024-06-17_18-45-38/36-openroad-globalrouting/lowpass.odb'…
Reading library file at '/home/nurwiyoso14/.volare/volare/sky130/versions/bdc9412b3e468c102d01b7cf6337be06ec6e9c9a/sky130A/libs.ref/sky130_fd_sc_hd/lib/sky130_fd_sc_hd__tt_025C_1v80.lib'…
Reading design constraints file at '/nix/store/ly0xjc8f0gmgmckxcrs0bw8vqc9gf9bk-python3-3.11.6-env/lib/python3.11/site-packages/openlane/scripts/base.sdc'…
[INFO] Using clock clk…
[INFO] Setting output delay to: 5
[INFO] Setting input delay to: 5
[INFO] Setting load to: 0.033442
[INFO] Setting clock uncertainty to: 0.25
[INFO] Setting clock transition to: 0.1499999999999999944488848768742172978818416595458984375
[INFO] Setting timing derate to: 5%
%OL_CREATE_REPORT /mnt/d/APIC/FIR_Openlane/Lowpass/runs/RUN_2024-06-17_18-45-38/37-openroad-checkantennas/reports/antenna.rpt
Net: _09998_
  Pin: _32935_/A (sky130_fd_sc_hd__or2_1)
    Layer: li1
      Partial area ratio:    0.00
      Required ratio:    0.00 (Gate area) 
      Partial area ratio:    0.00
      Required ratio:   75.00 (Side area) 
      Cumulative area ratio:    0.00
      Required ratio:    0.00 (Cumulative area) 
      Cumulative area ratio:    0.00
      Required ratio:    0.00 (Cumulative side area) 

    Layer: met1
      Partial area ratio:   23.16
      Required ratio:    0.00 (Gate area) 
      Partial area ratio:  116.56
      Required ratio:  400.00 (Side area) 
      Cumulative area ratio:   23.16
      Required ratio:    0.00 (Cumulative area) 
      Cumulative area ratio:  116.56
      Required ratio:    0.00 (Cumulative side area) 

    Layer: met2
      Partial area ratio:  268.64
      Required ratio:    0.00 (Gate area) 
      Partial area ratio: 1344.78
      Required ratio:  400.00 (Side area) (VIOLATED)
      Cumulative area ratio:  291.80
      Required ratio:    0.00 (Cumulative area) 
      Cumulative area ratio: 1461.33
      Required ratio:    0.00 (Cumulative side area) 

    Via: L1M1_PR
      Partial area ratio:    0.23
      Required ratio:    3.00 (Gate area) 
      Cumulative area ratio:    0.23
      Required ratio:    0.00 (Cumulative area) 

    Via: M1M2_PR
      Partial area ratio:    0.18
      Required ratio:    6.00 (Gate area) 
      Cumulative area ratio:    0.41
      Required ratio:    0.00 (Cumulative area) 


Net: _16008_
  Pin: _32204_/B (sky130_fd_sc_hd__or2_1)
    Layer: met2
      Partial area ratio:   15.64
      Required ratio:    0.00 (Gate area) 
      Partial area ratio:   79.78
      Required ratio:  400.00 (Side area) 
      Cumulative area ratio:  115.47
      Required ratio:    0.00 (Cumulative area) 
      Cumulative area ratio:  579.67
      Required ratio:    0.00 (Cumulative side area) 

    Layer: met1
      Partial area ratio:   99.82
      Required ratio:    0.00 (Gate area) 
      Partial area ratio:  499.89
      Required ratio:  400.00 (Side area) (VIOLATED)
      Cumulative area ratio:   99.82
      Required ratio:    0.00 (Cumulative area) 
      Cumulative area ratio:  499.89
      Required ratio:    0.00 (Cumulative side area) 

    Layer: li1
      Partial area ratio:    0.00
      Required ratio:    0.00 (Gate area) 
      Partial area ratio:    0.00
      Required ratio:   75.00 (Side area) 
      Cumulative area ratio:    0.00
      Required ratio:    0.00 (Cumulative area) 
      Cumulative area ratio:    0.00
      Required ratio:    0.00 (Cumulative side area) 

    Via: M1M2_PR
      Partial area ratio:    0.18
      Required ratio:    6.00 (Gate area) 
      Cumulative area ratio:    0.41
      Required ratio:    0.00 (Cumulative area) 

    Via: L1M1_PR
      Partial area ratio:    0.23
      Required ratio:    3.00 (Gate area) 
      Cumulative area ratio:    0.23
      Required ratio:    0.00 (Cumulative area) 


Net: _17675_
  Pin: _33053_/B1 (sky130_fd_sc_hd__o2bb2a_1)
    Layer: met1
      Partial area ratio:   84.80
      Required ratio:    0.00 (Gate area) 
      Partial area ratio:  426.33
      Required ratio:  400.00 (Side area) (VIOLATED)
      Cumulative area ratio:   84.80
      Required ratio:    0.00 (Cumulative area) 
      Cumulative area ratio:  426.33
      Required ratio:    0.00 (Cumulative side area) 

    Layer: li1
      Partial area ratio:    0.00
      Required ratio:    0.00 (Gate area) 
      Partial area ratio:    0.00
      Required ratio:   75.00 (Side area) 
      Cumulative area ratio:    0.00
      Required ratio:    0.00 (Cumulative area) 
      Cumulative area ratio:    0.00
      Required ratio:    0.00 (Cumulative side area) 

    Via: L1M1_PR
      Partial area ratio:    0.23
      Required ratio:    3.00 (Gate area) 
      Cumulative area ratio:    0.23
      Required ratio:    0.00 (Cumulative area) 


Net: _19034_
  Pin: _28938_/A (sky130_fd_sc_hd__and2_2)
    Layer: met1
      Partial area ratio:  146.13
      Required ratio:    0.00 (Gate area) 
      Partial area ratio:  733.00
      Required ratio:  400.00 (Side area) (VIOLATED)
      Cumulative area ratio:  146.13
      Required ratio:    0.00 (Cumulative area) 
      Cumulative area ratio:  733.00
      Required ratio:    0.00 (Cumulative side area) 

    Layer: li1
      Partial area ratio:    0.00
      Required ratio:    0.00 (Gate area) 
      Partial area ratio:    0.00
      Required ratio:   75.00 (Side area) 
      Cumulative area ratio:    0.00
      Required ratio:    0.00 (Cumulative area) 
      Cumulative area ratio:    0.00
      Required ratio:    0.00 (Cumulative side area) 

    Layer: met2
      Partial area ratio:    7.82
      Required ratio:    0.00 (Gate area) 
      Partial area ratio:   39.89
      Required ratio:  400.00 (Side area) 
      Cumulative area ratio:  153.96
      Required ratio:    0.00 (Cumulative area) 
      Cumulative area ratio:  772.89
      Required ratio:    0.00 (Cumulative side area) 

    Via: M1M2_PR
      Partial area ratio:    0.18
      Required ratio:    6.00 (Gate area) 
      Cumulative area ratio:    0.41
      Required ratio:    0.00 (Cumulative area) 

    Via: L1M1_PR
      Partial area ratio:    0.23
      Required ratio:    3.00 (Gate area) 
      Cumulative area ratio:    0.23
      Required ratio:    0.00 (Cumulative area) 


Net: net170
  Pin: fanout1078/A (sky130_fd_sc_hd__buf_6)
    Layer: li1
      Partial area ratio:    0.00
      Required ratio:    0.00 (Gate area) 
      Partial area ratio:    0.00
      Required ratio:   75.00 (Side area) 
      Cumulative area ratio:    0.00
      Required ratio:    0.00 (Cumulative area) 
      Cumulative area ratio:    0.00
      Required ratio:    0.00 (Cumulative side area) 

    Layer: met1
      Partial area ratio:   13.74
      Required ratio:    0.00 (Gate area) 
      Partial area ratio:   69.09
      Required ratio:  400.00 (Side area) 
      Cumulative area ratio:   13.74
      Required ratio:    0.00 (Cumulative area) 
      Cumulative area ratio:   69.09
      Required ratio:    0.00 (Cumulative side area) 

    Layer: met2
      Partial area ratio:   29.35
      Required ratio:    0.00 (Gate area) 
      Partial area ratio:  147.16
      Required ratio:  400.00 (Side area) 
      Cumulative area ratio:   43.09
      Required ratio:    0.00 (Cumulative area) 
      Cumulative area ratio:  216.25
      Required ratio:    0.00 (Cumulative side area) 

    Layer: met3
      Partial area ratio:    0.00
      Required ratio:    0.00 (Gate area) 
      Partial area ratio:    0.00
      Required ratio:  400.00 (Side area) 
      Cumulative area ratio:   43.09
      Required ratio:    0.00 (Cumulative area) 
      Cumulative area ratio:  216.25
      Required ratio:    0.00 (Cumulative side area) 

    Layer: met4
      Partial area ratio:  154.91
      Required ratio:    0.00 (Gate area) 
      Partial area ratio:  827.15
      Required ratio:  400.00 (Side area) (VIOLATED)
      Cumulative area ratio:  198.00
      Required ratio:    0.00 (Cumulative area) 
      Cumulative area ratio: 1043.40
      Required ratio:    0.00 (Cumulative side area) 

    Via: L1M1_PR
      Partial area ratio:    0.06
      Required ratio:    3.00 (Gate area) 
      Cumulative area ratio:    0.06
      Required ratio:    0.00 (Cumulative area) 

    Via: M1M2_PR
      Partial area ratio:    0.09
      Required ratio:    6.00 (Gate area) 
      Cumulative area ratio:    0.15
      Required ratio:    0.00 (Cumulative area) 

    Via: M2M3_PR
      Partial area ratio:    0.08
      Required ratio:    6.00 (Gate area) 
      Cumulative area ratio:    0.23
      Required ratio:    0.00 (Cumulative area) 

    Via: M3M4_PR
      Partial area ratio:    0.08
      Required ratio:    6.00 (Gate area) 
      Cumulative area ratio:    0.31
      Required ratio:    0.00 (Cumulative area) 


Net: net265
  Pin: _39715_/B (sky130_fd_sc_hd__xor2_2)
    Layer: met2
      Partial area ratio:    1.00
      Required ratio:    0.00 (Gate area) 
      Partial area ratio:    5.08
      Required ratio:  400.00 (Side area) 
      Cumulative area ratio:    2.35
      Required ratio:    0.00 (Cumulative area) 
      Cumulative area ratio:   12.23
      Required ratio:    0.00 (Cumulative side area) 

    Layer: met3
      Partial area ratio:    2.18
      Required ratio:    0.00 (Gate area) 
      Partial area ratio:   12.12
      Required ratio:  400.00 (Side area) 
      Cumulative area ratio:    4.53
      Required ratio:    0.00 (Cumulative area) 
      Cumulative area ratio:   24.35
      Required ratio:    0.00 (Cumulative side area) 

    Layer: met4
      Partial area ratio:   92.09
      Required ratio:    0.00 (Gate area) 
      Partial area ratio:  491.64
      Required ratio:  400.00 (Side area) (VIOLATED)
      Cumulative area ratio:   96.62
      Required ratio:    0.00 (Cumulative area) 
      Cumulative area ratio:  515.98
      Required ratio:    0.00 (Cumulative side area) 

    Layer: met1
      Partial area ratio:    1.35
      Required ratio:    0.00 (Gate area) 
      Partial area ratio:    7.15
      Required ratio:  400.00 (Side area) 
      Cumulative area ratio:    1.35
      Required ratio:    0.00 (Cumulative area) 
      Cumulative area ratio:    7.15
      Required ratio:    0.00 (Cumulative side area) 

    Via: M2M3_PR
      Partial area ratio:    0.04
      Required ratio:    6.00 (Gate area) 
      Cumulative area ratio:    0.06
      Required ratio:    0.00 (Cumulative area) 

    Via: M3M4_PR
      Partial area ratio:    0.04
      Required ratio:    6.00 (Gate area) 
      Cumulative area ratio:    0.10
      Required ratio:    0.00 (Cumulative area) 

    Via: M1M2_PR
      Partial area ratio:    0.02
      Required ratio:    6.00 (Gate area) 
      Cumulative area ratio:    0.02
      Required ratio:    0.00 (Cumulative area) 


Net: net279
  Pin: _34703_/B (sky130_fd_sc_hd__xor2_2)
    Layer: met3
      Partial area ratio:   85.82
      Required ratio:    0.00 (Gate area) 
      Partial area ratio:  458.18
      Required ratio:  400.00 (Side area) (VIOLATED)
      Cumulative area ratio:   88.31
      Required ratio:    0.00 (Cumulative area) 
      Cumulative area ratio:  470.93
      Required ratio:    0.00 (Cumulative side area) 

    Layer: met4
      Partial area ratio:  104.64
      Required ratio:    0.00 (Gate area) 
      Partial area ratio:  558.55
      Required ratio:  400.00 (Side area) (VIOLATED)
      Cumulative area ratio:  192.94
      Required ratio:    0.00 (Cumulative area) 
      Cumulative area ratio: 1029.47
      Required ratio:    0.00 (Cumulative side area) 

    Layer: met2
      Partial area ratio:    1.97
      Required ratio:    0.00 (Gate area) 
      Partial area ratio:    9.96
      Required ratio:  400.00 (Side area) 
      Cumulative area ratio:    2.49
      Required ratio:    0.00 (Cumulative area) 
      Cumulative area ratio:   12.75
      Required ratio:    0.00 (Cumulative side area) 

    Layer: met1
      Partial area ratio:    0.52
      Required ratio:    0.00 (Gate area) 
      Partial area ratio:    2.79
      Required ratio:  400.00 (Side area) 
      Cumulative area ratio:    0.52
      Required ratio:    0.00 (Cumulative area) 
      Cumulative area ratio:    2.79
      Required ratio:    0.00 (Cumulative side area) 

    Via: M3M4_PR
      Partial area ratio:    0.04
      Required ratio:    6.00 (Gate area) 
      Cumulative area ratio:    0.10
      Required ratio:    0.00 (Cumulative area) 

    Via: M2M3_PR
      Partial area ratio:    0.04
      Required ratio:    6.00 (Gate area) 
      Cumulative area ratio:    0.06
      Required ratio:    0.00 (Cumulative area) 

    Via: M1M2_PR
      Partial area ratio:    0.02
      Required ratio:    6.00 (Gate area) 
      Cumulative area ratio:    0.02
      Required ratio:    0.00 (Cumulative area) 


Net: net604
  Pin: _21109_/A (sky130_fd_sc_hd__or2_1)
    Layer: li1
      Partial area ratio:    0.00
      Required ratio:    0.00 (Gate area) 
      Partial area ratio:    0.00
      Required ratio:   75.00 (Side area) 
      Cumulative area ratio:    0.00
      Required ratio:    0.00 (Cumulative area) 
      Cumulative area ratio:    0.00
      Required ratio:    0.00 (Cumulative side area) 

    Layer: met1
      Partial area ratio:   30.82
      Required ratio:    0.00 (Gate area) 
      Partial area ratio:  154.89
      Required ratio:  400.00 (Side area) 
      Cumulative area ratio:   30.82
      Required ratio:    0.00 (Cumulative area) 
      Cumulative area ratio:  154.89
      Required ratio:    0.00 (Cumulative side area) 

    Layer: met2
      Partial area ratio:  169.13
      Required ratio:    0.00 (Gate area) 
      Partial area ratio:  848.00
      Required ratio:  400.00 (Side area) (VIOLATED)
      Cumulative area ratio:  199.96
      Required ratio:    0.00 (Cumulative area) 
      Cumulative area ratio: 1002.89
      Required ratio:    0.00 (Cumulative side area) 

    Via: L1M1_PR
      Partial area ratio:    0.23
      Required ratio:    3.00 (Gate area) 
      Cumulative area ratio:    0.23
      Required ratio:    0.00 (Cumulative area) 

    Via: M1M2_PR
      Partial area ratio:    0.18
      Required ratio:    6.00 (Gate area) 
      Cumulative area ratio:    0.41
      Required ratio:    0.00 (Cumulative area) 


Net: net1039
  Pin: _20961_/A_N (sky130_fd_sc_hd__nand2b_1)
    Layer: met3
      Partial area ratio:   83.57
      Required ratio:    0.00 (Gate area) 
      Partial area ratio:  453.33
      Required ratio:  400.00 (Side area) (VIOLATED)
      Cumulative area ratio:  145.53
      Required ratio:    0.00 (Cumulative area) 
      Cumulative area ratio:  766.22
      Required ratio:    0.00 (Cumulative side area) 

    Layer: met2
      Partial area ratio:   38.49
      Required ratio:    0.00 (Gate area) 
      Partial area ratio:  193.22
      Required ratio:  400.00 (Side area) 
      Cumulative area ratio:   61.96
      Required ratio:    0.00 (Cumulative area) 
      Cumulative area ratio:  312.89
      Required ratio:    0.00 (Cumulative side area) 

    Layer: met1
      Partial area ratio:   23.47
      Required ratio:    0.00 (Gate area) 
      Partial area ratio:  119.67
      Required ratio:  400.00 (Side area) 
      Cumulative area ratio:   23.47
      Required ratio:    0.00 (Cumulative area) 
      Cumulative area ratio:  119.67
      Required ratio:    0.00 (Cumulative side area) 

    Layer: li1
      Partial area ratio:    0.00
      Required ratio:    0.00 (Gate area) 
      Partial area ratio:    0.00
      Required ratio:   75.00 (Side area) 
      Cumulative area ratio:    0.00
      Required ratio:    0.00 (Cumulative area) 
      Cumulative area ratio:    0.00
      Required ratio:    0.00 (Cumulative side area) 

    Via: M2M3_PR
      Partial area ratio:    0.32
      Required ratio:    6.00 (Gate area) 
      Cumulative area ratio:    0.73
      Required ratio:    0.00 (Cumulative area) 

    Via: M1M2_PR
      Partial area ratio:    0.18
      Required ratio:    6.00 (Gate area) 
      Cumulative area ratio:    0.41
      Required ratio:    0.00 (Cumulative area) 

    Via: L1M1_PR
      Partial area ratio:    0.23
      Required ratio:    3.00 (Gate area) 
      Cumulative area ratio:    0.23
      Required ratio:    0.00 (Cumulative area) 


Net: net1047
  Pin: _40617_/B (sky130_fd_sc_hd__xor2_2)
    Layer: met4
      Partial area ratio:   98.45
      Required ratio:    0.00 (Gate area) 
      Partial area ratio:  526.06
      Required ratio:  400.00 (Side area) (VIOLATED)
      Cumulative area ratio:  101.97
      Required ratio:    0.00 (Cumulative area) 
      Cumulative area ratio:  545.15
      Required ratio:    0.00 (Cumulative side area) 

    Layer: met3
      Partial area ratio:    2.18
      Required ratio:    0.00 (Gate area) 
      Partial area ratio:   12.12
      Required ratio:  400.00 (Side area) 
      Cumulative area ratio:    3.52
      Required ratio:    0.00 (Cumulative area) 
      Cumulative area ratio:   19.09
      Required ratio:    0.00 (Cumulative side area) 

    Layer: met2
      Partial area ratio:    1.00
      Required ratio:    0.00 (Gate area) 
      Partial area ratio:    5.08
      Required ratio:  400.00 (Side area) 
      Cumulative area ratio:    1.33
      Required ratio:    0.00 (Cumulative area) 
      Cumulative area ratio:    6.97
      Required ratio:    0.00 (Cumulative side area) 

    Layer: met1
      Partial area ratio:    0.34
      Required ratio:    0.00 (Gate area) 
      Partial area ratio:    1.89
      Required ratio:  400.00 (Side area) 
      Cumulative area ratio:    0.34
      Required ratio:    0.00 (Cumulative area) 
      Cumulative area ratio:    1.89
      Required ratio:    0.00 (Cumulative side area) 

    Via: M3M4_PR
      Partial area ratio:    0.04
      Required ratio:    6.00 (Gate area) 
      Cumulative area ratio:    0.10
      Required ratio:    0.00 (Cumulative area) 

    Via: M2M3_PR
      Partial area ratio:    0.04
      Required ratio:    6.00 (Gate area) 
      Cumulative area ratio:    0.06
      Required ratio:    0.00 (Cumulative area) 

    Via: M1M2_PR
      Partial area ratio:    0.02
      Required ratio:    6.00 (Gate area) 
      Cumulative area ratio:    0.02
      Required ratio:    0.00 (Cumulative area) 


[INFO ANT-0002] Found 10 net violations.
[INFO ANT-0001] Found 10 pin violations.
%OL_END_REPORT
