Reading OpenROAD database at '/mnt/d/APIC/FIR_Openlane/Highpass/runs/RUN_2024-06-17_12-54-12/24-odb-customioplacement/highpass.odb'…
Reading library file at '/home/nurwiyoso14/.volare/volare/sky130/versions/bdc9412b3e468c102d01b7cf6337be06ec6e9c9a/sky130A/libs.ref/sky130_fd_sc_hd/lib/sky130_fd_sc_hd__tt_025C_1v80.lib'…
Reading design constraints file at '/nix/store/ly0xjc8f0gmgmckxcrs0bw8vqc9gf9bk-python3-3.11.6-env/lib/python3.11/site-packages/openlane/scripts/base.sdc'…
[INFO] Using clock clk…
[INFO] Setting output delay to: 5
[INFO] Setting input delay to: 5
[INFO] Setting load to: 0.033442
[INFO] Setting clock uncertainty to: 0.25
[INFO] Setting clock transition to: 0.1499999999999999944488848768742172978818416595458984375
[INFO] Setting timing derate to: 5%
[INFO] Setting RC values…
[INFO] Setting signal min routing layer to: met1 and clock min routing layer to met1. 
[INFO] Setting signal max routing layer to: met4 and clock max routing layer to met4. 
{*}-density 0.444163 -timing_driven -routability_driven -pad_right 0 -pad_left 0 -init_wirelength_coef 0.05
[INFO GPL-0002] DBU: 1000
[INFO GPL-0003] SiteSize: 460 2720
[INFO GPL-0004] CoreAreaLxLy: 5520 10880
[INFO GPL-0005] CoreAreaUxUy: 594320 587520
[INFO GPL-0006] NumInstances: 16450
[INFO GPL-0007] NumPlaceInstances: 11211
[INFO GPL-0008] NumFixedInstances: 5239
[INFO GPL-0009] NumDummyInstances: 0
[INFO GPL-0010] NumNets: 11456
[INFO GPL-0011] NumPins: 37456
[INFO GPL-0012] DieAreaLxLy: 0 0
[INFO GPL-0013] DieAreaUxUy: 600000 600000
[INFO GPL-0014] CoreAreaLxLy: 5520 10880
[INFO GPL-0015] CoreAreaUxUy: 594320 587520
[INFO GPL-0016] CoreArea: 339525632000
[INFO GPL-0017] NonPlaceInstsArea: 7616054400
[INFO GPL-0018] PlaceInstsArea: 110827542400
[INFO GPL-0019] Util(%): 33.39
[INFO GPL-0020] StdInstsArea: 110827542400
[INFO GPL-0021] MacroInstsArea: 0
[InitialPlace]  Iter: 1 CG residual: 0.00035001 HPWL: 499928211
[InitialPlace]  Iter: 2 CG residual: 0.00043159 HPWL: 165306324
[InitialPlace]  Iter: 3 CG residual: 0.00001263 HPWL: 139404095
[InitialPlace]  Iter: 4 CG residual: 0.00000905 HPWL: 134283143
[InitialPlace]  Iter: 5 CG residual: 0.00000921 HPWL: 133652758
[INFO GPL-0031] FillerInit: NumGCells: 14957
[INFO GPL-0032] FillerInit: NumGNets: 11456
[INFO GPL-0033] FillerInit: NumGPins: 37456
[INFO GPL-0023] TargetDensity: 0.44
[INFO GPL-0024] AveragePlaceInstArea: 9885607
[INFO GPL-0025] IdealBinArea: 22256710
[INFO GPL-0026] IdealBinCnt: 15254
[INFO GPL-0027] TotalBinArea: 339525632000
[INFO GPL-0028] BinCnt: 64 64
[INFO GPL-0029] BinSize: 9200 9010
[INFO GPL-0030] NumBins: 4096
[NesterovSolve] Iter: 1 overflow: 0.993578 HPWL: 64379220
[NesterovSolve] Iter: 10 overflow: 0.970759 HPWL: 86245256
[NesterovSolve] Iter: 20 overflow: 0.960505 HPWL: 97376718
[NesterovSolve] Iter: 30 overflow: 0.953123 HPWL: 103747823
[NesterovSolve] Iter: 40 overflow: 0.94631 HPWL: 106954578
[NesterovSolve] Iter: 50 overflow: 0.940936 HPWL: 109084782
[NesterovSolve] Iter: 60 overflow: 0.936318 HPWL: 110988643
[NesterovSolve] Iter: 70 overflow: 0.933799 HPWL: 112426419
[NesterovSolve] Iter: 80 overflow: 0.932677 HPWL: 113227098
[NesterovSolve] Iter: 90 overflow: 0.932967 HPWL: 113640121
[NesterovSolve] Iter: 100 overflow: 0.933683 HPWL: 113987489
[NesterovSolve] Iter: 110 overflow: 0.933184 HPWL: 114423294
[NesterovSolve] Iter: 120 overflow: 0.932057 HPWL: 114982141
[NesterovSolve] Iter: 130 overflow: 0.930827 HPWL: 115650486
[NesterovSolve] Iter: 140 overflow: 0.929694 HPWL: 116361611
[NesterovSolve] Iter: 150 overflow: 0.928782 HPWL: 117077874
[NesterovSolve] Iter: 160 overflow: 0.927922 HPWL: 117912088
[NesterovSolve] Iter: 170 overflow: 0.926645 HPWL: 119164825
[NesterovSolve] Iter: 180 overflow: 0.924559 HPWL: 121333214
[NesterovSolve] Iter: 190 overflow: 0.92131 HPWL: 125003973
[NesterovSolve] Iter: 200 overflow: 0.91659 HPWL: 130841391
[NesterovSolve] Iter: 210 overflow: 0.907102 HPWL: 139407460
[NesterovSolve] Iter: 220 overflow: 0.893421 HPWL: 150999883
[NesterovSolve] Iter: 230 overflow: 0.875535 HPWL: 165453877
[NesterovSolve] Iter: 240 overflow: 0.854241 HPWL: 182189035
[NesterovSolve] Iter: 250 overflow: 0.826842 HPWL: 200723841
[NesterovSolve] Iter: 260 overflow: 0.796726 HPWL: 219974735
[INFO GPL-0100] worst slack 9.62e-09
[INFO GPL-0103] Weighted 1145 nets.
[NesterovSolve] Iter: 270 overflow: 0.762008 HPWL: 240293050
[NesterovSolve] Iter: 280 overflow: 0.725898 HPWL: 257251068
[NesterovSolve] Iter: 290 overflow: 0.684496 HPWL: 274841553
[NesterovSolve] Iter: 300 overflow: 0.63918 HPWL: 290973478
[INFO GPL-0100] worst slack 9.51e-09
[INFO GPL-0103] Weighted 1142 nets.
[NesterovSolve] Snapshot saved at iter = 308
[NesterovSolve] Iter: 310 overflow: 0.594 HPWL: 307184016
[NesterovSolve] Iter: 320 overflow: 0.551196 HPWL: 319820153
[NesterovSolve] Iter: 330 overflow: 0.503936 HPWL: 335519966
[INFO GPL-0100] worst slack 9.36e-09
[INFO GPL-0103] Weighted 1145 nets.
[NesterovSolve] Iter: 340 overflow: 0.454426 HPWL: 350566861
[NesterovSolve] Iter: 350 overflow: 0.409519 HPWL: 365387818
[NesterovSolve] Iter: 360 overflow: 0.365255 HPWL: 378072987
[NesterovSolve] Iter: 370 overflow: 0.325422 HPWL: 385961499
[NesterovSolve] Iter: 380 overflow: 0.299429 HPWL: 389671597
[INFO GPL-0100] worst slack 9.51e-09
[INFO GPL-0103] Weighted 1145 nets.
[NesterovSolve] Iter: 390 overflow: 0.267379 HPWL: 392039396
[NesterovSolve] Iter: 400 overflow: 0.237772 HPWL: 392878586
[NesterovSolve] Iter: 410 overflow: 0.211664 HPWL: 391959652
[INFO GPL-0100] worst slack 9.6e-09
[INFO GPL-0103] Weighted 1143 nets.
[INFO GPL-0075] Routability numCall: 1 inflationIterCnt: 1 bloatIterCnt: 0
[INFO GPL-0036] TileLxLy: 0 0
[INFO GPL-0037] TileSize: 6900 6900
[INFO GPL-0038] TileCnt: 86 86
[INFO GPL-0039] numRoutingLayers: 6
[INFO GPL-0040] NumTiles: 7396
[INFO GPL-0063] TotalRouteOverflowH2: 0.40000009536743164
[INFO GPL-0064] TotalRouteOverflowV2: 3.076191544532776
[INFO GPL-0065] OverflowTileCnt2: 31
[INFO GPL-0066] 0.5%RC: 1.0415701560071997
[INFO GPL-0067] 1.0%RC: 1.0207850780035999
[INFO GPL-0068] 2.0%RC: 1.0103925390017998
[INFO GPL-0069] 5.0%RC: 0.9955182062143705
[INFO GPL-0070] 0.5rcK: 1
[INFO GPL-0071] 1.0rcK: 1
[INFO GPL-0072] 2.0rcK: 0
[INFO GPL-0073] 5.0rcK: 0
[INFO GPL-0074] FinalRC: 1.0311776
[NesterovSolve] Iter: 420 overflow: 0.184477 HPWL: 390831579
[NesterovSolve] Iter: 430 overflow: 0.164318 HPWL: 388642026
[NesterovSolve] Iter: 440 overflow: 0.143292 HPWL: 385635633
[INFO GPL-0100] worst slack 9.71e-09
[INFO GPL-0103] Weighted 1145 nets.
[NesterovSolve] Iter: 450 overflow: 0.125386 HPWL: 383696550
[NesterovSolve] Iter: 460 overflow: 0.107575 HPWL: 381574690
[NesterovSolve] Finished with Overflow: 0.099404
[INFO] Setting RC values…
Setting global connections for newly added cells…
[INFO] Setting global connections...
Writing OpenROAD database to '/mnt/d/APIC/FIR_Openlane/Highpass/runs/RUN_2024-06-17_12-54-12/26-openroad-globalplacement/highpass.odb'…
Writing netlist to '/mnt/d/APIC/FIR_Openlane/Highpass/runs/RUN_2024-06-17_12-54-12/26-openroad-globalplacement/highpass.nl.v'…
Writing powered netlist to '/mnt/d/APIC/FIR_Openlane/Highpass/runs/RUN_2024-06-17_12-54-12/26-openroad-globalplacement/highpass.pnl.v'…
Writing layout to '/mnt/d/APIC/FIR_Openlane/Highpass/runs/RUN_2024-06-17_12-54-12/26-openroad-globalplacement/highpass.def'…
Writing timing constraints to '/mnt/d/APIC/FIR_Openlane/Highpass/runs/RUN_2024-06-17_12-54-12/26-openroad-globalplacement/highpass.sdc'…
